2021-07-20 09:34:56,479 - INFO - root - 


2021-07-20 09:34:56,479 - INFO - root - PROGRAM BEGINS
2021-07-20 09:34:56,479 - DEBUG - asyncio - Using proactor: IocpProactor
2021-07-20 09:34:56,719 - DEBUG - bleak.backends.dotnet.scanner - Received 47:C9:E7:16:A5:D5: Unknown.
2021-07-20 09:34:56,725 - DEBUG - bleak.backends.dotnet.scanner - Received 47:C9:E7:16:A5:D5: Unknown.
2021-07-20 09:34:56,839 - DEBUG - bleak.backends.dotnet.scanner - Received 75:E0:F6:EF:93:C0: Unknown.
2021-07-20 09:34:56,840 - DEBUG - bleak.backends.dotnet.scanner - Received 75:E0:F6:EF:93:C0: Unknown.
2021-07-20 09:34:56,959 - DEBUG - bleak.backends.dotnet.scanner - Received 56:49:8A:20:A7:18: Unknown.
2021-07-20 09:34:56,959 - DEBUG - bleak.backends.dotnet.scanner - Received 56:49:8A:20:A7:18: Unknown.
2021-07-20 09:34:57,063 - DEBUG - bleak.backends.dotnet.scanner - Received 56:49:8A:20:A7:18: Unknown.
2021-07-20 09:34:57,064 - DEBUG - bleak.backends.dotnet.scanner - Received 56:49:8A:20:A7:18: Unknown.
2021-07-20 09:34:57,298 - DEBUG - bleak.backends.dotnet.scanner - Received AC:BC:32:73:49:B3: Unknown.
2021-07-20 09:34:57,299 - DEBUG - bleak.backends.dotnet.scanner - Received AC:BC:32:73:49:B3: Unknown.
2021-07-20 09:34:57,300 - DEBUG - bleak.backends.dotnet.scanner - Received 38:5B:C9:29:6C:44: Unknown.
2021-07-20 09:34:57,312 - DEBUG - bleak.backends.dotnet.scanner - Received 56:49:8A:20:A7:18: Unknown.
2021-07-20 09:34:57,313 - DEBUG - bleak.backends.dotnet.scanner - Received 56:49:8A:20:A7:18: Unknown.
2021-07-20 09:34:57,419 - DEBUG - bleak.backends.dotnet.scanner - Received 56:49:8A:20:A7:18: Unknown.
2021-07-20 09:34:57,429 - DEBUG - bleak.backends.dotnet.scanner - Received 79:3B:39:16:8B:AB: Unknown.
2021-07-20 09:34:57,430 - DEBUG - bleak.backends.dotnet.scanner - Received 7C:9E:BD:EE:7A:82: Haptic Sleeve ML.
2021-07-20 09:34:57,431 - DEBUG - bleak.backends.dotnet.scanner - 7 devices found. Watcher status: 3.
2021-07-20 09:34:57,431 - DEBUG - bleak.backends.dotnet.client - Connecting to BLE device @ 7c:9e:bd:ee:7a:82
2021-07-20 09:35:00,975 - DEBUG - bleak.backends.dotnet.client - _ConnectionStatusChanged_Handler: 1
2021-07-20 09:35:00,975 - DEBUG - bleak.backends.dotnet.client - Get Services...
2021-07-20 09:35:01,030 - INFO - bleak.backends.dotnet.client - Services resolved for BleakClientDotNet (7c:9e:bd:ee:7a:82)
2021-07-20 09:35:01,759 - DEBUG - bleak.backends.dotnet.client - _ConnectionStatusChanged_Handler: 0
2021-07-20 09:35:03,894 - DEBUG - root - User: ML
2021-07-20 09:35:05,321 - DEBUG - root - Starting Learn To Write!
2021-07-20 09:35:05,362 - DEBUG - bleak.backends.dotnet.client - _ConnectionStatusChanged_Handler: 1
2021-07-20 09:35:05,959 - DEBUG - bleak.backends.dotnet.client - _ConnectionStatusChanged_Handler: 0
2021-07-20 09:35:08,059 - DEBUG - bleak.backends.dotnet.client - _ConnectionStatusChanged_Handler: 1
2021-07-20 09:35:18,357 - DEBUG - bleak.backends.dotnet.client - _ConnectionStatusChanged_Handler: 0
2021-07-20 09:35:21,540 - DEBUG - bleak.backends.dotnet.client - _ConnectionStatusChanged_Handler: 1
2021-07-20 09:35:22,159 - DEBUG - bleak.backends.dotnet.client - _ConnectionStatusChanged_Handler: 0
2021-07-20 09:35:23,754 - DEBUG - bleak.backends.dotnet.client - _ConnectionStatusChanged_Handler: 1
2021-07-20 09:35:24,379 - DEBUG - bleak.backends.dotnet.client - _ConnectionStatusChanged_Handler: 0
2021-07-20 09:35:27,419 - DEBUG - bleak.backends.dotnet.client - _ConnectionStatusChanged_Handler: 1
2021-07-20 09:35:27,979 - DEBUG - bleak.backends.dotnet.client - _ConnectionStatusChanged_Handler: 0
2021-07-20 09:35:31,097 - DEBUG - bleak.backends.dotnet.client - _ConnectionStatusChanged_Handler: 1
2021-07-20 09:35:31,639 - DEBUG - bleak.backends.dotnet.client - _ConnectionStatusChanged_Handler: 0
2021-07-20 09:35:36,261 - DEBUG - bleak.backends.dotnet.client - _ConnectionStatusChanged_Handler: 1
2021-07-20 09:35:36,859 - DEBUG - bleak.backends.dotnet.client - _ConnectionStatusChanged_Handler: 0
2021-07-20 09:35:39,462 - DEBUG - bleak.backends.dotnet.client - _ConnectionStatusChanged_Handler: 1
2021-07-20 09:35:40,040 - DEBUG - bleak.backends.dotnet.client - _ConnectionStatusChanged_Handler: 0
2021-07-20 09:35:47,190 - DEBUG - bleak.backends.dotnet.client - _ConnectionStatusChanged_Handler: 1
2021-07-20 09:35:47,780 - DEBUG - bleak.backends.dotnet.client - _ConnectionStatusChanged_Handler: 0
2021-07-20 09:35:49,880 - DEBUG - bleak.backends.dotnet.client - _ConnectionStatusChanged_Handler: 1
2021-07-20 09:35:50,420 - DEBUG - bleak.backends.dotnet.client - _ConnectionStatusChanged_Handler: 0
2021-07-20 09:35:53,523 - DEBUG - bleak.backends.dotnet.client - _ConnectionStatusChanged_Handler: 1
2021-07-20 09:35:54,080 - DEBUG - bleak.backends.dotnet.client - _ConnectionStatusChanged_Handler: 0
2021-07-20 09:36:01,234 - DEBUG - bleak.backends.dotnet.client - _ConnectionStatusChanged_Handler: 1
2021-07-20 09:36:01,880 - DEBUG - bleak.backends.dotnet.client - _ConnectionStatusChanged_Handler: 0
2021-07-20 09:36:03,928 - DEBUG - bleak.backends.dotnet.client - _ConnectionStatusChanged_Handler: 1
2021-07-20 09:36:04,520 - DEBUG - bleak.backends.dotnet.client - _ConnectionStatusChanged_Handler: 0
2021-07-20 09:36:29,895 - DEBUG - bleak.backends.dotnet.client - _ConnectionStatusChanged_Handler: 1
2021-07-20 09:36:30,440 - DEBUG - bleak.backends.dotnet.client - _ConnectionStatusChanged_Handler: 0
2021-07-20 09:36:33,550 - DEBUG - bleak.backends.dotnet.client - _ConnectionStatusChanged_Handler: 1
2021-07-20 09:36:34,100 - DEBUG - bleak.backends.dotnet.client - _ConnectionStatusChanged_Handler: 0
2021-07-20 09:36:34,683 - DEBUG - bleak.backends.dotnet.client - _ConnectionStatusChanged_Handler: 1
2021-07-20 09:36:35,240 - DEBUG - bleak.backends.dotnet.client - _ConnectionStatusChanged_Handler: 0
2021-07-20 09:36:38,349 - DEBUG - bleak.backends.dotnet.client - _ConnectionStatusChanged_Handler: 1
2021-07-20 09:36:38,900 - DEBUG - bleak.backends.dotnet.client - _ConnectionStatusChanged_Handler: 0
2021-07-20 09:36:42,003 - DEBUG - bleak.backends.dotnet.client - _ConnectionStatusChanged_Handler: 1
2021-07-20 09:36:42,560 - DEBUG - bleak.backends.dotnet.client - _ConnectionStatusChanged_Handler: 0
2021-07-20 09:36:47,176 - DEBUG - bleak.backends.dotnet.client - _ConnectionStatusChanged_Handler: 1
2021-07-20 09:36:47,720 - DEBUG - bleak.backends.dotnet.client - _ConnectionStatusChanged_Handler: 0
2021-07-20 09:36:52,338 - DEBUG - bleak.backends.dotnet.client - _ConnectionStatusChanged_Handler: 1
2021-07-20 09:36:52,880 - DEBUG - bleak.backends.dotnet.client - _ConnectionStatusChanged_Handler: 0
2021-07-20 09:36:55,989 - DEBUG - bleak.backends.dotnet.client - _ConnectionStatusChanged_Handler: 1
2021-07-20 09:36:56,540 - DEBUG - bleak.backends.dotnet.client - _ConnectionStatusChanged_Handler: 0
2021-07-20 09:37:01,149 - DEBUG - bleak.backends.dotnet.client - _ConnectionStatusChanged_Handler: 1
2021-07-20 09:37:01,700 - DEBUG - bleak.backends.dotnet.client - _ConnectionStatusChanged_Handler: 0
2021-07-20 09:37:04,817 - DEBUG - bleak.backends.dotnet.client - _ConnectionStatusChanged_Handler: 1
2021-07-20 09:37:05,360 - DEBUG - bleak.backends.dotnet.client - _ConnectionStatusChanged_Handler: 0
2021-07-20 09:37:08,462 - DEBUG - bleak.backends.dotnet.client - _ConnectionStatusChanged_Handler: 1
2021-07-20 09:37:09,021 - DEBUG - bleak.backends.dotnet.client - _ConnectionStatusChanged_Handler: 0
2021-07-20 09:37:14,148 - DEBUG - bleak.backends.dotnet.client - _ConnectionStatusChanged_Handler: 1
2021-07-20 09:37:14,780 - DEBUG - bleak.backends.dotnet.client - _ConnectionStatusChanged_Handler: 0
2021-07-20 09:37:15,868 - DEBUG - bleak.backends.dotnet.client - _ConnectionStatusChanged_Handler: 1
2021-07-20 09:37:16,460 - DEBUG - bleak.backends.dotnet.client - _ConnectionStatusChanged_Handler: 0
2021-07-20 09:37:18,047 - DEBUG - bleak.backends.dotnet.client - _ConnectionStatusChanged_Handler: 1
2021-07-20 09:37:18,620 - DEBUG - bleak.backends.dotnet.client - _ConnectionStatusChanged_Handler: 0
2021-07-20 09:37:21,728 - DEBUG - bleak.backends.dotnet.client - _ConnectionStatusChanged_Handler: 1
2021-07-20 09:37:22,280 - DEBUG - bleak.backends.dotnet.client - _ConnectionStatusChanged_Handler: 0
2021-07-20 09:37:25,397 - DEBUG - bleak.backends.dotnet.client - _ConnectionStatusChanged_Handler: 1
2021-07-20 09:37:25,941 - DEBUG - bleak.backends.dotnet.client - _ConnectionStatusChanged_Handler: 0
2021-07-20 09:37:26,526 - DEBUG - bleak.backends.dotnet.client - _ConnectionStatusChanged_Handler: 1
2021-07-20 09:37:27,080 - DEBUG - bleak.backends.dotnet.client - _ConnectionStatusChanged_Handler: 0
2021-07-20 09:37:30,181 - DEBUG - bleak.backends.dotnet.client - _ConnectionStatusChanged_Handler: 1
2021-07-20 09:37:41,600 - DEBUG - bleak.backends.dotnet.client - _ConnectionStatusChanged_Handler: 0
2021-07-20 09:37:46,708 - DEBUG - bleak.backends.dotnet.client - _ConnectionStatusChanged_Handler: 1
2021-07-20 09:37:47,301 - DEBUG - bleak.backends.dotnet.client - _ConnectionStatusChanged_Handler: 0
2021-07-20 09:37:54,430 - DEBUG - bleak.backends.dotnet.client - _ConnectionStatusChanged_Handler: 1
2021-07-20 09:37:54,981 - DEBUG - bleak.backends.dotnet.client - _ConnectionStatusChanged_Handler: 0
2021-07-20 09:37:59,089 - DEBUG - bleak.backends.dotnet.client - _ConnectionStatusChanged_Handler: 1
2021-07-20 09:37:59,901 - DEBUG - bleak.backends.dotnet.client - _ConnectionStatusChanged_Handler: 0
2021-07-20 09:38:07,547 - DEBUG - bleak.backends.dotnet.client - _ConnectionStatusChanged_Handler: 1
2021-07-20 09:38:08,121 - DEBUG - bleak.backends.dotnet.client - _ConnectionStatusChanged_Handler: 0
2021-07-20 09:38:10,220 - DEBUG - bleak.backends.dotnet.client - _ConnectionStatusChanged_Handler: 1
2021-07-20 09:38:10,881 - DEBUG - bleak.backends.dotnet.client - _ConnectionStatusChanged_Handler: 0
2021-07-20 09:38:12,918 - DEBUG - bleak.backends.dotnet.client - _ConnectionStatusChanged_Handler: 1
2021-07-20 09:38:13,461 - DEBUG - bleak.backends.dotnet.client - _ConnectionStatusChanged_Handler: 0
2021-07-20 09:38:17,571 - DEBUG - bleak.backends.dotnet.client - _ConnectionStatusChanged_Handler: 1
2021-07-20 09:38:18,381 - DEBUG - bleak.backends.dotnet.client - _ConnectionStatusChanged_Handler: 0
2021-07-20 09:38:20,920 - DEBUG - bleak.backends.dotnet.client - _ConnectionStatusChanged_Handler: 1
2021-07-20 09:38:21,501 - DEBUG - bleak.backends.dotnet.client - _ConnectionStatusChanged_Handler: 0
2021-07-20 09:38:27,621 - DEBUG - bleak.backends.dotnet.client - _ConnectionStatusChanged_Handler: 1
2021-07-20 09:38:28,161 - DEBUG - bleak.backends.dotnet.client - _ConnectionStatusChanged_Handler: 0
2021-07-20 09:38:32,792 - DEBUG - bleak.backends.dotnet.client - _ConnectionStatusChanged_Handler: 1
2021-07-20 09:38:33,501 - DEBUG - bleak.backends.dotnet.client - _ConnectionStatusChanged_Handler: 0
2021-07-20 09:38:43,664 - DEBUG - bleak.backends.dotnet.client - _ConnectionStatusChanged_Handler: 1
2021-07-20 09:38:44,241 - DEBUG - bleak.backends.dotnet.client - _ConnectionStatusChanged_Handler: 0
2021-07-20 09:38:47,352 - DEBUG - bleak.backends.dotnet.client - _ConnectionStatusChanged_Handler: 1
2021-07-20 09:38:47,722 - DEBUG - bleak.backends.dotnet.client - _ConnectionStatusChanged_Handler: 0
2021-07-20 09:38:52,924 - DEBUG - bleak.backends.dotnet.client - _ConnectionStatusChanged_Handler: 1
2021-07-20 09:38:53,542 - DEBUG - bleak.backends.dotnet.client - _ConnectionStatusChanged_Handler: 0
2021-07-20 09:38:56,645 - DEBUG - bleak.backends.dotnet.client - _ConnectionStatusChanged_Handler: 1
2021-07-20 09:38:57,202 - DEBUG - bleak.backends.dotnet.client - _ConnectionStatusChanged_Handler: 0
2021-07-20 09:39:01,323 - DEBUG - bleak.backends.dotnet.client - _ConnectionStatusChanged_Handler: 1
2021-07-20 09:39:01,882 - DEBUG - bleak.backends.dotnet.client - _ConnectionStatusChanged_Handler: 0
2021-07-20 09:39:05,495 - DEBUG - bleak.backends.dotnet.client - _ConnectionStatusChanged_Handler: 1
2021-07-20 09:39:06,082 - DEBUG - bleak.backends.dotnet.client - _ConnectionStatusChanged_Handler: 0
2021-07-20 09:39:17,257 - DEBUG - bleak.backends.dotnet.client - _ConnectionStatusChanged_Handler: 1
2021-07-20 09:39:17,842 - DEBUG - bleak.backends.dotnet.client - _ConnectionStatusChanged_Handler: 0
2021-07-20 09:39:21,438 - DEBUG - bleak.backends.dotnet.client - _ConnectionStatusChanged_Handler: 1
2021-07-20 09:39:21,936 - DEBUG - bleak.backends.dotnet.client - Disconnecting from BLE device...
