2021-08-09 14:51:05,362 - INFO - root - 


2021-08-09 14:51:05,362 - INFO - root - PROGRAM BEGINS
2021-08-09 14:51:08,943 - DEBUG - asyncio - Using proactor: IocpProactor
2021-08-09 14:51:09,220 - DEBUG - bleak.backends.dotnet.scanner - Received 38:68:A4:0D:FE:EB: Unknown.
2021-08-09 14:51:10,055 - DEBUG - bleak.backends.dotnet.scanner - Received 4A:96:5C:C6:C6:26: Unknown.
2021-08-09 14:51:10,290 - DEBUG - bleak.backends.dotnet.scanner - Received 77:C0:8D:24:5E:1E: Unknown.
2021-08-09 14:51:10,290 - DEBUG - bleak.backends.dotnet.scanner - Received 77:C0:8D:24:5E:1E: Unknown.
2021-08-09 14:51:10,754 - DEBUG - bleak.backends.dotnet.scanner - Received 3F:4D:6C:C6:F2:5D: Unknown.
2021-08-09 14:51:10,887 - DEBUG - bleak.backends.dotnet.scanner - Received 4A:96:5C:C6:C6:26: Unknown.
2021-08-09 14:51:10,887 - DEBUG - bleak.backends.dotnet.scanner - Received 4A:96:5C:C6:C6:26: Unknown.
2021-08-09 14:51:11,240 - DEBUG - bleak.backends.dotnet.scanner - Received 38:68:A4:0D:FE:EB: Unknown.
2021-08-09 14:51:11,712 - DEBUG - bleak.backends.dotnet.scanner - Received 4A:96:5C:C6:C6:26: Unknown.
2021-08-09 14:51:11,713 - DEBUG - bleak.backends.dotnet.scanner - Received 4A:96:5C:C6:C6:26: Unknown.
2021-08-09 14:51:11,941 - DEBUG - bleak.backends.dotnet.scanner - Received 7C:9E:BD:EE:7A:82: Haptic Sleeve ML.
2021-08-09 14:51:11,942 - DEBUG - bleak.backends.dotnet.scanner - Received 7C:9E:BD:EE:7A:82: Unknown.
2021-08-09 14:51:11,942 - DEBUG - bleak.backends.dotnet.scanner - 5 devices found. Watcher status: 3.
2021-08-09 14:51:11,942 - DEBUG - bleak.backends.dotnet.client - Connecting to BLE device @ 7c:9e:bd:ee:7a:82
2021-08-09 14:51:20,012 - DEBUG - bleak.backends.dotnet.client - _ConnectionStatusChanged_Handler: 1
2021-08-09 14:51:20,013 - DEBUG - bleak.backends.dotnet.client - Get Services...
2021-08-09 14:51:20,065 - INFO - bleak.backends.dotnet.client - Services resolved for BleakClientDotNet (7c:9e:bd:ee:7a:82)
2021-08-09 14:51:27,002 - INFO - root - x = 524, y = 124, Radius = 98.69430541992188
2021-08-09 14:51:27,002 - INFO - root - Decision Window: xRange = 489, 502,  yRange = 129, 89
2021-08-09 14:51:27,002 - INFO - root - Distance = 0, direction = 0, Win# 0
2021-08-09 14:51:27,166 - DEBUG - bleak.backends.dotnet.client - Write Characteristic 6e400002-b5a3-f393-e0a9-e50e24dcca9e : bytearray(b'1,2')
2021-08-09 14:51:27,194 - INFO - root - x = 535, y = 121, Radius = 94.69537353515625
2021-08-09 14:51:27,194 - INFO - root - Decision Window: xRange = 489, 502,  yRange = 129, 89
2021-08-09 14:51:27,194 - INFO - root - Distance = 0, direction = 0, Win# 0
2021-08-09 14:51:27,285 - DEBUG - bleak.backends.dotnet.client - Write Characteristic 6e400002-b5a3-f393-e0a9-e50e24dcca9e : bytearray(b'1,2')
2021-08-09 14:51:27,304 - INFO - root - x = 521, y = 116, Radius = 88.18513488769531
2021-08-09 14:51:27,304 - INFO - root - Decision Window: xRange = 489, 502,  yRange = 129, 89
2021-08-09 14:51:27,304 - INFO - root - Distance = 0, direction = 0, Win# 0
2021-08-09 14:51:27,405 - DEBUG - bleak.backends.dotnet.client - Write Characteristic 6e400002-b5a3-f393-e0a9-e50e24dcca9e : bytearray(b'1,2')
2021-08-09 14:51:27,441 - INFO - root - x = 499, y = 110, Radius = 81.34626007080078
2021-08-09 14:51:27,441 - INFO - root - Decision Window: xRange = 489, 502,  yRange = 129, 89
2021-08-09 14:51:27,441 - INFO - root - Distance = 0, direction = 0, Win# 0
2021-08-09 14:51:27,525 - DEBUG - bleak.backends.dotnet.client - Write Characteristic 6e400002-b5a3-f393-e0a9-e50e24dcca9e : bytearray(b'1,2')
2021-08-09 14:51:27,570 - INFO - root - x = 501, y = 111, Radius = 83.41949462890625
2021-08-09 14:51:27,570 - INFO - root - Decision Window: xRange = 489, 502,  yRange = 129, 89
2021-08-09 14:51:27,570 - INFO - root - Distance = 0, direction = 0, Win# 0
2021-08-09 14:51:27,645 - DEBUG - bleak.backends.dotnet.client - Write Characteristic 6e400002-b5a3-f393-e0a9-e50e24dcca9e : bytearray(b'1,2')
2021-08-09 14:51:27,674 - INFO - root - x = 505, y = 113, Radius = 83.5153579711914
2021-08-09 14:51:27,674 - INFO - root - Decision Window: xRange = 489, 502,  yRange = 129, 89
2021-08-09 14:51:27,674 - INFO - root - Distance = 0, direction = 0, Win# 0
2021-08-09 14:51:27,765 - DEBUG - bleak.backends.dotnet.client - Write Characteristic 6e400002-b5a3-f393-e0a9-e50e24dcca9e : bytearray(b'1,2')
2021-08-09 14:51:27,802 - INFO - root - x = 498, y = 111, Radius = 83.12310028076172
2021-08-09 14:51:27,802 - INFO - root - Decision Window: xRange = 489, 502,  yRange = 129, 89
2021-08-09 14:51:27,802 - INFO - root - Distance = 0, direction = 0, Win# 0
2021-08-09 14:51:27,885 - DEBUG - bleak.backends.dotnet.client - Write Characteristic 6e400002-b5a3-f393-e0a9-e50e24dcca9e : bytearray(b'1,2')
2021-08-09 14:51:27,921 - INFO - root - x = 495, y = 111, Radius = 82.72148895263672
2021-08-09 14:51:27,922 - INFO - root - Decision Window: xRange = 489, 502,  yRange = 129, 89
2021-08-09 14:51:27,922 - INFO - root - Distance = 0, direction = 0, Win# 0
2021-08-09 14:51:28,006 - DEBUG - bleak.backends.dotnet.client - Write Characteristic 6e400002-b5a3-f393-e0a9-e50e24dcca9e : bytearray(b'1,2')
2021-08-09 14:51:28,045 - INFO - root - x = 503, y = 114, Radius = 86.49407958984375
2021-08-09 14:51:28,045 - INFO - root - Decision Window: xRange = 489, 502,  yRange = 129, 89
2021-08-09 14:51:28,045 - INFO - root - Distance = 0, direction = 0, Win# 0
2021-08-09 14:51:28,185 - DEBUG - bleak.backends.dotnet.client - Write Characteristic 6e400002-b5a3-f393-e0a9-e50e24dcca9e : bytearray(b'1,2')
2021-08-09 14:51:28,220 - INFO - root - x = 501, y = 112, Radius = 82.77532196044922
2021-08-09 14:51:28,220 - INFO - root - Decision Window: xRange = 489, 502,  yRange = 129, 89
2021-08-09 14:51:28,220 - INFO - root - Distance = 0, direction = 0, Win# 0
2021-08-09 14:51:28,305 - DEBUG - bleak.backends.dotnet.client - Write Characteristic 6e400002-b5a3-f393-e0a9-e50e24dcca9e : bytearray(b'1,2')
2021-08-09 14:51:28,340 - INFO - root - x = 505, y = 114, Radius = 85.32220458984375
2021-08-09 14:51:28,340 - INFO - root - Decision Window: xRange = 489, 502,  yRange = 129, 89
2021-08-09 14:51:28,340 - INFO - root - Distance = 0, direction = 0, Win# 0
2021-08-09 14:51:28,425 - DEBUG - bleak.backends.dotnet.client - Write Characteristic 6e400002-b5a3-f393-e0a9-e50e24dcca9e : bytearray(b'1,2')
2021-08-09 14:51:28,462 - INFO - root - x = 512, y = 110, Radius = 82.50772094726562
2021-08-09 14:51:28,462 - INFO - root - Decision Window: xRange = 489, 502,  yRange = 129, 89
2021-08-09 14:51:28,462 - INFO - root - Distance = 0, direction = 0, Win# 0
2021-08-09 14:51:28,546 - DEBUG - bleak.backends.dotnet.client - Write Characteristic 6e400002-b5a3-f393-e0a9-e50e24dcca9e : bytearray(b'1,2')
2021-08-09 14:51:28,572 - INFO - root - x = 503, y = 105, Radius = 79.25727081298828
2021-08-09 14:51:28,572 - INFO - root - Decision Window: xRange = 489, 502,  yRange = 129, 89
2021-08-09 14:51:28,572 - INFO - root - Distance = 0, direction = 0, Win# 0
2021-08-09 14:51:28,665 - DEBUG - bleak.backends.dotnet.client - Write Characteristic 6e400002-b5a3-f393-e0a9-e50e24dcca9e : bytearray(b'1,2')
2021-08-09 14:51:28,699 - INFO - root - x = 489, y = 101, Radius = 74.042724609375
2021-08-09 14:51:28,700 - INFO - root - Decision Window: xRange = 489, 502,  yRange = 129, 89
2021-08-09 14:51:28,700 - INFO - root - Distance = 3, direction = 3, Win# 0
2021-08-09 14:51:28,785 - DEBUG - bleak.backends.dotnet.client - Write Characteristic 6e400002-b5a3-f393-e0a9-e50e24dcca9e : bytearray(b'3,0')
2021-08-09 14:51:28,824 - INFO - root - x = 467, y = 96, Radius = 69.97118377685547
2021-08-09 14:51:28,824 - INFO - root - Decision Window: xRange = 489, 502,  yRange = 129, 89
2021-08-09 14:51:28,824 - INFO - root - Distance = 23, direction = 4, Win# 0
2021-08-09 14:51:28,905 - DEBUG - bleak.backends.dotnet.client - Write Characteristic 6e400002-b5a3-f393-e0a9-e50e24dcca9e : bytearray(b'4,0')
2021-08-09 14:51:28,946 - INFO - root - x = 468, y = 93, Radius = 68.51294708251953
2021-08-09 14:51:28,946 - INFO - root - Decision Window: xRange = 489, 502,  yRange = 129, 89
2021-08-09 14:51:28,946 - INFO - root - Distance = 23, direction = 4, Win# 0
2021-08-09 14:51:29,085 - DEBUG - bleak.backends.dotnet.client - Write Characteristic 6e400002-b5a3-f393-e0a9-e50e24dcca9e : bytearray(b'4,0')
2021-08-09 14:51:29,122 - INFO - root - x = 464, y = 92, Radius = 68.49185943603516
2021-08-09 14:51:29,123 - INFO - root - Decision Window: xRange = 489, 502,  yRange = 129, 89
2021-08-09 14:51:29,123 - INFO - root - Distance = 27, direction = 4, Win# 0
2021-08-09 14:51:29,205 - DEBUG - bleak.backends.dotnet.client - Write Characteristic 6e400002-b5a3-f393-e0a9-e50e24dcca9e : bytearray(b'4,0')
2021-08-09 14:51:29,243 - INFO - root - x = 460, y = 93, Radius = 69.1759262084961
2021-08-09 14:51:29,243 - INFO - root - Decision Window: xRange = 489, 502,  yRange = 129, 89
2021-08-09 14:51:29,243 - INFO - root - Distance = 31, direction = 4, Win# 0
2021-08-09 14:51:29,325 - DEBUG - bleak.backends.dotnet.client - Write Characteristic 6e400002-b5a3-f393-e0a9-e50e24dcca9e : bytearray(b'4,0')
2021-08-09 14:51:29,347 - INFO - root - x = 473, y = 95, Radius = 68.84772491455078
2021-08-09 14:51:29,347 - INFO - root - Decision Window: xRange = 489, 502,  yRange = 129, 89
2021-08-09 14:51:29,347 - INFO - root - Distance = 18, direction = 4, Win# 0
2021-08-09 14:51:29,445 - DEBUG - bleak.backends.dotnet.client - Write Characteristic 6e400002-b5a3-f393-e0a9-e50e24dcca9e : bytearray(b'4,0')
2021-08-09 14:51:29,486 - INFO - root - x = 484, y = 95, Radius = 69.3953628540039
2021-08-09 14:51:29,487 - INFO - root - Decision Window: xRange = 489, 502,  yRange = 129, 89
2021-08-09 14:51:29,487 - INFO - root - Distance = 10, direction = 3, Win# 0
2021-08-09 14:51:29,565 - DEBUG - bleak.backends.dotnet.client - Write Characteristic 6e400002-b5a3-f393-e0a9-e50e24dcca9e : bytearray(b'3,0')
2021-08-09 14:51:29,608 - INFO - root - x = 491, y = 94, Radius = 69.85460662841797
2021-08-09 14:51:29,609 - INFO - root - Decision Window: xRange = 489, 502,  yRange = 129, 89
2021-08-09 14:51:29,609 - INFO - root - Distance = 10, direction = 3, Win# 0
2021-08-09 14:51:29,685 - DEBUG - bleak.backends.dotnet.client - Write Characteristic 6e400002-b5a3-f393-e0a9-e50e24dcca9e : bytearray(b'3,0')
2021-08-09 14:51:29,716 - INFO - root - x = 494, y = 96, Radius = 70.08793640136719
2021-08-09 14:51:29,716 - INFO - root - Decision Window: xRange = 489, 502,  yRange = 129, 89
2021-08-09 14:51:29,716 - INFO - root - Distance = 9, direction = 3, Win# 0
2021-08-09 14:51:29,805 - DEBUG - bleak.backends.dotnet.client - Write Characteristic 6e400002-b5a3-f393-e0a9-e50e24dcca9e : bytearray(b'3,0')
2021-08-09 14:51:29,823 - INFO - root - x = 488, y = 94, Radius = 69.47512817382812
2021-08-09 14:51:29,823 - INFO - root - Decision Window: xRange = 489, 502,  yRange = 129, 89
2021-08-09 14:51:29,823 - INFO - root - Distance = 10, direction = 3, Win# 0
2021-08-09 14:51:29,925 - DEBUG - bleak.backends.dotnet.client - Write Characteristic 6e400002-b5a3-f393-e0a9-e50e24dcca9e : bytearray(b'3,0')
2021-08-09 14:51:29,963 - INFO - root - x = 476, y = 92, Radius = 68.57095336914062
2021-08-09 14:51:29,964 - INFO - root - Decision Window: xRange = 489, 502,  yRange = 129, 89
2021-08-09 14:51:29,964 - INFO - root - Distance = 17, direction = 4, Win# 0
2021-08-09 14:51:30,046 - DEBUG - bleak.backends.dotnet.client - Write Characteristic 6e400002-b5a3-f393-e0a9-e50e24dcca9e : bytearray(b'4,0')
2021-08-09 14:51:30,089 - INFO - root - x = 469, y = 91, Radius = 68.3211441040039
2021-08-09 14:51:30,089 - INFO - root - Decision Window: xRange = 489, 502,  yRange = 129, 89
2021-08-09 14:51:30,089 - INFO - root - Distance = 23, direction = 4, Win# 0
2021-08-09 14:51:30,166 - DEBUG - bleak.backends.dotnet.client - Write Characteristic 6e400002-b5a3-f393-e0a9-e50e24dcca9e : bytearray(b'4,0')
2021-08-09 14:51:30,195 - INFO - root - x = 470, y = 91, Radius = 68.69432067871094
2021-08-09 14:51:30,195 - INFO - root - Decision Window: xRange = 489, 502,  yRange = 129, 89
2021-08-09 14:51:30,196 - INFO - root - Distance = 23, direction = 4, Win# 0
2021-08-09 14:51:30,285 - DEBUG - bleak.backends.dotnet.client - Write Characteristic 6e400002-b5a3-f393-e0a9-e50e24dcca9e : bytearray(b'4,0')
2021-08-09 14:51:30,316 - INFO - root - x = 477, y = 94, Radius = 70.70500946044922
2021-08-09 14:51:30,316 - INFO - root - Decision Window: xRange = 489, 502,  yRange = 129, 89
2021-08-09 14:51:30,316 - INFO - root - Distance = 15, direction = 4, Win# 0
2021-08-09 14:51:30,465 - DEBUG - bleak.backends.dotnet.client - Write Characteristic 6e400002-b5a3-f393-e0a9-e50e24dcca9e : bytearray(b'4,0')
2021-08-09 14:51:30,504 - INFO - root - x = 476, y = 94, Radius = 69.45584869384766
2021-08-09 14:51:30,505 - INFO - root - Decision Window: xRange = 489, 502,  yRange = 129, 89
2021-08-09 14:51:30,505 - INFO - root - Distance = 16, direction = 4, Win# 0
2021-08-09 14:51:30,585 - DEBUG - bleak.backends.dotnet.client - Write Characteristic 6e400002-b5a3-f393-e0a9-e50e24dcca9e : bytearray(b'4,0')
2021-08-09 14:51:30,626 - INFO - root - x = 483, y = 98, Radius = 72.74650573730469
2021-08-09 14:51:30,626 - INFO - root - Decision Window: xRange = 489, 502,  yRange = 129, 89
2021-08-09 14:51:30,626 - INFO - root - Distance = 8, direction = 3, Win# 0
2021-08-09 14:51:30,706 - DEBUG - bleak.backends.dotnet.client - Write Characteristic 6e400002-b5a3-f393-e0a9-e50e24dcca9e : bytearray(b'3,0')
2021-08-09 14:51:30,746 - INFO - root - x = 496, y = 103, Radius = 77.72055053710938
2021-08-09 14:51:30,746 - INFO - root - Decision Window: xRange = 489, 502,  yRange = 129, 89
2021-08-09 14:51:30,746 - INFO - root - Distance = 0, direction = 0, Win# 0
2021-08-09 14:51:30,825 - DEBUG - bleak.backends.dotnet.client - Write Characteristic 6e400002-b5a3-f393-e0a9-e50e24dcca9e : bytearray(b'1,2')
2021-08-09 14:51:30,855 - INFO - root - x = 496, y = 105, Radius = 79.75582122802734
2021-08-09 14:51:30,855 - INFO - root - Decision Window: xRange = 489, 502,  yRange = 129, 89
2021-08-09 14:51:30,855 - INFO - root - Distance = 0, direction = 0, Win# 0
2021-08-09 14:51:30,945 - DEBUG - bleak.backends.dotnet.client - Write Characteristic 6e400002-b5a3-f393-e0a9-e50e24dcca9e : bytearray(b'1,2')
2021-08-09 14:51:30,979 - INFO - root - x = 486, y = 106, Radius = 78.77726745605469
2021-08-09 14:51:30,980 - INFO - root - Decision Window: xRange = 489, 502,  yRange = 129, 89
2021-08-09 14:51:30,980 - INFO - root - Distance = 3, direction = 4, Win# 0
2021-08-09 14:51:31,066 - DEBUG - bleak.backends.dotnet.client - Write Characteristic 6e400002-b5a3-f393-e0a9-e50e24dcca9e : bytearray(b'4,0')
2021-08-09 14:51:31,105 - INFO - root - x = 475, y = 103, Radius = 77.30642700195312
2021-08-09 14:51:31,105 - INFO - root - Decision Window: xRange = 489, 502,  yRange = 129, 89
2021-08-09 14:51:31,105 - INFO - root - Distance = 14, direction = 4, Win# 0
2021-08-09 14:51:31,186 - DEBUG - bleak.backends.dotnet.client - Write Characteristic 6e400002-b5a3-f393-e0a9-e50e24dcca9e : bytearray(b'4,0')
2021-08-09 14:51:31,226 - INFO - root - x = 476, y = 103, Radius = 77.97591400146484
2021-08-09 14:51:31,226 - INFO - root - Decision Window: xRange = 489, 502,  yRange = 129, 89
2021-08-09 14:51:31,226 - INFO - root - Distance = 13, direction = 4, Win# 0
2021-08-09 14:51:31,305 - DEBUG - bleak.backends.dotnet.client - Write Characteristic 6e400002-b5a3-f393-e0a9-e50e24dcca9e : bytearray(b'4,0')
2021-08-09 14:51:31,336 - INFO - root - x = 487, y = 104, Radius = 79.29796600341797
2021-08-09 14:51:31,336 - INFO - root - Decision Window: xRange = 489, 502,  yRange = 129, 89
2021-08-09 14:51:31,336 - INFO - root - Distance = 0, direction = 0, Win# 0
2021-08-09 14:51:31,425 - DEBUG - bleak.backends.dotnet.client - Write Characteristic 6e400002-b5a3-f393-e0a9-e50e24dcca9e : bytearray(b'1,2')
2021-08-09 14:51:31,456 - INFO - root - x = 495, y = 107, Radius = 80.35365295410156
2021-08-09 14:51:31,456 - INFO - root - Decision Window: xRange = 489, 502,  yRange = 129, 89
2021-08-09 14:51:31,456 - INFO - root - Distance = 0, direction = 0, Win# 0
2021-08-09 14:51:31,545 - DEBUG - bleak.backends.dotnet.client - Write Characteristic 6e400002-b5a3-f393-e0a9-e50e24dcca9e : bytearray(b'1,2')
2021-08-09 14:51:31,583 - INFO - root - x = 485, y = 106, Radius = 79.9586181640625
2021-08-09 14:51:31,583 - INFO - root - Decision Window: xRange = 489, 502,  yRange = 129, 89
2021-08-09 14:51:31,583 - INFO - root - Distance = 4, direction = 4, Win# 0
2021-08-09 14:51:31,665 - DEBUG - bleak.backends.dotnet.client - Write Characteristic 6e400002-b5a3-f393-e0a9-e50e24dcca9e : bytearray(b'4,0')
2021-08-09 14:51:31,692 - INFO - root - x = 469, y = 103, Radius = 77.16365814208984
2021-08-09 14:51:31,692 - INFO - root - Decision Window: xRange = 489, 502,  yRange = 129, 89
2021-08-09 14:51:31,692 - INFO - root - Distance = 20, direction = 4, Win# 0
2021-08-09 14:51:31,785 - DEBUG - bleak.backends.dotnet.client - Write Characteristic 6e400002-b5a3-f393-e0a9-e50e24dcca9e : bytearray(b'4,0')
2021-08-09 14:51:31,829 - INFO - root - x = 477, y = 105, Radius = 78.53268432617188
2021-08-09 14:51:31,829 - INFO - root - Decision Window: xRange = 489, 502,  yRange = 129, 89
2021-08-09 14:51:31,829 - INFO - root - Distance = 12, direction = 4, Win# 0
2021-08-09 14:51:31,906 - DEBUG - bleak.backends.dotnet.client - Write Characteristic 6e400002-b5a3-f393-e0a9-e50e24dcca9e : bytearray(b'4,0')
2021-08-09 14:51:31,938 - INFO - root - x = 502, y = 109, Radius = 82.25259399414062
2021-08-09 14:51:31,938 - INFO - root - Decision Window: xRange = 489, 502,  yRange = 129, 89
2021-08-09 14:51:31,938 - INFO - root - Distance = 0, direction = 0, Win# 0
2021-08-09 14:51:32,025 - DEBUG - bleak.backends.dotnet.client - Write Characteristic 6e400002-b5a3-f393-e0a9-e50e24dcca9e : bytearray(b'1,2')
2021-08-09 14:51:32,058 - INFO - root - x = 508, y = 108, Radius = 82.19781494140625
2021-08-09 14:51:32,058 - INFO - root - Decision Window: xRange = 489, 502,  yRange = 129, 89
2021-08-09 14:51:32,058 - INFO - root - Distance = 0, direction = 0, Win# 0
2021-08-09 14:51:32,146 - DEBUG - bleak.backends.dotnet.client - Write Characteristic 6e400002-b5a3-f393-e0a9-e50e24dcca9e : bytearray(b'1,2')
2021-08-09 14:51:32,184 - INFO - root - x = 484, y = 105, Radius = 79.13560485839844
2021-08-09 14:51:32,184 - INFO - root - Decision Window: xRange = 489, 502,  yRange = 129, 89
2021-08-09 14:51:32,184 - INFO - root - Distance = 5, direction = 4, Win# 0
2021-08-09 14:51:32,266 - DEBUG - bleak.backends.dotnet.client - Write Characteristic 6e400002-b5a3-f393-e0a9-e50e24dcca9e : bytearray(b'4,0')
2021-08-09 14:51:32,311 - INFO - root - x = 482, y = 106, Radius = 79.56657409667969
2021-08-09 14:51:32,311 - INFO - root - Decision Window: xRange = 489, 502,  yRange = 129, 89
2021-08-09 14:51:32,311 - INFO - root - Distance = 7, direction = 4, Win# 0
2021-08-09 14:51:32,385 - DEBUG - bleak.backends.dotnet.client - Write Characteristic 6e400002-b5a3-f393-e0a9-e50e24dcca9e : bytearray(b'4,0')
2021-08-09 14:51:32,417 - INFO - root - x = 483, y = 107, Radius = 80.71360778808594
2021-08-09 14:51:32,417 - INFO - root - Decision Window: xRange = 489, 502,  yRange = 129, 89
2021-08-09 14:51:32,417 - INFO - root - Distance = 6, direction = 4, Win# 0
2021-08-09 14:51:32,505 - DEBUG - bleak.backends.dotnet.client - Write Characteristic 6e400002-b5a3-f393-e0a9-e50e24dcca9e : bytearray(b'4,0')
2021-08-09 14:51:32,526 - INFO - root - x = 484, y = 106, Radius = 79.09062957763672
2021-08-09 14:51:32,526 - INFO - root - Decision Window: xRange = 489, 502,  yRange = 129, 89
2021-08-09 14:51:32,526 - INFO - root - Distance = 5, direction = 4, Win# 0
2021-08-09 14:51:32,686 - DEBUG - bleak.backends.dotnet.client - Write Characteristic 6e400002-b5a3-f393-e0a9-e50e24dcca9e : bytearray(b'4,0')
2021-08-09 14:51:32,724 - INFO - root - x = 496, y = 109, Radius = 80.79619598388672
2021-08-09 14:51:32,724 - INFO - root - Decision Window: xRange = 489, 502,  yRange = 129, 89
2021-08-09 14:51:32,724 - INFO - root - Distance = 0, direction = 0, Win# 0
2021-08-09 14:51:32,806 - DEBUG - bleak.backends.dotnet.client - Write Characteristic 6e400002-b5a3-f393-e0a9-e50e24dcca9e : bytearray(b'1,2')
2021-08-09 14:51:32,845 - INFO - root - x = 505, y = 109, Radius = 82.01094055175781
2021-08-09 14:51:32,845 - INFO - root - Decision Window: xRange = 489, 502,  yRange = 129, 89
2021-08-09 14:51:32,845 - INFO - root - Distance = 0, direction = 0, Win# 0
2021-08-09 14:51:32,925 - DEBUG - bleak.backends.dotnet.client - Write Characteristic 6e400002-b5a3-f393-e0a9-e50e24dcca9e : bytearray(b'1,2')
2021-08-09 14:51:32,955 - INFO - root - x = 497, y = 106, Radius = 78.88707733154297
2021-08-09 14:51:32,955 - INFO - root - Decision Window: xRange = 489, 502,  yRange = 129, 89
2021-08-09 14:51:32,955 - INFO - root - Distance = 0, direction = 0, Win# 0
2021-08-09 14:51:33,045 - DEBUG - bleak.backends.dotnet.client - Write Characteristic 6e400002-b5a3-f393-e0a9-e50e24dcca9e : bytearray(b'1,2')
2021-08-09 14:51:33,074 - INFO - root - x = 497, y = 109, Radius = 83.39859008789062
2021-08-09 14:51:33,074 - INFO - root - Decision Window: xRange = 489, 502,  yRange = 129, 89
2021-08-09 14:51:33,074 - INFO - root - Distance = 0, direction = 0, Win# 0
2021-08-09 14:51:33,165 - DEBUG - bleak.backends.dotnet.client - Write Characteristic 6e400002-b5a3-f393-e0a9-e50e24dcca9e : bytearray(b'1,2')
2021-08-09 14:51:33,198 - INFO - root - x = 490, y = 111, Radius = 82.89382934570312
2021-08-09 14:51:33,198 - INFO - root - Decision Window: xRange = 489, 502,  yRange = 129, 89
2021-08-09 14:51:33,198 - INFO - root - Distance = 0, direction = 0, Win# 0
2021-08-09 14:51:33,285 - DEBUG - bleak.backends.dotnet.client - Write Characteristic 6e400002-b5a3-f393-e0a9-e50e24dcca9e : bytearray(b'1,2')
2021-08-09 14:51:33,323 - INFO - root - x = 487, y = 111, Radius = 82.97441101074219
2021-08-09 14:51:33,323 - INFO - root - Decision Window: xRange = 489, 502,  yRange = 129, 89
2021-08-09 14:51:33,323 - INFO - root - Distance = 0, direction = 0, Win# 0
2021-08-09 14:51:33,405 - DEBUG - bleak.backends.dotnet.client - Write Characteristic 6e400002-b5a3-f393-e0a9-e50e24dcca9e : bytearray(b'1,2')
2021-08-09 14:51:33,450 - INFO - root - x = 483, y = 109, Radius = 82.27645111083984
2021-08-09 14:51:33,450 - INFO - root - Decision Window: xRange = 489, 502,  yRange = 129, 89
2021-08-09 14:51:33,450 - INFO - root - Distance = 7, direction = 4, Win# 0
2021-08-09 14:51:33,526 - DEBUG - bleak.backends.dotnet.client - Write Characteristic 6e400002-b5a3-f393-e0a9-e50e24dcca9e : bytearray(b'4,0')
2021-08-09 14:51:33,561 - INFO - root - x = 472, y = 106, Radius = 80.3738021850586
2021-08-09 14:51:33,562 - INFO - root - Decision Window: xRange = 489, 502,  yRange = 129, 89
2021-08-09 14:51:33,562 - INFO - root - Distance = 17, direction = 4, Win# 0
2021-08-09 14:51:33,645 - DEBUG - bleak.backends.dotnet.client - Write Characteristic 6e400002-b5a3-f393-e0a9-e50e24dcca9e : bytearray(b'4,0')
2021-08-09 14:51:33,663 - INFO - root - x = 448, y = 101, Radius = 76.580810546875
2021-08-09 14:51:33,663 - INFO - root - Decision Window: xRange = 489, 502,  yRange = 129, 89
2021-08-09 14:51:33,663 - INFO - root - Distance = 41, direction = 4, Win# 0
2021-08-09 14:51:33,765 - DEBUG - bleak.backends.dotnet.client - Write Characteristic 6e400002-b5a3-f393-e0a9-e50e24dcca9e : bytearray(b'4,0')
2021-08-09 14:51:33,803 - INFO - root - x = 446, y = 101, Radius = 77.25333404541016
2021-08-09 14:51:33,804 - INFO - root - Decision Window: xRange = 489, 502,  yRange = 129, 89
2021-08-09 14:51:33,804 - INFO - root - Distance = 43, direction = 4, Win# 0
2021-08-09 14:51:33,885 - DEBUG - bleak.backends.dotnet.client - Write Characteristic 6e400002-b5a3-f393-e0a9-e50e24dcca9e : bytearray(b'4,0')
2021-08-09 14:51:33,901 - INFO - root - x = 454, y = 103, Radius = 77.53572082519531
2021-08-09 14:51:33,901 - INFO - root - Decision Window: xRange = 489, 502,  yRange = 129, 89
2021-08-09 14:51:33,901 - INFO - root - Distance = 35, direction = 4, Win# 0
2021-08-09 14:51:34,006 - DEBUG - bleak.backends.dotnet.client - Write Characteristic 6e400002-b5a3-f393-e0a9-e50e24dcca9e : bytearray(b'4,0')
2021-08-09 14:51:34,035 - INFO - root - x = 470, y = 107, Radius = 79.67977142333984
2021-08-09 14:51:34,035 - INFO - root - Decision Window: xRange = 489, 502,  yRange = 129, 89
2021-08-09 14:51:34,035 - INFO - root - Distance = 19, direction = 4, Win# 0
2021-08-09 14:51:34,186 - DEBUG - bleak.backends.dotnet.client - Write Characteristic 6e400002-b5a3-f393-e0a9-e50e24dcca9e : bytearray(b'4,0')
2021-08-09 14:51:34,220 - INFO - root - x = 481, y = 109, Radius = 82.22196960449219
2021-08-09 14:51:34,220 - INFO - root - Decision Window: xRange = 489, 502,  yRange = 129, 89
2021-08-09 14:51:34,220 - INFO - root - Distance = 8, direction = 4, Win# 0
2021-08-09 14:51:34,306 - DEBUG - bleak.backends.dotnet.client - Write Characteristic 6e400002-b5a3-f393-e0a9-e50e24dcca9e : bytearray(b'4,0')
2021-08-09 14:51:34,345 - INFO - root - x = 483, y = 110, Radius = 83.66156768798828
2021-08-09 14:51:34,346 - INFO - root - Decision Window: xRange = 489, 502,  yRange = 129, 89
2021-08-09 14:51:34,346 - INFO - root - Distance = 7, direction = 4, Win# 0
2021-08-09 14:51:34,425 - DEBUG - bleak.backends.dotnet.client - Write Characteristic 6e400002-b5a3-f393-e0a9-e50e24dcca9e : bytearray(b'4,0')
2021-08-09 14:51:34,468 - INFO - root - x = 485, y = 111, Radius = 83.23652648925781
2021-08-09 14:51:34,468 - INFO - root - Decision Window: xRange = 489, 502,  yRange = 129, 89
2021-08-09 14:51:34,468 - INFO - root - Distance = 7, direction = 4, Win# 0
2021-08-09 14:51:34,545 - DEBUG - bleak.backends.dotnet.client - Write Characteristic 6e400002-b5a3-f393-e0a9-e50e24dcca9e : bytearray(b'4,0')
2021-08-09 14:51:34,563 - INFO - root - x = 485, y = 111, Radius = 83.67028045654297
2021-08-09 14:51:34,563 - INFO - root - Decision Window: xRange = 489, 502,  yRange = 129, 89
2021-08-09 14:51:34,563 - INFO - root - Distance = 7, direction = 4, Win# 0
2021-08-09 14:51:34,666 - DEBUG - bleak.backends.dotnet.client - Write Characteristic 6e400002-b5a3-f393-e0a9-e50e24dcca9e : bytearray(b'4,0')
2021-08-09 14:51:34,700 - INFO - root - x = 481, y = 112, Radius = 84.51544952392578
2021-08-09 14:51:34,700 - INFO - root - Decision Window: xRange = 489, 502,  yRange = 129, 89
2021-08-09 14:51:34,700 - INFO - root - Distance = 10, direction = 4, Win# 0
2021-08-09 14:51:34,785 - DEBUG - bleak.backends.dotnet.client - Write Characteristic 6e400002-b5a3-f393-e0a9-e50e24dcca9e : bytearray(b'4,0')
2021-08-09 14:51:34,818 - INFO - root - x = 488, y = 111, Radius = 83.71143341064453
2021-08-09 14:51:34,818 - INFO - root - Decision Window: xRange = 489, 502,  yRange = 129, 89
2021-08-09 14:51:34,818 - INFO - root - Distance = 0, direction = 0, Win# 0
2021-08-09 14:51:34,905 - DEBUG - bleak.backends.dotnet.client - Write Characteristic 6e400002-b5a3-f393-e0a9-e50e24dcca9e : bytearray(b'1,2')
2021-08-09 14:51:34,941 - INFO - root - x = 501, y = 117, Radius = 89.13105010986328
2021-08-09 14:51:34,941 - INFO - root - Decision Window: xRange = 489, 502,  yRange = 129, 89
2021-08-09 14:51:34,941 - INFO - root - Distance = 0, direction = 0, Win# 0
2021-08-09 14:51:35,026 - DEBUG - bleak.backends.dotnet.client - Write Characteristic 6e400002-b5a3-f393-e0a9-e50e24dcca9e : bytearray(b'1,2')
2021-08-09 14:51:35,065 - INFO - root - x = 508, y = 118, Radius = 89.78907012939453
2021-08-09 14:51:35,065 - INFO - root - Decision Window: xRange = 489, 502,  yRange = 129, 89
2021-08-09 14:51:35,065 - INFO - root - Distance = 0, direction = 0, Win# 0
2021-08-09 14:51:35,145 - DEBUG - bleak.backends.dotnet.client - Write Characteristic 6e400002-b5a3-f393-e0a9-e50e24dcca9e : bytearray(b'1,2')
2021-08-09 14:51:35,176 - INFO - root - x = 509, y = 114, Radius = 88.04487609863281
2021-08-09 14:51:35,176 - INFO - root - Decision Window: xRange = 489, 502,  yRange = 129, 89
2021-08-09 14:51:35,176 - INFO - root - Distance = 0, direction = 0, Win# 0
2021-08-09 14:51:35,266 - DEBUG - bleak.backends.dotnet.client - Write Characteristic 6e400002-b5a3-f393-e0a9-e50e24dcca9e : bytearray(b'1,2')
2021-08-09 14:51:35,296 - INFO - root - x = 504, y = 113, Radius = 87.07626342773438
2021-08-09 14:51:35,296 - INFO - root - Decision Window: xRange = 489, 502,  yRange = 129, 89
2021-08-09 14:51:35,296 - INFO - root - Distance = 0, direction = 0, Win# 0
2021-08-09 14:51:35,386 - DEBUG - bleak.backends.dotnet.client - Write Characteristic 6e400002-b5a3-f393-e0a9-e50e24dcca9e : bytearray(b'1,2')
2021-08-09 14:51:35,422 - INFO - root - x = 504, y = 114, Radius = 87.93408203125
2021-08-09 14:51:35,422 - INFO - root - Decision Window: xRange = 489, 502,  yRange = 129, 89
2021-08-09 14:51:35,422 - INFO - root - Distance = 0, direction = 0, Win# 0
2021-08-09 14:51:35,506 - DEBUG - bleak.backends.dotnet.client - Write Characteristic 6e400002-b5a3-f393-e0a9-e50e24dcca9e : bytearray(b'1,2')
2021-08-09 14:51:35,543 - INFO - root - x = 505, y = 115, Radius = 88.94245147705078
2021-08-09 14:51:35,544 - INFO - root - Decision Window: xRange = 489, 502,  yRange = 129, 89
2021-08-09 14:51:35,544 - INFO - root - Distance = 0, direction = 0, Win# 0
2021-08-09 14:51:35,686 - DEBUG - bleak.backends.dotnet.client - Write Characteristic 6e400002-b5a3-f393-e0a9-e50e24dcca9e : bytearray(b'1,2')
2021-08-09 14:51:35,712 - INFO - root - x = 504, y = 113, Radius = 87.52953338623047
2021-08-09 14:51:35,712 - INFO - root - Decision Window: xRange = 489, 502,  yRange = 129, 89
2021-08-09 14:51:35,712 - INFO - root - Distance = 0, direction = 0, Win# 0
2021-08-09 14:51:35,805 - DEBUG - bleak.backends.dotnet.client - Write Characteristic 6e400002-b5a3-f393-e0a9-e50e24dcca9e : bytearray(b'1,2')
2021-08-09 14:51:35,835 - INFO - root - x = 499, y = 113, Radius = 87.03247833251953
2021-08-09 14:51:35,835 - INFO - root - Decision Window: xRange = 489, 502,  yRange = 129, 89
2021-08-09 14:51:35,835 - INFO - root - Distance = 0, direction = 0, Win# 0
2021-08-09 14:51:35,925 - DEBUG - bleak.backends.dotnet.client - Write Characteristic 6e400002-b5a3-f393-e0a9-e50e24dcca9e : bytearray(b'1,2')
2021-08-09 14:51:35,960 - INFO - root - x = 497, y = 113, Radius = 85.72970581054688
2021-08-09 14:51:35,960 - INFO - root - Decision Window: xRange = 489, 502,  yRange = 129, 89
2021-08-09 14:51:35,960 - INFO - root - Distance = 0, direction = 0, Win# 0
2021-08-09 14:51:36,045 - DEBUG - bleak.backends.dotnet.client - Write Characteristic 6e400002-b5a3-f393-e0a9-e50e24dcca9e : bytearray(b'1,2')
2021-08-09 14:51:36,082 - INFO - root - x = 502, y = 113, Radius = 85.6636734008789
2021-08-09 14:51:36,082 - INFO - root - Decision Window: xRange = 489, 502,  yRange = 129, 89
2021-08-09 14:51:36,082 - INFO - root - Distance = 0, direction = 0, Win# 0
2021-08-09 14:51:36,225 - DEBUG - bleak.backends.dotnet.client - Write Characteristic 6e400002-b5a3-f393-e0a9-e50e24dcca9e : bytearray(b'1,2')
2021-08-09 14:51:36,251 - INFO - root - x = 503, y = 112, Radius = 85.84468078613281
2021-08-09 14:51:36,251 - INFO - root - Decision Window: xRange = 489, 502,  yRange = 129, 89
2021-08-09 14:51:36,251 - INFO - root - Distance = 0, direction = 0, Win# 0
2021-08-09 14:51:36,345 - DEBUG - bleak.backends.dotnet.client - Write Characteristic 6e400002-b5a3-f393-e0a9-e50e24dcca9e : bytearray(b'1,2')
2021-08-09 14:51:36,377 - INFO - root - x = 505, y = 113, Radius = 86.44464874267578
2021-08-09 14:51:36,378 - INFO - root - Decision Window: xRange = 489, 502,  yRange = 129, 89
2021-08-09 14:51:36,378 - INFO - root - Distance = 0, direction = 0, Win# 0
2021-08-09 14:51:36,465 - DEBUG - bleak.backends.dotnet.client - Write Characteristic 6e400002-b5a3-f393-e0a9-e50e24dcca9e : bytearray(b'1,2')
2021-08-09 14:51:36,502 - INFO - root - x = 497, y = 111, Radius = 83.52306365966797
2021-08-09 14:51:36,502 - INFO - root - Decision Window: xRange = 489, 502,  yRange = 129, 89
2021-08-09 14:51:36,502 - INFO - root - Distance = 0, direction = 0, Win# 0
2021-08-09 14:51:36,646 - DEBUG - bleak.backends.dotnet.client - Write Characteristic 6e400002-b5a3-f393-e0a9-e50e24dcca9e : bytearray(b'1,2')
2021-08-09 14:51:36,686 - INFO - root - x = 496, y = 112, Radius = 85.22944641113281
2021-08-09 14:51:36,686 - INFO - root - Decision Window: xRange = 489, 502,  yRange = 129, 89
2021-08-09 14:51:36,686 - INFO - root - Distance = 0, direction = 0, Win# 0
2021-08-09 14:51:36,765 - DEBUG - bleak.backends.dotnet.client - Write Characteristic 6e400002-b5a3-f393-e0a9-e50e24dcca9e : bytearray(b'1,2')
2021-08-09 14:51:36,796 - INFO - root - x = 497, y = 113, Radius = 85.70280456542969
2021-08-09 14:51:36,796 - INFO - root - Decision Window: xRange = 489, 502,  yRange = 129, 89
2021-08-09 14:51:36,796 - INFO - root - Distance = 0, direction = 0, Win# 0
2021-08-09 14:51:36,885 - DEBUG - bleak.backends.dotnet.client - Write Characteristic 6e400002-b5a3-f393-e0a9-e50e24dcca9e : bytearray(b'1,2')
2021-08-09 14:51:36,909 - INFO - root - x = 492, y = 111, Radius = 83.47708892822266
2021-08-09 14:51:36,909 - INFO - root - Decision Window: xRange = 489, 502,  yRange = 129, 89
2021-08-09 14:51:36,909 - INFO - root - Distance = 0, direction = 0, Win# 0
2021-08-09 14:51:37,065 - DEBUG - bleak.backends.dotnet.client - Write Characteristic 6e400002-b5a3-f393-e0a9-e50e24dcca9e : bytearray(b'1,2')
2021-08-09 14:51:37,110 - INFO - root - x = 473, y = 107, Radius = 80.0157241821289
2021-08-09 14:51:37,110 - INFO - root - Decision Window: xRange = 489, 502,  yRange = 129, 89
2021-08-09 14:51:37,110 - INFO - root - Distance = 16, direction = 4, Win# 0
2021-08-09 14:51:37,185 - DEBUG - bleak.backends.dotnet.client - Write Characteristic 6e400002-b5a3-f393-e0a9-e50e24dcca9e : bytearray(b'4,0')
2021-08-09 14:51:37,215 - INFO - root - x = 465, y = 105, Radius = 77.78929138183594
2021-08-09 14:51:37,215 - INFO - root - Decision Window: xRange = 489, 502,  yRange = 129, 89
2021-08-09 14:51:37,215 - INFO - root - Distance = 24, direction = 4, Win# 0
2021-08-09 14:51:37,305 - DEBUG - bleak.backends.dotnet.client - Write Characteristic 6e400002-b5a3-f393-e0a9-e50e24dcca9e : bytearray(b'4,0')
2021-08-09 14:51:37,339 - INFO - root - x = 461, y = 104, Radius = 77.57292175292969
2021-08-09 14:51:37,339 - INFO - root - Decision Window: xRange = 489, 502,  yRange = 129, 89
2021-08-09 14:51:37,339 - INFO - root - Distance = 28, direction = 4, Win# 0
2021-08-09 14:51:37,425 - DEBUG - bleak.backends.dotnet.client - Write Characteristic 6e400002-b5a3-f393-e0a9-e50e24dcca9e : bytearray(b'4,0')
2021-08-09 14:51:37,463 - INFO - root - x = 460, y = 105, Radius = 78.38491821289062
2021-08-09 14:51:37,463 - INFO - root - Decision Window: xRange = 489, 502,  yRange = 129, 89
2021-08-09 14:51:37,463 - INFO - root - Distance = 29, direction = 4, Win# 0
2021-08-09 14:51:37,545 - DEBUG - bleak.backends.dotnet.client - Write Characteristic 6e400002-b5a3-f393-e0a9-e50e24dcca9e : bytearray(b'4,0')
2021-08-09 14:51:37,586 - INFO - root - x = 465, y = 105, Radius = 78.34039306640625
2021-08-09 14:51:37,586 - INFO - root - Decision Window: xRange = 489, 502,  yRange = 129, 89
2021-08-09 14:51:37,586 - INFO - root - Distance = 24, direction = 4, Win# 0
2021-08-09 14:51:37,666 - DEBUG - bleak.backends.dotnet.client - Write Characteristic 6e400002-b5a3-f393-e0a9-e50e24dcca9e : bytearray(b'4,0')
2021-08-09 14:51:37,712 - INFO - root - x = 477, y = 109, Radius = 81.33551025390625
2021-08-09 14:51:37,712 - INFO - root - Decision Window: xRange = 489, 502,  yRange = 129, 89
2021-08-09 14:51:37,712 - INFO - root - Distance = 12, direction = 4, Win# 0
2021-08-09 14:51:37,785 - DEBUG - bleak.backends.dotnet.client - Write Characteristic 6e400002-b5a3-f393-e0a9-e50e24dcca9e : bytearray(b'4,0')
2021-08-09 14:51:37,815 - INFO - root - x = 487, y = 110, Radius = 83.08598327636719
2021-08-09 14:51:37,815 - INFO - root - Decision Window: xRange = 489, 502,  yRange = 129, 89
2021-08-09 14:51:37,815 - INFO - root - Distance = 0, direction = 0, Win# 0
2021-08-09 14:51:37,905 - DEBUG - bleak.backends.dotnet.client - Write Characteristic 6e400002-b5a3-f393-e0a9-e50e24dcca9e : bytearray(b'1,2')
2021-08-09 14:51:37,950 - INFO - root - x = 485, y = 110, Radius = 82.5660629272461
2021-08-09 14:51:37,950 - INFO - root - Decision Window: xRange = 489, 502,  yRange = 129, 89
2021-08-09 14:51:37,950 - INFO - root - Distance = 6, direction = 4, Win# 0
2021-08-09 14:51:38,025 - DEBUG - bleak.backends.dotnet.client - Write Characteristic 6e400002-b5a3-f393-e0a9-e50e24dcca9e : bytearray(b'4,0')
2021-08-09 14:51:38,064 - INFO - root - x = 479, y = 108, Radius = 81.51834869384766
2021-08-09 14:51:38,064 - INFO - root - Decision Window: xRange = 489, 502,  yRange = 129, 89
2021-08-09 14:51:38,064 - INFO - root - Distance = 10, direction = 4, Win# 0
2021-08-09 14:51:38,145 - DEBUG - bleak.backends.dotnet.client - Write Characteristic 6e400002-b5a3-f393-e0a9-e50e24dcca9e : bytearray(b'4,0')
2021-08-09 14:51:38,187 - INFO - root - x = 478, y = 108, Radius = 81.18305969238281
2021-08-09 14:51:38,187 - INFO - root - Decision Window: xRange = 489, 502,  yRange = 129, 89
2021-08-09 14:51:38,187 - INFO - root - Distance = 11, direction = 4, Win# 0
2021-08-09 14:51:38,265 - DEBUG - bleak.backends.dotnet.client - Write Characteristic 6e400002-b5a3-f393-e0a9-e50e24dcca9e : bytearray(b'4,0')
2021-08-09 14:51:38,298 - INFO - root - x = 482, y = 108, Radius = 82.29439544677734
2021-08-09 14:51:38,299 - INFO - root - Decision Window: xRange = 489, 502,  yRange = 129, 89
2021-08-09 14:51:38,299 - INFO - root - Distance = 7, direction = 4, Win# 0
2021-08-09 14:51:38,386 - DEBUG - bleak.backends.dotnet.client - Write Characteristic 6e400002-b5a3-f393-e0a9-e50e24dcca9e : bytearray(b'4,0')
2021-08-09 14:51:38,419 - INFO - root - x = 480, y = 107, Radius = 79.51223754882812
2021-08-09 14:51:38,419 - INFO - root - Decision Window: xRange = 489, 502,  yRange = 129, 89
2021-08-09 14:51:38,419 - INFO - root - Distance = 9, direction = 4, Win# 0
2021-08-09 14:51:38,506 - DEBUG - bleak.backends.dotnet.client - Write Characteristic 6e400002-b5a3-f393-e0a9-e50e24dcca9e : bytearray(b'4,0')
2021-08-09 14:51:38,545 - INFO - root - x = 503, y = 108, Radius = 80.39532470703125
2021-08-09 14:51:38,545 - INFO - root - Decision Window: xRange = 489, 502,  yRange = 129, 89
2021-08-09 14:51:38,545 - INFO - root - Distance = 0, direction = 0, Win# 0
2021-08-09 14:51:38,625 - DEBUG - bleak.backends.dotnet.client - Write Characteristic 6e400002-b5a3-f393-e0a9-e50e24dcca9e : bytearray(b'1,2')
2021-08-09 14:51:38,650 - INFO - root - x = 526, y = 112, Radius = 82.9024429321289
2021-08-09 14:51:38,650 - INFO - root - Decision Window: xRange = 489, 502,  yRange = 129, 89
2021-08-09 14:51:38,650 - INFO - root - Distance = 0, direction = 0, Win# 0
2021-08-09 14:51:38,745 - DEBUG - bleak.backends.dotnet.client - Write Characteristic 6e400002-b5a3-f393-e0a9-e50e24dcca9e : bytearray(b'1,2')
2021-08-09 14:51:38,775 - INFO - root - x = 536, y = 114, Radius = 87.0343017578125
2021-08-09 14:51:38,775 - INFO - root - Decision Window: xRange = 489, 502,  yRange = 129, 89
2021-08-09 14:51:38,775 - INFO - root - Distance = 0, direction = 0, Win# 0
2021-08-09 14:51:38,865 - DEBUG - bleak.backends.dotnet.client - Write Characteristic 6e400002-b5a3-f393-e0a9-e50e24dcca9e : bytearray(b'1,2')
2021-08-09 14:51:38,896 - INFO - root - x = 518, y = 113, Radius = 86.40615844726562
2021-08-09 14:51:38,896 - INFO - root - Decision Window: xRange = 489, 502,  yRange = 129, 89
2021-08-09 14:51:38,896 - INFO - root - Distance = 0, direction = 0, Win# 0
2021-08-09 14:51:38,985 - DEBUG - bleak.backends.dotnet.client - Write Characteristic 6e400002-b5a3-f393-e0a9-e50e24dcca9e : bytearray(b'1,2')
2021-08-09 14:51:39,018 - INFO - root - x = 491, y = 110, Radius = 82.14510345458984
2021-08-09 14:51:39,018 - INFO - root - Decision Window: xRange = 489, 502,  yRange = 129, 89
2021-08-09 14:51:39,018 - INFO - root - Distance = 0, direction = 0, Win# 0
2021-08-09 14:51:39,106 - DEBUG - bleak.backends.dotnet.client - Write Characteristic 6e400002-b5a3-f393-e0a9-e50e24dcca9e : bytearray(b'1,2')
2021-08-09 14:51:39,129 - INFO - root - x = 489, y = 109, Radius = 82.07032775878906
2021-08-09 14:51:39,129 - INFO - root - Decision Window: xRange = 489, 502,  yRange = 129, 89
2021-08-09 14:51:39,129 - INFO - root - Distance = 0, direction = 0, Win# 0
2021-08-09 14:51:39,226 - DEBUG - bleak.backends.dotnet.client - Write Characteristic 6e400002-b5a3-f393-e0a9-e50e24dcca9e : bytearray(b'1,2')
2021-08-09 14:51:39,265 - INFO - root - x = 504, y = 112, Radius = 83.12310028076172
2021-08-09 14:51:39,265 - INFO - root - Decision Window: xRange = 489, 502,  yRange = 129, 89
2021-08-09 14:51:39,265 - INFO - root - Distance = 0, direction = 0, Win# 0
2021-08-09 14:51:39,346 - DEBUG - bleak.backends.dotnet.client - Write Characteristic 6e400002-b5a3-f393-e0a9-e50e24dcca9e : bytearray(b'1,2')
2021-08-09 14:51:39,380 - INFO - root - x = 475, y = 108, Radius = 79.65569305419922
2021-08-09 14:51:39,380 - INFO - root - Decision Window: xRange = 489, 502,  yRange = 129, 89
2021-08-09 14:51:39,380 - INFO - root - Distance = 14, direction = 4, Win# 0
2021-08-09 14:51:39,465 - DEBUG - bleak.backends.dotnet.client - Write Characteristic 6e400002-b5a3-f393-e0a9-e50e24dcca9e : bytearray(b'4,0')
2021-08-09 14:51:39,498 - INFO - root - x = 451, y = 105, Radius = 76.69745635986328
2021-08-09 14:51:39,498 - INFO - root - Decision Window: xRange = 489, 502,  yRange = 129, 89
2021-08-09 14:51:39,498 - INFO - root - Distance = 38, direction = 4, Win# 0
2021-08-09 14:51:39,585 - DEBUG - bleak.backends.dotnet.client - Write Characteristic 6e400002-b5a3-f393-e0a9-e50e24dcca9e : bytearray(b'4,0')
2021-08-09 14:51:39,624 - INFO - root - x = 437, y = 105, Radius = 77.27406311035156
2021-08-09 14:51:39,624 - INFO - root - Decision Window: xRange = 489, 502,  yRange = 129, 89
2021-08-09 14:51:39,624 - INFO - root - Distance = 52, direction = 4, Win# 0
2021-08-09 14:51:39,705 - DEBUG - bleak.backends.dotnet.client - Write Characteristic 6e400002-b5a3-f393-e0a9-e50e24dcca9e : bytearray(b'4,1')
2021-08-09 14:51:39,749 - INFO - root - x = 453, y = 105, Radius = 78.9219741821289
2021-08-09 14:51:39,750 - INFO - root - Decision Window: xRange = 489, 502,  yRange = 129, 89
2021-08-09 14:51:39,750 - INFO - root - Distance = 36, direction = 4, Win# 0
2021-08-09 14:51:39,825 - DEBUG - bleak.backends.dotnet.client - Write Characteristic 6e400002-b5a3-f393-e0a9-e50e24dcca9e : bytearray(b'4,0')
2021-08-09 14:51:39,854 - INFO - root - x = 475, y = 104, Radius = 77.72488403320312
2021-08-09 14:51:39,855 - INFO - root - Decision Window: xRange = 489, 502,  yRange = 129, 89
2021-08-09 14:51:39,855 - INFO - root - Distance = 14, direction = 4, Win# 0
2021-08-09 14:51:39,945 - DEBUG - bleak.backends.dotnet.client - Write Characteristic 6e400002-b5a3-f393-e0a9-e50e24dcca9e : bytearray(b'4,0')
2021-08-09 14:51:39,981 - INFO - root - x = 502, y = 106, Radius = 79.3592300415039
2021-08-09 14:51:39,981 - INFO - root - Decision Window: xRange = 489, 502,  yRange = 129, 89
2021-08-09 14:51:39,981 - INFO - root - Distance = 0, direction = 0, Win# 0
2021-08-09 14:51:40,065 - DEBUG - bleak.backends.dotnet.client - Write Characteristic 6e400002-b5a3-f393-e0a9-e50e24dcca9e : bytearray(b'1,2')
2021-08-09 14:51:40,098 - INFO - root - x = 507, y = 104, Radius = 76.84098052978516
2021-08-09 14:51:40,098 - INFO - root - Decision Window: xRange = 489, 502,  yRange = 129, 89
2021-08-09 14:51:40,098 - INFO - root - Distance = 0, direction = 0, Win# 0
2021-08-09 14:51:40,185 - DEBUG - bleak.backends.dotnet.client - Write Characteristic 6e400002-b5a3-f393-e0a9-e50e24dcca9e : bytearray(b'1,2')
2021-08-09 14:51:40,225 - INFO - root - x = 480, y = 100, Radius = 73.79032897949219
2021-08-09 14:51:40,225 - INFO - root - Decision Window: xRange = 489, 502,  yRange = 129, 89
2021-08-09 14:51:40,226 - INFO - root - Distance = 9, direction = 4, Win# 0
2021-08-09 14:51:40,305 - DEBUG - bleak.backends.dotnet.client - Write Characteristic 6e400002-b5a3-f393-e0a9-e50e24dcca9e : bytearray(b'4,0')
2021-08-09 14:51:40,351 - INFO - root - x = 465, y = 98, Radius = 71.823486328125
2021-08-09 14:51:40,351 - INFO - root - Decision Window: xRange = 489, 502,  yRange = 129, 89
2021-08-09 14:51:40,351 - INFO - root - Distance = 24, direction = 4, Win# 0
2021-08-09 14:51:40,485 - DEBUG - bleak.backends.dotnet.client - Write Characteristic 6e400002-b5a3-f393-e0a9-e50e24dcca9e : bytearray(b'4,0')
2021-08-09 14:51:40,521 - INFO - root - x = 506, y = 98, Radius = 69.17908477783203
2021-08-09 14:51:40,521 - INFO - root - Decision Window: xRange = 489, 502,  yRange = 129, 89
2021-08-09 14:51:40,521 - INFO - root - Distance = 16, direction = 3, Win# 0
2021-08-09 14:51:40,605 - DEBUG - bleak.backends.dotnet.client - Write Characteristic 6e400002-b5a3-f393-e0a9-e50e24dcca9e : bytearray(b'3,0')
2021-08-09 14:51:40,648 - INFO - root - x = 536, y = 96, Radius = 70.1036376953125
2021-08-09 14:51:40,648 - INFO - root - Decision Window: xRange = 489, 502,  yRange = 129, 89
2021-08-09 14:51:40,648 - INFO - root - Distance = 43, direction = 2, Win# 0
2021-08-09 14:51:40,725 - DEBUG - bleak.backends.dotnet.client - Write Characteristic 6e400002-b5a3-f393-e0a9-e50e24dcca9e : bytearray(b'2,0')
2021-08-09 14:51:40,770 - INFO - root - x = 512, y = 96, Radius = 71.0307388305664
2021-08-09 14:51:40,770 - INFO - root - Decision Window: xRange = 489, 502,  yRange = 129, 89
2021-08-09 14:51:40,770 - INFO - root - Distance = 22, direction = 2, Win# 0
2021-08-09 14:51:40,845 - DEBUG - bleak.backends.dotnet.client - Write Characteristic 6e400002-b5a3-f393-e0a9-e50e24dcca9e : bytearray(b'2,0')
2021-08-09 14:51:40,880 - INFO - root - x = 462, y = 94, Radius = 68.31961059570312
2021-08-09 14:51:40,880 - INFO - root - Decision Window: xRange = 489, 502,  yRange = 129, 89
2021-08-09 14:51:40,880 - INFO - root - Distance = 28, direction = 4, Win# 0
2021-08-09 14:51:40,965 - DEBUG - bleak.backends.dotnet.client - Write Characteristic 6e400002-b5a3-f393-e0a9-e50e24dcca9e : bytearray(b'4,0')
2021-08-09 14:51:40,999 - INFO - root - x = 398, y = 95, Radius = 70.00390625
2021-08-09 14:51:40,999 - INFO - root - Decision Window: xRange = 489, 502,  yRange = 129, 89
2021-08-09 14:51:40,999 - INFO - root - Distance = 91, direction = 4, Win# 0
2021-08-09 14:51:41,085 - DEBUG - bleak.backends.dotnet.client - Write Characteristic 6e400002-b5a3-f393-e0a9-e50e24dcca9e : bytearray(b'4,1')
2021-08-09 14:51:41,123 - INFO - root - x = 417, y = 99, Radius = 72.57846069335938
2021-08-09 14:51:41,123 - INFO - root - Decision Window: xRange = 489, 502,  yRange = 129, 89
2021-08-09 14:51:41,123 - INFO - root - Distance = 72, direction = 4, Win# 0
2021-08-09 14:51:41,205 - DEBUG - bleak.backends.dotnet.client - Write Characteristic 6e400002-b5a3-f393-e0a9-e50e24dcca9e : bytearray(b'4,1')
2021-08-09 14:51:41,249 - INFO - root - x = 458, y = 110, Radius = 79.73690032958984
2021-08-09 14:51:41,249 - INFO - root - Decision Window: xRange = 489, 502,  yRange = 129, 89
2021-08-09 14:51:41,249 - INFO - root - Distance = 31, direction = 4, Win# 0
2021-08-09 14:51:41,326 - DEBUG - bleak.backends.dotnet.client - Write Characteristic 6e400002-b5a3-f393-e0a9-e50e24dcca9e : bytearray(b'4,0')
2021-08-09 14:51:41,369 - INFO - root - x = 440, y = 107, Radius = 76.6965103149414
2021-08-09 14:51:41,369 - INFO - root - Decision Window: xRange = 489, 502,  yRange = 129, 89
2021-08-09 14:51:41,369 - INFO - root - Distance = 49, direction = 4, Win# 0
2021-08-09 14:51:41,445 - DEBUG - bleak.backends.dotnet.client - Write Characteristic 6e400002-b5a3-f393-e0a9-e50e24dcca9e : bytearray(b'4,0')
2021-08-09 14:51:41,477 - INFO - root - x = 378, y = 87, Radius = 63.70240020751953
2021-08-09 14:51:41,477 - INFO - root - Decision Window: xRange = 489, 502,  yRange = 129, 89
2021-08-09 14:51:41,477 - INFO - root - Distance = 112, direction = 4, Win# 0
2021-08-09 14:51:41,566 - DEBUG - bleak.backends.dotnet.client - Write Characteristic 6e400002-b5a3-f393-e0a9-e50e24dcca9e : bytearray(b'4,2')
2021-08-09 14:51:41,601 - INFO - root - x = 370, y = 73, Radius = 71.09701538085938
2021-08-09 14:51:41,601 - INFO - root - Decision Window: xRange = 489, 502,  yRange = 129, 89
2021-08-09 14:51:41,601 - INFO - root - Distance = 122, direction = 4, Win# 0
2021-08-09 14:51:41,686 - DEBUG - bleak.backends.dotnet.client - Write Characteristic 6e400002-b5a3-f393-e0a9-e50e24dcca9e : bytearray(b'4,2')
2021-08-09 14:51:41,726 - INFO - root - x = 408, y = 81, Radius = 61.2258186340332
2021-08-09 14:51:41,726 - INFO - root - Decision Window: xRange = 489, 502,  yRange = 129, 89
2021-08-09 14:51:41,726 - INFO - root - Distance = 84, direction = 4, Win# 0
2021-08-09 14:51:41,805 - DEBUG - bleak.backends.dotnet.client - Write Characteristic 6e400002-b5a3-f393-e0a9-e50e24dcca9e : bytearray(b'4,1')
2021-08-09 14:51:41,836 - INFO - root - x = 454, y = 93, Radius = 67.87966918945312
2021-08-09 14:51:41,836 - INFO - root - Decision Window: xRange = 489, 502,  yRange = 129, 89
2021-08-09 14:51:41,836 - INFO - root - Distance = 36, direction = 4, Win# 0
2021-08-09 14:51:41,925 - DEBUG - bleak.backends.dotnet.client - Write Characteristic 6e400002-b5a3-f393-e0a9-e50e24dcca9e : bytearray(b'4,0')
2021-08-09 14:51:41,955 - INFO - root - x = 494, y = 91, Radius = 63.68647384643555
2021-08-09 14:51:41,955 - INFO - root - Decision Window: xRange = 489, 502,  yRange = 129, 89
2021-08-09 14:51:41,955 - INFO - root - Distance = 13, direction = 3, Win# 0
2021-08-09 14:51:42,045 - DEBUG - bleak.backends.dotnet.client - Write Characteristic 6e400002-b5a3-f393-e0a9-e50e24dcca9e : bytearray(b'3,0')
2021-08-09 14:51:42,065 - INFO - root - x = 509, y = 96, Radius = 68.45466613769531
2021-08-09 14:51:42,065 - INFO - root - Decision Window: xRange = 489, 502,  yRange = 129, 89
2021-08-09 14:51:42,065 - INFO - root - Distance = 20, direction = 2, Win# 0
2021-08-09 14:51:42,225 - DEBUG - bleak.backends.dotnet.client - Write Characteristic 6e400002-b5a3-f393-e0a9-e50e24dcca9e : bytearray(b'2,0')
2021-08-09 14:51:42,265 - INFO - root - x = 507, y = 87, Radius = 66.05657958984375
2021-08-09 14:51:42,266 - INFO - root - Decision Window: xRange = 489, 502,  yRange = 129, 89
2021-08-09 14:51:42,266 - INFO - root - Distance = 24, direction = 3, Win# 0
2021-08-09 14:51:42,345 - DEBUG - bleak.backends.dotnet.client - Write Characteristic 6e400002-b5a3-f393-e0a9-e50e24dcca9e : bytearray(b'3,0')
2021-08-09 14:51:42,385 - INFO - root - x = 481, y = 88, Radius = 63.9560661315918
2021-08-09 14:51:42,385 - INFO - root - Decision Window: xRange = 489, 502,  yRange = 129, 89
2021-08-09 14:51:42,385 - INFO - root - Distance = 17, direction = 3, Win# 0
2021-08-09 14:51:42,465 - DEBUG - bleak.backends.dotnet.client - Write Characteristic 6e400002-b5a3-f393-e0a9-e50e24dcca9e : bytearray(b'3,0')
2021-08-09 14:51:42,495 - INFO - root - x = 459, y = 89, Radius = 70.10359191894531
2021-08-09 14:51:42,495 - INFO - root - Decision Window: xRange = 489, 502,  yRange = 129, 89
2021-08-09 14:51:42,495 - INFO - root - Distance = 33, direction = 4, Win# 0
2021-08-09 14:51:42,585 - DEBUG - bleak.backends.dotnet.client - Write Characteristic 6e400002-b5a3-f393-e0a9-e50e24dcca9e : bytearray(b'4,0')
2021-08-09 14:51:42,604 - INFO - root - x = 438, y = 85, Radius = 67.40373229980469
2021-08-09 14:51:42,604 - INFO - root - Decision Window: xRange = 489, 502,  yRange = 129, 89
2021-08-09 14:51:42,604 - INFO - root - Distance = 54, direction = 4, Win# 0
2021-08-09 14:51:42,705 - DEBUG - bleak.backends.dotnet.client - Write Characteristic 6e400002-b5a3-f393-e0a9-e50e24dcca9e : bytearray(b'4,1')
2021-08-09 14:51:42,740 - INFO - root - x = 390, y = 76, Radius = 63.2950439453125
2021-08-09 14:51:42,740 - INFO - root - Decision Window: xRange = 489, 502,  yRange = 129, 89
2021-08-09 14:51:42,741 - INFO - root - Distance = 102, direction = 4, Win# 0
2021-08-09 14:51:42,825 - DEBUG - bleak.backends.dotnet.client - Write Characteristic 6e400002-b5a3-f393-e0a9-e50e24dcca9e : bytearray(b'4,2')
2021-08-09 14:51:42,868 - INFO - root - x = 387, y = 75, Radius = 61.73542022705078
2021-08-09 14:51:42,868 - INFO - root - Decision Window: xRange = 489, 502,  yRange = 129, 89
2021-08-09 14:51:42,868 - INFO - root - Distance = 106, direction = 4, Win# 0
2021-08-09 14:51:43,006 - DEBUG - bleak.backends.dotnet.client - Write Characteristic 6e400002-b5a3-f393-e0a9-e50e24dcca9e : bytearray(b'4,2')
2021-08-09 14:51:43,055 - INFO - root - x = 463, y = 86, Radius = 63.36612319946289
2021-08-09 14:51:43,055 - INFO - root - Decision Window: xRange = 489, 502,  yRange = 129, 89
2021-08-09 14:51:43,055 - INFO - root - Distance = 31, direction = 4, Win# 0
2021-08-09 14:51:43,125 - DEBUG - bleak.backends.dotnet.client - Write Characteristic 6e400002-b5a3-f393-e0a9-e50e24dcca9e : bytearray(b'4,0')
2021-08-09 14:51:43,159 - INFO - root - x = 476, y = 91, Radius = 64.99454498291016
2021-08-09 14:51:43,159 - INFO - root - Decision Window: xRange = 489, 502,  yRange = 129, 89
2021-08-09 14:51:43,159 - INFO - root - Distance = 18, direction = 3, Win# 0
2021-08-09 14:51:43,245 - DEBUG - bleak.backends.dotnet.client - Write Characteristic 6e400002-b5a3-f393-e0a9-e50e24dcca9e : bytearray(b'3,0')
2021-08-09 14:51:43,269 - INFO - root - x = 469, y = 88, Radius = 67.96626281738281
2021-08-09 14:51:43,269 - INFO - root - Decision Window: xRange = 489, 502,  yRange = 129, 89
2021-08-09 14:51:43,269 - INFO - root - Distance = 25, direction = 4, Win# 0
2021-08-09 14:51:43,366 - DEBUG - bleak.backends.dotnet.client - Write Characteristic 6e400002-b5a3-f393-e0a9-e50e24dcca9e : bytearray(b'4,0')
2021-08-09 14:51:43,405 - INFO - root - x = 456, y = 82, Radius = 63.978355407714844
2021-08-09 14:51:43,405 - INFO - root - Decision Window: xRange = 489, 502,  yRange = 129, 89
2021-08-09 14:51:43,405 - INFO - root - Distance = 39, direction = 4, Win# 0
2021-08-09 14:51:43,485 - DEBUG - bleak.backends.dotnet.client - Write Characteristic 6e400002-b5a3-f393-e0a9-e50e24dcca9e : bytearray(b'4,0')
2021-08-09 14:51:43,527 - INFO - root - x = 440, y = 80, Radius = 62.95524597167969
2021-08-09 14:51:43,527 - INFO - root - Decision Window: xRange = 489, 502,  yRange = 129, 89
2021-08-09 14:51:43,528 - INFO - root - Distance = 54, direction = 4, Win# 0
2021-08-09 14:51:43,606 - DEBUG - bleak.backends.dotnet.client - Write Characteristic 6e400002-b5a3-f393-e0a9-e50e24dcca9e : bytearray(b'4,1')
2021-08-09 14:51:43,638 - INFO - root - x = 418, y = 73, Radius = 60.579811096191406
2021-08-09 14:51:43,638 - INFO - root - Decision Window: xRange = 489, 502,  yRange = 129, 89
2021-08-09 14:51:43,638 - INFO - root - Distance = 77, direction = 4, Win# 0
2021-08-09 14:51:43,726 - DEBUG - bleak.backends.dotnet.client - Write Characteristic 6e400002-b5a3-f393-e0a9-e50e24dcca9e : bytearray(b'4,1')
2021-08-09 14:51:43,741 - INFO - root - x = 398, y = 74, Radius = 60.53654098510742
2021-08-09 14:51:43,741 - INFO - root - Decision Window: xRange = 489, 502,  yRange = 129, 89
2021-08-09 14:51:43,741 - INFO - root - Distance = 95, direction = 4, Win# 0
2021-08-09 14:51:43,845 - DEBUG - bleak.backends.dotnet.client - Write Characteristic 6e400002-b5a3-f393-e0a9-e50e24dcca9e : bytearray(b'4,1')
2021-08-09 14:51:43,870 - INFO - root - x = 384, y = 71, Radius = 66.32450866699219
2021-08-09 14:51:43,871 - INFO - root - Decision Window: xRange = 489, 502,  yRange = 129, 89
2021-08-09 14:51:43,871 - INFO - root - Distance = 110, direction = 4, Win# 0
2021-08-09 14:51:43,965 - DEBUG - bleak.backends.dotnet.client - Write Characteristic 6e400002-b5a3-f393-e0a9-e50e24dcca9e : bytearray(b'4,2')
2021-08-09 14:51:44,006 - INFO - root - x = 397, y = 71, Radius = 64.773681640625
2021-08-09 14:51:44,006 - INFO - root - Decision Window: xRange = 489, 502,  yRange = 129, 89
2021-08-09 14:51:44,006 - INFO - root - Distance = 97, direction = 4, Win# 0
2021-08-09 14:51:44,085 - DEBUG - bleak.backends.dotnet.client - Write Characteristic 6e400002-b5a3-f393-e0a9-e50e24dcca9e : bytearray(b'4,1')
2021-08-09 14:51:44,129 - INFO - root - x = 427, y = 75, Radius = 60.17287826538086
2021-08-09 14:51:44,129 - INFO - root - Decision Window: xRange = 489, 502,  yRange = 129, 89
2021-08-09 14:51:44,129 - INFO - root - Distance = 68, direction = 4, Win# 0
2021-08-09 14:51:44,205 - DEBUG - bleak.backends.dotnet.client - Write Characteristic 6e400002-b5a3-f393-e0a9-e50e24dcca9e : bytearray(b'4,1')
2021-08-09 14:51:44,240 - INFO - root - x = 446, y = 77, Radius = 62.864444732666016
2021-08-09 14:51:44,240 - INFO - root - Decision Window: xRange = 489, 502,  yRange = 129, 89
2021-08-09 14:51:44,240 - INFO - root - Distance = 50, direction = 4, Win# 0
2021-08-09 14:51:44,325 - DEBUG - bleak.backends.dotnet.client - Write Characteristic 6e400002-b5a3-f393-e0a9-e50e24dcca9e : bytearray(b'4,1')
2021-08-09 14:51:44,359 - INFO - root - x = 467, y = 74, Radius = 66.94136810302734
2021-08-09 14:51:44,360 - INFO - root - Decision Window: xRange = 489, 502,  yRange = 129, 89
2021-08-09 14:51:44,360 - INFO - root - Distance = 37, direction = 3, Win# 0
2021-08-09 14:51:44,445 - DEBUG - bleak.backends.dotnet.client - Write Characteristic 6e400002-b5a3-f393-e0a9-e50e24dcca9e : bytearray(b'3,0')
2021-08-09 14:51:44,487 - INFO - root - x = 483, y = 80, Radius = 63.985172271728516
2021-08-09 14:51:44,487 - INFO - root - Decision Window: xRange = 489, 502,  yRange = 129, 89
2021-08-09 14:51:44,487 - INFO - root - Distance = 24, direction = 3, Win# 0
2021-08-09 14:51:44,565 - DEBUG - bleak.backends.dotnet.client - Write Characteristic 6e400002-b5a3-f393-e0a9-e50e24dcca9e : bytearray(b'3,0')
2021-08-09 14:51:44,607 - INFO - root - x = 495, y = 82, Radius = 63.519493103027344
2021-08-09 14:51:44,607 - INFO - root - Decision Window: xRange = 489, 502,  yRange = 129, 89
2021-08-09 14:51:44,607 - INFO - root - Distance = 22, direction = 3, Win# 0
2021-08-09 14:51:44,685 - DEBUG - bleak.backends.dotnet.client - Write Characteristic 6e400002-b5a3-f393-e0a9-e50e24dcca9e : bytearray(b'3,0')
2021-08-09 14:51:44,735 - INFO - root - x = 480, y = 76, Radius = 67.98724365234375
2021-08-09 14:51:44,735 - INFO - root - Decision Window: xRange = 489, 502,  yRange = 129, 89
2021-08-09 14:51:44,735 - INFO - root - Distance = 29, direction = 3, Win# 0
2021-08-09 14:51:44,806 - DEBUG - bleak.backends.dotnet.client - Write Characteristic 6e400002-b5a3-f393-e0a9-e50e24dcca9e : bytearray(b'3,0')
2021-08-09 14:51:44,839 - INFO - root - x = 456, y = 75, Radius = 60.49217987060547
2021-08-09 14:51:44,840 - INFO - root - Decision Window: xRange = 489, 502,  yRange = 129, 89
2021-08-09 14:51:44,840 - INFO - root - Distance = 43, direction = 4, Win# 0
2021-08-09 14:51:44,925 - DEBUG - bleak.backends.dotnet.client - Write Characteristic 6e400002-b5a3-f393-e0a9-e50e24dcca9e : bytearray(b'4,0')
2021-08-09 14:51:44,946 - INFO - root - x = 411, y = 83, Radius = 69.60355377197266
2021-08-09 14:51:44,946 - INFO - root - Decision Window: xRange = 489, 502,  yRange = 129, 89
2021-08-09 14:51:44,946 - INFO - root - Distance = 80, direction = 4, Win# 0
2021-08-09 14:51:45,046 - DEBUG - bleak.backends.dotnet.client - Write Characteristic 6e400002-b5a3-f393-e0a9-e50e24dcca9e : bytearray(b'4,1')
2021-08-09 14:51:45,087 - INFO - root - x = 393, y = 86, Radius = 61.70506286621094
2021-08-09 14:51:45,087 - INFO - root - Decision Window: xRange = 489, 502,  yRange = 129, 89
2021-08-09 14:51:45,087 - INFO - root - Distance = 97, direction = 4, Win# 0
2021-08-09 14:51:45,166 - DEBUG - bleak.backends.dotnet.client - Write Characteristic 6e400002-b5a3-f393-e0a9-e50e24dcca9e : bytearray(b'4,1')
2021-08-09 14:51:45,209 - INFO - root - x = 385, y = 86, Radius = 60.90750503540039
2021-08-09 14:51:45,209 - INFO - root - Decision Window: xRange = 489, 502,  yRange = 129, 89
2021-08-09 14:51:45,209 - INFO - root - Distance = 105, direction = 4, Win# 0
2021-08-09 14:51:45,286 - DEBUG - bleak.backends.dotnet.client - Write Characteristic 6e400002-b5a3-f393-e0a9-e50e24dcca9e : bytearray(b'4,2')
2021-08-09 14:51:45,304 - INFO - root - x = 363, y = 92, Radius = 65.01512145996094
2021-08-09 14:51:45,304 - INFO - root - Decision Window: xRange = 489, 502,  yRange = 129, 89
2021-08-09 14:51:45,304 - INFO - root - Distance = 126, direction = 4, Win# 0
2021-08-09 14:51:45,405 - DEBUG - bleak.backends.dotnet.client - Write Characteristic 6e400002-b5a3-f393-e0a9-e50e24dcca9e : bytearray(b'4,2')
2021-08-09 14:51:45,441 - INFO - root - x = 183, y = 116, Radius = 119.58378601074219
2021-08-09 14:51:45,441 - INFO - root - Decision Window: xRange = 489, 502,  yRange = 129, 89
2021-08-09 14:51:45,441 - INFO - root - Distance = 306, direction = 4, Win# 0
2021-08-09 14:51:45,525 - DEBUG - bleak.backends.dotnet.client - Write Characteristic 6e400002-b5a3-f393-e0a9-e50e24dcca9e : bytearray(b'4,3')
2021-08-09 14:51:45,567 - INFO - root - x = 127, y = 57, Radius = 106.07200622558594
2021-08-09 14:51:45,567 - INFO - root - Decision Window: xRange = 489, 502,  yRange = 129, 89
2021-08-09 14:51:45,567 - INFO - root - Distance = 365, direction = 4, Win# 0
2021-08-09 14:51:45,645 - DEBUG - bleak.backends.dotnet.client - Write Characteristic 6e400002-b5a3-f393-e0a9-e50e24dcca9e : bytearray(b'4,3')
2021-08-09 14:51:45,675 - INFO - root - x = 129, y = 57, Radius = 110.5487289428711
2021-08-09 14:51:45,675 - INFO - root - Decision Window: xRange = 489, 502,  yRange = 129, 89
2021-08-09 14:51:45,675 - INFO - root - Distance = 363, direction = 4, Win# 0
2021-08-09 14:51:45,765 - DEBUG - bleak.backends.dotnet.client - Write Characteristic 6e400002-b5a3-f393-e0a9-e50e24dcca9e : bytearray(b'4,3')
2021-08-09 14:51:45,795 - INFO - root - x = 130, y = 57, Radius = 112.09158325195312
2021-08-09 14:51:45,796 - INFO - root - Decision Window: xRange = 489, 502,  yRange = 129, 89
2021-08-09 14:51:45,796 - INFO - root - Distance = 362, direction = 4, Win# 0
2021-08-09 14:51:45,886 - DEBUG - bleak.backends.dotnet.client - Write Characteristic 6e400002-b5a3-f393-e0a9-e50e24dcca9e : bytearray(b'4,3')
2021-08-09 14:51:45,920 - INFO - root - x = 130, y = 58, Radius = 112.64112091064453
2021-08-09 14:51:45,920 - INFO - root - Decision Window: xRange = 489, 502,  yRange = 129, 89
2021-08-09 14:51:45,920 - INFO - root - Distance = 361, direction = 4, Win# 0
2021-08-09 14:51:46,006 - DEBUG - bleak.backends.dotnet.client - Write Characteristic 6e400002-b5a3-f393-e0a9-e50e24dcca9e : bytearray(b'4,3')
2021-08-09 14:51:46,041 - INFO - root - x = 156, y = 58, Radius = 146.6697998046875
2021-08-09 14:51:46,041 - INFO - root - Decision Window: xRange = 489, 502,  yRange = 129, 89
2021-08-09 14:51:46,041 - INFO - root - Distance = 336, direction = 4, Win# 0
2021-08-09 14:51:46,125 - DEBUG - bleak.backends.dotnet.client - Write Characteristic 6e400002-b5a3-f393-e0a9-e50e24dcca9e : bytearray(b'4,3')
2021-08-09 14:51:46,165 - INFO - root - x = 161, y = 59, Radius = 154.72889709472656
2021-08-09 14:51:46,165 - INFO - root - Decision Window: xRange = 489, 502,  yRange = 129, 89
2021-08-09 14:51:46,165 - INFO - root - Distance = 331, direction = 4, Win# 0
2021-08-09 14:51:46,245 - DEBUG - bleak.backends.dotnet.client - Write Characteristic 6e400002-b5a3-f393-e0a9-e50e24dcca9e : bytearray(b'4,3')
2021-08-09 14:51:46,291 - INFO - root - x = 163, y = 60, Radius = 157.26580810546875
2021-08-09 14:51:46,291 - INFO - root - Decision Window: xRange = 489, 502,  yRange = 129, 89
2021-08-09 14:51:46,291 - INFO - root - Distance = 328, direction = 4, Win# 0
2021-08-09 14:51:46,365 - DEBUG - bleak.backends.dotnet.client - Write Characteristic 6e400002-b5a3-f393-e0a9-e50e24dcca9e : bytearray(b'4,3')
2021-08-09 14:51:46,397 - INFO - root - x = 163, y = 60, Radius = 156.7196044921875
2021-08-09 14:51:46,397 - INFO - root - Decision Window: xRange = 489, 502,  yRange = 129, 89
2021-08-09 14:51:46,397 - INFO - root - Distance = 328, direction = 4, Win# 0
2021-08-09 14:51:46,485 - DEBUG - bleak.backends.dotnet.client - Write Characteristic 6e400002-b5a3-f393-e0a9-e50e24dcca9e : bytearray(b'4,3')
2021-08-09 14:51:46,523 - INFO - root - x = 164, y = 60, Radius = 158.21278381347656
2021-08-09 14:51:46,523 - INFO - root - Decision Window: xRange = 489, 502,  yRange = 129, 89
2021-08-09 14:51:46,523 - INFO - root - Distance = 327, direction = 4, Win# 0
2021-08-09 14:51:46,605 - DEBUG - bleak.backends.dotnet.client - Write Characteristic 6e400002-b5a3-f393-e0a9-e50e24dcca9e : bytearray(b'4,3')
2021-08-09 14:51:46,623 - INFO - root - x = 165, y = 60, Radius = 156.7196044921875
2021-08-09 14:51:46,623 - INFO - root - Decision Window: xRange = 489, 502,  yRange = 129, 89
2021-08-09 14:51:46,623 - INFO - root - Distance = 326, direction = 4, Win# 0
2021-08-09 14:51:46,726 - DEBUG - bleak.backends.dotnet.client - Write Characteristic 6e400002-b5a3-f393-e0a9-e50e24dcca9e : bytearray(b'4,3')
2021-08-09 14:51:46,739 - DEBUG - bleak.backends.dotnet.client - Disconnecting from BLE device...
