2021-08-08 15:26:15,984 - INFO - root - 


2021-08-08 15:26:15,984 - INFO - root - PROGRAM BEGINS
2021-08-08 15:26:18,998 - DEBUG - asyncio - Using proactor: IocpProactor
2021-08-08 15:26:19,117 - DEBUG - bleak.backends.dotnet.scanner - Received 46:B2:45:36:6F:AF: Unknown.
2021-08-08 15:26:19,122 - DEBUG - bleak.backends.dotnet.scanner - Received 46:B2:45:36:6F:AF: Unknown.
2021-08-08 15:26:19,339 - DEBUG - bleak.backends.dotnet.scanner - Received 3F:4D:6C:C6:F2:5D: Unknown.
2021-08-08 15:26:19,702 - DEBUG - bleak.backends.dotnet.scanner - Received 3F:4D:6C:C6:F2:5D: Unknown.
2021-08-08 15:26:20,081 - DEBUG - bleak.backends.dotnet.scanner - Received 68:90:E5:67:23:08: Unknown.
2021-08-08 15:26:20,082 - DEBUG - bleak.backends.dotnet.scanner - Received 68:90:E5:67:23:08: Unknown.
2021-08-08 15:26:20,531 - DEBUG - bleak.backends.dotnet.scanner - Received 38:68:A4:0D:FE:EB: Unknown.
2021-08-08 15:26:20,644 - DEBUG - bleak.backends.dotnet.scanner - Received CC:D2:81:7A:31:C7: Unknown.
2021-08-08 15:26:20,645 - DEBUG - bleak.backends.dotnet.scanner - Received CC:D2:81:7A:31:C7: Unknown.
2021-08-08 15:26:20,994 - DEBUG - bleak.backends.dotnet.scanner - Received 38:68:A4:0D:FE:EB: Unknown.
2021-08-08 15:26:21,705 - DEBUG - bleak.backends.dotnet.scanner - Received 3F:4D:6C:C6:F2:5D: Unknown.
2021-08-08 15:26:22,060 - DEBUG - bleak.backends.dotnet.scanner - Received 38:68:A4:0D:FE:EB: Unknown.
2021-08-08 15:26:22,179 - DEBUG - bleak.backends.dotnet.scanner - Received 7C:9E:BD:EE:7A:82: Haptic Sleeve ML.
2021-08-08 15:26:22,180 - DEBUG - bleak.backends.dotnet.scanner - Received 7C:9E:BD:EE:7A:82: Unknown.
2021-08-08 15:26:22,180 - DEBUG - bleak.backends.dotnet.scanner - 6 devices found. Watcher status: 3.
2021-08-08 15:26:22,180 - DEBUG - bleak.backends.dotnet.client - Connecting to BLE device @ 7c:9e:bd:ee:7a:82
2021-08-08 15:26:25,723 - DEBUG - bleak.backends.dotnet.client - _ConnectionStatusChanged_Handler: 1
2021-08-08 15:26:25,723 - DEBUG - bleak.backends.dotnet.client - Get Services...
2021-08-08 15:26:25,776 - INFO - bleak.backends.dotnet.client - Services resolved for BleakClientDotNet (7c:9e:bd:ee:7a:82)
2021-08-08 15:26:34,990 - INFO - root - x = 492, y = 109, Radius = 65.65449523925781
2021-08-08 15:26:34,990 - INFO - root - Decision Window: xRange = 489, 502,  yRange = 129, 89
2021-08-08 15:26:34,990 - INFO - root - Distance = 0, direction = 0, Win# 0
2021-08-08 15:26:35,192 - DEBUG - bleak.backends.dotnet.client - Write Characteristic 6e400002-b5a3-f393-e0a9-e50e24dcca9e : bytearray(b'1,2')
2021-08-08 15:26:35,231 - INFO - root - x = 489, y = 108, Radius = 64.34681701660156
2021-08-08 15:26:35,231 - INFO - root - Decision Window: xRange = 489, 502,  yRange = 129, 89
2021-08-08 15:26:35,231 - INFO - root - Distance = 0, direction = 0, Win# 0
2021-08-08 15:26:35,312 - DEBUG - bleak.backends.dotnet.client - Write Characteristic 6e400002-b5a3-f393-e0a9-e50e24dcca9e : bytearray(b'1,2')
2021-08-08 15:26:35,341 - INFO - root - x = 493, y = 111, Radius = 67.42598724365234
2021-08-08 15:26:35,341 - INFO - root - Decision Window: xRange = 489, 502,  yRange = 129, 89
2021-08-08 15:26:35,341 - INFO - root - Distance = 0, direction = 0, Win# 0
2021-08-08 15:26:35,432 - DEBUG - bleak.backends.dotnet.client - Write Characteristic 6e400002-b5a3-f393-e0a9-e50e24dcca9e : bytearray(b'1,2')
2021-08-08 15:26:35,462 - INFO - root - x = 496, y = 110, Radius = 66.0705337524414
2021-08-08 15:26:35,462 - INFO - root - Decision Window: xRange = 489, 502,  yRange = 129, 89
2021-08-08 15:26:35,462 - INFO - root - Distance = 0, direction = 0, Win# 0
2021-08-08 15:26:35,551 - DEBUG - bleak.backends.dotnet.client - Write Characteristic 6e400002-b5a3-f393-e0a9-e50e24dcca9e : bytearray(b'1,2')
2021-08-08 15:26:35,590 - INFO - root - x = 496, y = 110, Radius = 68.02950286865234
2021-08-08 15:26:35,590 - INFO - root - Decision Window: xRange = 489, 502,  yRange = 129, 89
2021-08-08 15:26:35,590 - INFO - root - Distance = 0, direction = 0, Win# 0
2021-08-08 15:26:35,732 - DEBUG - bleak.backends.dotnet.client - Write Characteristic 6e400002-b5a3-f393-e0a9-e50e24dcca9e : bytearray(b'1,2')
2021-08-08 15:26:35,777 - INFO - root - x = 498, y = 110, Radius = 67.23104095458984
2021-08-08 15:26:35,777 - INFO - root - Decision Window: xRange = 489, 502,  yRange = 129, 89
2021-08-08 15:26:35,777 - INFO - root - Distance = 0, direction = 0, Win# 0
2021-08-08 15:26:36,092 - DEBUG - bleak.backends.dotnet.client - Write Characteristic 6e400002-b5a3-f393-e0a9-e50e24dcca9e : bytearray(b'1,2')
2021-08-08 15:26:36,127 - INFO - root - x = 503, y = 111, Radius = 67.135986328125
2021-08-08 15:26:36,127 - INFO - root - Decision Window: xRange = 489, 502,  yRange = 129, 89
2021-08-08 15:26:36,128 - INFO - root - Distance = 0, direction = 0, Win# 0
2021-08-08 15:26:36,271 - DEBUG - bleak.backends.dotnet.client - Write Characteristic 6e400002-b5a3-f393-e0a9-e50e24dcca9e : bytearray(b'1,2')
2021-08-08 15:26:36,312 - INFO - root - x = 504, y = 111, Radius = 67.07830047607422
2021-08-08 15:26:36,312 - INFO - root - Decision Window: xRange = 489, 502,  yRange = 129, 89
2021-08-08 15:26:36,312 - INFO - root - Distance = 0, direction = 0, Win# 0
2021-08-08 15:26:36,392 - DEBUG - bleak.backends.dotnet.client - Write Characteristic 6e400002-b5a3-f393-e0a9-e50e24dcca9e : bytearray(b'1,2')
2021-08-08 15:26:36,424 - INFO - root - x = 504, y = 111, Radius = 68.15433502197266
2021-08-08 15:26:36,425 - INFO - root - Decision Window: xRange = 489, 502,  yRange = 129, 89
2021-08-08 15:26:36,425 - INFO - root - Distance = 0, direction = 0, Win# 0
2021-08-08 15:26:36,692 - DEBUG - bleak.backends.dotnet.client - Write Characteristic 6e400002-b5a3-f393-e0a9-e50e24dcca9e : bytearray(b'1,2')
2021-08-08 15:26:36,733 - INFO - root - x = 481, y = 106, Radius = 61.74311828613281
2021-08-08 15:26:36,733 - INFO - root - Decision Window: xRange = 489, 502,  yRange = 129, 89
2021-08-08 15:26:36,733 - INFO - root - Distance = 8, direction = 4, Win# 0
2021-08-08 15:26:36,931 - DEBUG - bleak.backends.dotnet.client - Write Characteristic 6e400002-b5a3-f393-e0a9-e50e24dcca9e : bytearray(b'4,0')
2021-08-08 15:26:36,966 - INFO - root - x = 478, y = 105, Radius = 60.30723571777344
2021-08-08 15:26:36,966 - INFO - root - Decision Window: xRange = 477, 488,  yRange = 118, 82
2021-08-08 15:26:36,966 - INFO - root - Distance = 7, direction = 1, Win# 1
2021-08-08 15:26:37,051 - DEBUG - bleak.backends.dotnet.client - Write Characteristic 6e400002-b5a3-f393-e0a9-e50e24dcca9e : bytearray(b'1,0')
2021-08-08 15:26:37,086 - INFO - root - x = 481, y = 105, Radius = 60.601253509521484
2021-08-08 15:26:37,086 - INFO - root - Decision Window: xRange = 477, 488,  yRange = 118, 82
2021-08-08 15:26:37,086 - INFO - root - Distance = 0, direction = 0, Win# 1
2021-08-08 15:26:37,172 - DEBUG - bleak.backends.dotnet.client - Write Characteristic 6e400002-b5a3-f393-e0a9-e50e24dcca9e : bytearray(b'1,2')
2021-08-08 15:26:37,209 - INFO - root - x = 484, y = 106, Radius = 61.49197006225586
2021-08-08 15:26:37,209 - INFO - root - Decision Window: xRange = 477, 488,  yRange = 118, 82
2021-08-08 15:26:37,209 - INFO - root - Distance = 0, direction = 0, Win# 1
2021-08-08 15:26:37,291 - DEBUG - bleak.backends.dotnet.client - Write Characteristic 6e400002-b5a3-f393-e0a9-e50e24dcca9e : bytearray(b'1,2')
2021-08-08 15:26:37,319 - INFO - root - x = 493, y = 107, Radius = 62.406028747558594
2021-08-08 15:26:37,319 - INFO - root - Decision Window: xRange = 477, 488,  yRange = 118, 82
2021-08-08 15:26:37,319 - INFO - root - Distance = 0, direction = 0, Win# 1
2021-08-08 15:26:37,411 - DEBUG - bleak.backends.dotnet.client - Write Characteristic 6e400002-b5a3-f393-e0a9-e50e24dcca9e : bytearray(b'1,2')
2021-08-08 15:26:37,445 - INFO - root - x = 501, y = 107, Radius = 64.47489929199219
2021-08-08 15:26:37,445 - INFO - root - Decision Window: xRange = 477, 488,  yRange = 118, 82
2021-08-08 15:26:37,445 - INFO - root - Distance = 0, direction = 0, Win# 1
2021-08-08 15:26:37,531 - DEBUG - bleak.backends.dotnet.client - Write Characteristic 6e400002-b5a3-f393-e0a9-e50e24dcca9e : bytearray(b'1,2')
2021-08-08 15:26:37,564 - INFO - root - x = 503, y = 107, Radius = 63.231815338134766
2021-08-08 15:26:37,564 - INFO - root - Decision Window: xRange = 477, 488,  yRange = 118, 82
2021-08-08 15:26:37,564 - INFO - root - Distance = 0, direction = 0, Win# 1
2021-08-08 15:26:37,652 - DEBUG - bleak.backends.dotnet.client - Write Characteristic 6e400002-b5a3-f393-e0a9-e50e24dcca9e : bytearray(b'1,2')
2021-08-08 15:26:37,692 - INFO - root - x = 501, y = 109, Radius = 64.88461303710938
2021-08-08 15:26:37,692 - INFO - root - Decision Window: xRange = 477, 488,  yRange = 118, 82
2021-08-08 15:26:37,692 - INFO - root - Distance = 0, direction = 0, Win# 1
2021-08-08 15:26:37,951 - DEBUG - bleak.backends.dotnet.client - Write Characteristic 6e400002-b5a3-f393-e0a9-e50e24dcca9e : bytearray(b'1,2')
2021-08-08 15:26:37,979 - INFO - root - x = 505, y = 110, Radius = 66.63529968261719
2021-08-08 15:26:37,979 - INFO - root - Decision Window: xRange = 477, 488,  yRange = 118, 82
2021-08-08 15:26:37,979 - INFO - root - Distance = 0, direction = 0, Win# 1
2021-08-08 15:26:38,071 - DEBUG - bleak.backends.dotnet.client - Write Characteristic 6e400002-b5a3-f393-e0a9-e50e24dcca9e : bytearray(b'1,2')
2021-08-08 15:26:38,104 - INFO - root - x = 512, y = 111, Radius = 67.56636047363281
2021-08-08 15:26:38,104 - INFO - root - Decision Window: xRange = 477, 488,  yRange = 118, 82
2021-08-08 15:26:38,104 - INFO - root - Distance = 0, direction = 0, Win# 1
2021-08-08 15:26:38,251 - DEBUG - bleak.backends.dotnet.client - Write Characteristic 6e400002-b5a3-f393-e0a9-e50e24dcca9e : bytearray(b'1,2')
2021-08-08 15:26:38,287 - INFO - root - x = 536, y = 116, Radius = 72.4241943359375
2021-08-08 15:26:38,287 - INFO - root - Decision Window: xRange = 477, 488,  yRange = 118, 82
2021-08-08 15:26:38,287 - INFO - root - Distance = 0, direction = 0, Win# 1
2021-08-08 15:26:38,371 - DEBUG - bleak.backends.dotnet.client - Write Characteristic 6e400002-b5a3-f393-e0a9-e50e24dcca9e : bytearray(b'1,2')
2021-08-08 15:26:38,411 - INFO - root - x = 549, y = 117, Radius = 73.81405639648438
2021-08-08 15:26:38,411 - INFO - root - Decision Window: xRange = 477, 488,  yRange = 118, 82
2021-08-08 15:26:38,411 - INFO - root - Distance = 0, direction = 0, Win# 1
2021-08-08 15:26:38,611 - DEBUG - bleak.backends.dotnet.client - Write Characteristic 6e400002-b5a3-f393-e0a9-e50e24dcca9e : bytearray(b'1,2')
2021-08-08 15:26:38,645 - INFO - root - x = 573, y = 126, Radius = 76.88475036621094
2021-08-08 15:26:38,645 - INFO - root - Decision Window: xRange = 477, 488,  yRange = 118, 82
2021-08-08 15:26:38,646 - INFO - root - Distance = 0, direction = 0, Win# 1
2021-08-08 15:26:38,731 - DEBUG - bleak.backends.dotnet.client - Write Characteristic 6e400002-b5a3-f393-e0a9-e50e24dcca9e : bytearray(b'1,2')
2021-08-08 15:26:38,767 - INFO - root - x = 570, y = 125, Radius = 74.78144836425781
2021-08-08 15:26:38,768 - INFO - root - Decision Window: xRange = 477, 488,  yRange = 118, 82
2021-08-08 15:26:38,768 - INFO - root - Distance = 0, direction = 0, Win# 1
2021-08-08 15:26:38,851 - DEBUG - bleak.backends.dotnet.client - Write Characteristic 6e400002-b5a3-f393-e0a9-e50e24dcca9e : bytearray(b'1,2')
2021-08-08 15:26:38,893 - INFO - root - x = 557, y = 122, Radius = 73.44735717773438
2021-08-08 15:26:38,893 - INFO - root - Decision Window: xRange = 477, 488,  yRange = 118, 82
2021-08-08 15:26:38,893 - INFO - root - Distance = 0, direction = 0, Win# 1
2021-08-08 15:26:38,971 - DEBUG - bleak.backends.dotnet.client - Write Characteristic 6e400002-b5a3-f393-e0a9-e50e24dcca9e : bytearray(b'1,2')
2021-08-08 15:26:39,013 - INFO - root - x = 546, y = 117, Radius = 72.15618133544922
2021-08-08 15:26:39,014 - INFO - root - Decision Window: xRange = 477, 488,  yRange = 118, 82
2021-08-08 15:26:39,014 - INFO - root - Distance = 0, direction = 0, Win# 1
2021-08-08 15:26:39,091 - DEBUG - bleak.backends.dotnet.client - Write Characteristic 6e400002-b5a3-f393-e0a9-e50e24dcca9e : bytearray(b'1,2')
2021-08-08 15:26:39,121 - INFO - root - x = 539, y = 115, Radius = 70.75495910644531
2021-08-08 15:26:39,121 - INFO - root - Decision Window: xRange = 477, 488,  yRange = 118, 82
2021-08-08 15:26:39,121 - INFO - root - Distance = 0, direction = 0, Win# 1
2021-08-08 15:26:39,211 - DEBUG - bleak.backends.dotnet.client - Write Characteristic 6e400002-b5a3-f393-e0a9-e50e24dcca9e : bytearray(b'1,2')
2021-08-08 15:26:39,247 - INFO - root - x = 532, y = 114, Radius = 70.19447326660156
2021-08-08 15:26:39,247 - INFO - root - Decision Window: xRange = 477, 488,  yRange = 118, 82
2021-08-08 15:26:39,247 - INFO - root - Distance = 0, direction = 0, Win# 1
2021-08-08 15:26:39,331 - DEBUG - bleak.backends.dotnet.client - Write Characteristic 6e400002-b5a3-f393-e0a9-e50e24dcca9e : bytearray(b'1,2')
2021-08-08 15:26:39,367 - INFO - root - x = 523, y = 112, Radius = 69.39930725097656
2021-08-08 15:26:39,367 - INFO - root - Decision Window: xRange = 477, 488,  yRange = 118, 82
2021-08-08 15:26:39,367 - INFO - root - Distance = 0, direction = 0, Win# 1
2021-08-08 15:26:39,451 - DEBUG - bleak.backends.dotnet.client - Write Characteristic 6e400002-b5a3-f393-e0a9-e50e24dcca9e : bytearray(b'1,2')
2021-08-08 15:26:39,495 - INFO - root - x = 516, y = 112, Radius = 68.2001724243164
2021-08-08 15:26:39,495 - INFO - root - Decision Window: xRange = 477, 488,  yRange = 118, 82
2021-08-08 15:26:39,495 - INFO - root - Distance = 0, direction = 0, Win# 1
2021-08-08 15:26:39,631 - DEBUG - bleak.backends.dotnet.client - Write Characteristic 6e400002-b5a3-f393-e0a9-e50e24dcca9e : bytearray(b'1,2')
2021-08-08 15:26:39,662 - INFO - root - x = 513, y = 113, Radius = 69.07976531982422
2021-08-08 15:26:39,662 - INFO - root - Decision Window: xRange = 477, 488,  yRange = 118, 82
2021-08-08 15:26:39,662 - INFO - root - Distance = 0, direction = 0, Win# 1
2021-08-08 15:26:39,752 - DEBUG - bleak.backends.dotnet.client - Write Characteristic 6e400002-b5a3-f393-e0a9-e50e24dcca9e : bytearray(b'1,2')
2021-08-08 15:26:39,785 - INFO - root - x = 509, y = 115, Radius = 70.58436584472656
2021-08-08 15:26:39,785 - INFO - root - Decision Window: xRange = 477, 488,  yRange = 118, 82
2021-08-08 15:26:39,785 - INFO - root - Distance = 0, direction = 0, Win# 1
2021-08-08 15:26:39,872 - DEBUG - bleak.backends.dotnet.client - Write Characteristic 6e400002-b5a3-f393-e0a9-e50e24dcca9e : bytearray(b'1,2')
2021-08-08 15:26:39,895 - INFO - root - x = 507, y = 114, Radius = 70.7220230102539
2021-08-08 15:26:39,895 - INFO - root - Decision Window: xRange = 477, 488,  yRange = 118, 82
2021-08-08 15:26:39,895 - INFO - root - Distance = 0, direction = 0, Win# 1
2021-08-08 15:26:40,052 - DEBUG - bleak.backends.dotnet.client - Write Characteristic 6e400002-b5a3-f393-e0a9-e50e24dcca9e : bytearray(b'1,2')
2021-08-08 15:26:40,081 - INFO - root - x = 503, y = 113, Radius = 69.76577758789062
2021-08-08 15:26:40,081 - INFO - root - Decision Window: xRange = 477, 488,  yRange = 118, 82
2021-08-08 15:26:40,081 - INFO - root - Distance = 0, direction = 0, Win# 1
2021-08-08 15:26:40,232 - DEBUG - bleak.backends.dotnet.client - Write Characteristic 6e400002-b5a3-f393-e0a9-e50e24dcca9e : bytearray(b'1,2')
2021-08-08 15:26:40,264 - INFO - root - x = 495, y = 112, Radius = 67.57413482666016
2021-08-08 15:26:40,264 - INFO - root - Decision Window: xRange = 477, 488,  yRange = 118, 82
2021-08-08 15:26:40,264 - INFO - root - Distance = 0, direction = 0, Win# 1
2021-08-08 15:26:40,411 - DEBUG - bleak.backends.dotnet.client - Write Characteristic 6e400002-b5a3-f393-e0a9-e50e24dcca9e : bytearray(b'1,2')
2021-08-08 15:26:40,449 - INFO - root - x = 481, y = 110, Radius = 65.96410369873047
2021-08-08 15:26:40,449 - INFO - root - Decision Window: xRange = 477, 488,  yRange = 118, 82
2021-08-08 15:26:40,449 - INFO - root - Distance = 0, direction = 0, Win# 1
2021-08-08 15:26:40,532 - DEBUG - bleak.backends.dotnet.client - Write Characteristic 6e400002-b5a3-f393-e0a9-e50e24dcca9e : bytearray(b'1,2')
2021-08-08 15:26:40,561 - INFO - root - x = 479, y = 111, Radius = 66.37925720214844
2021-08-08 15:26:40,561 - INFO - root - Decision Window: xRange = 477, 488,  yRange = 118, 82
2021-08-08 15:26:40,561 - INFO - root - Distance = 0, direction = 0, Win# 1
2021-08-08 15:26:40,652 - DEBUG - bleak.backends.dotnet.client - Write Characteristic 6e400002-b5a3-f393-e0a9-e50e24dcca9e : bytearray(b'1,2')
2021-08-08 15:26:40,682 - INFO - root - x = 482, y = 113, Radius = 67.60187530517578
2021-08-08 15:26:40,682 - INFO - root - Decision Window: xRange = 477, 488,  yRange = 118, 82
2021-08-08 15:26:40,682 - INFO - root - Distance = 0, direction = 0, Win# 1
2021-08-08 15:26:40,771 - DEBUG - bleak.backends.dotnet.client - Write Characteristic 6e400002-b5a3-f393-e0a9-e50e24dcca9e : bytearray(b'1,2')
2021-08-08 15:26:40,804 - INFO - root - x = 481, y = 115, Radius = 73.16088104248047
2021-08-08 15:26:40,804 - INFO - root - Decision Window: xRange = 477, 488,  yRange = 118, 82
2021-08-08 15:26:40,804 - INFO - root - Distance = 0, direction = 0, Win# 1
2021-08-08 15:26:40,951 - DEBUG - bleak.backends.dotnet.client - Write Characteristic 6e400002-b5a3-f393-e0a9-e50e24dcca9e : bytearray(b'1,2')
2021-08-08 15:26:40,990 - INFO - root - x = 493, y = 117, Radius = 73.34857940673828
2021-08-08 15:26:40,990 - INFO - root - Decision Window: xRange = 477, 488,  yRange = 118, 82
2021-08-08 15:26:40,990 - INFO - root - Distance = 0, direction = 0, Win# 1
2021-08-08 15:26:41,072 - DEBUG - bleak.backends.dotnet.client - Write Characteristic 6e400002-b5a3-f393-e0a9-e50e24dcca9e : bytearray(b'1,2')
2021-08-08 15:26:41,100 - INFO - root - x = 494, y = 117, Radius = 73.37073516845703
2021-08-08 15:26:41,100 - INFO - root - Decision Window: xRange = 477, 488,  yRange = 118, 82
2021-08-08 15:26:41,100 - INFO - root - Distance = 0, direction = 0, Win# 1
2021-08-08 15:26:41,251 - DEBUG - bleak.backends.dotnet.client - Write Characteristic 6e400002-b5a3-f393-e0a9-e50e24dcca9e : bytearray(b'1,2')
2021-08-08 15:26:41,284 - INFO - root - x = 493, y = 116, Radius = 73.08000946044922
2021-08-08 15:26:41,284 - INFO - root - Decision Window: xRange = 477, 488,  yRange = 118, 82
2021-08-08 15:26:41,284 - INFO - root - Distance = 0, direction = 0, Win# 1
2021-08-08 15:26:41,372 - DEBUG - bleak.backends.dotnet.client - Write Characteristic 6e400002-b5a3-f393-e0a9-e50e24dcca9e : bytearray(b'1,2')
2021-08-08 15:26:41,411 - INFO - root - x = 497, y = 116, Radius = 72.74967193603516
2021-08-08 15:26:41,411 - INFO - root - Decision Window: xRange = 477, 488,  yRange = 118, 82
2021-08-08 15:26:41,411 - INFO - root - Distance = 0, direction = 0, Win# 1
2021-08-08 15:26:41,491 - DEBUG - bleak.backends.dotnet.client - Write Characteristic 6e400002-b5a3-f393-e0a9-e50e24dcca9e : bytearray(b'1,2')
2021-08-08 15:26:41,530 - INFO - root - x = 504, y = 117, Radius = 73.66581726074219
2021-08-08 15:26:41,530 - INFO - root - Decision Window: xRange = 477, 488,  yRange = 118, 82
2021-08-08 15:26:41,530 - INFO - root - Distance = 0, direction = 0, Win# 1
2021-08-08 15:26:41,672 - DEBUG - bleak.backends.dotnet.client - Write Characteristic 6e400002-b5a3-f393-e0a9-e50e24dcca9e : bytearray(b'1,2')
2021-08-08 15:26:41,701 - INFO - root - x = 511, y = 118, Radius = 75.42058563232422
2021-08-08 15:26:41,701 - INFO - root - Decision Window: xRange = 477, 488,  yRange = 118, 82
2021-08-08 15:26:41,701 - INFO - root - Distance = 0, direction = 0, Win# 1
2021-08-08 15:26:41,791 - DEBUG - bleak.backends.dotnet.client - Write Characteristic 6e400002-b5a3-f393-e0a9-e50e24dcca9e : bytearray(b'1,2')
2021-08-08 15:26:41,822 - INFO - root - x = 507, y = 117, Radius = 73.79422760009766
2021-08-08 15:26:41,822 - INFO - root - Decision Window: xRange = 477, 488,  yRange = 118, 82
2021-08-08 15:26:41,822 - INFO - root - Distance = 0, direction = 0, Win# 1
2021-08-08 15:26:41,971 - DEBUG - bleak.backends.dotnet.client - Write Characteristic 6e400002-b5a3-f393-e0a9-e50e24dcca9e : bytearray(b'1,2')
2021-08-08 15:26:42,013 - INFO - root - x = 502, y = 116, Radius = 72.29290771484375
2021-08-08 15:26:42,013 - INFO - root - Decision Window: xRange = 477, 488,  yRange = 118, 82
2021-08-08 15:26:42,013 - INFO - root - Distance = 0, direction = 0, Win# 1
2021-08-08 15:26:42,152 - DEBUG - bleak.backends.dotnet.client - Write Characteristic 6e400002-b5a3-f393-e0a9-e50e24dcca9e : bytearray(b'1,2')
2021-08-08 15:26:42,181 - INFO - root - x = 497, y = 116, Radius = 72.5483627319336
2021-08-08 15:26:42,181 - INFO - root - Decision Window: xRange = 477, 488,  yRange = 118, 82
2021-08-08 15:26:42,181 - INFO - root - Distance = 0, direction = 0, Win# 1
2021-08-08 15:26:42,271 - DEBUG - bleak.backends.dotnet.client - Write Characteristic 6e400002-b5a3-f393-e0a9-e50e24dcca9e : bytearray(b'1,2')
2021-08-08 15:26:42,290 - INFO - root - x = 483, y = 113, Radius = 68.21027374267578
2021-08-08 15:26:42,290 - INFO - root - Decision Window: xRange = 477, 488,  yRange = 118, 82
2021-08-08 15:26:42,290 - INFO - root - Distance = 0, direction = 0, Win# 1
2021-08-08 15:26:42,391 - DEBUG - bleak.backends.dotnet.client - Write Characteristic 6e400002-b5a3-f393-e0a9-e50e24dcca9e : bytearray(b'1,2')
2021-08-08 15:26:42,430 - INFO - root - x = 474, y = 109, Radius = 65.60148620605469
2021-08-08 15:26:42,430 - INFO - root - Decision Window: xRange = 477, 488,  yRange = 118, 82
2021-08-08 15:26:42,430 - INFO - root - Distance = 13, direction = 1, Win# 1
2021-08-08 15:26:42,511 - DEBUG - bleak.backends.dotnet.client - Write Characteristic 6e400002-b5a3-f393-e0a9-e50e24dcca9e : bytearray(b'1,0')
2021-08-08 15:26:42,553 - INFO - root - x = 467, y = 107, Radius = 63.51353073120117
2021-08-08 15:26:42,553 - INFO - root - Decision Window: xRange = 477, 488,  yRange = 118, 82
2021-08-08 15:26:42,553 - INFO - root - Distance = 16, direction = 1, Win# 1
2021-08-08 15:26:42,631 - DEBUG - bleak.backends.dotnet.client - Write Characteristic 6e400002-b5a3-f393-e0a9-e50e24dcca9e : bytearray(b'1,0')
2021-08-08 15:26:42,660 - INFO - root - x = 462, y = 106, Radius = 62.19535446166992
2021-08-08 15:26:42,660 - INFO - root - Decision Window: xRange = 466, 476,  yRange = 115, 80
2021-08-08 15:26:42,660 - INFO - root - Distance = 16, direction = 1, Win# 2
2021-08-08 15:26:42,752 - DEBUG - bleak.backends.dotnet.client - Write Characteristic 6e400002-b5a3-f393-e0a9-e50e24dcca9e : bytearray(b'1,0')
2021-08-08 15:26:42,786 - INFO - root - x = 457, y = 105, Radius = 60.057228088378906
2021-08-08 15:26:42,786 - INFO - root - Decision Window: xRange = 466, 476,  yRange = 115, 80
2021-08-08 15:26:42,786 - INFO - root - Distance = 18, direction = 1, Win# 2
2021-08-08 15:26:42,871 - DEBUG - bleak.backends.dotnet.client - Write Characteristic 6e400002-b5a3-f393-e0a9-e50e24dcca9e : bytearray(b'1,0')
2021-08-08 15:26:42,904 - INFO - root - x = 458, y = 106, Radius = 61.288352966308594
2021-08-08 15:26:42,904 - INFO - root - Decision Window: xRange = 466, 476,  yRange = 115, 80
2021-08-08 15:26:42,904 - INFO - root - Distance = 18, direction = 1, Win# 2
2021-08-08 15:26:42,991 - DEBUG - bleak.backends.dotnet.client - Write Characteristic 6e400002-b5a3-f393-e0a9-e50e24dcca9e : bytearray(b'1,0')
2021-08-08 15:26:43,032 - INFO - root - x = 468, y = 108, Radius = 64.28945922851562
2021-08-08 15:26:43,032 - INFO - root - Decision Window: xRange = 466, 476,  yRange = 115, 80
2021-08-08 15:26:43,032 - INFO - root - Distance = 0, direction = 0, Win# 2
2021-08-08 15:26:43,171 - DEBUG - bleak.backends.dotnet.client - Write Characteristic 6e400002-b5a3-f393-e0a9-e50e24dcca9e : bytearray(b'1,2')
2021-08-08 15:26:43,217 - INFO - root - x = 487, y = 109, Radius = 64.93275451660156
2021-08-08 15:26:43,217 - INFO - root - Decision Window: xRange = 466, 476,  yRange = 115, 80
2021-08-08 15:26:43,217 - INFO - root - Distance = 0, direction = 0, Win# 2
2021-08-08 15:26:43,292 - DEBUG - bleak.backends.dotnet.client - Write Characteristic 6e400002-b5a3-f393-e0a9-e50e24dcca9e : bytearray(b'1,2')
2021-08-08 15:26:43,323 - INFO - root - x = 492, y = 108, Radius = 64.22860717773438
2021-08-08 15:26:43,323 - INFO - root - Decision Window: xRange = 466, 476,  yRange = 115, 80
2021-08-08 15:26:43,323 - INFO - root - Distance = 0, direction = 0, Win# 2
2021-08-08 15:26:43,531 - DEBUG - bleak.backends.dotnet.client - Write Characteristic 6e400002-b5a3-f393-e0a9-e50e24dcca9e : bytearray(b'1,2')
2021-08-08 15:26:43,570 - INFO - root - x = 478, y = 105, Radius = 59.540000915527344
2021-08-08 15:26:43,570 - INFO - root - Decision Window: xRange = 466, 476,  yRange = 115, 80
2021-08-08 15:26:43,570 - INFO - root - Distance = 0, direction = 0, Win# 2
2021-08-08 15:26:43,651 - DEBUG - bleak.backends.dotnet.client - Write Characteristic 6e400002-b5a3-f393-e0a9-e50e24dcca9e : bytearray(b'1,2')
2021-08-08 15:26:43,695 - INFO - root - x = 475, y = 103, Radius = 57.915985107421875
2021-08-08 15:26:43,695 - INFO - root - Decision Window: xRange = 466, 476,  yRange = 115, 80
2021-08-08 15:26:43,695 - INFO - root - Distance = 0, direction = 0, Win# 2
2021-08-08 15:26:43,771 - DEBUG - bleak.backends.dotnet.client - Write Characteristic 6e400002-b5a3-f393-e0a9-e50e24dcca9e : bytearray(b'1,2')
2021-08-08 15:26:43,800 - INFO - root - x = 480, y = 102, Radius = 55.70018768310547
2021-08-08 15:26:43,800 - INFO - root - Decision Window: xRange = 466, 476,  yRange = 115, 80
2021-08-08 15:26:43,801 - INFO - root - Distance = 0, direction = 0, Win# 2
2021-08-08 15:26:43,952 - DEBUG - bleak.backends.dotnet.client - Write Characteristic 6e400002-b5a3-f393-e0a9-e50e24dcca9e : bytearray(b'1,2')
2021-08-08 15:26:43,984 - INFO - root - x = 489, y = 104, Radius = 58.23453903198242
2021-08-08 15:26:43,984 - INFO - root - Decision Window: xRange = 466, 476,  yRange = 115, 80
2021-08-08 15:26:43,984 - INFO - root - Distance = 0, direction = 0, Win# 2
2021-08-08 15:26:44,071 - DEBUG - bleak.backends.dotnet.client - Write Characteristic 6e400002-b5a3-f393-e0a9-e50e24dcca9e : bytearray(b'1,2')
2021-08-08 15:26:44,106 - INFO - root - x = 500, y = 106, Radius = 61.386173248291016
2021-08-08 15:26:44,106 - INFO - root - Decision Window: xRange = 466, 476,  yRange = 115, 80
2021-08-08 15:26:44,106 - INFO - root - Distance = 0, direction = 0, Win# 2
2021-08-08 15:26:44,252 - DEBUG - bleak.backends.dotnet.client - Write Characteristic 6e400002-b5a3-f393-e0a9-e50e24dcca9e : bytearray(b'1,2')
2021-08-08 15:26:44,279 - INFO - root - x = 505, y = 105, Radius = 59.43738555908203
2021-08-08 15:26:44,279 - INFO - root - Decision Window: xRange = 466, 476,  yRange = 115, 80
2021-08-08 15:26:44,280 - INFO - root - Distance = 0, direction = 0, Win# 2
2021-08-08 15:26:44,432 - DEBUG - bleak.backends.dotnet.client - Write Characteristic 6e400002-b5a3-f393-e0a9-e50e24dcca9e : bytearray(b'1,2')
2021-08-08 15:26:44,468 - INFO - root - x = 480, y = 102, Radius = 56.81779098510742
2021-08-08 15:26:44,468 - INFO - root - Decision Window: xRange = 466, 476,  yRange = 115, 80
2021-08-08 15:26:44,468 - INFO - root - Distance = 0, direction = 0, Win# 2
2021-08-08 15:26:44,551 - DEBUG - bleak.backends.dotnet.client - Write Characteristic 6e400002-b5a3-f393-e0a9-e50e24dcca9e : bytearray(b'1,2')
2021-08-08 15:26:44,588 - INFO - root - x = 472, y = 100, Radius = 53.66572952270508
2021-08-08 15:26:44,588 - INFO - root - Decision Window: xRange = 466, 476,  yRange = 115, 80
2021-08-08 15:26:44,588 - INFO - root - Distance = 0, direction = 0, Win# 2
2021-08-08 15:26:44,671 - DEBUG - bleak.backends.dotnet.client - Write Characteristic 6e400002-b5a3-f393-e0a9-e50e24dcca9e : bytearray(b'1,2')
2021-08-08 15:26:44,715 - INFO - root - x = 467, y = 99, Radius = 52.35264587402344
2021-08-08 15:26:44,715 - INFO - root - Decision Window: xRange = 466, 476,  yRange = 115, 80
2021-08-08 15:26:44,715 - INFO - root - Distance = 0, direction = 0, Win# 2
2021-08-08 15:26:44,851 - DEBUG - bleak.backends.dotnet.client - Write Characteristic 6e400002-b5a3-f393-e0a9-e50e24dcca9e : bytearray(b'1,2')
2021-08-08 15:26:44,883 - INFO - root - x = 468, y = 99, Radius = 52.773197174072266
2021-08-08 15:26:44,883 - INFO - root - Decision Window: xRange = 466, 476,  yRange = 115, 80
2021-08-08 15:26:44,883 - INFO - root - Distance = 0, direction = 0, Win# 2
2021-08-08 15:26:44,971 - DEBUG - bleak.backends.dotnet.client - Write Characteristic 6e400002-b5a3-f393-e0a9-e50e24dcca9e : bytearray(b'1,2')
2021-08-08 15:26:45,003 - INFO - root - x = 467, y = 99, Radius = 52.5787239074707
2021-08-08 15:26:45,004 - INFO - root - Decision Window: xRange = 466, 476,  yRange = 115, 80
2021-08-08 15:26:45,004 - INFO - root - Distance = 0, direction = 0, Win# 2
2021-08-08 15:26:45,092 - DEBUG - bleak.backends.dotnet.client - Write Characteristic 6e400002-b5a3-f393-e0a9-e50e24dcca9e : bytearray(b'1,2')
2021-08-08 15:26:45,130 - INFO - root - x = 475, y = 100, Radius = 54.23108673095703
2021-08-08 15:26:45,130 - INFO - root - Decision Window: xRange = 466, 476,  yRange = 115, 80
2021-08-08 15:26:45,130 - INFO - root - Distance = 0, direction = 0, Win# 2
2021-08-08 15:26:45,212 - DEBUG - bleak.backends.dotnet.client - Write Characteristic 6e400002-b5a3-f393-e0a9-e50e24dcca9e : bytearray(b'1,2')
2021-08-08 15:26:45,250 - INFO - root - x = 490, y = 101, Radius = 55.713653564453125
2021-08-08 15:26:45,250 - INFO - root - Decision Window: xRange = 466, 476,  yRange = 115, 80
2021-08-08 15:26:45,250 - INFO - root - Distance = 0, direction = 0, Win# 2
2021-08-08 15:26:45,391 - DEBUG - bleak.backends.dotnet.client - Write Characteristic 6e400002-b5a3-f393-e0a9-e50e24dcca9e : bytearray(b'1,2')
2021-08-08 15:26:45,420 - INFO - root - x = 495, y = 101, Radius = 53.91902160644531
2021-08-08 15:26:45,420 - INFO - root - Decision Window: xRange = 466, 476,  yRange = 115, 80
2021-08-08 15:26:45,420 - INFO - root - Distance = 0, direction = 0, Win# 2
2021-08-08 15:26:45,511 - DEBUG - bleak.backends.dotnet.client - Write Characteristic 6e400002-b5a3-f393-e0a9-e50e24dcca9e : bytearray(b'1,2')
2021-08-08 15:26:45,542 - INFO - root - x = 477, y = 97, Radius = 50.152366638183594
2021-08-08 15:26:45,542 - INFO - root - Decision Window: xRange = 466, 476,  yRange = 115, 80
2021-08-08 15:26:45,542 - INFO - root - Distance = 0, direction = 0, Win# 2
2021-08-08 15:26:45,692 - DEBUG - bleak.backends.dotnet.client - Write Characteristic 6e400002-b5a3-f393-e0a9-e50e24dcca9e : bytearray(b'1,2')
2021-08-08 15:26:45,733 - INFO - root - x = 460, y = 93, Radius = 45.91499710083008
2021-08-08 15:26:45,733 - INFO - root - Decision Window: xRange = 466, 476,  yRange = 115, 80
2021-08-08 15:26:45,733 - INFO - root - Distance = 7, direction = 4, Win# 2
2021-08-08 15:26:45,871 - DEBUG - bleak.backends.dotnet.client - Write Characteristic 6e400002-b5a3-f393-e0a9-e50e24dcca9e : bytearray(b'4,0')
2021-08-08 15:26:45,883 - INFO - root - x = 469, y = 96, Radius = 49.10099411010742
2021-08-08 15:26:45,883 - INFO - root - Decision Window: xRange = 466, 476,  yRange = 115, 80
2021-08-08 15:26:45,883 - INFO - root - Distance = 0, direction = 0, Win# 2
2021-08-08 15:26:45,992 - DEBUG - bleak.backends.dotnet.client - Write Characteristic 6e400002-b5a3-f393-e0a9-e50e24dcca9e : bytearray(b'1,2')
2021-08-08 15:26:46,006 - INFO - root - x = 479, y = 98, Radius = 50.83901596069336
2021-08-08 15:26:46,006 - INFO - root - Decision Window: xRange = 466, 476,  yRange = 115, 80
2021-08-08 15:26:46,006 - INFO - root - Distance = 0, direction = 0, Win# 2
2021-08-08 15:26:46,111 - DEBUG - bleak.backends.dotnet.client - Write Characteristic 6e400002-b5a3-f393-e0a9-e50e24dcca9e : bytearray(b'1,2')
2021-08-08 15:26:46,149 - INFO - root - x = 493, y = 98, Radius = 52.23086929321289
2021-08-08 15:26:46,149 - INFO - root - Decision Window: xRange = 466, 476,  yRange = 115, 80
2021-08-08 15:26:46,149 - INFO - root - Distance = 0, direction = 0, Win# 2
2021-08-08 15:26:46,351 - DEBUG - bleak.backends.dotnet.client - Write Characteristic 6e400002-b5a3-f393-e0a9-e50e24dcca9e : bytearray(b'1,2')
2021-08-08 15:26:46,392 - INFO - root - x = 485, y = 96, Radius = 49.44095230102539
2021-08-08 15:26:46,392 - INFO - root - Decision Window: xRange = 466, 476,  yRange = 115, 80
2021-08-08 15:26:46,392 - INFO - root - Distance = 0, direction = 0, Win# 2
2021-08-08 15:26:46,471 - DEBUG - bleak.backends.dotnet.client - Write Characteristic 6e400002-b5a3-f393-e0a9-e50e24dcca9e : bytearray(b'1,2')
2021-08-08 15:26:46,501 - INFO - root - x = 479, y = 96, Radius = 49.206298828125
2021-08-08 15:26:46,501 - INFO - root - Decision Window: xRange = 466, 476,  yRange = 115, 80
2021-08-08 15:26:46,502 - INFO - root - Distance = 0, direction = 0, Win# 2
2021-08-08 15:26:46,772 - DEBUG - bleak.backends.dotnet.client - Write Characteristic 6e400002-b5a3-f393-e0a9-e50e24dcca9e : bytearray(b'1,2')
2021-08-08 15:26:46,811 - INFO - root - x = 470, y = 94, Radius = 48.25981140136719
2021-08-08 15:26:46,811 - INFO - root - Decision Window: xRange = 466, 476,  yRange = 115, 80
2021-08-08 15:26:46,811 - INFO - root - Distance = 0, direction = 0, Win# 2
2021-08-08 15:26:46,891 - DEBUG - bleak.backends.dotnet.client - Write Characteristic 6e400002-b5a3-f393-e0a9-e50e24dcca9e : bytearray(b'1,2')
2021-08-08 15:26:46,920 - INFO - root - x = 476, y = 96, Radius = 48.446231842041016
2021-08-08 15:26:46,920 - INFO - root - Decision Window: xRange = 466, 476,  yRange = 115, 80
2021-08-08 15:26:46,920 - INFO - root - Distance = 0, direction = 0, Win# 2
2021-08-08 15:26:47,131 - DEBUG - bleak.backends.dotnet.client - Write Characteristic 6e400002-b5a3-f393-e0a9-e50e24dcca9e : bytearray(b'1,2')
2021-08-08 15:26:47,150 - INFO - root - x = 470, y = 95, Radius = 50.06256103515625
2021-08-08 15:26:47,150 - INFO - root - Decision Window: xRange = 466, 476,  yRange = 115, 80
2021-08-08 15:26:47,150 - INFO - root - Distance = 0, direction = 0, Win# 2
2021-08-08 15:26:47,252 - DEBUG - bleak.backends.dotnet.client - Write Characteristic 6e400002-b5a3-f393-e0a9-e50e24dcca9e : bytearray(b'1,2')
2021-08-08 15:26:47,289 - INFO - root - x = 464, y = 94, Radius = 46.736061096191406
2021-08-08 15:26:47,289 - INFO - root - Decision Window: xRange = 466, 476,  yRange = 115, 80
2021-08-08 15:26:47,289 - INFO - root - Distance = 0, direction = 0, Win# 2
2021-08-08 15:26:47,431 - DEBUG - bleak.backends.dotnet.client - Write Characteristic 6e400002-b5a3-f393-e0a9-e50e24dcca9e : bytearray(b'1,2')
2021-08-08 15:26:47,460 - INFO - root - x = 458, y = 93, Radius = 46.64771270751953
2021-08-08 15:26:47,460 - INFO - root - Decision Window: xRange = 458, 465,  yRange = 98, 78
2021-08-08 15:26:47,460 - INFO - root - Distance = 7, direction = 4, Win# 3
2021-08-08 15:26:47,552 - DEBUG - bleak.backends.dotnet.client - Write Characteristic 6e400002-b5a3-f393-e0a9-e50e24dcca9e : bytearray(b'4,0')
2021-08-08 15:26:47,589 - INFO - root - x = 450, y = 93, Radius = 46.529659271240234
2021-08-08 15:26:47,589 - INFO - root - Decision Window: xRange = 458, 465,  yRange = 98, 78
2021-08-08 15:26:47,589 - INFO - root - Distance = 11, direction = 1, Win# 3
2021-08-08 15:26:47,732 - DEBUG - bleak.backends.dotnet.client - Write Characteristic 6e400002-b5a3-f393-e0a9-e50e24dcca9e : bytearray(b'1,0')
2021-08-08 15:26:47,772 - INFO - root - x = 428, y = 91, Radius = 45.01628112792969
2021-08-08 15:26:47,772 - INFO - root - Decision Window: xRange = 443, 457,  yRange = 96, 69
2021-08-08 15:26:47,772 - INFO - root - Distance = 21, direction = 4, Win# 4
2021-08-08 15:26:47,851 - DEBUG - bleak.backends.dotnet.client - Write Characteristic 6e400002-b5a3-f393-e0a9-e50e24dcca9e : bytearray(b'4,0')
2021-08-08 15:26:47,894 - INFO - root - x = 415, y = 91, Radius = 45.69473648071289
2021-08-08 15:26:47,894 - INFO - root - Decision Window: xRange = 431, 442,  yRange = 87, 66
2021-08-08 15:26:47,894 - INFO - root - Distance = 22, direction = 1, Win# 5
2021-08-08 15:26:47,972 - DEBUG - bleak.backends.dotnet.client - Write Characteristic 6e400002-b5a3-f393-e0a9-e50e24dcca9e : bytearray(b'1,0')
2021-08-08 15:26:48,005 - INFO - root - x = 406, y = 90, Radius = 44.70253372192383
2021-08-08 15:26:48,005 - INFO - root - Decision Window: xRange = 420, 430,  yRange = 84, 65
2021-08-08 15:26:48,005 - INFO - root - Distance = 21, direction = 1, Win# 6
2021-08-08 15:26:48,092 - DEBUG - bleak.backends.dotnet.client - Write Characteristic 6e400002-b5a3-f393-e0a9-e50e24dcca9e : bytearray(b'1,0')
2021-08-08 15:26:48,128 - INFO - root - x = 395, y = 90, Radius = 45.029850006103516
2021-08-08 15:26:48,128 - INFO - root - Decision Window: xRange = 400, 419,  yRange = 83, 65
2021-08-08 15:26:48,128 - INFO - root - Distance = 15, direction = 1, Win# 7
2021-08-08 15:26:48,211 - DEBUG - bleak.backends.dotnet.client - Write Characteristic 6e400002-b5a3-f393-e0a9-e50e24dcca9e : bytearray(b'1,0')
2021-08-08 15:26:48,253 - INFO - root - x = 390, y = 89, Radius = 46.00281524658203
2021-08-08 15:26:48,253 - INFO - root - Decision Window: xRange = 386, 399,  yRange = 85, 70
2021-08-08 15:26:48,253 - INFO - root - Distance = 9, direction = 1, Win# 8
2021-08-08 15:26:48,331 - DEBUG - bleak.backends.dotnet.client - Write Characteristic 6e400002-b5a3-f393-e0a9-e50e24dcca9e : bytearray(b'1,0')
2021-08-08 15:26:48,373 - INFO - root - x = 383, y = 91, Radius = 46.327735900878906
2021-08-08 15:26:48,373 - INFO - root - Decision Window: xRange = 371, 385,  yRange = 92, 72
2021-08-08 15:26:48,373 - INFO - root - Distance = 9, direction = 1, Win# 9
2021-08-08 15:26:48,452 - DEBUG - bleak.backends.dotnet.client - Write Characteristic 6e400002-b5a3-f393-e0a9-e50e24dcca9e : bytearray(b'1,0')
2021-08-08 15:26:48,477 - INFO - root - x = 377, y = 92, Radius = 48.70841598510742
2021-08-08 15:26:48,477 - INFO - root - Decision Window: xRange = 371, 385,  yRange = 92, 72
2021-08-08 15:26:48,477 - INFO - root - Distance = 0, direction = 0, Win# 9
2021-08-08 15:26:48,632 - DEBUG - bleak.backends.dotnet.client - Write Characteristic 6e400002-b5a3-f393-e0a9-e50e24dcca9e : bytearray(b'1,2')
2021-08-08 15:26:48,668 - INFO - root - x = 363, y = 92, Radius = 48.20020294189453
2021-08-08 15:26:48,668 - INFO - root - Decision Window: xRange = 358, 370,  yRange = 98, 74
2021-08-08 15:26:48,668 - INFO - root - Distance = 1, direction = 1, Win# 10
2021-08-08 15:26:48,751 - DEBUG - bleak.backends.dotnet.client - Write Characteristic 6e400002-b5a3-f393-e0a9-e50e24dcca9e : bytearray(b'1,0')
2021-08-08 15:26:48,791 - INFO - root - x = 353, y = 93, Radius = 47.84620666503906
2021-08-08 15:26:48,791 - INFO - root - Decision Window: xRange = 358, 370,  yRange = 98, 74
2021-08-08 15:26:48,791 - INFO - root - Distance = 5, direction = 4, Win# 10
2021-08-08 15:26:48,932 - DEBUG - bleak.backends.dotnet.client - Write Characteristic 6e400002-b5a3-f393-e0a9-e50e24dcca9e : bytearray(b'4,0')
2021-08-08 15:26:48,976 - INFO - root - x = 334, y = 93, Radius = 49.919769287109375
2021-08-08 15:26:48,976 - INFO - root - Decision Window: xRange = 348, 357,  yRange = 112, 75
2021-08-08 15:26:48,976 - INFO - root - Distance = 17, direction = 4, Win# 11
2021-08-08 15:26:49,052 - DEBUG - bleak.backends.dotnet.client - Write Characteristic 6e400002-b5a3-f393-e0a9-e50e24dcca9e : bytearray(b'4,0')
2021-08-08 15:26:49,086 - INFO - root - x = 325, y = 92, Radius = 49.42934036254883
2021-08-08 15:26:49,086 - INFO - root - Decision Window: xRange = 348, 357,  yRange = 112, 75
2021-08-08 15:26:49,086 - INFO - root - Distance = 25, direction = 4, Win# 11
2021-08-08 15:26:49,172 - DEBUG - bleak.backends.dotnet.client - Write Characteristic 6e400002-b5a3-f393-e0a9-e50e24dcca9e : bytearray(b'4,0')
2021-08-08 15:26:49,205 - INFO - root - x = 317, y = 93, Radius = 51.70357894897461
2021-08-08 15:26:49,205 - INFO - root - Decision Window: xRange = 348, 357,  yRange = 112, 75
2021-08-08 15:26:49,205 - INFO - root - Distance = 32, direction = 4, Win# 11
2021-08-08 15:26:49,411 - DEBUG - bleak.backends.dotnet.client - Write Characteristic 6e400002-b5a3-f393-e0a9-e50e24dcca9e : bytearray(b'4,0')
2021-08-08 15:26:49,438 - INFO - root - x = 316, y = 94, Radius = 51.17137908935547
2021-08-08 15:26:49,438 - INFO - root - Decision Window: xRange = 339, 347,  yRange = 125, 90
2021-08-08 15:26:49,438 - INFO - root - Distance = 31, direction = 4, Win# 12
2021-08-08 15:26:49,592 - DEBUG - bleak.backends.dotnet.client - Write Characteristic 6e400002-b5a3-f393-e0a9-e50e24dcca9e : bytearray(b'4,0')
2021-08-08 15:26:49,624 - INFO - root - x = 315, y = 94, Radius = 52.00971221923828
2021-08-08 15:26:49,624 - INFO - root - Decision Window: xRange = 339, 347,  yRange = 125, 90
2021-08-08 15:26:49,624 - INFO - root - Distance = 32, direction = 4, Win# 12
2021-08-08 15:26:49,892 - DEBUG - bleak.backends.dotnet.client - Write Characteristic 6e400002-b5a3-f393-e0a9-e50e24dcca9e : bytearray(b'4,0')
2021-08-08 15:26:49,932 - INFO - root - x = 319, y = 94, Radius = 52.02640914916992
2021-08-08 15:26:49,932 - INFO - root - Decision Window: xRange = 339, 347,  yRange = 125, 90
2021-08-08 15:26:49,932 - INFO - root - Distance = 29, direction = 4, Win# 12
2021-08-08 15:26:50,011 - DEBUG - bleak.backends.dotnet.client - Write Characteristic 6e400002-b5a3-f393-e0a9-e50e24dcca9e : bytearray(b'4,0')
2021-08-08 15:26:50,056 - INFO - root - x = 318, y = 94, Radius = 52.90095138549805
2021-08-08 15:26:50,056 - INFO - root - Decision Window: xRange = 339, 347,  yRange = 125, 90
2021-08-08 15:26:50,056 - INFO - root - Distance = 30, direction = 4, Win# 12
2021-08-08 15:26:50,132 - DEBUG - bleak.backends.dotnet.client - Write Characteristic 6e400002-b5a3-f393-e0a9-e50e24dcca9e : bytearray(b'4,0')
2021-08-08 15:26:50,162 - INFO - root - x = 315, y = 93, Radius = 51.60596466064453
2021-08-08 15:26:50,162 - INFO - root - Decision Window: xRange = 339, 347,  yRange = 125, 90
2021-08-08 15:26:50,162 - INFO - root - Distance = 33, direction = 4, Win# 12
2021-08-08 15:26:50,252 - DEBUG - bleak.backends.dotnet.client - Write Characteristic 6e400002-b5a3-f393-e0a9-e50e24dcca9e : bytearray(b'4,0')
2021-08-08 15:26:50,274 - INFO - root - x = 314, y = 93, Radius = 51.61647415161133
2021-08-08 15:26:50,274 - INFO - root - Decision Window: xRange = 339, 347,  yRange = 125, 90
2021-08-08 15:26:50,274 - INFO - root - Distance = 34, direction = 4, Win# 12
2021-08-08 15:26:50,371 - DEBUG - bleak.backends.dotnet.client - Write Characteristic 6e400002-b5a3-f393-e0a9-e50e24dcca9e : bytearray(b'4,0')
2021-08-08 15:26:50,407 - INFO - root - x = 310, y = 91, Radius = 50.44809341430664
2021-08-08 15:26:50,408 - INFO - root - Decision Window: xRange = 339, 347,  yRange = 125, 90
2021-08-08 15:26:50,408 - INFO - root - Distance = 38, direction = 4, Win# 12
2021-08-08 15:26:50,491 - DEBUG - bleak.backends.dotnet.client - Write Characteristic 6e400002-b5a3-f393-e0a9-e50e24dcca9e : bytearray(b'4,0')
2021-08-08 15:26:50,531 - INFO - root - x = 306, y = 91, Radius = 48.21323776245117
2021-08-08 15:26:50,531 - INFO - root - Decision Window: xRange = 339, 347,  yRange = 125, 90
2021-08-08 15:26:50,531 - INFO - root - Distance = 42, direction = 4, Win# 12
2021-08-08 15:26:50,732 - DEBUG - bleak.backends.dotnet.client - Write Characteristic 6e400002-b5a3-f393-e0a9-e50e24dcca9e : bytearray(b'4,0')
2021-08-08 15:26:50,763 - INFO - root - x = 301, y = 90, Radius = 48.10682678222656
2021-08-08 15:26:50,763 - INFO - root - Decision Window: xRange = 339, 347,  yRange = 125, 90
2021-08-08 15:26:50,764 - INFO - root - Distance = 46, direction = 4, Win# 12
2021-08-08 15:26:50,852 - DEBUG - bleak.backends.dotnet.client - Write Characteristic 6e400002-b5a3-f393-e0a9-e50e24dcca9e : bytearray(b'4,0')
2021-08-08 15:26:50,890 - INFO - root - x = 302, y = 91, Radius = 49.90501022338867
2021-08-08 15:26:50,890 - INFO - root - Decision Window: xRange = 339, 347,  yRange = 125, 90
2021-08-08 15:26:50,890 - INFO - root - Distance = 45, direction = 4, Win# 12
2021-08-08 15:26:51,032 - DEBUG - bleak.backends.dotnet.client - Write Characteristic 6e400002-b5a3-f393-e0a9-e50e24dcca9e : bytearray(b'4,0')
2021-08-08 15:26:51,057 - INFO - root - x = 313, y = 92, Radius = 51.61647415161133
2021-08-08 15:26:51,057 - INFO - root - Decision Window: xRange = 339, 347,  yRange = 125, 90
2021-08-08 15:26:51,057 - INFO - root - Distance = 35, direction = 4, Win# 12
2021-08-08 15:26:51,272 - DEBUG - bleak.backends.dotnet.client - Write Characteristic 6e400002-b5a3-f393-e0a9-e50e24dcca9e : bytearray(b'4,0')
2021-08-08 15:26:51,305 - INFO - root - x = 346, y = 97, Radius = 53.02132034301758
2021-08-08 15:26:51,305 - INFO - root - Decision Window: xRange = 339, 347,  yRange = 125, 90
2021-08-08 15:26:51,305 - INFO - root - Distance = 10, direction = 3, Win# 12
2021-08-08 15:26:51,572 - DEBUG - bleak.backends.dotnet.client - Write Characteristic 6e400002-b5a3-f393-e0a9-e50e24dcca9e : bytearray(b'3,0')
2021-08-08 15:26:51,610 - INFO - root - x = 369, y = 100, Radius = 56.18061065673828
2021-08-08 15:26:51,610 - INFO - root - Decision Window: xRange = 339, 347,  yRange = 125, 90
2021-08-08 15:26:51,610 - INFO - root - Distance = 24, direction = 2, Win# 12
2021-08-08 15:26:51,752 - DEBUG - bleak.backends.dotnet.client - Write Characteristic 6e400002-b5a3-f393-e0a9-e50e24dcca9e : bytearray(b'2,0')
2021-08-08 15:26:51,794 - INFO - root - x = 363, y = 100, Radius = 56.302852630615234
2021-08-08 15:26:51,794 - INFO - root - Decision Window: xRange = 339, 347,  yRange = 125, 90
2021-08-08 15:26:51,794 - INFO - root - Distance = 18, direction = 2, Win# 12
2021-08-08 15:26:51,872 - DEBUG - bleak.backends.dotnet.client - Write Characteristic 6e400002-b5a3-f393-e0a9-e50e24dcca9e : bytearray(b'2,0')
2021-08-08 15:26:51,907 - INFO - root - x = 346, y = 101, Radius = 57.7105827331543
2021-08-08 15:26:51,907 - INFO - root - Decision Window: xRange = 339, 347,  yRange = 125, 90
2021-08-08 15:26:51,907 - INFO - root - Distance = 6, direction = 3, Win# 12
2021-08-08 15:26:52,052 - DEBUG - bleak.backends.dotnet.client - Write Characteristic 6e400002-b5a3-f393-e0a9-e50e24dcca9e : bytearray(b'3,0')
2021-08-08 15:26:52,091 - INFO - root - x = 331, y = 98, Radius = 56.69286346435547
2021-08-08 15:26:52,091 - INFO - root - Decision Window: xRange = 339, 347,  yRange = 125, 90
2021-08-08 15:26:52,091 - INFO - root - Distance = 17, direction = 4, Win# 12
2021-08-08 15:26:52,172 - DEBUG - bleak.backends.dotnet.client - Write Characteristic 6e400002-b5a3-f393-e0a9-e50e24dcca9e : bytearray(b'4,0')
2021-08-08 15:26:52,212 - INFO - root - x = 326, y = 98, Radius = 57.1183967590332
2021-08-08 15:26:52,212 - INFO - root - Decision Window: xRange = 339, 347,  yRange = 125, 90
2021-08-08 15:26:52,212 - INFO - root - Distance = 21, direction = 4, Win# 12
2021-08-08 15:26:52,292 - DEBUG - bleak.backends.dotnet.client - Write Characteristic 6e400002-b5a3-f393-e0a9-e50e24dcca9e : bytearray(b'4,0')
2021-08-08 15:26:52,325 - INFO - root - x = 325, y = 99, Radius = 56.60413360595703
2021-08-08 15:26:52,325 - INFO - root - Decision Window: xRange = 339, 347,  yRange = 125, 90
2021-08-08 15:26:52,325 - INFO - root - Distance = 21, direction = 4, Win# 12
2021-08-08 15:26:52,412 - DEBUG - bleak.backends.dotnet.client - Write Characteristic 6e400002-b5a3-f393-e0a9-e50e24dcca9e : bytearray(b'4,0')
2021-08-08 15:26:52,444 - INFO - root - x = 326, y = 99, Radius = 57.944244384765625
2021-08-08 15:26:52,444 - INFO - root - Decision Window: xRange = 339, 347,  yRange = 125, 90
2021-08-08 15:26:52,444 - INFO - root - Distance = 20, direction = 4, Win# 12
2021-08-08 15:26:52,532 - DEBUG - bleak.backends.dotnet.client - Write Characteristic 6e400002-b5a3-f393-e0a9-e50e24dcca9e : bytearray(b'4,0')
2021-08-08 15:26:52,567 - INFO - root - x = 315, y = 103, Radius = 63.10517120361328
2021-08-08 15:26:52,567 - INFO - root - Decision Window: xRange = 339, 347,  yRange = 125, 90
2021-08-08 15:26:52,567 - INFO - root - Distance = 29, direction = 4, Win# 12
2021-08-08 15:26:52,652 - DEBUG - bleak.backends.dotnet.client - Write Characteristic 6e400002-b5a3-f393-e0a9-e50e24dcca9e : bytearray(b'4,0')
2021-08-08 15:26:52,694 - INFO - root - x = 301, y = 103, Radius = 62.369964599609375
2021-08-08 15:26:52,694 - INFO - root - Decision Window: xRange = 339, 347,  yRange = 125, 90
2021-08-08 15:26:52,694 - INFO - root - Distance = 41, direction = 4, Win# 12
2021-08-08 15:26:52,892 - DEBUG - bleak.backends.dotnet.client - Write Characteristic 6e400002-b5a3-f393-e0a9-e50e24dcca9e : bytearray(b'4,0')
2021-08-08 15:26:52,923 - INFO - root - x = 271, y = 103, Radius = 64.81714630126953
2021-08-08 15:26:52,923 - INFO - root - Decision Window: xRange = 333, 338,  yRange = 146, 106
2021-08-08 15:26:52,923 - INFO - root - Distance = 68, direction = 4, Win# 13
2021-08-08 15:26:53,011 - DEBUG - bleak.backends.dotnet.client - Write Characteristic 6e400002-b5a3-f393-e0a9-e50e24dcca9e : bytearray(b'4,1')
2021-08-08 15:26:53,042 - INFO - root - x = 268, y = 104, Radius = 65.1153793334961
2021-08-08 15:26:53,043 - INFO - root - Decision Window: xRange = 333, 338,  yRange = 146, 106
2021-08-08 15:26:53,043 - INFO - root - Distance = 71, direction = 4, Win# 13
2021-08-08 15:26:53,132 - DEBUG - bleak.backends.dotnet.client - Write Characteristic 6e400002-b5a3-f393-e0a9-e50e24dcca9e : bytearray(b'4,1')
2021-08-08 15:26:53,167 - INFO - root - x = 279, y = 106, Radius = 66.77210235595703
2021-08-08 15:26:53,167 - INFO - root - Decision Window: xRange = 333, 338,  yRange = 146, 106
2021-08-08 15:26:53,167 - INFO - root - Distance = 60, direction = 4, Win# 13
2021-08-08 15:26:53,252 - DEBUG - bleak.backends.dotnet.client - Write Characteristic 6e400002-b5a3-f393-e0a9-e50e24dcca9e : bytearray(b'4,1')
2021-08-08 15:26:53,293 - INFO - root - x = 302, y = 108, Radius = 68.8840560913086
2021-08-08 15:26:53,293 - INFO - root - Decision Window: xRange = 333, 338,  yRange = 146, 106
2021-08-08 15:26:53,293 - INFO - root - Distance = 38, direction = 4, Win# 13
2021-08-08 15:26:53,492 - DEBUG - bleak.backends.dotnet.client - Write Characteristic 6e400002-b5a3-f393-e0a9-e50e24dcca9e : bytearray(b'4,0')
2021-08-08 15:26:53,510 - INFO - root - x = 331, y = 115, Radius = 74.71334075927734
2021-08-08 15:26:53,510 - INFO - root - Decision Window: xRange = 333, 338,  yRange = 146, 106
2021-08-08 15:26:53,510 - INFO - root - Distance = 10, direction = 3, Win# 13
2021-08-08 15:26:53,792 - DEBUG - bleak.backends.dotnet.client - Write Characteristic 6e400002-b5a3-f393-e0a9-e50e24dcca9e : bytearray(b'3,0')
2021-08-08 15:26:53,830 - INFO - root - x = 326, y = 120, Radius = 80.79393005371094
2021-08-08 15:26:53,830 - INFO - root - Decision Window: xRange = 333, 338,  yRange = 146, 106
2021-08-08 15:26:53,831 - INFO - root - Distance = 11, direction = 4, Win# 13
2021-08-08 15:26:54,092 - DEBUG - bleak.backends.dotnet.client - Write Characteristic 6e400002-b5a3-f393-e0a9-e50e24dcca9e : bytearray(b'4,0')
2021-08-08 15:26:54,128 - INFO - root - x = 270, y = 121, Radius = 85.52933502197266
2021-08-08 15:26:54,128 - INFO - root - Decision Window: xRange = 333, 338,  yRange = 146, 106
2021-08-08 15:26:54,128 - INFO - root - Distance = 64, direction = 4, Win# 13
2021-08-08 15:26:54,272 - DEBUG - bleak.backends.dotnet.client - Write Characteristic 6e400002-b5a3-f393-e0a9-e50e24dcca9e : bytearray(b'4,1')
2021-08-08 15:26:54,311 - INFO - root - x = 281, y = 127, Radius = 95.92401885986328
2021-08-08 15:26:54,311 - INFO - root - Decision Window: xRange = 333, 338,  yRange = 146, 106
2021-08-08 15:26:54,311 - INFO - root - Distance = 52, direction = 4, Win# 13
2021-08-08 15:26:54,391 - DEBUG - bleak.backends.dotnet.client - Write Characteristic 6e400002-b5a3-f393-e0a9-e50e24dcca9e : bytearray(b'4,1')
2021-08-08 15:26:54,433 - INFO - root - x = 308, y = 132, Radius = 99.85223388671875
2021-08-08 15:26:54,433 - INFO - root - Decision Window: xRange = 333, 338,  yRange = 146, 106
2021-08-08 15:26:54,433 - INFO - root - Distance = 25, direction = 4, Win# 13
2021-08-08 15:26:54,572 - DEBUG - bleak.backends.dotnet.client - Write Characteristic 6e400002-b5a3-f393-e0a9-e50e24dcca9e : bytearray(b'4,0')
2021-08-08 15:26:54,603 - INFO - root - x = 312, y = 135, Radius = 101.87256622314453
2021-08-08 15:26:54,603 - INFO - root - Decision Window: xRange = 323, 332,  yRange = 162, 126
2021-08-08 15:26:54,603 - INFO - root - Distance = 19, direction = 4, Win# 14
2021-08-08 15:26:54,812 - DEBUG - bleak.backends.dotnet.client - Write Characteristic 6e400002-b5a3-f393-e0a9-e50e24dcca9e : bytearray(b'4,0')
2021-08-08 15:26:54,851 - INFO - root - x = 301, y = 140, Radius = 108.91520690917969
2021-08-08 15:26:54,851 - INFO - root - Decision Window: xRange = 323, 332,  yRange = 162, 126
2021-08-08 15:26:54,851 - INFO - root - Distance = 29, direction = 4, Win# 14
2021-08-08 15:26:54,932 - DEBUG - bleak.backends.dotnet.client - Write Characteristic 6e400002-b5a3-f393-e0a9-e50e24dcca9e : bytearray(b'4,0')
2021-08-08 15:26:54,981 - INFO - root - x = 301, y = 145, Radius = 112.78418731689453
2021-08-08 15:26:54,981 - INFO - root - Decision Window: xRange = 323, 332,  yRange = 162, 126
2021-08-08 15:26:54,981 - INFO - root - Distance = 28, direction = 4, Win# 14
2021-08-08 15:26:55,112 - DEBUG - bleak.backends.dotnet.client - Write Characteristic 6e400002-b5a3-f393-e0a9-e50e24dcca9e : bytearray(b'4,0')
2021-08-08 15:26:55,147 - INFO - root - x = 300, y = 155, Radius = 116.79264831542969
2021-08-08 15:26:55,147 - INFO - root - Decision Window: xRange = 323, 332,  yRange = 162, 126
2021-08-08 15:26:55,147 - INFO - root - Distance = 27, direction = 4, Win# 14
2021-08-08 15:26:55,292 - DEBUG - bleak.backends.dotnet.client - Write Characteristic 6e400002-b5a3-f393-e0a9-e50e24dcca9e : bytearray(b'4,0')
2021-08-08 15:26:55,329 - INFO - root - x = 315, y = 160, Radius = 118.0816421508789
2021-08-08 15:26:55,330 - INFO - root - Decision Window: xRange = 323, 332,  yRange = 162, 126
2021-08-08 15:26:55,330 - INFO - root - Distance = 12, direction = 4, Win# 14
2021-08-08 15:26:55,412 - DEBUG - bleak.backends.dotnet.client - Write Characteristic 6e400002-b5a3-f393-e0a9-e50e24dcca9e : bytearray(b'4,0')
2021-08-08 15:26:55,450 - INFO - root - x = 339, y = 166, Radius = 120.32569885253906
2021-08-08 15:26:55,450 - INFO - root - Decision Window: xRange = 323, 332,  yRange = 162, 126
2021-08-08 15:26:55,450 - INFO - root - Distance = 0, direction = 0, Win# 14
2021-08-08 15:26:55,652 - DEBUG - bleak.backends.dotnet.client - Write Characteristic 6e400002-b5a3-f393-e0a9-e50e24dcca9e : bytearray(b'1,2')
2021-08-08 15:26:55,680 - INFO - root - x = 327, y = 204, Radius = 126.57122802734375
2021-08-08 15:26:55,680 - INFO - root - Decision Window: xRange = 323, 332,  yRange = 162, 126
2021-08-08 15:26:55,680 - INFO - root - Distance = 0, direction = 0, Win# 14
2021-08-08 15:26:55,772 - DEBUG - bleak.backends.dotnet.client - Write Characteristic 6e400002-b5a3-f393-e0a9-e50e24dcca9e : bytearray(b'1,2')
2021-08-08 15:26:55,811 - INFO - root - x = 156, y = 382, Radius = 151.78367614746094
2021-08-08 15:26:55,811 - INFO - root - Decision Window: xRange = 323, 337,  yRange = 196, 163
2021-08-08 15:26:55,811 - INFO - root - Distance = 265, direction = 1, Win# 15
2021-08-08 15:26:55,891 - DEBUG - bleak.backends.dotnet.client - Write Characteristic 6e400002-b5a3-f393-e0a9-e50e24dcca9e : bytearray(b'1,3')
2021-08-08 15:28:18,990 - DEBUG - bleak.backends.dotnet.client - Disconnecting from BLE device...
