2021-08-09 14:52:25,990 - INFO - root - 


2021-08-09 14:52:25,990 - INFO - root - PROGRAM BEGINS
2021-08-09 14:52:29,030 - DEBUG - asyncio - Using proactor: IocpProactor
2021-08-09 14:52:29,379 - DEBUG - bleak.backends.dotnet.scanner - Received CC:D2:81:7A:31:C7: Unknown.
2021-08-09 14:52:29,384 - DEBUG - bleak.backends.dotnet.scanner - Received CC:D2:81:7A:31:C7: Unknown.
2021-08-09 14:52:29,759 - DEBUG - bleak.backends.dotnet.scanner - Received 4A:96:5C:C6:C6:26: Unknown.
2021-08-09 14:52:29,759 - DEBUG - bleak.backends.dotnet.scanner - Received 4A:96:5C:C6:C6:26: Unknown.
2021-08-09 14:52:30,209 - DEBUG - bleak.backends.dotnet.scanner - Received 7D:B7:B3:7F:C9:4C: Unknown.
2021-08-09 14:52:30,210 - DEBUG - bleak.backends.dotnet.scanner - Received 7D:B7:B3:7F:C9:4C: Unknown.
2021-08-09 14:52:30,319 - DEBUG - bleak.backends.dotnet.scanner - Received 7C:9E:BD:EE:7A:82: Haptic Sleeve ML.
2021-08-09 14:52:30,320 - DEBUG - bleak.backends.dotnet.scanner - Received 7C:9E:BD:EE:7A:82: Unknown.
2021-08-09 14:52:30,320 - DEBUG - bleak.backends.dotnet.scanner - 4 devices found. Watcher status: 3.
2021-08-09 14:52:30,320 - DEBUG - bleak.backends.dotnet.client - Connecting to BLE device @ 7c:9e:bd:ee:7a:82
2021-08-09 14:52:34,362 - DEBUG - bleak.backends.dotnet.client - _ConnectionStatusChanged_Handler: 1
2021-08-09 14:52:34,363 - DEBUG - bleak.backends.dotnet.client - Get Services...
2021-08-09 14:52:34,416 - INFO - bleak.backends.dotnet.client - Services resolved for BleakClientDotNet (7c:9e:bd:ee:7a:82)
2021-08-09 14:52:39,643 - INFO - root - x = 476, y = 106, Radius = 86.75421905517578
2021-08-09 14:52:39,643 - INFO - root - Decision Window: xRange = 489, 502,  yRange = 129, 89
2021-08-09 14:52:39,643 - INFO - root - Distance = 13, direction = 4, Win# 0
2021-08-09 14:52:39,827 - DEBUG - bleak.backends.dotnet.client - Write Characteristic 6e400002-b5a3-f393-e0a9-e50e24dcca9e : bytearray(b'4,0')
2021-08-09 14:52:39,870 - INFO - root - x = 479, y = 111, Radius = 89.855224609375
2021-08-09 14:52:39,870 - INFO - root - Decision Window: xRange = 489, 502,  yRange = 129, 89
2021-08-09 14:52:39,870 - INFO - root - Distance = 11, direction = 4, Win# 0
2021-08-09 14:52:39,946 - DEBUG - bleak.backends.dotnet.client - Write Characteristic 6e400002-b5a3-f393-e0a9-e50e24dcca9e : bytearray(b'4,0')
2021-08-09 14:52:39,977 - INFO - root - x = 510, y = 118, Radius = 97.69244384765625
2021-08-09 14:52:39,977 - INFO - root - Decision Window: xRange = 489, 502,  yRange = 129, 89
2021-08-09 14:52:39,977 - INFO - root - Distance = 0, direction = 0, Win# 0
2021-08-09 14:52:40,067 - DEBUG - bleak.backends.dotnet.client - Write Characteristic 6e400002-b5a3-f393-e0a9-e50e24dcca9e : bytearray(b'1,2')
2021-08-09 14:52:40,099 - INFO - root - x = 507, y = 117, Radius = 97.45343780517578
2021-08-09 14:52:40,099 - INFO - root - Decision Window: xRange = 489, 502,  yRange = 129, 89
2021-08-09 14:52:40,099 - INFO - root - Distance = 0, direction = 0, Win# 0
2021-08-09 14:52:40,186 - DEBUG - bleak.backends.dotnet.client - Write Characteristic 6e400002-b5a3-f393-e0a9-e50e24dcca9e : bytearray(b'1,2')
2021-08-09 14:52:40,222 - INFO - root - x = 488, y = 114, Radius = 93.65570831298828
2021-08-09 14:52:40,222 - INFO - root - Decision Window: xRange = 489, 502,  yRange = 129, 89
2021-08-09 14:52:40,222 - INFO - root - Distance = 0, direction = 0, Win# 0
2021-08-09 14:52:40,306 - DEBUG - bleak.backends.dotnet.client - Write Characteristic 6e400002-b5a3-f393-e0a9-e50e24dcca9e : bytearray(b'1,2')
2021-08-09 14:52:40,346 - INFO - root - x = 487, y = 115, Radius = 93.20738220214844
2021-08-09 14:52:40,346 - INFO - root - Decision Window: xRange = 489, 502,  yRange = 129, 89
2021-08-09 14:52:40,346 - INFO - root - Distance = 0, direction = 0, Win# 0
2021-08-09 14:52:40,426 - DEBUG - bleak.backends.dotnet.client - Write Characteristic 6e400002-b5a3-f393-e0a9-e50e24dcca9e : bytearray(b'1,2')
2021-08-09 14:52:40,458 - INFO - root - x = 477, y = 111, Radius = 89.19263458251953
2021-08-09 14:52:40,458 - INFO - root - Decision Window: xRange = 489, 502,  yRange = 129, 89
2021-08-09 14:52:40,458 - INFO - root - Distance = 13, direction = 4, Win# 0
2021-08-09 14:52:40,546 - DEBUG - bleak.backends.dotnet.client - Write Characteristic 6e400002-b5a3-f393-e0a9-e50e24dcca9e : bytearray(b'4,0')
2021-08-09 14:52:40,584 - INFO - root - x = 471, y = 108, Radius = 87.62682342529297
2021-08-09 14:52:40,584 - INFO - root - Decision Window: xRange = 489, 502,  yRange = 129, 89
2021-08-09 14:52:40,584 - INFO - root - Distance = 18, direction = 4, Win# 0
2021-08-09 14:52:40,666 - DEBUG - bleak.backends.dotnet.client - Write Characteristic 6e400002-b5a3-f393-e0a9-e50e24dcca9e : bytearray(b'4,0')
2021-08-09 14:52:40,688 - INFO - root - x = 477, y = 105, Radius = 86.47235870361328
2021-08-09 14:52:40,689 - INFO - root - Decision Window: xRange = 489, 502,  yRange = 129, 89
2021-08-09 14:52:40,689 - INFO - root - Distance = 12, direction = 4, Win# 0
2021-08-09 14:52:40,786 - DEBUG - bleak.backends.dotnet.client - Write Characteristic 6e400002-b5a3-f393-e0a9-e50e24dcca9e : bytearray(b'4,0')
2021-08-09 14:52:40,827 - INFO - root - x = 493, y = 109, Radius = 86.73888397216797
2021-08-09 14:52:40,827 - INFO - root - Decision Window: xRange = 489, 502,  yRange = 129, 89
2021-08-09 14:52:40,827 - INFO - root - Distance = 0, direction = 0, Win# 0
2021-08-09 14:52:40,906 - DEBUG - bleak.backends.dotnet.client - Write Characteristic 6e400002-b5a3-f393-e0a9-e50e24dcca9e : bytearray(b'1,2')
2021-08-09 14:52:40,933 - INFO - root - x = 493, y = 106, Radius = 87.94169616699219
2021-08-09 14:52:40,933 - INFO - root - Decision Window: xRange = 489, 502,  yRange = 129, 89
2021-08-09 14:52:40,933 - INFO - root - Distance = 0, direction = 0, Win# 0
2021-08-09 14:52:41,026 - DEBUG - bleak.backends.dotnet.client - Write Characteristic 6e400002-b5a3-f393-e0a9-e50e24dcca9e : bytearray(b'1,2')
2021-08-09 14:52:41,060 - INFO - root - x = 497, y = 105, Radius = 86.38461303710938
2021-08-09 14:52:41,060 - INFO - root - Decision Window: xRange = 489, 502,  yRange = 129, 89
2021-08-09 14:52:41,060 - INFO - root - Distance = 0, direction = 0, Win# 0
2021-08-09 14:52:41,147 - DEBUG - bleak.backends.dotnet.client - Write Characteristic 6e400002-b5a3-f393-e0a9-e50e24dcca9e : bytearray(b'1,2')
2021-08-09 14:52:41,180 - INFO - root - x = 502, y = 107, Radius = 88.36406707763672
2021-08-09 14:52:41,180 - INFO - root - Decision Window: xRange = 489, 502,  yRange = 129, 89
2021-08-09 14:52:41,180 - INFO - root - Distance = 0, direction = 0, Win# 0
2021-08-09 14:52:41,266 - DEBUG - bleak.backends.dotnet.client - Write Characteristic 6e400002-b5a3-f393-e0a9-e50e24dcca9e : bytearray(b'1,2')
2021-08-09 14:52:41,301 - INFO - root - x = 502, y = 105, Radius = 86.438720703125
2021-08-09 14:52:41,302 - INFO - root - Decision Window: xRange = 489, 502,  yRange = 129, 89
2021-08-09 14:52:41,302 - INFO - root - Distance = 0, direction = 0, Win# 0
2021-08-09 14:52:41,386 - DEBUG - bleak.backends.dotnet.client - Write Characteristic 6e400002-b5a3-f393-e0a9-e50e24dcca9e : bytearray(b'1,2')
2021-08-09 14:52:41,411 - INFO - root - x = 494, y = 105, Radius = 87.10971069335938
2021-08-09 14:52:41,411 - INFO - root - Decision Window: xRange = 489, 502,  yRange = 129, 89
2021-08-09 14:52:41,411 - INFO - root - Distance = 0, direction = 0, Win# 0
2021-08-09 14:52:41,506 - DEBUG - bleak.backends.dotnet.client - Write Characteristic 6e400002-b5a3-f393-e0a9-e50e24dcca9e : bytearray(b'1,2')
2021-08-09 14:52:41,532 - INFO - root - x = 487, y = 104, Radius = 86.29678344726562
2021-08-09 14:52:41,532 - INFO - root - Decision Window: xRange = 489, 502,  yRange = 129, 89
2021-08-09 14:52:41,532 - INFO - root - Distance = 0, direction = 0, Win# 0
2021-08-09 14:52:41,626 - DEBUG - bleak.backends.dotnet.client - Write Characteristic 6e400002-b5a3-f393-e0a9-e50e24dcca9e : bytearray(b'1,2')
2021-08-09 14:52:41,660 - INFO - root - x = 479, y = 102, Radius = 86.32581329345703
2021-08-09 14:52:41,660 - INFO - root - Decision Window: xRange = 489, 502,  yRange = 129, 89
2021-08-09 14:52:41,660 - INFO - root - Distance = 10, direction = 4, Win# 0
2021-08-09 14:52:41,746 - DEBUG - bleak.backends.dotnet.client - Write Characteristic 6e400002-b5a3-f393-e0a9-e50e24dcca9e : bytearray(b'4,0')
2021-08-09 14:52:41,788 - INFO - root - x = 478, y = 104, Radius = 84.50496673583984
2021-08-09 14:52:41,788 - INFO - root - Decision Window: xRange = 489, 502,  yRange = 129, 89
2021-08-09 14:52:41,788 - INFO - root - Distance = 11, direction = 4, Win# 0
2021-08-09 14:52:41,866 - DEBUG - bleak.backends.dotnet.client - Write Characteristic 6e400002-b5a3-f393-e0a9-e50e24dcca9e : bytearray(b'4,0')
2021-08-09 14:52:41,892 - INFO - root - x = 481, y = 104, Radius = 86.06272888183594
2021-08-09 14:52:41,892 - INFO - root - Decision Window: xRange = 489, 502,  yRange = 129, 89
2021-08-09 14:52:41,892 - INFO - root - Distance = 8, direction = 4, Win# 0
2021-08-09 14:52:41,986 - DEBUG - bleak.backends.dotnet.client - Write Characteristic 6e400002-b5a3-f393-e0a9-e50e24dcca9e : bytearray(b'4,0')
2021-08-09 14:52:42,019 - INFO - root - x = 484, y = 105, Radius = 85.8914566040039
2021-08-09 14:52:42,019 - INFO - root - Decision Window: xRange = 489, 502,  yRange = 129, 89
2021-08-09 14:52:42,019 - INFO - root - Distance = 5, direction = 4, Win# 0
2021-08-09 14:52:42,106 - DEBUG - bleak.backends.dotnet.client - Write Characteristic 6e400002-b5a3-f393-e0a9-e50e24dcca9e : bytearray(b'4,0')
2021-08-09 14:52:42,118 - INFO - root - x = 490, y = 106, Radius = 86.68138885498047
2021-08-09 14:52:42,118 - INFO - root - Decision Window: xRange = 489, 502,  yRange = 129, 89
2021-08-09 14:52:42,118 - INFO - root - Distance = 0, direction = 0, Win# 0
2021-08-09 14:52:42,226 - DEBUG - bleak.backends.dotnet.client - Write Characteristic 6e400002-b5a3-f393-e0a9-e50e24dcca9e : bytearray(b'1,2')
2021-08-09 14:52:42,247 - INFO - root - x = 482, y = 104, Radius = 84.24401092529297
2021-08-09 14:52:42,248 - INFO - root - Decision Window: xRange = 489, 502,  yRange = 129, 89
2021-08-09 14:52:42,248 - INFO - root - Distance = 7, direction = 4, Win# 0
2021-08-09 14:52:42,346 - DEBUG - bleak.backends.dotnet.client - Write Characteristic 6e400002-b5a3-f393-e0a9-e50e24dcca9e : bytearray(b'4,0')
2021-08-09 14:52:42,386 - INFO - root - x = 467, y = 100, Radius = 85.9598159790039
2021-08-09 14:52:42,387 - INFO - root - Decision Window: xRange = 489, 502,  yRange = 129, 89
2021-08-09 14:52:42,387 - INFO - root - Distance = 22, direction = 4, Win# 0
2021-08-09 14:52:42,466 - DEBUG - bleak.backends.dotnet.client - Write Characteristic 6e400002-b5a3-f393-e0a9-e50e24dcca9e : bytearray(b'4,0')
2021-08-09 14:52:42,509 - INFO - root - x = 470, y = 100, Radius = 83.47552490234375
2021-08-09 14:52:42,509 - INFO - root - Decision Window: xRange = 489, 502,  yRange = 129, 89
2021-08-09 14:52:42,509 - INFO - root - Distance = 19, direction = 4, Win# 0
2021-08-09 14:52:42,587 - DEBUG - bleak.backends.dotnet.client - Write Characteristic 6e400002-b5a3-f393-e0a9-e50e24dcca9e : bytearray(b'4,0')
2021-08-09 14:52:42,616 - INFO - root - x = 469, y = 101, Radius = 83.51814270019531
2021-08-09 14:52:42,616 - INFO - root - Decision Window: xRange = 489, 502,  yRange = 129, 89
2021-08-09 14:52:42,616 - INFO - root - Distance = 20, direction = 4, Win# 0
2021-08-09 14:52:42,706 - DEBUG - bleak.backends.dotnet.client - Write Characteristic 6e400002-b5a3-f393-e0a9-e50e24dcca9e : bytearray(b'4,0')
2021-08-09 14:52:42,740 - INFO - root - x = 464, y = 101, Radius = 83.93659210205078
2021-08-09 14:52:42,740 - INFO - root - Decision Window: xRange = 489, 502,  yRange = 129, 89
2021-08-09 14:52:42,740 - INFO - root - Distance = 25, direction = 4, Win# 0
2021-08-09 14:52:42,826 - DEBUG - bleak.backends.dotnet.client - Write Characteristic 6e400002-b5a3-f393-e0a9-e50e24dcca9e : bytearray(b'4,0')
2021-08-09 14:52:42,866 - INFO - root - x = 467, y = 103, Radius = 85.07025909423828
2021-08-09 14:52:42,866 - INFO - root - Decision Window: xRange = 489, 502,  yRange = 129, 89
2021-08-09 14:52:42,866 - INFO - root - Distance = 22, direction = 4, Win# 0
2021-08-09 14:52:42,946 - DEBUG - bleak.backends.dotnet.client - Write Characteristic 6e400002-b5a3-f393-e0a9-e50e24dcca9e : bytearray(b'4,0')
2021-08-09 14:52:42,988 - INFO - root - x = 436, y = 101, Radius = 87.02308654785156
2021-08-09 14:52:42,988 - INFO - root - Decision Window: xRange = 489, 502,  yRange = 129, 89
2021-08-09 14:52:42,988 - INFO - root - Distance = 53, direction = 4, Win# 0
2021-08-09 14:52:43,066 - DEBUG - bleak.backends.dotnet.client - Write Characteristic 6e400002-b5a3-f393-e0a9-e50e24dcca9e : bytearray(b'4,1')
2021-08-09 14:52:43,110 - INFO - root - x = 418, y = 99, Radius = 82.86675262451172
2021-08-09 14:52:43,110 - INFO - root - Decision Window: xRange = 489, 502,  yRange = 129, 89
2021-08-09 14:52:43,110 - INFO - root - Distance = 71, direction = 4, Win# 0
2021-08-09 14:52:43,186 - DEBUG - bleak.backends.dotnet.client - Write Characteristic 6e400002-b5a3-f393-e0a9-e50e24dcca9e : bytearray(b'4,1')
2021-08-09 14:52:43,220 - INFO - root - x = 437, y = 101, Radius = 84.41979217529297
2021-08-09 14:52:43,220 - INFO - root - Decision Window: xRange = 489, 502,  yRange = 129, 89
2021-08-09 14:52:43,221 - INFO - root - Distance = 52, direction = 4, Win# 0
2021-08-09 14:52:43,306 - DEBUG - bleak.backends.dotnet.client - Write Characteristic 6e400002-b5a3-f393-e0a9-e50e24dcca9e : bytearray(b'4,1')
2021-08-09 14:52:43,324 - INFO - root - x = 482, y = 107, Radius = 86.38851165771484
2021-08-09 14:52:43,325 - INFO - root - Decision Window: xRange = 489, 502,  yRange = 129, 89
2021-08-09 14:52:43,325 - INFO - root - Distance = 7, direction = 4, Win# 0
2021-08-09 14:52:43,426 - DEBUG - bleak.backends.dotnet.client - Write Characteristic 6e400002-b5a3-f393-e0a9-e50e24dcca9e : bytearray(b'4,0')
2021-08-09 14:52:43,461 - INFO - root - x = 514, y = 113, Radius = 91.13398742675781
2021-08-09 14:52:43,462 - INFO - root - Decision Window: xRange = 489, 502,  yRange = 129, 89
2021-08-09 14:52:43,462 - INFO - root - Distance = 0, direction = 0, Win# 0
2021-08-09 14:52:43,546 - DEBUG - bleak.backends.dotnet.client - Write Characteristic 6e400002-b5a3-f393-e0a9-e50e24dcca9e : bytearray(b'1,2')
2021-08-09 14:52:43,585 - INFO - root - x = 526, y = 110, Radius = 91.98637390136719
2021-08-09 14:52:43,585 - INFO - root - Decision Window: xRange = 489, 502,  yRange = 129, 89
2021-08-09 14:52:43,585 - INFO - root - Distance = 0, direction = 0, Win# 0
2021-08-09 14:52:43,666 - DEBUG - bleak.backends.dotnet.client - Write Characteristic 6e400002-b5a3-f393-e0a9-e50e24dcca9e : bytearray(b'1,2')
2021-08-09 14:52:43,708 - INFO - root - x = 517, y = 111, Radius = 93.11257934570312
2021-08-09 14:52:43,708 - INFO - root - Decision Window: xRange = 489, 502,  yRange = 129, 89
2021-08-09 14:52:43,708 - INFO - root - Distance = 0, direction = 0, Win# 0
2021-08-09 14:52:43,787 - DEBUG - bleak.backends.dotnet.client - Write Characteristic 6e400002-b5a3-f393-e0a9-e50e24dcca9e : bytearray(b'1,2')
2021-08-09 14:52:43,817 - INFO - root - x = 506, y = 110, Radius = 89.61030578613281
2021-08-09 14:52:43,817 - INFO - root - Decision Window: xRange = 489, 502,  yRange = 129, 89
2021-08-09 14:52:43,817 - INFO - root - Distance = 0, direction = 0, Win# 0
2021-08-09 14:52:43,907 - DEBUG - bleak.backends.dotnet.client - Write Characteristic 6e400002-b5a3-f393-e0a9-e50e24dcca9e : bytearray(b'1,2')
2021-08-09 14:52:43,928 - INFO - root - x = 476, y = 109, Radius = 86.77748107910156
2021-08-09 14:52:43,928 - INFO - root - Decision Window: xRange = 489, 502,  yRange = 129, 89
2021-08-09 14:52:43,929 - INFO - root - Distance = 13, direction = 4, Win# 0
2021-08-09 14:52:44,026 - DEBUG - bleak.backends.dotnet.client - Write Characteristic 6e400002-b5a3-f393-e0a9-e50e24dcca9e : bytearray(b'4,0')
2021-08-09 14:52:44,068 - INFO - root - x = 452, y = 103, Radius = 81.91793823242188
2021-08-09 14:52:44,068 - INFO - root - Decision Window: xRange = 489, 502,  yRange = 129, 89
2021-08-09 14:52:44,068 - INFO - root - Distance = 37, direction = 4, Win# 0
2021-08-09 14:52:44,146 - DEBUG - bleak.backends.dotnet.client - Write Characteristic 6e400002-b5a3-f393-e0a9-e50e24dcca9e : bytearray(b'4,0')
2021-08-09 14:52:44,188 - INFO - root - x = 459, y = 106, Radius = 87.10547637939453
2021-08-09 14:52:44,188 - INFO - root - Decision Window: xRange = 489, 502,  yRange = 129, 89
2021-08-09 14:52:44,188 - INFO - root - Distance = 30, direction = 4, Win# 0
2021-08-09 14:52:44,266 - DEBUG - bleak.backends.dotnet.client - Write Characteristic 6e400002-b5a3-f393-e0a9-e50e24dcca9e : bytearray(b'4,0')
2021-08-09 14:52:44,300 - INFO - root - x = 482, y = 106, Radius = 89.32755279541016
2021-08-09 14:52:44,300 - INFO - root - Decision Window: xRange = 489, 502,  yRange = 129, 89
2021-08-09 14:52:44,300 - INFO - root - Distance = 7, direction = 4, Win# 0
2021-08-09 14:52:44,386 - DEBUG - bleak.backends.dotnet.client - Write Characteristic 6e400002-b5a3-f393-e0a9-e50e24dcca9e : bytearray(b'4,0')
2021-08-09 14:52:44,421 - INFO - root - x = 483, y = 107, Radius = 89.07250213623047
2021-08-09 14:52:44,421 - INFO - root - Decision Window: xRange = 489, 502,  yRange = 129, 89
2021-08-09 14:52:44,421 - INFO - root - Distance = 6, direction = 4, Win# 0
2021-08-09 14:52:44,506 - DEBUG - bleak.backends.dotnet.client - Write Characteristic 6e400002-b5a3-f393-e0a9-e50e24dcca9e : bytearray(b'4,0')
2021-08-09 14:52:44,527 - INFO - root - x = 499, y = 101, Radius = 83.3392105102539
2021-08-09 14:52:44,527 - INFO - root - Decision Window: xRange = 489, 502,  yRange = 129, 89
2021-08-09 14:52:44,527 - INFO - root - Distance = 9, direction = 2, Win# 0
2021-08-09 14:52:44,626 - DEBUG - bleak.backends.dotnet.client - Write Characteristic 6e400002-b5a3-f393-e0a9-e50e24dcca9e : bytearray(b'2,0')
2021-08-09 14:52:44,671 - INFO - root - x = 504, y = 97, Radius = 76.70540618896484
2021-08-09 14:52:44,671 - INFO - root - Decision Window: xRange = 489, 502,  yRange = 129, 89
2021-08-09 14:52:44,671 - INFO - root - Distance = 15, direction = 2, Win# 0
2021-08-09 14:52:44,746 - DEBUG - bleak.backends.dotnet.client - Write Characteristic 6e400002-b5a3-f393-e0a9-e50e24dcca9e : bytearray(b'2,0')
2021-08-09 14:52:44,790 - INFO - root - x = 493, y = 92, Radius = 76.08594512939453
2021-08-09 14:52:44,790 - INFO - root - Decision Window: xRange = 489, 502,  yRange = 129, 89
2021-08-09 14:52:44,790 - INFO - root - Distance = 12, direction = 3, Win# 0
2021-08-09 14:52:44,867 - DEBUG - bleak.backends.dotnet.client - Write Characteristic 6e400002-b5a3-f393-e0a9-e50e24dcca9e : bytearray(b'3,0')
2021-08-09 14:52:44,900 - INFO - root - x = 466, y = 92, Radius = 77.45979309082031
2021-08-09 14:52:44,900 - INFO - root - Decision Window: xRange = 489, 502,  yRange = 129, 89
2021-08-09 14:52:44,900 - INFO - root - Distance = 25, direction = 4, Win# 0
2021-08-09 14:52:44,987 - DEBUG - bleak.backends.dotnet.client - Write Characteristic 6e400002-b5a3-f393-e0a9-e50e24dcca9e : bytearray(b'4,0')
2021-08-09 14:52:45,023 - INFO - root - x = 444, y = 90, Radius = 78.18685150146484
2021-08-09 14:52:45,023 - INFO - root - Decision Window: xRange = 489, 502,  yRange = 129, 89
2021-08-09 14:52:45,023 - INFO - root - Distance = 47, direction = 4, Win# 0
2021-08-09 14:52:45,106 - DEBUG - bleak.backends.dotnet.client - Write Characteristic 6e400002-b5a3-f393-e0a9-e50e24dcca9e : bytearray(b'4,0')
2021-08-09 14:52:45,145 - INFO - root - x = 441, y = 90, Radius = 77.1982650756836
2021-08-09 14:52:45,145 - INFO - root - Decision Window: xRange = 489, 502,  yRange = 129, 89
2021-08-09 14:52:45,145 - INFO - root - Distance = 50, direction = 4, Win# 0
2021-08-09 14:52:45,227 - DEBUG - bleak.backends.dotnet.client - Write Characteristic 6e400002-b5a3-f393-e0a9-e50e24dcca9e : bytearray(b'4,1')
2021-08-09 14:52:45,255 - INFO - root - x = 446, y = 91, Radius = 73.6215591430664
2021-08-09 14:52:45,255 - INFO - root - Decision Window: xRange = 489, 502,  yRange = 129, 89
2021-08-09 14:52:45,255 - INFO - root - Distance = 44, direction = 4, Win# 0
2021-08-09 14:52:45,346 - DEBUG - bleak.backends.dotnet.client - Write Characteristic 6e400002-b5a3-f393-e0a9-e50e24dcca9e : bytearray(b'4,0')
2021-08-09 14:52:45,378 - INFO - root - x = 478, y = 89, Radius = 75.02848052978516
2021-08-09 14:52:45,378 - INFO - root - Decision Window: xRange = 489, 502,  yRange = 129, 89
2021-08-09 14:52:45,378 - INFO - root - Distance = 18, direction = 3, Win# 0
2021-08-09 14:52:45,466 - DEBUG - bleak.backends.dotnet.client - Write Characteristic 6e400002-b5a3-f393-e0a9-e50e24dcca9e : bytearray(b'3,0')
2021-08-09 14:52:45,504 - INFO - root - x = 529, y = 91, Radius = 79.57710266113281
2021-08-09 14:52:45,504 - INFO - root - Decision Window: xRange = 489, 502,  yRange = 129, 89
2021-08-09 14:52:45,504 - INFO - root - Distance = 39, direction = 2, Win# 0
2021-08-09 14:52:45,586 - DEBUG - bleak.backends.dotnet.client - Write Characteristic 6e400002-b5a3-f393-e0a9-e50e24dcca9e : bytearray(b'2,0')
2021-08-09 14:52:45,624 - INFO - root - x = 526, y = 96, Radius = 84.86432647705078
2021-08-09 14:52:45,624 - INFO - root - Decision Window: xRange = 489, 502,  yRange = 129, 89
2021-08-09 14:52:45,624 - INFO - root - Distance = 34, direction = 2, Win# 0
2021-08-09 14:52:45,706 - DEBUG - bleak.backends.dotnet.client - Write Characteristic 6e400002-b5a3-f393-e0a9-e50e24dcca9e : bytearray(b'2,0')
2021-08-09 14:52:45,747 - INFO - root - x = 498, y = 98, Radius = 88.48919677734375
2021-08-09 14:52:45,747 - INFO - root - Decision Window: xRange = 489, 502,  yRange = 129, 89
2021-08-09 14:52:45,747 - INFO - root - Distance = 10, direction = 3, Win# 0
2021-08-09 14:52:45,826 - DEBUG - bleak.backends.dotnet.client - Write Characteristic 6e400002-b5a3-f393-e0a9-e50e24dcca9e : bytearray(b'3,0')
2021-08-09 14:52:45,870 - INFO - root - x = 484, y = 100, Radius = 86.8897476196289
2021-08-09 14:52:45,870 - INFO - root - Decision Window: xRange = 489, 502,  yRange = 129, 89
2021-08-09 14:52:45,870 - INFO - root - Distance = 6, direction = 4, Win# 0
2021-08-09 14:52:45,946 - DEBUG - bleak.backends.dotnet.client - Write Characteristic 6e400002-b5a3-f393-e0a9-e50e24dcca9e : bytearray(b'4,0')
2021-08-09 14:52:45,978 - INFO - root - x = 477, y = 104, Radius = 89.31884765625
2021-08-09 14:52:45,978 - INFO - root - Decision Window: xRange = 489, 502,  yRange = 129, 89
2021-08-09 14:52:45,978 - INFO - root - Distance = 12, direction = 4, Win# 0
2021-08-09 14:52:46,067 - DEBUG - bleak.backends.dotnet.client - Write Characteristic 6e400002-b5a3-f393-e0a9-e50e24dcca9e : bytearray(b'4,0')
2021-08-09 14:52:46,105 - INFO - root - x = 470, y = 106, Radius = 88.58287811279297
2021-08-09 14:52:46,106 - INFO - root - Decision Window: xRange = 489, 502,  yRange = 129, 89
2021-08-09 14:52:46,106 - INFO - root - Distance = 19, direction = 4, Win# 0
2021-08-09 14:52:46,186 - DEBUG - bleak.backends.dotnet.client - Write Characteristic 6e400002-b5a3-f393-e0a9-e50e24dcca9e : bytearray(b'4,0')
2021-08-09 14:52:46,209 - INFO - root - x = 475, y = 104, Radius = 85.07028198242188
2021-08-09 14:52:46,209 - INFO - root - Decision Window: xRange = 489, 502,  yRange = 129, 89
2021-08-09 14:52:46,209 - INFO - root - Distance = 14, direction = 4, Win# 0
2021-08-09 14:52:46,367 - DEBUG - bleak.backends.dotnet.client - Write Characteristic 6e400002-b5a3-f393-e0a9-e50e24dcca9e : bytearray(b'4,0')
2021-08-09 14:52:46,409 - INFO - root - x = 493, y = 109, Radius = 86.98053741455078
2021-08-09 14:52:46,409 - INFO - root - Decision Window: xRange = 489, 502,  yRange = 129, 89
2021-08-09 14:52:46,409 - INFO - root - Distance = 0, direction = 0, Win# 0
2021-08-09 14:52:46,486 - DEBUG - bleak.backends.dotnet.client - Write Characteristic 6e400002-b5a3-f393-e0a9-e50e24dcca9e : bytearray(b'1,2')
2021-08-09 14:52:46,522 - INFO - root - x = 495, y = 104, Radius = 81.2733383178711
2021-08-09 14:52:46,522 - INFO - root - Decision Window: xRange = 489, 502,  yRange = 129, 89
2021-08-09 14:52:46,522 - INFO - root - Distance = 0, direction = 0, Win# 0
2021-08-09 14:52:46,607 - DEBUG - bleak.backends.dotnet.client - Write Characteristic 6e400002-b5a3-f393-e0a9-e50e24dcca9e : bytearray(b'1,2')
2021-08-09 14:52:46,637 - INFO - root - x = 491, y = 102, Radius = 78.2934799194336
2021-08-09 14:52:46,638 - INFO - root - Decision Window: xRange = 489, 502,  yRange = 129, 89
2021-08-09 14:52:46,638 - INFO - root - Distance = 0, direction = 0, Win# 0
2021-08-09 14:52:46,726 - DEBUG - bleak.backends.dotnet.client - Write Characteristic 6e400002-b5a3-f393-e0a9-e50e24dcca9e : bytearray(b'1,2')
2021-08-09 14:52:46,764 - INFO - root - x = 488, y = 103, Radius = 81.34532165527344
2021-08-09 14:52:46,764 - INFO - root - Decision Window: xRange = 489, 502,  yRange = 129, 89
2021-08-09 14:52:46,764 - INFO - root - Distance = 0, direction = 0, Win# 0
2021-08-09 14:52:46,847 - DEBUG - bleak.backends.dotnet.client - Write Characteristic 6e400002-b5a3-f393-e0a9-e50e24dcca9e : bytearray(b'1,2')
2021-08-09 14:52:46,885 - INFO - root - x = 490, y = 103, Radius = 80.38597106933594
2021-08-09 14:52:46,885 - INFO - root - Decision Window: xRange = 489, 502,  yRange = 129, 89
2021-08-09 14:52:46,885 - INFO - root - Distance = 0, direction = 0, Win# 0
2021-08-09 14:52:47,026 - DEBUG - bleak.backends.dotnet.client - Write Characteristic 6e400002-b5a3-f393-e0a9-e50e24dcca9e : bytearray(b'1,2')
2021-08-09 14:52:47,060 - INFO - root - x = 490, y = 101, Radius = 81.0924301147461
2021-08-09 14:52:47,060 - INFO - root - Decision Window: xRange = 489, 502,  yRange = 129, 89
2021-08-09 14:52:47,060 - INFO - root - Distance = 3, direction = 3, Win# 0
2021-08-09 14:52:47,147 - DEBUG - bleak.backends.dotnet.client - Write Characteristic 6e400002-b5a3-f393-e0a9-e50e24dcca9e : bytearray(b'3,0')
2021-08-09 14:52:47,189 - INFO - root - x = 478, y = 101, Radius = 78.93571472167969
2021-08-09 14:52:47,189 - INFO - root - Decision Window: xRange = 489, 502,  yRange = 129, 89
2021-08-09 14:52:47,189 - INFO - root - Distance = 11, direction = 4, Win# 0
2021-08-09 14:52:47,266 - DEBUG - bleak.backends.dotnet.client - Write Characteristic 6e400002-b5a3-f393-e0a9-e50e24dcca9e : bytearray(b'4,0')
2021-08-09 14:52:47,308 - INFO - root - x = 462, y = 103, Radius = 80.54547119140625
2021-08-09 14:52:47,308 - INFO - root - Decision Window: xRange = 489, 502,  yRange = 129, 89
2021-08-09 14:52:47,308 - INFO - root - Distance = 27, direction = 4, Win# 0
2021-08-09 14:52:47,386 - DEBUG - bleak.backends.dotnet.client - Write Characteristic 6e400002-b5a3-f393-e0a9-e50e24dcca9e : bytearray(b'4,0')
2021-08-09 14:52:47,429 - INFO - root - x = 450, y = 101, Radius = 79.24655151367188
2021-08-09 14:52:47,429 - INFO - root - Decision Window: xRange = 489, 502,  yRange = 129, 89
2021-08-09 14:52:47,429 - INFO - root - Distance = 39, direction = 4, Win# 0
2021-08-09 14:52:47,506 - DEBUG - bleak.backends.dotnet.client - Write Characteristic 6e400002-b5a3-f393-e0a9-e50e24dcca9e : bytearray(b'4,0')
2021-08-09 14:52:47,540 - INFO - root - x = 452, y = 97, Radius = 75.77345275878906
2021-08-09 14:52:47,540 - INFO - root - Decision Window: xRange = 489, 502,  yRange = 129, 89
2021-08-09 14:52:47,541 - INFO - root - Distance = 37, direction = 4, Win# 0
2021-08-09 14:52:47,626 - DEBUG - bleak.backends.dotnet.client - Write Characteristic 6e400002-b5a3-f393-e0a9-e50e24dcca9e : bytearray(b'4,0')
2021-08-09 14:52:47,646 - INFO - root - x = 462, y = 96, Radius = 74.15662384033203
2021-08-09 14:52:47,646 - INFO - root - Decision Window: xRange = 489, 502,  yRange = 129, 89
2021-08-09 14:52:47,646 - INFO - root - Distance = 28, direction = 4, Win# 0
2021-08-09 14:52:47,746 - DEBUG - bleak.backends.dotnet.client - Write Characteristic 6e400002-b5a3-f393-e0a9-e50e24dcca9e : bytearray(b'4,0')
2021-08-09 14:52:47,771 - INFO - root - x = 496, y = 100, Radius = 77.81841278076172
2021-08-09 14:52:47,771 - INFO - root - Decision Window: xRange = 489, 502,  yRange = 129, 89
2021-08-09 14:52:47,771 - INFO - root - Distance = 8, direction = 3, Win# 0
2021-08-09 14:52:47,867 - DEBUG - bleak.backends.dotnet.client - Write Characteristic 6e400002-b5a3-f393-e0a9-e50e24dcca9e : bytearray(b'3,0')
2021-08-09 14:52:47,908 - INFO - root - x = 524, y = 100, Radius = 75.35858917236328
2021-08-09 14:52:47,908 - INFO - root - Decision Window: xRange = 489, 502,  yRange = 129, 89
2021-08-09 14:52:47,908 - INFO - root - Distance = 31, direction = 2, Win# 0
2021-08-09 14:52:47,986 - DEBUG - bleak.backends.dotnet.client - Write Characteristic 6e400002-b5a3-f393-e0a9-e50e24dcca9e : bytearray(b'2,0')
2021-08-09 14:52:48,015 - INFO - root - x = 537, y = 99, Radius = 77.34971618652344
2021-08-09 14:52:48,015 - INFO - root - Decision Window: xRange = 489, 502,  yRange = 129, 89
2021-08-09 14:52:48,015 - INFO - root - Distance = 43, direction = 2, Win# 0
2021-08-09 14:52:48,106 - DEBUG - bleak.backends.dotnet.client - Write Characteristic 6e400002-b5a3-f393-e0a9-e50e24dcca9e : bytearray(b'2,0')
2021-08-09 14:52:48,139 - INFO - root - x = 532, y = 98, Radius = 78.98027038574219
2021-08-09 14:52:48,139 - INFO - root - Decision Window: xRange = 489, 502,  yRange = 129, 89
2021-08-09 14:52:48,139 - INFO - root - Distance = 39, direction = 2, Win# 0
2021-08-09 14:52:48,226 - DEBUG - bleak.backends.dotnet.client - Write Characteristic 6e400002-b5a3-f393-e0a9-e50e24dcca9e : bytearray(b'2,0')
2021-08-09 14:52:48,262 - INFO - root - x = 521, y = 96, Radius = 79.67132568359375
2021-08-09 14:52:48,262 - INFO - root - Decision Window: xRange = 489, 502,  yRange = 129, 89
2021-08-09 14:52:48,262 - INFO - root - Distance = 30, direction = 2, Win# 0
2021-08-09 14:52:48,346 - DEBUG - bleak.backends.dotnet.client - Write Characteristic 6e400002-b5a3-f393-e0a9-e50e24dcca9e : bytearray(b'2,0')
2021-08-09 14:52:48,372 - INFO - root - x = 495, y = 97, Radius = 80.90576171875
2021-08-09 14:52:48,372 - INFO - root - Decision Window: xRange = 489, 502,  yRange = 129, 89
2021-08-09 14:52:48,372 - INFO - root - Distance = 9, direction = 3, Win# 0
2021-08-09 14:52:48,467 - DEBUG - bleak.backends.dotnet.client - Write Characteristic 6e400002-b5a3-f393-e0a9-e50e24dcca9e : bytearray(b'3,0')
2021-08-09 14:52:48,510 - INFO - root - x = 478, y = 105, Radius = 81.99031066894531
2021-08-09 14:52:48,510 - INFO - root - Decision Window: xRange = 489, 502,  yRange = 129, 89
2021-08-09 14:52:48,510 - INFO - root - Distance = 11, direction = 4, Win# 0
2021-08-09 14:52:48,586 - DEBUG - bleak.backends.dotnet.client - Write Characteristic 6e400002-b5a3-f393-e0a9-e50e24dcca9e : bytearray(b'4,0')
2021-08-09 14:52:48,621 - INFO - root - x = 480, y = 108, Radius = 83.00502014160156
2021-08-09 14:52:48,621 - INFO - root - Decision Window: xRange = 489, 502,  yRange = 129, 89
2021-08-09 14:52:48,621 - INFO - root - Distance = 9, direction = 4, Win# 0
2021-08-09 14:52:48,707 - DEBUG - bleak.backends.dotnet.client - Write Characteristic 6e400002-b5a3-f393-e0a9-e50e24dcca9e : bytearray(b'4,0')
2021-08-09 14:52:48,741 - INFO - root - x = 482, y = 108, Radius = 83.60320281982422
2021-08-09 14:52:48,741 - INFO - root - Decision Window: xRange = 489, 502,  yRange = 129, 89
2021-08-09 14:52:48,741 - INFO - root - Distance = 7, direction = 4, Win# 0
2021-08-09 14:52:48,826 - DEBUG - bleak.backends.dotnet.client - Write Characteristic 6e400002-b5a3-f393-e0a9-e50e24dcca9e : bytearray(b'4,0')
2021-08-09 14:52:48,854 - INFO - root - x = 483, y = 108, Radius = 82.25048065185547
2021-08-09 14:52:48,854 - INFO - root - Decision Window: xRange = 489, 502,  yRange = 129, 89
2021-08-09 14:52:48,854 - INFO - root - Distance = 6, direction = 4, Win# 0
2021-08-09 14:52:48,947 - DEBUG - bleak.backends.dotnet.client - Write Characteristic 6e400002-b5a3-f393-e0a9-e50e24dcca9e : bytearray(b'4,0')
2021-08-09 14:52:48,989 - INFO - root - x = 484, y = 108, Radius = 82.5724868774414
2021-08-09 14:52:48,989 - INFO - root - Decision Window: xRange = 489, 502,  yRange = 129, 89
2021-08-09 14:52:48,989 - INFO - root - Distance = 5, direction = 4, Win# 0
2021-08-09 14:52:49,067 - DEBUG - bleak.backends.dotnet.client - Write Characteristic 6e400002-b5a3-f393-e0a9-e50e24dcca9e : bytearray(b'4,0')
2021-08-09 14:52:49,096 - INFO - root - x = 484, y = 108, Radius = 82.80856323242188
2021-08-09 14:52:49,096 - INFO - root - Decision Window: xRange = 489, 502,  yRange = 129, 89
2021-08-09 14:52:49,096 - INFO - root - Distance = 5, direction = 4, Win# 0
2021-08-09 14:52:49,186 - DEBUG - bleak.backends.dotnet.client - Write Characteristic 6e400002-b5a3-f393-e0a9-e50e24dcca9e : bytearray(b'4,0')
2021-08-09 14:52:49,205 - INFO - root - x = 482, y = 108, Radius = 82.45317077636719
2021-08-09 14:52:49,206 - INFO - root - Decision Window: xRange = 489, 502,  yRange = 129, 89
2021-08-09 14:52:49,206 - INFO - root - Distance = 7, direction = 4, Win# 0
2021-08-09 14:52:49,306 - DEBUG - bleak.backends.dotnet.client - Write Characteristic 6e400002-b5a3-f393-e0a9-e50e24dcca9e : bytearray(b'4,0')
2021-08-09 14:52:49,328 - INFO - root - x = 477, y = 106, Radius = 80.9615707397461
2021-08-09 14:52:49,328 - INFO - root - Decision Window: xRange = 489, 502,  yRange = 129, 89
2021-08-09 14:52:49,328 - INFO - root - Distance = 12, direction = 4, Win# 0
2021-08-09 14:52:49,427 - DEBUG - bleak.backends.dotnet.client - Write Characteristic 6e400002-b5a3-f393-e0a9-e50e24dcca9e : bytearray(b'4,0')
2021-08-09 14:52:49,467 - INFO - root - x = 478, y = 105, Radius = 80.85797882080078
2021-08-09 14:52:49,467 - INFO - root - Decision Window: xRange = 489, 502,  yRange = 129, 89
2021-08-09 14:52:49,467 - INFO - root - Distance = 11, direction = 4, Win# 0
2021-08-09 14:52:49,546 - DEBUG - bleak.backends.dotnet.client - Write Characteristic 6e400002-b5a3-f393-e0a9-e50e24dcca9e : bytearray(b'4,0')
2021-08-09 14:52:49,576 - INFO - root - x = 478, y = 105, Radius = 81.1641616821289
2021-08-09 14:52:49,576 - INFO - root - Decision Window: xRange = 489, 502,  yRange = 129, 89
2021-08-09 14:52:49,576 - INFO - root - Distance = 11, direction = 4, Win# 0
2021-08-09 14:52:49,666 - DEBUG - bleak.backends.dotnet.client - Write Characteristic 6e400002-b5a3-f393-e0a9-e50e24dcca9e : bytearray(b'4,0')
2021-08-09 14:52:49,699 - INFO - root - x = 482, y = 105, Radius = 81.56822967529297
2021-08-09 14:52:49,699 - INFO - root - Decision Window: xRange = 489, 502,  yRange = 129, 89
2021-08-09 14:52:49,699 - INFO - root - Distance = 7, direction = 4, Win# 0
2021-08-09 14:52:49,786 - DEBUG - bleak.backends.dotnet.client - Write Characteristic 6e400002-b5a3-f393-e0a9-e50e24dcca9e : bytearray(b'4,0')
2021-08-09 14:52:49,824 - INFO - root - x = 484, y = 105, Radius = 81.40860748291016
2021-08-09 14:52:49,824 - INFO - root - Decision Window: xRange = 489, 502,  yRange = 129, 89
2021-08-09 14:52:49,824 - INFO - root - Distance = 5, direction = 4, Win# 0
2021-08-09 14:52:49,906 - DEBUG - bleak.backends.dotnet.client - Write Characteristic 6e400002-b5a3-f393-e0a9-e50e24dcca9e : bytearray(b'4,0')
2021-08-09 14:52:49,946 - INFO - root - x = 486, y = 104, Radius = 81.28897857666016
2021-08-09 14:52:49,946 - INFO - root - Decision Window: xRange = 489, 502,  yRange = 129, 89
2021-08-09 14:52:49,946 - INFO - root - Distance = 3, direction = 4, Win# 0
2021-08-09 14:52:50,026 - DEBUG - bleak.backends.dotnet.client - Write Characteristic 6e400002-b5a3-f393-e0a9-e50e24dcca9e : bytearray(b'4,0')
2021-08-09 14:52:50,054 - INFO - root - x = 487, y = 104, Radius = 79.77352905273438
2021-08-09 14:52:50,054 - INFO - root - Decision Window: xRange = 489, 502,  yRange = 129, 89
2021-08-09 14:52:50,054 - INFO - root - Distance = 0, direction = 0, Win# 0
2021-08-09 14:52:50,146 - DEBUG - bleak.backends.dotnet.client - Write Characteristic 6e400002-b5a3-f393-e0a9-e50e24dcca9e : bytearray(b'1,2')
2021-08-09 14:52:50,178 - INFO - root - x = 500, y = 105, Radius = 81.49665832519531
2021-08-09 14:52:50,178 - INFO - root - Decision Window: xRange = 489, 502,  yRange = 129, 89
2021-08-09 14:52:50,178 - INFO - root - Distance = 0, direction = 0, Win# 0
2021-08-09 14:52:50,267 - DEBUG - bleak.backends.dotnet.client - Write Characteristic 6e400002-b5a3-f393-e0a9-e50e24dcca9e : bytearray(b'1,2')
2021-08-09 14:52:50,302 - INFO - root - x = 524, y = 108, Radius = 84.3241195678711
2021-08-09 14:52:50,302 - INFO - root - Decision Window: xRange = 489, 502,  yRange = 129, 89
2021-08-09 14:52:50,302 - INFO - root - Distance = 0, direction = 0, Win# 0
2021-08-09 14:52:50,386 - DEBUG - bleak.backends.dotnet.client - Write Characteristic 6e400002-b5a3-f393-e0a9-e50e24dcca9e : bytearray(b'1,2')
2021-08-09 14:52:50,422 - INFO - root - x = 529, y = 108, Radius = 87.09153747558594
2021-08-09 14:52:50,422 - INFO - root - Decision Window: xRange = 489, 502,  yRange = 129, 89
2021-08-09 14:52:50,422 - INFO - root - Distance = 0, direction = 0, Win# 0
2021-08-09 14:52:50,506 - DEBUG - bleak.backends.dotnet.client - Write Characteristic 6e400002-b5a3-f393-e0a9-e50e24dcca9e : bytearray(b'1,2')
2021-08-09 14:52:50,546 - INFO - root - x = 544, y = 108, Radius = 88.07145690917969
2021-08-09 14:52:50,546 - INFO - root - Decision Window: xRange = 489, 502,  yRange = 129, 89
2021-08-09 14:52:50,546 - INFO - root - Distance = 0, direction = 0, Win# 0
2021-08-09 14:52:50,626 - DEBUG - bleak.backends.dotnet.client - Write Characteristic 6e400002-b5a3-f393-e0a9-e50e24dcca9e : bytearray(b'1,2')
2021-08-09 14:52:50,653 - INFO - root - x = 523, y = 112, Radius = 86.99739074707031
2021-08-09 14:52:50,654 - INFO - root - Decision Window: xRange = 489, 502,  yRange = 129, 89
2021-08-09 14:52:50,654 - INFO - root - Distance = 0, direction = 0, Win# 0
2021-08-09 14:52:50,746 - DEBUG - bleak.backends.dotnet.client - Write Characteristic 6e400002-b5a3-f393-e0a9-e50e24dcca9e : bytearray(b'1,2')
2021-08-09 14:52:50,780 - INFO - root - x = 475, y = 109, Radius = 84.20832061767578
2021-08-09 14:52:50,780 - INFO - root - Decision Window: xRange = 489, 502,  yRange = 129, 89
2021-08-09 14:52:50,780 - INFO - root - Distance = 14, direction = 4, Win# 0
2021-08-09 14:52:50,866 - DEBUG - bleak.backends.dotnet.client - Write Characteristic 6e400002-b5a3-f393-e0a9-e50e24dcca9e : bytearray(b'4,0')
2021-08-09 14:52:50,890 - INFO - root - x = 431, y = 106, Radius = 82.50615692138672
2021-08-09 14:52:50,890 - INFO - root - Decision Window: xRange = 489, 502,  yRange = 129, 89
2021-08-09 14:52:50,890 - INFO - root - Distance = 58, direction = 4, Win# 0
2021-08-09 14:52:50,987 - DEBUG - bleak.backends.dotnet.client - Write Characteristic 6e400002-b5a3-f393-e0a9-e50e24dcca9e : bytearray(b'4,1')
2021-08-09 14:52:51,013 - INFO - root - x = 422, y = 106, Radius = 83.48662567138672
2021-08-09 14:52:51,013 - INFO - root - Decision Window: xRange = 489, 502,  yRange = 129, 89
2021-08-09 14:52:51,013 - INFO - root - Distance = 67, direction = 4, Win# 0
2021-08-09 14:52:51,107 - DEBUG - bleak.backends.dotnet.client - Write Characteristic 6e400002-b5a3-f393-e0a9-e50e24dcca9e : bytearray(b'4,1')
2021-08-09 14:52:51,135 - INFO - root - x = 429, y = 108, Radius = 85.24240112304688
2021-08-09 14:52:51,135 - INFO - root - Decision Window: xRange = 489, 502,  yRange = 129, 89
2021-08-09 14:52:51,135 - INFO - root - Distance = 60, direction = 4, Win# 0
2021-08-09 14:52:51,226 - DEBUG - bleak.backends.dotnet.client - Write Characteristic 6e400002-b5a3-f393-e0a9-e50e24dcca9e : bytearray(b'4,1')
2021-08-09 14:52:51,260 - INFO - root - x = 445, y = 110, Radius = 84.55924987792969
2021-08-09 14:52:51,260 - INFO - root - Decision Window: xRange = 489, 502,  yRange = 129, 89
2021-08-09 14:52:51,260 - INFO - root - Distance = 44, direction = 4, Win# 0
2021-08-09 14:52:51,346 - DEBUG - bleak.backends.dotnet.client - Write Characteristic 6e400002-b5a3-f393-e0a9-e50e24dcca9e : bytearray(b'4,0')
2021-08-09 14:52:51,383 - INFO - root - x = 480, y = 113, Radius = 84.24408721923828
2021-08-09 14:52:51,383 - INFO - root - Decision Window: xRange = 489, 502,  yRange = 129, 89
2021-08-09 14:52:51,383 - INFO - root - Distance = 12, direction = 4, Win# 0
2021-08-09 14:52:51,466 - DEBUG - bleak.backends.dotnet.client - Write Characteristic 6e400002-b5a3-f393-e0a9-e50e24dcca9e : bytearray(b'4,0')
2021-08-09 14:52:51,503 - INFO - root - x = 524, y = 114, Radius = 84.19511413574219
2021-08-09 14:52:51,503 - INFO - root - Decision Window: xRange = 489, 502,  yRange = 129, 89
2021-08-09 14:52:51,504 - INFO - root - Distance = 0, direction = 0, Win# 0
2021-08-09 14:52:51,587 - DEBUG - bleak.backends.dotnet.client - Write Characteristic 6e400002-b5a3-f393-e0a9-e50e24dcca9e : bytearray(b'1,2')
2021-08-09 14:52:51,630 - INFO - root - x = 485, y = 106, Radius = 76.76109313964844
2021-08-09 14:52:51,630 - INFO - root - Decision Window: xRange = 489, 502,  yRange = 129, 89
2021-08-09 14:52:51,630 - INFO - root - Distance = 4, direction = 4, Win# 0
2021-08-09 14:52:51,706 - DEBUG - bleak.backends.dotnet.client - Write Characteristic 6e400002-b5a3-f393-e0a9-e50e24dcca9e : bytearray(b'4,0')
2021-08-09 14:52:51,726 - INFO - root - x = 447, y = 100, Radius = 75.31443786621094
2021-08-09 14:52:51,726 - INFO - root - Decision Window: xRange = 489, 502,  yRange = 129, 89
2021-08-09 14:52:51,727 - INFO - root - Distance = 42, direction = 4, Win# 0
2021-08-09 14:52:51,827 - DEBUG - bleak.backends.dotnet.client - Write Characteristic 6e400002-b5a3-f393-e0a9-e50e24dcca9e : bytearray(b'4,0')
2021-08-09 14:52:51,864 - INFO - root - x = 452, y = 102, Radius = 76.728515625
2021-08-09 14:52:51,864 - INFO - root - Decision Window: xRange = 489, 502,  yRange = 129, 89
2021-08-09 14:52:51,864 - INFO - root - Distance = 37, direction = 4, Win# 0
2021-08-09 14:52:51,947 - DEBUG - bleak.backends.dotnet.client - Write Characteristic 6e400002-b5a3-f393-e0a9-e50e24dcca9e : bytearray(b'4,0')
2021-08-09 14:52:51,973 - INFO - root - x = 443, y = 105, Radius = 76.37090301513672
2021-08-09 14:52:51,973 - INFO - root - Decision Window: xRange = 489, 502,  yRange = 129, 89
2021-08-09 14:52:51,973 - INFO - root - Distance = 46, direction = 4, Win# 0
2021-08-09 14:52:52,066 - DEBUG - bleak.backends.dotnet.client - Write Characteristic 6e400002-b5a3-f393-e0a9-e50e24dcca9e : bytearray(b'4,0')
2021-08-09 14:52:52,109 - INFO - root - x = 446, y = 104, Radius = 78.49213409423828
2021-08-09 14:52:52,109 - INFO - root - Decision Window: xRange = 489, 502,  yRange = 129, 89
2021-08-09 14:52:52,109 - INFO - root - Distance = 43, direction = 4, Win# 0
2021-08-09 14:52:52,186 - DEBUG - bleak.backends.dotnet.client - Write Characteristic 6e400002-b5a3-f393-e0a9-e50e24dcca9e : bytearray(b'4,0')
2021-08-09 14:52:52,216 - INFO - root - x = 517, y = 106, Radius = 75.67374420166016
2021-08-09 14:52:52,216 - INFO - root - Decision Window: xRange = 489, 502,  yRange = 129, 89
2021-08-09 14:52:52,216 - INFO - root - Distance = 0, direction = 0, Win# 0
2021-08-09 14:52:52,306 - DEBUG - bleak.backends.dotnet.client - Write Characteristic 6e400002-b5a3-f393-e0a9-e50e24dcca9e : bytearray(b'1,2')
2021-08-09 14:52:52,328 - INFO - root - x = 261, y = 64, Radius = 177.7218017578125
2021-08-09 14:52:52,328 - INFO - root - Decision Window: xRange = 489, 502,  yRange = 129, 89
2021-08-09 14:52:52,328 - INFO - root - Distance = 231, direction = 4, Win# 0
2021-08-09 14:52:52,426 - DEBUG - bleak.backends.dotnet.client - Write Characteristic 6e400002-b5a3-f393-e0a9-e50e24dcca9e : bytearray(b'4,3')
2021-08-09 14:52:52,464 - INFO - root - x = 591, y = 93, Radius = 66.85067749023438
2021-08-09 14:52:52,464 - INFO - root - Decision Window: xRange = 489, 502,  yRange = 129, 89
2021-08-09 14:52:52,464 - INFO - root - Distance = 96, direction = 2, Win# 0
2021-08-09 14:52:52,546 - DEBUG - bleak.backends.dotnet.client - Write Characteristic 6e400002-b5a3-f393-e0a9-e50e24dcca9e : bytearray(b'2,1')
2021-08-09 14:52:52,589 - INFO - root - x = 468, y = 93, Radius = 70.03673553466797
2021-08-09 14:52:52,589 - INFO - root - Decision Window: xRange = 489, 502,  yRange = 129, 89
2021-08-09 14:52:52,589 - INFO - root - Distance = 23, direction = 4, Win# 0
2021-08-09 14:52:52,666 - DEBUG - bleak.backends.dotnet.client - Write Characteristic 6e400002-b5a3-f393-e0a9-e50e24dcca9e : bytearray(b'4,0')
2021-08-09 14:52:52,695 - INFO - root - x = 473, y = 107, Radius = 75.67208862304688
2021-08-09 14:52:52,695 - INFO - root - Decision Window: xRange = 489, 502,  yRange = 129, 89
2021-08-09 14:52:52,695 - INFO - root - Distance = 16, direction = 4, Win# 0
2021-08-09 14:52:52,786 - DEBUG - bleak.backends.dotnet.client - Write Characteristic 6e400002-b5a3-f393-e0a9-e50e24dcca9e : bytearray(b'4,0')
2021-08-09 14:52:52,816 - INFO - root - x = 592, y = 110, Radius = 80.7090072631836
2021-08-09 14:52:52,816 - INFO - root - Decision Window: xRange = 489, 502,  yRange = 129, 89
2021-08-09 14:52:52,816 - INFO - root - Distance = 0, direction = 0, Win# 0
2021-08-09 14:52:52,907 - DEBUG - bleak.backends.dotnet.client - Write Characteristic 6e400002-b5a3-f393-e0a9-e50e24dcca9e : bytearray(b'1,2')
2021-08-09 14:52:52,943 - INFO - root - x = 511, y = 106, Radius = 76.36763000488281
2021-08-09 14:52:52,943 - INFO - root - Decision Window: xRange = 489, 502,  yRange = 129, 89
2021-08-09 14:52:52,943 - INFO - root - Distance = 0, direction = 0, Win# 0
2021-08-09 14:52:53,027 - DEBUG - bleak.backends.dotnet.client - Write Characteristic 6e400002-b5a3-f393-e0a9-e50e24dcca9e : bytearray(b'1,2')
2021-08-09 14:52:53,063 - INFO - root - x = 523, y = 108, Radius = 75.85177612304688
2021-08-09 14:52:53,063 - INFO - root - Decision Window: xRange = 489, 502,  yRange = 129, 89
2021-08-09 14:52:53,063 - INFO - root - Distance = 0, direction = 0, Win# 0
2021-08-09 14:52:53,146 - DEBUG - bleak.backends.dotnet.client - Write Characteristic 6e400002-b5a3-f393-e0a9-e50e24dcca9e : bytearray(b'1,2')
2021-08-09 14:52:53,191 - INFO - root - x = 524, y = 115, Radius = 79.47543334960938
2021-08-09 14:52:53,192 - INFO - root - Decision Window: xRange = 489, 502,  yRange = 129, 89
2021-08-09 14:52:53,192 - INFO - root - Distance = 0, direction = 0, Win# 0
2021-08-09 14:52:53,266 - DEBUG - bleak.backends.dotnet.client - Write Characteristic 6e400002-b5a3-f393-e0a9-e50e24dcca9e : bytearray(b'1,2')
2021-08-09 14:52:53,294 - INFO - root - x = 527, y = 116, Radius = 81.41496276855469
2021-08-09 14:52:53,294 - INFO - root - Decision Window: xRange = 489, 502,  yRange = 129, 89
2021-08-09 14:52:53,294 - INFO - root - Distance = 0, direction = 0, Win# 0
2021-08-09 14:52:53,386 - DEBUG - bleak.backends.dotnet.client - Write Characteristic 6e400002-b5a3-f393-e0a9-e50e24dcca9e : bytearray(b'1,2')
2021-08-09 14:52:53,420 - INFO - root - x = 499, y = 201, Radius = 90.35384368896484
2021-08-09 14:52:53,420 - INFO - root - Decision Window: xRange = 489, 502,  yRange = 129, 89
2021-08-09 14:52:53,420 - INFO - root - Distance = 0, direction = 0, Win# 0
2021-08-09 14:52:53,507 - DEBUG - bleak.backends.dotnet.client - Write Characteristic 6e400002-b5a3-f393-e0a9-e50e24dcca9e : bytearray(b'1,2')
2021-08-09 14:52:53,543 - INFO - root - x = 137, y = 58, Radius = 117.11649322509766
2021-08-09 14:52:53,543 - INFO - root - Decision Window: xRange = 489, 502,  yRange = 129, 89
2021-08-09 14:52:53,543 - INFO - root - Distance = 354, direction = 4, Win# 0
2021-08-09 14:52:53,627 - DEBUG - bleak.backends.dotnet.client - Write Characteristic 6e400002-b5a3-f393-e0a9-e50e24dcca9e : bytearray(b'4,3')
2021-08-09 14:52:53,668 - INFO - root - x = 138, y = 58, Radius = 122.09125518798828
2021-08-09 14:52:53,668 - INFO - root - Decision Window: xRange = 489, 502,  yRange = 129, 89
2021-08-09 14:52:53,669 - INFO - root - Distance = 354, direction = 4, Win# 0
2021-08-09 14:52:53,747 - DEBUG - bleak.backends.dotnet.client - Write Characteristic 6e400002-b5a3-f393-e0a9-e50e24dcca9e : bytearray(b'4,3')
2021-08-09 14:52:53,776 - INFO - root - x = 141, y = 58, Radius = 128.11138916015625
2021-08-09 14:52:53,776 - INFO - root - Decision Window: xRange = 489, 502,  yRange = 129, 89
2021-08-09 14:52:53,776 - INFO - root - Distance = 351, direction = 4, Win# 0
2021-08-09 14:52:53,867 - DEBUG - bleak.backends.dotnet.client - Write Characteristic 6e400002-b5a3-f393-e0a9-e50e24dcca9e : bytearray(b'4,3')
2021-08-09 14:52:53,898 - INFO - root - x = 151, y = 58, Radius = 135.67343139648438
2021-08-09 14:52:53,899 - INFO - root - Decision Window: xRange = 489, 502,  yRange = 129, 89
2021-08-09 14:52:53,899 - INFO - root - Distance = 341, direction = 4, Win# 0
2021-08-09 14:52:53,986 - DEBUG - bleak.backends.dotnet.client - Write Characteristic 6e400002-b5a3-f393-e0a9-e50e24dcca9e : bytearray(b'4,3')
2021-08-09 14:52:54,025 - INFO - root - x = 158, y = 58, Radius = 151.5586700439453
2021-08-09 14:52:54,025 - INFO - root - Decision Window: xRange = 489, 502,  yRange = 129, 89
2021-08-09 14:52:54,025 - INFO - root - Distance = 334, direction = 4, Win# 0
2021-08-09 14:52:54,106 - DEBUG - bleak.backends.dotnet.client - Write Characteristic 6e400002-b5a3-f393-e0a9-e50e24dcca9e : bytearray(b'4,3')
2021-08-09 14:52:54,144 - INFO - root - x = 163, y = 59, Radius = 155.72422790527344
2021-08-09 14:52:54,144 - INFO - root - Decision Window: xRange = 489, 502,  yRange = 129, 89
2021-08-09 14:52:54,144 - INFO - root - Distance = 329, direction = 4, Win# 0
2021-08-09 14:52:54,226 - DEBUG - bleak.backends.dotnet.client - Write Characteristic 6e400002-b5a3-f393-e0a9-e50e24dcca9e : bytearray(b'4,3')
2021-08-09 14:52:54,268 - INFO - root - x = 163, y = 60, Radius = 157.26580810546875
2021-08-09 14:52:54,268 - INFO - root - Decision Window: xRange = 489, 502,  yRange = 129, 89
2021-08-09 14:52:54,268 - INFO - root - Distance = 328, direction = 4, Win# 0
2021-08-09 14:52:54,346 - DEBUG - bleak.backends.dotnet.client - Write Characteristic 6e400002-b5a3-f393-e0a9-e50e24dcca9e : bytearray(b'4,3')
2021-08-09 14:52:54,380 - INFO - root - x = 164, y = 60, Radius = 156.76824951171875
2021-08-09 14:52:54,380 - INFO - root - Decision Window: xRange = 489, 502,  yRange = 129, 89
2021-08-09 14:52:54,380 - INFO - root - Distance = 327, direction = 4, Win# 0
2021-08-09 14:52:54,466 - DEBUG - bleak.backends.dotnet.client - Write Characteristic 6e400002-b5a3-f393-e0a9-e50e24dcca9e : bytearray(b'4,3')
2021-08-09 14:52:54,501 - INFO - root - x = 164, y = 60, Radius = 156.2707061767578
2021-08-09 14:52:54,501 - INFO - root - Decision Window: xRange = 489, 502,  yRange = 129, 89
2021-08-09 14:52:54,501 - INFO - root - Distance = 327, direction = 4, Win# 0
2021-08-09 14:52:54,586 - DEBUG - bleak.backends.dotnet.client - Write Characteristic 6e400002-b5a3-f393-e0a9-e50e24dcca9e : bytearray(b'4,3')
2021-08-09 14:52:54,627 - INFO - root - x = 164, y = 60, Radius = 157.26580810546875
2021-08-09 14:52:54,627 - INFO - root - Decision Window: xRange = 489, 502,  yRange = 129, 89
2021-08-09 14:52:54,628 - INFO - root - Distance = 327, direction = 4, Win# 0
2021-08-09 14:52:54,706 - DEBUG - bleak.backends.dotnet.client - Write Characteristic 6e400002-b5a3-f393-e0a9-e50e24dcca9e : bytearray(b'4,3')
2021-08-09 14:52:54,747 - INFO - root - x = 164, y = 60, Radius = 156.7196044921875
2021-08-09 14:52:54,747 - INFO - root - Decision Window: xRange = 489, 502,  yRange = 129, 89
2021-08-09 14:52:54,747 - INFO - root - Distance = 327, direction = 4, Win# 0
2021-08-09 14:52:54,826 - DEBUG - bleak.backends.dotnet.client - Write Characteristic 6e400002-b5a3-f393-e0a9-e50e24dcca9e : bytearray(b'4,3')
2021-08-09 14:52:54,859 - DEBUG - bleak.backends.dotnet.client - Disconnecting from BLE device...
