2021-08-10 11:10:34,201 - INFO - root - 


2021-08-10 11:10:34,201 - INFO - root - PROGRAM BEGINS
2021-08-10 11:10:38,381 - DEBUG - asyncio - Using proactor: IocpProactor
2021-08-10 11:10:38,610 - DEBUG - bleak.backends.dotnet.scanner - Received 3F:4D:6C:C6:F2:5D: Unknown.
2021-08-10 11:10:38,739 - DEBUG - bleak.backends.dotnet.scanner - Received CC:D2:81:7A:31:C7: Unknown.
2021-08-10 11:10:38,739 - DEBUG - bleak.backends.dotnet.scanner - Received CC:D2:81:7A:31:C7: Unknown.
2021-08-10 11:10:38,866 - DEBUG - bleak.backends.dotnet.scanner - Received 58:02:53:F5:6B:EA: Unknown.
2021-08-10 11:10:38,867 - DEBUG - bleak.backends.dotnet.scanner - Received 58:02:53:F5:6B:EA: Unknown.
2021-08-10 11:10:38,977 - DEBUG - bleak.backends.dotnet.scanner - Received 3F:4D:6C:C6:F2:5D: Unknown.
2021-08-10 11:10:39,085 - DEBUG - bleak.backends.dotnet.scanner - Received 7D:B7:B3:7F:C9:4C: Unknown.
2021-08-10 11:10:39,086 - DEBUG - bleak.backends.dotnet.scanner - Received 7D:B7:B3:7F:C9:4C: Unknown.
2021-08-10 11:10:39,207 - DEBUG - bleak.backends.dotnet.scanner - Received 61:FB:42:14:8A:C0: Unknown.
2021-08-10 11:10:39,208 - DEBUG - bleak.backends.dotnet.scanner - Received 61:FB:42:14:8A:C0: Unknown.
2021-08-10 11:10:39,571 - DEBUG - bleak.backends.dotnet.scanner - Received 50:8E:EF:65:33:48: Unknown.
2021-08-10 11:10:39,571 - DEBUG - bleak.backends.dotnet.scanner - Received 50:8E:EF:65:33:48: Unknown.
2021-08-10 11:10:39,697 - DEBUG - bleak.backends.dotnet.scanner - Received 58:02:53:F5:6B:EA: Unknown.
2021-08-10 11:10:39,698 - DEBUG - bleak.backends.dotnet.scanner - Received 58:02:53:F5:6B:EA: Unknown.
2021-08-10 11:10:39,806 - DEBUG - bleak.backends.dotnet.scanner - Received 61:FB:42:14:8A:C0: Unknown.
2021-08-10 11:10:39,807 - DEBUG - bleak.backends.dotnet.scanner - Received 61:FB:42:14:8A:C0: Unknown.
2021-08-10 11:10:39,907 - DEBUG - bleak.backends.dotnet.scanner - Received 61:FB:42:14:8A:C0: Unknown.
2021-08-10 11:10:39,908 - DEBUG - bleak.backends.dotnet.scanner - Received 61:FB:42:14:8A:C0: Unknown.
2021-08-10 11:10:40,145 - DEBUG - bleak.backends.dotnet.scanner - Received 38:68:A4:0D:FE:EB: Unknown.
2021-08-10 11:10:40,277 - DEBUG - bleak.backends.dotnet.scanner - Received FA:B4:6A:30:5B:CF: Unknown.
2021-08-10 11:10:40,384 - DEBUG - bleak.backends.dotnet.scanner - Received 50:8E:EF:65:33:48: Unknown.
2021-08-10 11:10:40,385 - DEBUG - bleak.backends.dotnet.scanner - Received 50:8E:EF:65:33:48: Unknown.
2021-08-10 11:10:40,638 - DEBUG - bleak.backends.dotnet.scanner - Received 61:FB:42:14:8A:C0: Unknown.
2021-08-10 11:10:40,639 - DEBUG - bleak.backends.dotnet.scanner - Received 61:FB:42:14:8A:C0: Unknown.
2021-08-10 11:10:40,743 - DEBUG - bleak.backends.dotnet.scanner - Received CC:D2:81:7A:31:C7: Unknown.
2021-08-10 11:10:40,744 - DEBUG - bleak.backends.dotnet.scanner - Received CC:D2:81:7A:31:C7: Unknown.
2021-08-10 11:10:40,860 - DEBUG - bleak.backends.dotnet.scanner - Received 61:FB:42:14:8A:C0: Unknown.
2021-08-10 11:10:40,861 - DEBUG - bleak.backends.dotnet.scanner - Received 61:FB:42:14:8A:C0: Unknown.
2021-08-10 11:10:40,975 - DEBUG - bleak.backends.dotnet.scanner - Received 61:FB:42:14:8A:C0: Unknown.
2021-08-10 11:10:40,976 - DEBUG - bleak.backends.dotnet.scanner - Received 61:FB:42:14:8A:C0: Unknown.
2021-08-10 11:10:41,210 - DEBUG - bleak.backends.dotnet.scanner - Received 38:68:A4:0D:FE:EB: Unknown.
2021-08-10 11:10:41,336 - DEBUG - bleak.backends.dotnet.scanner - Received 58:02:53:F5:6B:EA: Unknown.
2021-08-10 11:10:41,337 - DEBUG - bleak.backends.dotnet.scanner - Received 58:02:53:F5:6B:EA: Unknown.
2021-08-10 11:10:41,450 - DEBUG - bleak.backends.dotnet.scanner - Received 61:FB:42:14:8A:C0: Unknown.
2021-08-10 11:10:41,450 - DEBUG - bleak.backends.dotnet.scanner - Received 61:FB:42:14:8A:C0: Unknown.
2021-08-10 11:10:41,575 - DEBUG - bleak.backends.dotnet.scanner - Received 61:FB:42:14:8A:C0: Unknown.
2021-08-10 11:10:41,576 - DEBUG - bleak.backends.dotnet.scanner - Received 61:FB:42:14:8A:C0: Unknown.
2021-08-10 11:10:41,807 - DEBUG - bleak.backends.dotnet.scanner - Received 7D:B7:B3:7F:C9:4C: Unknown.
2021-08-10 11:10:41,932 - DEBUG - bleak.backends.dotnet.scanner - Received 61:FB:42:14:8A:C0: Unknown.
2021-08-10 11:10:41,933 - DEBUG - bleak.backends.dotnet.scanner - Received 61:FB:42:14:8A:C0: Unknown.
2021-08-10 11:10:42,042 - DEBUG - bleak.backends.dotnet.scanner - Received 61:FB:42:14:8A:C0: Unknown.
2021-08-10 11:10:42,043 - DEBUG - bleak.backends.dotnet.scanner - Received 61:FB:42:14:8A:C0: Unknown.
2021-08-10 11:10:42,165 - DEBUG - bleak.backends.dotnet.scanner - Received 58:02:53:F5:6B:EA: Unknown.
2021-08-10 11:10:42,166 - DEBUG - bleak.backends.dotnet.scanner - Received 58:02:53:F5:6B:EA: Unknown.
2021-08-10 11:10:42,276 - DEBUG - bleak.backends.dotnet.scanner - Received 3F:4D:6C:C6:F2:5D: Unknown.
2021-08-10 11:10:42,409 - DEBUG - bleak.backends.dotnet.scanner - Received 7C:9E:BD:EE:7A:82: Haptic Sleeve ML.
2021-08-10 11:10:42,410 - DEBUG - bleak.backends.dotnet.scanner - Received 7C:9E:BD:EE:7A:82: Unknown.
2021-08-10 11:10:42,410 - DEBUG - bleak.backends.dotnet.scanner - 9 devices found. Watcher status: 3.
2021-08-10 11:10:42,410 - DEBUG - bleak.backends.dotnet.client - Connecting to BLE device @ 7c:9e:bd:ee:7a:82
2021-08-10 11:10:47,461 - DEBUG - bleak.backends.dotnet.client - _ConnectionStatusChanged_Handler: 1
2021-08-10 11:10:47,461 - DEBUG - bleak.backends.dotnet.client - Get Services...
2021-08-10 11:10:47,515 - INFO - bleak.backends.dotnet.client - Services resolved for BleakClientDotNet (7c:9e:bd:ee:7a:82)
2021-08-10 11:10:52,599 - INFO - root - x = 520, y = 97, Radius = 72.47077941894531
2021-08-10 11:10:52,599 - INFO - root - Decision Window: xRange = 489, 502,  yRange = 129, 89
2021-08-10 11:10:52,599 - INFO - root - Next Decision Window: xRange = 477, 488,  yRange = 118, 82
2021-08-10 11:10:52,599 - INFO - root - Distance = 29, direction = 2, Win# 0
2021-08-10 11:10:52,845 - DEBUG - bleak.backends.dotnet.client - Write Characteristic 6e400002-b5a3-f393-e0a9-e50e24dcca9e : bytearray(b'2,0')
2021-08-10 11:10:52,888 - INFO - root - x = 542, y = 94, Radius = 71.13729095458984
2021-08-10 11:10:52,888 - INFO - root - Decision Window: xRange = 489, 502,  yRange = 129, 89
2021-08-10 11:10:52,888 - INFO - root - Next Decision Window: xRange = 477, 488,  yRange = 118, 82
2021-08-10 11:10:52,888 - INFO - root - Distance = 50, direction = 2, Win# 0
2021-08-10 11:10:52,965 - DEBUG - bleak.backends.dotnet.client - Write Characteristic 6e400002-b5a3-f393-e0a9-e50e24dcca9e : bytearray(b'2,1')
2021-08-10 11:10:52,997 - INFO - root - x = 535, y = 101, Radius = 72.24966430664062
2021-08-10 11:10:52,997 - INFO - root - Decision Window: xRange = 489, 502,  yRange = 129, 89
2021-08-10 11:10:52,997 - INFO - root - Next Decision Window: xRange = 477, 488,  yRange = 118, 82
2021-08-10 11:10:52,997 - INFO - root - Distance = 40, direction = 2, Win# 0
2021-08-10 11:10:53,085 - DEBUG - bleak.backends.dotnet.client - Write Characteristic 6e400002-b5a3-f393-e0a9-e50e24dcca9e : bytearray(b'2,0')
2021-08-10 11:10:53,120 - INFO - root - x = 531, y = 104, Radius = 73.55280303955078
2021-08-10 11:10:53,120 - INFO - root - Decision Window: xRange = 489, 502,  yRange = 129, 89
2021-08-10 11:10:53,120 - INFO - root - Next Decision Window: xRange = 477, 488,  yRange = 118, 82
2021-08-10 11:10:53,120 - INFO - root - Distance = 0, direction = 0, Win# 0
2021-08-10 11:10:53,205 - DEBUG - bleak.backends.dotnet.client - Write Characteristic 6e400002-b5a3-f393-e0a9-e50e24dcca9e : bytearray(b'1,2')
2021-08-10 11:10:53,238 - INFO - root - x = 529, y = 103, Radius = 74.25978088378906
2021-08-10 11:10:53,238 - INFO - root - Decision Window: xRange = 489, 502,  yRange = 129, 89
2021-08-10 11:10:53,238 - INFO - root - Next Decision Window: xRange = 477, 488,  yRange = 118, 82
2021-08-10 11:10:53,238 - INFO - root - Distance = 0, direction = 0, Win# 0
2021-08-10 11:10:53,324 - DEBUG - bleak.backends.dotnet.client - Write Characteristic 6e400002-b5a3-f393-e0a9-e50e24dcca9e : bytearray(b'1,2')
2021-08-10 11:10:53,361 - INFO - root - x = 525, y = 105, Radius = 74.2463150024414
2021-08-10 11:10:53,361 - INFO - root - Decision Window: xRange = 489, 502,  yRange = 129, 89
2021-08-10 11:10:53,361 - INFO - root - Next Decision Window: xRange = 477, 488,  yRange = 118, 82
2021-08-10 11:10:53,361 - INFO - root - Distance = 0, direction = 0, Win# 0
2021-08-10 11:10:53,445 - DEBUG - bleak.backends.dotnet.client - Write Characteristic 6e400002-b5a3-f393-e0a9-e50e24dcca9e : bytearray(b'1,2')
2021-08-10 11:10:53,469 - INFO - root - x = 517, y = 108, Radius = 73.0000991821289
2021-08-10 11:10:53,469 - INFO - root - Decision Window: xRange = 489, 502,  yRange = 129, 89
2021-08-10 11:10:53,469 - INFO - root - Next Decision Window: xRange = 477, 488,  yRange = 118, 82
2021-08-10 11:10:53,469 - INFO - root - Distance = 0, direction = 0, Win# 0
2021-08-10 11:10:53,564 - DEBUG - bleak.backends.dotnet.client - Write Characteristic 6e400002-b5a3-f393-e0a9-e50e24dcca9e : bytearray(b'1,2')
2021-08-10 11:10:53,592 - INFO - root - x = 501, y = 114, Radius = 74.19747161865234
2021-08-10 11:10:53,592 - INFO - root - Decision Window: xRange = 489, 502,  yRange = 129, 89
2021-08-10 11:10:53,592 - INFO - root - Next Decision Window: xRange = 477, 488,  yRange = 118, 82
2021-08-10 11:10:53,592 - INFO - root - Distance = 0, direction = 0, Win# 0
2021-08-10 11:10:53,684 - DEBUG - bleak.backends.dotnet.client - Write Characteristic 6e400002-b5a3-f393-e0a9-e50e24dcca9e : bytearray(b'1,2')
2021-08-10 11:10:53,727 - INFO - root - x = 486, y = 121, Radius = 76.20541381835938
2021-08-10 11:10:53,727 - INFO - root - Decision Window: xRange = 477, 488,  yRange = 118, 82
2021-08-10 11:10:53,727 - INFO - root - Next Decision Window: xRange = 466, 476,  yRange = 115, 80
2021-08-10 11:10:53,727 - INFO - root - Distance = 19, direction = 1, Win# 1
2021-08-10 11:10:53,805 - DEBUG - bleak.backends.dotnet.client - Write Characteristic 6e400002-b5a3-f393-e0a9-e50e24dcca9e : bytearray(b'1,0')
2021-08-10 11:10:53,846 - INFO - root - x = 468, y = 129, Radius = 74.81320190429688
2021-08-10 11:10:53,846 - INFO - root - Decision Window: xRange = 477, 488,  yRange = 118, 82
2021-08-10 11:10:53,846 - INFO - root - Next Decision Window: xRange = 466, 476,  yRange = 115, 80
2021-08-10 11:10:53,846 - INFO - root - Distance = 33, direction = 1, Win# 1
2021-08-10 11:10:53,924 - DEBUG - bleak.backends.dotnet.client - Write Characteristic 6e400002-b5a3-f393-e0a9-e50e24dcca9e : bytearray(b'1,0')
2021-08-10 11:10:53,972 - INFO - root - x = 455, y = 134, Radius = 75.90958404541016
2021-08-10 11:10:53,972 - INFO - root - Decision Window: xRange = 477, 488,  yRange = 118, 82
2021-08-10 11:10:53,972 - INFO - root - Next Decision Window: xRange = 466, 476,  yRange = 115, 80
2021-08-10 11:10:53,972 - INFO - root - Distance = 44, direction = 1, Win# 1
2021-08-10 11:10:54,045 - DEBUG - bleak.backends.dotnet.client - Write Characteristic 6e400002-b5a3-f393-e0a9-e50e24dcca9e : bytearray(b'1,0')
2021-08-10 11:10:54,078 - INFO - root - x = 449, y = 136, Radius = 75.30116271972656
2021-08-10 11:10:54,078 - INFO - root - Decision Window: xRange = 477, 488,  yRange = 118, 82
2021-08-10 11:10:54,078 - INFO - root - Next Decision Window: xRange = 466, 476,  yRange = 115, 80
2021-08-10 11:10:54,078 - INFO - root - Distance = 50, direction = 4, Win# 1
2021-08-10 11:10:54,164 - DEBUG - bleak.backends.dotnet.client - Write Characteristic 6e400002-b5a3-f393-e0a9-e50e24dcca9e : bytearray(b'4,1')
2021-08-10 11:10:54,203 - INFO - root - x = 447, y = 132, Radius = 73.80558776855469
2021-08-10 11:10:54,203 - INFO - root - Decision Window: xRange = 477, 488,  yRange = 118, 82
2021-08-10 11:10:54,203 - INFO - root - Next Decision Window: xRange = 466, 476,  yRange = 115, 80
2021-08-10 11:10:54,203 - INFO - root - Distance = 48, direction = 4, Win# 1
2021-08-10 11:10:54,284 - DEBUG - bleak.backends.dotnet.client - Write Characteristic 6e400002-b5a3-f393-e0a9-e50e24dcca9e : bytearray(b'4,0')
2021-08-10 11:10:54,322 - INFO - root - x = 450, y = 121, Radius = 74.20252227783203
2021-08-10 11:10:54,322 - INFO - root - Decision Window: xRange = 477, 488,  yRange = 118, 82
2021-08-10 11:10:54,322 - INFO - root - Next Decision Window: xRange = 466, 476,  yRange = 115, 80
2021-08-10 11:10:54,322 - INFO - root - Distance = 38, direction = 4, Win# 1
2021-08-10 11:10:54,404 - DEBUG - bleak.backends.dotnet.client - Write Characteristic 6e400002-b5a3-f393-e0a9-e50e24dcca9e : bytearray(b'4,0')
2021-08-10 11:10:54,449 - INFO - root - x = 457, y = 108, Radius = 69.0960464477539
2021-08-10 11:10:54,449 - INFO - root - Decision Window: xRange = 466, 476,  yRange = 115, 80
2021-08-10 11:10:54,449 - INFO - root - Next Decision Window: xRange = 458, 465,  yRange = 98, 78
2021-08-10 11:10:54,449 - INFO - root - Distance = 20, direction = 1, Win# 2
2021-08-10 11:10:54,524 - DEBUG - bleak.backends.dotnet.client - Write Characteristic 6e400002-b5a3-f393-e0a9-e50e24dcca9e : bytearray(b'1,0')
2021-08-10 11:10:54,557 - INFO - root - x = 458, y = 106, Radius = 69.01640319824219
2021-08-10 11:10:54,557 - INFO - root - Decision Window: xRange = 458, 465,  yRange = 98, 78
2021-08-10 11:10:54,557 - INFO - root - Next Decision Window: xRange = 443, 457,  yRange = 96, 69
2021-08-10 11:10:54,557 - INFO - root - Distance = 18, direction = 1, Win# 3
2021-08-10 11:10:54,645 - DEBUG - bleak.backends.dotnet.client - Write Characteristic 6e400002-b5a3-f393-e0a9-e50e24dcca9e : bytearray(b'1,0')
2021-08-10 11:10:54,674 - INFO - root - x = 457, y = 95, Radius = 64.07232666015625
2021-08-10 11:10:54,674 - INFO - root - Decision Window: xRange = 458, 465,  yRange = 98, 78
2021-08-10 11:10:54,674 - INFO - root - Next Decision Window: xRange = 443, 457,  yRange = 96, 69
2021-08-10 11:10:54,674 - INFO - root - Distance = 0, direction = 0, Win# 3
2021-08-10 11:10:54,764 - DEBUG - bleak.backends.dotnet.client - Write Characteristic 6e400002-b5a3-f393-e0a9-e50e24dcca9e : bytearray(b'1,2')
2021-08-10 11:10:54,784 - INFO - root - x = 456, y = 92, Radius = 63.570926666259766
2021-08-10 11:10:54,784 - INFO - root - Decision Window: xRange = 458, 465,  yRange = 98, 78
2021-08-10 11:10:54,784 - INFO - root - Next Decision Window: xRange = 443, 457,  yRange = 96, 69
2021-08-10 11:10:54,784 - INFO - root - Distance = 0, direction = 0, Win# 3
2021-08-10 11:10:54,884 - DEBUG - bleak.backends.dotnet.client - Write Characteristic 6e400002-b5a3-f393-e0a9-e50e24dcca9e : bytearray(b'1,2')
2021-08-10 11:10:54,926 - INFO - root - x = 449, y = 95, Radius = 63.70253372192383
2021-08-10 11:10:54,926 - INFO - root - Decision Window: xRange = 443, 457,  yRange = 96, 69
2021-08-10 11:10:54,927 - INFO - root - Next Decision Window: xRange = 431, 442,  yRange = 87, 66
2021-08-10 11:10:54,927 - INFO - root - Distance = 14, direction = 1, Win# 4
2021-08-10 11:10:55,005 - DEBUG - bleak.backends.dotnet.client - Write Characteristic 6e400002-b5a3-f393-e0a9-e50e24dcca9e : bytearray(b'1,0')
2021-08-10 11:10:55,036 - INFO - root - x = 436, y = 99, Radius = 65.43135833740234
2021-08-10 11:10:55,036 - INFO - root - Decision Window: xRange = 443, 457,  yRange = 96, 69
2021-08-10 11:10:55,036 - INFO - root - Next Decision Window: xRange = 431, 442,  yRange = 87, 66
2021-08-10 11:10:55,036 - INFO - root - Distance = 22, direction = 1, Win# 4
2021-08-10 11:10:55,124 - DEBUG - bleak.backends.dotnet.client - Write Characteristic 6e400002-b5a3-f393-e0a9-e50e24dcca9e : bytearray(b'1,0')
2021-08-10 11:10:55,158 - INFO - root - x = 425, y = 102, Radius = 65.79523468017578
2021-08-10 11:10:55,158 - INFO - root - Decision Window: xRange = 443, 457,  yRange = 96, 69
2021-08-10 11:10:55,158 - INFO - root - Next Decision Window: xRange = 431, 442,  yRange = 87, 66
2021-08-10 11:10:55,158 - INFO - root - Distance = 31, direction = 1, Win# 4
2021-08-10 11:10:55,244 - DEBUG - bleak.backends.dotnet.client - Write Characteristic 6e400002-b5a3-f393-e0a9-e50e24dcca9e : bytearray(b'1,0')
2021-08-10 11:10:55,279 - INFO - root - x = 417, y = 103, Radius = 66.5019760131836
2021-08-10 11:10:55,279 - INFO - root - Decision Window: xRange = 443, 457,  yRange = 96, 69
2021-08-10 11:10:55,279 - INFO - root - Next Decision Window: xRange = 431, 442,  yRange = 87, 66
2021-08-10 11:10:55,279 - INFO - root - Distance = 37, direction = 4, Win# 4
2021-08-10 11:10:55,424 - DEBUG - bleak.backends.dotnet.client - Write Characteristic 6e400002-b5a3-f393-e0a9-e50e24dcca9e : bytearray(b'4,0')
2021-08-10 11:10:55,464 - INFO - root - x = 417, y = 104, Radius = 65.82183074951172
2021-08-10 11:10:55,464 - INFO - root - Decision Window: xRange = 443, 457,  yRange = 96, 69
2021-08-10 11:10:55,464 - INFO - root - Next Decision Window: xRange = 431, 442,  yRange = 87, 66
2021-08-10 11:10:55,464 - INFO - root - Distance = 38, direction = 4, Win# 4
2021-08-10 11:10:55,545 - DEBUG - bleak.backends.dotnet.client - Write Characteristic 6e400002-b5a3-f393-e0a9-e50e24dcca9e : bytearray(b'4,0')
2021-08-10 11:10:55,574 - INFO - root - x = 418, y = 103, Radius = 64.4438705444336
2021-08-10 11:10:55,574 - INFO - root - Decision Window: xRange = 443, 457,  yRange = 96, 69
2021-08-10 11:10:55,574 - INFO - root - Next Decision Window: xRange = 431, 442,  yRange = 87, 66
2021-08-10 11:10:55,574 - INFO - root - Distance = 36, direction = 4, Win# 4
2021-08-10 11:10:55,664 - DEBUG - bleak.backends.dotnet.client - Write Characteristic 6e400002-b5a3-f393-e0a9-e50e24dcca9e : bytearray(b'4,0')
2021-08-10 11:10:55,696 - INFO - root - x = 419, y = 97, Radius = 62.948490142822266
2021-08-10 11:10:55,696 - INFO - root - Decision Window: xRange = 443, 457,  yRange = 96, 69
2021-08-10 11:10:55,696 - INFO - root - Next Decision Window: xRange = 431, 442,  yRange = 87, 66
2021-08-10 11:10:55,696 - INFO - root - Distance = 31, direction = 4, Win# 4
2021-08-10 11:10:55,784 - DEBUG - bleak.backends.dotnet.client - Write Characteristic 6e400002-b5a3-f393-e0a9-e50e24dcca9e : bytearray(b'4,0')
2021-08-10 11:10:55,808 - INFO - root - x = 423, y = 88, Radius = 60.12704849243164
2021-08-10 11:10:55,808 - INFO - root - Decision Window: xRange = 431, 442,  yRange = 87, 66
2021-08-10 11:10:55,808 - INFO - root - Next Decision Window: xRange = 420, 430,  yRange = 84, 65
2021-08-10 11:10:55,808 - INFO - root - Distance = 15, direction = 1, Win# 5
2021-08-10 11:10:55,904 - DEBUG - bleak.backends.dotnet.client - Write Characteristic 6e400002-b5a3-f393-e0a9-e50e24dcca9e : bytearray(b'1,0')
2021-08-10 11:10:55,944 - INFO - root - x = 424, y = 84, Radius = 54.81113815307617
2021-08-10 11:10:55,944 - INFO - root - Decision Window: xRange = 420, 430,  yRange = 84, 65
2021-08-10 11:10:55,944 - INFO - root - Next Decision Window: xRange = 400, 419,  yRange = 83, 65
2021-08-10 11:10:55,944 - INFO - root - Distance = 9, direction = 1, Win# 6
2021-08-10 11:10:56,025 - DEBUG - bleak.backends.dotnet.client - Write Characteristic 6e400002-b5a3-f393-e0a9-e50e24dcca9e : bytearray(b'1,0')
2021-08-10 11:10:56,068 - INFO - root - x = 420, y = 84, Radius = 52.021728515625
2021-08-10 11:10:56,068 - INFO - root - Decision Window: xRange = 420, 430,  yRange = 84, 65
2021-08-10 11:10:56,068 - INFO - root - Next Decision Window: xRange = 400, 419,  yRange = 83, 65
2021-08-10 11:10:56,068 - INFO - root - Distance = 0, direction = 0, Win# 6
2021-08-10 11:10:56,145 - DEBUG - bleak.backends.dotnet.client - Write Characteristic 6e400002-b5a3-f393-e0a9-e50e24dcca9e : bytearray(b'1,2')
2021-08-10 11:10:56,173 - INFO - root - x = 418, y = 84, Radius = 50.91669845581055
2021-08-10 11:10:56,173 - INFO - root - Decision Window: xRange = 420, 430,  yRange = 84, 65
2021-08-10 11:10:56,173 - INFO - root - Next Decision Window: xRange = 400, 419,  yRange = 83, 65
2021-08-10 11:10:56,173 - INFO - root - Distance = 0, direction = 0, Win# 6
2021-08-10 11:10:56,265 - DEBUG - bleak.backends.dotnet.client - Write Characteristic 6e400002-b5a3-f393-e0a9-e50e24dcca9e : bytearray(b'1,2')
2021-08-10 11:10:56,283 - INFO - root - x = 417, y = 85, Radius = 51.502525329589844
2021-08-10 11:10:56,283 - INFO - root - Decision Window: xRange = 400, 419,  yRange = 83, 65
2021-08-10 11:10:56,283 - INFO - root - Next Decision Window: xRange = 386, 399,  yRange = 85, 70
2021-08-10 11:10:56,283 - INFO - root - Distance = 11, direction = 1, Win# 7
2021-08-10 11:10:56,384 - DEBUG - bleak.backends.dotnet.client - Write Characteristic 6e400002-b5a3-f393-e0a9-e50e24dcca9e : bytearray(b'1,0')
2021-08-10 11:10:56,406 - INFO - root - x = 388, y = 105, Radius = 57.71708297729492
2021-08-10 11:10:56,406 - INFO - root - Decision Window: xRange = 400, 419,  yRange = 83, 65
2021-08-10 11:10:56,406 - INFO - root - Next Decision Window: xRange = 386, 399,  yRange = 85, 70
2021-08-10 11:10:56,406 - INFO - root - Distance = 32, direction = 1, Win# 7
2021-08-10 11:10:56,505 - DEBUG - bleak.backends.dotnet.client - Write Characteristic 6e400002-b5a3-f393-e0a9-e50e24dcca9e : bytearray(b'1,0')
2021-08-10 11:10:56,545 - INFO - root - x = 372, y = 127, Radius = 56.735103607177734
2021-08-10 11:10:56,545 - INFO - root - Decision Window: xRange = 400, 419,  yRange = 83, 65
2021-08-10 11:10:56,545 - INFO - root - Next Decision Window: xRange = 386, 399,  yRange = 85, 70
2021-08-10 11:10:56,545 - INFO - root - Distance = 59, direction = 1, Win# 7
2021-08-10 11:10:56,684 - DEBUG - bleak.backends.dotnet.client - Write Characteristic 6e400002-b5a3-f393-e0a9-e50e24dcca9e : bytearray(b'1,1')
2021-08-10 11:10:56,712 - INFO - root - x = 366, y = 124, Radius = 55.75178146362305
2021-08-10 11:10:56,712 - INFO - root - Decision Window: xRange = 400, 419,  yRange = 83, 65
2021-08-10 11:10:56,712 - INFO - root - Next Decision Window: xRange = 386, 399,  yRange = 85, 70
2021-08-10 11:10:56,712 - INFO - root - Distance = 59, direction = 1, Win# 7
2021-08-10 11:10:56,804 - DEBUG - bleak.backends.dotnet.client - Write Characteristic 6e400002-b5a3-f393-e0a9-e50e24dcca9e : bytearray(b'1,1')
2021-08-10 11:10:56,823 - INFO - root - x = 368, y = 111, Radius = 55.40091323852539
2021-08-10 11:10:56,823 - INFO - root - Decision Window: xRange = 400, 419,  yRange = 83, 65
2021-08-10 11:10:56,823 - INFO - root - Next Decision Window: xRange = 386, 399,  yRange = 85, 70
2021-08-10 11:10:56,823 - INFO - root - Distance = 48, direction = 1, Win# 7
2021-08-10 11:10:56,924 - DEBUG - bleak.backends.dotnet.client - Write Characteristic 6e400002-b5a3-f393-e0a9-e50e24dcca9e : bytearray(b'1,0')
2021-08-10 11:10:56,958 - INFO - root - x = 361, y = 100, Radius = 54.90456008911133
2021-08-10 11:10:56,958 - INFO - root - Decision Window: xRange = 400, 419,  yRange = 83, 65
2021-08-10 11:10:56,958 - INFO - root - Next Decision Window: xRange = 386, 399,  yRange = 85, 70
2021-08-10 11:10:56,958 - INFO - root - Distance = 46, direction = 4, Win# 7
2021-08-10 11:10:57,045 - DEBUG - bleak.backends.dotnet.client - Write Characteristic 6e400002-b5a3-f393-e0a9-e50e24dcca9e : bytearray(b'4,0')
2021-08-10 11:10:57,082 - INFO - root - x = 337, y = 103, Radius = 54.509273529052734
2021-08-10 11:10:57,082 - INFO - root - Decision Window: xRange = 400, 419,  yRange = 83, 65
2021-08-10 11:10:57,082 - INFO - root - Next Decision Window: xRange = 386, 399,  yRange = 85, 70
2021-08-10 11:10:57,082 - INFO - root - Distance = 68, direction = 4, Win# 7
2021-08-10 11:10:57,165 - DEBUG - bleak.backends.dotnet.client - Write Characteristic 6e400002-b5a3-f393-e0a9-e50e24dcca9e : bytearray(b'4,1')
2021-08-10 11:10:57,208 - INFO - root - x = 331, y = 89, Radius = 49.85238265991211
2021-08-10 11:10:57,208 - INFO - root - Decision Window: xRange = 400, 419,  yRange = 83, 65
2021-08-10 11:10:57,208 - INFO - root - Next Decision Window: xRange = 386, 399,  yRange = 85, 70
2021-08-10 11:10:57,208 - INFO - root - Distance = 70, direction = 4, Win# 7
2021-08-10 11:10:57,284 - DEBUG - bleak.backends.dotnet.client - Write Characteristic 6e400002-b5a3-f393-e0a9-e50e24dcca9e : bytearray(b'4,1')
2021-08-10 11:10:57,316 - INFO - root - x = 353, y = 73, Radius = 36.90877151489258
2021-08-10 11:10:57,316 - INFO - root - Decision Window: xRange = 400, 419,  yRange = 83, 65
2021-08-10 11:10:57,316 - INFO - root - Next Decision Window: xRange = 386, 399,  yRange = 85, 70
2021-08-10 11:10:57,316 - INFO - root - Distance = 47, direction = 4, Win# 7
2021-08-10 11:10:57,404 - DEBUG - bleak.backends.dotnet.client - Write Characteristic 6e400002-b5a3-f393-e0a9-e50e24dcca9e : bytearray(b'4,0')
2021-08-10 11:10:57,442 - INFO - root - x = 376, y = 63, Radius = 26.419788360595703
2021-08-10 11:10:57,442 - INFO - root - Decision Window: xRange = 386, 399,  yRange = 85, 70
2021-08-10 11:10:57,442 - INFO - root - Next Decision Window: xRange = 371, 385,  yRange = 92, 72
2021-08-10 11:10:57,442 - INFO - root - Distance = 19, direction = 3, Win# 8
2021-08-10 11:10:57,524 - DEBUG - bleak.backends.dotnet.client - Write Characteristic 6e400002-b5a3-f393-e0a9-e50e24dcca9e : bytearray(b'3,0')
2021-08-10 11:10:57,562 - INFO - root - x = 389, y = 61, Radius = 20.83876609802246
2021-08-10 11:10:57,562 - INFO - root - Decision Window: xRange = 386, 399,  yRange = 85, 70
2021-08-10 11:10:57,562 - INFO - root - Next Decision Window: xRange = 371, 385,  yRange = 92, 72
2021-08-10 11:10:57,562 - INFO - root - Distance = 16, direction = 3, Win# 8
2021-08-10 11:10:57,645 - DEBUG - bleak.backends.dotnet.client - Write Characteristic 6e400002-b5a3-f393-e0a9-e50e24dcca9e : bytearray(b'3,0')
2021-08-10 11:10:57,690 - INFO - root - x = 382, y = 63, Radius = 25.739173889160156
2021-08-10 11:10:57,690 - INFO - root - Decision Window: xRange = 371, 385,  yRange = 92, 72
2021-08-10 11:10:57,690 - INFO - root - Next Decision Window: xRange = 358, 370,  yRange = 98, 74
2021-08-10 11:10:57,690 - INFO - root - Distance = 17, direction = 3, Win# 9
2021-08-10 11:10:57,765 - DEBUG - bleak.backends.dotnet.client - Write Characteristic 6e400002-b5a3-f393-e0a9-e50e24dcca9e : bytearray(b'3,0')
2021-08-10 11:10:57,796 - INFO - root - x = 366, y = 70, Radius = 33.4440803527832
2021-08-10 11:10:57,796 - INFO - root - Decision Window: xRange = 358, 370,  yRange = 98, 74
2021-08-10 11:10:57,796 - INFO - root - Next Decision Window: xRange = 348, 357,  yRange = 112, 75
2021-08-10 11:10:57,796 - INFO - root - Distance = 16, direction = 3, Win# 10
2021-08-10 11:10:57,884 - DEBUG - bleak.backends.dotnet.client - Write Characteristic 6e400002-b5a3-f393-e0a9-e50e24dcca9e : bytearray(b'3,0')
2021-08-10 11:10:57,919 - INFO - root - x = 365, y = 72, Radius = 37.03049087524414
2021-08-10 11:10:57,919 - INFO - root - Decision Window: xRange = 348, 357,  yRange = 112, 75
2021-08-10 11:10:57,919 - INFO - root - Next Decision Window: xRange = 339, 347,  yRange = 125, 90
2021-08-10 11:10:57,919 - INFO - root - Distance = 25, direction = 3, Win# 11
2021-08-10 11:10:58,004 - DEBUG - bleak.backends.dotnet.client - Write Characteristic 6e400002-b5a3-f393-e0a9-e50e24dcca9e : bytearray(b'3,0')
2021-08-10 11:10:58,043 - INFO - root - x = 359, y = 75, Radius = 39.300228118896484
2021-08-10 11:10:58,043 - INFO - root - Decision Window: xRange = 348, 357,  yRange = 112, 75
2021-08-10 11:10:58,043 - INFO - root - Next Decision Window: xRange = 339, 347,  yRange = 125, 90
2021-08-10 11:10:58,043 - INFO - root - Distance = 21, direction = 3, Win# 11
2021-08-10 11:10:58,124 - DEBUG - bleak.backends.dotnet.client - Write Characteristic 6e400002-b5a3-f393-e0a9-e50e24dcca9e : bytearray(b'3,0')
2021-08-10 11:10:58,151 - INFO - root - x = 335, y = 82, Radius = 46.441593170166016
2021-08-10 11:10:58,151 - INFO - root - Decision Window: xRange = 339, 347,  yRange = 125, 90
2021-08-10 11:10:58,151 - INFO - root - Next Decision Window: xRange = 333, 338,  yRange = 146, 106
2021-08-10 11:10:58,151 - INFO - root - Distance = 27, direction = 3, Win# 12
2021-08-10 11:10:58,244 - DEBUG - bleak.backends.dotnet.client - Write Characteristic 6e400002-b5a3-f393-e0a9-e50e24dcca9e : bytearray(b'3,0')
2021-08-10 11:10:58,288 - INFO - root - x = 320, y = 83, Radius = 49.300201416015625
2021-08-10 11:10:58,288 - INFO - root - Decision Window: xRange = 339, 347,  yRange = 125, 90
2021-08-10 11:10:58,288 - INFO - root - Next Decision Window: xRange = 333, 338,  yRange = 146, 106
2021-08-10 11:10:58,288 - INFO - root - Distance = 35, direction = 4, Win# 12
2021-08-10 11:10:58,364 - DEBUG - bleak.backends.dotnet.client - Write Characteristic 6e400002-b5a3-f393-e0a9-e50e24dcca9e : bytearray(b'4,0')
2021-08-10 11:10:58,394 - INFO - root - x = 320, y = 82, Radius = 47.10105514526367
2021-08-10 11:10:58,394 - INFO - root - Decision Window: xRange = 339, 347,  yRange = 125, 90
2021-08-10 11:10:58,394 - INFO - root - Next Decision Window: xRange = 333, 338,  yRange = 146, 106
2021-08-10 11:10:58,394 - INFO - root - Distance = 36, direction = 4, Win# 12
2021-08-10 11:10:58,485 - DEBUG - bleak.backends.dotnet.client - Write Characteristic 6e400002-b5a3-f393-e0a9-e50e24dcca9e : bytearray(b'4,0')
2021-08-10 11:10:58,520 - INFO - root - x = 324, y = 80, Radius = 45.83949279785156
2021-08-10 11:10:58,521 - INFO - root - Decision Window: xRange = 339, 347,  yRange = 125, 90
2021-08-10 11:10:58,521 - INFO - root - Next Decision Window: xRange = 333, 338,  yRange = 146, 106
2021-08-10 11:10:58,521 - INFO - root - Distance = 34, direction = 3, Win# 12
2021-08-10 11:10:58,604 - DEBUG - bleak.backends.dotnet.client - Write Characteristic 6e400002-b5a3-f393-e0a9-e50e24dcca9e : bytearray(b'3,0')
2021-08-10 11:10:58,642 - INFO - root - x = 331, y = 80, Radius = 45.11880111694336
2021-08-10 11:10:58,642 - INFO - root - Decision Window: xRange = 339, 347,  yRange = 125, 90
2021-08-10 11:10:58,642 - INFO - root - Next Decision Window: xRange = 333, 338,  yRange = 146, 106
2021-08-10 11:10:58,642 - INFO - root - Distance = 30, direction = 3, Win# 12
2021-08-10 11:10:58,724 - DEBUG - bleak.backends.dotnet.client - Write Characteristic 6e400002-b5a3-f393-e0a9-e50e24dcca9e : bytearray(b'3,0')
2021-08-10 11:10:58,765 - INFO - root - x = 337, y = 80, Radius = 46.043556213378906
2021-08-10 11:10:58,765 - INFO - root - Decision Window: xRange = 339, 347,  yRange = 125, 90
2021-08-10 11:10:58,765 - INFO - root - Next Decision Window: xRange = 333, 338,  yRange = 146, 106
2021-08-10 11:10:58,765 - INFO - root - Distance = 28, direction = 3, Win# 12
2021-08-10 11:10:58,844 - DEBUG - bleak.backends.dotnet.client - Write Characteristic 6e400002-b5a3-f393-e0a9-e50e24dcca9e : bytearray(b'3,0')
2021-08-10 11:10:58,877 - INFO - root - x = 338, y = 80, Radius = 46.208866119384766
2021-08-10 11:10:58,877 - INFO - root - Decision Window: xRange = 339, 347,  yRange = 125, 90
2021-08-10 11:10:58,877 - INFO - root - Next Decision Window: xRange = 333, 338,  yRange = 146, 106
2021-08-10 11:10:58,877 - INFO - root - Distance = 28, direction = 3, Win# 12
2021-08-10 11:10:58,965 - DEBUG - bleak.backends.dotnet.client - Write Characteristic 6e400002-b5a3-f393-e0a9-e50e24dcca9e : bytearray(b'3,0')
2021-08-10 11:10:58,995 - INFO - root - x = 330, y = 81, Radius = 52.55958938598633
2021-08-10 11:10:58,995 - INFO - root - Decision Window: xRange = 339, 347,  yRange = 125, 90
2021-08-10 11:10:58,995 - INFO - root - Next Decision Window: xRange = 333, 338,  yRange = 146, 106
2021-08-10 11:10:58,995 - INFO - root - Distance = 30, direction = 3, Win# 12
2021-08-10 11:10:59,084 - DEBUG - bleak.backends.dotnet.client - Write Characteristic 6e400002-b5a3-f393-e0a9-e50e24dcca9e : bytearray(b'3,0')
2021-08-10 11:10:59,124 - INFO - root - x = 324, y = 83, Radius = 56.207305908203125
2021-08-10 11:10:59,124 - INFO - root - Decision Window: xRange = 339, 347,  yRange = 125, 90
2021-08-10 11:10:59,125 - INFO - root - Next Decision Window: xRange = 333, 338,  yRange = 146, 106
2021-08-10 11:10:59,125 - INFO - root - Distance = 32, direction = 3, Win# 12
2021-08-10 11:10:59,205 - DEBUG - bleak.backends.dotnet.client - Write Characteristic 6e400002-b5a3-f393-e0a9-e50e24dcca9e : bytearray(b'3,0')
2021-08-10 11:10:59,243 - INFO - root - x = 324, y = 84, Radius = 58.82186508178711
2021-08-10 11:10:59,243 - INFO - root - Decision Window: xRange = 339, 347,  yRange = 125, 90
2021-08-10 11:10:59,244 - INFO - root - Next Decision Window: xRange = 333, 338,  yRange = 146, 106
2021-08-10 11:10:59,244 - INFO - root - Distance = 31, direction = 3, Win# 12
2021-08-10 11:10:59,324 - DEBUG - bleak.backends.dotnet.client - Write Characteristic 6e400002-b5a3-f393-e0a9-e50e24dcca9e : bytearray(b'3,0')
2021-08-10 11:10:59,354 - INFO - root - x = 319, y = 93, Radius = 65.29940795898438
2021-08-10 11:10:59,355 - INFO - root - Decision Window: xRange = 339, 347,  yRange = 125, 90
2021-08-10 11:10:59,355 - INFO - root - Next Decision Window: xRange = 333, 338,  yRange = 146, 106
2021-08-10 11:10:59,355 - INFO - root - Distance = 30, direction = 4, Win# 12
2021-08-10 11:10:59,445 - DEBUG - bleak.backends.dotnet.client - Write Characteristic 6e400002-b5a3-f393-e0a9-e50e24dcca9e : bytearray(b'4,0')
2021-08-10 11:10:59,477 - INFO - root - x = 322, y = 98, Radius = 66.52828979492188
2021-08-10 11:10:59,478 - INFO - root - Decision Window: xRange = 339, 347,  yRange = 125, 90
2021-08-10 11:10:59,478 - INFO - root - Next Decision Window: xRange = 333, 338,  yRange = 146, 106
2021-08-10 11:10:59,478 - INFO - root - Distance = 24, direction = 4, Win# 12
2021-08-10 11:10:59,625 - DEBUG - bleak.backends.dotnet.client - Write Characteristic 6e400002-b5a3-f393-e0a9-e50e24dcca9e : bytearray(b'4,0')
2021-08-10 11:10:59,663 - INFO - root - x = 334, y = 98, Radius = 70.83794403076172
2021-08-10 11:10:59,663 - INFO - root - Decision Window: xRange = 333, 338,  yRange = 146, 106
2021-08-10 11:10:59,663 - INFO - root - Next Decision Window: xRange = 323, 332,  yRange = 162, 126
2021-08-10 11:10:59,663 - INFO - root - Distance = 25, direction = 3, Win# 13
2021-08-10 11:10:59,744 - DEBUG - bleak.backends.dotnet.client - Write Characteristic 6e400002-b5a3-f393-e0a9-e50e24dcca9e : bytearray(b'3,0')
2021-08-10 11:10:59,788 - INFO - root - x = 346, y = 97, Radius = 70.61347961425781
2021-08-10 11:10:59,788 - INFO - root - Decision Window: xRange = 333, 338,  yRange = 146, 106
2021-08-10 11:10:59,788 - INFO - root - Next Decision Window: xRange = 323, 332,  yRange = 162, 126
2021-08-10 11:10:59,788 - INFO - root - Distance = 27, direction = 3, Win# 13
2021-08-10 11:10:59,865 - DEBUG - bleak.backends.dotnet.client - Write Characteristic 6e400002-b5a3-f393-e0a9-e50e24dcca9e : bytearray(b'3,0')
2021-08-10 11:10:59,893 - INFO - root - x = 361, y = 95, Radius = 71.13729095458984
2021-08-10 11:10:59,893 - INFO - root - Decision Window: xRange = 333, 338,  yRange = 146, 106
2021-08-10 11:10:59,893 - INFO - root - Next Decision Window: xRange = 323, 332,  yRange = 162, 126
2021-08-10 11:10:59,893 - INFO - root - Distance = 36, direction = 3, Win# 13
2021-08-10 11:10:59,985 - DEBUG - bleak.backends.dotnet.client - Write Characteristic 6e400002-b5a3-f393-e0a9-e50e24dcca9e : bytearray(b'3,0')
2021-08-10 11:11:00,016 - INFO - root - x = 370, y = 93, Radius = 70.43446350097656
2021-08-10 11:11:00,016 - INFO - root - Decision Window: xRange = 333, 338,  yRange = 146, 106
2021-08-10 11:11:00,016 - INFO - root - Next Decision Window: xRange = 323, 332,  yRange = 162, 126
2021-08-10 11:11:00,016 - INFO - root - Distance = 44, direction = 2, Win# 13
2021-08-10 11:11:00,105 - DEBUG - bleak.backends.dotnet.client - Write Characteristic 6e400002-b5a3-f393-e0a9-e50e24dcca9e : bytearray(b'2,0')
2021-08-10 11:11:00,126 - INFO - root - x = 369, y = 96, Radius = 73.94940948486328
2021-08-10 11:11:00,126 - INFO - root - Decision Window: xRange = 333, 338,  yRange = 146, 106
2021-08-10 11:11:00,126 - INFO - root - Next Decision Window: xRange = 323, 332,  yRange = 162, 126
2021-08-10 11:11:00,126 - INFO - root - Distance = 41, direction = 2, Win# 13
2021-08-10 11:11:00,224 - DEBUG - bleak.backends.dotnet.client - Write Characteristic 6e400002-b5a3-f393-e0a9-e50e24dcca9e : bytearray(b'2,0')
2021-08-10 11:11:00,263 - INFO - root - x = 352, y = 106, Radius = 78.84329986572266
2021-08-10 11:11:00,263 - INFO - root - Decision Window: xRange = 333, 338,  yRange = 146, 106
2021-08-10 11:11:00,263 - INFO - root - Next Decision Window: xRange = 323, 332,  yRange = 162, 126
2021-08-10 11:11:00,263 - INFO - root - Distance = 22, direction = 3, Win# 13
2021-08-10 11:11:00,344 - DEBUG - bleak.backends.dotnet.client - Write Characteristic 6e400002-b5a3-f393-e0a9-e50e24dcca9e : bytearray(b'3,0')
2021-08-10 11:11:00,385 - INFO - root - x = 343, y = 116, Radius = 84.50601959228516
2021-08-10 11:11:00,385 - INFO - root - Decision Window: xRange = 333, 338,  yRange = 146, 106
2021-08-10 11:11:00,385 - INFO - root - Next Decision Window: xRange = 323, 332,  yRange = 162, 126
2021-08-10 11:11:00,385 - INFO - root - Distance = 9, direction = 3, Win# 13
2021-08-10 11:11:00,465 - DEBUG - bleak.backends.dotnet.client - Write Characteristic 6e400002-b5a3-f393-e0a9-e50e24dcca9e : bytearray(b'3,0')
2021-08-10 11:11:00,494 - INFO - root - x = 346, y = 119, Radius = 84.5178451538086
2021-08-10 11:11:00,494 - INFO - root - Decision Window: xRange = 333, 338,  yRange = 146, 106
2021-08-10 11:11:00,494 - INFO - root - Next Decision Window: xRange = 323, 332,  yRange = 162, 126
2021-08-10 11:11:00,494 - INFO - root - Distance = 9, direction = 2, Win# 13
2021-08-10 11:11:00,585 - DEBUG - bleak.backends.dotnet.client - Write Characteristic 6e400002-b5a3-f393-e0a9-e50e24dcca9e : bytearray(b'2,0')
2021-08-10 11:11:00,616 - INFO - root - x = 351, y = 121, Radius = 85.6330337524414
2021-08-10 11:11:00,616 - INFO - root - Decision Window: xRange = 333, 338,  yRange = 146, 106
2021-08-10 11:11:00,616 - INFO - root - Next Decision Window: xRange = 323, 332,  yRange = 162, 126
2021-08-10 11:11:00,616 - INFO - root - Distance = 0, direction = 0, Win# 13
2021-08-10 11:11:00,705 - DEBUG - bleak.backends.dotnet.client - Write Characteristic 6e400002-b5a3-f393-e0a9-e50e24dcca9e : bytearray(b'1,2')
2021-08-10 11:11:00,724 - INFO - root - x = 349, y = 129, Radius = 85.93175506591797
2021-08-10 11:11:00,725 - INFO - root - Decision Window: xRange = 333, 338,  yRange = 146, 106
2021-08-10 11:11:00,725 - INFO - root - Next Decision Window: xRange = 323, 332,  yRange = 162, 126
2021-08-10 11:11:00,725 - INFO - root - Distance = 0, direction = 0, Win# 13
2021-08-10 11:11:00,825 - DEBUG - bleak.backends.dotnet.client - Write Characteristic 6e400002-b5a3-f393-e0a9-e50e24dcca9e : bytearray(b'1,2')
2021-08-10 11:11:00,849 - INFO - root - x = 349, y = 140, Radius = 84.86470031738281
2021-08-10 11:11:00,849 - INFO - root - Decision Window: xRange = 333, 338,  yRange = 146, 106
2021-08-10 11:11:00,849 - INFO - root - Next Decision Window: xRange = 323, 332,  yRange = 162, 126
2021-08-10 11:11:00,849 - INFO - root - Distance = 0, direction = 0, Win# 13
2021-08-10 11:11:00,945 - DEBUG - bleak.backends.dotnet.client - Write Characteristic 6e400002-b5a3-f393-e0a9-e50e24dcca9e : bytearray(b'1,2')
2021-08-10 11:11:00,990 - INFO - root - x = 344, y = 151, Radius = 84.5000991821289
2021-08-10 11:11:00,990 - INFO - root - Decision Window: xRange = 333, 338,  yRange = 146, 106
2021-08-10 11:11:00,990 - INFO - root - Next Decision Window: xRange = 323, 332,  yRange = 162, 126
2021-08-10 11:11:00,990 - INFO - root - Distance = 0, direction = 0, Win# 13
2021-08-10 11:11:01,064 - DEBUG - bleak.backends.dotnet.client - Write Characteristic 6e400002-b5a3-f393-e0a9-e50e24dcca9e : bytearray(b'1,2')
2021-08-10 11:11:01,094 - INFO - root - x = 337, y = 162, Radius = 86.98573303222656
2021-08-10 11:11:01,094 - INFO - root - Decision Window: xRange = 333, 338,  yRange = 146, 106
2021-08-10 11:11:01,094 - INFO - root - Next Decision Window: xRange = 323, 332,  yRange = 162, 126
2021-08-10 11:11:01,094 - INFO - root - Distance = 0, direction = 0, Win# 13
2021-08-10 11:11:01,244 - DEBUG - bleak.backends.dotnet.client - Write Characteristic 6e400002-b5a3-f393-e0a9-e50e24dcca9e : bytearray(b'1,2')
2021-08-10 11:11:01,283 - INFO - root - x = 329, y = 171, Radius = 87.75259399414062
2021-08-10 11:11:01,283 - INFO - root - Decision Window: xRange = 323, 332,  yRange = 162, 126
2021-08-10 11:11:01,283 - INFO - root - Next Decision Window: xRange = 323, 337,  yRange = 196, 163
2021-08-10 11:11:01,283 - INFO - root - Distance = 9, direction = 1, Win# 14
2021-08-10 11:11:01,364 - DEBUG - bleak.backends.dotnet.client - Write Characteristic 6e400002-b5a3-f393-e0a9-e50e24dcca9e : bytearray(b'1,0')
2021-08-10 11:11:01,405 - INFO - root - x = 325, y = 173, Radius = 88.86094665527344
2021-08-10 11:11:01,405 - INFO - root - Decision Window: xRange = 323, 332,  yRange = 162, 126
2021-08-10 11:11:01,405 - INFO - root - Next Decision Window: xRange = 323, 337,  yRange = 196, 163
2021-08-10 11:11:01,405 - INFO - root - Distance = 0, direction = 0, Win# 14
2021-08-10 11:11:01,485 - DEBUG - bleak.backends.dotnet.client - Write Characteristic 6e400002-b5a3-f393-e0a9-e50e24dcca9e : bytearray(b'1,2')
2021-08-10 11:11:01,512 - INFO - root - x = 325, y = 163, Radius = 86.63871765136719
2021-08-10 11:11:01,512 - INFO - root - Decision Window: xRange = 323, 332,  yRange = 162, 126
2021-08-10 11:11:01,512 - INFO - root - Next Decision Window: xRange = 323, 337,  yRange = 196, 163
2021-08-10 11:11:01,512 - INFO - root - Distance = 0, direction = 0, Win# 14
2021-08-10 11:11:01,605 - DEBUG - bleak.backends.dotnet.client - Write Characteristic 6e400002-b5a3-f393-e0a9-e50e24dcca9e : bytearray(b'1,2')
2021-08-10 11:11:01,625 - INFO - root - x = 322, y = 146, Radius = 84.8558578491211
2021-08-10 11:11:01,625 - INFO - root - Decision Window: xRange = 323, 332,  yRange = 162, 126
2021-08-10 11:11:01,625 - INFO - root - Next Decision Window: xRange = 323, 337,  yRange = 196, 163
2021-08-10 11:11:01,625 - INFO - root - Distance = 7, direction = 4, Win# 14
2021-08-10 11:11:01,725 - DEBUG - bleak.backends.dotnet.client - Write Characteristic 6e400002-b5a3-f393-e0a9-e50e24dcca9e : bytearray(b'4,0')
2021-08-10 11:11:01,762 - INFO - root - x = 320, y = 146, Radius = 84.50084686279297
2021-08-10 11:11:01,762 - INFO - root - Decision Window: xRange = 323, 332,  yRange = 162, 126
2021-08-10 11:11:01,762 - INFO - root - Next Decision Window: xRange = 323, 337,  yRange = 196, 163
2021-08-10 11:11:01,762 - INFO - root - Distance = 9, direction = 4, Win# 14
2021-08-10 11:11:01,845 - DEBUG - bleak.backends.dotnet.client - Write Characteristic 6e400002-b5a3-f393-e0a9-e50e24dcca9e : bytearray(b'4,0')
2021-08-10 11:11:01,881 - INFO - root - x = 326, y = 157, Radius = 86.6560287475586
2021-08-10 11:11:01,881 - INFO - root - Decision Window: xRange = 323, 332,  yRange = 162, 126
2021-08-10 11:11:01,881 - INFO - root - Next Decision Window: xRange = 323, 337,  yRange = 196, 163
2021-08-10 11:11:01,881 - INFO - root - Distance = 0, direction = 0, Win# 14
2021-08-10 11:11:01,965 - DEBUG - bleak.backends.dotnet.client - Write Characteristic 6e400002-b5a3-f393-e0a9-e50e24dcca9e : bytearray(b'1,2')
2021-08-10 11:11:01,992 - INFO - root - x = 333, y = 164, Radius = 87.69274139404297
2021-08-10 11:11:01,992 - INFO - root - Decision Window: xRange = 323, 332,  yRange = 162, 126
2021-08-10 11:11:01,992 - INFO - root - Next Decision Window: xRange = 323, 337,  yRange = 196, 163
2021-08-10 11:11:01,992 - INFO - root - Distance = 0, direction = 0, Win# 14
2021-08-10 11:11:02,085 - DEBUG - bleak.backends.dotnet.client - Write Characteristic 6e400002-b5a3-f393-e0a9-e50e24dcca9e : bytearray(b'1,2')
2021-08-10 11:11:02,112 - INFO - root - x = 337, y = 170, Radius = 87.3456802368164
2021-08-10 11:11:02,112 - INFO - root - Decision Window: xRange = 323, 332,  yRange = 162, 126
2021-08-10 11:11:02,112 - INFO - root - Next Decision Window: xRange = 323, 337,  yRange = 196, 163
2021-08-10 11:11:02,112 - INFO - root - Distance = 0, direction = 0, Win# 14
2021-08-10 11:11:02,205 - DEBUG - bleak.backends.dotnet.client - Write Characteristic 6e400002-b5a3-f393-e0a9-e50e24dcca9e : bytearray(b'1,2')
2021-08-10 11:11:02,239 - INFO - root - x = 338, y = 176, Radius = 89.93896484375
2021-08-10 11:11:02,239 - INFO - root - Decision Window: xRange = 323, 332,  yRange = 162, 126
2021-08-10 11:11:02,239 - INFO - root - Next Decision Window: xRange = 323, 337,  yRange = 196, 163
2021-08-10 11:11:02,239 - INFO - root - Distance = 0, direction = 0, Win# 14
2021-08-10 11:11:02,325 - DEBUG - bleak.backends.dotnet.client - Write Characteristic 6e400002-b5a3-f393-e0a9-e50e24dcca9e : bytearray(b'1,2')
2021-08-10 11:11:02,362 - INFO - root - x = 338, y = 176, Radius = 89.5671157836914
2021-08-10 11:11:02,362 - INFO - root - Decision Window: xRange = 323, 332,  yRange = 162, 126
2021-08-10 11:11:02,362 - INFO - root - Next Decision Window: xRange = 323, 337,  yRange = 196, 163
2021-08-10 11:11:02,362 - INFO - root - Distance = 0, direction = 0, Win# 14
2021-08-10 11:11:02,445 - DEBUG - bleak.backends.dotnet.client - Write Characteristic 6e400002-b5a3-f393-e0a9-e50e24dcca9e : bytearray(b'1,2')
2021-08-10 11:11:02,484 - INFO - root - x = 339, y = 178, Radius = 89.87223052978516
2021-08-10 11:11:02,484 - INFO - root - Decision Window: xRange = 323, 332,  yRange = 162, 126
2021-08-10 11:11:02,484 - INFO - root - Next Decision Window: xRange = 323, 337,  yRange = 196, 163
2021-08-10 11:11:02,484 - INFO - root - Distance = 0, direction = 0, Win# 14
2021-08-10 11:11:02,564 - DEBUG - bleak.backends.dotnet.client - Write Characteristic 6e400002-b5a3-f393-e0a9-e50e24dcca9e : bytearray(b'1,2')
2021-08-10 11:11:02,593 - INFO - root - x = 337, y = 180, Radius = 89.1656723022461
2021-08-10 11:11:02,593 - INFO - root - Decision Window: xRange = 323, 332,  yRange = 162, 126
2021-08-10 11:11:02,593 - INFO - root - Next Decision Window: xRange = 323, 337,  yRange = 196, 163
2021-08-10 11:11:02,593 - INFO - root - Distance = 0, direction = 0, Win# 14
2021-08-10 11:11:02,745 - DEBUG - bleak.backends.dotnet.client - Write Characteristic 6e400002-b5a3-f393-e0a9-e50e24dcca9e : bytearray(b'1,2')
2021-08-10 11:11:02,784 - INFO - root - x = 320, y = 188, Radius = 90.78556060791016
2021-08-10 11:11:02,784 - INFO - root - Decision Window: xRange = 323, 337,  yRange = 196, 163
2021-08-10 11:11:02,784 - INFO - root - Next Decision Window: xRange = 338, 349,  yRange = 212, 178
2021-08-10 11:11:02,784 - INFO - root - Distance = 14, direction = 4, Win# 15
2021-08-10 11:11:02,865 - DEBUG - bleak.backends.dotnet.client - Write Characteristic 6e400002-b5a3-f393-e0a9-e50e24dcca9e : bytearray(b'4,0')
2021-08-10 11:11:02,900 - INFO - root - x = 341, y = 171, Radius = 100.30753326416016
2021-08-10 11:11:02,900 - INFO - root - Decision Window: xRange = 323, 337,  yRange = 196, 163
2021-08-10 11:11:02,900 - INFO - root - Next Decision Window: xRange = 338, 349,  yRange = 212, 178
2021-08-10 11:11:02,900 - INFO - root - Distance = 0, direction = 0, Win# 15
2021-08-10 11:11:02,984 - DEBUG - bleak.backends.dotnet.client - Write Characteristic 6e400002-b5a3-f393-e0a9-e50e24dcca9e : bytearray(b'1,2')
2021-08-10 11:11:03,027 - INFO - root - x = 340, y = 169, Radius = 98.3236083984375
2021-08-10 11:11:03,027 - INFO - root - Decision Window: xRange = 323, 337,  yRange = 196, 163
2021-08-10 11:11:03,027 - INFO - root - Next Decision Window: xRange = 338, 349,  yRange = 212, 178
2021-08-10 11:11:03,027 - INFO - root - Distance = 0, direction = 0, Win# 15
2021-08-10 11:11:03,164 - DEBUG - bleak.backends.dotnet.client - Write Characteristic 6e400002-b5a3-f393-e0a9-e50e24dcca9e : bytearray(b'1,2')
2021-08-10 11:11:03,194 - INFO - root - x = 341, y = 172, Radius = 98.43463134765625
2021-08-10 11:11:03,194 - INFO - root - Decision Window: xRange = 323, 337,  yRange = 196, 163
2021-08-10 11:11:03,194 - INFO - root - Next Decision Window: xRange = 338, 349,  yRange = 212, 178
2021-08-10 11:11:03,194 - INFO - root - Distance = 0, direction = 0, Win# 15
2021-08-10 11:11:03,285 - DEBUG - bleak.backends.dotnet.client - Write Characteristic 6e400002-b5a3-f393-e0a9-e50e24dcca9e : bytearray(b'1,2')
2021-08-10 11:11:03,318 - INFO - root - x = 341, y = 174, Radius = 98.06257629394531
2021-08-10 11:11:03,318 - INFO - root - Decision Window: xRange = 323, 337,  yRange = 196, 163
2021-08-10 11:11:03,318 - INFO - root - Next Decision Window: xRange = 338, 349,  yRange = 212, 178
2021-08-10 11:11:03,318 - INFO - root - Distance = 0, direction = 0, Win# 15
2021-08-10 11:11:03,404 - DEBUG - bleak.backends.dotnet.client - Write Characteristic 6e400002-b5a3-f393-e0a9-e50e24dcca9e : bytearray(b'1,2')
2021-08-10 11:11:03,429 - INFO - root - x = 344, y = 178, Radius = 100.97162628173828
2021-08-10 11:11:03,429 - INFO - root - Decision Window: xRange = 323, 337,  yRange = 196, 163
2021-08-10 11:11:03,429 - INFO - root - Next Decision Window: xRange = 338, 349,  yRange = 212, 178
2021-08-10 11:11:03,429 - INFO - root - Distance = 0, direction = 0, Win# 15
2021-08-10 11:11:03,525 - DEBUG - bleak.backends.dotnet.client - Write Characteristic 6e400002-b5a3-f393-e0a9-e50e24dcca9e : bytearray(b'1,2')
2021-08-10 11:11:03,568 - INFO - root - x = 349, y = 179, Radius = 101.51516723632812
2021-08-10 11:11:03,568 - INFO - root - Decision Window: xRange = 323, 337,  yRange = 196, 163
2021-08-10 11:11:03,568 - INFO - root - Next Decision Window: xRange = 338, 349,  yRange = 212, 178
2021-08-10 11:11:03,568 - INFO - root - Distance = 0, direction = 0, Win# 15
2021-08-10 11:11:03,644 - DEBUG - bleak.backends.dotnet.client - Write Characteristic 6e400002-b5a3-f393-e0a9-e50e24dcca9e : bytearray(b'1,2')
2021-08-10 11:11:03,659 - INFO - root - x = 357, y = 179, Radius = 103.10064697265625
2021-08-10 11:11:03,659 - INFO - root - Decision Window: xRange = 323, 337,  yRange = 196, 163
2021-08-10 11:11:03,659 - INFO - root - Next Decision Window: xRange = 338, 349,  yRange = 212, 178
2021-08-10 11:11:03,659 - INFO - root - Distance = 0, direction = 0, Win# 15
2021-08-10 11:11:03,765 - DEBUG - bleak.backends.dotnet.client - Write Characteristic 6e400002-b5a3-f393-e0a9-e50e24dcca9e : bytearray(b'1,2')
2021-08-10 11:11:03,798 - INFO - root - x = 369, y = 181, Radius = 102.92269897460938
2021-08-10 11:11:03,798 - INFO - root - Decision Window: xRange = 323, 337,  yRange = 196, 163
2021-08-10 11:11:03,798 - INFO - root - Next Decision Window: xRange = 338, 349,  yRange = 212, 178
2021-08-10 11:11:03,798 - INFO - root - Distance = 0, direction = 0, Win# 15
2021-08-10 11:11:03,885 - DEBUG - bleak.backends.dotnet.client - Write Characteristic 6e400002-b5a3-f393-e0a9-e50e24dcca9e : bytearray(b'1,2')
2021-08-10 11:11:03,921 - INFO - root - x = 368, y = 186, Radius = 103.70797729492188
2021-08-10 11:11:03,921 - INFO - root - Decision Window: xRange = 323, 337,  yRange = 196, 163
2021-08-10 11:11:03,921 - INFO - root - Next Decision Window: xRange = 338, 349,  yRange = 212, 178
2021-08-10 11:11:03,921 - INFO - root - Distance = 0, direction = 0, Win# 15
2021-08-10 11:11:04,005 - DEBUG - bleak.backends.dotnet.client - Write Characteristic 6e400002-b5a3-f393-e0a9-e50e24dcca9e : bytearray(b'1,2')
2021-08-10 11:11:04,043 - INFO - root - x = 348, y = 205, Radius = 108.20592498779297
2021-08-10 11:11:04,043 - INFO - root - Decision Window: xRange = 323, 337,  yRange = 196, 163
2021-08-10 11:11:04,043 - INFO - root - Next Decision Window: xRange = 338, 349,  yRange = 212, 178
2021-08-10 11:11:04,043 - INFO - root - Distance = 0, direction = 0, Win# 15
2021-08-10 11:11:04,124 - DEBUG - bleak.backends.dotnet.client - Write Characteristic 6e400002-b5a3-f393-e0a9-e50e24dcca9e : bytearray(b'1,2')
2021-08-10 11:11:04,151 - INFO - root - x = 335, y = 214, Radius = 111.63902282714844
2021-08-10 11:11:04,151 - INFO - root - Decision Window: xRange = 323, 337,  yRange = 196, 163
2021-08-10 11:11:04,151 - INFO - root - Next Decision Window: xRange = 338, 349,  yRange = 212, 178
2021-08-10 11:11:04,151 - INFO - root - Distance = 0, direction = 0, Win# 15
2021-08-10 11:11:04,244 - DEBUG - bleak.backends.dotnet.client - Write Characteristic 6e400002-b5a3-f393-e0a9-e50e24dcca9e : bytearray(b'1,2')
2021-08-10 11:11:04,281 - INFO - root - x = 311, y = 229, Radius = 114.80488586425781
2021-08-10 11:11:04,281 - INFO - root - Decision Window: xRange = 323, 337,  yRange = 196, 163
2021-08-10 11:11:04,281 - INFO - root - Next Decision Window: xRange = 338, 349,  yRange = 212, 178
2021-08-10 11:11:04,281 - INFO - root - Distance = 48, direction = 1, Win# 15
2021-08-10 11:11:04,365 - DEBUG - bleak.backends.dotnet.client - Write Characteristic 6e400002-b5a3-f393-e0a9-e50e24dcca9e : bytearray(b'1,0')
2021-08-10 11:11:04,403 - INFO - root - x = 308, y = 234, Radius = 118.33599853515625
2021-08-10 11:11:04,403 - INFO - root - Decision Window: xRange = 323, 337,  yRange = 196, 163
2021-08-10 11:11:04,403 - INFO - root - Next Decision Window: xRange = 338, 349,  yRange = 212, 178
2021-08-10 11:11:04,403 - INFO - root - Distance = 54, direction = 1, Win# 15
2021-08-10 11:11:04,485 - DEBUG - bleak.backends.dotnet.client - Write Characteristic 6e400002-b5a3-f393-e0a9-e50e24dcca9e : bytearray(b'1,1')
2021-08-10 11:11:04,528 - INFO - root - x = 322, y = 227, Radius = 117.63197326660156
2021-08-10 11:11:04,528 - INFO - root - Decision Window: xRange = 323, 337,  yRange = 196, 163
2021-08-10 11:11:04,528 - INFO - root - Next Decision Window: xRange = 338, 349,  yRange = 212, 178
2021-08-10 11:11:04,528 - INFO - root - Distance = 42, direction = 1, Win# 15
2021-08-10 11:11:04,604 - DEBUG - bleak.backends.dotnet.client - Write Characteristic 6e400002-b5a3-f393-e0a9-e50e24dcca9e : bytearray(b'1,0')
2021-08-10 11:11:04,648 - INFO - root - x = 343, y = 213, Radius = 115.27119445800781
2021-08-10 11:11:04,648 - INFO - root - Decision Window: xRange = 323, 337,  yRange = 196, 163
2021-08-10 11:11:04,648 - INFO - root - Next Decision Window: xRange = 338, 349,  yRange = 212, 178
2021-08-10 11:11:04,648 - INFO - root - Distance = 0, direction = 0, Win# 15
2021-08-10 11:11:04,725 - DEBUG - bleak.backends.dotnet.client - Write Characteristic 6e400002-b5a3-f393-e0a9-e50e24dcca9e : bytearray(b'1,2')
2021-08-10 11:11:04,755 - INFO - root - x = 346, y = 212, Radius = 115.11264038085938
2021-08-10 11:11:04,755 - INFO - root - Decision Window: xRange = 323, 337,  yRange = 196, 163
2021-08-10 11:11:04,755 - INFO - root - Next Decision Window: xRange = 338, 349,  yRange = 212, 178
2021-08-10 11:11:04,755 - INFO - root - Distance = 0, direction = 0, Win# 15
2021-08-10 11:11:04,845 - DEBUG - bleak.backends.dotnet.client - Write Characteristic 6e400002-b5a3-f393-e0a9-e50e24dcca9e : bytearray(b'1,2')
2021-08-10 11:11:04,878 - INFO - root - x = 340, y = 210, Radius = 112.28053283691406
2021-08-10 11:11:04,878 - INFO - root - Decision Window: xRange = 323, 337,  yRange = 196, 163
2021-08-10 11:11:04,878 - INFO - root - Next Decision Window: xRange = 338, 349,  yRange = 212, 178
2021-08-10 11:11:04,878 - INFO - root - Distance = 0, direction = 0, Win# 15
2021-08-10 11:11:04,965 - DEBUG - bleak.backends.dotnet.client - Write Characteristic 6e400002-b5a3-f393-e0a9-e50e24dcca9e : bytearray(b'1,2')
2021-08-10 11:11:05,001 - INFO - root - x = 329, y = 195, Radius = 110.99418640136719
2021-08-10 11:11:05,001 - INFO - root - Decision Window: xRange = 323, 337,  yRange = 196, 163
2021-08-10 11:11:05,001 - INFO - root - Next Decision Window: xRange = 338, 349,  yRange = 212, 178
2021-08-10 11:11:05,001 - INFO - root - Distance = 0, direction = 0, Win# 15
2021-08-10 11:11:05,084 - DEBUG - bleak.backends.dotnet.client - Write Characteristic 6e400002-b5a3-f393-e0a9-e50e24dcca9e : bytearray(b'1,2')
2021-08-10 11:11:05,128 - INFO - root - x = 313, y = 202, Radius = 106.23049926757812
2021-08-10 11:11:05,128 - INFO - root - Decision Window: xRange = 323, 337,  yRange = 196, 163
2021-08-10 11:11:05,128 - INFO - root - Next Decision Window: xRange = 338, 349,  yRange = 212, 178
2021-08-10 11:11:05,128 - INFO - root - Distance = 27, direction = 4, Win# 15
2021-08-10 11:11:05,205 - DEBUG - bleak.backends.dotnet.client - Write Characteristic 6e400002-b5a3-f393-e0a9-e50e24dcca9e : bytearray(b'4,0')
2021-08-10 11:11:05,235 - INFO - root - x = 310, y = 207, Radius = 105.67597198486328
2021-08-10 11:11:05,235 - INFO - root - Decision Window: xRange = 323, 337,  yRange = 196, 163
2021-08-10 11:11:05,236 - INFO - root - Next Decision Window: xRange = 338, 349,  yRange = 212, 178
2021-08-10 11:11:05,236 - INFO - root - Distance = 32, direction = 4, Win# 15
2021-08-10 11:11:05,324 - DEBUG - bleak.backends.dotnet.client - Write Characteristic 6e400002-b5a3-f393-e0a9-e50e24dcca9e : bytearray(b'4,0')
2021-08-10 11:11:05,356 - INFO - root - x = 321, y = 204, Radius = 105.28557586669922
2021-08-10 11:11:05,356 - INFO - root - Decision Window: xRange = 323, 337,  yRange = 196, 163
2021-08-10 11:11:05,356 - INFO - root - Next Decision Window: xRange = 338, 349,  yRange = 212, 178
2021-08-10 11:11:05,356 - INFO - root - Distance = 22, direction = 1, Win# 15
2021-08-10 11:11:05,445 - DEBUG - bleak.backends.dotnet.client - Write Characteristic 6e400002-b5a3-f393-e0a9-e50e24dcca9e : bytearray(b'1,0')
2021-08-10 11:11:05,478 - INFO - root - x = 339, y = 193, Radius = 104.16583251953125
2021-08-10 11:11:05,478 - INFO - root - Decision Window: xRange = 323, 337,  yRange = 196, 163
2021-08-10 11:11:05,478 - INFO - root - Next Decision Window: xRange = 338, 349,  yRange = 212, 178
2021-08-10 11:11:05,478 - INFO - root - Distance = 0, direction = 0, Win# 15
2021-08-10 11:11:05,565 - DEBUG - bleak.backends.dotnet.client - Write Characteristic 6e400002-b5a3-f393-e0a9-e50e24dcca9e : bytearray(b'1,2')
2021-08-10 11:11:05,599 - INFO - root - x = 352, y = 184, Radius = 102.9979019165039
2021-08-10 11:11:05,599 - INFO - root - Decision Window: xRange = 323, 337,  yRange = 196, 163
2021-08-10 11:11:05,599 - INFO - root - Next Decision Window: xRange = 338, 349,  yRange = 212, 178
2021-08-10 11:11:05,599 - INFO - root - Distance = 0, direction = 0, Win# 15
2021-08-10 11:11:05,685 - DEBUG - bleak.backends.dotnet.client - Write Characteristic 6e400002-b5a3-f393-e0a9-e50e24dcca9e : bytearray(b'1,2')
2021-08-10 11:11:05,726 - INFO - root - x = 357, y = 180, Radius = 101.93633270263672
2021-08-10 11:11:05,726 - INFO - root - Decision Window: xRange = 323, 337,  yRange = 196, 163
2021-08-10 11:11:05,726 - INFO - root - Next Decision Window: xRange = 338, 349,  yRange = 212, 178
2021-08-10 11:11:05,726 - INFO - root - Distance = 0, direction = 0, Win# 15
2021-08-10 11:11:05,805 - DEBUG - bleak.backends.dotnet.client - Write Characteristic 6e400002-b5a3-f393-e0a9-e50e24dcca9e : bytearray(b'1,2')
2021-08-10 11:11:05,832 - INFO - root - x = 349, y = 182, Radius = 98.0072250366211
2021-08-10 11:11:05,832 - INFO - root - Decision Window: xRange = 323, 337,  yRange = 196, 163
2021-08-10 11:11:05,832 - INFO - root - Next Decision Window: xRange = 338, 349,  yRange = 212, 178
2021-08-10 11:11:05,832 - INFO - root - Distance = 0, direction = 0, Win# 15
2021-08-10 11:11:05,925 - DEBUG - bleak.backends.dotnet.client - Write Characteristic 6e400002-b5a3-f393-e0a9-e50e24dcca9e : bytearray(b'1,2')
2021-08-10 11:11:05,943 - INFO - root - x = 339, y = 191, Radius = 100.0680923461914
2021-08-10 11:11:05,943 - INFO - root - Decision Window: xRange = 323, 337,  yRange = 196, 163
2021-08-10 11:11:05,943 - INFO - root - Next Decision Window: xRange = 338, 349,  yRange = 212, 178
2021-08-10 11:11:05,943 - INFO - root - Distance = 0, direction = 0, Win# 15
2021-08-10 11:11:06,045 - DEBUG - bleak.backends.dotnet.client - Write Characteristic 6e400002-b5a3-f393-e0a9-e50e24dcca9e : bytearray(b'1,2')
2021-08-10 11:11:06,080 - INFO - root - x = 332, y = 196, Radius = 100.47274017333984
2021-08-10 11:11:06,080 - INFO - root - Decision Window: xRange = 323, 337,  yRange = 196, 163
2021-08-10 11:11:06,080 - INFO - root - Next Decision Window: xRange = 338, 349,  yRange = 212, 178
2021-08-10 11:11:06,080 - INFO - root - Distance = 0, direction = 0, Win# 15
2021-08-10 11:11:06,165 - DEBUG - bleak.backends.dotnet.client - Write Characteristic 6e400002-b5a3-f393-e0a9-e50e24dcca9e : bytearray(b'1,2')
2021-08-10 11:11:06,201 - INFO - root - x = 329, y = 198, Radius = 100.66534423828125
2021-08-10 11:11:06,201 - INFO - root - Decision Window: xRange = 323, 337,  yRange = 196, 163
2021-08-10 11:11:06,201 - INFO - root - Next Decision Window: xRange = 338, 349,  yRange = 212, 178
2021-08-10 11:11:06,201 - INFO - root - Distance = 0, direction = 0, Win# 15
2021-08-10 11:11:06,285 - DEBUG - bleak.backends.dotnet.client - Write Characteristic 6e400002-b5a3-f393-e0a9-e50e24dcca9e : bytearray(b'1,2')
2021-08-10 11:11:06,326 - INFO - root - x = 335, y = 195, Radius = 100.91043090820312
2021-08-10 11:11:06,326 - INFO - root - Decision Window: xRange = 323, 337,  yRange = 196, 163
2021-08-10 11:11:06,326 - INFO - root - Next Decision Window: xRange = 338, 349,  yRange = 212, 178
2021-08-10 11:11:06,326 - INFO - root - Distance = 0, direction = 0, Win# 15
2021-08-10 11:11:06,465 - DEBUG - bleak.backends.dotnet.client - Write Characteristic 6e400002-b5a3-f393-e0a9-e50e24dcca9e : bytearray(b'1,2')
2021-08-10 11:11:06,496 - INFO - root - x = 348, y = 189, Radius = 101.5486068725586
2021-08-10 11:11:06,496 - INFO - root - Decision Window: xRange = 323, 337,  yRange = 196, 163
2021-08-10 11:11:06,496 - INFO - root - Next Decision Window: xRange = 338, 349,  yRange = 212, 178
2021-08-10 11:11:06,496 - INFO - root - Distance = 0, direction = 0, Win# 15
2021-08-10 11:11:06,585 - DEBUG - bleak.backends.dotnet.client - Write Characteristic 6e400002-b5a3-f393-e0a9-e50e24dcca9e : bytearray(b'1,2')
2021-08-10 11:11:06,619 - INFO - root - x = 349, y = 188, Radius = 103.46990203857422
2021-08-10 11:11:06,619 - INFO - root - Decision Window: xRange = 323, 337,  yRange = 196, 163
2021-08-10 11:11:06,619 - INFO - root - Next Decision Window: xRange = 338, 349,  yRange = 212, 178
2021-08-10 11:11:06,619 - INFO - root - Distance = 0, direction = 0, Win# 15
2021-08-10 11:11:06,705 - DEBUG - bleak.backends.dotnet.client - Write Characteristic 6e400002-b5a3-f393-e0a9-e50e24dcca9e : bytearray(b'1,2')
2021-08-10 11:11:06,747 - INFO - root - x = 346, y = 190, Radius = 104.05870056152344
2021-08-10 11:11:06,747 - INFO - root - Decision Window: xRange = 323, 337,  yRange = 196, 163
2021-08-10 11:11:06,747 - INFO - root - Next Decision Window: xRange = 338, 349,  yRange = 212, 178
2021-08-10 11:11:06,747 - INFO - root - Distance = 0, direction = 0, Win# 15
2021-08-10 11:11:06,825 - DEBUG - bleak.backends.dotnet.client - Write Characteristic 6e400002-b5a3-f393-e0a9-e50e24dcca9e : bytearray(b'1,2')
2021-08-10 11:11:06,864 - INFO - root - x = 343, y = 194, Radius = 102.60248565673828
2021-08-10 11:11:06,864 - INFO - root - Decision Window: xRange = 323, 337,  yRange = 196, 163
2021-08-10 11:11:06,864 - INFO - root - Next Decision Window: xRange = 338, 349,  yRange = 212, 178
2021-08-10 11:11:06,864 - INFO - root - Distance = 0, direction = 0, Win# 15
2021-08-10 11:11:06,945 - DEBUG - bleak.backends.dotnet.client - Write Characteristic 6e400002-b5a3-f393-e0a9-e50e24dcca9e : bytearray(b'1,2')
2021-08-10 11:11:06,976 - INFO - root - x = 345, y = 194, Radius = 102.0111312866211
2021-08-10 11:11:06,976 - INFO - root - Decision Window: xRange = 323, 337,  yRange = 196, 163
2021-08-10 11:11:06,976 - INFO - root - Next Decision Window: xRange = 338, 349,  yRange = 212, 178
2021-08-10 11:11:06,976 - INFO - root - Distance = 0, direction = 0, Win# 15
2021-08-10 11:11:07,064 - DEBUG - bleak.backends.dotnet.client - Write Characteristic 6e400002-b5a3-f393-e0a9-e50e24dcca9e : bytearray(b'1,2')
2021-08-10 11:11:07,080 - INFO - root - x = 348, y = 193, Radius = 103.95580291748047
2021-08-10 11:11:07,080 - INFO - root - Decision Window: xRange = 323, 337,  yRange = 196, 163
2021-08-10 11:11:07,080 - INFO - root - Next Decision Window: xRange = 338, 349,  yRange = 212, 178
2021-08-10 11:11:07,080 - INFO - root - Distance = 0, direction = 0, Win# 15
2021-08-10 11:11:07,245 - DEBUG - bleak.backends.dotnet.client - Write Characteristic 6e400002-b5a3-f393-e0a9-e50e24dcca9e : bytearray(b'1,2')
2021-08-10 11:11:07,282 - INFO - root - x = 350, y = 192, Radius = 104.2845687866211
2021-08-10 11:11:07,282 - INFO - root - Decision Window: xRange = 323, 337,  yRange = 196, 163
2021-08-10 11:11:07,282 - INFO - root - Next Decision Window: xRange = 338, 349,  yRange = 212, 178
2021-08-10 11:11:07,282 - INFO - root - Distance = 0, direction = 0, Win# 15
2021-08-10 11:11:07,365 - DEBUG - bleak.backends.dotnet.client - Write Characteristic 6e400002-b5a3-f393-e0a9-e50e24dcca9e : bytearray(b'1,2')
2021-08-10 11:11:07,410 - INFO - root - x = 347, y = 193, Radius = 104.55318450927734
2021-08-10 11:11:07,410 - INFO - root - Decision Window: xRange = 323, 337,  yRange = 196, 163
2021-08-10 11:11:07,410 - INFO - root - Next Decision Window: xRange = 338, 349,  yRange = 212, 178
2021-08-10 11:11:07,410 - INFO - root - Distance = 0, direction = 0, Win# 15
2021-08-10 11:11:07,485 - DEBUG - bleak.backends.dotnet.client - Write Characteristic 6e400002-b5a3-f393-e0a9-e50e24dcca9e : bytearray(b'1,2')
2021-08-10 11:11:07,514 - INFO - root - x = 343, y = 196, Radius = 104.45226287841797
2021-08-10 11:11:07,514 - INFO - root - Decision Window: xRange = 323, 337,  yRange = 196, 163
2021-08-10 11:11:07,514 - INFO - root - Next Decision Window: xRange = 338, 349,  yRange = 212, 178
2021-08-10 11:11:07,514 - INFO - root - Distance = 0, direction = 0, Win# 15
2021-08-10 11:11:07,605 - DEBUG - bleak.backends.dotnet.client - Write Characteristic 6e400002-b5a3-f393-e0a9-e50e24dcca9e : bytearray(b'1,2')
2021-08-10 11:11:07,637 - INFO - root - x = 338, y = 197, Radius = 105.70181274414062
2021-08-10 11:11:07,637 - INFO - root - Decision Window: xRange = 323, 337,  yRange = 196, 163
2021-08-10 11:11:07,637 - INFO - root - Next Decision Window: xRange = 338, 349,  yRange = 212, 178
2021-08-10 11:11:07,637 - INFO - root - Distance = 0, direction = 0, Win# 15
2021-08-10 11:11:07,725 - DEBUG - bleak.backends.dotnet.client - Write Characteristic 6e400002-b5a3-f393-e0a9-e50e24dcca9e : bytearray(b'1,2')
2021-08-10 11:11:07,747 - INFO - root - x = 335, y = 198, Radius = 102.99319458007812
2021-08-10 11:11:07,747 - INFO - root - Decision Window: xRange = 323, 337,  yRange = 196, 163
2021-08-10 11:11:07,747 - INFO - root - Next Decision Window: xRange = 338, 349,  yRange = 212, 178
2021-08-10 11:11:07,747 - INFO - root - Distance = 0, direction = 0, Win# 15
2021-08-10 11:11:07,845 - DEBUG - bleak.backends.dotnet.client - Write Characteristic 6e400002-b5a3-f393-e0a9-e50e24dcca9e : bytearray(b'1,2')
2021-08-10 11:11:07,883 - INFO - root - x = 337, y = 198, Radius = 101.38872528076172
2021-08-10 11:11:07,883 - INFO - root - Decision Window: xRange = 323, 337,  yRange = 196, 163
2021-08-10 11:11:07,883 - INFO - root - Next Decision Window: xRange = 338, 349,  yRange = 212, 178
2021-08-10 11:11:07,883 - INFO - root - Distance = 0, direction = 0, Win# 15
2021-08-10 11:11:07,965 - DEBUG - bleak.backends.dotnet.client - Write Characteristic 6e400002-b5a3-f393-e0a9-e50e24dcca9e : bytearray(b'1,2')
2021-08-10 11:11:07,994 - INFO - root - x = 337, y = 199, Radius = 103.33212280273438
2021-08-10 11:11:07,994 - INFO - root - Decision Window: xRange = 323, 337,  yRange = 196, 163
2021-08-10 11:11:07,994 - INFO - root - Next Decision Window: xRange = 338, 349,  yRange = 212, 178
2021-08-10 11:11:07,994 - INFO - root - Distance = 0, direction = 0, Win# 15
2021-08-10 11:11:08,084 - DEBUG - bleak.backends.dotnet.client - Write Characteristic 6e400002-b5a3-f393-e0a9-e50e24dcca9e : bytearray(b'1,2')
2021-08-10 11:11:08,116 - INFO - root - x = 334, y = 200, Radius = 102.02362060546875
2021-08-10 11:11:08,116 - INFO - root - Decision Window: xRange = 323, 337,  yRange = 196, 163
2021-08-10 11:11:08,116 - INFO - root - Next Decision Window: xRange = 338, 349,  yRange = 212, 178
2021-08-10 11:11:08,116 - INFO - root - Distance = 0, direction = 0, Win# 15
2021-08-10 11:11:08,265 - DEBUG - bleak.backends.dotnet.client - Write Characteristic 6e400002-b5a3-f393-e0a9-e50e24dcca9e : bytearray(b'1,2')
2021-08-10 11:11:08,301 - INFO - root - x = 335, y = 200, Radius = 101.78534698486328
2021-08-10 11:11:08,301 - INFO - root - Decision Window: xRange = 323, 337,  yRange = 196, 163
2021-08-10 11:11:08,301 - INFO - root - Next Decision Window: xRange = 338, 349,  yRange = 212, 178
2021-08-10 11:11:08,301 - INFO - root - Distance = 0, direction = 0, Win# 15
2021-08-10 11:11:08,385 - DEBUG - bleak.backends.dotnet.client - Write Characteristic 6e400002-b5a3-f393-e0a9-e50e24dcca9e : bytearray(b'1,2')
2021-08-10 11:11:08,424 - INFO - root - x = 338, y = 198, Radius = 103.39266967773438
2021-08-10 11:11:08,424 - INFO - root - Decision Window: xRange = 323, 337,  yRange = 196, 163
2021-08-10 11:11:08,424 - INFO - root - Next Decision Window: xRange = 338, 349,  yRange = 212, 178
2021-08-10 11:11:08,424 - INFO - root - Distance = 0, direction = 0, Win# 15
2021-08-10 11:11:08,505 - DEBUG - bleak.backends.dotnet.client - Write Characteristic 6e400002-b5a3-f393-e0a9-e50e24dcca9e : bytearray(b'1,2')
2021-08-10 11:11:08,532 - INFO - root - x = 338, y = 199, Radius = 102.94396209716797
2021-08-10 11:11:08,532 - INFO - root - Decision Window: xRange = 323, 337,  yRange = 196, 163
2021-08-10 11:11:08,532 - INFO - root - Next Decision Window: xRange = 338, 349,  yRange = 212, 178
2021-08-10 11:11:08,532 - INFO - root - Distance = 0, direction = 0, Win# 15
2021-08-10 11:11:08,625 - DEBUG - bleak.backends.dotnet.client - Write Characteristic 6e400002-b5a3-f393-e0a9-e50e24dcca9e : bytearray(b'1,2')
2021-08-10 11:11:08,654 - INFO - root - x = 339, y = 200, Radius = 101.68330383300781
2021-08-10 11:11:08,654 - INFO - root - Decision Window: xRange = 323, 337,  yRange = 196, 163
2021-08-10 11:11:08,654 - INFO - root - Next Decision Window: xRange = 338, 349,  yRange = 212, 178
2021-08-10 11:11:08,654 - INFO - root - Distance = 0, direction = 0, Win# 15
2021-08-10 11:11:08,745 - DEBUG - bleak.backends.dotnet.client - Write Characteristic 6e400002-b5a3-f393-e0a9-e50e24dcca9e : bytearray(b'1,2')
2021-08-10 11:11:08,765 - INFO - root - x = 341, y = 198, Radius = 101.03271484375
2021-08-10 11:11:08,765 - INFO - root - Decision Window: xRange = 323, 337,  yRange = 196, 163
2021-08-10 11:11:08,765 - INFO - root - Next Decision Window: xRange = 338, 349,  yRange = 212, 178
2021-08-10 11:11:08,765 - INFO - root - Distance = 0, direction = 0, Win# 15
2021-08-10 11:11:08,865 - DEBUG - bleak.backends.dotnet.client - Write Characteristic 6e400002-b5a3-f393-e0a9-e50e24dcca9e : bytearray(b'1,2')
2021-08-10 11:11:08,901 - INFO - root - x = 343, y = 197, Radius = 103.60694122314453
2021-08-10 11:11:08,901 - INFO - root - Decision Window: xRange = 323, 337,  yRange = 196, 163
2021-08-10 11:11:08,901 - INFO - root - Next Decision Window: xRange = 338, 349,  yRange = 212, 178
2021-08-10 11:11:08,901 - INFO - root - Distance = 0, direction = 0, Win# 15
2021-08-10 11:11:08,985 - DEBUG - bleak.backends.dotnet.client - Write Characteristic 6e400002-b5a3-f393-e0a9-e50e24dcca9e : bytearray(b'1,2')
2021-08-10 11:11:09,023 - INFO - root - x = 342, y = 198, Radius = 102.9979019165039
2021-08-10 11:11:09,023 - INFO - root - Decision Window: xRange = 323, 337,  yRange = 196, 163
2021-08-10 11:11:09,023 - INFO - root - Next Decision Window: xRange = 338, 349,  yRange = 212, 178
2021-08-10 11:11:09,023 - INFO - root - Distance = 0, direction = 0, Win# 15
2021-08-10 11:11:09,105 - DEBUG - bleak.backends.dotnet.client - Write Characteristic 6e400002-b5a3-f393-e0a9-e50e24dcca9e : bytearray(b'1,2')
2021-08-10 11:11:09,132 - INFO - root - x = 347, y = 194, Radius = 102.53058624267578
2021-08-10 11:11:09,132 - INFO - root - Decision Window: xRange = 323, 337,  yRange = 196, 163
2021-08-10 11:11:09,132 - INFO - root - Next Decision Window: xRange = 338, 349,  yRange = 212, 178
2021-08-10 11:11:09,132 - INFO - root - Distance = 0, direction = 0, Win# 15
2021-08-10 11:11:09,225 - DEBUG - bleak.backends.dotnet.client - Write Characteristic 6e400002-b5a3-f393-e0a9-e50e24dcca9e : bytearray(b'1,2')
2021-08-10 11:11:09,254 - INFO - root - x = 347, y = 196, Radius = 102.9986801147461
2021-08-10 11:11:09,254 - INFO - root - Decision Window: xRange = 323, 337,  yRange = 196, 163
2021-08-10 11:11:09,254 - INFO - root - Next Decision Window: xRange = 338, 349,  yRange = 212, 178
2021-08-10 11:11:09,254 - INFO - root - Distance = 0, direction = 0, Win# 15
2021-08-10 11:11:09,345 - DEBUG - bleak.backends.dotnet.client - Write Characteristic 6e400002-b5a3-f393-e0a9-e50e24dcca9e : bytearray(b'1,2')
2021-08-10 11:11:09,383 - INFO - root - x = 345, y = 198, Radius = 102.3634262084961
2021-08-10 11:11:09,383 - INFO - root - Decision Window: xRange = 323, 337,  yRange = 196, 163
2021-08-10 11:11:09,383 - INFO - root - Next Decision Window: xRange = 338, 349,  yRange = 212, 178
2021-08-10 11:11:09,383 - INFO - root - Distance = 0, direction = 0, Win# 15
2021-08-10 11:11:09,465 - DEBUG - bleak.backends.dotnet.client - Write Characteristic 6e400002-b5a3-f393-e0a9-e50e24dcca9e : bytearray(b'1,2')
2021-08-10 11:11:09,502 - INFO - root - x = 340, y = 201, Radius = 102.65702056884766
2021-08-10 11:11:09,502 - INFO - root - Decision Window: xRange = 323, 337,  yRange = 196, 163
2021-08-10 11:11:09,502 - INFO - root - Next Decision Window: xRange = 338, 349,  yRange = 212, 178
2021-08-10 11:11:09,502 - INFO - root - Distance = 0, direction = 0, Win# 15
2021-08-10 11:11:09,585 - DEBUG - bleak.backends.dotnet.client - Write Characteristic 6e400002-b5a3-f393-e0a9-e50e24dcca9e : bytearray(b'1,2')
2021-08-10 11:11:09,628 - INFO - root - x = 340, y = 202, Radius = 100.54489135742188
2021-08-10 11:11:09,628 - INFO - root - Decision Window: xRange = 323, 337,  yRange = 196, 163
2021-08-10 11:11:09,628 - INFO - root - Next Decision Window: xRange = 338, 349,  yRange = 212, 178
2021-08-10 11:11:09,628 - INFO - root - Distance = 0, direction = 0, Win# 15
2021-08-10 11:11:09,705 - DEBUG - bleak.backends.dotnet.client - Write Characteristic 6e400002-b5a3-f393-e0a9-e50e24dcca9e : bytearray(b'1,2')
2021-08-10 11:11:09,733 - INFO - root - x = 338, y = 203, Radius = 100.98394775390625
2021-08-10 11:11:09,733 - INFO - root - Decision Window: xRange = 323, 337,  yRange = 196, 163
2021-08-10 11:11:09,733 - INFO - root - Next Decision Window: xRange = 338, 349,  yRange = 212, 178
2021-08-10 11:11:09,733 - INFO - root - Distance = 0, direction = 0, Win# 15
2021-08-10 11:11:09,825 - DEBUG - bleak.backends.dotnet.client - Write Characteristic 6e400002-b5a3-f393-e0a9-e50e24dcca9e : bytearray(b'1,2')
2021-08-10 11:11:09,856 - INFO - root - x = 337, y = 202, Radius = 101.342041015625
2021-08-10 11:11:09,856 - INFO - root - Decision Window: xRange = 323, 337,  yRange = 196, 163
2021-08-10 11:11:09,856 - INFO - root - Next Decision Window: xRange = 338, 349,  yRange = 212, 178
2021-08-10 11:11:09,856 - INFO - root - Distance = 0, direction = 0, Win# 15
2021-08-10 11:11:09,945 - DEBUG - bleak.backends.dotnet.client - Write Characteristic 6e400002-b5a3-f393-e0a9-e50e24dcca9e : bytearray(b'1,2')
2021-08-10 11:11:09,965 - INFO - root - x = 335, y = 201, Radius = 100.65184020996094
2021-08-10 11:11:09,965 - INFO - root - Decision Window: xRange = 323, 337,  yRange = 196, 163
2021-08-10 11:11:09,965 - INFO - root - Next Decision Window: xRange = 338, 349,  yRange = 212, 178
2021-08-10 11:11:09,965 - INFO - root - Distance = 0, direction = 0, Win# 15
2021-08-10 11:11:10,065 - DEBUG - bleak.backends.dotnet.client - Write Characteristic 6e400002-b5a3-f393-e0a9-e50e24dcca9e : bytearray(b'1,2')
2021-08-10 11:11:10,104 - INFO - root - x = 337, y = 200, Radius = 102.76811981201172
2021-08-10 11:11:10,104 - INFO - root - Decision Window: xRange = 323, 337,  yRange = 196, 163
2021-08-10 11:11:10,104 - INFO - root - Next Decision Window: xRange = 338, 349,  yRange = 212, 178
2021-08-10 11:11:10,104 - INFO - root - Distance = 0, direction = 0, Win# 15
2021-08-10 11:11:10,185 - DEBUG - bleak.backends.dotnet.client - Write Characteristic 6e400002-b5a3-f393-e0a9-e50e24dcca9e : bytearray(b'1,2')
2021-08-10 11:11:10,197 - INFO - root - x = 341, y = 196, Radius = 103.31636047363281
2021-08-10 11:11:10,197 - INFO - root - Decision Window: xRange = 323, 337,  yRange = 196, 163
2021-08-10 11:11:10,197 - INFO - root - Next Decision Window: xRange = 338, 349,  yRange = 212, 178
2021-08-10 11:11:10,197 - INFO - root - Distance = 0, direction = 0, Win# 15
2021-08-10 11:11:10,305 - DEBUG - bleak.backends.dotnet.client - Write Characteristic 6e400002-b5a3-f393-e0a9-e50e24dcca9e : bytearray(b'1,2')
2021-08-10 11:11:10,333 - INFO - root - x = 340, y = 197, Radius = 102.99319458007812
2021-08-10 11:11:10,333 - INFO - root - Decision Window: xRange = 323, 337,  yRange = 196, 163
2021-08-10 11:11:10,333 - INFO - root - Next Decision Window: xRange = 338, 349,  yRange = 212, 178
2021-08-10 11:11:10,333 - INFO - root - Distance = 0, direction = 0, Win# 15
2021-08-10 11:11:10,425 - DEBUG - bleak.backends.dotnet.client - Write Characteristic 6e400002-b5a3-f393-e0a9-e50e24dcca9e : bytearray(b'1,2')
2021-08-10 11:11:10,463 - INFO - root - x = 339, y = 199, Radius = 103.75582122802734
2021-08-10 11:11:10,463 - INFO - root - Decision Window: xRange = 323, 337,  yRange = 196, 163
2021-08-10 11:11:10,463 - INFO - root - Next Decision Window: xRange = 338, 349,  yRange = 212, 178
2021-08-10 11:11:10,463 - INFO - root - Distance = 0, direction = 0, Win# 15
2021-08-10 11:11:10,545 - DEBUG - bleak.backends.dotnet.client - Write Characteristic 6e400002-b5a3-f393-e0a9-e50e24dcca9e : bytearray(b'1,2')
2021-08-10 11:11:10,582 - INFO - root - x = 342, y = 198, Radius = 101.83118438720703
2021-08-10 11:11:10,582 - INFO - root - Decision Window: xRange = 323, 337,  yRange = 196, 163
2021-08-10 11:11:10,582 - INFO - root - Next Decision Window: xRange = 338, 349,  yRange = 212, 178
2021-08-10 11:11:10,582 - INFO - root - Distance = 0, direction = 0, Win# 15
2021-08-10 11:11:10,665 - DEBUG - bleak.backends.dotnet.client - Write Characteristic 6e400002-b5a3-f393-e0a9-e50e24dcca9e : bytearray(b'1,2')
2021-08-10 11:11:10,690 - INFO - root - x = 342, y = 200, Radius = 101.21929931640625
2021-08-10 11:11:10,690 - INFO - root - Decision Window: xRange = 323, 337,  yRange = 196, 163
2021-08-10 11:11:10,690 - INFO - root - Next Decision Window: xRange = 338, 349,  yRange = 212, 178
2021-08-10 11:11:10,690 - INFO - root - Distance = 0, direction = 0, Win# 15
2021-08-10 11:11:10,785 - DEBUG - bleak.backends.dotnet.client - Write Characteristic 6e400002-b5a3-f393-e0a9-e50e24dcca9e : bytearray(b'1,2')
2021-08-10 11:11:10,800 - INFO - root - x = 344, y = 198, Radius = 101.8784408569336
2021-08-10 11:11:10,800 - INFO - root - Decision Window: xRange = 323, 337,  yRange = 196, 163
2021-08-10 11:11:10,800 - INFO - root - Next Decision Window: xRange = 338, 349,  yRange = 212, 178
2021-08-10 11:11:10,800 - INFO - root - Distance = 0, direction = 0, Win# 15
2021-08-10 11:11:10,904 - DEBUG - bleak.backends.dotnet.client - Write Characteristic 6e400002-b5a3-f393-e0a9-e50e24dcca9e : bytearray(b'1,2')
2021-08-10 11:11:10,936 - INFO - root - x = 347, y = 197, Radius = 102.44851684570312
2021-08-10 11:11:10,936 - INFO - root - Decision Window: xRange = 323, 337,  yRange = 196, 163
2021-08-10 11:11:10,936 - INFO - root - Next Decision Window: xRange = 338, 349,  yRange = 212, 178
2021-08-10 11:11:10,936 - INFO - root - Distance = 0, direction = 0, Win# 15
2021-08-10 11:11:11,025 - DEBUG - bleak.backends.dotnet.client - Write Characteristic 6e400002-b5a3-f393-e0a9-e50e24dcca9e : bytearray(b'1,2')
2021-08-10 11:11:11,059 - INFO - root - x = 349, y = 196, Radius = 101.05294036865234
2021-08-10 11:11:11,059 - INFO - root - Decision Window: xRange = 323, 337,  yRange = 196, 163
2021-08-10 11:11:11,059 - INFO - root - Next Decision Window: xRange = 338, 349,  yRange = 212, 178
2021-08-10 11:11:11,059 - INFO - root - Distance = 0, direction = 0, Win# 15
2021-08-10 11:11:11,145 - DEBUG - bleak.backends.dotnet.client - Write Characteristic 6e400002-b5a3-f393-e0a9-e50e24dcca9e : bytearray(b'1,2')
2021-08-10 11:11:11,184 - INFO - root - x = 352, y = 200, Radius = 99.65827178955078
2021-08-10 11:11:11,184 - INFO - root - Decision Window: xRange = 323, 337,  yRange = 196, 163
2021-08-10 11:11:11,184 - INFO - root - Next Decision Window: xRange = 338, 349,  yRange = 212, 178
2021-08-10 11:11:11,184 - INFO - root - Distance = 0, direction = 0, Win# 15
2021-08-10 11:11:11,264 - DEBUG - bleak.backends.dotnet.client - Write Characteristic 6e400002-b5a3-f393-e0a9-e50e24dcca9e : bytearray(b'1,2')
2021-08-10 11:11:11,291 - INFO - root - x = 365, y = 275, Radius = 84.3587417602539
2021-08-10 11:11:11,291 - INFO - root - Decision Window: xRange = 323, 337,  yRange = 196, 163
2021-08-10 11:11:11,291 - INFO - root - Next Decision Window: xRange = 338, 349,  yRange = 212, 178
2021-08-10 11:11:11,291 - INFO - root - Distance = 0, direction = 0, Win# 15
2021-08-10 11:11:11,385 - DEBUG - bleak.backends.dotnet.client - Write Characteristic 6e400002-b5a3-f393-e0a9-e50e24dcca9e : bytearray(b'1,2')
2021-08-10 11:11:11,402 - INFO - root - x = 133, y = 101, Radius = 5.000100135803223
2021-08-10 11:11:11,402 - INFO - root - Decision Window: xRange = 323, 337,  yRange = 196, 163
2021-08-10 11:11:11,402 - INFO - root - Next Decision Window: xRange = 338, 349,  yRange = 212, 178
2021-08-10 11:11:11,402 - INFO - root - Distance = 203, direction = 4, Win# 15
2021-08-10 11:11:11,505 - DEBUG - bleak.backends.dotnet.client - Write Characteristic 6e400002-b5a3-f393-e0a9-e50e24dcca9e : bytearray(b'4,3')
2021-08-10 11:11:11,540 - INFO - root - x = 131, y = 104, Radius = 6.103377819061279
2021-08-10 11:11:11,540 - INFO - root - Decision Window: xRange = 323, 337,  yRange = 196, 163
2021-08-10 11:11:11,540 - INFO - root - Next Decision Window: xRange = 338, 349,  yRange = 212, 178
2021-08-10 11:11:11,540 - INFO - root - Distance = 204, direction = 4, Win# 15
2021-08-10 11:11:11,625 - DEBUG - bleak.backends.dotnet.client - Write Characteristic 6e400002-b5a3-f393-e0a9-e50e24dcca9e : bytearray(b'4,3')
2021-08-10 11:11:11,651 - INFO - root - x = 60, y = 237, Radius = 26.386648178100586
2021-08-10 11:11:11,651 - INFO - root - Decision Window: xRange = 323, 337,  yRange = 196, 163
2021-08-10 11:11:11,651 - INFO - root - Next Decision Window: xRange = 338, 349,  yRange = 212, 178
2021-08-10 11:11:11,651 - INFO - root - Distance = 276, direction = 4, Win# 15
2021-08-10 11:11:11,745 - DEBUG - bleak.backends.dotnet.client - Write Characteristic 6e400002-b5a3-f393-e0a9-e50e24dcca9e : bytearray(b'4,3')
2021-08-10 11:11:11,789 - INFO - root - x = 101, y = 163, Radius = 17.49295425415039
2021-08-10 11:11:11,789 - INFO - root - Decision Window: xRange = 323, 337,  yRange = 196, 163
2021-08-10 11:11:11,789 - INFO - root - Next Decision Window: xRange = 338, 349,  yRange = 212, 178
2021-08-10 11:11:11,789 - INFO - root - Distance = 226, direction = 4, Win# 15
2021-08-10 11:11:11,924 - DEBUG - bleak.backends.dotnet.client - Write Characteristic 6e400002-b5a3-f393-e0a9-e50e24dcca9e : bytearray(b'4,3')
2021-08-10 11:11:11,957 - INFO - root - x = 54, y = 249, Radius = 11.412812232971191
2021-08-10 11:11:11,957 - INFO - root - Decision Window: xRange = 323, 337,  yRange = 196, 163
2021-08-10 11:11:11,957 - INFO - root - Next Decision Window: xRange = 338, 349,  yRange = 212, 178
2021-08-10 11:11:11,957 - INFO - root - Distance = 285, direction = 4, Win# 15
2021-08-10 11:11:12,045 - DEBUG - bleak.backends.dotnet.client - Write Characteristic 6e400002-b5a3-f393-e0a9-e50e24dcca9e : bytearray(b'4,3')
2021-08-10 11:11:12,083 - INFO - root - x = 66, y = 226, Radius = 13.647443771362305
2021-08-10 11:11:12,083 - INFO - root - Decision Window: xRange = 323, 337,  yRange = 196, 163
2021-08-10 11:11:12,083 - INFO - root - Next Decision Window: xRange = 338, 349,  yRange = 212, 178
2021-08-10 11:11:12,083 - INFO - root - Distance = 267, direction = 4, Win# 15
2021-08-10 11:11:12,164 - DEBUG - bleak.backends.dotnet.client - Write Characteristic 6e400002-b5a3-f393-e0a9-e50e24dcca9e : bytearray(b'4,3')
2021-08-10 11:11:12,203 - INFO - root - x = 58, y = 243, Radius = 20.124710083007812
2021-08-10 11:11:12,203 - INFO - root - Decision Window: xRange = 323, 337,  yRange = 196, 163
2021-08-10 11:11:12,203 - INFO - root - Next Decision Window: xRange = 338, 349,  yRange = 212, 178
2021-08-10 11:11:12,203 - INFO - root - Distance = 279, direction = 4, Win# 15
2021-08-10 11:11:12,284 - DEBUG - bleak.backends.dotnet.client - Write Characteristic 6e400002-b5a3-f393-e0a9-e50e24dcca9e : bytearray(b'4,3')
2021-08-10 11:11:12,326 - INFO - root - x = 100, y = 165, Radius = 17.44286346435547
2021-08-10 11:11:12,326 - INFO - root - Decision Window: xRange = 323, 337,  yRange = 196, 163
2021-08-10 11:11:12,326 - INFO - root - Next Decision Window: xRange = 338, 349,  yRange = 212, 178
2021-08-10 11:11:12,326 - INFO - root - Distance = 227, direction = 4, Win# 15
2021-08-10 11:11:12,404 - DEBUG - bleak.backends.dotnet.client - Write Characteristic 6e400002-b5a3-f393-e0a9-e50e24dcca9e : bytearray(b'4,3')
2021-08-10 11:11:12,437 - INFO - root - x = 61, y = 238, Radius = 26.386648178100586
2021-08-10 11:11:12,437 - INFO - root - Decision Window: xRange = 323, 337,  yRange = 196, 163
2021-08-10 11:11:12,437 - INFO - root - Next Decision Window: xRange = 338, 349,  yRange = 212, 178
2021-08-10 11:11:12,437 - INFO - root - Distance = 275, direction = 4, Win# 15
2021-08-10 11:11:12,525 - DEBUG - bleak.backends.dotnet.client - Write Characteristic 6e400002-b5a3-f393-e0a9-e50e24dcca9e : bytearray(b'4,3')
2021-08-10 11:11:12,558 - INFO - root - x = 61, y = 236, Radius = 28.3990421295166
2021-08-10 11:11:12,558 - INFO - root - Decision Window: xRange = 323, 337,  yRange = 196, 163
2021-08-10 11:11:12,558 - INFO - root - Next Decision Window: xRange = 338, 349,  yRange = 212, 178
2021-08-10 11:11:12,558 - INFO - root - Distance = 274, direction = 4, Win# 15
2021-08-10 11:11:12,644 - DEBUG - bleak.backends.dotnet.client - Write Characteristic 6e400002-b5a3-f393-e0a9-e50e24dcca9e : bytearray(b'4,3')
2021-08-10 11:11:12,683 - INFO - root - x = 62, y = 235, Radius = 23.754045486450195
2021-08-10 11:11:12,683 - INFO - root - Decision Window: xRange = 323, 337,  yRange = 196, 163
2021-08-10 11:11:12,683 - INFO - root - Next Decision Window: xRange = 338, 349,  yRange = 212, 178
2021-08-10 11:11:12,683 - INFO - root - Distance = 273, direction = 4, Win# 15
2021-08-10 11:11:12,765 - DEBUG - bleak.backends.dotnet.client - Write Characteristic 6e400002-b5a3-f393-e0a9-e50e24dcca9e : bytearray(b'4,3')
2021-08-10 11:11:12,805 - INFO - root - x = 62, y = 234, Radius = 28.84884262084961
2021-08-10 11:11:12,805 - INFO - root - Decision Window: xRange = 323, 337,  yRange = 196, 163
2021-08-10 11:11:12,805 - INFO - root - Next Decision Window: xRange = 338, 349,  yRange = 212, 178
2021-08-10 11:11:12,805 - INFO - root - Distance = 273, direction = 4, Win# 15
2021-08-10 11:11:12,885 - DEBUG - bleak.backends.dotnet.client - Write Characteristic 6e400002-b5a3-f393-e0a9-e50e24dcca9e : bytearray(b'4,3')
2021-08-10 11:11:13,590 - INFO - root - x = 123, y = 119, Radius = 26.617761611938477
2021-08-10 11:11:13,591 - INFO - root - Decision Window: xRange = 323, 337,  yRange = 196, 163
2021-08-10 11:11:13,591 - INFO - root - Next Decision Window: xRange = 338, 349,  yRange = 212, 178
2021-08-10 11:11:13,591 - INFO - root - Distance = 208, direction = 4, Win# 15
2021-08-10 11:11:13,665 - DEBUG - bleak.backends.dotnet.client - Write Characteristic 6e400002-b5a3-f393-e0a9-e50e24dcca9e : bytearray(b'4,3')
2021-08-10 11:11:13,706 - INFO - root - x = 61, y = 236, Radius = 26.177379608154297
2021-08-10 11:11:13,706 - INFO - root - Decision Window: xRange = 323, 337,  yRange = 196, 163
2021-08-10 11:11:13,706 - INFO - root - Next Decision Window: xRange = 338, 349,  yRange = 212, 178
2021-08-10 11:11:13,706 - INFO - root - Distance = 274, direction = 4, Win# 15
2021-08-10 11:11:13,784 - DEBUG - bleak.backends.dotnet.client - Write Characteristic 6e400002-b5a3-f393-e0a9-e50e24dcca9e : bytearray(b'4,3')
2021-08-10 11:11:13,824 - INFO - root - x = 128, y = 108, Radius = 20.24855613708496
2021-08-10 11:11:13,824 - INFO - root - Decision Window: xRange = 323, 337,  yRange = 196, 163
2021-08-10 11:11:13,824 - INFO - root - Next Decision Window: xRange = 338, 349,  yRange = 212, 178
2021-08-10 11:11:13,824 - INFO - root - Distance = 206, direction = 4, Win# 15
2021-08-10 11:11:13,905 - DEBUG - bleak.backends.dotnet.client - Write Characteristic 6e400002-b5a3-f393-e0a9-e50e24dcca9e : bytearray(b'4,3')
2021-08-10 11:11:13,945 - INFO - root - x = 122, y = 120, Radius = 25.060028076171875
2021-08-10 11:11:13,945 - INFO - root - Decision Window: xRange = 323, 337,  yRange = 196, 163
2021-08-10 11:11:13,945 - INFO - root - Next Decision Window: xRange = 338, 349,  yRange = 212, 178
2021-08-10 11:11:13,945 - INFO - root - Distance = 209, direction = 4, Win# 15
