2021-08-09 14:33:53,422 - INFO - root - 


2021-08-09 14:33:53,422 - INFO - root - PROGRAM BEGINS
2021-08-09 14:33:56,630 - DEBUG - asyncio - Using proactor: IocpProactor
2021-08-09 14:33:56,854 - DEBUG - bleak.backends.dotnet.scanner - Received 4C:E1:95:80:34:95: Unknown.
2021-08-09 14:33:57,095 - DEBUG - bleak.backends.dotnet.scanner - Received 6A:2F:A4:08:CA:12: Unknown.
2021-08-09 14:33:57,215 - DEBUG - bleak.backends.dotnet.scanner - Received 7C:9E:BD:EE:7A:82: Haptic Sleeve ML.
2021-08-09 14:33:57,216 - DEBUG - bleak.backends.dotnet.scanner - Received 7C:9E:BD:EE:7A:82: Unknown.
2021-08-09 14:33:57,216 - DEBUG - bleak.backends.dotnet.scanner - 3 devices found. Watcher status: 3.
2021-08-09 14:33:57,216 - DEBUG - bleak.backends.dotnet.client - Connecting to BLE device @ 7c:9e:bd:ee:7a:82
2021-08-09 14:34:05,802 - DEBUG - bleak.backends.dotnet.client - _ConnectionStatusChanged_Handler: 1
2021-08-09 14:34:05,803 - DEBUG - bleak.backends.dotnet.client - Get Services...
2021-08-09 14:34:05,855 - INFO - bleak.backends.dotnet.client - Services resolved for BleakClientDotNet (7c:9e:bd:ee:7a:82)
2021-08-09 14:34:11,567 - INFO - root - x = 481, y = 97, Radius = 103.87020874023438
2021-08-09 14:34:11,567 - INFO - root - Decision Window: xRange = 477, 488,  yRange = 118, 82
2021-08-09 14:34:11,568 - INFO - root - Distance = 0, direction = 0, Win# 1
2021-08-09 14:34:11,794 - DEBUG - bleak.backends.dotnet.client - Write Characteristic 6e400002-b5a3-f393-e0a9-e50e24dcca9e : bytearray(b'1,2')
2021-08-09 14:34:11,815 - INFO - root - x = 493, y = 104, Radius = 101.35713958740234
2021-08-09 14:34:11,815 - INFO - root - Decision Window: xRange = 477, 488,  yRange = 118, 82
2021-08-09 14:34:11,815 - INFO - root - Distance = 0, direction = 0, Win# 1
2021-08-09 14:34:12,094 - DEBUG - bleak.backends.dotnet.client - Write Characteristic 6e400002-b5a3-f393-e0a9-e50e24dcca9e : bytearray(b'1,2')
2021-08-09 14:34:12,133 - INFO - root - x = 489, y = 106, Radius = 101.15962982177734
2021-08-09 14:34:12,133 - INFO - root - Decision Window: xRange = 477, 488,  yRange = 118, 82
2021-08-09 14:34:12,133 - INFO - root - Distance = 0, direction = 0, Win# 1
2021-08-09 14:34:12,213 - DEBUG - bleak.backends.dotnet.client - Write Characteristic 6e400002-b5a3-f393-e0a9-e50e24dcca9e : bytearray(b'1,2')
2021-08-09 14:34:12,240 - INFO - root - x = 489, y = 106, Radius = 105.51072692871094
2021-08-09 14:34:12,240 - INFO - root - Decision Window: xRange = 477, 488,  yRange = 118, 82
2021-08-09 14:34:12,240 - INFO - root - Distance = 0, direction = 0, Win# 1
2021-08-09 14:34:12,513 - DEBUG - bleak.backends.dotnet.client - Write Characteristic 6e400002-b5a3-f393-e0a9-e50e24dcca9e : bytearray(b'1,2')
2021-08-09 14:34:12,550 - INFO - root - x = 487, y = 109, Radius = 95.9638671875
2021-08-09 14:34:12,550 - INFO - root - Decision Window: xRange = 477, 488,  yRange = 118, 82
2021-08-09 14:34:12,550 - INFO - root - Distance = 0, direction = 0, Win# 1
2021-08-09 14:34:12,693 - DEBUG - bleak.backends.dotnet.client - Write Characteristic 6e400002-b5a3-f393-e0a9-e50e24dcca9e : bytearray(b'1,2')
2021-08-09 14:34:12,734 - INFO - root - x = 493, y = 111, Radius = 100.8589096069336
2021-08-09 14:34:12,734 - INFO - root - Decision Window: xRange = 477, 488,  yRange = 118, 82
2021-08-09 14:34:12,734 - INFO - root - Distance = 0, direction = 0, Win# 1
2021-08-09 14:34:12,934 - DEBUG - bleak.backends.dotnet.client - Write Characteristic 6e400002-b5a3-f393-e0a9-e50e24dcca9e : bytearray(b'1,2')
2021-08-09 14:34:12,967 - INFO - root - x = 509, y = 114, Radius = 101.13854217529297
2021-08-09 14:34:12,967 - INFO - root - Decision Window: xRange = 477, 488,  yRange = 118, 82
2021-08-09 14:34:12,967 - INFO - root - Distance = 0, direction = 0, Win# 1
2021-08-09 14:34:13,113 - DEBUG - bleak.backends.dotnet.client - Write Characteristic 6e400002-b5a3-f393-e0a9-e50e24dcca9e : bytearray(b'1,2')
2021-08-09 14:34:13,154 - INFO - root - x = 503, y = 112, Radius = 181.70591735839844
2021-08-09 14:34:13,154 - INFO - root - Decision Window: xRange = 477, 488,  yRange = 118, 82
2021-08-09 14:34:13,154 - INFO - root - Distance = 0, direction = 0, Win# 1
2021-08-09 14:34:13,234 - DEBUG - bleak.backends.dotnet.client - Write Characteristic 6e400002-b5a3-f393-e0a9-e50e24dcca9e : bytearray(b'1,2')
2021-08-09 14:34:13,268 - INFO - root - x = 503, y = 113, Radius = 175.2321014404297
2021-08-09 14:34:13,268 - INFO - root - Decision Window: xRange = 477, 488,  yRange = 118, 82
2021-08-09 14:34:13,268 - INFO - root - Distance = 0, direction = 0, Win# 1
2021-08-09 14:34:13,353 - DEBUG - bleak.backends.dotnet.client - Write Characteristic 6e400002-b5a3-f393-e0a9-e50e24dcca9e : bytearray(b'1,2')
2021-08-09 14:34:13,384 - INFO - root - x = 519, y = 117, Radius = 98.47855377197266
2021-08-09 14:34:13,384 - INFO - root - Decision Window: xRange = 477, 488,  yRange = 118, 82
2021-08-09 14:34:13,384 - INFO - root - Distance = 0, direction = 0, Win# 1
2021-08-09 14:34:13,473 - DEBUG - bleak.backends.dotnet.client - Write Characteristic 6e400002-b5a3-f393-e0a9-e50e24dcca9e : bytearray(b'1,2')
2021-08-09 14:34:13,507 - INFO - root - x = 514, y = 116, Radius = 99.41909790039062
2021-08-09 14:34:13,508 - INFO - root - Decision Window: xRange = 477, 488,  yRange = 118, 82
2021-08-09 14:34:13,508 - INFO - root - Distance = 0, direction = 0, Win# 1
2021-08-09 14:34:13,653 - DEBUG - bleak.backends.dotnet.client - Write Characteristic 6e400002-b5a3-f393-e0a9-e50e24dcca9e : bytearray(b'1,2')
2021-08-09 14:34:13,696 - INFO - root - x = 515, y = 115, Radius = 98.11189270019531
2021-08-09 14:34:13,696 - INFO - root - Decision Window: xRange = 477, 488,  yRange = 118, 82
2021-08-09 14:34:13,697 - INFO - root - Distance = 0, direction = 0, Win# 1
2021-08-09 14:34:13,773 - DEBUG - bleak.backends.dotnet.client - Write Characteristic 6e400002-b5a3-f393-e0a9-e50e24dcca9e : bytearray(b'1,2')
2021-08-09 14:34:13,800 - INFO - root - x = 515, y = 114, Radius = 95.2315902709961
2021-08-09 14:34:13,800 - INFO - root - Decision Window: xRange = 477, 488,  yRange = 118, 82
2021-08-09 14:34:13,800 - INFO - root - Distance = 0, direction = 0, Win# 1
2021-08-09 14:34:13,954 - DEBUG - bleak.backends.dotnet.client - Write Characteristic 6e400002-b5a3-f393-e0a9-e50e24dcca9e : bytearray(b'1,2')
2021-08-09 14:34:13,985 - INFO - root - x = 506, y = 109, Radius = 95.96363067626953
2021-08-09 14:34:13,985 - INFO - root - Decision Window: xRange = 477, 488,  yRange = 118, 82
2021-08-09 14:34:13,985 - INFO - root - Distance = 0, direction = 0, Win# 1
2021-08-09 14:34:14,134 - DEBUG - bleak.backends.dotnet.client - Write Characteristic 6e400002-b5a3-f393-e0a9-e50e24dcca9e : bytearray(b'1,2')
2021-08-09 14:34:14,170 - INFO - root - x = 489, y = 104, Radius = 105.09529113769531
2021-08-09 14:34:14,170 - INFO - root - Decision Window: xRange = 477, 488,  yRange = 118, 82
2021-08-09 14:34:14,170 - INFO - root - Distance = 0, direction = 0, Win# 1
2021-08-09 14:34:14,253 - DEBUG - bleak.backends.dotnet.client - Write Characteristic 6e400002-b5a3-f393-e0a9-e50e24dcca9e : bytearray(b'1,2')
2021-08-09 14:34:14,292 - INFO - root - x = 480, y = 99, Radius = 90.3549575805664
2021-08-09 14:34:14,292 - INFO - root - Decision Window: xRange = 477, 488,  yRange = 118, 82
2021-08-09 14:34:14,292 - INFO - root - Distance = 0, direction = 0, Win# 1
2021-08-09 14:34:14,434 - DEBUG - bleak.backends.dotnet.client - Write Characteristic 6e400002-b5a3-f393-e0a9-e50e24dcca9e : bytearray(b'1,2')
2021-08-09 14:34:14,464 - INFO - root - x = 481, y = 97, Radius = 106.50127410888672
2021-08-09 14:34:14,464 - INFO - root - Decision Window: xRange = 477, 488,  yRange = 118, 82
2021-08-09 14:34:14,464 - INFO - root - Distance = 0, direction = 0, Win# 1
2021-08-09 14:34:14,553 - DEBUG - bleak.backends.dotnet.client - Write Characteristic 6e400002-b5a3-f393-e0a9-e50e24dcca9e : bytearray(b'1,2')
2021-08-09 14:34:14,587 - INFO - root - x = 477, y = 96, Radius = 108.2682876586914
2021-08-09 14:34:14,587 - INFO - root - Decision Window: xRange = 477, 488,  yRange = 118, 82
2021-08-09 14:34:14,587 - INFO - root - Distance = 0, direction = 0, Win# 1
2021-08-09 14:34:14,674 - DEBUG - bleak.backends.dotnet.client - Write Characteristic 6e400002-b5a3-f393-e0a9-e50e24dcca9e : bytearray(b'1,2')
2021-08-09 14:34:14,713 - INFO - root - x = 467, y = 94, Radius = 89.09695434570312
2021-08-09 14:34:14,713 - INFO - root - Decision Window: xRange = 466, 476,  yRange = 115, 80
2021-08-09 14:34:14,713 - INFO - root - Distance = 3, direction = 1, Win# 2
2021-08-09 14:34:14,914 - DEBUG - bleak.backends.dotnet.client - Write Characteristic 6e400002-b5a3-f393-e0a9-e50e24dcca9e : bytearray(b'1,0')
2021-08-09 14:34:14,943 - INFO - root - x = 461, y = 89, Radius = 115.61260223388672
2021-08-09 14:34:14,943 - INFO - root - Decision Window: xRange = 458, 465,  yRange = 98, 78
2021-08-09 14:34:14,943 - INFO - root - Distance = 2, direction = 1, Win# 3
2021-08-09 14:34:15,034 - DEBUG - bleak.backends.dotnet.client - Write Characteristic 6e400002-b5a3-f393-e0a9-e50e24dcca9e : bytearray(b'1,0')
2021-08-09 14:34:15,066 - INFO - root - x = 462, y = 89, Radius = 115.61260223388672
2021-08-09 14:34:15,066 - INFO - root - Decision Window: xRange = 458, 465,  yRange = 98, 78
2021-08-09 14:34:15,066 - INFO - root - Distance = 0, direction = 0, Win# 3
2021-08-09 14:34:15,333 - DEBUG - bleak.backends.dotnet.client - Write Characteristic 6e400002-b5a3-f393-e0a9-e50e24dcca9e : bytearray(b'1,2')
2021-08-09 14:34:15,373 - INFO - root - x = 461, y = 87, Radius = 145.29721069335938
2021-08-09 14:34:15,373 - INFO - root - Decision Window: xRange = 458, 465,  yRange = 98, 78
2021-08-09 14:34:15,373 - INFO - root - Distance = 0, direction = 0, Win# 3
2021-08-09 14:34:15,453 - DEBUG - bleak.backends.dotnet.client - Write Characteristic 6e400002-b5a3-f393-e0a9-e50e24dcca9e : bytearray(b'1,2')
2021-08-09 14:34:15,470 - INFO - root - x = 450, y = 89, Radius = 122.80075073242188
2021-08-09 14:34:15,470 - INFO - root - Decision Window: xRange = 458, 465,  yRange = 98, 78
2021-08-09 14:34:15,470 - INFO - root - Distance = 8, direction = 4, Win# 3
2021-08-09 14:34:15,634 - DEBUG - bleak.backends.dotnet.client - Write Characteristic 6e400002-b5a3-f393-e0a9-e50e24dcca9e : bytearray(b'4,0')
2021-08-09 14:34:15,672 - INFO - root - x = 443, y = 88, Radius = 122.23859405517578
2021-08-09 14:34:15,673 - INFO - root - Decision Window: xRange = 443, 457,  yRange = 96, 69
2021-08-09 14:34:15,673 - INFO - root - Distance = 9, direction = 1, Win# 4
2021-08-09 14:34:15,874 - DEBUG - bleak.backends.dotnet.client - Write Characteristic 6e400002-b5a3-f393-e0a9-e50e24dcca9e : bytearray(b'1,0')
2021-08-09 14:34:15,914 - INFO - root - x = 446, y = 84, Radius = 158.2736053466797
2021-08-09 14:34:15,914 - INFO - root - Decision Window: xRange = 443, 457,  yRange = 96, 69
2021-08-09 14:34:15,914 - INFO - root - Distance = 0, direction = 0, Win# 4
2021-08-09 14:34:16,053 - DEBUG - bleak.backends.dotnet.client - Write Characteristic 6e400002-b5a3-f393-e0a9-e50e24dcca9e : bytearray(b'1,2')
2021-08-09 14:34:16,067 - INFO - root - x = 450, y = 83, Radius = 157.01683044433594
2021-08-09 14:34:16,068 - INFO - root - Decision Window: xRange = 443, 457,  yRange = 96, 69
2021-08-09 14:34:16,068 - INFO - root - Distance = 0, direction = 0, Win# 4
2021-08-09 14:34:16,233 - DEBUG - bleak.backends.dotnet.client - Write Characteristic 6e400002-b5a3-f393-e0a9-e50e24dcca9e : bytearray(b'1,2')
2021-08-09 14:34:16,272 - INFO - root - x = 433, y = 83, Radius = 131.30604553222656
2021-08-09 14:34:16,272 - INFO - root - Decision Window: xRange = 431, 442,  yRange = 87, 66
2021-08-09 14:34:16,272 - INFO - root - Distance = 7, direction = 1, Win# 5
2021-08-09 14:34:16,413 - DEBUG - bleak.backends.dotnet.client - Write Characteristic 6e400002-b5a3-f393-e0a9-e50e24dcca9e : bytearray(b'1,0')
2021-08-09 14:34:16,452 - INFO - root - x = 435, y = 80, Radius = 167.30372619628906
2021-08-09 14:34:16,452 - INFO - root - Decision Window: xRange = 431, 442,  yRange = 87, 66
2021-08-09 14:34:16,452 - INFO - root - Distance = 0, direction = 0, Win# 5
2021-08-09 14:34:16,594 - DEBUG - bleak.backends.dotnet.client - Write Characteristic 6e400002-b5a3-f393-e0a9-e50e24dcca9e : bytearray(b'1,2')
2021-08-09 14:34:16,622 - INFO - root - x = 434, y = 79, Radius = 165.82003784179688
2021-08-09 14:34:16,622 - INFO - root - Decision Window: xRange = 431, 442,  yRange = 87, 66
2021-08-09 14:34:16,622 - INFO - root - Distance = 0, direction = 0, Win# 5
2021-08-09 14:34:16,893 - DEBUG - bleak.backends.dotnet.client - Write Characteristic 6e400002-b5a3-f393-e0a9-e50e24dcca9e : bytearray(b'1,2')
2021-08-09 14:34:16,935 - INFO - root - x = 424, y = 80, Radius = 133.24612426757812
2021-08-09 14:34:16,935 - INFO - root - Decision Window: xRange = 420, 430,  yRange = 84, 65
2021-08-09 14:34:16,935 - INFO - root - Distance = 5, direction = 1, Win# 6
2021-08-09 14:34:17,134 - DEBUG - bleak.backends.dotnet.client - Write Characteristic 6e400002-b5a3-f393-e0a9-e50e24dcca9e : bytearray(b'1,0')
2021-08-09 14:34:17,162 - INFO - root - x = 421, y = 77, Radius = 142.2744903564453
2021-08-09 14:34:17,162 - INFO - root - Decision Window: xRange = 420, 430,  yRange = 84, 65
2021-08-09 14:34:17,162 - INFO - root - Distance = 0, direction = 0, Win# 6
2021-08-09 14:34:17,254 - DEBUG - bleak.backends.dotnet.client - Write Characteristic 6e400002-b5a3-f393-e0a9-e50e24dcca9e : bytearray(b'1,2')
2021-08-09 14:34:17,284 - INFO - root - x = 428, y = 77, Radius = 153.01808166503906
2021-08-09 14:34:17,284 - INFO - root - Decision Window: xRange = 420, 430,  yRange = 84, 65
2021-08-09 14:34:17,284 - INFO - root - Distance = 0, direction = 0, Win# 6
2021-08-09 14:34:17,553 - DEBUG - bleak.backends.dotnet.client - Write Characteristic 6e400002-b5a3-f393-e0a9-e50e24dcca9e : bytearray(b'1,2')
2021-08-09 14:34:17,593 - INFO - root - x = 431, y = 76, Radius = 173.2174530029297
2021-08-09 14:34:17,593 - INFO - root - Decision Window: xRange = 420, 430,  yRange = 84, 65
2021-08-09 14:34:17,593 - INFO - root - Distance = 0, direction = 0, Win# 6
2021-08-09 14:34:17,673 - DEBUG - bleak.backends.dotnet.client - Write Characteristic 6e400002-b5a3-f393-e0a9-e50e24dcca9e : bytearray(b'1,2')
2021-08-09 14:34:17,704 - INFO - root - x = 414, y = 75, Radius = 144.4456024169922
2021-08-09 14:34:17,705 - INFO - root - Decision Window: xRange = 400, 419,  yRange = 83, 65
2021-08-09 14:34:17,705 - INFO - root - Distance = 1, direction = 1, Win# 7
2021-08-09 14:34:18,034 - DEBUG - bleak.backends.dotnet.client - Write Characteristic 6e400002-b5a3-f393-e0a9-e50e24dcca9e : bytearray(b'1,0')
2021-08-09 14:34:18,071 - INFO - root - x = 421, y = 74, Radius = 187.41542053222656
2021-08-09 14:34:18,071 - INFO - root - Decision Window: xRange = 400, 419,  yRange = 83, 65
2021-08-09 14:34:18,071 - INFO - root - Distance = 0, direction = 0, Win# 7
2021-08-09 14:34:18,214 - DEBUG - bleak.backends.dotnet.client - Write Characteristic 6e400002-b5a3-f393-e0a9-e50e24dcca9e : bytearray(b'1,2')
2021-08-09 14:34:18,240 - INFO - root - x = 418, y = 74, Radius = 184.87844848632812
2021-08-09 14:34:18,240 - INFO - root - Decision Window: xRange = 400, 419,  yRange = 83, 65
2021-08-09 14:34:18,240 - INFO - root - Distance = 0, direction = 0, Win# 7
2021-08-09 14:34:18,514 - DEBUG - bleak.backends.dotnet.client - Write Characteristic 6e400002-b5a3-f393-e0a9-e50e24dcca9e : bytearray(b'1,2')
2021-08-09 14:34:18,556 - INFO - root - x = 386, y = 72, Radius = 178.28077697753906
2021-08-09 14:34:18,556 - INFO - root - Decision Window: xRange = 386, 399,  yRange = 85, 70
2021-08-09 14:34:18,556 - INFO - root - Distance = 7, direction = 4, Win# 8
2021-08-09 14:34:18,633 - DEBUG - bleak.backends.dotnet.client - Write Characteristic 6e400002-b5a3-f393-e0a9-e50e24dcca9e : bytearray(b'4,0')
2021-08-09 14:34:18,674 - INFO - root - x = 400, y = 70, Radius = 212.650634765625
2021-08-09 14:34:18,674 - INFO - root - Decision Window: xRange = 386, 399,  yRange = 85, 70
2021-08-09 14:34:18,674 - INFO - root - Distance = 5, direction = 3, Win# 8
2021-08-09 14:34:18,754 - DEBUG - bleak.backends.dotnet.client - Write Characteristic 6e400002-b5a3-f393-e0a9-e50e24dcca9e : bytearray(b'3,0')
2021-08-09 14:34:18,770 - INFO - root - x = 410, y = 70, Radius = 223.5364532470703
2021-08-09 14:34:18,770 - INFO - root - Decision Window: xRange = 386, 399,  yRange = 85, 70
2021-08-09 14:34:18,771 - INFO - root - Distance = 13, direction = 2, Win# 8
2021-08-09 14:34:19,053 - DEBUG - bleak.backends.dotnet.client - Write Characteristic 6e400002-b5a3-f393-e0a9-e50e24dcca9e : bytearray(b'2,0')
2021-08-09 14:34:19,090 - INFO - root - x = 454, y = 78, Radius = 188.26919555664062
2021-08-09 14:34:19,090 - INFO - root - Decision Window: xRange = 386, 399,  yRange = 85, 70
2021-08-09 14:34:19,090 - INFO - root - Distance = 0, direction = 0, Win# 8
2021-08-09 14:34:19,474 - DEBUG - bleak.backends.dotnet.client - Write Characteristic 6e400002-b5a3-f393-e0a9-e50e24dcca9e : bytearray(b'1,2')
2021-08-09 14:34:19,507 - INFO - root - x = 465, y = 77, Radius = 202.25860595703125
2021-08-09 14:34:19,507 - INFO - root - Decision Window: xRange = 386, 399,  yRange = 85, 70
2021-08-09 14:34:19,507 - INFO - root - Distance = 0, direction = 0, Win# 8
2021-08-09 14:34:19,714 - DEBUG - bleak.backends.dotnet.client - Write Characteristic 6e400002-b5a3-f393-e0a9-e50e24dcca9e : bytearray(b'1,2')
2021-08-09 14:34:19,753 - INFO - root - x = 441, y = 78, Radius = 175.18714904785156
2021-08-09 14:34:19,754 - INFO - root - Decision Window: xRange = 386, 399,  yRange = 85, 70
2021-08-09 14:34:19,754 - INFO - root - Distance = 0, direction = 0, Win# 8
2021-08-09 14:34:19,954 - DEBUG - bleak.backends.dotnet.client - Write Characteristic 6e400002-b5a3-f393-e0a9-e50e24dcca9e : bytearray(b'1,2')
2021-08-09 14:34:19,989 - INFO - root - x = 444, y = 78, Radius = 169.70941162109375
2021-08-09 14:34:19,989 - INFO - root - Decision Window: xRange = 386, 399,  yRange = 85, 70
2021-08-09 14:34:19,989 - INFO - root - Distance = 0, direction = 0, Win# 8
2021-08-09 14:34:20,073 - DEBUG - bleak.backends.dotnet.client - Write Characteristic 6e400002-b5a3-f393-e0a9-e50e24dcca9e : bytearray(b'1,2')
2021-08-09 14:34:20,111 - INFO - root - x = 461, y = 77, Radius = 201.76048278808594
2021-08-09 14:34:20,111 - INFO - root - Decision Window: xRange = 386, 399,  yRange = 85, 70
2021-08-09 14:34:20,111 - INFO - root - Distance = 0, direction = 0, Win# 8
2021-08-09 14:34:20,193 - DEBUG - bleak.backends.dotnet.client - Write Characteristic 6e400002-b5a3-f393-e0a9-e50e24dcca9e : bytearray(b'1,2')
2021-08-09 14:34:20,223 - INFO - root - x = 146, y = 98, Radius = 101.7104721069336
2021-08-09 14:34:20,224 - INFO - root - Decision Window: xRange = 371, 385,  yRange = 92, 72
2021-08-09 14:34:20,224 - INFO - root - Distance = 225, direction = 4, Win# 9
2021-08-09 14:34:20,314 - DEBUG - bleak.backends.dotnet.client - Write Characteristic 6e400002-b5a3-f393-e0a9-e50e24dcca9e : bytearray(b'4,3')
2021-08-09 14:34:20,345 - INFO - root - x = 145, y = 98, Radius = 101.65269470214844
2021-08-09 14:34:20,345 - INFO - root - Decision Window: xRange = 358, 370,  yRange = 98, 74
2021-08-09 14:34:20,345 - INFO - root - Distance = 213, direction = 4, Win# 10
2021-08-09 14:34:20,433 - DEBUG - bleak.backends.dotnet.client - Write Characteristic 6e400002-b5a3-f393-e0a9-e50e24dcca9e : bytearray(b'4,3')
2021-08-09 14:34:20,456 - INFO - root - x = 469, y = 76, Radius = 207.738525390625
2021-08-09 14:34:20,456 - INFO - root - Decision Window: xRange = 358, 370,  yRange = 98, 74
2021-08-09 14:34:20,456 - INFO - root - Distance = 100, direction = 2, Win# 10
2021-08-09 14:34:20,613 - DEBUG - bleak.backends.dotnet.client - Write Characteristic 6e400002-b5a3-f393-e0a9-e50e24dcca9e : bytearray(b'2,2')
2021-08-09 14:34:20,640 - INFO - root - x = 470, y = 76, Radius = 208.2793731689453
2021-08-09 14:34:20,640 - INFO - root - Decision Window: xRange = 358, 370,  yRange = 98, 74
2021-08-09 14:34:20,640 - INFO - root - Distance = 101, direction = 2, Win# 10
2021-08-09 14:34:20,793 - DEBUG - bleak.backends.dotnet.client - Write Characteristic 6e400002-b5a3-f393-e0a9-e50e24dcca9e : bytearray(b'2,2')
2021-08-09 14:34:20,824 - INFO - root - x = 467, y = 77, Radius = 203.25486755371094
2021-08-09 14:34:20,824 - INFO - root - Decision Window: xRange = 358, 370,  yRange = 98, 74
2021-08-09 14:34:20,824 - INFO - root - Distance = 98, direction = 2, Win# 10
2021-08-09 14:34:21,514 - DEBUG - bleak.backends.dotnet.client - Write Characteristic 6e400002-b5a3-f393-e0a9-e50e24dcca9e : bytearray(b'2,1')
2021-08-09 14:34:21,550 - INFO - root - x = 146, y = 98, Radius = 101.65269470214844
2021-08-09 14:34:21,550 - INFO - root - Decision Window: xRange = 348, 357,  yRange = 112, 75
2021-08-09 14:34:21,550 - INFO - root - Distance = 202, direction = 4, Win# 11
2021-08-09 14:34:21,694 - DEBUG - bleak.backends.dotnet.client - Write Characteristic 6e400002-b5a3-f393-e0a9-e50e24dcca9e : bytearray(b'4,3')
2021-08-09 14:34:21,732 - INFO - root - x = 474, y = 76, Radius = 209.81729125976562
2021-08-09 14:34:21,732 - INFO - root - Decision Window: xRange = 348, 357,  yRange = 112, 75
2021-08-09 14:34:21,732 - INFO - root - Distance = 119, direction = 2, Win# 11
2021-08-09 14:34:21,814 - DEBUG - bleak.backends.dotnet.client - Write Characteristic 6e400002-b5a3-f393-e0a9-e50e24dcca9e : bytearray(b'2,2')
2021-08-09 14:34:21,862 - INFO - root - x = 145, y = 98, Radius = 101.65269470214844
2021-08-09 14:34:21,862 - INFO - root - Decision Window: xRange = 339, 347,  yRange = 125, 90
2021-08-09 14:34:21,862 - INFO - root - Distance = 195, direction = 4, Win# 12
2021-08-09 14:34:21,934 - DEBUG - bleak.backends.dotnet.client - Write Characteristic 6e400002-b5a3-f393-e0a9-e50e24dcca9e : bytearray(b'4,2')
2021-08-09 14:34:21,962 - INFO - root - x = 146, y = 98, Radius = 101.65269470214844
2021-08-09 14:34:21,962 - INFO - root - Decision Window: xRange = 333, 338,  yRange = 146, 106
2021-08-09 14:34:21,962 - INFO - root - Distance = 190, direction = 4, Win# 13
2021-08-09 14:34:22,053 - DEBUG - bleak.backends.dotnet.client - Write Characteristic 6e400002-b5a3-f393-e0a9-e50e24dcca9e : bytearray(b'4,2')
2021-08-09 14:34:22,088 - INFO - root - x = 146, y = 98, Radius = 101.65269470214844
2021-08-09 14:34:22,089 - INFO - root - Decision Window: xRange = 333, 338,  yRange = 146, 106
2021-08-09 14:34:22,089 - INFO - root - Distance = 190, direction = 4, Win# 13
2021-08-09 14:34:22,173 - DEBUG - bleak.backends.dotnet.client - Write Characteristic 6e400002-b5a3-f393-e0a9-e50e24dcca9e : bytearray(b'4,2')
2021-08-09 14:34:22,210 - INFO - root - x = 467, y = 77, Radius = 202.25860595703125
2021-08-09 14:34:22,210 - INFO - root - Decision Window: xRange = 333, 338,  yRange = 146, 106
2021-08-09 14:34:22,210 - INFO - root - Distance = 137, direction = 2, Win# 13
2021-08-09 14:34:22,474 - DEBUG - bleak.backends.dotnet.client - Write Characteristic 6e400002-b5a3-f393-e0a9-e50e24dcca9e : bytearray(b'2,2')
2021-08-09 14:34:22,509 - INFO - root - x = 466, y = 77, Radius = 203.25486755371094
2021-08-09 14:34:22,509 - INFO - root - Decision Window: xRange = 333, 338,  yRange = 146, 106
2021-08-09 14:34:22,509 - INFO - root - Distance = 136, direction = 2, Win# 13
2021-08-09 14:34:22,594 - DEBUG - bleak.backends.dotnet.client - Write Characteristic 6e400002-b5a3-f393-e0a9-e50e24dcca9e : bytearray(b'2,2')
2021-08-09 14:34:22,625 - INFO - root - x = 466, y = 77, Radius = 207.2403106689453
2021-08-09 14:34:22,625 - INFO - root - Decision Window: xRange = 333, 338,  yRange = 146, 106
2021-08-09 14:34:22,625 - INFO - root - Distance = 136, direction = 2, Win# 13
2021-08-09 14:34:22,894 - DEBUG - bleak.backends.dotnet.client - Write Characteristic 6e400002-b5a3-f393-e0a9-e50e24dcca9e : bytearray(b'2,2')
2021-08-09 14:34:22,935 - INFO - root - x = 469, y = 77, Radius = 209.77378845214844
2021-08-09 14:34:22,935 - INFO - root - Decision Window: xRange = 333, 338,  yRange = 146, 106
2021-08-09 14:34:22,935 - INFO - root - Distance = 139, direction = 2, Win# 13
2021-08-09 14:34:23,073 - DEBUG - bleak.backends.dotnet.client - Write Characteristic 6e400002-b5a3-f393-e0a9-e50e24dcca9e : bytearray(b'2,2')
2021-08-09 14:34:23,091 - INFO - root - x = 469, y = 77, Radius = 202.75672912597656
2021-08-09 14:34:23,091 - INFO - root - Decision Window: xRange = 333, 338,  yRange = 146, 106
2021-08-09 14:34:23,091 - INFO - root - Distance = 139, direction = 2, Win# 13
2021-08-09 14:34:23,254 - DEBUG - bleak.backends.dotnet.client - Write Characteristic 6e400002-b5a3-f393-e0a9-e50e24dcca9e : bytearray(b'2,2')
2021-08-09 14:34:23,291 - INFO - root - x = 144, y = 98, Radius = 101.65269470214844
2021-08-09 14:34:23,292 - INFO - root - Decision Window: xRange = 333, 338,  yRange = 146, 106
2021-08-09 14:34:23,292 - INFO - root - Distance = 192, direction = 4, Win# 13
2021-08-09 14:34:23,373 - DEBUG - bleak.backends.dotnet.client - Write Characteristic 6e400002-b5a3-f393-e0a9-e50e24dcca9e : bytearray(b'4,2')
2021-08-09 14:34:23,414 - INFO - root - x = 466, y = 77, Radius = 207.738525390625
2021-08-09 14:34:23,414 - INFO - root - Decision Window: xRange = 333, 338,  yRange = 146, 106
2021-08-09 14:34:23,414 - INFO - root - Distance = 136, direction = 2, Win# 13
2021-08-09 14:34:23,493 - DEBUG - bleak.backends.dotnet.client - Write Characteristic 6e400002-b5a3-f393-e0a9-e50e24dcca9e : bytearray(b'2,2')
2021-08-09 14:34:23,509 - INFO - root - x = 469, y = 77, Radius = 208.23675537109375
2021-08-09 14:34:23,509 - INFO - root - Decision Window: xRange = 333, 338,  yRange = 146, 106
2021-08-09 14:34:23,509 - INFO - root - Distance = 139, direction = 2, Win# 13
2021-08-09 14:34:23,734 - DEBUG - bleak.backends.dotnet.client - Write Characteristic 6e400002-b5a3-f393-e0a9-e50e24dcca9e : bytearray(b'2,2')
2021-08-09 14:34:23,770 - INFO - root - x = 469, y = 77, Radius = 209.27565002441406
2021-08-09 14:34:23,770 - INFO - root - Decision Window: xRange = 333, 338,  yRange = 146, 106
2021-08-09 14:34:23,770 - INFO - root - Distance = 139, direction = 2, Win# 13
2021-08-09 14:34:23,854 - DEBUG - bleak.backends.dotnet.client - Write Characteristic 6e400002-b5a3-f393-e0a9-e50e24dcca9e : bytearray(b'2,2')
2021-08-09 14:34:23,894 - INFO - root - x = 470, y = 77, Radius = 207.78123474121094
2021-08-09 14:34:23,894 - INFO - root - Decision Window: xRange = 333, 338,  yRange = 146, 106
2021-08-09 14:34:23,894 - INFO - root - Distance = 140, direction = 2, Win# 13
2021-08-09 14:34:24,154 - DEBUG - bleak.backends.dotnet.client - Write Characteristic 6e400002-b5a3-f393-e0a9-e50e24dcca9e : bytearray(b'2,2')
2021-08-09 14:34:24,184 - INFO - root - x = 468, y = 77, Radius = 198.31866455078125
2021-08-09 14:34:24,184 - INFO - root - Decision Window: xRange = 333, 338,  yRange = 146, 106
2021-08-09 14:34:24,184 - INFO - root - Distance = 138, direction = 2, Win# 13
2021-08-09 14:34:24,273 - DEBUG - bleak.backends.dotnet.client - Write Characteristic 6e400002-b5a3-f393-e0a9-e50e24dcca9e : bytearray(b'2,2')
2021-08-09 14:34:24,294 - INFO - root - x = 468, y = 77, Radius = 200.7213134765625
2021-08-09 14:34:24,294 - INFO - root - Decision Window: xRange = 333, 338,  yRange = 146, 106
2021-08-09 14:34:24,294 - INFO - root - Distance = 138, direction = 2, Win# 13
2021-08-09 14:34:24,393 - DEBUG - bleak.backends.dotnet.client - Write Characteristic 6e400002-b5a3-f393-e0a9-e50e24dcca9e : bytearray(b'2,2')
2021-08-09 14:34:24,431 - INFO - root - x = 455, y = 78, Radius = 189.26513671875
2021-08-09 14:34:24,431 - INFO - root - Decision Window: xRange = 333, 338,  yRange = 146, 106
2021-08-09 14:34:24,431 - INFO - root - Distance = 126, direction = 2, Win# 13
2021-08-09 14:34:24,573 - DEBUG - bleak.backends.dotnet.client - Write Characteristic 6e400002-b5a3-f393-e0a9-e50e24dcca9e : bytearray(b'2,2')
2021-08-09 14:34:24,615 - INFO - root - x = 467, y = 77, Radius = 200.76426696777344
2021-08-09 14:34:24,615 - INFO - root - Decision Window: xRange = 333, 338,  yRange = 146, 106
2021-08-09 14:34:24,615 - INFO - root - Distance = 137, direction = 2, Win# 13
2021-08-09 14:34:24,754 - DEBUG - bleak.backends.dotnet.client - Write Characteristic 6e400002-b5a3-f393-e0a9-e50e24dcca9e : bytearray(b'2,2')
2021-08-09 14:34:24,783 - INFO - root - x = 465, y = 77, Radius = 202.25860595703125
2021-08-09 14:34:24,784 - INFO - root - Decision Window: xRange = 333, 338,  yRange = 146, 106
2021-08-09 14:34:24,784 - INFO - root - Distance = 136, direction = 2, Win# 13
2021-08-09 14:34:24,874 - DEBUG - bleak.backends.dotnet.client - Write Characteristic 6e400002-b5a3-f393-e0a9-e50e24dcca9e : bytearray(b'2,2')
2021-08-09 14:34:24,908 - INFO - root - x = 472, y = 76, Radius = 209.77378845214844
2021-08-09 14:34:24,908 - INFO - root - Decision Window: xRange = 333, 338,  yRange = 146, 106
2021-08-09 14:34:24,908 - INFO - root - Distance = 142, direction = 2, Win# 13
2021-08-09 14:34:25,294 - DEBUG - bleak.backends.dotnet.client - Write Characteristic 6e400002-b5a3-f393-e0a9-e50e24dcca9e : bytearray(b'2,2')
2021-08-09 14:34:25,329 - INFO - root - x = 469, y = 77, Radius = 202.7141876220703
2021-08-09 14:34:25,329 - INFO - root - Decision Window: xRange = 333, 338,  yRange = 146, 106
2021-08-09 14:34:25,329 - INFO - root - Distance = 139, direction = 2, Win# 13
2021-08-09 14:34:25,534 - DEBUG - bleak.backends.dotnet.client - Write Characteristic 6e400002-b5a3-f393-e0a9-e50e24dcca9e : bytearray(b'2,2')
2021-08-09 14:34:25,570 - INFO - root - x = 146, y = 98, Radius = 101.65269470214844
2021-08-09 14:34:25,571 - INFO - root - Decision Window: xRange = 333, 338,  yRange = 146, 106
2021-08-09 14:34:25,571 - INFO - root - Distance = 190, direction = 4, Win# 13
2021-08-09 14:34:25,654 - DEBUG - bleak.backends.dotnet.client - Write Characteristic 6e400002-b5a3-f393-e0a9-e50e24dcca9e : bytearray(b'4,2')
2021-08-09 14:34:25,696 - INFO - root - x = 464, y = 77, Radius = 203.25486755371094
2021-08-09 14:34:25,696 - INFO - root - Decision Window: xRange = 333, 338,  yRange = 146, 106
2021-08-09 14:34:25,696 - INFO - root - Distance = 135, direction = 2, Win# 13
2021-08-09 14:34:25,834 - DEBUG - bleak.backends.dotnet.client - Write Characteristic 6e400002-b5a3-f393-e0a9-e50e24dcca9e : bytearray(b'2,2')
2021-08-09 14:34:25,863 - INFO - root - x = 145, y = 98, Radius = 101.65269470214844
2021-08-09 14:34:25,863 - INFO - root - Decision Window: xRange = 333, 338,  yRange = 146, 106
2021-08-09 14:34:25,863 - INFO - root - Distance = 191, direction = 4, Win# 13
2021-08-09 14:34:25,954 - DEBUG - bleak.backends.dotnet.client - Write Characteristic 6e400002-b5a3-f393-e0a9-e50e24dcca9e : bytearray(b'4,2')
2021-08-09 14:34:25,978 - INFO - root - x = 464, y = 77, Radius = 203.25486755371094
2021-08-09 14:34:25,978 - INFO - root - Decision Window: xRange = 333, 338,  yRange = 146, 106
2021-08-09 14:34:25,978 - INFO - root - Distance = 135, direction = 2, Win# 13
2021-08-09 14:34:26,074 - DEBUG - bleak.backends.dotnet.client - Write Characteristic 6e400002-b5a3-f393-e0a9-e50e24dcca9e : bytearray(b'2,2')
2021-08-09 14:34:26,111 - INFO - root - x = 474, y = 76, Radius = 208.77749633789062
2021-08-09 14:34:26,111 - INFO - root - Decision Window: xRange = 333, 338,  yRange = 146, 106
2021-08-09 14:34:26,111 - INFO - root - Distance = 144, direction = 2, Win# 13
2021-08-09 14:34:26,253 - DEBUG - bleak.backends.dotnet.client - Write Characteristic 6e400002-b5a3-f393-e0a9-e50e24dcca9e : bytearray(b'2,2')
2021-08-09 14:34:26,295 - INFO - root - x = 471, y = 76, Radius = 206.78501892089844
2021-08-09 14:34:26,295 - INFO - root - Decision Window: xRange = 333, 338,  yRange = 146, 106
2021-08-09 14:34:26,295 - INFO - root - Distance = 142, direction = 2, Win# 13
2021-08-09 14:34:26,434 - DEBUG - bleak.backends.dotnet.client - Write Characteristic 6e400002-b5a3-f393-e0a9-e50e24dcca9e : bytearray(b'2,2')
2021-08-09 14:34:26,466 - INFO - root - x = 465, y = 77, Radius = 201.80447387695312
2021-08-09 14:34:26,466 - INFO - root - Decision Window: xRange = 333, 338,  yRange = 146, 106
2021-08-09 14:34:26,466 - INFO - root - Distance = 136, direction = 2, Win# 13
2021-08-09 14:34:26,613 - DEBUG - bleak.backends.dotnet.client - Write Characteristic 6e400002-b5a3-f393-e0a9-e50e24dcca9e : bytearray(b'2,2')
2021-08-09 14:34:26,651 - INFO - root - x = 469, y = 77, Radius = 207.2831268310547
2021-08-09 14:34:26,651 - INFO - root - Decision Window: xRange = 333, 338,  yRange = 146, 106
2021-08-09 14:34:26,651 - INFO - root - Distance = 139, direction = 2, Win# 13
2021-08-09 14:34:26,794 - DEBUG - bleak.backends.dotnet.client - Write Characteristic 6e400002-b5a3-f393-e0a9-e50e24dcca9e : bytearray(b'2,2')
2021-08-09 14:34:26,836 - INFO - root - x = 466, y = 77, Radius = 206.243896484375
2021-08-09 14:34:26,836 - INFO - root - Decision Window: xRange = 333, 338,  yRange = 146, 106
2021-08-09 14:34:26,837 - INFO - root - Distance = 136, direction = 2, Win# 13
2021-08-09 14:34:26,914 - DEBUG - bleak.backends.dotnet.client - Write Characteristic 6e400002-b5a3-f393-e0a9-e50e24dcca9e : bytearray(b'2,2')
2021-08-09 14:34:26,946 - INFO - root - x = 466, y = 77, Radius = 199.72491455078125
2021-08-09 14:34:26,946 - INFO - root - Decision Window: xRange = 333, 338,  yRange = 146, 106
2021-08-09 14:34:26,946 - INFO - root - Distance = 136, direction = 2, Win# 13
2021-08-09 14:34:27,154 - DEBUG - bleak.backends.dotnet.client - Write Characteristic 6e400002-b5a3-f393-e0a9-e50e24dcca9e : bytearray(b'2,2')
2021-08-09 14:34:27,177 - INFO - root - x = 469, y = 77, Radius = 206.78501892089844
2021-08-09 14:34:27,177 - INFO - root - Decision Window: xRange = 333, 338,  yRange = 146, 106
2021-08-09 14:34:27,177 - INFO - root - Distance = 139, direction = 2, Win# 13
2021-08-09 14:34:27,274 - DEBUG - bleak.backends.dotnet.client - Write Characteristic 6e400002-b5a3-f393-e0a9-e50e24dcca9e : bytearray(b'2,2')
2021-08-09 14:34:27,316 - INFO - root - x = 471, y = 76, Radius = 207.2831268310547
2021-08-09 14:34:27,316 - INFO - root - Decision Window: xRange = 333, 338,  yRange = 146, 106
2021-08-09 14:34:27,316 - INFO - root - Distance = 142, direction = 2, Win# 13
2021-08-09 14:34:27,454 - DEBUG - bleak.backends.dotnet.client - Write Characteristic 6e400002-b5a3-f393-e0a9-e50e24dcca9e : bytearray(b'2,2')
2021-08-09 14:34:27,485 - INFO - root - x = 144, y = 98, Radius = 101.7104721069336
2021-08-09 14:34:27,485 - INFO - root - Decision Window: xRange = 333, 338,  yRange = 146, 106
2021-08-09 14:34:27,485 - INFO - root - Distance = 192, direction = 4, Win# 13
2021-08-09 14:34:27,573 - DEBUG - bleak.backends.dotnet.client - Write Characteristic 6e400002-b5a3-f393-e0a9-e50e24dcca9e : bytearray(b'4,2')
2021-08-09 14:34:27,596 - INFO - root - x = 467, y = 77, Radius = 208.77749633789062
2021-08-09 14:34:27,596 - INFO - root - Decision Window: xRange = 333, 338,  yRange = 146, 106
2021-08-09 14:34:27,596 - INFO - root - Distance = 137, direction = 2, Win# 13
2021-08-09 14:34:27,874 - DEBUG - bleak.backends.dotnet.client - Write Characteristic 6e400002-b5a3-f393-e0a9-e50e24dcca9e : bytearray(b'2,2')
2021-08-09 14:34:27,904 - INFO - root - x = 458, y = 77, Radius = 194.78781127929688
2021-08-09 14:34:27,904 - INFO - root - Decision Window: xRange = 333, 338,  yRange = 146, 106
2021-08-09 14:34:27,904 - INFO - root - Distance = 129, direction = 2, Win# 13
2021-08-09 14:34:28,354 - DEBUG - bleak.backends.dotnet.client - Write Characteristic 6e400002-b5a3-f393-e0a9-e50e24dcca9e : bytearray(b'2,2')
2021-08-09 14:34:29,639 - INFO - root - x = 465, y = 77, Radius = 203.75302124023438
2021-08-09 14:34:29,640 - INFO - root - Decision Window: xRange = 333, 338,  yRange = 146, 106
2021-08-09 14:34:29,640 - INFO - root - Distance = 136, direction = 2, Win# 13
2021-08-09 14:34:29,854 - DEBUG - bleak.backends.dotnet.client - Write Characteristic 6e400002-b5a3-f393-e0a9-e50e24dcca9e : bytearray(b'2,2')
2021-08-09 14:34:29,899 - INFO - root - x = 468, y = 77, Radius = 205.2475128173828
2021-08-09 14:34:29,899 - INFO - root - Decision Window: xRange = 333, 338,  yRange = 146, 106
2021-08-09 14:34:29,899 - INFO - root - Distance = 138, direction = 2, Win# 13
2021-08-09 14:34:30,034 - DEBUG - bleak.backends.dotnet.client - Write Characteristic 6e400002-b5a3-f393-e0a9-e50e24dcca9e : bytearray(b'2,2')
2021-08-09 14:34:30,063 - INFO - root - x = 145, y = 98, Radius = 101.65269470214844
2021-08-09 14:34:30,063 - INFO - root - Decision Window: xRange = 333, 338,  yRange = 146, 106
2021-08-09 14:34:30,063 - INFO - root - Distance = 191, direction = 4, Win# 13
