2021-08-24 06:43:38,751 - INFO - root - 


2021-08-24 06:43:38,751 - INFO - root - PROGRAM BEGINS
2021-08-24 06:43:46,843 - INFO - root - Image: circle_image_Excel.xlsx
2021-08-24 06:43:47,735 - DEBUG - asyncio - Using proactor: IocpProactor
2021-08-24 06:43:47,783 - DEBUG - bleak.backends.dotnet.scanner - Received 3F:4D:6C:C6:F2:5D: Unknown.
2021-08-24 06:43:47,904 - DEBUG - bleak.backends.dotnet.scanner - Received FA:B4:6A:30:5B:CF: Unknown.
2021-08-24 06:43:48,023 - DEBUG - bleak.backends.dotnet.scanner - Received 51:E4:9C:7A:B6:12: Unknown.
2021-08-24 06:43:48,024 - DEBUG - bleak.backends.dotnet.scanner - Received 51:E4:9C:7A:B6:12: Unknown.
2021-08-24 06:43:48,382 - DEBUG - bleak.backends.dotnet.scanner - Received 50:EA:8B:CD:8D:D5: Unknown.
2021-08-24 06:43:48,507 - DEBUG - bleak.backends.dotnet.scanner - Received 3F:4D:6C:C6:F2:5D: Unknown.
2021-08-24 06:43:48,725 - DEBUG - bleak.backends.dotnet.scanner - Received CC:D2:81:7A:31:C7: Unknown.
2021-08-24 06:43:48,725 - DEBUG - bleak.backends.dotnet.scanner - Received CC:D2:81:7A:31:C7: Unknown.
2021-08-24 06:43:48,856 - DEBUG - bleak.backends.dotnet.scanner - Received 51:E4:9C:7A:B6:12: Unknown.
2021-08-24 06:43:48,857 - DEBUG - bleak.backends.dotnet.scanner - Received 51:E4:9C:7A:B6:12: Unknown.
2021-08-24 06:43:48,959 - DEBUG - bleak.backends.dotnet.scanner - Received 38:68:A4:0D:FE:EB: Unknown.
2021-08-24 06:43:49,115 - DEBUG - bleak.backends.dotnet.scanner - Received 38:68:A4:0D:FE:EB: Unknown.
2021-08-24 06:43:49,568 - DEBUG - bleak.backends.dotnet.scanner - Received 38:68:A4:0D:FE:EB: Unknown.
2021-08-24 06:43:49,676 - DEBUG - bleak.backends.dotnet.scanner - Received 50:EA:8B:CD:8D:D5: Unknown.
2021-08-24 06:43:49,788 - DEBUG - bleak.backends.dotnet.scanner - Received 3F:4D:6C:C6:F2:5D: Unknown.
2021-08-24 06:43:49,917 - DEBUG - bleak.backends.dotnet.scanner - Received 42:E4:8A:B9:3C:4C: Unknown.
2021-08-24 06:43:50,153 - DEBUG - bleak.backends.dotnet.scanner - Received 3F:4D:6C:C6:F2:5D: Unknown.
2021-08-24 06:43:50,510 - DEBUG - bleak.backends.dotnet.scanner - Received 51:E4:9C:7A:B6:12: Unknown.
2021-08-24 06:43:50,510 - DEBUG - bleak.backends.dotnet.scanner - Received 51:E4:9C:7A:B6:12: Unknown.
2021-08-24 06:43:50,737 - DEBUG - bleak.backends.dotnet.scanner - Received CC:D2:81:7A:31:C7: Unknown.
2021-08-24 06:43:51,104 - DEBUG - bleak.backends.dotnet.scanner - Received CC:D2:81:7A:31:C7: Unknown.
2021-08-24 06:43:51,104 - DEBUG - bleak.backends.dotnet.scanner - Received CC:D2:81:7A:31:C7: Unknown.
2021-08-24 06:43:51,212 - DEBUG - bleak.backends.dotnet.scanner - Received 42:E4:8A:B9:3C:4C: Unknown.
2021-08-24 06:43:51,485 - DEBUG - bleak.backends.dotnet.scanner - Received 50:EA:8B:CD:8D:D5: Unknown.
2021-08-24 06:43:51,558 - DEBUG - bleak.backends.dotnet.scanner - Received 2B:B8:DF:4B:4C:FC: Unknown.
2021-08-24 06:43:51,798 - DEBUG - bleak.backends.dotnet.scanner - Received 3F:4D:6C:C6:F2:5D: Unknown.
2021-08-24 06:43:51,920 - DEBUG - bleak.backends.dotnet.scanner - Received 38:68:A4:0D:FE:EB: Unknown.
2021-08-24 06:43:52,153 - DEBUG - bleak.backends.dotnet.scanner - Received 41:F3:62:B3:51:5F: Unknown.
2021-08-24 06:43:52,154 - DEBUG - bleak.backends.dotnet.scanner - Received 41:F3:62:B3:51:5F: Unknown.
2021-08-24 06:43:52,273 - DEBUG - bleak.backends.dotnet.scanner - Received FA:B4:6A:30:5B:CF: Unknown.
2021-08-24 06:43:52,388 - DEBUG - bleak.backends.dotnet.scanner - Received 38:68:A4:0D:FE:EB: Unknown.
2021-08-24 06:43:52,518 - DEBUG - bleak.backends.dotnet.scanner - Received 64:3C:92:02:40:D0: Unknown.
2021-08-24 06:43:52,519 - DEBUG - bleak.backends.dotnet.scanner - Received 64:3C:92:02:40:D0: Unknown.
2021-08-24 06:43:52,862 - DEBUG - bleak.backends.dotnet.scanner - Received 38:68:A4:0D:FE:EB: Unknown.
2021-08-24 06:43:52,979 - DEBUG - bleak.backends.dotnet.scanner - Received 51:E4:9C:7A:B6:12: Unknown.
2021-08-24 06:43:52,980 - DEBUG - bleak.backends.dotnet.scanner - Received 51:E4:9C:7A:B6:12: Unknown.
2021-08-24 06:43:53,333 - DEBUG - bleak.backends.dotnet.scanner - Received 64:3C:92:02:40:D0: Unknown.
2021-08-24 06:43:53,333 - DEBUG - bleak.backends.dotnet.scanner - Received 64:3C:92:02:40:D0: Unknown.
2021-08-24 06:43:53,450 - DEBUG - bleak.backends.dotnet.scanner - Received 3F:4D:6C:C6:F2:5D: Unknown.
2021-08-24 06:43:53,812 - DEBUG - bleak.backends.dotnet.scanner - Received 3F:4D:6C:C6:F2:5D: Unknown.
2021-08-24 06:43:54,418 - DEBUG - bleak.backends.dotnet.scanner - Received 64:3C:92:02:40:D0: Unknown.
2021-08-24 06:43:54,418 - DEBUG - bleak.backends.dotnet.scanner - Received 64:3C:92:02:40:D0: Unknown.
2021-08-24 06:43:54,646 - DEBUG - bleak.backends.dotnet.scanner - Received 41:F3:62:B3:51:5F: Unknown.
2021-08-24 06:43:54,647 - DEBUG - bleak.backends.dotnet.scanner - Received 41:F3:62:B3:51:5F: Unknown.
2021-08-24 06:43:54,757 - DEBUG - bleak.backends.dotnet.scanner - Received 7C:9E:BD:EE:7A:82: Haptic Sleeve ML.
2021-08-24 06:43:54,757 - DEBUG - bleak.backends.dotnet.scanner - Received 7C:9E:BD:EE:7A:82: Unknown.
2021-08-24 06:43:54,758 - DEBUG - bleak.backends.dotnet.scanner - 11 devices found. Watcher status: 3.
2021-08-24 06:43:54,758 - DEBUG - bleak.backends.dotnet.client - Connecting to BLE device @ 7c:9e:bd:ee:7a:82
2021-08-24 06:43:58,305 - DEBUG - bleak.backends.dotnet.client - _ConnectionStatusChanged_Handler: 1
2021-08-24 06:43:58,305 - DEBUG - bleak.backends.dotnet.client - Get Services...
2021-08-24 06:43:58,357 - INFO - bleak.backends.dotnet.client - Services resolved for BleakClientDotNet (7c:9e:bd:ee:7a:82)
2021-08-24 06:44:02,429 - INFO - root - x = 389, y = 119, Radius = 106.69178009033203
2021-08-24 06:44:02,429 - INFO - root - Decision Window: xRange = 369, 386,  yRange = 149, 106
2021-08-24 06:44:02,429 - INFO - root - Next Decision Window: xRange = 349, 368,  yRange = 147, 123
2021-08-24 06:44:02,429 - INFO - root - Distance = 34.88552708502482, direction = 2, Win# 1
2021-08-24 06:44:02,535 - DEBUG - bleak.backends.dotnet.client - Write Characteristic 6e400002-b5a3-f393-e0a9-e50e24dcca9e : bytearray(b'2,0')
2021-08-24 06:44:02,577 - INFO - root - x = 415, y = 120, Radius = 137.5873565673828
2021-08-24 06:44:02,578 - INFO - root - Decision Window: xRange = 369, 386,  yRange = 149, 106
2021-08-24 06:44:02,578 - INFO - root - Next Decision Window: xRange = 349, 368,  yRange = 147, 123
2021-08-24 06:44:02,578 - INFO - root - Distance = 58.9406481131655, direction = 2, Win# 1
2021-08-24 06:44:02,654 - DEBUG - bleak.backends.dotnet.client - Write Characteristic 6e400002-b5a3-f393-e0a9-e50e24dcca9e : bytearray(b'2,1')
2021-08-24 06:44:02,701 - INFO - root - x = 428, y = 117, Radius = 134.7081298828125
2021-08-24 06:44:02,702 - INFO - root - Decision Window: xRange = 369, 386,  yRange = 149, 106
2021-08-24 06:44:02,702 - INFO - root - Next Decision Window: xRange = 349, 368,  yRange = 147, 123
2021-08-24 06:44:02,702 - INFO - root - Distance = 72.27724399837061, direction = 2, Win# 1
2021-08-24 06:44:02,774 - DEBUG - bleak.backends.dotnet.client - Write Characteristic 6e400002-b5a3-f393-e0a9-e50e24dcca9e : bytearray(b'2,1')
2021-08-24 06:44:02,809 - INFO - root - x = 431, y = 121, Radius = 141.90235900878906
2021-08-24 06:44:02,809 - INFO - root - Decision Window: xRange = 369, 386,  yRange = 149, 106
2021-08-24 06:44:02,809 - INFO - root - Next Decision Window: xRange = 349, 368,  yRange = 147, 123
2021-08-24 06:44:02,809 - INFO - root - Distance = 74.33034373659252, direction = 2, Win# 1
2021-08-24 06:44:02,894 - DEBUG - bleak.backends.dotnet.client - Write Characteristic 6e400002-b5a3-f393-e0a9-e50e24dcca9e : bytearray(b'2,1')
2021-08-24 06:44:02,932 - INFO - root - x = 424, y = 119, Radius = 137.56918334960938
2021-08-24 06:44:02,932 - INFO - root - Decision Window: xRange = 369, 386,  yRange = 149, 106
2021-08-24 06:44:02,932 - INFO - root - Next Decision Window: xRange = 349, 368,  yRange = 147, 123
2021-08-24 06:44:02,932 - INFO - root - Distance = 67.91170738539859, direction = 2, Win# 1
2021-08-24 06:44:03,014 - DEBUG - bleak.backends.dotnet.client - Write Characteristic 6e400002-b5a3-f393-e0a9-e50e24dcca9e : bytearray(b'2,1')
2021-08-24 06:44:03,055 - INFO - root - x = 384, y = 114, Radius = 105.3590087890625
2021-08-24 06:44:03,056 - INFO - root - Decision Window: xRange = 369, 386,  yRange = 149, 106
2021-08-24 06:44:03,056 - INFO - root - Next Decision Window: xRange = 349, 368,  yRange = 147, 123
2021-08-24 06:44:03,056 - INFO - root - Distance = 33.421549934136806, direction = 2, Win# 1
2021-08-24 06:44:03,134 - DEBUG - bleak.backends.dotnet.client - Write Characteristic 6e400002-b5a3-f393-e0a9-e50e24dcca9e : bytearray(b'2,0')
2021-08-24 06:44:03,180 - INFO - root - x = 360, y = 119, Radius = 112.85066223144531
2021-08-24 06:44:03,180 - INFO - root - Decision Window: xRange = 369, 386,  yRange = 149, 106
2021-08-24 06:44:03,180 - INFO - root - Next Decision Window: xRange = 349, 368,  yRange = 147, 123
2021-08-24 06:44:03,180 - INFO - root - Distance = 16.1245154965971, direction = 3, Win# 1
2021-08-24 06:44:03,254 - DEBUG - bleak.backends.dotnet.client - Write Characteristic 6e400002-b5a3-f393-e0a9-e50e24dcca9e : bytearray(b'3,0')
2021-08-24 06:44:03,292 - INFO - root - x = 357, y = 123, Radius = 130.1250457763672
2021-08-24 06:44:03,292 - INFO - root - Decision Window: xRange = 349, 368,  yRange = 147, 123
2021-08-24 06:44:03,292 - INFO - root - Next Decision Window: xRange = 330, 348,  yRange = 152, 129
2021-08-24 06:44:03,292 - INFO - root - Distance = 0, direction = 3, Win# 2
2021-08-24 06:44:03,374 - DEBUG - bleak.backends.dotnet.client - Write Characteristic 6e400002-b5a3-f393-e0a9-e50e24dcca9e : bytearray(b'3,0')
2021-08-24 06:44:03,412 - INFO - root - x = 341, y = 120, Radius = 108.63365936279297
2021-08-24 06:44:03,412 - INFO - root - Decision Window: xRange = 349, 368,  yRange = 147, 123
2021-08-24 06:44:03,412 - INFO - root - Next Decision Window: xRange = 330, 348,  yRange = 152, 129
2021-08-24 06:44:03,412 - INFO - root - Distance = 20.09975124224178, direction = 3, Win# 2
2021-08-24 06:44:03,494 - DEBUG - bleak.backends.dotnet.client - Write Characteristic 6e400002-b5a3-f393-e0a9-e50e24dcca9e : bytearray(b'3,0')
2021-08-24 06:44:03,536 - INFO - root - x = 340, y = 122, Radius = 104.93878936767578
2021-08-24 06:44:03,536 - INFO - root - Decision Window: xRange = 349, 368,  yRange = 147, 123
2021-08-24 06:44:03,536 - INFO - root - Next Decision Window: xRange = 330, 348,  yRange = 152, 129
2021-08-24 06:44:03,536 - INFO - root - Distance = 18.027756377319946, direction = 3, Win# 2
2021-08-24 06:44:03,614 - DEBUG - bleak.backends.dotnet.client - Write Characteristic 6e400002-b5a3-f393-e0a9-e50e24dcca9e : bytearray(b'3,0')
2021-08-24 06:44:03,659 - INFO - root - x = 345, y = 120, Radius = 106.8001480102539
2021-08-24 06:44:03,659 - INFO - root - Decision Window: xRange = 349, 368,  yRange = 147, 123
2021-08-24 06:44:03,659 - INFO - root - Next Decision Window: xRange = 330, 348,  yRange = 152, 129
2021-08-24 06:44:03,659 - INFO - root - Distance = 20.8806130178211, direction = 3, Win# 2
2021-08-24 06:44:03,734 - DEBUG - bleak.backends.dotnet.client - Write Characteristic 6e400002-b5a3-f393-e0a9-e50e24dcca9e : bytearray(b'3,0')
2021-08-24 06:44:03,783 - INFO - root - x = 355, y = 121, Radius = 109.25324249267578
2021-08-24 06:44:03,783 - INFO - root - Decision Window: xRange = 349, 368,  yRange = 147, 123
2021-08-24 06:44:03,783 - INFO - root - Next Decision Window: xRange = 330, 348,  yRange = 152, 129
2021-08-24 06:44:03,783 - INFO - root - Distance = 24.839484696748443, direction = 3, Win# 2
2021-08-24 06:44:03,854 - DEBUG - bleak.backends.dotnet.client - Write Characteristic 6e400002-b5a3-f393-e0a9-e50e24dcca9e : bytearray(b'3,0')
2021-08-24 06:44:03,891 - INFO - root - x = 363, y = 124, Radius = 111.61663055419922
2021-08-24 06:44:03,891 - INFO - root - Decision Window: xRange = 349, 368,  yRange = 147, 123
2021-08-24 06:44:03,891 - INFO - root - Next Decision Window: xRange = 330, 348,  yRange = 152, 129
2021-08-24 06:44:03,891 - INFO - root - Distance = 28.844410203711913, direction = 2, Win# 2
2021-08-24 06:44:03,974 - DEBUG - bleak.backends.dotnet.client - Write Characteristic 6e400002-b5a3-f393-e0a9-e50e24dcca9e : bytearray(b'2,0')
2021-08-24 06:44:04,015 - INFO - root - x = 363, y = 122, Radius = 113.40424346923828
2021-08-24 06:44:04,015 - INFO - root - Decision Window: xRange = 349, 368,  yRange = 147, 123
2021-08-24 06:44:04,015 - INFO - root - Next Decision Window: xRange = 330, 348,  yRange = 152, 129
2021-08-24 06:44:04,015 - INFO - root - Distance = 30.0, direction = 2, Win# 2
2021-08-24 06:44:04,094 - DEBUG - bleak.backends.dotnet.client - Write Characteristic 6e400002-b5a3-f393-e0a9-e50e24dcca9e : bytearray(b'2,0')
2021-08-24 06:44:04,139 - INFO - root - x = 365, y = 125, Radius = 111.8660888671875
2021-08-24 06:44:04,139 - INFO - root - Decision Window: xRange = 349, 368,  yRange = 147, 123
2021-08-24 06:44:04,139 - INFO - root - Next Decision Window: xRange = 330, 348,  yRange = 152, 129
2021-08-24 06:44:04,139 - INFO - root - Distance = 30.01666203960727, direction = 2, Win# 2
2021-08-24 06:44:04,214 - DEBUG - bleak.backends.dotnet.client - Write Characteristic 6e400002-b5a3-f393-e0a9-e50e24dcca9e : bytearray(b'2,0')
2021-08-24 06:44:04,262 - INFO - root - x = 367, y = 127, Radius = 115.02726745605469
2021-08-24 06:44:04,262 - INFO - root - Decision Window: xRange = 349, 368,  yRange = 147, 123
2021-08-24 06:44:04,262 - INFO - root - Next Decision Window: xRange = 330, 348,  yRange = 152, 129
2021-08-24 06:44:04,262 - INFO - root - Distance = 30.870698080866262, direction = 2, Win# 2
2021-08-24 06:44:04,334 - DEBUG - bleak.backends.dotnet.client - Write Characteristic 6e400002-b5a3-f393-e0a9-e50e24dcca9e : bytearray(b'2,0')
2021-08-24 06:44:04,370 - INFO - root - x = 370, y = 127, Radius = 113.31603240966797
2021-08-24 06:44:04,371 - INFO - root - Decision Window: xRange = 349, 368,  yRange = 147, 123
2021-08-24 06:44:04,371 - INFO - root - Next Decision Window: xRange = 330, 348,  yRange = 152, 129
2021-08-24 06:44:04,371 - INFO - root - Distance = 33.61547262794322, direction = 2, Win# 2
2021-08-24 06:44:04,454 - DEBUG - bleak.backends.dotnet.client - Write Characteristic 6e400002-b5a3-f393-e0a9-e50e24dcca9e : bytearray(b'2,0')
2021-08-24 06:44:04,494 - INFO - root - x = 368, y = 128, Radius = 114.35590362548828
2021-08-24 06:44:04,494 - INFO - root - Decision Window: xRange = 349, 368,  yRange = 147, 123
2021-08-24 06:44:04,494 - INFO - root - Next Decision Window: xRange = 330, 348,  yRange = 152, 129
2021-08-24 06:44:04,494 - INFO - root - Distance = 31.38470965295043, direction = 2, Win# 2
2021-08-24 06:44:04,574 - DEBUG - bleak.backends.dotnet.client - Write Characteristic 6e400002-b5a3-f393-e0a9-e50e24dcca9e : bytearray(b'2,0')
2021-08-24 06:44:04,617 - INFO - root - x = 368, y = 131, Radius = 121.5905990600586
2021-08-24 06:44:04,618 - INFO - root - Decision Window: xRange = 349, 368,  yRange = 147, 123
2021-08-24 06:44:04,618 - INFO - root - Next Decision Window: xRange = 330, 348,  yRange = 152, 129
2021-08-24 06:44:04,618 - INFO - root - Distance = 30.364452901377952, direction = 2, Win# 2
2021-08-24 06:44:04,694 - DEBUG - bleak.backends.dotnet.client - Write Characteristic 6e400002-b5a3-f393-e0a9-e50e24dcca9e : bytearray(b'2,0')
2021-08-24 06:44:04,741 - INFO - root - x = 368, y = 131, Radius = 117.92232513427734
2021-08-24 06:44:04,741 - INFO - root - Decision Window: xRange = 349, 368,  yRange = 147, 123
2021-08-24 06:44:04,741 - INFO - root - Next Decision Window: xRange = 330, 348,  yRange = 152, 129
2021-08-24 06:44:04,742 - INFO - root - Distance = 30.364452901377952, direction = 2, Win# 2
2021-08-24 06:44:04,814 - DEBUG - bleak.backends.dotnet.client - Write Characteristic 6e400002-b5a3-f393-e0a9-e50e24dcca9e : bytearray(b'2,0')
2021-08-24 06:44:04,849 - INFO - root - x = 366, y = 130, Radius = 119.650634765625
2021-08-24 06:44:04,849 - INFO - root - Decision Window: xRange = 349, 368,  yRange = 147, 123
2021-08-24 06:44:04,849 - INFO - root - Next Decision Window: xRange = 330, 348,  yRange = 152, 129
2021-08-24 06:44:04,849 - INFO - root - Distance = 28.792360097775937, direction = 2, Win# 2
2021-08-24 06:44:04,934 - DEBUG - bleak.backends.dotnet.client - Write Characteristic 6e400002-b5a3-f393-e0a9-e50e24dcca9e : bytearray(b'2,0')
2021-08-24 06:44:04,973 - INFO - root - x = 366, y = 134, Radius = 122.12400817871094
2021-08-24 06:44:04,973 - INFO - root - Decision Window: xRange = 349, 368,  yRange = 147, 123
2021-08-24 06:44:04,973 - INFO - root - Next Decision Window: xRange = 330, 348,  yRange = 152, 129
2021-08-24 06:44:04,973 - INFO - root - Distance = 27.65863337187866, direction = 2, Win# 2
2021-08-24 06:44:05,054 - DEBUG - bleak.backends.dotnet.client - Write Characteristic 6e400002-b5a3-f393-e0a9-e50e24dcca9e : bytearray(b'2,0')
2021-08-24 06:44:05,097 - INFO - root - x = 366, y = 136, Radius = 124.53394317626953
2021-08-24 06:44:05,098 - INFO - root - Decision Window: xRange = 349, 368,  yRange = 147, 123
2021-08-24 06:44:05,098 - INFO - root - Next Decision Window: xRange = 330, 348,  yRange = 152, 129
2021-08-24 06:44:05,098 - INFO - root - Distance = 27.294688127912362, direction = 2, Win# 2
2021-08-24 06:44:05,174 - DEBUG - bleak.backends.dotnet.client - Write Characteristic 6e400002-b5a3-f393-e0a9-e50e24dcca9e : bytearray(b'2,0')
2021-08-24 06:44:05,221 - INFO - root - x = 362, y = 136, Radius = 124.90206146240234
2021-08-24 06:44:05,221 - INFO - root - Decision Window: xRange = 349, 368,  yRange = 147, 123
2021-08-24 06:44:05,221 - INFO - root - Next Decision Window: xRange = 330, 348,  yRange = 152, 129
2021-08-24 06:44:05,221 - INFO - root - Distance = 23.345235059857504, direction = 2, Win# 2
2021-08-24 06:44:05,294 - DEBUG - bleak.backends.dotnet.client - Write Characteristic 6e400002-b5a3-f393-e0a9-e50e24dcca9e : bytearray(b'2,0')
2021-08-24 06:44:05,334 - INFO - root - x = 343, y = 139, Radius = 120.82980346679688
2021-08-24 06:44:05,335 - INFO - root - Decision Window: xRange = 330, 348,  yRange = 152, 129
2021-08-24 06:44:05,335 - INFO - root - Next Decision Window: xRange = 310, 329,  yRange = 164, 130
2021-08-24 06:44:05,335 - INFO - root - Distance = 0, direction = 2, Win# 3
2021-08-24 06:44:05,414 - DEBUG - bleak.backends.dotnet.client - Write Characteristic 6e400002-b5a3-f393-e0a9-e50e24dcca9e : bytearray(b'2,0')
2021-08-24 06:44:05,459 - INFO - root - x = 323, y = 141, Radius = 127.6671142578125
2021-08-24 06:44:05,459 - INFO - root - Decision Window: xRange = 310, 329,  yRange = 164, 130
2021-08-24 06:44:05,459 - INFO - root - Next Decision Window: xRange = 295, 309,  yRange = 175, 139
2021-08-24 06:44:05,459 - INFO - root - Distance = 0, direction = 3, Win# 4
2021-08-24 06:44:05,534 - DEBUG - bleak.backends.dotnet.client - Write Characteristic 6e400002-b5a3-f393-e0a9-e50e24dcca9e : bytearray(b'3,0')
2021-08-24 06:44:05,577 - INFO - root - x = 314, y = 145, Radius = 129.7841339111328
2021-08-24 06:44:05,577 - INFO - root - Decision Window: xRange = 310, 329,  yRange = 164, 130
2021-08-24 06:44:05,577 - INFO - root - Next Decision Window: xRange = 295, 309,  yRange = 175, 139
2021-08-24 06:44:05,577 - INFO - root - Distance = 16.97056274847714, direction = 3, Win# 4
2021-08-24 06:44:05,654 - DEBUG - bleak.backends.dotnet.client - Write Characteristic 6e400002-b5a3-f393-e0a9-e50e24dcca9e : bytearray(b'3,0')
2021-08-24 06:44:05,701 - INFO - root - x = 309, y = 147, Radius = 137.24642944335938
2021-08-24 06:44:05,701 - INFO - root - Decision Window: xRange = 310, 329,  yRange = 164, 130
2021-08-24 06:44:05,701 - INFO - root - Next Decision Window: xRange = 295, 309,  yRange = 175, 139
2021-08-24 06:44:05,701 - INFO - root - Distance = 12.206555615733702, direction = 3, Win# 4
2021-08-24 06:44:05,774 - DEBUG - bleak.backends.dotnet.client - Write Characteristic 6e400002-b5a3-f393-e0a9-e50e24dcca9e : bytearray(b'3,0')
2021-08-24 06:44:05,814 - INFO - root - x = 301, y = 150, Radius = 136.96966552734375
2021-08-24 06:44:05,814 - INFO - root - Decision Window: xRange = 295, 309,  yRange = 175, 139
2021-08-24 06:44:05,814 - INFO - root - Next Decision Window: xRange = 281, 294,  yRange = 190, 148
2021-08-24 06:44:05,814 - INFO - root - Distance = 0, direction = 3, Win# 5
2021-08-24 06:44:05,954 - DEBUG - bleak.backends.dotnet.client - Write Characteristic 6e400002-b5a3-f393-e0a9-e50e24dcca9e : bytearray(b'3,0')
2021-08-24 06:44:05,994 - INFO - root - x = 264, y = 160, Radius = 146.35577392578125
2021-08-24 06:44:05,994 - INFO - root - Decision Window: xRange = 295, 309,  yRange = 175, 139
2021-08-24 06:44:05,995 - INFO - root - Next Decision Window: xRange = 281, 294,  yRange = 190, 148
2021-08-24 06:44:05,995 - INFO - root - Distance = 0, direction = 1, Win# 5
2021-08-24 06:44:06,074 - DEBUG - bleak.backends.dotnet.client - Write Characteristic 6e400002-b5a3-f393-e0a9-e50e24dcca9e : bytearray(b'1,0')
2021-08-24 06:44:06,087 - DEBUG - bleak.backends.dotnet.client - Disconnecting from BLE device...
2021-08-24 06:44:09,194 - DEBUG - bleak.backends.dotnet.client - _ConnectionStatusChanged_Handler: 0
