2021-08-19 11:11:30,076 - INFO - root - 


2021-08-19 11:11:30,076 - INFO - root - PROGRAM BEGINS
2021-08-19 11:11:32,437 - INFO - root - Image: circle_image_Excel.xlsx
2021-08-19 11:11:33,316 - DEBUG - asyncio - Using proactor: IocpProactor
2021-08-19 11:11:33,431 - DEBUG - bleak.backends.dotnet.scanner - Received 3F:4D:6C:C6:F2:5D: Unknown.
2021-08-19 11:11:33,665 - DEBUG - bleak.backends.dotnet.scanner - Received CC:D2:81:7A:31:C7: Unknown.
2021-08-19 11:11:33,666 - DEBUG - bleak.backends.dotnet.scanner - Received CC:D2:81:7A:31:C7: Unknown.
2021-08-19 11:11:33,795 - DEBUG - bleak.backends.dotnet.scanner - Received 3F:4D:6C:C6:F2:5D: Unknown.
2021-08-19 11:11:34,027 - DEBUG - bleak.backends.dotnet.scanner - Received CC:D2:81:7A:31:C7: Unknown.
2021-08-19 11:11:34,028 - DEBUG - bleak.backends.dotnet.scanner - Received CC:D2:81:7A:31:C7: Unknown.
2021-08-19 11:11:34,146 - DEBUG - bleak.backends.dotnet.scanner - Received 63:F0:1D:CC:D3:1E: Unknown.
2021-08-19 11:11:34,147 - DEBUG - bleak.backends.dotnet.scanner - Received 63:F0:1D:CC:D3:1E: Unknown.
2021-08-19 11:11:34,382 - DEBUG - bleak.backends.dotnet.scanner - Received 38:68:A4:0D:FE:EB: Unknown.
2021-08-19 11:11:34,619 - DEBUG - bleak.backends.dotnet.scanner - Received 4A:CB:11:F1:A7:36: Unknown.
2021-08-19 11:11:34,619 - DEBUG - bleak.backends.dotnet.scanner - Received 4A:CB:11:F1:A7:36: Unknown.
2021-08-19 11:11:34,724 - DEBUG - bleak.backends.dotnet.scanner - Received 5C:C6:CD:88:ED:40: Unknown.
2021-08-19 11:11:34,846 - DEBUG - bleak.backends.dotnet.scanner - Received 38:68:A4:0D:FE:EB: Unknown.
2021-08-19 11:11:34,960 - DEBUG - bleak.backends.dotnet.scanner - Received 5C:C6:CD:88:ED:40: Unknown.
2021-08-19 11:11:35,206 - DEBUG - bleak.backends.dotnet.scanner - Received 71:44:D0:06:4D:C4: Unknown.
2021-08-19 11:11:35,317 - DEBUG - bleak.backends.dotnet.scanner - Received 38:68:A4:0D:FE:EB: Unknown.
2021-08-19 11:11:35,437 - DEBUG - bleak.backends.dotnet.scanner - Received 4A:CB:11:F1:A7:36: Unknown.
2021-08-19 11:11:35,438 - DEBUG - bleak.backends.dotnet.scanner - Received 4A:CB:11:F1:A7:36: Unknown.
2021-08-19 11:11:35,683 - DEBUG - bleak.backends.dotnet.scanner - Received 7C:9E:BD:EE:7A:82: Haptic Sleeve ML.
2021-08-19 11:11:35,683 - DEBUG - bleak.backends.dotnet.scanner - Received 7C:9E:BD:EE:7A:82: Unknown.
2021-08-19 11:11:35,684 - DEBUG - bleak.backends.dotnet.scanner - 8 devices found. Watcher status: 3.
2021-08-19 11:11:35,684 - DEBUG - bleak.backends.dotnet.client - Connecting to BLE device @ 7c:9e:bd:ee:7a:82
2021-08-19 11:11:41,249 - DEBUG - bleak.backends.dotnet.client - _ConnectionStatusChanged_Handler: 1
2021-08-19 11:11:41,249 - DEBUG - bleak.backends.dotnet.client - Get Services...
2021-08-19 11:11:41,307 - INFO - bleak.backends.dotnet.client - Services resolved for BleakClientDotNet (7c:9e:bd:ee:7a:82)
2021-08-19 11:11:46,847 - INFO - root - x = 394, y = 128, Radius = 22.852888107299805
2021-08-19 11:11:46,847 - INFO - root - Decision Window: xRange = 387, 411,  yRange = 149, 100
2021-08-19 11:11:46,847 - INFO - root - Next Decision Window: xRange = 369, 386,  yRange = 149, 106
2021-08-19 11:11:46,847 - INFO - root - Distance = 17.029386365926403, direction = 2, Win# 0
2021-08-19 11:11:46,980 - DEBUG - bleak.backends.dotnet.client - Write Characteristic 6e400002-b5a3-f393-e0a9-e50e24dcca9e : bytearray(b'2,0')
2021-08-19 11:11:47,006 - INFO - root - x = 397, y = 122, Radius = 22.455610275268555
2021-08-19 11:11:47,006 - INFO - root - Decision Window: xRange = 387, 411,  yRange = 149, 100
2021-08-19 11:11:47,006 - INFO - root - Next Decision Window: xRange = 369, 386,  yRange = 149, 106
2021-08-19 11:11:47,006 - INFO - root - Distance = 20.615528128088304, direction = 2, Win# 0
2021-08-19 11:11:47,099 - DEBUG - bleak.backends.dotnet.client - Write Characteristic 6e400002-b5a3-f393-e0a9-e50e24dcca9e : bytearray(b'2,0')
2021-08-19 11:11:47,121 - INFO - root - x = 397, y = 118, Radius = 22.36077880859375
2021-08-19 11:11:47,121 - INFO - root - Decision Window: xRange = 387, 411,  yRange = 149, 100
2021-08-19 11:11:47,121 - INFO - root - Next Decision Window: xRange = 369, 386,  yRange = 149, 106
2021-08-19 11:11:47,121 - INFO - root - Distance = 21.93171219946131, direction = 2, Win# 0
2021-08-19 11:11:47,219 - DEBUG - bleak.backends.dotnet.client - Write Characteristic 6e400002-b5a3-f393-e0a9-e50e24dcca9e : bytearray(b'2,0')
2021-08-19 11:11:47,253 - INFO - root - x = 391, y = 118, Radius = 22.36180877685547
2021-08-19 11:11:47,253 - INFO - root - Decision Window: xRange = 387, 411,  yRange = 149, 100
2021-08-19 11:11:47,253 - INFO - root - Next Decision Window: xRange = 369, 386,  yRange = 149, 106
2021-08-19 11:11:47,253 - INFO - root - Distance = 16.64331697709324, direction = 2, Win# 0
2021-08-19 11:11:47,340 - DEBUG - bleak.backends.dotnet.client - Write Characteristic 6e400002-b5a3-f393-e0a9-e50e24dcca9e : bytearray(b'2,0')
2021-08-19 11:11:47,378 - INFO - root - x = 386, y = 118, Radius = 22.852888107299805
2021-08-19 11:11:47,378 - INFO - root - Decision Window: xRange = 387, 411,  yRange = 149, 100
2021-08-19 11:11:47,378 - INFO - root - Next Decision Window: xRange = 369, 386,  yRange = 149, 106
2021-08-19 11:11:47,378 - INFO - root - Distance = 12.727922061357855, direction = 3, Win# 0
2021-08-19 11:11:47,459 - DEBUG - bleak.backends.dotnet.client - Write Characteristic 6e400002-b5a3-f393-e0a9-e50e24dcca9e : bytearray(b'3,0')
2021-08-19 11:11:47,494 - INFO - root - x = 378, y = 120, Radius = 22.39898109436035
2021-08-19 11:11:47,494 - INFO - root - Decision Window: xRange = 369, 386,  yRange = 149, 106
2021-08-19 11:11:47,495 - INFO - root - Next Decision Window: xRange = 349, 368,  yRange = 147, 123
2021-08-19 11:11:47,495 - INFO - root - Distance = 0, direction = 3, Win# 1
2021-08-19 11:11:47,580 - DEBUG - bleak.backends.dotnet.client - Write Characteristic 6e400002-b5a3-f393-e0a9-e50e24dcca9e : bytearray(b'3,0')
2021-08-19 11:11:47,607 - INFO - root - x = 374, y = 123, Radius = 22.844728469848633
2021-08-19 11:11:47,608 - INFO - root - Decision Window: xRange = 369, 386,  yRange = 149, 106
2021-08-19 11:11:47,608 - INFO - root - Next Decision Window: xRange = 349, 368,  yRange = 147, 123
2021-08-19 11:11:47,608 - INFO - root - Distance = 20.0, direction = 2, Win# 1
2021-08-19 11:11:47,699 - DEBUG - bleak.backends.dotnet.client - Write Characteristic 6e400002-b5a3-f393-e0a9-e50e24dcca9e : bytearray(b'2,0')
2021-08-19 11:11:47,731 - INFO - root - x = 371, y = 127, Radius = 22.461410522460938
2021-08-19 11:11:47,731 - INFO - root - Decision Window: xRange = 369, 386,  yRange = 149, 106
2021-08-19 11:11:47,731 - INFO - root - Next Decision Window: xRange = 349, 368,  yRange = 147, 123
2021-08-19 11:11:47,731 - INFO - root - Distance = 15.264337522473747, direction = 2, Win# 1
2021-08-19 11:11:47,819 - DEBUG - bleak.backends.dotnet.client - Write Characteristic 6e400002-b5a3-f393-e0a9-e50e24dcca9e : bytearray(b'2,0')
2021-08-19 11:11:47,854 - INFO - root - x = 369, y = 131, Radius = 23.367076873779297
2021-08-19 11:11:47,854 - INFO - root - Decision Window: xRange = 369, 386,  yRange = 149, 106
2021-08-19 11:11:47,854 - INFO - root - Next Decision Window: xRange = 349, 368,  yRange = 147, 123
2021-08-19 11:11:47,854 - INFO - root - Distance = 11.704699910719626, direction = 2, Win# 1
2021-08-19 11:11:47,939 - DEBUG - bleak.backends.dotnet.client - Write Characteristic 6e400002-b5a3-f393-e0a9-e50e24dcca9e : bytearray(b'2,0')
2021-08-19 11:11:47,976 - INFO - root - x = 375, y = 131, Radius = 22.942920684814453
2021-08-19 11:11:47,976 - INFO - root - Decision Window: xRange = 369, 386,  yRange = 149, 106
2021-08-19 11:11:47,976 - INFO - root - Next Decision Window: xRange = 349, 368,  yRange = 147, 123
2021-08-19 11:11:47,976 - INFO - root - Distance = 17.46424919657298, direction = 2, Win# 1
2021-08-19 11:11:48,059 - DEBUG - bleak.backends.dotnet.client - Write Characteristic 6e400002-b5a3-f393-e0a9-e50e24dcca9e : bytearray(b'2,0')
2021-08-19 11:11:48,091 - INFO - root - x = 381, y = 131, Radius = 23.885019302368164
2021-08-19 11:11:48,091 - INFO - root - Decision Window: xRange = 369, 386,  yRange = 149, 106
2021-08-19 11:11:48,091 - INFO - root - Next Decision Window: xRange = 349, 368,  yRange = 147, 123
2021-08-19 11:11:48,091 - INFO - root - Distance = 23.345235059857504, direction = 2, Win# 1
2021-08-19 11:11:48,179 - DEBUG - bleak.backends.dotnet.client - Write Characteristic 6e400002-b5a3-f393-e0a9-e50e24dcca9e : bytearray(b'2,0')
2021-08-19 11:11:48,209 - INFO - root - x = 378, y = 133, Radius = 24.284557342529297
2021-08-19 11:11:48,209 - INFO - root - Decision Window: xRange = 369, 386,  yRange = 149, 106
2021-08-19 11:11:48,209 - INFO - root - Next Decision Window: xRange = 349, 368,  yRange = 147, 123
2021-08-19 11:11:48,209 - INFO - root - Distance = 20.09975124224178, direction = 2, Win# 1
2021-08-19 11:11:48,299 - DEBUG - bleak.backends.dotnet.client - Write Characteristic 6e400002-b5a3-f393-e0a9-e50e24dcca9e : bytearray(b'2,0')
2021-08-19 11:11:48,336 - INFO - root - x = 374, y = 133, Radius = 23.235454559326172
2021-08-19 11:11:48,336 - INFO - root - Decision Window: xRange = 369, 386,  yRange = 149, 106
2021-08-19 11:11:48,336 - INFO - root - Next Decision Window: xRange = 349, 368,  yRange = 147, 123
2021-08-19 11:11:48,336 - INFO - root - Distance = 16.1245154965971, direction = 2, Win# 1
2021-08-19 11:11:48,419 - DEBUG - bleak.backends.dotnet.client - Write Characteristic 6e400002-b5a3-f393-e0a9-e50e24dcca9e : bytearray(b'2,0')
2021-08-19 11:11:48,456 - INFO - root - x = 372, y = 132, Radius = 23.38918685913086
2021-08-19 11:11:48,457 - INFO - root - Decision Window: xRange = 369, 386,  yRange = 149, 106
2021-08-19 11:11:48,457 - INFO - root - Next Decision Window: xRange = 349, 368,  yRange = 147, 123
2021-08-19 11:11:48,457 - INFO - root - Distance = 14.317821063276353, direction = 2, Win# 1
2021-08-19 11:11:48,540 - DEBUG - bleak.backends.dotnet.client - Write Characteristic 6e400002-b5a3-f393-e0a9-e50e24dcca9e : bytearray(b'2,0')
2021-08-19 11:11:48,580 - INFO - root - x = 377, y = 132, Radius = 23.789897918701172
2021-08-19 11:11:48,580 - INFO - root - Decision Window: xRange = 369, 386,  yRange = 149, 106
2021-08-19 11:11:48,580 - INFO - root - Next Decision Window: xRange = 349, 368,  yRange = 147, 123
2021-08-19 11:11:48,580 - INFO - root - Distance = 19.235384061671343, direction = 2, Win# 1
2021-08-19 11:11:48,659 - DEBUG - bleak.backends.dotnet.client - Write Characteristic 6e400002-b5a3-f393-e0a9-e50e24dcca9e : bytearray(b'2,0')
2021-08-19 11:11:48,689 - INFO - root - x = 380, y = 131, Radius = 23.3419189453125
2021-08-19 11:11:48,690 - INFO - root - Decision Window: xRange = 369, 386,  yRange = 149, 106
2021-08-19 11:11:48,690 - INFO - root - Next Decision Window: xRange = 349, 368,  yRange = 147, 123
2021-08-19 11:11:48,690 - INFO - root - Distance = 22.360679774997898, direction = 2, Win# 1
2021-08-19 11:11:48,779 - DEBUG - bleak.backends.dotnet.client - Write Characteristic 6e400002-b5a3-f393-e0a9-e50e24dcca9e : bytearray(b'2,0')
2021-08-19 11:11:48,811 - INFO - root - x = 379, y = 132, Radius = 23.30112075805664
2021-08-19 11:11:48,811 - INFO - root - Decision Window: xRange = 369, 386,  yRange = 149, 106
2021-08-19 11:11:48,811 - INFO - root - Next Decision Window: xRange = 349, 368,  yRange = 147, 123
2021-08-19 11:11:48,811 - INFO - root - Distance = 21.213203435596427, direction = 2, Win# 1
2021-08-19 11:11:48,899 - DEBUG - bleak.backends.dotnet.client - Write Characteristic 6e400002-b5a3-f393-e0a9-e50e24dcca9e : bytearray(b'2,0')
2021-08-19 11:11:48,943 - INFO - root - x = 378, y = 133, Radius = 22.770694732666016
2021-08-19 11:11:48,943 - INFO - root - Decision Window: xRange = 369, 386,  yRange = 149, 106
2021-08-19 11:11:48,943 - INFO - root - Next Decision Window: xRange = 349, 368,  yRange = 147, 123
2021-08-19 11:11:48,943 - INFO - root - Distance = 20.09975124224178, direction = 2, Win# 1
2021-08-19 11:11:49,019 - DEBUG - bleak.backends.dotnet.client - Write Characteristic 6e400002-b5a3-f393-e0a9-e50e24dcca9e : bytearray(b'2,0')
2021-08-19 11:11:49,058 - INFO - root - x = 377, y = 132, Radius = 23.30112075805664
2021-08-19 11:11:49,058 - INFO - root - Decision Window: xRange = 369, 386,  yRange = 149, 106
2021-08-19 11:11:49,058 - INFO - root - Next Decision Window: xRange = 349, 368,  yRange = 147, 123
2021-08-19 11:11:49,058 - INFO - root - Distance = 19.235384061671343, direction = 2, Win# 1
2021-08-19 11:11:49,139 - DEBUG - bleak.backends.dotnet.client - Write Characteristic 6e400002-b5a3-f393-e0a9-e50e24dcca9e : bytearray(b'2,0')
2021-08-19 11:11:49,171 - INFO - root - x = 379, y = 133, Radius = 23.304574966430664
2021-08-19 11:11:49,172 - INFO - root - Decision Window: xRange = 369, 386,  yRange = 149, 106
2021-08-19 11:11:49,172 - INFO - root - Next Decision Window: xRange = 349, 368,  yRange = 147, 123
2021-08-19 11:11:49,172 - INFO - root - Distance = 21.095023109728988, direction = 2, Win# 1
2021-08-19 11:11:49,259 - DEBUG - bleak.backends.dotnet.client - Write Characteristic 6e400002-b5a3-f393-e0a9-e50e24dcca9e : bytearray(b'2,0')
2021-08-19 11:11:49,290 - INFO - root - x = 380, y = 133, Radius = 22.868024826049805
2021-08-19 11:11:49,290 - INFO - root - Decision Window: xRange = 369, 386,  yRange = 149, 106
2021-08-19 11:11:49,290 - INFO - root - Next Decision Window: xRange = 349, 368,  yRange = 147, 123
2021-08-19 11:11:49,290 - INFO - root - Distance = 22.090722034374522, direction = 2, Win# 1
2021-08-19 11:11:49,379 - DEBUG - bleak.backends.dotnet.client - Write Characteristic 6e400002-b5a3-f393-e0a9-e50e24dcca9e : bytearray(b'2,0')
2021-08-19 11:11:49,414 - INFO - root - x = 381, y = 132, Radius = 22.047990798950195
2021-08-19 11:11:49,414 - INFO - root - Decision Window: xRange = 369, 386,  yRange = 149, 106
2021-08-19 11:11:49,415 - INFO - root - Next Decision Window: xRange = 349, 368,  yRange = 147, 123
2021-08-19 11:11:49,415 - INFO - root - Distance = 23.194827009486403, direction = 2, Win# 1
2021-08-19 11:11:49,499 - DEBUG - bleak.backends.dotnet.client - Write Characteristic 6e400002-b5a3-f393-e0a9-e50e24dcca9e : bytearray(b'2,0')
2021-08-19 11:11:49,539 - INFO - root - x = 381, y = 132, Radius = 22.377784729003906
2021-08-19 11:11:49,540 - INFO - root - Decision Window: xRange = 369, 386,  yRange = 149, 106
2021-08-19 11:11:49,540 - INFO - root - Next Decision Window: xRange = 349, 368,  yRange = 147, 123
2021-08-19 11:11:49,540 - INFO - root - Distance = 23.194827009486403, direction = 2, Win# 1
2021-08-19 11:11:49,620 - DEBUG - bleak.backends.dotnet.client - Write Characteristic 6e400002-b5a3-f393-e0a9-e50e24dcca9e : bytearray(b'2,0')
2021-08-19 11:11:49,660 - INFO - root - x = 380, y = 132, Radius = 23.30112075805664
2021-08-19 11:11:49,660 - INFO - root - Decision Window: xRange = 369, 386,  yRange = 149, 106
2021-08-19 11:11:49,660 - INFO - root - Next Decision Window: xRange = 349, 368,  yRange = 147, 123
2021-08-19 11:11:49,660 - INFO - root - Distance = 22.20360331117452, direction = 2, Win# 1
2021-08-19 11:11:49,739 - DEBUG - bleak.backends.dotnet.client - Write Characteristic 6e400002-b5a3-f393-e0a9-e50e24dcca9e : bytearray(b'2,0')
2021-08-19 11:11:49,756 - INFO - root - x = 382, y = 132, Radius = 23.766815185546875
2021-08-19 11:11:49,756 - INFO - root - Decision Window: xRange = 369, 386,  yRange = 149, 106
2021-08-19 11:11:49,756 - INFO - root - Next Decision Window: xRange = 349, 368,  yRange = 147, 123
2021-08-19 11:11:49,756 - INFO - root - Distance = 24.186773244895647, direction = 2, Win# 1
2021-08-19 11:11:49,860 - DEBUG - bleak.backends.dotnet.client - Write Characteristic 6e400002-b5a3-f393-e0a9-e50e24dcca9e : bytearray(b'2,0')
2021-08-19 11:11:49,891 - INFO - root - x = 382, y = 133, Radius = 22.411563873291016
2021-08-19 11:11:49,891 - INFO - root - Decision Window: xRange = 369, 386,  yRange = 149, 106
2021-08-19 11:11:49,891 - INFO - root - Next Decision Window: xRange = 349, 368,  yRange = 147, 123
2021-08-19 11:11:49,891 - INFO - root - Distance = 24.08318915758459, direction = 2, Win# 1
2021-08-19 11:11:49,980 - DEBUG - bleak.backends.dotnet.client - Write Characteristic 6e400002-b5a3-f393-e0a9-e50e24dcca9e : bytearray(b'2,0')
2021-08-19 11:11:50,015 - INFO - root - x = 381, y = 134, Radius = 22.409780502319336
2021-08-19 11:11:50,015 - INFO - root - Decision Window: xRange = 369, 386,  yRange = 149, 106
2021-08-19 11:11:50,015 - INFO - root - Next Decision Window: xRange = 349, 368,  yRange = 147, 123
2021-08-19 11:11:50,015 - INFO - root - Distance = 23.021728866442675, direction = 2, Win# 1
2021-08-19 11:11:50,099 - DEBUG - bleak.backends.dotnet.client - Write Characteristic 6e400002-b5a3-f393-e0a9-e50e24dcca9e : bytearray(b'2,0')
2021-08-19 11:11:50,126 - INFO - root - x = 380, y = 135, Radius = 23.690814971923828
2021-08-19 11:11:50,126 - INFO - root - Decision Window: xRange = 369, 386,  yRange = 149, 106
2021-08-19 11:11:50,126 - INFO - root - Next Decision Window: xRange = 349, 368,  yRange = 147, 123
2021-08-19 11:11:50,126 - INFO - root - Distance = 22.0, direction = 2, Win# 1
2021-08-19 11:11:50,219 - DEBUG - bleak.backends.dotnet.client - Write Characteristic 6e400002-b5a3-f393-e0a9-e50e24dcca9e : bytearray(b'2,0')
2021-08-19 11:11:50,244 - INFO - root - x = 373, y = 135, Radius = 22.957151412963867
2021-08-19 11:11:50,245 - INFO - root - Decision Window: xRange = 369, 386,  yRange = 149, 106
2021-08-19 11:11:50,245 - INFO - root - Next Decision Window: xRange = 349, 368,  yRange = 147, 123
2021-08-19 11:11:50,245 - INFO - root - Distance = 15.0, direction = 2, Win# 1
2021-08-19 11:11:50,339 - DEBUG - bleak.backends.dotnet.client - Write Characteristic 6e400002-b5a3-f393-e0a9-e50e24dcca9e : bytearray(b'2,0')
2021-08-19 11:11:50,361 - INFO - root - x = 367, y = 137, Radius = 22.785778045654297
2021-08-19 11:11:50,361 - INFO - root - Decision Window: xRange = 349, 368,  yRange = 147, 123
2021-08-19 11:11:50,362 - INFO - root - Next Decision Window: xRange = 330, 348,  yRange = 152, 129
2021-08-19 11:11:50,362 - INFO - root - Distance = 0, direction = 2, Win# 2
2021-08-19 11:11:50,459 - DEBUG - bleak.backends.dotnet.client - Write Characteristic 6e400002-b5a3-f393-e0a9-e50e24dcca9e : bytearray(b'2,0')
2021-08-19 11:11:50,492 - INFO - root - x = 356, y = 133, Radius = 23.72439193725586
2021-08-19 11:11:50,492 - INFO - root - Decision Window: xRange = 349, 368,  yRange = 147, 123
2021-08-19 11:11:50,492 - INFO - root - Next Decision Window: xRange = 330, 348,  yRange = 152, 129
2021-08-19 11:11:50,492 - INFO - root - Distance = 18.384776310850235, direction = 2, Win# 2
2021-08-19 11:11:50,580 - DEBUG - bleak.backends.dotnet.client - Write Characteristic 6e400002-b5a3-f393-e0a9-e50e24dcca9e : bytearray(b'2,0')
2021-08-19 11:11:50,620 - INFO - root - x = 353, y = 135, Radius = 22.709373474121094
2021-08-19 11:11:50,621 - INFO - root - Decision Window: xRange = 349, 368,  yRange = 147, 123
2021-08-19 11:11:50,621 - INFO - root - Next Decision Window: xRange = 330, 348,  yRange = 152, 129
2021-08-19 11:11:50,621 - INFO - root - Distance = 14.866068747318506, direction = 2, Win# 2
2021-08-19 11:11:50,699 - DEBUG - bleak.backends.dotnet.client - Write Characteristic 6e400002-b5a3-f393-e0a9-e50e24dcca9e : bytearray(b'2,0')
2021-08-19 11:11:50,742 - INFO - root - x = 352, y = 134, Radius = 22.644004821777344
2021-08-19 11:11:50,742 - INFO - root - Decision Window: xRange = 349, 368,  yRange = 147, 123
2021-08-19 11:11:50,742 - INFO - root - Next Decision Window: xRange = 330, 348,  yRange = 152, 129
2021-08-19 11:11:50,742 - INFO - root - Distance = 14.317821063276353, direction = 2, Win# 2
2021-08-19 11:11:50,820 - DEBUG - bleak.backends.dotnet.client - Write Characteristic 6e400002-b5a3-f393-e0a9-e50e24dcca9e : bytearray(b'2,0')
2021-08-19 11:11:50,846 - INFO - root - x = 354, y = 134, Radius = 23.27368927001953
2021-08-19 11:11:50,846 - INFO - root - Decision Window: xRange = 349, 368,  yRange = 147, 123
2021-08-19 11:11:50,846 - INFO - root - Next Decision Window: xRange = 330, 348,  yRange = 152, 129
2021-08-19 11:11:50,846 - INFO - root - Distance = 16.15549442140351, direction = 2, Win# 2
2021-08-19 11:11:50,939 - DEBUG - bleak.backends.dotnet.client - Write Characteristic 6e400002-b5a3-f393-e0a9-e50e24dcca9e : bytearray(b'2,0')
2021-08-19 11:11:50,957 - INFO - root - x = 358, y = 135, Radius = 23.63270378112793
2021-08-19 11:11:50,957 - INFO - root - Decision Window: xRange = 349, 368,  yRange = 147, 123
2021-08-19 11:11:50,957 - INFO - root - Next Decision Window: xRange = 330, 348,  yRange = 152, 129
2021-08-19 11:11:50,957 - INFO - root - Distance = 19.6468827043885, direction = 2, Win# 2
2021-08-19 11:11:51,059 - DEBUG - bleak.backends.dotnet.client - Write Characteristic 6e400002-b5a3-f393-e0a9-e50e24dcca9e : bytearray(b'2,0')
2021-08-19 11:11:51,094 - INFO - root - x = 361, y = 135, Radius = 22.548025131225586
2021-08-19 11:11:51,095 - INFO - root - Decision Window: xRange = 349, 368,  yRange = 147, 123
2021-08-19 11:11:51,095 - INFO - root - Next Decision Window: xRange = 330, 348,  yRange = 152, 129
2021-08-19 11:11:51,095 - INFO - root - Distance = 22.561028345356956, direction = 2, Win# 2
2021-08-19 11:11:51,179 - DEBUG - bleak.backends.dotnet.client - Write Characteristic 6e400002-b5a3-f393-e0a9-e50e24dcca9e : bytearray(b'2,0')
2021-08-19 11:11:51,220 - INFO - root - x = 364, y = 136, Radius = 22.767133712768555
2021-08-19 11:11:51,221 - INFO - root - Decision Window: xRange = 349, 368,  yRange = 147, 123
2021-08-19 11:11:51,221 - INFO - root - Next Decision Window: xRange = 330, 348,  yRange = 152, 129
2021-08-19 11:11:51,221 - INFO - root - Distance = 25.317977802344327, direction = 2, Win# 2
2021-08-19 11:11:51,299 - DEBUG - bleak.backends.dotnet.client - Write Characteristic 6e400002-b5a3-f393-e0a9-e50e24dcca9e : bytearray(b'2,0')
2021-08-19 11:11:51,340 - INFO - root - x = 365, y = 136, Radius = 22.8100528717041
2021-08-19 11:11:51,340 - INFO - root - Decision Window: xRange = 349, 368,  yRange = 147, 123
2021-08-19 11:11:51,340 - INFO - root - Next Decision Window: xRange = 330, 348,  yRange = 152, 129
2021-08-19 11:11:51,340 - INFO - root - Distance = 26.30589287593181, direction = 2, Win# 2
2021-08-19 11:11:51,419 - DEBUG - bleak.backends.dotnet.client - Write Characteristic 6e400002-b5a3-f393-e0a9-e50e24dcca9e : bytearray(b'2,0')
2021-08-19 11:11:51,446 - INFO - root - x = 364, y = 137, Radius = 22.409780502319336
2021-08-19 11:11:51,446 - INFO - root - Decision Window: xRange = 349, 368,  yRange = 147, 123
2021-08-19 11:11:51,447 - INFO - root - Next Decision Window: xRange = 330, 348,  yRange = 152, 129
2021-08-19 11:11:51,447 - INFO - root - Distance = 25.179356624028344, direction = 2, Win# 2
2021-08-19 11:11:51,539 - DEBUG - bleak.backends.dotnet.client - Write Characteristic 6e400002-b5a3-f393-e0a9-e50e24dcca9e : bytearray(b'2,0')
2021-08-19 11:11:51,570 - INFO - root - x = 363, y = 137, Radius = 22.785778045654297
2021-08-19 11:11:51,570 - INFO - root - Decision Window: xRange = 349, 368,  yRange = 147, 123
2021-08-19 11:11:51,570 - INFO - root - Next Decision Window: xRange = 330, 348,  yRange = 152, 129
2021-08-19 11:11:51,570 - INFO - root - Distance = 24.186773244895647, direction = 2, Win# 2
2021-08-19 11:11:51,659 - DEBUG - bleak.backends.dotnet.client - Write Characteristic 6e400002-b5a3-f393-e0a9-e50e24dcca9e : bytearray(b'2,0')
2021-08-19 11:11:51,695 - INFO - root - x = 363, y = 137, Radius = 22.496538162231445
2021-08-19 11:11:51,695 - INFO - root - Decision Window: xRange = 349, 368,  yRange = 147, 123
2021-08-19 11:11:51,695 - INFO - root - Next Decision Window: xRange = 330, 348,  yRange = 152, 129
2021-08-19 11:11:51,695 - INFO - root - Distance = 24.186773244895647, direction = 2, Win# 2
2021-08-19 11:11:51,780 - DEBUG - bleak.backends.dotnet.client - Write Characteristic 6e400002-b5a3-f393-e0a9-e50e24dcca9e : bytearray(b'2,0')
2021-08-19 11:11:51,818 - INFO - root - x = 362, y = 138, Radius = 22.41567611694336
2021-08-19 11:11:51,818 - INFO - root - Decision Window: xRange = 349, 368,  yRange = 147, 123
2021-08-19 11:11:51,818 - INFO - root - Next Decision Window: xRange = 330, 348,  yRange = 152, 129
2021-08-19 11:11:51,818 - INFO - root - Distance = 23.08679276123039, direction = 2, Win# 2
2021-08-19 11:11:51,899 - DEBUG - bleak.backends.dotnet.client - Write Characteristic 6e400002-b5a3-f393-e0a9-e50e24dcca9e : bytearray(b'2,0')
2021-08-19 11:11:51,927 - INFO - root - x = 361, y = 138, Radius = 22.359161376953125
2021-08-19 11:11:51,927 - INFO - root - Decision Window: xRange = 349, 368,  yRange = 147, 123
2021-08-19 11:11:51,927 - INFO - root - Next Decision Window: xRange = 330, 348,  yRange = 152, 129
2021-08-19 11:11:51,927 - INFO - root - Distance = 22.090722034374522, direction = 2, Win# 2
2021-08-19 11:11:52,020 - DEBUG - bleak.backends.dotnet.client - Write Characteristic 6e400002-b5a3-f393-e0a9-e50e24dcca9e : bytearray(b'2,0')
2021-08-19 11:11:52,050 - INFO - root - x = 363, y = 137, Radius = 22.432559967041016
2021-08-19 11:11:52,050 - INFO - root - Decision Window: xRange = 349, 368,  yRange = 147, 123
2021-08-19 11:11:52,050 - INFO - root - Next Decision Window: xRange = 330, 348,  yRange = 152, 129
2021-08-19 11:11:52,050 - INFO - root - Distance = 24.186773244895647, direction = 2, Win# 2
2021-08-19 11:11:52,139 - DEBUG - bleak.backends.dotnet.client - Write Characteristic 6e400002-b5a3-f393-e0a9-e50e24dcca9e : bytearray(b'2,0')
2021-08-19 11:11:52,175 - INFO - root - x = 363, y = 138, Radius = 22.282794952392578
2021-08-19 11:11:52,175 - INFO - root - Decision Window: xRange = 349, 368,  yRange = 147, 123
2021-08-19 11:11:52,175 - INFO - root - Next Decision Window: xRange = 330, 348,  yRange = 152, 129
2021-08-19 11:11:52,175 - INFO - root - Distance = 24.08318915758459, direction = 2, Win# 2
2021-08-19 11:11:52,260 - DEBUG - bleak.backends.dotnet.client - Write Characteristic 6e400002-b5a3-f393-e0a9-e50e24dcca9e : bytearray(b'2,0')
2021-08-19 11:11:52,298 - INFO - root - x = 364, y = 139, Radius = 22.28191566467285
2021-08-19 11:11:52,298 - INFO - root - Decision Window: xRange = 349, 368,  yRange = 147, 123
2021-08-19 11:11:52,298 - INFO - root - Next Decision Window: xRange = 330, 348,  yRange = 152, 129
2021-08-19 11:11:52,298 - INFO - root - Distance = 25.019992006393608, direction = 2, Win# 2
2021-08-19 11:11:52,379 - DEBUG - bleak.backends.dotnet.client - Write Characteristic 6e400002-b5a3-f393-e0a9-e50e24dcca9e : bytearray(b'2,0')
2021-08-19 11:11:52,406 - INFO - root - x = 364, y = 139, Radius = 22.409780502319336
2021-08-19 11:11:52,406 - INFO - root - Decision Window: xRange = 349, 368,  yRange = 147, 123
2021-08-19 11:11:52,406 - INFO - root - Next Decision Window: xRange = 330, 348,  yRange = 152, 129
2021-08-19 11:11:52,406 - INFO - root - Distance = 25.019992006393608, direction = 2, Win# 2
2021-08-19 11:11:52,499 - DEBUG - bleak.backends.dotnet.client - Write Characteristic 6e400002-b5a3-f393-e0a9-e50e24dcca9e : bytearray(b'2,0')
2021-08-19 11:11:52,530 - INFO - root - x = 354, y = 139, Radius = 23.690814971923828
2021-08-19 11:11:52,530 - INFO - root - Decision Window: xRange = 349, 368,  yRange = 147, 123
2021-08-19 11:11:52,530 - INFO - root - Next Decision Window: xRange = 330, 348,  yRange = 152, 129
2021-08-19 11:11:52,530 - INFO - root - Distance = 15.033296378372908, direction = 2, Win# 2
2021-08-19 11:11:52,620 - DEBUG - bleak.backends.dotnet.client - Write Characteristic 6e400002-b5a3-f393-e0a9-e50e24dcca9e : bytearray(b'2,0')
2021-08-19 11:11:52,660 - INFO - root - x = 347, y = 142, Radius = 23.39980697631836
2021-08-19 11:11:52,660 - INFO - root - Decision Window: xRange = 330, 348,  yRange = 152, 129
2021-08-19 11:11:52,660 - INFO - root - Next Decision Window: xRange = 310, 329,  yRange = 164, 130
2021-08-19 11:11:52,660 - INFO - root - Distance = 0, direction = 2, Win# 3
2021-08-19 11:11:52,740 - DEBUG - bleak.backends.dotnet.client - Write Characteristic 6e400002-b5a3-f393-e0a9-e50e24dcca9e : bytearray(b'2,0')
2021-08-19 11:11:52,777 - INFO - root - x = 340, y = 143, Radius = 22.527528762817383
2021-08-19 11:11:52,777 - INFO - root - Decision Window: xRange = 330, 348,  yRange = 152, 129
2021-08-19 11:11:52,777 - INFO - root - Next Decision Window: xRange = 310, 329,  yRange = 164, 130
2021-08-19 11:11:52,777 - INFO - root - Distance = 21.37755832643195, direction = 2, Win# 3
2021-08-19 11:11:52,859 - DEBUG - bleak.backends.dotnet.client - Write Characteristic 6e400002-b5a3-f393-e0a9-e50e24dcca9e : bytearray(b'2,0')
2021-08-19 11:11:52,900 - INFO - root - x = 338, y = 144, Radius = 24.020185470581055
2021-08-19 11:11:52,900 - INFO - root - Decision Window: xRange = 330, 348,  yRange = 152, 129
2021-08-19 11:11:52,900 - INFO - root - Next Decision Window: xRange = 310, 329,  yRange = 164, 130
2021-08-19 11:11:52,900 - INFO - root - Distance = 19.235384061671343, direction = 2, Win# 3
2021-08-19 11:11:52,980 - DEBUG - bleak.backends.dotnet.client - Write Characteristic 6e400002-b5a3-f393-e0a9-e50e24dcca9e : bytearray(b'2,0')
2021-08-19 11:11:53,007 - INFO - root - x = 340, y = 144, Radius = 23.51445960998535
2021-08-19 11:11:53,007 - INFO - root - Decision Window: xRange = 330, 348,  yRange = 152, 129
2021-08-19 11:11:53,008 - INFO - root - Next Decision Window: xRange = 310, 329,  yRange = 164, 130
2021-08-19 11:11:53,008 - INFO - root - Distance = 21.213203435596427, direction = 2, Win# 3
2021-08-19 11:11:53,099 - DEBUG - bleak.backends.dotnet.client - Write Characteristic 6e400002-b5a3-f393-e0a9-e50e24dcca9e : bytearray(b'2,0')
2021-08-19 11:11:53,132 - INFO - root - x = 344, y = 142, Radius = 22.803630828857422
2021-08-19 11:11:53,132 - INFO - root - Decision Window: xRange = 330, 348,  yRange = 152, 129
2021-08-19 11:11:53,132 - INFO - root - Next Decision Window: xRange = 310, 329,  yRange = 164, 130
2021-08-19 11:11:53,132 - INFO - root - Distance = 25.495097567963924, direction = 2, Win# 3
2021-08-19 11:11:53,220 - DEBUG - bleak.backends.dotnet.client - Write Characteristic 6e400002-b5a3-f393-e0a9-e50e24dcca9e : bytearray(b'2,0')
2021-08-19 11:11:53,240 - INFO - root - x = 341, y = 145, Radius = 23.94327163696289
2021-08-19 11:11:53,240 - INFO - root - Decision Window: xRange = 330, 348,  yRange = 152, 129
2021-08-19 11:11:53,240 - INFO - root - Next Decision Window: xRange = 310, 329,  yRange = 164, 130
2021-08-19 11:11:53,240 - INFO - root - Distance = 22.090722034374522, direction = 2, Win# 3
2021-08-19 11:11:53,339 - DEBUG - bleak.backends.dotnet.client - Write Characteristic 6e400002-b5a3-f393-e0a9-e50e24dcca9e : bytearray(b'2,0')
2021-08-19 11:11:53,377 - INFO - root - x = 337, y = 142, Radius = 22.47456169128418
2021-08-19 11:11:53,377 - INFO - root - Decision Window: xRange = 330, 348,  yRange = 152, 129
2021-08-19 11:11:53,377 - INFO - root - Next Decision Window: xRange = 310, 329,  yRange = 164, 130
2021-08-19 11:11:53,377 - INFO - root - Distance = 18.681541692269406, direction = 2, Win# 3
2021-08-19 11:11:53,460 - DEBUG - bleak.backends.dotnet.client - Write Characteristic 6e400002-b5a3-f393-e0a9-e50e24dcca9e : bytearray(b'2,0')
2021-08-19 11:11:53,485 - INFO - root - x = 339, y = 140, Radius = 22.58657455444336
2021-08-19 11:11:53,485 - INFO - root - Decision Window: xRange = 330, 348,  yRange = 152, 129
2021-08-19 11:11:53,485 - INFO - root - Next Decision Window: xRange = 310, 329,  yRange = 164, 130
2021-08-19 11:11:53,485 - INFO - root - Distance = 21.18962010041709, direction = 2, Win# 3
2021-08-19 11:11:53,579 - DEBUG - bleak.backends.dotnet.client - Write Characteristic 6e400002-b5a3-f393-e0a9-e50e24dcca9e : bytearray(b'2,0')
2021-08-19 11:11:53,608 - INFO - root - x = 339, y = 141, Radius = 22.233083724975586
2021-08-19 11:11:53,608 - INFO - root - Decision Window: xRange = 330, 348,  yRange = 152, 129
2021-08-19 11:11:53,608 - INFO - root - Next Decision Window: xRange = 310, 329,  yRange = 164, 130
2021-08-19 11:11:53,608 - INFO - root - Distance = 20.8806130178211, direction = 2, Win# 3
2021-08-19 11:11:53,700 - DEBUG - bleak.backends.dotnet.client - Write Characteristic 6e400002-b5a3-f393-e0a9-e50e24dcca9e : bytearray(b'2,0')
2021-08-19 11:11:53,734 - INFO - root - x = 338, y = 141, Radius = 22.94866180419922
2021-08-19 11:11:53,734 - INFO - root - Decision Window: xRange = 330, 348,  yRange = 152, 129
2021-08-19 11:11:53,734 - INFO - root - Next Decision Window: xRange = 310, 329,  yRange = 164, 130
2021-08-19 11:11:53,735 - INFO - root - Distance = 19.924858845171276, direction = 2, Win# 3
2021-08-19 11:11:53,819 - DEBUG - bleak.backends.dotnet.client - Write Characteristic 6e400002-b5a3-f393-e0a9-e50e24dcca9e : bytearray(b'2,0')
2021-08-19 11:11:53,856 - INFO - root - x = 337, y = 141, Radius = 22.844728469848633
2021-08-19 11:11:53,856 - INFO - root - Decision Window: xRange = 330, 348,  yRange = 152, 129
2021-08-19 11:11:53,856 - INFO - root - Next Decision Window: xRange = 310, 329,  yRange = 164, 130
2021-08-19 11:11:53,856 - INFO - root - Distance = 18.973665961010276, direction = 2, Win# 3
2021-08-19 11:11:53,939 - DEBUG - bleak.backends.dotnet.client - Write Characteristic 6e400002-b5a3-f393-e0a9-e50e24dcca9e : bytearray(b'2,0')
2021-08-19 11:11:53,979 - INFO - root - x = 340, y = 139, Radius = 23.2905330657959
2021-08-19 11:11:53,980 - INFO - root - Decision Window: xRange = 330, 348,  yRange = 152, 129
2021-08-19 11:11:53,980 - INFO - root - Next Decision Window: xRange = 310, 329,  yRange = 164, 130
2021-08-19 11:11:53,980 - INFO - root - Distance = 22.47220505424423, direction = 2, Win# 3
2021-08-19 11:11:54,060 - DEBUG - bleak.backends.dotnet.client - Write Characteristic 6e400002-b5a3-f393-e0a9-e50e24dcca9e : bytearray(b'2,0')
2021-08-19 11:11:54,088 - INFO - root - x = 341, y = 141, Radius = 22.584423065185547
2021-08-19 11:11:54,088 - INFO - root - Decision Window: xRange = 330, 348,  yRange = 152, 129
2021-08-19 11:11:54,088 - INFO - root - Next Decision Window: xRange = 310, 329,  yRange = 164, 130
2021-08-19 11:11:54,088 - INFO - root - Distance = 22.80350850198276, direction = 2, Win# 3
2021-08-19 11:11:54,180 - DEBUG - bleak.backends.dotnet.client - Write Characteristic 6e400002-b5a3-f393-e0a9-e50e24dcca9e : bytearray(b'2,0')
2021-08-19 11:11:54,212 - INFO - root - x = 339, y = 141, Radius = 23.135570526123047
2021-08-19 11:11:54,212 - INFO - root - Decision Window: xRange = 330, 348,  yRange = 152, 129
2021-08-19 11:11:54,212 - INFO - root - Next Decision Window: xRange = 310, 329,  yRange = 164, 130
2021-08-19 11:11:54,212 - INFO - root - Distance = 20.8806130178211, direction = 2, Win# 3
2021-08-19 11:11:54,300 - DEBUG - bleak.backends.dotnet.client - Write Characteristic 6e400002-b5a3-f393-e0a9-e50e24dcca9e : bytearray(b'2,0')
2021-08-19 11:11:54,335 - INFO - root - x = 340, y = 142, Radius = 23.154781341552734
2021-08-19 11:11:54,335 - INFO - root - Decision Window: xRange = 330, 348,  yRange = 152, 129
2021-08-19 11:11:54,335 - INFO - root - Next Decision Window: xRange = 310, 329,  yRange = 164, 130
2021-08-19 11:11:54,335 - INFO - root - Distance = 21.587033144922902, direction = 2, Win# 3
2021-08-19 11:11:54,420 - DEBUG - bleak.backends.dotnet.client - Write Characteristic 6e400002-b5a3-f393-e0a9-e50e24dcca9e : bytearray(b'2,0')
2021-08-19 11:11:54,445 - INFO - root - x = 340, y = 143, Radius = 22.150190353393555
2021-08-19 11:11:54,445 - INFO - root - Decision Window: xRange = 330, 348,  yRange = 152, 129
2021-08-19 11:11:54,445 - INFO - root - Next Decision Window: xRange = 310, 329,  yRange = 164, 130
2021-08-19 11:11:54,445 - INFO - root - Distance = 21.37755832643195, direction = 2, Win# 3
2021-08-19 11:11:54,540 - DEBUG - bleak.backends.dotnet.client - Write Characteristic 6e400002-b5a3-f393-e0a9-e50e24dcca9e : bytearray(b'2,0')
2021-08-19 11:11:54,568 - INFO - root - x = 339, y = 143, Radius = 23.154781341552734
2021-08-19 11:11:54,568 - INFO - root - Decision Window: xRange = 330, 348,  yRange = 152, 129
2021-08-19 11:11:54,568 - INFO - root - Next Decision Window: xRange = 310, 329,  yRange = 164, 130
2021-08-19 11:11:54,568 - INFO - root - Distance = 20.396078054371138, direction = 2, Win# 3
2021-08-19 11:11:54,660 - DEBUG - bleak.backends.dotnet.client - Write Characteristic 6e400002-b5a3-f393-e0a9-e50e24dcca9e : bytearray(b'2,0')
2021-08-19 11:11:54,691 - INFO - root - x = 337, y = 145, Radius = 22.41567611694336
2021-08-19 11:11:54,691 - INFO - root - Decision Window: xRange = 330, 348,  yRange = 152, 129
2021-08-19 11:11:54,691 - INFO - root - Next Decision Window: xRange = 310, 329,  yRange = 164, 130
2021-08-19 11:11:54,691 - INFO - root - Distance = 18.110770276274835, direction = 2, Win# 3
2021-08-19 11:11:54,779 - DEBUG - bleak.backends.dotnet.client - Write Characteristic 6e400002-b5a3-f393-e0a9-e50e24dcca9e : bytearray(b'2,0')
2021-08-19 11:11:54,813 - INFO - root - x = 334, y = 143, Radius = 23.367076873779297
2021-08-19 11:11:54,813 - INFO - root - Decision Window: xRange = 330, 348,  yRange = 152, 129
2021-08-19 11:11:54,813 - INFO - root - Next Decision Window: xRange = 310, 329,  yRange = 164, 130
2021-08-19 11:11:54,813 - INFO - root - Distance = 15.524174696260024, direction = 2, Win# 3
2021-08-19 11:11:54,899 - DEBUG - bleak.backends.dotnet.client - Write Characteristic 6e400002-b5a3-f393-e0a9-e50e24dcca9e : bytearray(b'2,0')
2021-08-19 11:11:54,943 - INFO - root - x = 323, y = 144, Radius = 23.18543243408203
2021-08-19 11:11:54,943 - INFO - root - Decision Window: xRange = 310, 329,  yRange = 164, 130
2021-08-19 11:11:54,944 - INFO - root - Next Decision Window: xRange = 295, 309,  yRange = 175, 139
2021-08-19 11:11:54,944 - INFO - root - Distance = 0, direction = 2, Win# 4
2021-08-19 11:11:55,020 - DEBUG - bleak.backends.dotnet.client - Write Characteristic 6e400002-b5a3-f393-e0a9-e50e24dcca9e : bytearray(b'2,0')
2021-08-19 11:11:55,059 - INFO - root - x = 312, y = 148, Radius = 23.2905330657959
2021-08-19 11:11:55,059 - INFO - root - Decision Window: xRange = 310, 329,  yRange = 164, 130
2021-08-19 11:11:55,059 - INFO - root - Next Decision Window: xRange = 295, 309,  yRange = 175, 139
2021-08-19 11:11:55,059 - INFO - root - Distance = 13.45362404707371, direction = 2, Win# 4
2021-08-19 11:11:55,139 - DEBUG - bleak.backends.dotnet.client - Write Characteristic 6e400002-b5a3-f393-e0a9-e50e24dcca9e : bytearray(b'2,0')
2021-08-19 11:11:55,174 - INFO - root - x = 308, y = 148, Radius = 23.233083724975586
2021-08-19 11:11:55,174 - INFO - root - Decision Window: xRange = 295, 309,  yRange = 175, 139
2021-08-19 11:11:55,174 - INFO - root - Next Decision Window: xRange = 281, 294,  yRange = 190, 148
2021-08-19 11:11:55,174 - INFO - root - Distance = 0, direction = 3, Win# 5
2021-08-19 11:11:55,259 - DEBUG - bleak.backends.dotnet.client - Write Characteristic 6e400002-b5a3-f393-e0a9-e50e24dcca9e : bytearray(b'3,0')
2021-08-19 11:11:55,279 - INFO - root - x = 307, y = 147, Radius = 22.824939727783203
2021-08-19 11:11:55,279 - INFO - root - Decision Window: xRange = 295, 309,  yRange = 175, 139
2021-08-19 11:11:55,279 - INFO - root - Next Decision Window: xRange = 281, 294,  yRange = 190, 148
2021-08-19 11:11:55,279 - INFO - root - Distance = 29.732137494637012, direction = 3, Win# 5
2021-08-19 11:11:55,380 - DEBUG - bleak.backends.dotnet.client - Write Characteristic 6e400002-b5a3-f393-e0a9-e50e24dcca9e : bytearray(b'3,0')
2021-08-19 11:11:55,417 - INFO - root - x = 306, y = 147, Radius = 23.04094123840332
2021-08-19 11:11:55,417 - INFO - root - Decision Window: xRange = 295, 309,  yRange = 175, 139
2021-08-19 11:11:55,417 - INFO - root - Next Decision Window: xRange = 281, 294,  yRange = 190, 148
2021-08-19 11:11:55,417 - INFO - root - Distance = 29.068883707497267, direction = 3, Win# 5
2021-08-19 11:11:55,499 - DEBUG - bleak.backends.dotnet.client - Write Characteristic 6e400002-b5a3-f393-e0a9-e50e24dcca9e : bytearray(b'3,0')
2021-08-19 11:11:55,540 - INFO - root - x = 309, y = 147, Radius = 26.570758819580078
2021-08-19 11:11:55,541 - INFO - root - Decision Window: xRange = 295, 309,  yRange = 175, 139
2021-08-19 11:11:55,541 - INFO - root - Next Decision Window: xRange = 281, 294,  yRange = 190, 148
2021-08-19 11:11:55,541 - INFO - root - Distance = 31.11269837220809, direction = 3, Win# 5
2021-08-19 11:11:55,619 - DEBUG - bleak.backends.dotnet.client - Write Characteristic 6e400002-b5a3-f393-e0a9-e50e24dcca9e : bytearray(b'3,0')
2021-08-19 11:11:55,646 - INFO - root - x = 317, y = 146, Radius = 27.57726287841797
2021-08-19 11:11:55,646 - INFO - root - Decision Window: xRange = 295, 309,  yRange = 175, 139
2021-08-19 11:11:55,647 - INFO - root - Next Decision Window: xRange = 281, 294,  yRange = 190, 148
2021-08-19 11:11:55,647 - INFO - root - Distance = 37.8021163428716, direction = 2, Win# 5
2021-08-19 11:11:55,740 - DEBUG - bleak.backends.dotnet.client - Write Characteristic 6e400002-b5a3-f393-e0a9-e50e24dcca9e : bytearray(b'2,0')
2021-08-19 11:11:55,776 - INFO - root - x = 324, y = 144, Radius = 24.65300178527832
2021-08-19 11:11:55,776 - INFO - root - Decision Window: xRange = 295, 309,  yRange = 175, 139
2021-08-19 11:11:55,776 - INFO - root - Next Decision Window: xRange = 281, 294,  yRange = 190, 148
2021-08-19 11:11:55,776 - INFO - root - Distance = 44.654227123532216, direction = 2, Win# 5
2021-08-19 11:11:55,859 - DEBUG - bleak.backends.dotnet.client - Write Characteristic 6e400002-b5a3-f393-e0a9-e50e24dcca9e : bytearray(b'2,0')
2021-08-19 11:11:55,893 - INFO - root - x = 324, y = 145, Radius = 24.041728973388672
2021-08-19 11:11:55,893 - INFO - root - Decision Window: xRange = 295, 309,  yRange = 175, 139
2021-08-19 11:11:55,893 - INFO - root - Next Decision Window: xRange = 281, 294,  yRange = 190, 148
2021-08-19 11:11:55,894 - INFO - root - Distance = 44.10215414239989, direction = 2, Win# 5
2021-08-19 11:11:55,979 - DEBUG - bleak.backends.dotnet.client - Write Characteristic 6e400002-b5a3-f393-e0a9-e50e24dcca9e : bytearray(b'2,0')
2021-08-19 11:11:56,018 - INFO - root - x = 316, y = 147, Radius = 24.57246971130371
2021-08-19 11:11:56,018 - INFO - root - Decision Window: xRange = 295, 309,  yRange = 175, 139
2021-08-19 11:11:56,018 - INFO - root - Next Decision Window: xRange = 281, 294,  yRange = 190, 148
2021-08-19 11:11:56,018 - INFO - root - Distance = 36.40054944640259, direction = 2, Win# 5
2021-08-19 11:11:56,099 - DEBUG - bleak.backends.dotnet.client - Write Characteristic 6e400002-b5a3-f393-e0a9-e50e24dcca9e : bytearray(b'2,0')
2021-08-19 11:11:56,129 - INFO - root - x = 311, y = 148, Radius = 24.42176628112793
2021-08-19 11:11:56,129 - INFO - root - Decision Window: xRange = 295, 309,  yRange = 175, 139
2021-08-19 11:11:56,129 - INFO - root - Next Decision Window: xRange = 281, 294,  yRange = 190, 148
2021-08-19 11:11:56,129 - INFO - root - Distance = 31.89043743820395, direction = 2, Win# 5
2021-08-19 11:11:56,219 - DEBUG - bleak.backends.dotnet.client - Write Characteristic 6e400002-b5a3-f393-e0a9-e50e24dcca9e : bytearray(b'2,0')
2021-08-19 11:11:56,249 - INFO - root - x = 312, y = 148, Radius = 27.735456466674805
2021-08-19 11:11:56,249 - INFO - root - Decision Window: xRange = 295, 309,  yRange = 175, 139
2021-08-19 11:11:56,249 - INFO - root - Next Decision Window: xRange = 281, 294,  yRange = 190, 148
2021-08-19 11:11:56,249 - INFO - root - Distance = 32.64965543462902, direction = 2, Win# 5
2021-08-19 11:11:56,339 - DEBUG - bleak.backends.dotnet.client - Write Characteristic 6e400002-b5a3-f393-e0a9-e50e24dcca9e : bytearray(b'2,0')
2021-08-19 11:11:56,376 - INFO - root - x = 315, y = 146, Radius = 24.86528778076172
2021-08-19 11:11:56,376 - INFO - root - Decision Window: xRange = 295, 309,  yRange = 175, 139
2021-08-19 11:11:56,376 - INFO - root - Next Decision Window: xRange = 281, 294,  yRange = 190, 148
2021-08-19 11:11:56,376 - INFO - root - Distance = 36.235341863986875, direction = 2, Win# 5
2021-08-19 11:11:56,460 - DEBUG - bleak.backends.dotnet.client - Write Characteristic 6e400002-b5a3-f393-e0a9-e50e24dcca9e : bytearray(b'2,0')
2021-08-19 11:11:56,496 - INFO - root - x = 319, y = 147, Radius = 24.83972930908203
2021-08-19 11:11:56,496 - INFO - root - Decision Window: xRange = 295, 309,  yRange = 175, 139
2021-08-19 11:11:56,496 - INFO - root - Next Decision Window: xRange = 281, 294,  yRange = 190, 148
2021-08-19 11:11:56,496 - INFO - root - Distance = 38.8329756778952, direction = 2, Win# 5
2021-08-19 11:11:56,580 - DEBUG - bleak.backends.dotnet.client - Write Characteristic 6e400002-b5a3-f393-e0a9-e50e24dcca9e : bytearray(b'2,0')
2021-08-19 11:11:56,621 - INFO - root - x = 311, y = 151, Radius = 25.37872314453125
2021-08-19 11:11:56,622 - INFO - root - Decision Window: xRange = 295, 309,  yRange = 175, 139
2021-08-19 11:11:56,622 - INFO - root - Next Decision Window: xRange = 281, 294,  yRange = 190, 148
2021-08-19 11:11:56,622 - INFO - root - Distance = 30.0, direction = 2, Win# 5
2021-08-19 11:11:56,699 - DEBUG - bleak.backends.dotnet.client - Write Characteristic 6e400002-b5a3-f393-e0a9-e50e24dcca9e : bytearray(b'2,0')
2021-08-19 11:11:56,732 - INFO - root - x = 306, y = 153, Radius = 26.291400909423828
2021-08-19 11:11:56,732 - INFO - root - Decision Window: xRange = 295, 309,  yRange = 175, 139
2021-08-19 11:11:56,732 - INFO - root - Next Decision Window: xRange = 281, 294,  yRange = 190, 148
2021-08-19 11:11:56,732 - INFO - root - Distance = 24.839484696748443, direction = 2, Win# 5
2021-08-19 11:11:56,819 - DEBUG - bleak.backends.dotnet.client - Write Characteristic 6e400002-b5a3-f393-e0a9-e50e24dcca9e : bytearray(b'2,0')
2021-08-19 11:11:56,850 - INFO - root - x = 304, y = 153, Radius = 26.100866317749023
2021-08-19 11:11:56,851 - INFO - root - Decision Window: xRange = 295, 309,  yRange = 175, 139
2021-08-19 11:11:56,851 - INFO - root - Next Decision Window: xRange = 281, 294,  yRange = 190, 148
2021-08-19 11:11:56,851 - INFO - root - Distance = 23.345235059857504, direction = 2, Win# 5
2021-08-19 11:11:56,939 - DEBUG - bleak.backends.dotnet.client - Write Characteristic 6e400002-b5a3-f393-e0a9-e50e24dcca9e : bytearray(b'2,0')
2021-08-19 11:11:56,980 - INFO - root - x = 305, y = 152, Radius = 26.12049102783203
2021-08-19 11:11:56,980 - INFO - root - Decision Window: xRange = 295, 309,  yRange = 175, 139
2021-08-19 11:11:56,980 - INFO - root - Next Decision Window: xRange = 281, 294,  yRange = 190, 148
2021-08-19 11:11:56,980 - INFO - root - Distance = 24.758836806279895, direction = 2, Win# 5
2021-08-19 11:11:57,059 - DEBUG - bleak.backends.dotnet.client - Write Characteristic 6e400002-b5a3-f393-e0a9-e50e24dcca9e : bytearray(b'2,0')
2021-08-19 11:11:57,099 - INFO - root - x = 305, y = 150, Radius = 25.650976181030273
2021-08-19 11:11:57,099 - INFO - root - Decision Window: xRange = 295, 309,  yRange = 175, 139
2021-08-19 11:11:57,099 - INFO - root - Next Decision Window: xRange = 281, 294,  yRange = 190, 148
2021-08-19 11:11:57,099 - INFO - root - Distance = 26.1725046566048, direction = 3, Win# 5
2021-08-19 11:11:57,179 - DEBUG - bleak.backends.dotnet.client - Write Characteristic 6e400002-b5a3-f393-e0a9-e50e24dcca9e : bytearray(b'3,0')
2021-08-19 11:11:57,210 - INFO - root - x = 302, y = 152, Radius = 26.842914581298828
2021-08-19 11:11:57,210 - INFO - root - Decision Window: xRange = 295, 309,  yRange = 175, 139
2021-08-19 11:11:57,210 - INFO - root - Next Decision Window: xRange = 281, 294,  yRange = 190, 148
2021-08-19 11:11:57,210 - INFO - root - Distance = 22.67156809750927, direction = 3, Win# 5
2021-08-19 11:11:57,300 - DEBUG - bleak.backends.dotnet.client - Write Characteristic 6e400002-b5a3-f393-e0a9-e50e24dcca9e : bytearray(b'3,0')
2021-08-19 11:11:57,330 - INFO - root - x = 300, y = 152, Radius = 26.570758819580078
2021-08-19 11:11:57,330 - INFO - root - Decision Window: xRange = 295, 309,  yRange = 175, 139
2021-08-19 11:11:57,330 - INFO - root - Next Decision Window: xRange = 281, 294,  yRange = 190, 148
2021-08-19 11:11:57,330 - INFO - root - Distance = 21.400934559032695, direction = 3, Win# 5
2021-08-19 11:11:57,419 - DEBUG - bleak.backends.dotnet.client - Write Characteristic 6e400002-b5a3-f393-e0a9-e50e24dcca9e : bytearray(b'3,0')
2021-08-19 11:11:57,454 - INFO - root - x = 299, y = 154, Radius = 26.67964744567871
2021-08-19 11:11:57,454 - INFO - root - Decision Window: xRange = 295, 309,  yRange = 175, 139
2021-08-19 11:11:57,454 - INFO - root - Next Decision Window: xRange = 281, 294,  yRange = 190, 148
2021-08-19 11:11:57,454 - INFO - root - Distance = 19.209372712298546, direction = 3, Win# 5
2021-08-19 11:11:57,539 - DEBUG - bleak.backends.dotnet.client - Write Characteristic 6e400002-b5a3-f393-e0a9-e50e24dcca9e : bytearray(b'3,0')
2021-08-19 11:11:57,581 - INFO - root - x = 297, y = 155, Radius = 26.599512100219727
2021-08-19 11:11:57,581 - INFO - root - Decision Window: xRange = 295, 309,  yRange = 175, 139
2021-08-19 11:11:57,581 - INFO - root - Next Decision Window: xRange = 281, 294,  yRange = 190, 148
2021-08-19 11:11:57,581 - INFO - root - Distance = 17.204650534085253, direction = 3, Win# 5
2021-08-19 11:11:57,659 - DEBUG - bleak.backends.dotnet.client - Write Characteristic 6e400002-b5a3-f393-e0a9-e50e24dcca9e : bytearray(b'3,0')
2021-08-19 11:11:57,688 - INFO - root - x = 297, y = 154, Radius = 26.740966796875
2021-08-19 11:11:57,688 - INFO - root - Decision Window: xRange = 295, 309,  yRange = 175, 139
2021-08-19 11:11:57,688 - INFO - root - Next Decision Window: xRange = 281, 294,  yRange = 190, 148
2021-08-19 11:11:57,688 - INFO - root - Distance = 18.027756377319946, direction = 3, Win# 5
2021-08-19 11:11:57,780 - DEBUG - bleak.backends.dotnet.client - Write Characteristic 6e400002-b5a3-f393-e0a9-e50e24dcca9e : bytearray(b'3,0')
2021-08-19 11:11:57,816 - INFO - root - x = 299, y = 153, Radius = 27.590286254882812
2021-08-19 11:11:57,816 - INFO - root - Decision Window: xRange = 295, 309,  yRange = 175, 139
2021-08-19 11:11:57,816 - INFO - root - Next Decision Window: xRange = 281, 294,  yRange = 190, 148
2021-08-19 11:11:57,816 - INFO - root - Distance = 20.0, direction = 3, Win# 5
2021-08-19 11:11:57,899 - DEBUG - bleak.backends.dotnet.client - Write Characteristic 6e400002-b5a3-f393-e0a9-e50e24dcca9e : bytearray(b'3,0')
2021-08-19 11:11:57,932 - INFO - root - x = 301, y = 153, Radius = 27.98290252685547
2021-08-19 11:11:57,932 - INFO - root - Decision Window: xRange = 295, 309,  yRange = 175, 139
2021-08-19 11:11:57,932 - INFO - root - Next Decision Window: xRange = 281, 294,  yRange = 190, 148
2021-08-19 11:11:57,932 - INFO - root - Distance = 21.2602916254693, direction = 3, Win# 5
2021-08-19 11:11:58,020 - DEBUG - bleak.backends.dotnet.client - Write Characteristic 6e400002-b5a3-f393-e0a9-e50e24dcca9e : bytearray(b'3,0')
2021-08-19 11:11:58,062 - INFO - root - x = 304, y = 151, Radius = 27.348285675048828
2021-08-19 11:11:58,063 - INFO - root - Decision Window: xRange = 295, 309,  yRange = 175, 139
2021-08-19 11:11:58,063 - INFO - root - Next Decision Window: xRange = 281, 294,  yRange = 190, 148
2021-08-19 11:11:58,063 - INFO - root - Distance = 24.758836806279895, direction = 3, Win# 5
2021-08-19 11:11:58,139 - DEBUG - bleak.backends.dotnet.client - Write Characteristic 6e400002-b5a3-f393-e0a9-e50e24dcca9e : bytearray(b'3,0')
2021-08-19 11:11:58,181 - INFO - root - x = 306, y = 151, Radius = 27.033950805664062
2021-08-19 11:11:58,181 - INFO - root - Decision Window: xRange = 295, 309,  yRange = 175, 139
2021-08-19 11:11:58,181 - INFO - root - Next Decision Window: xRange = 281, 294,  yRange = 190, 148
2021-08-19 11:11:58,181 - INFO - root - Distance = 26.1725046566048, direction = 2, Win# 5
2021-08-19 11:11:58,259 - DEBUG - bleak.backends.dotnet.client - Write Characteristic 6e400002-b5a3-f393-e0a9-e50e24dcca9e : bytearray(b'2,0')
2021-08-19 11:11:58,288 - INFO - root - x = 308, y = 152, Radius = 28.164016723632812
2021-08-19 11:11:58,288 - INFO - root - Decision Window: xRange = 295, 309,  yRange = 175, 139
2021-08-19 11:11:58,288 - INFO - root - Next Decision Window: xRange = 281, 294,  yRange = 190, 148
2021-08-19 11:11:58,289 - INFO - root - Distance = 27.018512172212592, direction = 2, Win# 5
2021-08-19 11:11:58,379 - DEBUG - bleak.backends.dotnet.client - Write Characteristic 6e400002-b5a3-f393-e0a9-e50e24dcca9e : bytearray(b'2,0')
2021-08-19 11:11:58,401 - INFO - root - x = 307, y = 153, Radius = 27.961078643798828
2021-08-19 11:11:58,401 - INFO - root - Decision Window: xRange = 295, 309,  yRange = 175, 139
2021-08-19 11:11:58,401 - INFO - root - Next Decision Window: xRange = 281, 294,  yRange = 190, 148
2021-08-19 11:11:58,401 - INFO - root - Distance = 25.612496949731394, direction = 2, Win# 5
2021-08-19 11:11:58,500 - DEBUG - bleak.backends.dotnet.client - Write Characteristic 6e400002-b5a3-f393-e0a9-e50e24dcca9e : bytearray(b'2,0')
2021-08-19 11:11:58,534 - INFO - root - x = 306, y = 153, Radius = 28.337026596069336
2021-08-19 11:11:58,534 - INFO - root - Decision Window: xRange = 295, 309,  yRange = 175, 139
2021-08-19 11:11:58,534 - INFO - root - Next Decision Window: xRange = 281, 294,  yRange = 190, 148
2021-08-19 11:11:58,534 - INFO - root - Distance = 24.839484696748443, direction = 2, Win# 5
2021-08-19 11:11:58,619 - DEBUG - bleak.backends.dotnet.client - Write Characteristic 6e400002-b5a3-f393-e0a9-e50e24dcca9e : bytearray(b'2,0')
2021-08-19 11:11:58,662 - INFO - root - x = 307, y = 152, Radius = 28.57364845275879
2021-08-19 11:11:58,662 - INFO - root - Decision Window: xRange = 295, 309,  yRange = 175, 139
2021-08-19 11:11:58,662 - INFO - root - Next Decision Window: xRange = 281, 294,  yRange = 190, 148
2021-08-19 11:11:58,662 - INFO - root - Distance = 26.248809496813376, direction = 2, Win# 5
2021-08-19 11:11:58,739 - DEBUG - bleak.backends.dotnet.client - Write Characteristic 6e400002-b5a3-f393-e0a9-e50e24dcca9e : bytearray(b'2,0')
2021-08-19 11:11:58,765 - INFO - root - x = 301, y = 157, Radius = 29.535036087036133
2021-08-19 11:11:58,766 - INFO - root - Decision Window: xRange = 295, 309,  yRange = 175, 139
2021-08-19 11:11:58,766 - INFO - root - Next Decision Window: xRange = 281, 294,  yRange = 190, 148
2021-08-19 11:11:58,766 - INFO - root - Distance = 18.439088914585774, direction = 2, Win# 5
2021-08-19 11:11:58,859 - DEBUG - bleak.backends.dotnet.client - Write Characteristic 6e400002-b5a3-f393-e0a9-e50e24dcca9e : bytearray(b'2,0')
2021-08-19 11:11:58,888 - INFO - root - x = 265, y = 192, Radius = 31.866004943847656
2021-08-19 11:11:58,888 - INFO - root - Decision Window: xRange = 295, 309,  yRange = 175, 139
2021-08-19 11:11:58,888 - INFO - root - Next Decision Window: xRange = 281, 294,  yRange = 190, 148
2021-08-19 11:11:58,888 - INFO - root - Distance = 31.827660925679098, direction = 1, Win# 5
2021-08-19 11:11:58,980 - DEBUG - bleak.backends.dotnet.client - Write Characteristic 6e400002-b5a3-f393-e0a9-e50e24dcca9e : bytearray(b'1,0')
2021-08-19 11:11:59,012 - INFO - root - x = 77, y = 463, Radius = 38.91667556762695
2021-08-19 11:11:59,013 - INFO - root - Decision Window: xRange = 295, 309,  yRange = 175, 139
2021-08-19 11:11:59,013 - INFO - root - Next Decision Window: xRange = 281, 294,  yRange = 190, 148
2021-08-19 11:11:59,013 - INFO - root - Distance = 361.2976612157903, direction = 1, Win# 5
2021-08-19 11:11:59,099 - DEBUG - bleak.backends.dotnet.client - Write Characteristic 6e400002-b5a3-f393-e0a9-e50e24dcca9e : bytearray(b'1,3')
2021-08-19 11:12:01,338 - INFO - root - x = 374, y = 527, Radius = 2.5000998973846436
2021-08-19 11:12:01,338 - INFO - root - Decision Window: xRange = 295, 309,  yRange = 175, 139
2021-08-19 11:12:01,338 - INFO - root - Next Decision Window: xRange = 281, 294,  yRange = 190, 148
2021-08-19 11:12:01,338 - INFO - root - Distance = 368.41959774148825, direction = 1, Win# 5
2021-08-19 11:12:01,500 - DEBUG - bleak.backends.dotnet.client - Write Characteristic 6e400002-b5a3-f393-e0a9-e50e24dcca9e : bytearray(b'1,3')
2021-08-19 11:12:01,565 - INFO - root - x = 379, y = 527, Radius = 2.8285269737243652
2021-08-19 11:12:01,565 - INFO - root - Decision Window: xRange = 295, 309,  yRange = 175, 139
2021-08-19 11:12:01,565 - INFO - root - Next Decision Window: xRange = 281, 294,  yRange = 190, 148
2021-08-19 11:12:01,565 - INFO - root - Distance = 369.63224967526844, direction = 1, Win# 5
2021-08-19 11:12:01,680 - DEBUG - bleak.backends.dotnet.client - Write Characteristic 6e400002-b5a3-f393-e0a9-e50e24dcca9e : bytearray(b'1,3')
2021-08-19 11:12:05,899 - INFO - root - x = 203, y = 515, Radius = 32.77585220336914
2021-08-19 11:12:05,900 - INFO - root - Decision Window: xRange = 295, 309,  yRange = 175, 139
2021-08-19 11:12:05,900 - INFO - root - Next Decision Window: xRange = 281, 294,  yRange = 190, 148
2021-08-19 11:12:05,900 - INFO - root - Distance = 356.0505582076793, direction = 1, Win# 5
2021-08-19 11:12:06,060 - DEBUG - bleak.backends.dotnet.client - Write Characteristic 6e400002-b5a3-f393-e0a9-e50e24dcca9e : bytearray(b'1,3')
2021-08-19 11:12:06,087 - INFO - root - x = 322, y = 418, Radius = 82.7421646118164
2021-08-19 11:12:06,087 - INFO - root - Decision Window: xRange = 295, 309,  yRange = 175, 139
2021-08-19 11:12:06,087 - INFO - root - Next Decision Window: xRange = 281, 294,  yRange = 190, 148
2021-08-19 11:12:06,087 - INFO - root - Distance = 251.44780770569466, direction = 1, Win# 5
2021-08-19 11:12:06,180 - DEBUG - bleak.backends.dotnet.client - Write Characteristic 6e400002-b5a3-f393-e0a9-e50e24dcca9e : bytearray(b'1,3')
2021-08-19 11:12:06,211 - INFO - root - x = 362, y = 315, Radius = 77.82682800292969
2021-08-19 11:12:06,211 - INFO - root - Decision Window: xRange = 295, 309,  yRange = 175, 139
2021-08-19 11:12:06,211 - INFO - root - Next Decision Window: xRange = 281, 294,  yRange = 190, 148
2021-08-19 11:12:06,211 - INFO - root - Distance = 164.13713778423212, direction = 1, Win# 5
2021-08-19 11:12:06,300 - DEBUG - bleak.backends.dotnet.client - Write Characteristic 6e400002-b5a3-f393-e0a9-e50e24dcca9e : bytearray(b'1,2')
2021-08-19 11:12:06,337 - INFO - root - x = 338, y = 247, Radius = 79.65717315673828
2021-08-19 11:12:06,337 - INFO - root - Decision Window: xRange = 295, 309,  yRange = 175, 139
2021-08-19 11:12:06,337 - INFO - root - Next Decision Window: xRange = 281, 294,  yRange = 190, 148
2021-08-19 11:12:06,337 - INFO - root - Distance = 93.1933474020544, direction = 1, Win# 5
2021-08-19 11:12:06,419 - DEBUG - bleak.backends.dotnet.client - Write Characteristic 6e400002-b5a3-f393-e0a9-e50e24dcca9e : bytearray(b'1,1')
2021-08-19 11:12:06,457 - INFO - root - x = 283, y = 226, Radius = 86.98429107666016
2021-08-19 11:12:06,457 - INFO - root - Decision Window: xRange = 295, 309,  yRange = 175, 139
2021-08-19 11:12:06,457 - INFO - root - Next Decision Window: xRange = 281, 294,  yRange = 190, 148
2021-08-19 11:12:06,457 - INFO - root - Distance = 57.14017850864661, direction = 1, Win# 5
2021-08-19 11:12:06,539 - DEBUG - bleak.backends.dotnet.client - Write Characteristic 6e400002-b5a3-f393-e0a9-e50e24dcca9e : bytearray(b'1,1')
2021-08-19 11:12:06,569 - INFO - root - x = 216, y = 217, Radius = 94.36243438720703
2021-08-19 11:12:06,569 - INFO - root - Decision Window: xRange = 295, 309,  yRange = 175, 139
2021-08-19 11:12:06,569 - INFO - root - Next Decision Window: xRange = 281, 294,  yRange = 190, 148
2021-08-19 11:12:06,569 - INFO - root - Distance = 85.70297544426332, direction = 4, Win# 5
2021-08-19 11:12:06,660 - DEBUG - bleak.backends.dotnet.client - Write Characteristic 6e400002-b5a3-f393-e0a9-e50e24dcca9e : bytearray(b'4,1')
2021-08-19 11:12:06,693 - INFO - root - x = 146, y = 243, Radius = 90.56775665283203
2021-08-19 11:12:06,693 - INFO - root - Decision Window: xRange = 295, 309,  yRange = 175, 139
2021-08-19 11:12:06,693 - INFO - root - Next Decision Window: xRange = 281, 294,  yRange = 190, 148
2021-08-19 11:12:06,693 - INFO - root - Distance = 159.2388143638353, direction = 4, Win# 5
2021-08-19 11:12:06,780 - DEBUG - bleak.backends.dotnet.client - Write Characteristic 6e400002-b5a3-f393-e0a9-e50e24dcca9e : bytearray(b'4,2')
2021-08-19 11:12:07,163 - INFO - root - x = 64, y = 397, Radius = 2.8285269737243652
2021-08-19 11:12:07,163 - INFO - root - Decision Window: xRange = 295, 309,  yRange = 175, 139
2021-08-19 11:12:07,164 - INFO - root - Next Decision Window: xRange = 281, 294,  yRange = 190, 148
2021-08-19 11:12:07,164 - INFO - root - Distance = 318.92475601621146, direction = 1, Win# 5
2021-08-19 11:12:07,260 - DEBUG - bleak.backends.dotnet.client - Write Characteristic 6e400002-b5a3-f393-e0a9-e50e24dcca9e : bytearray(b'1,3')
2021-08-19 11:12:07,290 - INFO - root - x = 76, y = 287, Radius = 65.59268188476562
2021-08-19 11:12:07,291 - INFO - root - Decision Window: xRange = 295, 309,  yRange = 175, 139
2021-08-19 11:12:07,291 - INFO - root - Next Decision Window: xRange = 281, 294,  yRange = 190, 148
2021-08-19 11:12:07,291 - INFO - root - Distance = 241.75400720567177, direction = 4, Win# 5
2021-08-19 11:12:07,379 - DEBUG - bleak.backends.dotnet.client - Write Characteristic 6e400002-b5a3-f393-e0a9-e50e24dcca9e : bytearray(b'4,3')
2021-08-19 11:12:07,405 - INFO - root - x = 132, y = 238, Radius = 90.68637084960938
2021-08-19 11:12:07,405 - INFO - root - Decision Window: xRange = 295, 309,  yRange = 175, 139
2021-08-19 11:12:07,405 - INFO - root - Next Decision Window: xRange = 281, 294,  yRange = 190, 148
2021-08-19 11:12:07,405 - INFO - root - Distance = 169.66437457521835, direction = 4, Win# 5
2021-08-19 11:12:07,500 - DEBUG - bleak.backends.dotnet.client - Write Characteristic 6e400002-b5a3-f393-e0a9-e50e24dcca9e : bytearray(b'4,2')
2021-08-19 11:12:07,539 - INFO - root - x = 218, y = 199, Radius = 99.4787368774414
2021-08-19 11:12:07,539 - INFO - root - Decision Window: xRange = 295, 309,  yRange = 175, 139
2021-08-19 11:12:07,539 - INFO - root - Next Decision Window: xRange = 281, 294,  yRange = 190, 148
2021-08-19 11:12:07,539 - INFO - root - Distance = 75.23961722390672, direction = 4, Win# 5
2021-08-19 11:12:07,619 - DEBUG - bleak.backends.dotnet.client - Write Characteristic 6e400002-b5a3-f393-e0a9-e50e24dcca9e : bytearray(b'4,1')
2021-08-19 11:12:07,647 - INFO - root - x = 253, y = 188, Radius = 99.6055679321289
2021-08-19 11:12:07,647 - INFO - root - Decision Window: xRange = 295, 309,  yRange = 175, 139
2021-08-19 11:12:07,648 - INFO - root - Next Decision Window: xRange = 281, 294,  yRange = 190, 148
2021-08-19 11:12:07,648 - INFO - root - Distance = 38.948684188300895, direction = 4, Win# 5
2021-08-19 11:12:07,740 - DEBUG - bleak.backends.dotnet.client - Write Characteristic 6e400002-b5a3-f393-e0a9-e50e24dcca9e : bytearray(b'4,0')
2021-08-19 11:12:07,773 - INFO - root - x = 276, y = 190, Radius = 98.88387298583984
2021-08-19 11:12:07,773 - INFO - root - Decision Window: xRange = 295, 309,  yRange = 175, 139
2021-08-19 11:12:07,773 - INFO - root - Next Decision Window: xRange = 281, 294,  yRange = 190, 148
2021-08-19 11:12:07,773 - INFO - root - Distance = 23.706539182259394, direction = 1, Win# 5
2021-08-19 11:12:07,860 - DEBUG - bleak.backends.dotnet.client - Write Characteristic 6e400002-b5a3-f393-e0a9-e50e24dcca9e : bytearray(b'1,0')
2021-08-19 11:12:07,899 - INFO - root - x = 284, y = 197, Radius = 102.67677307128906
2021-08-19 11:12:07,899 - INFO - root - Decision Window: xRange = 295, 309,  yRange = 175, 139
2021-08-19 11:12:07,899 - INFO - root - Next Decision Window: xRange = 281, 294,  yRange = 190, 148
2021-08-19 11:12:07,899 - INFO - root - Distance = 28.160255680657446, direction = 1, Win# 5
2021-08-19 11:12:07,979 - DEBUG - bleak.backends.dotnet.client - Write Characteristic 6e400002-b5a3-f393-e0a9-e50e24dcca9e : bytearray(b'1,0')
2021-08-19 11:12:08,022 - INFO - root - x = 274, y = 217, Radius = 104.5108642578125
2021-08-19 11:12:08,022 - INFO - root - Decision Window: xRange = 295, 309,  yRange = 175, 139
2021-08-19 11:12:08,022 - INFO - root - Next Decision Window: xRange = 281, 294,  yRange = 190, 148
2021-08-19 11:12:08,022 - INFO - root - Distance = 49.72926703662542, direction = 1, Win# 5
2021-08-19 11:12:08,099 - DEBUG - bleak.backends.dotnet.client - Write Characteristic 6e400002-b5a3-f393-e0a9-e50e24dcca9e : bytearray(b'1,0')
2021-08-19 11:12:08,140 - INFO - root - x = 269, y = 234, Radius = 104.99771881103516
2021-08-19 11:12:08,140 - INFO - root - Decision Window: xRange = 295, 309,  yRange = 175, 139
2021-08-19 11:12:08,140 - INFO - root - Next Decision Window: xRange = 281, 294,  yRange = 190, 148
2021-08-19 11:12:08,140 - INFO - root - Distance = 67.446274915669, direction = 1, Win# 5
2021-08-19 11:12:08,220 - DEBUG - bleak.backends.dotnet.client - Write Characteristic 6e400002-b5a3-f393-e0a9-e50e24dcca9e : bytearray(b'1,1')
2021-08-19 11:12:08,240 - INFO - root - x = 274, y = 219, Radius = 100.53118896484375
2021-08-19 11:12:08,240 - INFO - root - Decision Window: xRange = 295, 309,  yRange = 175, 139
2021-08-19 11:12:08,240 - INFO - root - Next Decision Window: xRange = 281, 294,  yRange = 190, 148
2021-08-19 11:12:08,240 - INFO - root - Distance = 51.66236541235796, direction = 1, Win# 5
2021-08-19 11:12:08,339 - DEBUG - bleak.backends.dotnet.client - Write Characteristic 6e400002-b5a3-f393-e0a9-e50e24dcca9e : bytearray(b'1,1')
2021-08-19 11:12:08,372 - INFO - root - x = 281, y = 190, Radius = 97.52957916259766
2021-08-19 11:12:08,372 - INFO - root - Decision Window: xRange = 295, 309,  yRange = 175, 139
2021-08-19 11:12:08,372 - INFO - root - Next Decision Window: xRange = 281, 294,  yRange = 190, 148
2021-08-19 11:12:08,372 - INFO - root - Distance = 21.840329667841555, direction = 1, Win# 5
2021-08-19 11:12:08,460 - DEBUG - bleak.backends.dotnet.client - Write Characteristic 6e400002-b5a3-f393-e0a9-e50e24dcca9e : bytearray(b'1,0')
2021-08-19 11:12:08,495 - INFO - root - x = 280, y = 180, Radius = 94.61775207519531
2021-08-19 11:12:08,495 - INFO - root - Decision Window: xRange = 295, 309,  yRange = 175, 139
2021-08-19 11:12:08,495 - INFO - root - Next Decision Window: xRange = 281, 294,  yRange = 190, 148
2021-08-19 11:12:08,495 - INFO - root - Distance = 13.038404810405298, direction = 1, Win# 5
2021-08-19 11:12:08,580 - DEBUG - bleak.backends.dotnet.client - Write Characteristic 6e400002-b5a3-f393-e0a9-e50e24dcca9e : bytearray(b'1,0')
2021-08-19 11:12:08,612 - INFO - root - x = 285, y = 170, Radius = 96.41197967529297
2021-08-19 11:12:08,612 - INFO - root - Decision Window: xRange = 281, 294,  yRange = 190, 148
2021-08-19 11:12:08,612 - INFO - root - Next Decision Window: xRange = 268, 280,  yRange = 202, 161
2021-08-19 11:12:08,612 - INFO - root - Distance = 0, direction = 4, Win# 6
2021-08-19 11:12:08,700 - DEBUG - bleak.backends.dotnet.client - Write Characteristic 6e400002-b5a3-f393-e0a9-e50e24dcca9e : bytearray(b'4,0')
2021-08-19 11:12:08,728 - INFO - root - x = 294, y = 161, Radius = 91.7061538696289
2021-08-19 11:12:08,728 - INFO - root - Decision Window: xRange = 281, 294,  yRange = 190, 148
2021-08-19 11:12:08,728 - INFO - root - Next Decision Window: xRange = 268, 280,  yRange = 202, 161
2021-08-19 11:12:08,728 - INFO - root - Distance = 28.284271247461902, direction = 3, Win# 6
2021-08-19 11:12:08,819 - DEBUG - bleak.backends.dotnet.client - Write Characteristic 6e400002-b5a3-f393-e0a9-e50e24dcca9e : bytearray(b'3,0')
2021-08-19 11:12:08,855 - INFO - root - x = 297, y = 157, Radius = 91.26482391357422
2021-08-19 11:12:08,855 - INFO - root - Decision Window: xRange = 281, 294,  yRange = 190, 148
2021-08-19 11:12:08,855 - INFO - root - Next Decision Window: xRange = 268, 280,  yRange = 202, 161
2021-08-19 11:12:08,855 - INFO - root - Distance = 33.24154027718932, direction = 3, Win# 6
2021-08-19 11:12:08,939 - DEBUG - bleak.backends.dotnet.client - Write Characteristic 6e400002-b5a3-f393-e0a9-e50e24dcca9e : bytearray(b'3,0')
2021-08-19 11:12:08,975 - INFO - root - x = 305, y = 151, Radius = 89.47076416015625
2021-08-19 11:12:08,975 - INFO - root - Decision Window: xRange = 281, 294,  yRange = 190, 148
2021-08-19 11:12:08,976 - INFO - root - Next Decision Window: xRange = 268, 280,  yRange = 202, 161
2021-08-19 11:12:08,976 - INFO - root - Distance = 43.139309220245984, direction = 2, Win# 6
2021-08-19 11:12:09,059 - DEBUG - bleak.backends.dotnet.client - Write Characteristic 6e400002-b5a3-f393-e0a9-e50e24dcca9e : bytearray(b'2,0')
2021-08-19 11:12:09,099 - INFO - root - x = 313, y = 149, Radius = 97.52957916259766
2021-08-19 11:12:09,099 - INFO - root - Decision Window: xRange = 281, 294,  yRange = 190, 148
2021-08-19 11:12:09,099 - INFO - root - Next Decision Window: xRange = 268, 280,  yRange = 202, 161
2021-08-19 11:12:09,099 - INFO - root - Distance = 50.44799302251776, direction = 2, Win# 6
2021-08-19 11:12:09,180 - DEBUG - bleak.backends.dotnet.client - Write Characteristic 6e400002-b5a3-f393-e0a9-e50e24dcca9e : bytearray(b'2,1')
2021-08-19 11:12:09,207 - INFO - root - x = 308, y = 153, Radius = 97.29475402832031
2021-08-19 11:12:09,207 - INFO - root - Decision Window: xRange = 281, 294,  yRange = 190, 148
2021-08-19 11:12:09,207 - INFO - root - Next Decision Window: xRange = 268, 280,  yRange = 202, 161
2021-08-19 11:12:09,207 - INFO - root - Distance = 44.04543109109048, direction = 2, Win# 6
2021-08-19 11:12:09,300 - DEBUG - bleak.backends.dotnet.client - Write Characteristic 6e400002-b5a3-f393-e0a9-e50e24dcca9e : bytearray(b'2,0')
2021-08-19 11:12:09,329 - INFO - root - x = 287, y = 168, Radius = 97.06193542480469
2021-08-19 11:12:09,329 - INFO - root - Decision Window: xRange = 281, 294,  yRange = 190, 148
2021-08-19 11:12:09,329 - INFO - root - Next Decision Window: xRange = 268, 280,  yRange = 202, 161
2021-08-19 11:12:09,329 - INFO - root - Distance = 18.384776310850235, direction = 3, Win# 6
2021-08-19 11:12:09,419 - DEBUG - bleak.backends.dotnet.client - Write Characteristic 6e400002-b5a3-f393-e0a9-e50e24dcca9e : bytearray(b'3,0')
2021-08-19 11:12:09,444 - INFO - root - x = 269, y = 185, Radius = 101.32383728027344
2021-08-19 11:12:09,444 - INFO - root - Decision Window: xRange = 268, 280,  yRange = 202, 161
2021-08-19 11:12:09,444 - INFO - root - Next Decision Window: xRange = 258, 267,  yRange = 225, 172
2021-08-19 11:12:09,444 - INFO - root - Distance = 0, direction = 4, Win# 7
2021-08-19 11:12:09,540 - DEBUG - bleak.backends.dotnet.client - Write Characteristic 6e400002-b5a3-f393-e0a9-e50e24dcca9e : bytearray(b'4,0')
2021-08-19 11:12:09,583 - INFO - root - x = 262, y = 195, Radius = 104.23541259765625
2021-08-19 11:12:09,583 - INFO - root - Decision Window: xRange = 258, 267,  yRange = 225, 172
2021-08-19 11:12:09,583 - INFO - root - Next Decision Window: xRange = 246, 257,  yRange = 244, 187
2021-08-19 11:12:09,583 - INFO - root - Distance = 0, direction = 3, Win# 8
2021-08-19 11:12:09,659 - DEBUG - bleak.backends.dotnet.client - Write Characteristic 6e400002-b5a3-f393-e0a9-e50e24dcca9e : bytearray(b'3,0')
2021-08-19 11:12:09,704 - INFO - root - x = 246, y = 208, Radius = 105.35308074951172
2021-08-19 11:12:09,705 - INFO - root - Decision Window: xRange = 246, 257,  yRange = 244, 187
2021-08-19 11:12:09,705 - INFO - root - Next Decision Window: xRange = 239, 245,  yRange = 269, 213
2021-08-19 11:12:09,705 - INFO - root - Distance = 0, direction = 3, Win# 9
2021-08-19 11:12:09,779 - DEBUG - bleak.backends.dotnet.client - Write Characteristic 6e400002-b5a3-f393-e0a9-e50e24dcca9e : bytearray(b'3,0')
2021-08-19 11:12:09,809 - INFO - root - x = 237, y = 217, Radius = 107.82402801513672
2021-08-19 11:12:09,809 - INFO - root - Decision Window: xRange = 246, 257,  yRange = 244, 187
2021-08-19 11:12:09,809 - INFO - root - Next Decision Window: xRange = 239, 245,  yRange = 269, 213
2021-08-19 11:12:09,809 - INFO - root - Distance = 24.515301344262525, direction = 3, Win# 9
2021-08-19 11:12:09,899 - DEBUG - bleak.backends.dotnet.client - Write Characteristic 6e400002-b5a3-f393-e0a9-e50e24dcca9e : bytearray(b'3,0')
2021-08-19 11:12:09,931 - INFO - root - x = 233, y = 220, Radius = 107.1471939086914
2021-08-19 11:12:09,931 - INFO - root - Decision Window: xRange = 246, 257,  yRange = 244, 187
2021-08-19 11:12:09,931 - INFO - root - Next Decision Window: xRange = 239, 245,  yRange = 269, 213
2021-08-19 11:12:09,931 - INFO - root - Distance = 22.847319317591726, direction = 3, Win# 9
2021-08-19 11:12:10,019 - DEBUG - bleak.backends.dotnet.client - Write Characteristic 6e400002-b5a3-f393-e0a9-e50e24dcca9e : bytearray(b'3,0')
2021-08-19 11:12:10,057 - INFO - root - x = 229, y = 223, Radius = 104.9119644165039
2021-08-19 11:12:10,057 - INFO - root - Decision Window: xRange = 246, 257,  yRange = 244, 187
2021-08-19 11:12:10,057 - INFO - root - Next Decision Window: xRange = 239, 245,  yRange = 269, 213
2021-08-19 11:12:10,057 - INFO - root - Distance = 22.20360331117452, direction = 3, Win# 9
2021-08-19 11:12:10,139 - DEBUG - bleak.backends.dotnet.client - Write Characteristic 6e400002-b5a3-f393-e0a9-e50e24dcca9e : bytearray(b'3,0')
2021-08-19 11:12:10,177 - INFO - root - x = 220, y = 224, Radius = 106.44844055175781
2021-08-19 11:12:10,177 - INFO - root - Decision Window: xRange = 246, 257,  yRange = 244, 187
2021-08-19 11:12:10,177 - INFO - root - Next Decision Window: xRange = 239, 245,  yRange = 269, 213
2021-08-19 11:12:10,177 - INFO - root - Distance = 27.80287754891569, direction = 4, Win# 9
2021-08-19 11:12:10,259 - DEBUG - bleak.backends.dotnet.client - Write Characteristic 6e400002-b5a3-f393-e0a9-e50e24dcca9e : bytearray(b'4,0')
2021-08-19 11:12:10,306 - INFO - root - x = 212, y = 226, Radius = 110.26568603515625
2021-08-19 11:12:10,306 - INFO - root - Decision Window: xRange = 246, 257,  yRange = 244, 187
2021-08-19 11:12:10,307 - INFO - root - Next Decision Window: xRange = 239, 245,  yRange = 269, 213
2021-08-19 11:12:10,307 - INFO - root - Distance = 33.54101966249684, direction = 4, Win# 9
2021-08-19 11:12:10,379 - DEBUG - bleak.backends.dotnet.client - Write Characteristic 6e400002-b5a3-f393-e0a9-e50e24dcca9e : bytearray(b'4,0')
2021-08-19 11:12:10,408 - INFO - root - x = 207, y = 231, Radius = 109.59024810791016
2021-08-19 11:12:10,408 - INFO - root - Decision Window: xRange = 246, 257,  yRange = 244, 187
2021-08-19 11:12:10,408 - INFO - root - Next Decision Window: xRange = 239, 245,  yRange = 269, 213
2021-08-19 11:12:10,408 - INFO - root - Distance = 36.40054944640259, direction = 4, Win# 9
2021-08-19 11:12:10,500 - DEBUG - bleak.backends.dotnet.client - Write Characteristic 6e400002-b5a3-f393-e0a9-e50e24dcca9e : bytearray(b'4,0')
2021-08-19 11:12:10,532 - INFO - root - x = 209, y = 232, Radius = 107.58843231201172
2021-08-19 11:12:10,532 - INFO - root - Decision Window: xRange = 246, 257,  yRange = 244, 187
2021-08-19 11:12:10,532 - INFO - root - Next Decision Window: xRange = 239, 245,  yRange = 269, 213
2021-08-19 11:12:10,532 - INFO - root - Distance = 34.20526275297414, direction = 4, Win# 9
2021-08-19 11:12:10,619 - DEBUG - bleak.backends.dotnet.client - Write Characteristic 6e400002-b5a3-f393-e0a9-e50e24dcca9e : bytearray(b'4,0')
2021-08-19 11:12:10,658 - INFO - root - x = 219, y = 228, Radius = 108.47244262695312
2021-08-19 11:12:10,658 - INFO - root - Decision Window: xRange = 246, 257,  yRange = 244, 187
2021-08-19 11:12:10,658 - INFO - root - Next Decision Window: xRange = 239, 245,  yRange = 269, 213
2021-08-19 11:12:10,658 - INFO - root - Distance = 26.419689627245813, direction = 4, Win# 9
2021-08-19 11:12:10,739 - DEBUG - bleak.backends.dotnet.client - Write Characteristic 6e400002-b5a3-f393-e0a9-e50e24dcca9e : bytearray(b'4,0')
2021-08-19 11:12:10,779 - INFO - root - x = 227, y = 225, Radius = 106.91244506835938
2021-08-19 11:12:10,780 - INFO - root - Decision Window: xRange = 246, 257,  yRange = 244, 187
2021-08-19 11:12:10,780 - INFO - root - Next Decision Window: xRange = 239, 245,  yRange = 269, 213
2021-08-19 11:12:10,780 - INFO - root - Distance = 21.93171219946131, direction = 3, Win# 9
2021-08-19 11:12:10,859 - DEBUG - bleak.backends.dotnet.client - Write Characteristic 6e400002-b5a3-f393-e0a9-e50e24dcca9e : bytearray(b'3,0')
2021-08-19 11:12:10,892 - INFO - root - x = 258, y = 213, Radius = 106.30743408203125
2021-08-19 11:12:10,892 - INFO - root - Decision Window: xRange = 246, 257,  yRange = 244, 187
2021-08-19 11:12:10,892 - INFO - root - Next Decision Window: xRange = 239, 245,  yRange = 269, 213
2021-08-19 11:12:10,892 - INFO - root - Distance = 32.2490309931942, direction = 3, Win# 9
2021-08-19 11:12:10,980 - DEBUG - bleak.backends.dotnet.client - Write Characteristic 6e400002-b5a3-f393-e0a9-e50e24dcca9e : bytearray(b'3,0')
2021-08-19 11:12:11,011 - INFO - root - x = 274, y = 210, Radius = 108.45516204833984
2021-08-19 11:12:11,011 - INFO - root - Decision Window: xRange = 246, 257,  yRange = 244, 187
2021-08-19 11:12:11,011 - INFO - root - Next Decision Window: xRange = 239, 245,  yRange = 269, 213
2021-08-19 11:12:11,011 - INFO - root - Distance = 44.553338819890925, direction = 2, Win# 9
2021-08-19 11:12:11,100 - DEBUG - bleak.backends.dotnet.client - Write Characteristic 6e400002-b5a3-f393-e0a9-e50e24dcca9e : bytearray(b'2,0')
2021-08-19 11:12:11,138 - INFO - root - x = 278, y = 213, Radius = 111.13627624511719
2021-08-19 11:12:11,138 - INFO - root - Decision Window: xRange = 246, 257,  yRange = 244, 187
2021-08-19 11:12:11,138 - INFO - root - Next Decision Window: xRange = 239, 245,  yRange = 269, 213
2021-08-19 11:12:11,138 - INFO - root - Distance = 45.60701700396552, direction = 2, Win# 9
2021-08-19 11:12:11,219 - DEBUG - bleak.backends.dotnet.client - Write Characteristic 6e400002-b5a3-f393-e0a9-e50e24dcca9e : bytearray(b'2,0')
2021-08-19 11:12:11,257 - INFO - root - x = 262, y = 226, Radius = 114.27389526367188
2021-08-19 11:12:11,257 - INFO - root - Decision Window: xRange = 246, 257,  yRange = 244, 187
2021-08-19 11:12:11,257 - INFO - root - Next Decision Window: xRange = 239, 245,  yRange = 269, 213
2021-08-19 11:12:11,257 - INFO - root - Distance = 25.0, direction = 2, Win# 9
2021-08-19 11:12:11,340 - DEBUG - bleak.backends.dotnet.client - Write Characteristic 6e400002-b5a3-f393-e0a9-e50e24dcca9e : bytearray(b'2,0')
2021-08-19 11:12:11,367 - INFO - root - x = 233, y = 239, Radius = 113.83001708984375
2021-08-19 11:12:11,367 - INFO - root - Decision Window: xRange = 246, 257,  yRange = 244, 187
2021-08-19 11:12:11,367 - INFO - root - Next Decision Window: xRange = 239, 245,  yRange = 269, 213
2021-08-19 11:12:11,367 - INFO - root - Distance = 9.219544457292887, direction = 4, Win# 9
2021-08-19 11:12:11,459 - DEBUG - bleak.backends.dotnet.client - Write Characteristic 6e400002-b5a3-f393-e0a9-e50e24dcca9e : bytearray(b'4,0')
2021-08-19 11:12:11,491 - INFO - root - x = 214, y = 246, Radius = 115.00444793701172
2021-08-19 11:12:11,492 - INFO - root - Decision Window: xRange = 246, 257,  yRange = 244, 187
2021-08-19 11:12:11,492 - INFO - root - Next Decision Window: xRange = 239, 245,  yRange = 269, 213
2021-08-19 11:12:11,492 - INFO - root - Distance = 28.442925306655784, direction = 4, Win# 9
2021-08-19 11:12:11,579 - DEBUG - bleak.backends.dotnet.client - Write Characteristic 6e400002-b5a3-f393-e0a9-e50e24dcca9e : bytearray(b'4,0')
2021-08-19 11:12:11,612 - INFO - root - x = 211, y = 242, Radius = 105.71788024902344
2021-08-19 11:12:11,612 - INFO - root - Decision Window: xRange = 246, 257,  yRange = 244, 187
2021-08-19 11:12:11,612 - INFO - root - Next Decision Window: xRange = 239, 245,  yRange = 269, 213
2021-08-19 11:12:11,612 - INFO - root - Distance = 31.016124838541646, direction = 4, Win# 9
2021-08-19 11:12:11,699 - DEBUG - bleak.backends.dotnet.client - Write Characteristic 6e400002-b5a3-f393-e0a9-e50e24dcca9e : bytearray(b'4,0')
2021-08-19 11:12:11,741 - INFO - root - x = 213, y = 247, Radius = 117.04068756103516
2021-08-19 11:12:11,742 - INFO - root - Decision Window: xRange = 246, 257,  yRange = 244, 187
2021-08-19 11:12:11,742 - INFO - root - Next Decision Window: xRange = 239, 245,  yRange = 269, 213
2021-08-19 11:12:11,742 - INFO - root - Distance = 29.614185789921695, direction = 4, Win# 9
2021-08-19 11:12:11,819 - DEBUG - bleak.backends.dotnet.client - Write Characteristic 6e400002-b5a3-f393-e0a9-e50e24dcca9e : bytearray(b'4,0')
2021-08-19 11:12:11,859 - INFO - root - x = 227, y = 244, Radius = 112.29435729980469
2021-08-19 11:12:11,859 - INFO - root - Decision Window: xRange = 246, 257,  yRange = 244, 187
2021-08-19 11:12:11,859 - INFO - root - Next Decision Window: xRange = 239, 245,  yRange = 269, 213
2021-08-19 11:12:11,859 - INFO - root - Distance = 15.297058540778355, direction = 4, Win# 9
2021-08-19 11:12:11,940 - DEBUG - bleak.backends.dotnet.client - Write Characteristic 6e400002-b5a3-f393-e0a9-e50e24dcca9e : bytearray(b'4,0')
2021-08-19 11:12:11,967 - INFO - root - x = 222, y = 249, Radius = 98.32862854003906
2021-08-19 11:12:11,967 - INFO - root - Decision Window: xRange = 246, 257,  yRange = 244, 187
2021-08-19 11:12:11,967 - INFO - root - Next Decision Window: xRange = 239, 245,  yRange = 269, 213
2021-08-19 11:12:11,968 - INFO - root - Distance = 21.540659228538015, direction = 4, Win# 9
2021-08-19 11:12:12,060 - DEBUG - bleak.backends.dotnet.client - Write Characteristic 6e400002-b5a3-f393-e0a9-e50e24dcca9e : bytearray(b'4,0')
2021-08-19 11:12:12,094 - INFO - root - x = 139, y = 350, Radius = 73.64960479736328
2021-08-19 11:12:12,094 - INFO - root - Decision Window: xRange = 246, 257,  yRange = 244, 187
2021-08-19 11:12:12,094 - INFO - root - Next Decision Window: xRange = 239, 245,  yRange = 269, 213
2021-08-19 11:12:12,094 - INFO - root - Distance = 149.96666296213968, direction = 1, Win# 9
2021-08-19 11:12:12,179 - DEBUG - bleak.backends.dotnet.client - Write Characteristic 6e400002-b5a3-f393-e0a9-e50e24dcca9e : bytearray(b'1,2')
2021-08-19 11:12:14,363 - INFO - root - x = 164, y = 516, Radius = 8.062357902526855
2021-08-19 11:12:14,364 - INFO - root - Decision Window: xRange = 246, 257,  yRange = 244, 187
2021-08-19 11:12:14,364 - INFO - root - Next Decision Window: xRange = 239, 245,  yRange = 269, 213
2021-08-19 11:12:14,364 - INFO - root - Distance = 285.84786163272236, direction = 1, Win# 9
