2021-08-20 12:08:51,710 - INFO - root - 


2021-08-20 12:08:51,710 - INFO - root - PROGRAM BEGINS
2021-08-20 12:08:57,289 - INFO - root - Image: circle_image_Excel.xlsx
2021-08-20 12:08:58,169 - DEBUG - asyncio - Using proactor: IocpProactor
2021-08-20 12:08:58,285 - DEBUG - bleak.backends.dotnet.scanner - Received CC:D2:81:7A:31:C7: Unknown.
2021-08-20 12:08:58,289 - DEBUG - bleak.backends.dotnet.scanner - Received CC:D2:81:7A:31:C7: Unknown.
2021-08-20 12:08:58,532 - DEBUG - bleak.backends.dotnet.scanner - Received 38:68:A4:0D:FE:EB: Unknown.
2021-08-20 12:08:58,885 - DEBUG - bleak.backends.dotnet.scanner - Received 72:33:DB:ED:7A:01: Unknown.
2021-08-20 12:08:58,886 - DEBUG - bleak.backends.dotnet.scanner - Received 72:33:DB:ED:7A:01: Unknown.
2021-08-20 12:08:59,223 - DEBUG - bleak.backends.dotnet.scanner - Received 6F:EE:67:EE:20:58: Unknown.
2021-08-20 12:08:59,224 - DEBUG - bleak.backends.dotnet.scanner - Received 6F:EE:67:EE:20:58: Unknown.
2021-08-20 12:08:59,699 - DEBUG - bleak.backends.dotnet.scanner - Received 72:33:DB:ED:7A:01: Unknown.
2021-08-20 12:08:59,700 - DEBUG - bleak.backends.dotnet.scanner - Received 72:33:DB:ED:7A:01: Unknown.
2021-08-20 12:08:59,934 - DEBUG - bleak.backends.dotnet.scanner - Received CC:D2:81:7A:31:C7: Unknown.
2021-08-20 12:08:59,935 - DEBUG - bleak.backends.dotnet.scanner - Received CC:D2:81:7A:31:C7: Unknown.
2021-08-20 12:09:00,302 - DEBUG - bleak.backends.dotnet.scanner - Received CC:D2:81:7A:31:C7: Unknown.
2021-08-20 12:09:00,303 - DEBUG - bleak.backends.dotnet.scanner - Received CC:D2:81:7A:31:C7: Unknown.
2021-08-20 12:09:00,768 - DEBUG - bleak.backends.dotnet.scanner - Received FA:B4:6A:30:5B:CF: Unknown.
2021-08-20 12:09:00,998 - DEBUG - bleak.backends.dotnet.scanner - Received 3F:4D:6C:C6:F2:5D: Unknown.
2021-08-20 12:09:01,126 - DEBUG - bleak.backends.dotnet.scanner - Received 6B:AA:2B:DF:63:A7: Unknown.
2021-08-20 12:09:01,127 - DEBUG - bleak.backends.dotnet.scanner - Received 6B:AA:2B:DF:63:A7: Unknown.
2021-08-20 12:09:01,246 - DEBUG - bleak.backends.dotnet.scanner - Received 7C:9E:BD:EE:7A:82: Haptic Sleeve ML.
2021-08-20 12:09:01,247 - DEBUG - bleak.backends.dotnet.scanner - Received 7C:9E:BD:EE:7A:82: Unknown.
2021-08-20 12:09:01,247 - DEBUG - bleak.backends.dotnet.scanner - 8 devices found. Watcher status: 3.
2021-08-20 12:09:01,247 - DEBUG - bleak.backends.dotnet.client - Connecting to BLE device @ 7c:9e:bd:ee:7a:82
2021-08-20 12:09:04,269 - DEBUG - bleak.backends.dotnet.client - _ConnectionStatusChanged_Handler: 1
2021-08-20 12:09:04,270 - DEBUG - bleak.backends.dotnet.client - Get Services...
2021-08-20 12:09:04,329 - INFO - bleak.backends.dotnet.client - Services resolved for BleakClientDotNet (7c:9e:bd:ee:7a:82)
2021-08-20 12:09:07,387 - INFO - root - x = 402, y = 131, Radius = 50.11247253417969
2021-08-20 12:09:07,387 - INFO - root - Decision Window: xRange = 387, 411,  yRange = 149, 100
2021-08-20 12:09:07,387 - INFO - root - Next Decision Window: xRange = 369, 386,  yRange = 149, 106
2021-08-20 12:09:07,387 - INFO - root - Distance = 25.317977802344327, direction = 2, Win# 0
2021-08-20 12:09:07,568 - DEBUG - bleak.backends.dotnet.client - Write Characteristic 6e400002-b5a3-f393-e0a9-e50e24dcca9e : bytearray(b'2,0')
2021-08-20 12:09:07,606 - INFO - root - x = 401, y = 127, Radius = 50.99029541015625
2021-08-20 12:09:07,606 - INFO - root - Decision Window: xRange = 387, 411,  yRange = 149, 100
2021-08-20 12:09:07,606 - INFO - root - Next Decision Window: xRange = 369, 386,  yRange = 149, 106
2021-08-20 12:09:07,606 - INFO - root - Distance = 24.0, direction = 2, Win# 0
2021-08-20 12:09:07,686 - DEBUG - bleak.backends.dotnet.client - Write Characteristic 6e400002-b5a3-f393-e0a9-e50e24dcca9e : bytearray(b'2,0')
2021-08-20 12:09:07,715 - INFO - root - x = 401, y = 127, Radius = 51.44181442260742
2021-08-20 12:09:07,715 - INFO - root - Decision Window: xRange = 387, 411,  yRange = 149, 100
2021-08-20 12:09:07,715 - INFO - root - Next Decision Window: xRange = 369, 386,  yRange = 149, 106
2021-08-20 12:09:07,715 - INFO - root - Distance = 24.0, direction = 2, Win# 0
2021-08-20 12:09:07,807 - DEBUG - bleak.backends.dotnet.client - Write Characteristic 6e400002-b5a3-f393-e0a9-e50e24dcca9e : bytearray(b'2,0')
2021-08-20 12:09:07,838 - INFO - root - x = 401, y = 126, Radius = 51.65762710571289
2021-08-20 12:09:07,838 - INFO - root - Decision Window: xRange = 387, 411,  yRange = 149, 100
2021-08-20 12:09:07,838 - INFO - root - Next Decision Window: xRange = 369, 386,  yRange = 149, 106
2021-08-20 12:09:07,838 - INFO - root - Distance = 24.020824298928627, direction = 2, Win# 0
2021-08-20 12:09:07,927 - DEBUG - bleak.backends.dotnet.client - Write Characteristic 6e400002-b5a3-f393-e0a9-e50e24dcca9e : bytearray(b'2,0')
2021-08-20 12:09:07,962 - INFO - root - x = 401, y = 126, Radius = 51.44181442260742
2021-08-20 12:09:07,962 - INFO - root - Decision Window: xRange = 387, 411,  yRange = 149, 100
2021-08-20 12:09:07,962 - INFO - root - Next Decision Window: xRange = 369, 386,  yRange = 149, 106
2021-08-20 12:09:07,962 - INFO - root - Distance = 24.020824298928627, direction = 2, Win# 0
2021-08-20 12:09:08,047 - DEBUG - bleak.backends.dotnet.client - Write Characteristic 6e400002-b5a3-f393-e0a9-e50e24dcca9e : bytearray(b'2,0')
2021-08-20 12:09:08,086 - INFO - root - x = 398, y = 125, Radius = 53.89351272583008
2021-08-20 12:09:08,086 - INFO - root - Decision Window: xRange = 387, 411,  yRange = 149, 100
2021-08-20 12:09:08,086 - INFO - root - Next Decision Window: xRange = 369, 386,  yRange = 149, 106
2021-08-20 12:09:08,086 - INFO - root - Distance = 21.095023109728988, direction = 2, Win# 0
2021-08-20 12:09:08,167 - DEBUG - bleak.backends.dotnet.client - Write Characteristic 6e400002-b5a3-f393-e0a9-e50e24dcca9e : bytearray(b'2,0')
2021-08-20 12:09:08,179 - INFO - root - x = 394, y = 127, Radius = 51.44181442260742
2021-08-20 12:09:08,179 - INFO - root - Decision Window: xRange = 387, 411,  yRange = 149, 100
2021-08-20 12:09:08,179 - INFO - root - Next Decision Window: xRange = 369, 386,  yRange = 149, 106
2021-08-20 12:09:08,179 - INFO - root - Distance = 17.0, direction = 2, Win# 0
2021-08-20 12:09:08,286 - DEBUG - bleak.backends.dotnet.client - Write Characteristic 6e400002-b5a3-f393-e0a9-e50e24dcca9e : bytearray(b'2,0')
2021-08-20 12:09:08,323 - INFO - root - x = 379, y = 129, Radius = 55.45503616333008
2021-08-20 12:09:08,323 - INFO - root - Decision Window: xRange = 369, 386,  yRange = 149, 106
2021-08-20 12:09:08,323 - INFO - root - Next Decision Window: xRange = 349, 368,  yRange = 147, 123
2021-08-20 12:09:08,323 - INFO - root - Distance = 0, direction = 1, Win# 1
2021-08-20 12:09:08,407 - DEBUG - bleak.backends.dotnet.client - Write Characteristic 6e400002-b5a3-f393-e0a9-e50e24dcca9e : bytearray(b'1,0')
2021-08-20 12:09:08,440 - INFO - root - x = 380, y = 130, Radius = 63.900413513183594
2021-08-20 12:09:08,440 - INFO - root - Decision Window: xRange = 369, 386,  yRange = 149, 106
2021-08-20 12:09:08,440 - INFO - root - Next Decision Window: xRange = 349, 368,  yRange = 147, 123
2021-08-20 12:09:08,440 - INFO - root - Distance = 22.561028345356956, direction = 2, Win# 1
2021-08-20 12:09:08,526 - DEBUG - bleak.backends.dotnet.client - Write Characteristic 6e400002-b5a3-f393-e0a9-e50e24dcca9e : bytearray(b'2,0')
2021-08-20 12:09:08,551 - INFO - root - x = 373, y = 132, Radius = 60.000099182128906
2021-08-20 12:09:08,551 - INFO - root - Decision Window: xRange = 369, 386,  yRange = 149, 106
2021-08-20 12:09:08,551 - INFO - root - Next Decision Window: xRange = 349, 368,  yRange = 147, 123
2021-08-20 12:09:08,551 - INFO - root - Distance = 15.297058540778355, direction = 2, Win# 1
2021-08-20 12:09:08,647 - DEBUG - bleak.backends.dotnet.client - Write Characteristic 6e400002-b5a3-f393-e0a9-e50e24dcca9e : bytearray(b'2,0')
2021-08-20 12:09:08,676 - INFO - root - x = 361, y = 134, Radius = 61.221012115478516
2021-08-20 12:09:08,676 - INFO - root - Decision Window: xRange = 349, 368,  yRange = 147, 123
2021-08-20 12:09:08,676 - INFO - root - Next Decision Window: xRange = 330, 348,  yRange = 152, 129
2021-08-20 12:09:08,676 - INFO - root - Distance = 0, direction = 2, Win# 2
2021-08-20 12:09:08,767 - DEBUG - bleak.backends.dotnet.client - Write Characteristic 6e400002-b5a3-f393-e0a9-e50e24dcca9e : bytearray(b'2,0')
2021-08-20 12:09:08,795 - INFO - root - x = 352, y = 136, Radius = 60.10417556762695
2021-08-20 12:09:08,795 - INFO - root - Decision Window: xRange = 349, 368,  yRange = 147, 123
2021-08-20 12:09:08,795 - INFO - root - Next Decision Window: xRange = 330, 348,  yRange = 152, 129
2021-08-20 12:09:08,795 - INFO - root - Distance = 13.601470508735444, direction = 2, Win# 2
2021-08-20 12:09:08,887 - DEBUG - bleak.backends.dotnet.client - Write Characteristic 6e400002-b5a3-f393-e0a9-e50e24dcca9e : bytearray(b'2,0')
2021-08-20 12:09:08,922 - INFO - root - x = 346, y = 138, Radius = 57.3106575012207
2021-08-20 12:09:08,922 - INFO - root - Decision Window: xRange = 330, 348,  yRange = 152, 129
2021-08-20 12:09:08,922 - INFO - root - Next Decision Window: xRange = 310, 329,  yRange = 164, 130
2021-08-20 12:09:08,923 - INFO - root - Distance = 0, direction = 2, Win# 3
2021-08-20 12:09:09,006 - DEBUG - bleak.backends.dotnet.client - Write Characteristic 6e400002-b5a3-f393-e0a9-e50e24dcca9e : bytearray(b'2,0')
2021-08-20 12:09:09,049 - INFO - root - x = 330, y = 144, Radius = 57.29518127441406
2021-08-20 12:09:09,049 - INFO - root - Decision Window: xRange = 310, 329,  yRange = 164, 130
2021-08-20 12:09:09,049 - INFO - root - Next Decision Window: xRange = 295, 309,  yRange = 175, 139
2021-08-20 12:09:09,049 - INFO - root - Distance = 0, direction = 2, Win# 4
2021-08-20 12:09:09,126 - DEBUG - bleak.backends.dotnet.client - Write Characteristic 6e400002-b5a3-f393-e0a9-e50e24dcca9e : bytearray(b'2,0')
2021-08-20 12:09:09,166 - INFO - root - x = 324, y = 147, Radius = 57.14246368408203
2021-08-20 12:09:09,166 - INFO - root - Decision Window: xRange = 310, 329,  yRange = 164, 130
2021-08-20 12:09:09,166 - INFO - root - Next Decision Window: xRange = 295, 309,  yRange = 175, 139
2021-08-20 12:09:09,166 - INFO - root - Distance = 24.166091947189145, direction = 2, Win# 4
2021-08-20 12:09:09,247 - DEBUG - bleak.backends.dotnet.client - Write Characteristic 6e400002-b5a3-f393-e0a9-e50e24dcca9e : bytearray(b'2,0')
2021-08-20 12:09:09,274 - INFO - root - x = 319, y = 152, Radius = 56.03804016113281
2021-08-20 12:09:09,274 - INFO - root - Decision Window: xRange = 310, 329,  yRange = 164, 130
2021-08-20 12:09:09,274 - INFO - root - Next Decision Window: xRange = 295, 309,  yRange = 175, 139
2021-08-20 12:09:09,274 - INFO - root - Distance = 17.72004514666935, direction = 2, Win# 4
2021-08-20 12:09:09,366 - DEBUG - bleak.backends.dotnet.client - Write Characteristic 6e400002-b5a3-f393-e0a9-e50e24dcca9e : bytearray(b'2,0')
2021-08-20 12:09:09,403 - INFO - root - x = 308, y = 158, Radius = 56.31748962402344
2021-08-20 12:09:09,403 - INFO - root - Decision Window: xRange = 295, 309,  yRange = 175, 139
2021-08-20 12:09:09,404 - INFO - root - Next Decision Window: xRange = 281, 294,  yRange = 190, 148
2021-08-20 12:09:09,404 - INFO - root - Distance = 0, direction = 2, Win# 5
2021-08-20 12:09:09,486 - DEBUG - bleak.backends.dotnet.client - Write Characteristic 6e400002-b5a3-f393-e0a9-e50e24dcca9e : bytearray(b'2,0')
2021-08-20 12:09:09,523 - INFO - root - x = 301, y = 164, Radius = 56.70327377319336
2021-08-20 12:09:09,523 - INFO - root - Decision Window: xRange = 295, 309,  yRange = 175, 139
2021-08-20 12:09:09,523 - INFO - root - Next Decision Window: xRange = 281, 294,  yRange = 190, 148
2021-08-20 12:09:09,523 - INFO - root - Distance = 14.866068747318506, direction = 2, Win# 5
2021-08-20 12:09:09,606 - DEBUG - bleak.backends.dotnet.client - Write Characteristic 6e400002-b5a3-f393-e0a9-e50e24dcca9e : bytearray(b'2,0')
2021-08-20 12:09:09,634 - INFO - root - x = 291, y = 173, Radius = 57.02860641479492
2021-08-20 12:09:09,634 - INFO - root - Decision Window: xRange = 281, 294,  yRange = 190, 148
2021-08-20 12:09:09,634 - INFO - root - Next Decision Window: xRange = 268, 280,  yRange = 202, 161
2021-08-20 12:09:09,634 - INFO - root - Distance = 0, direction = 1, Win# 6
2021-08-20 12:09:09,727 - DEBUG - bleak.backends.dotnet.client - Write Characteristic 6e400002-b5a3-f393-e0a9-e50e24dcca9e : bytearray(b'1,0')
2021-08-20 12:09:09,752 - INFO - root - x = 286, y = 178, Radius = 56.815711975097656
2021-08-20 12:09:09,752 - INFO - root - Decision Window: xRange = 281, 294,  yRange = 190, 148
2021-08-20 12:09:09,752 - INFO - root - Next Decision Window: xRange = 268, 280,  yRange = 202, 161
2021-08-20 12:09:09,752 - INFO - root - Distance = 12.36931687685298, direction = 2, Win# 6
2021-08-20 12:09:09,847 - DEBUG - bleak.backends.dotnet.client - Write Characteristic 6e400002-b5a3-f393-e0a9-e50e24dcca9e : bytearray(b'2,0')
2021-08-20 12:09:09,869 - INFO - root - x = 280, y = 185, Radius = 58.000099182128906
2021-08-20 12:09:09,869 - INFO - root - Decision Window: xRange = 268, 280,  yRange = 202, 161
2021-08-20 12:09:09,869 - INFO - root - Next Decision Window: xRange = 258, 267,  yRange = 225, 172
2021-08-20 12:09:09,869 - INFO - root - Distance = 0, direction = 2, Win# 7
2021-08-20 12:09:09,966 - DEBUG - bleak.backends.dotnet.client - Write Characteristic 6e400002-b5a3-f393-e0a9-e50e24dcca9e : bytearray(b'2,0')
2021-08-20 12:09:09,999 - INFO - root - x = 269, y = 197, Radius = 57.134979248046875
2021-08-20 12:09:09,999 - INFO - root - Decision Window: xRange = 268, 280,  yRange = 202, 161
2021-08-20 12:09:09,999 - INFO - root - Next Decision Window: xRange = 258, 267,  yRange = 225, 172
2021-08-20 12:09:09,999 - INFO - root - Distance = 7.0710678118654755, direction = 2, Win# 7
2021-08-20 12:09:10,087 - DEBUG - bleak.backends.dotnet.client - Write Characteristic 6e400002-b5a3-f393-e0a9-e50e24dcca9e : bytearray(b'2,0')
2021-08-20 12:09:10,126 - INFO - root - x = 263, y = 205, Radius = 57.98716735839844
2021-08-20 12:09:10,126 - INFO - root - Decision Window: xRange = 258, 267,  yRange = 225, 172
2021-08-20 12:09:10,126 - INFO - root - Next Decision Window: xRange = 246, 257,  yRange = 244, 187
2021-08-20 12:09:10,126 - INFO - root - Distance = 0, direction = 1, Win# 8
2021-08-20 12:09:10,207 - DEBUG - bleak.backends.dotnet.client - Write Characteristic 6e400002-b5a3-f393-e0a9-e50e24dcca9e : bytearray(b'1,0')
2021-08-20 12:09:10,236 - INFO - root - x = 256, y = 214, Radius = 57.31501770019531
2021-08-20 12:09:10,236 - INFO - root - Decision Window: xRange = 246, 257,  yRange = 244, 187
2021-08-20 12:09:10,237 - INFO - root - Next Decision Window: xRange = 239, 245,  yRange = 269, 213
2021-08-20 12:09:10,237 - INFO - root - Distance = 0, direction = 2, Win# 9
2021-08-20 12:09:10,327 - DEBUG - bleak.backends.dotnet.client - Write Characteristic 6e400002-b5a3-f393-e0a9-e50e24dcca9e : bytearray(b'2,0')
2021-08-20 12:09:10,367 - INFO - root - x = 250, y = 222, Radius = 57.08305358886719
2021-08-20 12:09:10,367 - INFO - root - Decision Window: xRange = 246, 257,  yRange = 244, 187
2021-08-20 12:09:10,367 - INFO - root - Next Decision Window: xRange = 239, 245,  yRange = 269, 213
2021-08-20 12:09:10,367 - INFO - root - Distance = 20.615528128088304, direction = 3, Win# 9
2021-08-20 12:09:10,447 - DEBUG - bleak.backends.dotnet.client - Write Characteristic 6e400002-b5a3-f393-e0a9-e50e24dcca9e : bytearray(b'3,0')
2021-08-20 12:09:10,481 - INFO - root - x = 246, y = 229, Radius = 57.71945571899414
2021-08-20 12:09:10,481 - INFO - root - Decision Window: xRange = 239, 245,  yRange = 269, 213
2021-08-20 12:09:10,481 - INFO - root - Next Decision Window: xRange = 229, 238,  yRange = 294, 250
2021-08-20 12:09:10,481 - INFO - root - Distance = 0, direction = 3, Win# 10
2021-08-20 12:09:10,566 - DEBUG - bleak.backends.dotnet.client - Write Characteristic 6e400002-b5a3-f393-e0a9-e50e24dcca9e : bytearray(b'3,0')
2021-08-20 12:09:10,603 - INFO - root - x = 240, y = 238, Radius = 58.1233024597168
2021-08-20 12:09:10,603 - INFO - root - Decision Window: xRange = 239, 245,  yRange = 269, 213
2021-08-20 12:09:10,603 - INFO - root - Next Decision Window: xRange = 229, 238,  yRange = 294, 250
2021-08-20 12:09:10,604 - INFO - root - Distance = 34.713109915419565, direction = 3, Win# 10
2021-08-20 12:09:10,686 - DEBUG - bleak.backends.dotnet.client - Write Characteristic 6e400002-b5a3-f393-e0a9-e50e24dcca9e : bytearray(b'3,0')
2021-08-20 12:09:10,723 - INFO - root - x = 222, y = 267, Radius = 49.117305755615234
2021-08-20 12:09:10,723 - INFO - root - Decision Window: xRange = 239, 245,  yRange = 269, 213
2021-08-20 12:09:10,723 - INFO - root - Next Decision Window: xRange = 229, 238,  yRange = 294, 250
2021-08-20 12:09:10,723 - INFO - root - Distance = 12.083045973594572, direction = 4, Win# 10
2021-08-20 12:09:10,807 - DEBUG - bleak.backends.dotnet.client - Write Characteristic 6e400002-b5a3-f393-e0a9-e50e24dcca9e : bytearray(b'4,0')
2021-08-20 12:09:10,851 - INFO - root - x = 218, y = 278, Radius = 52.31166458129883
2021-08-20 12:09:10,851 - INFO - root - Decision Window: xRange = 239, 245,  yRange = 269, 213
2021-08-20 12:09:10,851 - INFO - root - Next Decision Window: xRange = 229, 238,  yRange = 294, 250
2021-08-20 12:09:10,851 - INFO - root - Distance = 16.15549442140351, direction = 4, Win# 10
2021-08-20 12:09:10,926 - DEBUG - bleak.backends.dotnet.client - Write Characteristic 6e400002-b5a3-f393-e0a9-e50e24dcca9e : bytearray(b'4,0')
2021-08-20 12:09:10,956 - INFO - root - x = 217, y = 285, Radius = 53.11553955078125
2021-08-20 12:09:10,956 - INFO - root - Decision Window: xRange = 239, 245,  yRange = 269, 213
2021-08-20 12:09:10,956 - INFO - root - Next Decision Window: xRange = 229, 238,  yRange = 294, 250
2021-08-20 12:09:10,956 - INFO - root - Distance = 20.615528128088304, direction = 4, Win# 10
2021-08-20 12:09:11,046 - DEBUG - bleak.backends.dotnet.client - Write Characteristic 6e400002-b5a3-f393-e0a9-e50e24dcca9e : bytearray(b'4,0')
2021-08-20 12:09:11,080 - INFO - root - x = 215, y = 290, Radius = 54.600921630859375
2021-08-20 12:09:11,080 - INFO - root - Decision Window: xRange = 239, 245,  yRange = 269, 213
2021-08-20 12:09:11,080 - INFO - root - Next Decision Window: xRange = 229, 238,  yRange = 294, 250
2021-08-20 12:09:11,080 - INFO - root - Distance = 25.45584412271571, direction = 1, Win# 10
2021-08-20 12:09:11,167 - DEBUG - bleak.backends.dotnet.client - Write Characteristic 6e400002-b5a3-f393-e0a9-e50e24dcca9e : bytearray(b'1,0')
2021-08-20 12:09:11,203 - INFO - root - x = 214, y = 290, Radius = 55.64405822753906
2021-08-20 12:09:11,203 - INFO - root - Decision Window: xRange = 239, 245,  yRange = 269, 213
2021-08-20 12:09:11,203 - INFO - root - Next Decision Window: xRange = 229, 238,  yRange = 294, 250
2021-08-20 12:09:11,204 - INFO - root - Distance = 26.1725046566048, direction = 4, Win# 10
2021-08-20 12:09:11,286 - DEBUG - bleak.backends.dotnet.client - Write Characteristic 6e400002-b5a3-f393-e0a9-e50e24dcca9e : bytearray(b'4,0')
2021-08-20 12:09:11,330 - INFO - root - x = 216, y = 278, Radius = 56.402671813964844
2021-08-20 12:09:11,330 - INFO - root - Decision Window: xRange = 239, 245,  yRange = 269, 213
2021-08-20 12:09:11,330 - INFO - root - Next Decision Window: xRange = 229, 238,  yRange = 294, 250
2021-08-20 12:09:11,330 - INFO - root - Distance = 18.027756377319946, direction = 4, Win# 10
2021-08-20 12:09:11,406 - DEBUG - bleak.backends.dotnet.client - Write Characteristic 6e400002-b5a3-f393-e0a9-e50e24dcca9e : bytearray(b'4,0')
2021-08-20 12:09:11,435 - INFO - root - x = 220, y = 273, Radius = 55.21784973144531
2021-08-20 12:09:11,435 - INFO - root - Decision Window: xRange = 239, 245,  yRange = 269, 213
2021-08-20 12:09:11,435 - INFO - root - Next Decision Window: xRange = 229, 238,  yRange = 294, 250
2021-08-20 12:09:11,435 - INFO - root - Distance = 13.038404810405298, direction = 4, Win# 10
2021-08-20 12:09:11,527 - DEBUG - bleak.backends.dotnet.client - Write Characteristic 6e400002-b5a3-f393-e0a9-e50e24dcca9e : bytearray(b'4,0')
2021-08-20 12:09:11,558 - INFO - root - x = 221, y = 271, Radius = 56.402671813964844
2021-08-20 12:09:11,558 - INFO - root - Decision Window: xRange = 239, 245,  yRange = 269, 213
2021-08-20 12:09:11,558 - INFO - root - Next Decision Window: xRange = 229, 238,  yRange = 294, 250
2021-08-20 12:09:11,558 - INFO - root - Distance = 12.041594578792296, direction = 4, Win# 10
2021-08-20 12:09:11,646 - DEBUG - bleak.backends.dotnet.client - Write Characteristic 6e400002-b5a3-f393-e0a9-e50e24dcca9e : bytearray(b'4,0')
2021-08-20 12:09:11,684 - INFO - root - x = 223, y = 272, Radius = 56.85078048706055
2021-08-20 12:09:11,684 - INFO - root - Decision Window: xRange = 239, 245,  yRange = 269, 213
2021-08-20 12:09:11,684 - INFO - root - Next Decision Window: xRange = 229, 238,  yRange = 294, 250
2021-08-20 12:09:11,684 - INFO - root - Distance = 10.0, direction = 4, Win# 10
2021-08-20 12:09:11,767 - DEBUG - bleak.backends.dotnet.client - Write Characteristic 6e400002-b5a3-f393-e0a9-e50e24dcca9e : bytearray(b'4,0')
2021-08-20 12:09:11,806 - INFO - root - x = 227, y = 276, Radius = 57.107452392578125
2021-08-20 12:09:11,807 - INFO - root - Decision Window: xRange = 229, 238,  yRange = 294, 250
2021-08-20 12:09:11,807 - INFO - root - Next Decision Window: xRange = 229, 241,  yRange = 322, 295
2021-08-20 12:09:11,807 - INFO - root - Distance = 0, direction = 4, Win# 11
2021-08-20 12:09:11,887 - DEBUG - bleak.backends.dotnet.client - Write Characteristic 6e400002-b5a3-f393-e0a9-e50e24dcca9e : bytearray(b'4,0')
2021-08-20 12:09:11,932 - INFO - root - x = 229, y = 279, Radius = 57.43266677856445
2021-08-20 12:09:11,932 - INFO - root - Decision Window: xRange = 229, 238,  yRange = 294, 250
2021-08-20 12:09:11,932 - INFO - root - Next Decision Window: xRange = 229, 241,  yRange = 322, 295
2021-08-20 12:09:11,932 - INFO - root - Distance = 29.614185789921695, direction = 3, Win# 11
2021-08-20 12:09:12,007 - DEBUG - bleak.backends.dotnet.client - Write Characteristic 6e400002-b5a3-f393-e0a9-e50e24dcca9e : bytearray(b'3,0')
2021-08-20 12:09:12,036 - INFO - root - x = 231, y = 285, Radius = 56.402671813964844
2021-08-20 12:09:12,036 - INFO - root - Decision Window: xRange = 229, 238,  yRange = 294, 250
2021-08-20 12:09:12,036 - INFO - root - Next Decision Window: xRange = 229, 241,  yRange = 322, 295
2021-08-20 12:09:12,036 - INFO - root - Distance = 23.345235059857504, direction = 3, Win# 11
2021-08-20 12:09:12,126 - DEBUG - bleak.backends.dotnet.client - Write Characteristic 6e400002-b5a3-f393-e0a9-e50e24dcca9e : bytearray(b'3,0')
2021-08-20 12:09:12,157 - INFO - root - x = 233, y = 291, Radius = 57.107452392578125
2021-08-20 12:09:12,157 - INFO - root - Decision Window: xRange = 229, 238,  yRange = 294, 250
2021-08-20 12:09:12,157 - INFO - root - Next Decision Window: xRange = 229, 241,  yRange = 322, 295
2021-08-20 12:09:12,158 - INFO - root - Distance = 17.11724276862369, direction = 3, Win# 11
2021-08-20 12:09:12,247 - DEBUG - bleak.backends.dotnet.client - Write Characteristic 6e400002-b5a3-f393-e0a9-e50e24dcca9e : bytearray(b'3,0')
2021-08-20 12:09:12,287 - INFO - root - x = 237, y = 300, Radius = 57.01106262207031
2021-08-20 12:09:12,288 - INFO - root - Decision Window: xRange = 229, 241,  yRange = 322, 295
2021-08-20 12:09:12,288 - INFO - root - Next Decision Window: xRange = 231, 249,  yRange = 353, 324
2021-08-20 12:09:12,288 - INFO - root - Distance = 0, direction = 3, Win# 12
2021-08-20 12:09:12,366 - DEBUG - bleak.backends.dotnet.client - Write Characteristic 6e400002-b5a3-f393-e0a9-e50e24dcca9e : bytearray(b'3,0')
2021-08-20 12:09:12,410 - INFO - root - x = 239, y = 306, Radius = 55.97330856323242
2021-08-20 12:09:12,410 - INFO - root - Decision Window: xRange = 229, 241,  yRange = 322, 295
2021-08-20 12:09:12,410 - INFO - root - Next Decision Window: xRange = 231, 249,  yRange = 353, 324
2021-08-20 12:09:12,410 - INFO - root - Distance = 32.01562118716424, direction = 3, Win# 12
2021-08-20 12:09:12,486 - DEBUG - bleak.backends.dotnet.client - Write Characteristic 6e400002-b5a3-f393-e0a9-e50e24dcca9e : bytearray(b'3,0')
2021-08-20 12:09:12,527 - INFO - root - x = 240, y = 312, Radius = 56.608402252197266
2021-08-20 12:09:12,527 - INFO - root - Decision Window: xRange = 229, 241,  yRange = 322, 295
2021-08-20 12:09:12,527 - INFO - root - Next Decision Window: xRange = 231, 249,  yRange = 353, 324
2021-08-20 12:09:12,527 - INFO - root - Distance = 26.0, direction = 3, Win# 12
2021-08-20 12:09:12,606 - DEBUG - bleak.backends.dotnet.client - Write Characteristic 6e400002-b5a3-f393-e0a9-e50e24dcca9e : bytearray(b'3,0')
2021-08-20 12:09:12,635 - INFO - root - x = 243, y = 316, Radius = 56.679019927978516
2021-08-20 12:09:12,635 - INFO - root - Decision Window: xRange = 229, 241,  yRange = 322, 295
2021-08-20 12:09:12,635 - INFO - root - Next Decision Window: xRange = 231, 249,  yRange = 353, 324
2021-08-20 12:09:12,635 - INFO - root - Distance = 22.20360331117452, direction = 3, Win# 12
2021-08-20 12:09:12,727 - DEBUG - bleak.backends.dotnet.client - Write Characteristic 6e400002-b5a3-f393-e0a9-e50e24dcca9e : bytearray(b'3,0')
2021-08-20 12:09:12,752 - INFO - root - x = 247, y = 323, Radius = 55.64405822753906
2021-08-20 12:09:12,753 - INFO - root - Decision Window: xRange = 231, 249,  yRange = 353, 324
2021-08-20 12:09:12,753 - INFO - root - Next Decision Window: xRange = 238, 264,  yRange = 376, 354
2021-08-20 12:09:12,753 - INFO - root - Distance = 0, direction = 3, Win# 13
2021-08-20 12:09:12,846 - DEBUG - bleak.backends.dotnet.client - Write Characteristic 6e400002-b5a3-f393-e0a9-e50e24dcca9e : bytearray(b'3,0')
2021-08-20 12:09:12,885 - INFO - root - x = 252, y = 329, Radius = 56.02241516113281
2021-08-20 12:09:12,885 - INFO - root - Decision Window: xRange = 231, 249,  yRange = 353, 324
2021-08-20 12:09:12,885 - INFO - root - Next Decision Window: xRange = 238, 264,  yRange = 376, 354
2021-08-20 12:09:12,885 - INFO - root - Distance = 36.013886210738214, direction = 3, Win# 13
2021-08-20 12:09:12,967 - DEBUG - bleak.backends.dotnet.client - Write Characteristic 6e400002-b5a3-f393-e0a9-e50e24dcca9e : bytearray(b'3,0')
2021-08-20 12:09:13,008 - INFO - root - x = 254, y = 332, Radius = 56.349456787109375
2021-08-20 12:09:13,008 - INFO - root - Decision Window: xRange = 231, 249,  yRange = 353, 324
2021-08-20 12:09:13,008 - INFO - root - Next Decision Window: xRange = 238, 264,  yRange = 376, 354
2021-08-20 12:09:13,008 - INFO - root - Distance = 33.13608305156178, direction = 3, Win# 13
2021-08-20 12:09:13,086 - DEBUG - bleak.backends.dotnet.client - Write Characteristic 6e400002-b5a3-f393-e0a9-e50e24dcca9e : bytearray(b'3,0')
2021-08-20 12:09:13,101 - INFO - root - x = 254, y = 334, Radius = 56.30507278442383
2021-08-20 12:09:13,101 - INFO - root - Decision Window: xRange = 231, 249,  yRange = 353, 324
2021-08-20 12:09:13,101 - INFO - root - Next Decision Window: xRange = 238, 264,  yRange = 376, 354
2021-08-20 12:09:13,101 - INFO - root - Distance = 31.144823004794873, direction = 3, Win# 13
2021-08-20 12:09:13,207 - DEBUG - bleak.backends.dotnet.client - Write Characteristic 6e400002-b5a3-f393-e0a9-e50e24dcca9e : bytearray(b'3,0')
2021-08-20 12:09:13,236 - INFO - root - x = 256, y = 344, Radius = 56.30507278442383
2021-08-20 12:09:13,236 - INFO - root - Decision Window: xRange = 231, 249,  yRange = 353, 324
2021-08-20 12:09:13,236 - INFO - root - Next Decision Window: xRange = 238, 264,  yRange = 376, 354
2021-08-20 12:09:13,237 - INFO - root - Distance = 21.587033144922902, direction = 3, Win# 13
2021-08-20 12:09:13,327 - DEBUG - bleak.backends.dotnet.client - Write Characteristic 6e400002-b5a3-f393-e0a9-e50e24dcca9e : bytearray(b'3,0')
2021-08-20 12:09:13,360 - INFO - root - x = 260, y = 349, Radius = 56.63930892944336
2021-08-20 12:09:13,360 - INFO - root - Decision Window: xRange = 231, 249,  yRange = 353, 324
2021-08-20 12:09:13,360 - INFO - root - Next Decision Window: xRange = 238, 264,  yRange = 376, 354
2021-08-20 12:09:13,360 - INFO - root - Distance = 18.35755975068582, direction = 3, Win# 13
2021-08-20 12:09:13,446 - DEBUG - bleak.backends.dotnet.client - Write Characteristic 6e400002-b5a3-f393-e0a9-e50e24dcca9e : bytearray(b'3,0')
2021-08-20 12:09:13,490 - INFO - root - x = 264, y = 357, Radius = 56.24287796020508
2021-08-20 12:09:13,490 - INFO - root - Decision Window: xRange = 238, 264,  yRange = 376, 354
2021-08-20 12:09:13,490 - INFO - root - Next Decision Window: xRange = 251, 275,  yRange = 413, 376
2021-08-20 12:09:13,490 - INFO - root - Distance = 0, direction = 2, Win# 14
2021-08-20 12:09:13,566 - DEBUG - bleak.backends.dotnet.client - Write Characteristic 6e400002-b5a3-f393-e0a9-e50e24dcca9e : bytearray(b'2,0')
2021-08-20 12:09:13,605 - INFO - root - x = 266, y = 363, Radius = 56.30507278442383
2021-08-20 12:09:13,605 - INFO - root - Decision Window: xRange = 238, 264,  yRange = 376, 354
2021-08-20 12:09:13,605 - INFO - root - Next Decision Window: xRange = 251, 275,  yRange = 413, 376
2021-08-20 12:09:13,605 - INFO - root - Distance = 31.144823004794873, direction = 3, Win# 14
2021-08-20 12:09:13,687 - DEBUG - bleak.backends.dotnet.client - Write Characteristic 6e400002-b5a3-f393-e0a9-e50e24dcca9e : bytearray(b'3,0')
2021-08-20 12:09:13,702 - INFO - root - x = 268, y = 368, Radius = 55.9330940246582
2021-08-20 12:09:13,702 - INFO - root - Decision Window: xRange = 238, 264,  yRange = 376, 354
2021-08-20 12:09:13,702 - INFO - root - Next Decision Window: xRange = 251, 275,  yRange = 413, 376
2021-08-20 12:09:13,702 - INFO - root - Distance = 26.476404589747453, direction = 3, Win# 14
2021-08-20 12:09:13,806 - DEBUG - bleak.backends.dotnet.client - Write Characteristic 6e400002-b5a3-f393-e0a9-e50e24dcca9e : bytearray(b'3,0')
2021-08-20 12:09:13,844 - INFO - root - x = 273, y = 374, Radius = 55.97330856323242
2021-08-20 12:09:13,844 - INFO - root - Decision Window: xRange = 251, 275,  yRange = 413, 376
2021-08-20 12:09:13,844 - INFO - root - Next Decision Window: xRange = 276, 291,  yRange = 426, 379
2021-08-20 12:09:13,844 - INFO - root - Distance = 0, direction = 3, Win# 15
2021-08-20 12:09:13,926 - DEBUG - bleak.backends.dotnet.client - Write Characteristic 6e400002-b5a3-f393-e0a9-e50e24dcca9e : bytearray(b'3,0')
2021-08-20 12:09:13,972 - INFO - root - x = 279, y = 382, Radius = 55.5991096496582
2021-08-20 12:09:13,972 - INFO - root - Decision Window: xRange = 276, 291,  yRange = 426, 379
2021-08-20 12:09:13,972 - INFO - root - Next Decision Window: xRange = 292, 308,  yRange = 438, 391
2021-08-20 12:09:13,972 - INFO - root - Distance = 0, direction = 3, Win# 16
2021-08-20 12:09:14,047 - DEBUG - bleak.backends.dotnet.client - Write Characteristic 6e400002-b5a3-f393-e0a9-e50e24dcca9e : bytearray(b'3,0')
2021-08-20 12:09:14,089 - INFO - root - x = 283, y = 389, Radius = 55.97330856323242
2021-08-20 12:09:14,089 - INFO - root - Decision Window: xRange = 276, 291,  yRange = 426, 379
2021-08-20 12:09:14,089 - INFO - root - Next Decision Window: xRange = 292, 308,  yRange = 438, 391
2021-08-20 12:09:14,089 - INFO - root - Distance = 30.23243291566195, direction = 3, Win# 16
2021-08-20 12:09:14,167 - DEBUG - bleak.backends.dotnet.client - Write Characteristic 6e400002-b5a3-f393-e0a9-e50e24dcca9e : bytearray(b'3,0')
2021-08-20 12:09:14,192 - INFO - root - x = 284, y = 396, Radius = 55.26763153076172
2021-08-20 12:09:14,192 - INFO - root - Decision Window: xRange = 276, 291,  yRange = 426, 379
2021-08-20 12:09:14,192 - INFO - root - Next Decision Window: xRange = 292, 308,  yRange = 438, 391
2021-08-20 12:09:14,193 - INFO - root - Distance = 24.08318915758459, direction = 3, Win# 16
2021-08-20 12:09:14,347 - DEBUG - bleak.backends.dotnet.client - Write Characteristic 6e400002-b5a3-f393-e0a9-e50e24dcca9e : bytearray(b'3,0')
2021-08-20 12:09:14,382 - INFO - root - x = 296, y = 402, Radius = 55.64405822753906
2021-08-20 12:09:14,382 - INFO - root - Decision Window: xRange = 292, 308,  yRange = 438, 391
2021-08-20 12:09:14,382 - INFO - root - Next Decision Window: xRange = 309, 325,  yRange = 451, 415
2021-08-20 12:09:14,382 - INFO - root - Distance = 0, direction = 3, Win# 17
2021-08-20 12:09:14,466 - DEBUG - bleak.backends.dotnet.client - Write Characteristic 6e400002-b5a3-f393-e0a9-e50e24dcca9e : bytearray(b'3,0')
2021-08-20 12:09:14,504 - INFO - root - x = 307, y = 404, Radius = 54.993282318115234
2021-08-20 12:09:14,504 - INFO - root - Decision Window: xRange = 292, 308,  yRange = 438, 391
2021-08-20 12:09:14,505 - INFO - root - Next Decision Window: xRange = 309, 325,  yRange = 451, 415
2021-08-20 12:09:14,505 - INFO - root - Distance = 30.675723300355934, direction = 3, Win# 17
2021-08-20 12:09:14,586 - DEBUG - bleak.backends.dotnet.client - Write Characteristic 6e400002-b5a3-f393-e0a9-e50e24dcca9e : bytearray(b'3,0')
2021-08-20 12:09:14,624 - INFO - root - x = 316, y = 407, Radius = 54.67184829711914
2021-08-20 12:09:14,624 - INFO - root - Decision Window: xRange = 292, 308,  yRange = 438, 391
2021-08-20 12:09:14,624 - INFO - root - Next Decision Window: xRange = 309, 325,  yRange = 451, 415
2021-08-20 12:09:14,624 - INFO - root - Distance = 26.019223662515376, direction = 3, Win# 17
2021-08-20 12:09:14,707 - DEBUG - bleak.backends.dotnet.client - Write Characteristic 6e400002-b5a3-f393-e0a9-e50e24dcca9e : bytearray(b'3,0')
2021-08-20 12:09:14,739 - INFO - root - x = 323, y = 409, Radius = 54.993282318115234
2021-08-20 12:09:14,739 - INFO - root - Decision Window: xRange = 292, 308,  yRange = 438, 391
2021-08-20 12:09:14,739 - INFO - root - Next Decision Window: xRange = 309, 325,  yRange = 451, 415
2021-08-20 12:09:14,739 - INFO - root - Distance = 24.73863375370596, direction = 3, Win# 17
2021-08-20 12:09:14,827 - DEBUG - bleak.backends.dotnet.client - Write Characteristic 6e400002-b5a3-f393-e0a9-e50e24dcca9e : bytearray(b'3,0')
2021-08-20 12:09:14,856 - INFO - root - x = 330, y = 411, Radius = 55.31736755371094
2021-08-20 12:09:14,856 - INFO - root - Decision Window: xRange = 292, 308,  yRange = 438, 391
2021-08-20 12:09:14,856 - INFO - root - Next Decision Window: xRange = 309, 325,  yRange = 451, 415
2021-08-20 12:09:14,856 - INFO - root - Distance = 25.553864678361276, direction = 3, Win# 17
2021-08-20 12:09:14,946 - DEBUG - bleak.backends.dotnet.client - Write Characteristic 6e400002-b5a3-f393-e0a9-e50e24dcca9e : bytearray(b'3,0')
2021-08-20 12:09:14,979 - INFO - root - x = 339, y = 415, Radius = 55.056888580322266
2021-08-20 12:09:14,979 - INFO - root - Decision Window: xRange = 292, 308,  yRange = 438, 391
2021-08-20 12:09:14,979 - INFO - root - Next Decision Window: xRange = 309, 325,  yRange = 451, 415
2021-08-20 12:09:14,980 - INFO - root - Distance = 28.42534080710379, direction = 2, Win# 17
2021-08-20 12:09:15,066 - DEBUG - bleak.backends.dotnet.client - Write Characteristic 6e400002-b5a3-f393-e0a9-e50e24dcca9e : bytearray(b'2,0')
2021-08-20 12:09:15,102 - INFO - root - x = 341, y = 423, Radius = 54.509273529052734
2021-08-20 12:09:15,102 - INFO - root - Decision Window: xRange = 292, 308,  yRange = 438, 391
2021-08-20 12:09:15,102 - INFO - root - Next Decision Window: xRange = 309, 325,  yRange = 451, 415
2021-08-20 12:09:15,102 - INFO - root - Distance = 26.0, direction = 2, Win# 17
2021-08-20 12:09:15,187 - DEBUG - bleak.backends.dotnet.client - Write Characteristic 6e400002-b5a3-f393-e0a9-e50e24dcca9e : bytearray(b'2,0')
2021-08-20 12:09:15,226 - INFO - root - x = 328, y = 426, Radius = 54.42665481567383
2021-08-20 12:09:15,226 - INFO - root - Decision Window: xRange = 292, 308,  yRange = 438, 391
2021-08-20 12:09:15,226 - INFO - root - Next Decision Window: xRange = 309, 325,  yRange = 451, 415
2021-08-20 12:09:15,226 - INFO - root - Distance = 13.038404810405298, direction = 2, Win# 17
2021-08-20 12:09:15,307 - DEBUG - bleak.backends.dotnet.client - Write Characteristic 6e400002-b5a3-f393-e0a9-e50e24dcca9e : bytearray(b'2,0')
2021-08-20 12:09:15,341 - INFO - root - x = 318, y = 428, Radius = 54.353111267089844
2021-08-20 12:09:15,341 - INFO - root - Decision Window: xRange = 309, 325,  yRange = 451, 415
2021-08-20 12:09:15,342 - INFO - root - Next Decision Window: xRange = 326, 340,  yRange = 458, 422
2021-08-20 12:09:15,342 - INFO - root - Distance = 0, direction = 3, Win# 18
2021-08-20 12:09:15,426 - DEBUG - bleak.backends.dotnet.client - Write Characteristic 6e400002-b5a3-f393-e0a9-e50e24dcca9e : bytearray(b'3,0')
2021-08-20 12:09:15,457 - INFO - root - x = 308, y = 428, Radius = 55.31736755371094
2021-08-20 12:09:15,457 - INFO - root - Decision Window: xRange = 309, 325,  yRange = 451, 415
2021-08-20 12:09:15,457 - INFO - root - Next Decision Window: xRange = 326, 340,  yRange = 458, 422
2021-08-20 12:09:15,457 - INFO - root - Distance = 27.730849247724095, direction = 4, Win# 18
2021-08-20 12:09:15,547 - DEBUG - bleak.backends.dotnet.client - Write Characteristic 6e400002-b5a3-f393-e0a9-e50e24dcca9e : bytearray(b'4,0')
2021-08-20 12:09:15,584 - INFO - root - x = 308, y = 428, Radius = 54.612369537353516
2021-08-20 12:09:15,584 - INFO - root - Decision Window: xRange = 309, 325,  yRange = 451, 415
2021-08-20 12:09:15,584 - INFO - root - Next Decision Window: xRange = 326, 340,  yRange = 458, 422
2021-08-20 12:09:15,584 - INFO - root - Distance = 27.730849247724095, direction = 4, Win# 18
2021-08-20 12:09:15,666 - DEBUG - bleak.backends.dotnet.client - Write Characteristic 6e400002-b5a3-f393-e0a9-e50e24dcca9e : bytearray(b'4,0')
2021-08-20 12:09:15,689 - INFO - root - x = 317, y = 432, Radius = 54.67184829711914
2021-08-20 12:09:15,689 - INFO - root - Decision Window: xRange = 309, 325,  yRange = 451, 415
2021-08-20 12:09:15,689 - INFO - root - Next Decision Window: xRange = 326, 340,  yRange = 458, 422
2021-08-20 12:09:15,689 - INFO - root - Distance = 17.88854381999832, direction = 4, Win# 18
2021-08-20 12:09:15,786 - DEBUG - bleak.backends.dotnet.client - Write Characteristic 6e400002-b5a3-f393-e0a9-e50e24dcca9e : bytearray(b'4,0')
2021-08-20 12:09:15,828 - INFO - root - x = 336, y = 435, Radius = 53.65107345581055
2021-08-20 12:09:15,828 - INFO - root - Decision Window: xRange = 326, 340,  yRange = 458, 422
2021-08-20 12:09:15,828 - INFO - root - Next Decision Window: xRange = 341, 355,  yRange = 462, 426
2021-08-20 12:09:15,828 - INFO - root - Distance = 0, direction = 3, Win# 19
2021-08-20 12:09:15,906 - DEBUG - bleak.backends.dotnet.client - Write Characteristic 6e400002-b5a3-f393-e0a9-e50e24dcca9e : bytearray(b'3,0')
2021-08-20 12:09:15,923 - INFO - root - x = 344, y = 437, Radius = 54.11571502685547
2021-08-20 12:09:15,923 - INFO - root - Decision Window: xRange = 341, 355,  yRange = 462, 426
2021-08-20 12:09:15,923 - INFO - root - Next Decision Window: xRange = 356, 371,  yRange = 464, 428
2021-08-20 12:09:15,923 - INFO - root - Distance = 0, direction = 3, Win# 20
2021-08-20 12:09:16,026 - DEBUG - bleak.backends.dotnet.client - Write Characteristic 6e400002-b5a3-f393-e0a9-e50e24dcca9e : bytearray(b'3,0')
2021-08-20 12:09:16,061 - INFO - root - x = 355, y = 439, Radius = 53.80762481689453
2021-08-20 12:09:16,061 - INFO - root - Decision Window: xRange = 356, 371,  yRange = 464, 428
2021-08-20 12:09:16,061 - INFO - root - Next Decision Window: xRange = 372, 386,  yRange = 469, 433
2021-08-20 12:09:16,061 - INFO - root - Distance = 0, direction = 4, Win# 21
2021-08-20 12:09:16,147 - DEBUG - bleak.backends.dotnet.client - Write Characteristic 6e400002-b5a3-f393-e0a9-e50e24dcca9e : bytearray(b'4,0')
2021-08-20 12:09:16,180 - INFO - root - x = 359, y = 441, Radius = 54.038719177246094
2021-08-20 12:09:16,180 - INFO - root - Decision Window: xRange = 356, 371,  yRange = 464, 428
2021-08-20 12:09:16,180 - INFO - root - Next Decision Window: xRange = 372, 386,  yRange = 469, 433
2021-08-20 12:09:16,180 - INFO - root - Distance = 22.360679774997898, direction = 4, Win# 21
2021-08-20 12:09:16,267 - DEBUG - bleak.backends.dotnet.client - Write Characteristic 6e400002-b5a3-f393-e0a9-e50e24dcca9e : bytearray(b'4,0')
2021-08-20 12:09:16,310 - INFO - root - x = 376, y = 442, Radius = 54.20341873168945
2021-08-20 12:09:16,310 - INFO - root - Decision Window: xRange = 372, 386,  yRange = 469, 433
2021-08-20 12:09:16,310 - INFO - root - Next Decision Window: xRange = 387, 416,  yRange = 467, 433
2021-08-20 12:09:16,310 - INFO - root - Distance = 0, direction = 3, Win# 22
2021-08-20 12:09:16,387 - DEBUG - bleak.backends.dotnet.client - Write Characteristic 6e400002-b5a3-f393-e0a9-e50e24dcca9e : bytearray(b'3,0')
2021-08-20 12:09:16,433 - INFO - root - x = 390, y = 441, Radius = 53.90047073364258
2021-08-20 12:09:16,433 - INFO - root - Decision Window: xRange = 387, 416,  yRange = 467, 433
2021-08-20 12:09:16,433 - INFO - root - Next Decision Window: xRange = 417, 435,  yRange = 467, 442
2021-08-20 12:09:16,433 - INFO - root - Distance = 0, direction = 4, Win# 23
2021-08-20 12:09:16,507 - DEBUG - bleak.backends.dotnet.client - Write Characteristic 6e400002-b5a3-f393-e0a9-e50e24dcca9e : bytearray(b'4,0')
2021-08-20 12:09:16,539 - INFO - root - x = 397, y = 439, Radius = 53.90047073364258
2021-08-20 12:09:16,539 - INFO - root - Decision Window: xRange = 387, 416,  yRange = 467, 433
2021-08-20 12:09:16,539 - INFO - root - Next Decision Window: xRange = 417, 435,  yRange = 467, 442
2021-08-20 12:09:16,539 - INFO - root - Distance = 32.64965543462902, direction = 4, Win# 23
2021-08-20 12:09:16,627 - DEBUG - bleak.backends.dotnet.client - Write Characteristic 6e400002-b5a3-f393-e0a9-e50e24dcca9e : bytearray(b'4,0')
2021-08-20 12:09:16,660 - INFO - root - x = 406, y = 437, Radius = 54.00241470336914
2021-08-20 12:09:16,660 - INFO - root - Decision Window: xRange = 387, 416,  yRange = 467, 433
2021-08-20 12:09:16,660 - INFO - root - Next Decision Window: xRange = 417, 435,  yRange = 467, 442
2021-08-20 12:09:16,660 - INFO - root - Distance = 26.248809496813376, direction = 4, Win# 23
2021-08-20 12:09:16,747 - DEBUG - bleak.backends.dotnet.client - Write Characteristic 6e400002-b5a3-f393-e0a9-e50e24dcca9e : bytearray(b'4,0')
2021-08-20 12:09:16,788 - INFO - root - x = 418, y = 436, Radius = 54.20606994628906
2021-08-20 12:09:16,788 - INFO - root - Decision Window: xRange = 387, 416,  yRange = 467, 433
2021-08-20 12:09:16,788 - INFO - root - Next Decision Window: xRange = 417, 435,  yRange = 467, 442
2021-08-20 12:09:16,788 - INFO - root - Distance = 19.697715603592208, direction = 3, Win# 23
2021-08-20 12:09:16,867 - DEBUG - bleak.backends.dotnet.client - Write Characteristic 6e400002-b5a3-f393-e0a9-e50e24dcca9e : bytearray(b'3,0')
2021-08-20 12:09:16,906 - INFO - root - x = 433, y = 435, Radius = 53.600914001464844
2021-08-20 12:09:16,906 - INFO - root - Decision Window: xRange = 387, 416,  yRange = 467, 433
2021-08-20 12:09:16,906 - INFO - root - Next Decision Window: xRange = 417, 435,  yRange = 467, 442
2021-08-20 12:09:16,906 - INFO - root - Distance = 20.248456731316587, direction = 3, Win# 23
2021-08-20 12:09:16,987 - DEBUG - bleak.backends.dotnet.client - Write Characteristic 6e400002-b5a3-f393-e0a9-e50e24dcca9e : bytearray(b'3,0')
2021-08-20 12:09:17,013 - INFO - root - x = 443, y = 435, Radius = 54.00351333618164
2021-08-20 12:09:17,013 - INFO - root - Decision Window: xRange = 387, 416,  yRange = 467, 433
2021-08-20 12:09:17,013 - INFO - root - Next Decision Window: xRange = 417, 435,  yRange = 467, 442
2021-08-20 12:09:17,013 - INFO - root - Distance = 25.495097567963924, direction = 3, Win# 23
2021-08-20 12:09:17,107 - DEBUG - bleak.backends.dotnet.client - Write Characteristic 6e400002-b5a3-f393-e0a9-e50e24dcca9e : bytearray(b'3,0')
2021-08-20 12:09:17,138 - INFO - root - x = 450, y = 437, Radius = 53.71161651611328
2021-08-20 12:09:17,138 - INFO - root - Decision Window: xRange = 387, 416,  yRange = 467, 433
2021-08-20 12:09:17,138 - INFO - root - Next Decision Window: xRange = 417, 435,  yRange = 467, 442
2021-08-20 12:09:17,138 - INFO - root - Distance = 29.410882339705484, direction = 2, Win# 23
2021-08-20 12:09:17,227 - DEBUG - bleak.backends.dotnet.client - Write Characteristic 6e400002-b5a3-f393-e0a9-e50e24dcca9e : bytearray(b'2,0')
2021-08-20 12:09:17,259 - INFO - root - x = 449, y = 438, Radius = 53.476341247558594
2021-08-20 12:09:17,259 - INFO - root - Decision Window: xRange = 387, 416,  yRange = 467, 433
2021-08-20 12:09:17,259 - INFO - root - Next Decision Window: xRange = 417, 435,  yRange = 467, 442
2021-08-20 12:09:17,259 - INFO - root - Distance = 28.0178514522438, direction = 2, Win# 23
2021-08-20 12:09:17,347 - DEBUG - bleak.backends.dotnet.client - Write Characteristic 6e400002-b5a3-f393-e0a9-e50e24dcca9e : bytearray(b'2,0')
2021-08-20 12:09:17,372 - INFO - root - x = 437, y = 442, Radius = 53.424774169921875
2021-08-20 12:09:17,372 - INFO - root - Decision Window: xRange = 387, 416,  yRange = 467, 433
2021-08-20 12:09:17,372 - INFO - root - Next Decision Window: xRange = 417, 435,  yRange = 467, 442
2021-08-20 12:09:17,372 - INFO - root - Distance = 16.278820596099706, direction = 3, Win# 23
2021-08-20 12:09:17,467 - DEBUG - bleak.backends.dotnet.client - Write Characteristic 6e400002-b5a3-f393-e0a9-e50e24dcca9e : bytearray(b'3,0')
2021-08-20 12:09:17,496 - INFO - root - x = 421, y = 450, Radius = 53.41592025756836
2021-08-20 12:09:17,496 - INFO - root - Decision Window: xRange = 417, 435,  yRange = 467, 442
2021-08-20 12:09:17,496 - INFO - root - Next Decision Window: xRange = 436, 455,  yRange = 462, 430
2021-08-20 12:09:17,497 - INFO - root - Distance = 0, direction = 4, Win# 24
2021-08-20 12:09:17,587 - DEBUG - bleak.backends.dotnet.client - Write Characteristic 6e400002-b5a3-f393-e0a9-e50e24dcca9e : bytearray(b'4,0')
2021-08-20 12:09:17,619 - INFO - root - x = 408, y = 453, Radius = 52.920257568359375
2021-08-20 12:09:17,619 - INFO - root - Decision Window: xRange = 417, 435,  yRange = 467, 442
2021-08-20 12:09:17,619 - INFO - root - Next Decision Window: xRange = 436, 455,  yRange = 462, 430
2021-08-20 12:09:17,620 - INFO - root - Distance = 37.656340767525464, direction = 4, Win# 24
2021-08-20 12:09:17,706 - DEBUG - bleak.backends.dotnet.client - Write Characteristic 6e400002-b5a3-f393-e0a9-e50e24dcca9e : bytearray(b'4,0')
2021-08-20 12:09:17,739 - INFO - root - x = 410, y = 453, Radius = 53.507381439208984
2021-08-20 12:09:17,739 - INFO - root - Decision Window: xRange = 417, 435,  yRange = 467, 442
2021-08-20 12:09:17,739 - INFO - root - Next Decision Window: xRange = 436, 455,  yRange = 462, 430
2021-08-20 12:09:17,739 - INFO - root - Distance = 35.6931365951495, direction = 4, Win# 24
2021-08-20 12:09:17,827 - DEBUG - bleak.backends.dotnet.client - Write Characteristic 6e400002-b5a3-f393-e0a9-e50e24dcca9e : bytearray(b'4,0')
2021-08-20 12:09:17,860 - INFO - root - x = 427, y = 451, Radius = 53.30347442626953
2021-08-20 12:09:17,860 - INFO - root - Decision Window: xRange = 417, 435,  yRange = 467, 442
2021-08-20 12:09:17,860 - INFO - root - Next Decision Window: xRange = 436, 455,  yRange = 462, 430
2021-08-20 12:09:17,860 - INFO - root - Distance = 18.681541692269406, direction = 4, Win# 24
2021-08-20 12:09:17,947 - DEBUG - bleak.backends.dotnet.client - Write Characteristic 6e400002-b5a3-f393-e0a9-e50e24dcca9e : bytearray(b'4,0')
2021-08-20 12:09:17,996 - INFO - root - x = 453, y = 444, Radius = 53.53746795654297
2021-08-20 12:09:17,996 - INFO - root - Decision Window: xRange = 436, 455,  yRange = 462, 430
2021-08-20 12:09:17,996 - INFO - root - Next Decision Window: xRange = 456, 478,  yRange = 459, 416
2021-08-20 12:09:17,996 - INFO - root - Distance = 0, direction = 2, Win# 25
2021-08-20 12:09:18,067 - DEBUG - bleak.backends.dotnet.client - Write Characteristic 6e400002-b5a3-f393-e0a9-e50e24dcca9e : bytearray(b'2,0')
2021-08-20 12:09:18,100 - INFO - root - x = 463, y = 441, Radius = 53.80762481689453
2021-08-20 12:09:18,101 - INFO - root - Decision Window: xRange = 456, 478,  yRange = 459, 416
2021-08-20 12:09:18,101 - INFO - root - Next Decision Window: xRange = 479, 493,  yRange = 450, 409
2021-08-20 12:09:18,101 - INFO - root - Distance = 0, direction = 1, Win# 26
2021-08-20 12:09:18,187 - DEBUG - bleak.backends.dotnet.client - Write Characteristic 6e400002-b5a3-f393-e0a9-e50e24dcca9e : bytearray(b'1,0')
2021-08-20 12:09:18,204 - INFO - root - x = 471, y = 437, Radius = 53.390594482421875
2021-08-20 12:09:18,204 - INFO - root - Decision Window: xRange = 456, 478,  yRange = 459, 416
2021-08-20 12:09:18,204 - INFO - root - Next Decision Window: xRange = 479, 493,  yRange = 450, 409
2021-08-20 12:09:18,205 - INFO - root - Distance = 17.0, direction = 4, Win# 26
2021-08-20 12:09:18,306 - DEBUG - bleak.backends.dotnet.client - Write Characteristic 6e400002-b5a3-f393-e0a9-e50e24dcca9e : bytearray(b'4,0')
2021-08-20 12:09:18,334 - INFO - root - x = 478, y = 433, Radius = 53.80762481689453
2021-08-20 12:09:18,334 - INFO - root - Decision Window: xRange = 479, 493,  yRange = 450, 409
2021-08-20 12:09:18,334 - INFO - root - Next Decision Window: xRange = 494, 513,  yRange = 444, 389
2021-08-20 12:09:18,335 - INFO - root - Distance = 0, direction = 4, Win# 27
2021-08-20 12:09:18,426 - DEBUG - bleak.backends.dotnet.client - Write Characteristic 6e400002-b5a3-f393-e0a9-e50e24dcca9e : bytearray(b'4,0')
2021-08-20 12:09:18,464 - INFO - root - x = 486, y = 426, Radius = 53.95610046386719
2021-08-20 12:09:18,464 - INFO - root - Decision Window: xRange = 479, 493,  yRange = 450, 409
2021-08-20 12:09:18,464 - INFO - root - Next Decision Window: xRange = 494, 513,  yRange = 444, 389
2021-08-20 12:09:18,464 - INFO - root - Distance = 19.72308292331602, direction = 4, Win# 27
2021-08-20 12:09:18,546 - DEBUG - bleak.backends.dotnet.client - Write Characteristic 6e400002-b5a3-f393-e0a9-e50e24dcca9e : bytearray(b'4,0')
2021-08-20 12:09:18,580 - INFO - root - x = 493, y = 416, Radius = 53.68901824951172
2021-08-20 12:09:18,580 - INFO - root - Decision Window: xRange = 494, 513,  yRange = 444, 389
2021-08-20 12:09:18,580 - INFO - root - Next Decision Window: xRange = 514, 527,  yRange = 427, 377
2021-08-20 12:09:18,580 - INFO - root - Distance = 0, direction = 4, Win# 28
2021-08-20 12:09:18,667 - DEBUG - bleak.backends.dotnet.client - Write Characteristic 6e400002-b5a3-f393-e0a9-e50e24dcca9e : bytearray(b'4,0')
2021-08-20 12:09:18,697 - INFO - root - x = 500, y = 408, Radius = 54.37840270996094
2021-08-20 12:09:18,697 - INFO - root - Decision Window: xRange = 494, 513,  yRange = 444, 389
2021-08-20 12:09:18,697 - INFO - root - Next Decision Window: xRange = 514, 527,  yRange = 427, 377
2021-08-20 12:09:18,697 - INFO - root - Distance = 20.8806130178211, direction = 4, Win# 28
2021-08-20 12:09:18,787 - DEBUG - bleak.backends.dotnet.client - Write Characteristic 6e400002-b5a3-f393-e0a9-e50e24dcca9e : bytearray(b'4,0')
2021-08-20 12:09:18,823 - INFO - root - x = 506, y = 403, Radius = 53.702579498291016
2021-08-20 12:09:18,823 - INFO - root - Decision Window: xRange = 494, 513,  yRange = 444, 389
2021-08-20 12:09:18,823 - INFO - root - Next Decision Window: xRange = 514, 527,  yRange = 427, 377
2021-08-20 12:09:18,824 - INFO - root - Distance = 14.035668847618199, direction = 4, Win# 28
2021-08-20 12:09:18,906 - DEBUG - bleak.backends.dotnet.client - Write Characteristic 6e400002-b5a3-f393-e0a9-e50e24dcca9e : bytearray(b'4,0')
2021-08-20 12:09:18,950 - INFO - root - x = 513, y = 395, Radius = 54.27946853637695
2021-08-20 12:09:18,951 - INFO - root - Decision Window: xRange = 514, 527,  yRange = 427, 377
2021-08-20 12:09:18,951 - INFO - root - Next Decision Window: xRange = 529, 543,  yRange = 420, 350
2021-08-20 12:09:18,951 - INFO - root - Distance = 0, direction = 3, Win# 29
2021-08-20 12:09:19,027 - DEBUG - bleak.backends.dotnet.client - Write Characteristic 6e400002-b5a3-f393-e0a9-e50e24dcca9e : bytearray(b'3,0')
2021-08-20 12:09:19,069 - INFO - root - x = 516, y = 390, Radius = 54.45420837402344
2021-08-20 12:09:19,069 - INFO - root - Decision Window: xRange = 514, 527,  yRange = 427, 377
2021-08-20 12:09:19,069 - INFO - root - Next Decision Window: xRange = 529, 543,  yRange = 420, 350
2021-08-20 12:09:19,070 - INFO - root - Distance = 20.615528128088304, direction = 4, Win# 29
2021-08-20 12:09:19,146 - DEBUG - bleak.backends.dotnet.client - Write Characteristic 6e400002-b5a3-f393-e0a9-e50e24dcca9e : bytearray(b'4,0')
2021-08-20 12:09:19,175 - INFO - root - x = 519, y = 387, Radius = 54.45420837402344
2021-08-20 12:09:19,175 - INFO - root - Decision Window: xRange = 514, 527,  yRange = 427, 377
2021-08-20 12:09:19,175 - INFO - root - Next Decision Window: xRange = 529, 543,  yRange = 420, 350
2021-08-20 12:09:19,175 - INFO - root - Distance = 17.11724276862369, direction = 4, Win# 29
2021-08-20 12:09:19,267 - DEBUG - bleak.backends.dotnet.client - Write Characteristic 6e400002-b5a3-f393-e0a9-e50e24dcca9e : bytearray(b'4,0')
2021-08-20 12:09:19,299 - INFO - root - x = 524, y = 386, Radius = 54.281761169433594
2021-08-20 12:09:19,299 - INFO - root - Decision Window: xRange = 514, 527,  yRange = 427, 377
2021-08-20 12:09:19,299 - INFO - root - Next Decision Window: xRange = 529, 543,  yRange = 420, 350
2021-08-20 12:09:19,299 - INFO - root - Distance = 12.041594578792296, direction = 4, Win# 29
2021-08-20 12:09:19,387 - DEBUG - bleak.backends.dotnet.client - Write Characteristic 6e400002-b5a3-f393-e0a9-e50e24dcca9e : bytearray(b'4,0')
2021-08-20 12:09:19,429 - INFO - root - x = 530, y = 383, Radius = 54.39219284057617
2021-08-20 12:09:19,429 - INFO - root - Decision Window: xRange = 529, 543,  yRange = 420, 350
2021-08-20 12:09:19,429 - INFO - root - Next Decision Window: xRange = 544, 554,  yRange = 388, 325
2021-08-20 12:09:19,429 - INFO - root - Distance = 0, direction = 4, Win# 30
2021-08-20 12:09:19,507 - DEBUG - bleak.backends.dotnet.client - Write Characteristic 6e400002-b5a3-f393-e0a9-e50e24dcca9e : bytearray(b'4,0')
2021-08-20 12:09:19,545 - INFO - root - x = 537, y = 377, Radius = 54.214500427246094
2021-08-20 12:09:19,545 - INFO - root - Decision Window: xRange = 529, 543,  yRange = 420, 350
2021-08-20 12:09:19,545 - INFO - root - Next Decision Window: xRange = 544, 554,  yRange = 388, 325
2021-08-20 12:09:19,546 - INFO - root - Distance = 24.186773244895647, direction = 1, Win# 30
2021-08-20 12:09:19,627 - DEBUG - bleak.backends.dotnet.client - Write Characteristic 6e400002-b5a3-f393-e0a9-e50e24dcca9e : bytearray(b'1,0')
2021-08-20 12:09:19,639 - INFO - root - x = 541, y = 372, Radius = 54.79517364501953
2021-08-20 12:09:19,639 - INFO - root - Decision Window: xRange = 529, 543,  yRange = 420, 350
2021-08-20 12:09:19,639 - INFO - root - Next Decision Window: xRange = 544, 554,  yRange = 388, 325
2021-08-20 12:09:19,639 - INFO - root - Distance = 17.88854381999832, direction = 1, Win# 30
2021-08-20 12:09:19,747 - DEBUG - bleak.backends.dotnet.client - Write Characteristic 6e400002-b5a3-f393-e0a9-e50e24dcca9e : bytearray(b'1,0')
2021-08-20 12:09:19,782 - INFO - root - x = 546, y = 363, Radius = 54.150352478027344
2021-08-20 12:09:19,782 - INFO - root - Decision Window: xRange = 544, 554,  yRange = 388, 325
2021-08-20 12:09:19,783 - INFO - root - Next Decision Window: xRange = 555, 567,  yRange = 382, 312
2021-08-20 12:09:19,783 - INFO - root - Distance = 0, direction = 1, Win# 31
2021-08-20 12:09:19,866 - DEBUG - bleak.backends.dotnet.client - Write Characteristic 6e400002-b5a3-f393-e0a9-e50e24dcca9e : bytearray(b'1,0')
2021-08-20 12:09:19,904 - INFO - root - x = 549, y = 354, Radius = 54.56428146362305
2021-08-20 12:09:19,904 - INFO - root - Decision Window: xRange = 544, 554,  yRange = 388, 325
2021-08-20 12:09:19,904 - INFO - root - Next Decision Window: xRange = 555, 567,  yRange = 382, 312
2021-08-20 12:09:19,904 - INFO - root - Distance = 13.892443989449804, direction = 4, Win# 31
2021-08-20 12:09:19,987 - DEBUG - bleak.backends.dotnet.client - Write Characteristic 6e400002-b5a3-f393-e0a9-e50e24dcca9e : bytearray(b'4,0')
2021-08-20 12:09:20,029 - INFO - root - x = 554, y = 344, Radius = 54.79517364501953
2021-08-20 12:09:20,029 - INFO - root - Decision Window: xRange = 555, 567,  yRange = 382, 312
2021-08-20 12:09:20,029 - INFO - root - Next Decision Window: xRange = 556, 569,  yRange = 310, 262
2021-08-20 12:09:20,029 - INFO - root - Distance = 0, direction = 4, Win# 32
2021-08-20 12:09:20,107 - DEBUG - bleak.backends.dotnet.client - Write Characteristic 6e400002-b5a3-f393-e0a9-e50e24dcca9e : bytearray(b'4,0')
2021-08-20 12:09:20,132 - INFO - root - x = 555, y = 339, Radius = 55.00918960571289
2021-08-20 12:09:20,132 - INFO - root - Decision Window: xRange = 555, 567,  yRange = 382, 312
2021-08-20 12:09:20,132 - INFO - root - Next Decision Window: xRange = 556, 569,  yRange = 310, 262
2021-08-20 12:09:20,132 - INFO - root - Distance = 53.46026561849464, direction = 1, Win# 32
2021-08-20 12:09:20,226 - DEBUG - bleak.backends.dotnet.client - Write Characteristic 6e400002-b5a3-f393-e0a9-e50e24dcca9e : bytearray(b'1,1')
2021-08-20 12:09:20,257 - INFO - root - x = 558, y = 331, Radius = 55.23822021484375
2021-08-20 12:09:20,257 - INFO - root - Decision Window: xRange = 555, 567,  yRange = 382, 312
2021-08-20 12:09:20,257 - INFO - root - Next Decision Window: xRange = 556, 569,  yRange = 310, 262
2021-08-20 12:09:20,257 - INFO - root - Distance = 45.17742799230607, direction = 1, Win# 32
2021-08-20 12:09:20,347 - DEBUG - bleak.backends.dotnet.client - Write Characteristic 6e400002-b5a3-f393-e0a9-e50e24dcca9e : bytearray(b'1,0')
2021-08-20 12:09:20,378 - INFO - root - x = 561, y = 322, Radius = 55.23143005371094
2021-08-20 12:09:20,378 - INFO - root - Decision Window: xRange = 555, 567,  yRange = 382, 312
2021-08-20 12:09:20,378 - INFO - root - Next Decision Window: xRange = 556, 569,  yRange = 310, 262
2021-08-20 12:09:20,378 - INFO - root - Distance = 36.013886210738214, direction = 1, Win# 32
2021-08-20 12:09:20,467 - DEBUG - bleak.backends.dotnet.client - Write Characteristic 6e400002-b5a3-f393-e0a9-e50e24dcca9e : bytearray(b'1,0')
2021-08-20 12:09:20,501 - INFO - root - x = 563, y = 314, Radius = 55.70872116088867
2021-08-20 12:09:20,501 - INFO - root - Decision Window: xRange = 555, 567,  yRange = 382, 312
2021-08-20 12:09:20,501 - INFO - root - Next Decision Window: xRange = 556, 569,  yRange = 310, 262
2021-08-20 12:09:20,502 - INFO - root - Distance = 28.0178514522438, direction = 1, Win# 32
2021-08-20 12:09:20,586 - DEBUG - bleak.backends.dotnet.client - Write Characteristic 6e400002-b5a3-f393-e0a9-e50e24dcca9e : bytearray(b'1,0')
2021-08-20 12:09:20,627 - INFO - root - x = 565, y = 297, Radius = 55.23868179321289
2021-08-20 12:09:20,628 - INFO - root - Decision Window: xRange = 556, 569,  yRange = 310, 262
2021-08-20 12:09:20,628 - INFO - root - Next Decision Window: xRange = 550, 569,  yRange = 261, 242
2021-08-20 12:09:20,628 - INFO - root - Distance = 0, direction = 1, Win# 33
2021-08-20 12:09:20,707 - DEBUG - bleak.backends.dotnet.client - Write Characteristic 6e400002-b5a3-f393-e0a9-e50e24dcca9e : bytearray(b'1,0')
2021-08-20 12:09:20,735 - INFO - root - x = 563, y = 284, Radius = 55.91297912597656
2021-08-20 12:09:20,735 - INFO - root - Decision Window: xRange = 556, 569,  yRange = 310, 262
2021-08-20 12:09:20,735 - INFO - root - Next Decision Window: xRange = 550, 569,  yRange = 261, 242
2021-08-20 12:09:20,735 - INFO - root - Distance = 33.24154027718932, direction = 1, Win# 33
2021-08-20 12:09:20,827 - DEBUG - bleak.backends.dotnet.client - Write Characteristic 6e400002-b5a3-f393-e0a9-e50e24dcca9e : bytearray(b'1,0')
2021-08-20 12:09:20,857 - INFO - root - x = 563, y = 275, Radius = 55.901798248291016
2021-08-20 12:09:20,857 - INFO - root - Decision Window: xRange = 556, 569,  yRange = 310, 262
2021-08-20 12:09:20,857 - INFO - root - Next Decision Window: xRange = 550, 569,  yRange = 261, 242
2021-08-20 12:09:20,857 - INFO - root - Distance = 24.331050121192877, direction = 1, Win# 33
2021-08-20 12:09:20,946 - DEBUG - bleak.backends.dotnet.client - Write Characteristic 6e400002-b5a3-f393-e0a9-e50e24dcca9e : bytearray(b'1,0')
2021-08-20 12:09:20,981 - INFO - root - x = 563, y = 270, Radius = 56.35655212402344
2021-08-20 12:09:20,981 - INFO - root - Decision Window: xRange = 556, 569,  yRange = 310, 262
2021-08-20 12:09:20,981 - INFO - root - Next Decision Window: xRange = 550, 569,  yRange = 261, 242
2021-08-20 12:09:20,981 - INFO - root - Distance = 19.4164878389476, direction = 1, Win# 33
2021-08-20 12:09:21,066 - DEBUG - bleak.backends.dotnet.client - Write Characteristic 6e400002-b5a3-f393-e0a9-e50e24dcca9e : bytearray(b'1,0')
2021-08-20 12:09:21,108 - INFO - root - x = 561, y = 258, Radius = 56.12941360473633
2021-08-20 12:09:21,108 - INFO - root - Decision Window: xRange = 550, 569,  yRange = 261, 242
2021-08-20 12:09:21,108 - INFO - root - Next Decision Window: xRange = 543, 561,  yRange = 241, 203
2021-08-20 12:09:21,108 - INFO - root - Distance = 0, direction = 1, Win# 34
2021-08-20 12:09:21,186 - DEBUG - bleak.backends.dotnet.client - Write Characteristic 6e400002-b5a3-f393-e0a9-e50e24dcca9e : bytearray(b'1,0')
2021-08-20 12:09:21,227 - INFO - root - x = 557, y = 246, Radius = 56.131202697753906
2021-08-20 12:09:21,227 - INFO - root - Decision Window: xRange = 550, 569,  yRange = 261, 242
2021-08-20 12:09:21,227 - INFO - root - Next Decision Window: xRange = 543, 561,  yRange = 241, 203
2021-08-20 12:09:21,227 - INFO - root - Distance = 24.515301344262525, direction = 1, Win# 34
2021-08-20 12:09:21,307 - DEBUG - bleak.backends.dotnet.client - Write Characteristic 6e400002-b5a3-f393-e0a9-e50e24dcca9e : bytearray(b'1,0')
2021-08-20 12:09:21,344 - INFO - root - x = 554, y = 239, Radius = 56.349456787109375
2021-08-20 12:09:21,344 - INFO - root - Decision Window: xRange = 543, 561,  yRange = 241, 203
2021-08-20 12:09:21,344 - INFO - root - Next Decision Window: xRange = 531, 542,  yRange = 230, 179
2021-08-20 12:09:21,344 - INFO - root - Distance = 0, direction = 1, Win# 35
2021-08-20 12:09:21,427 - DEBUG - bleak.backends.dotnet.client - Write Characteristic 6e400002-b5a3-f393-e0a9-e50e24dcca9e : bytearray(b'1,0')
2021-08-20 12:09:21,460 - INFO - root - x = 553, y = 232, Radius = 56.7979850769043
2021-08-20 12:09:21,460 - INFO - root - Decision Window: xRange = 543, 561,  yRange = 241, 203
2021-08-20 12:09:21,460 - INFO - root - Next Decision Window: xRange = 531, 542,  yRange = 230, 179
2021-08-20 12:09:21,460 - INFO - root - Distance = 32.7566787083184, direction = 1, Win# 35
2021-08-20 12:09:21,547 - DEBUG - bleak.backends.dotnet.client - Write Characteristic 6e400002-b5a3-f393-e0a9-e50e24dcca9e : bytearray(b'1,0')
2021-08-20 12:09:21,581 - INFO - root - x = 551, y = 226, Radius = 56.7979850769043
2021-08-20 12:09:21,581 - INFO - root - Decision Window: xRange = 543, 561,  yRange = 241, 203
2021-08-20 12:09:21,581 - INFO - root - Next Decision Window: xRange = 531, 542,  yRange = 230, 179
2021-08-20 12:09:21,581 - INFO - root - Distance = 26.627053911388696, direction = 1, Win# 35
2021-08-20 12:09:21,668 - DEBUG - bleak.backends.dotnet.client - Write Characteristic 6e400002-b5a3-f393-e0a9-e50e24dcca9e : bytearray(b'1,0')
2021-08-20 12:09:21,710 - INFO - root - x = 550, y = 218, Radius = 56.131202697753906
2021-08-20 12:09:21,710 - INFO - root - Decision Window: xRange = 543, 561,  yRange = 241, 203
2021-08-20 12:09:21,710 - INFO - root - Next Decision Window: xRange = 531, 542,  yRange = 230, 179
2021-08-20 12:09:21,710 - INFO - root - Distance = 19.79898987322333, direction = 1, Win# 35
2021-08-20 12:09:21,786 - DEBUG - bleak.backends.dotnet.client - Write Characteristic 6e400002-b5a3-f393-e0a9-e50e24dcca9e : bytearray(b'1,0')
2021-08-20 12:09:21,812 - INFO - root - x = 549, y = 215, Radius = 56.58013153076172
2021-08-20 12:09:21,812 - INFO - root - Decision Window: xRange = 543, 561,  yRange = 241, 203
2021-08-20 12:09:21,812 - INFO - root - Next Decision Window: xRange = 531, 542,  yRange = 230, 179
2021-08-20 12:09:21,812 - INFO - root - Distance = 17.029386365926403, direction = 2, Win# 35
2021-08-20 12:09:21,907 - DEBUG - bleak.backends.dotnet.client - Write Characteristic 6e400002-b5a3-f393-e0a9-e50e24dcca9e : bytearray(b'2,0')
2021-08-20 12:09:21,938 - INFO - root - x = 544, y = 202, Radius = 56.57305908203125
2021-08-20 12:09:21,938 - INFO - root - Decision Window: xRange = 543, 561,  yRange = 241, 203
2021-08-20 12:09:21,939 - INFO - root - Next Decision Window: xRange = 531, 542,  yRange = 230, 179
2021-08-20 12:09:21,939 - INFO - root - Distance = 8.246211251235321, direction = 2, Win# 35
2021-08-20 12:09:22,027 - DEBUG - bleak.backends.dotnet.client - Write Characteristic 6e400002-b5a3-f393-e0a9-e50e24dcca9e : bytearray(b'2,0')
2021-08-20 12:09:22,067 - INFO - root - x = 537, y = 194, Radius = 56.80194854736328
2021-08-20 12:09:22,067 - INFO - root - Decision Window: xRange = 531, 542,  yRange = 230, 179
2021-08-20 12:09:22,067 - INFO - root - Next Decision Window: xRange = 506, 518,  yRange = 199, 148
2021-08-20 12:09:22,067 - INFO - root - Distance = 0, direction = 3, Win# 36
2021-08-20 12:09:22,146 - DEBUG - bleak.backends.dotnet.client - Write Characteristic 6e400002-b5a3-f393-e0a9-e50e24dcca9e : bytearray(b'3,0')
2021-08-20 12:09:22,184 - INFO - root - x = 536, y = 191, Radius = 57.24518585205078
2021-08-20 12:09:22,184 - INFO - root - Decision Window: xRange = 531, 542,  yRange = 230, 179
2021-08-20 12:09:22,184 - INFO - root - Next Decision Window: xRange = 506, 518,  yRange = 199, 148
2021-08-20 12:09:22,184 - INFO - root - Distance = 30.0, direction = 2, Win# 36
2021-08-20 12:09:22,267 - DEBUG - bleak.backends.dotnet.client - Write Characteristic 6e400002-b5a3-f393-e0a9-e50e24dcca9e : bytearray(b'2,0')
2021-08-20 12:09:22,309 - INFO - root - x = 529, y = 184, Radius = 57.030792236328125
2021-08-20 12:09:22,309 - INFO - root - Decision Window: xRange = 531, 542,  yRange = 230, 179
2021-08-20 12:09:22,309 - INFO - root - Next Decision Window: xRange = 506, 518,  yRange = 199, 148
2021-08-20 12:09:22,309 - INFO - root - Distance = 20.248456731316587, direction = 2, Win# 36
2021-08-20 12:09:22,387 - DEBUG - bleak.backends.dotnet.client - Write Characteristic 6e400002-b5a3-f393-e0a9-e50e24dcca9e : bytearray(b'2,0')
2021-08-20 12:09:22,416 - INFO - root - x = 527, y = 180, Radius = 56.80018615722656
2021-08-20 12:09:22,416 - INFO - root - Decision Window: xRange = 531, 542,  yRange = 230, 179
2021-08-20 12:09:22,416 - INFO - root - Next Decision Window: xRange = 506, 518,  yRange = 199, 148
2021-08-20 12:09:22,416 - INFO - root - Distance = 16.55294535724685, direction = 2, Win# 36
2021-08-20 12:09:22,507 - DEBUG - bleak.backends.dotnet.client - Write Characteristic 6e400002-b5a3-f393-e0a9-e50e24dcca9e : bytearray(b'2,0')
2021-08-20 12:09:22,542 - INFO - root - x = 522, y = 173, Radius = 56.80018615722656
2021-08-20 12:09:22,542 - INFO - root - Decision Window: xRange = 531, 542,  yRange = 230, 179
2021-08-20 12:09:22,542 - INFO - root - Next Decision Window: xRange = 506, 518,  yRange = 199, 148
2021-08-20 12:09:22,542 - INFO - root - Distance = 10.0, direction = 2, Win# 36
2021-08-20 12:09:22,627 - DEBUG - bleak.backends.dotnet.client - Write Characteristic 6e400002-b5a3-f393-e0a9-e50e24dcca9e : bytearray(b'2,0')
2021-08-20 12:09:22,668 - INFO - root - x = 513, y = 164, Radius = 56.588523864746094
2021-08-20 12:09:22,668 - INFO - root - Decision Window: xRange = 506, 518,  yRange = 199, 148
2021-08-20 12:09:22,668 - INFO - root - Next Decision Window: xRange = 492, 505,  yRange = 187, 139
2021-08-20 12:09:22,668 - INFO - root - Distance = 0, direction = 3, Win# 37
2021-08-20 12:09:22,807 - DEBUG - bleak.backends.dotnet.client - Write Characteristic 6e400002-b5a3-f393-e0a9-e50e24dcca9e : bytearray(b'3,0')
2021-08-20 12:09:22,833 - INFO - root - x = 510, y = 159, Radius = 56.588523864746094
2021-08-20 12:09:22,833 - INFO - root - Decision Window: xRange = 506, 518,  yRange = 199, 148
2021-08-20 12:09:22,833 - INFO - root - Next Decision Window: xRange = 492, 505,  yRange = 187, 139
2021-08-20 12:09:22,834 - INFO - root - Distance = 12.649110640673518, direction = 2, Win# 37
2021-08-20 12:09:22,926 - DEBUG - bleak.backends.dotnet.client - Write Characteristic 6e400002-b5a3-f393-e0a9-e50e24dcca9e : bytearray(b'2,0')
2021-08-20 12:09:22,963 - INFO - root - x = 506, y = 157, Radius = 56.80018615722656
2021-08-20 12:09:22,963 - INFO - root - Decision Window: xRange = 492, 505,  yRange = 187, 139
2021-08-20 12:09:22,963 - INFO - root - Next Decision Window: xRange = 478, 491,  yRange = 175, 127
2021-08-20 12:09:22,963 - INFO - root - Distance = 0, direction = 2, Win# 38
2021-08-20 12:09:23,047 - DEBUG - bleak.backends.dotnet.client - Write Characteristic 6e400002-b5a3-f393-e0a9-e50e24dcca9e : bytearray(b'2,0')
2021-08-20 12:09:23,081 - INFO - root - x = 500, y = 153, Radius = 56.57305908203125
2021-08-20 12:09:23,081 - INFO - root - Decision Window: xRange = 492, 505,  yRange = 187, 139
2021-08-20 12:09:23,081 - INFO - root - Next Decision Window: xRange = 478, 491,  yRange = 175, 127
2021-08-20 12:09:23,081 - INFO - root - Distance = 16.1245154965971, direction = 2, Win# 38
2021-08-20 12:09:23,166 - DEBUG - bleak.backends.dotnet.client - Write Characteristic 6e400002-b5a3-f393-e0a9-e50e24dcca9e : bytearray(b'2,0')
2021-08-20 12:09:23,209 - INFO - root - x = 495, y = 150, Radius = 56.356109619140625
2021-08-20 12:09:23,209 - INFO - root - Decision Window: xRange = 492, 505,  yRange = 187, 139
2021-08-20 12:09:23,209 - INFO - root - Next Decision Window: xRange = 478, 491,  yRange = 175, 127
2021-08-20 12:09:23,209 - INFO - root - Distance = 11.045361017187261, direction = 2, Win# 38
2021-08-20 12:09:23,287 - DEBUG - bleak.backends.dotnet.client - Write Characteristic 6e400002-b5a3-f393-e0a9-e50e24dcca9e : bytearray(b'2,0')
2021-08-20 12:09:23,317 - INFO - root - x = 487, y = 145, Radius = 57.264835357666016
2021-08-20 12:09:23,317 - INFO - root - Decision Window: xRange = 478, 491,  yRange = 175, 127
2021-08-20 12:09:23,317 - INFO - root - Next Decision Window: xRange = 465, 477,  yRange = 171, 121
2021-08-20 12:09:23,317 - INFO - root - Distance = 0, direction = 3, Win# 39
2021-08-20 12:09:23,406 - DEBUG - bleak.backends.dotnet.client - Write Characteristic 6e400002-b5a3-f393-e0a9-e50e24dcca9e : bytearray(b'3,0')
2021-08-20 12:09:23,440 - INFO - root - x = 477, y = 141, Radius = 57.030792236328125
2021-08-20 12:09:23,440 - INFO - root - Decision Window: xRange = 465, 477,  yRange = 171, 121
2021-08-20 12:09:23,440 - INFO - root - Next Decision Window: xRange = 448, 464,  yRange = 157, 115
2021-08-20 12:09:23,440 - INFO - root - Distance = 0, direction = 2, Win# 40
2021-08-20 12:09:23,527 - DEBUG - bleak.backends.dotnet.client - Write Characteristic 6e400002-b5a3-f393-e0a9-e50e24dcca9e : bytearray(b'2,0')
2021-08-20 12:09:23,562 - INFO - root - x = 469, y = 138, Radius = 57.264835357666016
2021-08-20 12:09:23,562 - INFO - root - Decision Window: xRange = 465, 477,  yRange = 171, 121
2021-08-20 12:09:23,562 - INFO - root - Next Decision Window: xRange = 448, 464,  yRange = 157, 115
2021-08-20 12:09:23,562 - INFO - root - Distance = 13.152946437965905, direction = 2, Win# 40
2021-08-20 12:09:23,647 - DEBUG - bleak.backends.dotnet.client - Write Characteristic 6e400002-b5a3-f393-e0a9-e50e24dcca9e : bytearray(b'2,0')
2021-08-20 12:09:23,690 - INFO - root - x = 456, y = 138, Radius = 56.82439041137695
2021-08-20 12:09:23,690 - INFO - root - Decision Window: xRange = 448, 464,  yRange = 157, 115
2021-08-20 12:09:23,690 - INFO - root - Next Decision Window: xRange = 430, 447,  yRange = 156, 105
2021-08-20 12:09:23,690 - INFO - root - Distance = 0, direction = 1, Win# 41
2021-08-20 12:09:23,766 - DEBUG - bleak.backends.dotnet.client - Write Characteristic 6e400002-b5a3-f393-e0a9-e50e24dcca9e : bytearray(b'1,0')
2021-08-20 12:09:23,818 - INFO - root - x = 443, y = 136, Radius = 57.30629348754883
2021-08-20 12:09:23,818 - INFO - root - Decision Window: xRange = 430, 447,  yRange = 156, 105
2021-08-20 12:09:23,818 - INFO - root - Next Decision Window: xRange = 409, 429,  yRange = 151, 96
2021-08-20 12:09:23,818 - INFO - root - Distance = 0, direction = 1, Win# 42
2021-08-20 12:09:23,887 - DEBUG - bleak.backends.dotnet.client - Write Characteristic 6e400002-b5a3-f393-e0a9-e50e24dcca9e : bytearray(b'1,0')
2021-08-20 12:09:23,912 - INFO - root - x = 436, y = 134, Radius = 57.30629348754883
2021-08-20 12:09:23,913 - INFO - root - Decision Window: xRange = 430, 447,  yRange = 156, 105
2021-08-20 12:09:23,913 - INFO - root - Next Decision Window: xRange = 409, 429,  yRange = 151, 96
2021-08-20 12:09:23,913 - INFO - root - Distance = 0, direction = 1, Win# 42
2021-08-20 12:09:24,007 - DEBUG - bleak.backends.dotnet.client - Write Characteristic 6e400002-b5a3-f393-e0a9-e50e24dcca9e : bytearray(b'1,0')
2021-08-20 12:09:24,013 - DEBUG - bleak.backends.dotnet.client - Disconnecting from BLE device...
2021-08-20 12:09:27,127 - DEBUG - bleak.backends.dotnet.client - _ConnectionStatusChanged_Handler: 0
