2021-08-24 06:23:10,125 - INFO - root - 


2021-08-24 06:23:10,125 - INFO - root - PROGRAM BEGINS
2021-08-24 06:23:12,560 - INFO - root - Image: circle_image_Excel.xlsx
2021-08-24 06:23:13,461 - DEBUG - asyncio - Using proactor: IocpProactor
2021-08-24 06:23:13,591 - DEBUG - bleak.backends.dotnet.scanner - Received 64:3C:92:02:40:D0: Unknown.
2021-08-24 06:23:13,596 - DEBUG - bleak.backends.dotnet.scanner - Received 64:3C:92:02:40:D0: Unknown.
2021-08-24 06:23:13,818 - DEBUG - bleak.backends.dotnet.scanner - Received CC:D2:81:7A:31:C7: Unknown.
2021-08-24 06:23:13,818 - DEBUG - bleak.backends.dotnet.scanner - Received CC:D2:81:7A:31:C7: Unknown.
2021-08-24 06:23:13,931 - DEBUG - bleak.backends.dotnet.scanner - Received 38:68:A4:0D:FE:EB: Unknown.
2021-08-24 06:23:14,061 - DEBUG - bleak.backends.dotnet.scanner - Received 75:D9:BF:0C:31:10: Unknown.
2021-08-24 06:23:14,061 - DEBUG - bleak.backends.dotnet.scanner - Received 75:D9:BF:0C:31:10: Unknown.
2021-08-24 06:23:14,395 - DEBUG - bleak.backends.dotnet.scanner - Received 38:68:A4:0D:FE:EB: Unknown.
2021-08-24 06:23:14,886 - DEBUG - bleak.backends.dotnet.scanner - Received 75:D9:BF:0C:31:10: Unknown.
2021-08-24 06:23:14,887 - DEBUG - bleak.backends.dotnet.scanner - Received 75:D9:BF:0C:31:10: Unknown.
2021-08-24 06:23:15,224 - DEBUG - bleak.backends.dotnet.scanner - Received 64:3C:92:02:40:D0: Unknown.
2021-08-24 06:23:15,225 - DEBUG - bleak.backends.dotnet.scanner - Received 64:3C:92:02:40:D0: Unknown.
2021-08-24 06:23:15,350 - DEBUG - bleak.backends.dotnet.scanner - Received 3F:4D:6C:C6:F2:5D: Unknown.
2021-08-24 06:23:15,461 - DEBUG - bleak.backends.dotnet.scanner - Received CC:D2:81:7A:31:C7: Unknown.
2021-08-24 06:23:15,462 - DEBUG - bleak.backends.dotnet.scanner - Received CC:D2:81:7A:31:C7: Unknown.
2021-08-24 06:23:15,941 - DEBUG - bleak.backends.dotnet.scanner - Received FA:B4:6A:30:5B:CF: Unknown.
2021-08-24 06:23:15,952 - DEBUG - bleak.backends.dotnet.scanner - Received 38:68:A4:0D:FE:EB: Unknown.
2021-08-24 06:23:16,414 - DEBUG - bleak.backends.dotnet.scanner - Received 38:68:A4:0D:FE:EB: Unknown.
2021-08-24 06:23:16,449 - DEBUG - bleak.backends.dotnet.scanner - Received 3F:4D:6C:C6:F2:5D: Unknown.
2021-08-24 06:23:16,996 - DEBUG - bleak.backends.dotnet.scanner - Received FA:B4:6A:30:5B:CF: Unknown.
2021-08-24 06:23:17,113 - DEBUG - bleak.backends.dotnet.scanner - Received CC:D2:81:7A:31:C7: Unknown.
2021-08-24 06:23:17,114 - DEBUG - bleak.backends.dotnet.scanner - Received CC:D2:81:7A:31:C7: Unknown.
2021-08-24 06:23:17,237 - DEBUG - bleak.backends.dotnet.scanner - Received 7C:9E:BD:EE:7A:82: Haptic Sleeve ML.
2021-08-24 06:23:17,238 - DEBUG - bleak.backends.dotnet.scanner - Received 7C:9E:BD:EE:7A:82: Unknown.
2021-08-24 06:23:17,238 - DEBUG - bleak.backends.dotnet.scanner - 7 devices found. Watcher status: 3.
2021-08-24 06:23:17,238 - DEBUG - bleak.backends.dotnet.client - Connecting to BLE device @ 7c:9e:bd:ee:7a:82
2021-08-24 06:23:22,793 - DEBUG - bleak.backends.dotnet.client - _ConnectionStatusChanged_Handler: 1
2021-08-24 06:23:22,794 - DEBUG - bleak.backends.dotnet.client - Get Services...
2021-08-24 06:23:22,849 - INFO - bleak.backends.dotnet.client - Services resolved for BleakClientDotNet (7c:9e:bd:ee:7a:82)
2021-08-24 06:23:26,523 - INFO - root - x = 401, y = 131, Radius = 78.77342987060547
2021-08-24 06:23:26,523 - INFO - root - Decision Window: xRange = 387, 411,  yRange = 149, 100
2021-08-24 06:23:26,524 - INFO - root - Next Decision Window: xRange = 369, 386,  yRange = 149, 106
2021-08-24 06:23:26,524 - INFO - root - Distance = 24.331050121192877, direction = 2, Win# 0
2021-08-24 06:23:26,700 - DEBUG - bleak.backends.dotnet.client - Write Characteristic 6e400002-b5a3-f393-e0a9-e50e24dcca9e : bytearray(b'2,0')
2021-08-24 06:23:26,746 - INFO - root - x = 409, y = 128, Radius = 75.76948547363281
2021-08-24 06:23:26,746 - INFO - root - Decision Window: xRange = 387, 411,  yRange = 149, 100
2021-08-24 06:23:26,746 - INFO - root - Next Decision Window: xRange = 369, 386,  yRange = 149, 106
2021-08-24 06:23:26,747 - INFO - root - Distance = 32.01562118716424, direction = 2, Win# 0
2021-08-24 06:23:26,819 - DEBUG - bleak.backends.dotnet.client - Write Characteristic 6e400002-b5a3-f393-e0a9-e50e24dcca9e : bytearray(b'2,0')
2021-08-24 06:23:26,854 - INFO - root - x = 409, y = 131, Radius = 76.52787017822266
2021-08-24 06:23:26,855 - INFO - root - Decision Window: xRange = 387, 411,  yRange = 149, 100
2021-08-24 06:23:26,855 - INFO - root - Next Decision Window: xRange = 369, 386,  yRange = 149, 106
2021-08-24 06:23:26,855 - INFO - root - Distance = 32.2490309931942, direction = 2, Win# 0
2021-08-24 06:23:26,939 - DEBUG - bleak.backends.dotnet.client - Write Characteristic 6e400002-b5a3-f393-e0a9-e50e24dcca9e : bytearray(b'2,0')
2021-08-24 06:23:26,978 - INFO - root - x = 409, y = 131, Radius = 75.23971557617188
2021-08-24 06:23:26,978 - INFO - root - Decision Window: xRange = 387, 411,  yRange = 149, 100
2021-08-24 06:23:26,978 - INFO - root - Next Decision Window: xRange = 369, 386,  yRange = 149, 106
2021-08-24 06:23:26,978 - INFO - root - Distance = 32.2490309931942, direction = 2, Win# 0
2021-08-24 06:23:27,059 - DEBUG - bleak.backends.dotnet.client - Write Characteristic 6e400002-b5a3-f393-e0a9-e50e24dcca9e : bytearray(b'2,0')
2021-08-24 06:23:27,102 - INFO - root - x = 407, y = 137, Radius = 87.21551513671875
2021-08-24 06:23:27,102 - INFO - root - Decision Window: xRange = 387, 411,  yRange = 149, 100
2021-08-24 06:23:27,102 - INFO - root - Next Decision Window: xRange = 369, 386,  yRange = 149, 106
2021-08-24 06:23:27,102 - INFO - root - Distance = 31.622776601683793, direction = 2, Win# 0
2021-08-24 06:23:27,179 - DEBUG - bleak.backends.dotnet.client - Write Characteristic 6e400002-b5a3-f393-e0a9-e50e24dcca9e : bytearray(b'2,0')
2021-08-24 06:23:27,226 - INFO - root - x = 400, y = 135, Radius = 78.10419464111328
2021-08-24 06:23:27,226 - INFO - root - Decision Window: xRange = 387, 411,  yRange = 149, 100
2021-08-24 06:23:27,226 - INFO - root - Next Decision Window: xRange = 369, 386,  yRange = 149, 106
2021-08-24 06:23:27,226 - INFO - root - Distance = 24.351591323771842, direction = 2, Win# 0
2021-08-24 06:23:27,299 - DEBUG - bleak.backends.dotnet.client - Write Characteristic 6e400002-b5a3-f393-e0a9-e50e24dcca9e : bytearray(b'2,0')
2021-08-24 06:23:27,334 - INFO - root - x = 398, y = 136, Radius = 78.27046203613281
2021-08-24 06:23:27,334 - INFO - root - Decision Window: xRange = 387, 411,  yRange = 149, 100
2021-08-24 06:23:27,334 - INFO - root - Next Decision Window: xRange = 369, 386,  yRange = 149, 106
2021-08-24 06:23:27,334 - INFO - root - Distance = 22.847319317591726, direction = 2, Win# 0
2021-08-24 06:23:27,419 - DEBUG - bleak.backends.dotnet.client - Write Characteristic 6e400002-b5a3-f393-e0a9-e50e24dcca9e : bytearray(b'2,0')
2021-08-24 06:23:27,456 - INFO - root - x = 389, y = 134, Radius = 82.54100036621094
2021-08-24 06:23:27,457 - INFO - root - Decision Window: xRange = 387, 411,  yRange = 149, 100
2021-08-24 06:23:27,457 - INFO - root - Next Decision Window: xRange = 369, 386,  yRange = 149, 106
2021-08-24 06:23:27,457 - INFO - root - Distance = 13.892443989449804, direction = 2, Win# 0
2021-08-24 06:23:27,539 - DEBUG - bleak.backends.dotnet.client - Write Characteristic 6e400002-b5a3-f393-e0a9-e50e24dcca9e : bytearray(b'2,0')
2021-08-24 06:23:27,581 - INFO - root - x = 387, y = 134, Radius = 92.18062591552734
2021-08-24 06:23:27,581 - INFO - root - Decision Window: xRange = 387, 411,  yRange = 149, 100
2021-08-24 06:23:27,581 - INFO - root - Next Decision Window: xRange = 369, 386,  yRange = 149, 106
2021-08-24 06:23:27,581 - INFO - root - Distance = 12.206555615733702, direction = 2, Win# 0
2021-08-24 06:23:27,659 - DEBUG - bleak.backends.dotnet.client - Write Characteristic 6e400002-b5a3-f393-e0a9-e50e24dcca9e : bytearray(b'2,0')
2021-08-24 06:23:27,704 - INFO - root - x = 390, y = 126, Radius = 81.81238555908203
2021-08-24 06:23:27,705 - INFO - root - Decision Window: xRange = 387, 411,  yRange = 149, 100
2021-08-24 06:23:27,705 - INFO - root - Next Decision Window: xRange = 369, 386,  yRange = 149, 106
2021-08-24 06:23:27,705 - INFO - root - Distance = 13.038404810405298, direction = 2, Win# 0
2021-08-24 06:23:27,779 - DEBUG - bleak.backends.dotnet.client - Write Characteristic 6e400002-b5a3-f393-e0a9-e50e24dcca9e : bytearray(b'2,0')
2021-08-24 06:23:27,812 - INFO - root - x = 392, y = 122, Radius = 78.65440368652344
2021-08-24 06:23:27,813 - INFO - root - Decision Window: xRange = 387, 411,  yRange = 149, 100
2021-08-24 06:23:27,813 - INFO - root - Next Decision Window: xRange = 369, 386,  yRange = 149, 106
2021-08-24 06:23:27,813 - INFO - root - Distance = 15.811388300841896, direction = 2, Win# 0
2021-08-24 06:23:27,899 - DEBUG - bleak.backends.dotnet.client - Write Characteristic 6e400002-b5a3-f393-e0a9-e50e24dcca9e : bytearray(b'2,0')
2021-08-24 06:23:27,936 - INFO - root - x = 396, y = 118, Radius = 71.1513442993164
2021-08-24 06:23:27,937 - INFO - root - Decision Window: xRange = 387, 411,  yRange = 149, 100
2021-08-24 06:23:27,937 - INFO - root - Next Decision Window: xRange = 369, 386,  yRange = 149, 106
2021-08-24 06:23:27,937 - INFO - root - Distance = 21.02379604162864, direction = 2, Win# 0
2021-08-24 06:23:28,019 - DEBUG - bleak.backends.dotnet.client - Write Characteristic 6e400002-b5a3-f393-e0a9-e50e24dcca9e : bytearray(b'2,0')
2021-08-24 06:23:28,060 - INFO - root - x = 396, y = 120, Radius = 75.9112319946289
2021-08-24 06:23:28,061 - INFO - root - Decision Window: xRange = 387, 411,  yRange = 149, 100
2021-08-24 06:23:28,061 - INFO - root - Next Decision Window: xRange = 369, 386,  yRange = 149, 106
2021-08-24 06:23:28,061 - INFO - root - Distance = 20.248456731316587, direction = 2, Win# 0
2021-08-24 06:23:28,139 - DEBUG - bleak.backends.dotnet.client - Write Characteristic 6e400002-b5a3-f393-e0a9-e50e24dcca9e : bytearray(b'2,0')
2021-08-24 06:23:28,184 - INFO - root - x = 400, y = 122, Radius = 85.64617156982422
2021-08-24 06:23:28,185 - INFO - root - Decision Window: xRange = 387, 411,  yRange = 149, 100
2021-08-24 06:23:28,185 - INFO - root - Next Decision Window: xRange = 369, 386,  yRange = 149, 106
2021-08-24 06:23:28,185 - INFO - root - Distance = 23.53720459187964, direction = 2, Win# 0
2021-08-24 06:23:28,259 - DEBUG - bleak.backends.dotnet.client - Write Characteristic 6e400002-b5a3-f393-e0a9-e50e24dcca9e : bytearray(b'2,0')
2021-08-24 06:23:28,293 - INFO - root - x = 398, y = 119, Radius = 72.49837493896484
2021-08-24 06:23:28,293 - INFO - root - Decision Window: xRange = 387, 411,  yRange = 149, 100
2021-08-24 06:23:28,293 - INFO - root - Next Decision Window: xRange = 369, 386,  yRange = 149, 106
2021-08-24 06:23:28,294 - INFO - root - Distance = 22.47220505424423, direction = 2, Win# 0
2021-08-24 06:23:28,379 - DEBUG - bleak.backends.dotnet.client - Write Characteristic 6e400002-b5a3-f393-e0a9-e50e24dcca9e : bytearray(b'2,0')
2021-08-24 06:23:28,416 - INFO - root - x = 401, y = 124, Radius = 86.34967803955078
2021-08-24 06:23:28,417 - INFO - root - Decision Window: xRange = 387, 411,  yRange = 149, 100
2021-08-24 06:23:28,417 - INFO - root - Next Decision Window: xRange = 369, 386,  yRange = 149, 106
2021-08-24 06:23:28,417 - INFO - root - Distance = 24.186773244895647, direction = 2, Win# 0
2021-08-24 06:23:28,499 - DEBUG - bleak.backends.dotnet.client - Write Characteristic 6e400002-b5a3-f393-e0a9-e50e24dcca9e : bytearray(b'2,0')
2021-08-24 06:23:28,539 - INFO - root - x = 395, y = 121, Radius = 76.55073547363281
2021-08-24 06:23:28,539 - INFO - root - Decision Window: xRange = 387, 411,  yRange = 149, 100
2021-08-24 06:23:28,539 - INFO - root - Next Decision Window: xRange = 369, 386,  yRange = 149, 106
2021-08-24 06:23:28,540 - INFO - root - Distance = 18.973665961010276, direction = 2, Win# 0
2021-08-24 06:23:28,619 - DEBUG - bleak.backends.dotnet.client - Write Characteristic 6e400002-b5a3-f393-e0a9-e50e24dcca9e : bytearray(b'2,0')
2021-08-24 06:23:28,664 - INFO - root - x = 402, y = 126, Radius = 80.723388671875
2021-08-24 06:23:28,664 - INFO - root - Decision Window: xRange = 387, 411,  yRange = 149, 100
2021-08-24 06:23:28,664 - INFO - root - Next Decision Window: xRange = 369, 386,  yRange = 149, 106
2021-08-24 06:23:28,664 - INFO - root - Distance = 25.019992006393608, direction = 2, Win# 0
2021-08-24 06:23:28,739 - DEBUG - bleak.backends.dotnet.client - Write Characteristic 6e400002-b5a3-f393-e0a9-e50e24dcca9e : bytearray(b'2,0')
2021-08-24 06:23:28,786 - INFO - root - x = 402, y = 126, Radius = 74.54706573486328
2021-08-24 06:23:28,787 - INFO - root - Decision Window: xRange = 387, 411,  yRange = 149, 100
2021-08-24 06:23:28,787 - INFO - root - Next Decision Window: xRange = 369, 386,  yRange = 149, 106
2021-08-24 06:23:28,787 - INFO - root - Distance = 25.019992006393608, direction = 2, Win# 0
2021-08-24 06:23:28,859 - DEBUG - bleak.backends.dotnet.client - Write Characteristic 6e400002-b5a3-f393-e0a9-e50e24dcca9e : bytearray(b'2,0')
2021-08-24 06:23:28,895 - INFO - root - x = 401, y = 125, Radius = 81.89179229736328
2021-08-24 06:23:28,895 - INFO - root - Decision Window: xRange = 387, 411,  yRange = 149, 100
2021-08-24 06:23:28,895 - INFO - root - Next Decision Window: xRange = 369, 386,  yRange = 149, 106
2021-08-24 06:23:28,895 - INFO - root - Distance = 24.08318915758459, direction = 2, Win# 0
2021-08-24 06:23:28,979 - DEBUG - bleak.backends.dotnet.client - Write Characteristic 6e400002-b5a3-f393-e0a9-e50e24dcca9e : bytearray(b'2,0')
2021-08-24 06:23:29,019 - INFO - root - x = 404, y = 128, Radius = 76.81481170654297
2021-08-24 06:23:29,019 - INFO - root - Decision Window: xRange = 387, 411,  yRange = 149, 100
2021-08-24 06:23:29,019 - INFO - root - Next Decision Window: xRange = 369, 386,  yRange = 149, 106
2021-08-24 06:23:29,019 - INFO - root - Distance = 27.018512172212592, direction = 2, Win# 0
2021-08-24 06:23:29,159 - DEBUG - bleak.backends.dotnet.client - Write Characteristic 6e400002-b5a3-f393-e0a9-e50e24dcca9e : bytearray(b'2,0')
2021-08-24 06:23:29,204 - INFO - root - x = 401, y = 128, Radius = 79.93914031982422
2021-08-24 06:23:29,204 - INFO - root - Decision Window: xRange = 387, 411,  yRange = 149, 100
2021-08-24 06:23:29,204 - INFO - root - Next Decision Window: xRange = 369, 386,  yRange = 149, 106
2021-08-24 06:23:29,204 - INFO - root - Distance = 24.020824298928627, direction = 2, Win# 0
2021-08-24 06:23:29,279 - DEBUG - bleak.backends.dotnet.client - Write Characteristic 6e400002-b5a3-f393-e0a9-e50e24dcca9e : bytearray(b'2,0')
2021-08-24 06:23:29,313 - INFO - root - x = 402, y = 128, Radius = 75.06840515136719
2021-08-24 06:23:29,313 - INFO - root - Decision Window: xRange = 387, 411,  yRange = 149, 100
2021-08-24 06:23:29,313 - INFO - root - Next Decision Window: xRange = 369, 386,  yRange = 149, 106
2021-08-24 06:23:29,313 - INFO - root - Distance = 25.019992006393608, direction = 2, Win# 0
2021-08-24 06:23:29,399 - DEBUG - bleak.backends.dotnet.client - Write Characteristic 6e400002-b5a3-f393-e0a9-e50e24dcca9e : bytearray(b'2,0')
2021-08-24 06:23:29,436 - INFO - root - x = 404, y = 129, Radius = 76.35617065429688
2021-08-24 06:23:29,436 - INFO - root - Decision Window: xRange = 387, 411,  yRange = 149, 100
2021-08-24 06:23:29,436 - INFO - root - Next Decision Window: xRange = 369, 386,  yRange = 149, 106
2021-08-24 06:23:29,437 - INFO - root - Distance = 27.073972741361768, direction = 2, Win# 0
2021-08-24 06:23:29,519 - DEBUG - bleak.backends.dotnet.client - Write Characteristic 6e400002-b5a3-f393-e0a9-e50e24dcca9e : bytearray(b'2,0')
2021-08-24 06:23:29,559 - INFO - root - x = 403, y = 129, Radius = 77.95840454101562
2021-08-24 06:23:29,560 - INFO - root - Decision Window: xRange = 387, 411,  yRange = 149, 100
2021-08-24 06:23:29,560 - INFO - root - Next Decision Window: xRange = 369, 386,  yRange = 149, 106
2021-08-24 06:23:29,560 - INFO - root - Distance = 26.076809620810597, direction = 2, Win# 0
2021-08-24 06:23:29,639 - DEBUG - bleak.backends.dotnet.client - Write Characteristic 6e400002-b5a3-f393-e0a9-e50e24dcca9e : bytearray(b'2,0')
2021-08-24 06:23:29,683 - INFO - root - x = 404, y = 127, Radius = 74.46485900878906
2021-08-24 06:23:29,683 - INFO - root - Decision Window: xRange = 387, 411,  yRange = 149, 100
2021-08-24 06:23:29,683 - INFO - root - Next Decision Window: xRange = 369, 386,  yRange = 149, 106
2021-08-24 06:23:29,683 - INFO - root - Distance = 27.0, direction = 2, Win# 0
2021-08-24 06:23:29,759 - DEBUG - bleak.backends.dotnet.client - Write Characteristic 6e400002-b5a3-f393-e0a9-e50e24dcca9e : bytearray(b'2,0')
2021-08-24 06:23:29,806 - INFO - root - x = 405, y = 127, Radius = 76.76109313964844
2021-08-24 06:23:29,807 - INFO - root - Decision Window: xRange = 387, 411,  yRange = 149, 100
2021-08-24 06:23:29,807 - INFO - root - Next Decision Window: xRange = 369, 386,  yRange = 149, 106
2021-08-24 06:23:29,807 - INFO - root - Distance = 28.0, direction = 2, Win# 0
2021-08-24 06:23:29,879 - DEBUG - bleak.backends.dotnet.client - Write Characteristic 6e400002-b5a3-f393-e0a9-e50e24dcca9e : bytearray(b'2,0')
2021-08-24 06:23:29,915 - INFO - root - x = 400, y = 125, Radius = 74.0406265258789
2021-08-24 06:23:29,915 - INFO - root - Decision Window: xRange = 387, 411,  yRange = 149, 100
2021-08-24 06:23:29,915 - INFO - root - Next Decision Window: xRange = 369, 386,  yRange = 149, 106
2021-08-24 06:23:29,916 - INFO - root - Distance = 23.08679276123039, direction = 2, Win# 0
2021-08-24 06:23:29,999 - DEBUG - bleak.backends.dotnet.client - Write Characteristic 6e400002-b5a3-f393-e0a9-e50e24dcca9e : bytearray(b'2,0')
2021-08-24 06:23:30,038 - INFO - root - x = 394, y = 123, Radius = 71.34996032714844
2021-08-24 06:23:30,039 - INFO - root - Decision Window: xRange = 387, 411,  yRange = 149, 100
2021-08-24 06:23:30,039 - INFO - root - Next Decision Window: xRange = 369, 386,  yRange = 149, 106
2021-08-24 06:23:30,039 - INFO - root - Distance = 17.46424919657298, direction = 2, Win# 0
2021-08-24 06:23:30,119 - DEBUG - bleak.backends.dotnet.client - Write Characteristic 6e400002-b5a3-f393-e0a9-e50e24dcca9e : bytearray(b'2,0')
2021-08-24 06:23:30,162 - INFO - root - x = 392, y = 125, Radius = 76.43021392822266
2021-08-24 06:23:30,163 - INFO - root - Decision Window: xRange = 387, 411,  yRange = 149, 100
2021-08-24 06:23:30,163 - INFO - root - Next Decision Window: xRange = 369, 386,  yRange = 149, 106
2021-08-24 06:23:30,163 - INFO - root - Distance = 15.132745950421556, direction = 2, Win# 0
2021-08-24 06:23:30,299 - DEBUG - bleak.backends.dotnet.client - Write Characteristic 6e400002-b5a3-f393-e0a9-e50e24dcca9e : bytearray(b'2,0')
2021-08-24 06:23:30,333 - INFO - root - x = 387, y = 125, Radius = 88.08670806884766
2021-08-24 06:23:30,333 - INFO - root - Decision Window: xRange = 387, 411,  yRange = 149, 100
2021-08-24 06:23:30,333 - INFO - root - Next Decision Window: xRange = 369, 386,  yRange = 149, 106
2021-08-24 06:23:30,333 - INFO - root - Distance = 10.198039027185569, direction = 2, Win# 0
2021-08-24 06:23:30,419 - DEBUG - bleak.backends.dotnet.client - Write Characteristic 6e400002-b5a3-f393-e0a9-e50e24dcca9e : bytearray(b'2,0')
2021-08-24 06:23:30,478 - INFO - root - x = 380, y = 124, Radius = 90.15690612792969
2021-08-24 06:23:30,478 - INFO - root - Decision Window: xRange = 369, 386,  yRange = 149, 106
2021-08-24 06:23:30,478 - INFO - root - Next Decision Window: xRange = 349, 368,  yRange = 147, 123
2021-08-24 06:23:30,478 - INFO - root - Distance = 0, direction = 3, Win# 1
2021-08-24 06:23:30,599 - DEBUG - bleak.backends.dotnet.client - Write Characteristic 6e400002-b5a3-f393-e0a9-e50e24dcca9e : bytearray(b'3,0')
2021-08-24 06:23:30,642 - INFO - root - x = 372, y = 116, Radius = 62.96794509887695
2021-08-24 06:23:30,642 - INFO - root - Decision Window: xRange = 369, 386,  yRange = 149, 106
2021-08-24 06:23:30,642 - INFO - root - Next Decision Window: xRange = 349, 368,  yRange = 147, 123
2021-08-24 06:23:30,642 - INFO - root - Distance = 23.600847442411894, direction = 3, Win# 1
2021-08-24 06:23:30,719 - DEBUG - bleak.backends.dotnet.client - Write Characteristic 6e400002-b5a3-f393-e0a9-e50e24dcca9e : bytearray(b'3,0')
2021-08-24 06:23:30,766 - INFO - root - x = 371, y = 115, Radius = 62.7114143371582
2021-08-24 06:23:30,766 - INFO - root - Decision Window: xRange = 369, 386,  yRange = 149, 106
2021-08-24 06:23:30,766 - INFO - root - Next Decision Window: xRange = 349, 368,  yRange = 147, 123
2021-08-24 06:23:30,766 - INFO - root - Distance = 23.853720883753127, direction = 3, Win# 1
2021-08-24 06:23:30,839 - DEBUG - bleak.backends.dotnet.client - Write Characteristic 6e400002-b5a3-f393-e0a9-e50e24dcca9e : bytearray(b'3,0')
2021-08-24 06:23:30,874 - INFO - root - x = 374, y = 127, Radius = 92.44738006591797
2021-08-24 06:23:30,874 - INFO - root - Decision Window: xRange = 369, 386,  yRange = 149, 106
2021-08-24 06:23:30,874 - INFO - root - Next Decision Window: xRange = 349, 368,  yRange = 147, 123
2021-08-24 06:23:30,874 - INFO - root - Distance = 17.88854381999832, direction = 2, Win# 1
2021-08-24 06:23:30,959 - DEBUG - bleak.backends.dotnet.client - Write Characteristic 6e400002-b5a3-f393-e0a9-e50e24dcca9e : bytearray(b'2,0')
2021-08-24 06:23:30,997 - INFO - root - x = 369, y = 121, Radius = 77.89746856689453
2021-08-24 06:23:30,998 - INFO - root - Decision Window: xRange = 369, 386,  yRange = 149, 106
2021-08-24 06:23:30,998 - INFO - root - Next Decision Window: xRange = 349, 368,  yRange = 147, 123
2021-08-24 06:23:30,998 - INFO - root - Distance = 17.804493814764857, direction = 3, Win# 1
2021-08-24 06:23:31,079 - DEBUG - bleak.backends.dotnet.client - Write Characteristic 6e400002-b5a3-f393-e0a9-e50e24dcca9e : bytearray(b'3,0')
2021-08-24 06:23:31,121 - INFO - root - x = 372, y = 123, Radius = 76.94163513183594
2021-08-24 06:23:31,122 - INFO - root - Decision Window: xRange = 369, 386,  yRange = 149, 106
2021-08-24 06:23:31,122 - INFO - root - Next Decision Window: xRange = 349, 368,  yRange = 147, 123
2021-08-24 06:23:31,122 - INFO - root - Distance = 18.439088914585774, direction = 2, Win# 1
2021-08-24 06:23:31,199 - DEBUG - bleak.backends.dotnet.client - Write Characteristic 6e400002-b5a3-f393-e0a9-e50e24dcca9e : bytearray(b'2,0')
2021-08-24 06:23:31,245 - INFO - root - x = 376, y = 128, Radius = 91.1291275024414
2021-08-24 06:23:31,245 - INFO - root - Decision Window: xRange = 369, 386,  yRange = 149, 106
2021-08-24 06:23:31,245 - INFO - root - Next Decision Window: xRange = 349, 368,  yRange = 147, 123
2021-08-24 06:23:31,245 - INFO - root - Distance = 19.313207915827967, direction = 2, Win# 1
2021-08-24 06:23:31,319 - DEBUG - bleak.backends.dotnet.client - Write Characteristic 6e400002-b5a3-f393-e0a9-e50e24dcca9e : bytearray(b'2,0')
2021-08-24 06:23:31,354 - INFO - root - x = 381, y = 125, Radius = 90.0836410522461
2021-08-24 06:23:31,354 - INFO - root - Decision Window: xRange = 369, 386,  yRange = 149, 106
2021-08-24 06:23:31,354 - INFO - root - Next Decision Window: xRange = 349, 368,  yRange = 147, 123
2021-08-24 06:23:31,354 - INFO - root - Distance = 25.079872407968907, direction = 2, Win# 1
2021-08-24 06:23:31,439 - DEBUG - bleak.backends.dotnet.client - Write Characteristic 6e400002-b5a3-f393-e0a9-e50e24dcca9e : bytearray(b'2,0')
2021-08-24 06:23:31,477 - INFO - root - x = 384, y = 126, Radius = 90.91902160644531
2021-08-24 06:23:31,478 - INFO - root - Decision Window: xRange = 369, 386,  yRange = 149, 106
2021-08-24 06:23:31,478 - INFO - root - Next Decision Window: xRange = 349, 368,  yRange = 147, 123
2021-08-24 06:23:31,478 - INFO - root - Distance = 27.51363298439521, direction = 2, Win# 1
2021-08-24 06:23:31,559 - DEBUG - bleak.backends.dotnet.client - Write Characteristic 6e400002-b5a3-f393-e0a9-e50e24dcca9e : bytearray(b'2,0')
2021-08-24 06:23:31,601 - INFO - root - x = 383, y = 127, Radius = 91.2483901977539
2021-08-24 06:23:31,601 - INFO - root - Decision Window: xRange = 369, 386,  yRange = 149, 106
2021-08-24 06:23:31,601 - INFO - root - Next Decision Window: xRange = 349, 368,  yRange = 147, 123
2021-08-24 06:23:31,601 - INFO - root - Distance = 26.248809496813376, direction = 2, Win# 1
2021-08-24 06:23:31,679 - DEBUG - bleak.backends.dotnet.client - Write Characteristic 6e400002-b5a3-f393-e0a9-e50e24dcca9e : bytearray(b'2,0')
2021-08-24 06:23:31,725 - INFO - root - x = 383, y = 126, Radius = 92.84015655517578
2021-08-24 06:23:31,725 - INFO - root - Decision Window: xRange = 369, 386,  yRange = 149, 106
2021-08-24 06:23:31,725 - INFO - root - Next Decision Window: xRange = 349, 368,  yRange = 147, 123
2021-08-24 06:23:31,725 - INFO - root - Distance = 26.570660511172846, direction = 2, Win# 1
2021-08-24 06:23:31,799 - DEBUG - bleak.backends.dotnet.client - Write Characteristic 6e400002-b5a3-f393-e0a9-e50e24dcca9e : bytearray(b'2,0')
2021-08-24 06:23:31,833 - INFO - root - x = 382, y = 126, Radius = 89.88475036621094
2021-08-24 06:23:31,833 - INFO - root - Decision Window: xRange = 369, 386,  yRange = 149, 106
2021-08-24 06:23:31,833 - INFO - root - Next Decision Window: xRange = 349, 368,  yRange = 147, 123
2021-08-24 06:23:31,833 - INFO - root - Distance = 25.632011235952593, direction = 2, Win# 1
2021-08-24 06:23:31,919 - DEBUG - bleak.backends.dotnet.client - Write Characteristic 6e400002-b5a3-f393-e0a9-e50e24dcca9e : bytearray(b'2,0')
2021-08-24 06:23:31,957 - INFO - root - x = 381, y = 126, Radius = 86.92535400390625
2021-08-24 06:23:31,957 - INFO - root - Decision Window: xRange = 369, 386,  yRange = 149, 106
2021-08-24 06:23:31,958 - INFO - root - Next Decision Window: xRange = 349, 368,  yRange = 147, 123
2021-08-24 06:23:31,958 - INFO - root - Distance = 24.698178070456937, direction = 2, Win# 1
2021-08-24 06:23:32,039 - DEBUG - bleak.backends.dotnet.client - Write Characteristic 6e400002-b5a3-f393-e0a9-e50e24dcca9e : bytearray(b'2,0')
2021-08-24 06:23:32,081 - INFO - root - x = 381, y = 128, Radius = 90.2890396118164
2021-08-24 06:23:32,081 - INFO - root - Decision Window: xRange = 369, 386,  yRange = 149, 106
2021-08-24 06:23:32,081 - INFO - root - Next Decision Window: xRange = 349, 368,  yRange = 147, 123
2021-08-24 06:23:32,081 - INFO - root - Distance = 24.041630560342615, direction = 2, Win# 1
2021-08-24 06:23:32,159 - DEBUG - bleak.backends.dotnet.client - Write Characteristic 6e400002-b5a3-f393-e0a9-e50e24dcca9e : bytearray(b'2,0')
2021-08-24 06:23:32,204 - INFO - root - x = 382, y = 128, Radius = 91.2922134399414
2021-08-24 06:23:32,204 - INFO - root - Decision Window: xRange = 369, 386,  yRange = 149, 106
2021-08-24 06:23:32,204 - INFO - root - Next Decision Window: xRange = 349, 368,  yRange = 147, 123
2021-08-24 06:23:32,204 - INFO - root - Distance = 25.0, direction = 2, Win# 1
2021-08-24 06:23:32,279 - DEBUG - bleak.backends.dotnet.client - Write Characteristic 6e400002-b5a3-f393-e0a9-e50e24dcca9e : bytearray(b'2,0')
2021-08-24 06:23:32,327 - INFO - root - x = 378, y = 125, Radius = 75.36109161376953
2021-08-24 06:23:32,327 - INFO - root - Decision Window: xRange = 369, 386,  yRange = 149, 106
2021-08-24 06:23:32,327 - INFO - root - Next Decision Window: xRange = 349, 368,  yRange = 147, 123
2021-08-24 06:23:32,327 - INFO - root - Distance = 22.360679774997898, direction = 2, Win# 1
2021-08-24 06:23:32,399 - DEBUG - bleak.backends.dotnet.client - Write Characteristic 6e400002-b5a3-f393-e0a9-e50e24dcca9e : bytearray(b'2,0')
2021-08-24 06:23:32,435 - INFO - root - x = 377, y = 126, Radius = 91.19357299804688
2021-08-24 06:23:32,435 - INFO - root - Decision Window: xRange = 369, 386,  yRange = 149, 106
2021-08-24 06:23:32,435 - INFO - root - Next Decision Window: xRange = 349, 368,  yRange = 147, 123
2021-08-24 06:23:32,435 - INFO - root - Distance = 21.02379604162864, direction = 2, Win# 1
2021-08-24 06:23:32,519 - DEBUG - bleak.backends.dotnet.client - Write Characteristic 6e400002-b5a3-f393-e0a9-e50e24dcca9e : bytearray(b'2,0')
2021-08-24 06:23:32,559 - INFO - root - x = 375, y = 128, Radius = 90.8736343383789
2021-08-24 06:23:32,559 - INFO - root - Decision Window: xRange = 369, 386,  yRange = 149, 106
2021-08-24 06:23:32,559 - INFO - root - Next Decision Window: xRange = 349, 368,  yRange = 147, 123
2021-08-24 06:23:32,559 - INFO - root - Distance = 18.384776310850235, direction = 2, Win# 1
2021-08-24 06:23:32,639 - DEBUG - bleak.backends.dotnet.client - Write Characteristic 6e400002-b5a3-f393-e0a9-e50e24dcca9e : bytearray(b'2,0')
2021-08-24 06:23:32,682 - INFO - root - x = 376, y = 126, Radius = 91.3305435180664
2021-08-24 06:23:32,682 - INFO - root - Decision Window: xRange = 369, 386,  yRange = 149, 106
2021-08-24 06:23:32,682 - INFO - root - Next Decision Window: xRange = 349, 368,  yRange = 147, 123
2021-08-24 06:23:32,683 - INFO - root - Distance = 20.12461179749811, direction = 2, Win# 1
2021-08-24 06:23:32,759 - DEBUG - bleak.backends.dotnet.client - Write Characteristic 6e400002-b5a3-f393-e0a9-e50e24dcca9e : bytearray(b'2,0')
2021-08-24 06:23:32,806 - INFO - root - x = 369, y = 118, Radius = 67.0914535522461
2021-08-24 06:23:32,806 - INFO - root - Decision Window: xRange = 369, 386,  yRange = 149, 106
2021-08-24 06:23:32,806 - INFO - root - Next Decision Window: xRange = 349, 368,  yRange = 147, 123
2021-08-24 06:23:32,806 - INFO - root - Distance = 20.248456731316587, direction = 3, Win# 1
2021-08-24 06:23:32,879 - DEBUG - bleak.backends.dotnet.client - Write Characteristic 6e400002-b5a3-f393-e0a9-e50e24dcca9e : bytearray(b'3,0')
2021-08-24 06:23:32,920 - INFO - root - x = 369, y = 116, Radius = 64.69684600830078
2021-08-24 06:23:32,920 - INFO - root - Decision Window: xRange = 369, 386,  yRange = 149, 106
2021-08-24 06:23:32,920 - INFO - root - Next Decision Window: xRange = 349, 368,  yRange = 147, 123
2021-08-24 06:23:32,920 - INFO - root - Distance = 21.95449840010015, direction = 3, Win# 1
2021-08-24 06:23:32,999 - DEBUG - bleak.backends.dotnet.client - Write Characteristic 6e400002-b5a3-f393-e0a9-e50e24dcca9e : bytearray(b'3,0')
2021-08-24 06:23:33,038 - INFO - root - x = 375, y = 125, Radius = 91.99058532714844
2021-08-24 06:23:33,038 - INFO - root - Decision Window: xRange = 369, 386,  yRange = 149, 106
2021-08-24 06:23:33,038 - INFO - root - Next Decision Window: xRange = 349, 368,  yRange = 147, 123
2021-08-24 06:23:33,038 - INFO - root - Distance = 19.72308292331602, direction = 2, Win# 1
2021-08-24 06:23:33,179 - DEBUG - bleak.backends.dotnet.client - Write Characteristic 6e400002-b5a3-f393-e0a9-e50e24dcca9e : bytearray(b'2,0')
2021-08-24 06:23:33,223 - INFO - root - x = 378, y = 127, Radius = 89.50568389892578
2021-08-24 06:23:33,223 - INFO - root - Decision Window: xRange = 369, 386,  yRange = 149, 106
2021-08-24 06:23:33,223 - INFO - root - Next Decision Window: xRange = 349, 368,  yRange = 147, 123
2021-08-24 06:23:33,223 - INFO - root - Distance = 21.540659228538015, direction = 2, Win# 1
2021-08-24 06:23:33,299 - DEBUG - bleak.backends.dotnet.client - Write Characteristic 6e400002-b5a3-f393-e0a9-e50e24dcca9e : bytearray(b'2,0')
2021-08-24 06:23:33,346 - INFO - root - x = 380, y = 127, Radius = 90.53876495361328
2021-08-24 06:23:33,347 - INFO - root - Decision Window: xRange = 369, 386,  yRange = 149, 106
2021-08-24 06:23:33,347 - INFO - root - Next Decision Window: xRange = 349, 368,  yRange = 147, 123
2021-08-24 06:23:33,347 - INFO - root - Distance = 23.40939982143925, direction = 2, Win# 1
2021-08-24 06:23:33,419 - DEBUG - bleak.backends.dotnet.client - Write Characteristic 6e400002-b5a3-f393-e0a9-e50e24dcca9e : bytearray(b'2,0')
2021-08-24 06:23:33,455 - INFO - root - x = 382, y = 126, Radius = 90.89839172363281
2021-08-24 06:23:33,455 - INFO - root - Decision Window: xRange = 369, 386,  yRange = 149, 106
2021-08-24 06:23:33,455 - INFO - root - Next Decision Window: xRange = 349, 368,  yRange = 147, 123
2021-08-24 06:23:33,456 - INFO - root - Distance = 25.632011235952593, direction = 2, Win# 1
2021-08-24 06:23:33,539 - DEBUG - bleak.backends.dotnet.client - Write Characteristic 6e400002-b5a3-f393-e0a9-e50e24dcca9e : bytearray(b'2,0')
2021-08-24 06:23:33,579 - INFO - root - x = 383, y = 127, Radius = 91.2922134399414
2021-08-24 06:23:33,579 - INFO - root - Decision Window: xRange = 369, 386,  yRange = 149, 106
2021-08-24 06:23:33,579 - INFO - root - Next Decision Window: xRange = 349, 368,  yRange = 147, 123
2021-08-24 06:23:33,579 - INFO - root - Distance = 26.248809496813376, direction = 2, Win# 1
2021-08-24 06:23:33,659 - DEBUG - bleak.backends.dotnet.client - Write Characteristic 6e400002-b5a3-f393-e0a9-e50e24dcca9e : bytearray(b'2,0')
2021-08-24 06:23:33,703 - INFO - root - x = 388, y = 128, Radius = 91.3921127319336
2021-08-24 06:23:33,703 - INFO - root - Decision Window: xRange = 369, 386,  yRange = 149, 106
2021-08-24 06:23:33,703 - INFO - root - Next Decision Window: xRange = 349, 368,  yRange = 147, 123
2021-08-24 06:23:33,704 - INFO - root - Distance = 30.805843601498726, direction = 2, Win# 1
2021-08-24 06:23:33,779 - DEBUG - bleak.backends.dotnet.client - Write Characteristic 6e400002-b5a3-f393-e0a9-e50e24dcca9e : bytearray(b'2,0')
2021-08-24 06:23:33,826 - INFO - root - x = 388, y = 127, Radius = 89.17688751220703
2021-08-24 06:23:33,827 - INFO - root - Decision Window: xRange = 369, 386,  yRange = 149, 106
2021-08-24 06:23:33,827 - INFO - root - Next Decision Window: xRange = 349, 368,  yRange = 147, 123
2021-08-24 06:23:33,827 - INFO - root - Distance = 31.04834939252005, direction = 2, Win# 1
2021-08-24 06:23:33,899 - DEBUG - bleak.backends.dotnet.client - Write Characteristic 6e400002-b5a3-f393-e0a9-e50e24dcca9e : bytearray(b'2,0')
2021-08-24 06:23:33,934 - INFO - root - x = 387, y = 126, Radius = 90.75801849365234
2021-08-24 06:23:33,935 - INFO - root - Decision Window: xRange = 369, 386,  yRange = 149, 106
2021-08-24 06:23:33,935 - INFO - root - Next Decision Window: xRange = 349, 368,  yRange = 147, 123
2021-08-24 06:23:33,935 - INFO - root - Distance = 30.364452901377952, direction = 2, Win# 1
2021-08-24 06:23:34,019 - DEBUG - bleak.backends.dotnet.client - Write Characteristic 6e400002-b5a3-f393-e0a9-e50e24dcca9e : bytearray(b'2,0')
2021-08-24 06:23:34,058 - INFO - root - x = 386, y = 125, Radius = 90.12501525878906
2021-08-24 06:23:34,058 - INFO - root - Decision Window: xRange = 369, 386,  yRange = 149, 106
2021-08-24 06:23:34,058 - INFO - root - Next Decision Window: xRange = 349, 368,  yRange = 147, 123
2021-08-24 06:23:34,059 - INFO - root - Distance = 29.732137494637012, direction = 2, Win# 1
2021-08-24 06:23:34,139 - DEBUG - bleak.backends.dotnet.client - Write Characteristic 6e400002-b5a3-f393-e0a9-e50e24dcca9e : bytearray(b'2,0')
2021-08-24 06:23:34,182 - INFO - root - x = 386, y = 127, Radius = 89.1965103149414
2021-08-24 06:23:34,182 - INFO - root - Decision Window: xRange = 369, 386,  yRange = 149, 106
2021-08-24 06:23:34,182 - INFO - root - Next Decision Window: xRange = 349, 368,  yRange = 147, 123
2021-08-24 06:23:34,182 - INFO - root - Distance = 29.120439557122072, direction = 2, Win# 1
2021-08-24 06:23:34,259 - DEBUG - bleak.backends.dotnet.client - Write Characteristic 6e400002-b5a3-f393-e0a9-e50e24dcca9e : bytearray(b'2,0')
2021-08-24 06:23:34,306 - INFO - root - x = 383, y = 124, Radius = 89.04222106933594
2021-08-24 06:23:34,306 - INFO - root - Decision Window: xRange = 369, 386,  yRange = 149, 106
2021-08-24 06:23:34,306 - INFO - root - Next Decision Window: xRange = 349, 368,  yRange = 147, 123
2021-08-24 06:23:34,306 - INFO - root - Distance = 27.313000567495326, direction = 2, Win# 1
2021-08-24 06:23:34,379 - DEBUG - bleak.backends.dotnet.client - Write Characteristic 6e400002-b5a3-f393-e0a9-e50e24dcca9e : bytearray(b'2,0')
2021-08-24 06:23:34,414 - INFO - root - x = 384, y = 126, Radius = 90.06813049316406
2021-08-24 06:23:34,414 - INFO - root - Decision Window: xRange = 369, 386,  yRange = 149, 106
2021-08-24 06:23:34,414 - INFO - root - Next Decision Window: xRange = 349, 368,  yRange = 147, 123
2021-08-24 06:23:34,414 - INFO - root - Distance = 27.51363298439521, direction = 2, Win# 1
2021-08-24 06:23:34,499 - DEBUG - bleak.backends.dotnet.client - Write Characteristic 6e400002-b5a3-f393-e0a9-e50e24dcca9e : bytearray(b'2,0')
2021-08-24 06:23:34,537 - INFO - root - x = 386, y = 126, Radius = 91.7061538696289
2021-08-24 06:23:34,538 - INFO - root - Decision Window: xRange = 369, 386,  yRange = 149, 106
2021-08-24 06:23:34,538 - INFO - root - Next Decision Window: xRange = 349, 368,  yRange = 147, 123
2021-08-24 06:23:34,538 - INFO - root - Distance = 29.410882339705484, direction = 2, Win# 1
2021-08-24 06:23:34,619 - DEBUG - bleak.backends.dotnet.client - Write Characteristic 6e400002-b5a3-f393-e0a9-e50e24dcca9e : bytearray(b'2,0')
2021-08-24 06:23:34,661 - INFO - root - x = 386, y = 128, Radius = 90.28437042236328
2021-08-24 06:23:34,661 - INFO - root - Decision Window: xRange = 369, 386,  yRange = 149, 106
2021-08-24 06:23:34,661 - INFO - root - Next Decision Window: xRange = 349, 368,  yRange = 147, 123
2021-08-24 06:23:34,661 - INFO - root - Distance = 28.861739379323623, direction = 2, Win# 1
2021-08-24 06:23:34,739 - DEBUG - bleak.backends.dotnet.client - Write Characteristic 6e400002-b5a3-f393-e0a9-e50e24dcca9e : bytearray(b'2,0')
2021-08-24 06:23:34,785 - INFO - root - x = 384, y = 126, Radius = 92.58114624023438
2021-08-24 06:23:34,785 - INFO - root - Decision Window: xRange = 369, 386,  yRange = 149, 106
2021-08-24 06:23:34,785 - INFO - root - Next Decision Window: xRange = 349, 368,  yRange = 147, 123
2021-08-24 06:23:34,785 - INFO - root - Distance = 27.51363298439521, direction = 2, Win# 1
2021-08-24 06:23:34,859 - DEBUG - bleak.backends.dotnet.client - Write Characteristic 6e400002-b5a3-f393-e0a9-e50e24dcca9e : bytearray(b'2,0')
2021-08-24 06:23:34,892 - INFO - root - x = 383, y = 127, Radius = 91.88726043701172
2021-08-24 06:23:34,892 - INFO - root - Decision Window: xRange = 369, 386,  yRange = 149, 106
2021-08-24 06:23:34,892 - INFO - root - Next Decision Window: xRange = 349, 368,  yRange = 147, 123
2021-08-24 06:23:34,892 - INFO - root - Distance = 26.248809496813376, direction = 2, Win# 1
2021-08-24 06:23:34,979 - DEBUG - bleak.backends.dotnet.client - Write Characteristic 6e400002-b5a3-f393-e0a9-e50e24dcca9e : bytearray(b'2,0')
2021-08-24 06:23:35,015 - INFO - root - x = 383, y = 128, Radius = 92.65132904052734
2021-08-24 06:23:35,015 - INFO - root - Decision Window: xRange = 369, 386,  yRange = 149, 106
2021-08-24 06:23:35,015 - INFO - root - Next Decision Window: xRange = 349, 368,  yRange = 147, 123
2021-08-24 06:23:35,015 - INFO - root - Distance = 25.96150997149434, direction = 2, Win# 1
2021-08-24 06:23:35,099 - DEBUG - bleak.backends.dotnet.client - Write Characteristic 6e400002-b5a3-f393-e0a9-e50e24dcca9e : bytearray(b'2,0')
2021-08-24 06:23:35,139 - INFO - root - x = 382, y = 127, Radius = 92.29446411132812
2021-08-24 06:23:35,139 - INFO - root - Decision Window: xRange = 369, 386,  yRange = 149, 106
2021-08-24 06:23:35,139 - INFO - root - Next Decision Window: xRange = 349, 368,  yRange = 147, 123
2021-08-24 06:23:35,139 - INFO - root - Distance = 25.298221281347036, direction = 2, Win# 1
2021-08-24 06:23:35,219 - DEBUG - bleak.backends.dotnet.client - Write Characteristic 6e400002-b5a3-f393-e0a9-e50e24dcca9e : bytearray(b'2,0')
2021-08-24 06:23:35,262 - INFO - root - x = 382, y = 130, Radius = 93.30068969726562
2021-08-24 06:23:35,263 - INFO - root - Decision Window: xRange = 369, 386,  yRange = 149, 106
2021-08-24 06:23:35,263 - INFO - root - Next Decision Window: xRange = 349, 368,  yRange = 147, 123
2021-08-24 06:23:35,263 - INFO - root - Distance = 24.515301344262525, direction = 2, Win# 1
2021-08-24 06:23:35,339 - DEBUG - bleak.backends.dotnet.client - Write Characteristic 6e400002-b5a3-f393-e0a9-e50e24dcca9e : bytearray(b'2,0')
2021-08-24 06:23:35,386 - INFO - root - x = 380, y = 131, Radius = 95.16968536376953
2021-08-24 06:23:35,387 - INFO - root - Decision Window: xRange = 369, 386,  yRange = 149, 106
2021-08-24 06:23:35,387 - INFO - root - Next Decision Window: xRange = 349, 368,  yRange = 147, 123
2021-08-24 06:23:35,387 - INFO - root - Distance = 22.360679774997898, direction = 2, Win# 1
2021-08-24 06:23:35,459 - DEBUG - bleak.backends.dotnet.client - Write Characteristic 6e400002-b5a3-f393-e0a9-e50e24dcca9e : bytearray(b'2,0')
2021-08-24 06:23:35,495 - INFO - root - x = 380, y = 130, Radius = 97.32044982910156
2021-08-24 06:23:35,495 - INFO - root - Decision Window: xRange = 369, 386,  yRange = 149, 106
2021-08-24 06:23:35,495 - INFO - root - Next Decision Window: xRange = 349, 368,  yRange = 147, 123
2021-08-24 06:23:35,495 - INFO - root - Distance = 22.561028345356956, direction = 2, Win# 1
2021-08-24 06:23:35,579 - DEBUG - bleak.backends.dotnet.client - Write Characteristic 6e400002-b5a3-f393-e0a9-e50e24dcca9e : bytearray(b'2,0')
2021-08-24 06:23:35,619 - INFO - root - x = 381, y = 130, Radius = 94.45246887207031
2021-08-24 06:23:35,619 - INFO - root - Decision Window: xRange = 369, 386,  yRange = 149, 106
2021-08-24 06:23:35,619 - INFO - root - Next Decision Window: xRange = 349, 368,  yRange = 147, 123
2021-08-24 06:23:35,619 - INFO - root - Distance = 23.53720459187964, direction = 2, Win# 1
2021-08-24 06:23:35,699 - DEBUG - bleak.backends.dotnet.client - Write Characteristic 6e400002-b5a3-f393-e0a9-e50e24dcca9e : bytearray(b'2,0')
2021-08-24 06:23:35,742 - INFO - root - x = 381, y = 132, Radius = 97.14432525634766
2021-08-24 06:23:35,743 - INFO - root - Decision Window: xRange = 369, 386,  yRange = 149, 106
2021-08-24 06:23:35,743 - INFO - root - Next Decision Window: xRange = 349, 368,  yRange = 147, 123
2021-08-24 06:23:35,743 - INFO - root - Distance = 23.194827009486403, direction = 2, Win# 1
2021-08-24 06:23:35,819 - DEBUG - bleak.backends.dotnet.client - Write Characteristic 6e400002-b5a3-f393-e0a9-e50e24dcca9e : bytearray(b'2,0')
2021-08-24 06:23:35,866 - INFO - root - x = 378, y = 129, Radius = 92.85751342773438
2021-08-24 06:23:35,867 - INFO - root - Decision Window: xRange = 369, 386,  yRange = 149, 106
2021-08-24 06:23:35,867 - INFO - root - Next Decision Window: xRange = 349, 368,  yRange = 147, 123
2021-08-24 06:23:35,867 - INFO - root - Distance = 20.8806130178211, direction = 2, Win# 1
2021-08-24 06:23:35,939 - DEBUG - bleak.backends.dotnet.client - Write Characteristic 6e400002-b5a3-f393-e0a9-e50e24dcca9e : bytearray(b'2,0')
2021-08-24 06:23:35,975 - INFO - root - x = 378, y = 131, Radius = 92.29446411132812
2021-08-24 06:23:35,975 - INFO - root - Decision Window: xRange = 369, 386,  yRange = 149, 106
2021-08-24 06:23:35,975 - INFO - root - Next Decision Window: xRange = 349, 368,  yRange = 147, 123
2021-08-24 06:23:35,975 - INFO - root - Distance = 20.396078054371138, direction = 2, Win# 1
2021-08-24 06:23:36,059 - DEBUG - bleak.backends.dotnet.client - Write Characteristic 6e400002-b5a3-f393-e0a9-e50e24dcca9e : bytearray(b'2,0')
2021-08-24 06:23:36,099 - INFO - root - x = 372, y = 124, Radius = 76.73666381835938
2021-08-24 06:23:36,099 - INFO - root - Decision Window: xRange = 369, 386,  yRange = 149, 106
2021-08-24 06:23:36,099 - INFO - root - Next Decision Window: xRange = 349, 368,  yRange = 147, 123
2021-08-24 06:23:36,099 - INFO - root - Distance = 17.804493814764857, direction = 2, Win# 1
2021-08-24 06:23:36,179 - DEBUG - bleak.backends.dotnet.client - Write Characteristic 6e400002-b5a3-f393-e0a9-e50e24dcca9e : bytearray(b'2,0')
2021-08-24 06:23:36,223 - INFO - root - x = 369, y = 125, Radius = 78.35198211669922
2021-08-24 06:23:36,223 - INFO - root - Decision Window: xRange = 369, 386,  yRange = 149, 106
2021-08-24 06:23:36,223 - INFO - root - Next Decision Window: xRange = 349, 368,  yRange = 147, 123
2021-08-24 06:23:36,223 - INFO - root - Distance = 14.866068747318506, direction = 2, Win# 1
2021-08-24 06:23:36,299 - DEBUG - bleak.backends.dotnet.client - Write Characteristic 6e400002-b5a3-f393-e0a9-e50e24dcca9e : bytearray(b'2,0')
2021-08-24 06:23:36,346 - INFO - root - x = 371, y = 129, Radius = 94.93692016601562
2021-08-24 06:23:36,346 - INFO - root - Decision Window: xRange = 369, 386,  yRange = 149, 106
2021-08-24 06:23:36,346 - INFO - root - Next Decision Window: xRange = 349, 368,  yRange = 147, 123
2021-08-24 06:23:36,346 - INFO - root - Distance = 14.317821063276353, direction = 2, Win# 1
2021-08-24 06:23:36,419 - DEBUG - bleak.backends.dotnet.client - Write Characteristic 6e400002-b5a3-f393-e0a9-e50e24dcca9e : bytearray(b'2,0')
2021-08-24 06:23:36,458 - INFO - root - x = 367, y = 123, Radius = 80.80387115478516
2021-08-24 06:23:36,458 - INFO - root - Decision Window: xRange = 349, 368,  yRange = 147, 123
2021-08-24 06:23:36,458 - INFO - root - Next Decision Window: xRange = 330, 348,  yRange = 152, 129
2021-08-24 06:23:36,458 - INFO - root - Distance = 0, direction = 3, Win# 2
2021-08-24 06:23:36,539 - DEBUG - bleak.backends.dotnet.client - Write Characteristic 6e400002-b5a3-f393-e0a9-e50e24dcca9e : bytearray(b'3,0')
2021-08-24 06:23:36,578 - INFO - root - x = 372, y = 128, Radius = 94.63756561279297
2021-08-24 06:23:36,578 - INFO - root - Decision Window: xRange = 349, 368,  yRange = 147, 123
2021-08-24 06:23:36,578 - INFO - root - Next Decision Window: xRange = 330, 348,  yRange = 152, 129
2021-08-24 06:23:36,578 - INFO - root - Distance = 35.11409973215888, direction = 2, Win# 2
2021-08-24 06:23:36,659 - DEBUG - bleak.backends.dotnet.client - Write Characteristic 6e400002-b5a3-f393-e0a9-e50e24dcca9e : bytearray(b'2,0')
2021-08-24 06:23:36,702 - INFO - root - x = 376, y = 131, Radius = 93.82040405273438
2021-08-24 06:23:36,702 - INFO - root - Decision Window: xRange = 349, 368,  yRange = 147, 123
2021-08-24 06:23:36,702 - INFO - root - Next Decision Window: xRange = 330, 348,  yRange = 152, 129
2021-08-24 06:23:36,703 - INFO - root - Distance = 38.07886552931954, direction = 2, Win# 2
2021-08-24 06:23:36,779 - DEBUG - bleak.backends.dotnet.client - Write Characteristic 6e400002-b5a3-f393-e0a9-e50e24dcca9e : bytearray(b'2,0')
2021-08-24 06:23:36,826 - INFO - root - x = 376, y = 130, Radius = 94.47893524169922
2021-08-24 06:23:36,826 - INFO - root - Decision Window: xRange = 349, 368,  yRange = 147, 123
2021-08-24 06:23:36,826 - INFO - root - Next Decision Window: xRange = 330, 348,  yRange = 152, 129
2021-08-24 06:23:36,826 - INFO - root - Distance = 38.3275357934736, direction = 2, Win# 2
2021-08-24 06:23:36,899 - DEBUG - bleak.backends.dotnet.client - Write Characteristic 6e400002-b5a3-f393-e0a9-e50e24dcca9e : bytearray(b'2,0')
2021-08-24 06:23:36,934 - INFO - root - x = 376, y = 129, Radius = 93.91495513916016
2021-08-24 06:23:36,934 - INFO - root - Decision Window: xRange = 349, 368,  yRange = 147, 123
2021-08-24 06:23:36,934 - INFO - root - Next Decision Window: xRange = 330, 348,  yRange = 152, 129
2021-08-24 06:23:36,934 - INFO - root - Distance = 38.600518131237564, direction = 2, Win# 2
2021-08-24 06:23:37,019 - DEBUG - bleak.backends.dotnet.client - Write Characteristic 6e400002-b5a3-f393-e0a9-e50e24dcca9e : bytearray(b'2,0')
2021-08-24 06:23:37,058 - INFO - root - x = 379, y = 130, Radius = 95.00141143798828
2021-08-24 06:23:37,058 - INFO - root - Decision Window: xRange = 349, 368,  yRange = 147, 123
2021-08-24 06:23:37,058 - INFO - root - Next Decision Window: xRange = 330, 348,  yRange = 152, 129
2021-08-24 06:23:37,058 - INFO - root - Distance = 41.23105625617661, direction = 2, Win# 2
2021-08-24 06:23:37,139 - DEBUG - bleak.backends.dotnet.client - Write Characteristic 6e400002-b5a3-f393-e0a9-e50e24dcca9e : bytearray(b'2,0')
2021-08-24 06:23:37,181 - INFO - root - x = 381, y = 129, Radius = 90.73477172851562
2021-08-24 06:23:37,182 - INFO - root - Decision Window: xRange = 349, 368,  yRange = 147, 123
2021-08-24 06:23:37,182 - INFO - root - Next Decision Window: xRange = 330, 348,  yRange = 152, 129
2021-08-24 06:23:37,182 - INFO - root - Distance = 43.41658669218482, direction = 2, Win# 2
2021-08-24 06:23:37,259 - DEBUG - bleak.backends.dotnet.client - Write Characteristic 6e400002-b5a3-f393-e0a9-e50e24dcca9e : bytearray(b'2,0')
2021-08-24 06:23:37,305 - INFO - root - x = 379, y = 128, Radius = 91.74021911621094
2021-08-24 06:23:37,305 - INFO - root - Decision Window: xRange = 349, 368,  yRange = 147, 123
2021-08-24 06:23:37,305 - INFO - root - Next Decision Window: xRange = 330, 348,  yRange = 152, 129
2021-08-24 06:23:37,306 - INFO - root - Distance = 41.7612260356422, direction = 2, Win# 2
2021-08-24 06:23:37,379 - DEBUG - bleak.backends.dotnet.client - Write Characteristic 6e400002-b5a3-f393-e0a9-e50e24dcca9e : bytearray(b'2,0')
2021-08-24 06:23:37,413 - INFO - root - x = 378, y = 126, Radius = 94.27893829345703
2021-08-24 06:23:37,414 - INFO - root - Decision Window: xRange = 349, 368,  yRange = 147, 123
2021-08-24 06:23:37,414 - INFO - root - Next Decision Window: xRange = 330, 348,  yRange = 152, 129
2021-08-24 06:23:37,414 - INFO - root - Distance = 41.43669871020132, direction = 2, Win# 2
2021-08-24 06:23:37,499 - DEBUG - bleak.backends.dotnet.client - Write Characteristic 6e400002-b5a3-f393-e0a9-e50e24dcca9e : bytearray(b'2,0')
2021-08-24 06:23:37,537 - INFO - root - x = 380, y = 127, Radius = 93.82040405273438
2021-08-24 06:23:37,537 - INFO - root - Decision Window: xRange = 349, 368,  yRange = 147, 123
2021-08-24 06:23:37,537 - INFO - root - Next Decision Window: xRange = 330, 348,  yRange = 152, 129
2021-08-24 06:23:37,537 - INFO - root - Distance = 43.01162633521314, direction = 2, Win# 2
2021-08-24 06:23:37,619 - DEBUG - bleak.backends.dotnet.client - Write Characteristic 6e400002-b5a3-f393-e0a9-e50e24dcca9e : bytearray(b'2,0')
2021-08-24 06:23:37,659 - INFO - root - x = 379, y = 127, Radius = 93.56424713134766
2021-08-24 06:23:37,660 - INFO - root - Decision Window: xRange = 349, 368,  yRange = 147, 123
2021-08-24 06:23:37,660 - INFO - root - Next Decision Window: xRange = 330, 348,  yRange = 152, 129
2021-08-24 06:23:37,660 - INFO - root - Distance = 42.05948168962618, direction = 2, Win# 2
2021-08-24 06:23:37,739 - DEBUG - bleak.backends.dotnet.client - Write Characteristic 6e400002-b5a3-f393-e0a9-e50e24dcca9e : bytearray(b'2,0')
2021-08-24 06:23:37,783 - INFO - root - x = 379, y = 124, Radius = 76.37745666503906
2021-08-24 06:23:37,784 - INFO - root - Decision Window: xRange = 349, 368,  yRange = 147, 123
2021-08-24 06:23:37,784 - INFO - root - Next Decision Window: xRange = 330, 348,  yRange = 152, 129
2021-08-24 06:23:37,784 - INFO - root - Distance = 43.08131845707603, direction = 2, Win# 2
2021-08-24 06:23:37,859 - DEBUG - bleak.backends.dotnet.client - Write Characteristic 6e400002-b5a3-f393-e0a9-e50e24dcca9e : bytearray(b'2,0')
2021-08-24 06:23:37,908 - INFO - root - x = 379, y = 124, Radius = 75.13630676269531
2021-08-24 06:23:37,908 - INFO - root - Decision Window: xRange = 349, 368,  yRange = 147, 123
2021-08-24 06:23:37,908 - INFO - root - Next Decision Window: xRange = 330, 348,  yRange = 152, 129
2021-08-24 06:23:37,908 - INFO - root - Distance = 43.08131845707603, direction = 2, Win# 2
2021-08-24 06:23:37,979 - DEBUG - bleak.backends.dotnet.client - Write Characteristic 6e400002-b5a3-f393-e0a9-e50e24dcca9e : bytearray(b'2,0')
2021-08-24 06:23:38,016 - INFO - root - x = 381, y = 130, Radius = 94.27893829345703
2021-08-24 06:23:38,016 - INFO - root - Decision Window: xRange = 349, 368,  yRange = 147, 123
2021-08-24 06:23:38,016 - INFO - root - Next Decision Window: xRange = 330, 348,  yRange = 152, 129
2021-08-24 06:23:38,016 - INFO - root - Distance = 43.174066289845804, direction = 2, Win# 2
2021-08-24 06:23:38,099 - DEBUG - bleak.backends.dotnet.client - Write Characteristic 6e400002-b5a3-f393-e0a9-e50e24dcca9e : bytearray(b'2,0')
2021-08-24 06:23:38,140 - INFO - root - x = 379, y = 128, Radius = 93.42520141601562
2021-08-24 06:23:38,140 - INFO - root - Decision Window: xRange = 349, 368,  yRange = 147, 123
2021-08-24 06:23:38,140 - INFO - root - Next Decision Window: xRange = 330, 348,  yRange = 152, 129
2021-08-24 06:23:38,140 - INFO - root - Distance = 41.7612260356422, direction = 2, Win# 2
2021-08-24 06:23:38,219 - DEBUG - bleak.backends.dotnet.client - Write Characteristic 6e400002-b5a3-f393-e0a9-e50e24dcca9e : bytearray(b'2,0')
2021-08-24 06:23:38,264 - INFO - root - x = 380, y = 129, Radius = 94.15422821044922
2021-08-24 06:23:38,264 - INFO - root - Decision Window: xRange = 349, 368,  yRange = 147, 123
2021-08-24 06:23:38,264 - INFO - root - Next Decision Window: xRange = 330, 348,  yRange = 152, 129
2021-08-24 06:23:38,264 - INFO - root - Distance = 42.44997055358225, direction = 2, Win# 2
2021-08-24 06:23:38,339 - DEBUG - bleak.backends.dotnet.client - Write Characteristic 6e400002-b5a3-f393-e0a9-e50e24dcca9e : bytearray(b'2,0')
2021-08-24 06:23:38,388 - INFO - root - x = 379, y = 128, Radius = 93.5909652709961
2021-08-24 06:23:38,388 - INFO - root - Decision Window: xRange = 349, 368,  yRange = 147, 123
2021-08-24 06:23:38,388 - INFO - root - Next Decision Window: xRange = 330, 348,  yRange = 152, 129
2021-08-24 06:23:38,388 - INFO - root - Distance = 41.7612260356422, direction = 2, Win# 2
2021-08-24 06:23:38,459 - DEBUG - bleak.backends.dotnet.client - Write Characteristic 6e400002-b5a3-f393-e0a9-e50e24dcca9e : bytearray(b'2,0')
2021-08-24 06:23:38,496 - INFO - root - x = 378, y = 128, Radius = 95.54197692871094
2021-08-24 06:23:38,496 - INFO - root - Decision Window: xRange = 349, 368,  yRange = 147, 123
2021-08-24 06:23:38,496 - INFO - root - Next Decision Window: xRange = 330, 348,  yRange = 152, 129
2021-08-24 06:23:38,496 - INFO - root - Distance = 40.80441152620633, direction = 2, Win# 2
2021-08-24 06:23:38,579 - DEBUG - bleak.backends.dotnet.client - Write Characteristic 6e400002-b5a3-f393-e0a9-e50e24dcca9e : bytearray(b'2,0')
2021-08-24 06:23:38,619 - INFO - root - x = 381, y = 129, Radius = 92.90461730957031
2021-08-24 06:23:38,620 - INFO - root - Decision Window: xRange = 349, 368,  yRange = 147, 123
2021-08-24 06:23:38,620 - INFO - root - Next Decision Window: xRange = 330, 348,  yRange = 152, 129
2021-08-24 06:23:38,620 - INFO - root - Distance = 43.41658669218482, direction = 2, Win# 2
2021-08-24 06:23:38,699 - DEBUG - bleak.backends.dotnet.client - Write Characteristic 6e400002-b5a3-f393-e0a9-e50e24dcca9e : bytearray(b'2,0')
2021-08-24 06:23:38,743 - INFO - root - x = 380, y = 130, Radius = 94.80780029296875
2021-08-24 06:23:38,743 - INFO - root - Decision Window: xRange = 349, 368,  yRange = 147, 123
2021-08-24 06:23:38,743 - INFO - root - Next Decision Window: xRange = 330, 348,  yRange = 152, 129
2021-08-24 06:23:38,744 - INFO - root - Distance = 42.20189569201838, direction = 2, Win# 2
2021-08-24 06:23:38,819 - DEBUG - bleak.backends.dotnet.client - Write Characteristic 6e400002-b5a3-f393-e0a9-e50e24dcca9e : bytearray(b'2,0')
2021-08-24 06:23:38,866 - INFO - root - x = 379, y = 128, Radius = 94.3465347290039
2021-08-24 06:23:38,867 - INFO - root - Decision Window: xRange = 349, 368,  yRange = 147, 123
2021-08-24 06:23:38,867 - INFO - root - Next Decision Window: xRange = 330, 348,  yRange = 152, 129
2021-08-24 06:23:38,867 - INFO - root - Distance = 41.7612260356422, direction = 2, Win# 2
2021-08-24 06:23:38,939 - DEBUG - bleak.backends.dotnet.client - Write Characteristic 6e400002-b5a3-f393-e0a9-e50e24dcca9e : bytearray(b'2,0')
2021-08-24 06:23:38,975 - INFO - root - x = 378, y = 130, Radius = 93.42520141601562
2021-08-24 06:23:38,976 - INFO - root - Decision Window: xRange = 349, 368,  yRange = 147, 123
2021-08-24 06:23:38,976 - INFO - root - Next Decision Window: xRange = 330, 348,  yRange = 152, 129
2021-08-24 06:23:38,976 - INFO - root - Distance = 40.26164427839479, direction = 2, Win# 2
2021-08-24 06:23:39,059 - DEBUG - bleak.backends.dotnet.client - Write Characteristic 6e400002-b5a3-f393-e0a9-e50e24dcca9e : bytearray(b'2,0')
2021-08-24 06:23:39,098 - INFO - root - x = 372, y = 130, Radius = 94.68114471435547
2021-08-24 06:23:39,099 - INFO - root - Decision Window: xRange = 349, 368,  yRange = 147, 123
2021-08-24 06:23:39,099 - INFO - root - Next Decision Window: xRange = 330, 348,  yRange = 152, 129
2021-08-24 06:23:39,099 - INFO - root - Distance = 34.48187929913333, direction = 2, Win# 2
2021-08-24 06:23:39,179 - DEBUG - bleak.backends.dotnet.client - Write Characteristic 6e400002-b5a3-f393-e0a9-e50e24dcca9e : bytearray(b'2,0')
2021-08-24 06:23:39,222 - INFO - root - x = 368, y = 126, Radius = 83.29025268554688
2021-08-24 06:23:39,223 - INFO - root - Decision Window: xRange = 349, 368,  yRange = 147, 123
2021-08-24 06:23:39,223 - INFO - root - Next Decision Window: xRange = 330, 348,  yRange = 152, 129
2021-08-24 06:23:39,223 - INFO - root - Distance = 32.202484376209235, direction = 2, Win# 2
2021-08-24 06:23:39,299 - DEBUG - bleak.backends.dotnet.client - Write Characteristic 6e400002-b5a3-f393-e0a9-e50e24dcca9e : bytearray(b'2,0')
2021-08-24 06:23:39,345 - INFO - root - x = 368, y = 128, Radius = 95.4896240234375
2021-08-24 06:23:39,345 - INFO - root - Decision Window: xRange = 349, 368,  yRange = 147, 123
2021-08-24 06:23:39,345 - INFO - root - Next Decision Window: xRange = 330, 348,  yRange = 152, 129
2021-08-24 06:23:39,346 - INFO - root - Distance = 31.38470965295043, direction = 2, Win# 2
2021-08-24 06:23:39,419 - DEBUG - bleak.backends.dotnet.client - Write Characteristic 6e400002-b5a3-f393-e0a9-e50e24dcca9e : bytearray(b'2,0')
2021-08-24 06:23:39,454 - INFO - root - x = 365, y = 129, Radius = 96.37696075439453
2021-08-24 06:23:39,454 - INFO - root - Decision Window: xRange = 349, 368,  yRange = 147, 123
2021-08-24 06:23:39,454 - INFO - root - Next Decision Window: xRange = 330, 348,  yRange = 152, 129
2021-08-24 06:23:39,454 - INFO - root - Distance = 28.231188426986208, direction = 2, Win# 2
2021-08-24 06:23:39,539 - DEBUG - bleak.backends.dotnet.client - Write Characteristic 6e400002-b5a3-f393-e0a9-e50e24dcca9e : bytearray(b'2,0')
2021-08-24 06:23:39,577 - INFO - root - x = 361, y = 121, Radius = 71.72634887695312
2021-08-24 06:23:39,578 - INFO - root - Decision Window: xRange = 349, 368,  yRange = 147, 123
2021-08-24 06:23:39,578 - INFO - root - Next Decision Window: xRange = 330, 348,  yRange = 152, 129
2021-08-24 06:23:39,578 - INFO - root - Distance = 29.068883707497267, direction = 2, Win# 2
2021-08-24 06:23:39,659 - DEBUG - bleak.backends.dotnet.client - Write Characteristic 6e400002-b5a3-f393-e0a9-e50e24dcca9e : bytearray(b'2,0')
2021-08-24 06:23:39,701 - INFO - root - x = 366, y = 130, Radius = 103.61717987060547
2021-08-24 06:23:39,701 - INFO - root - Decision Window: xRange = 349, 368,  yRange = 147, 123
2021-08-24 06:23:39,701 - INFO - root - Next Decision Window: xRange = 330, 348,  yRange = 152, 129
2021-08-24 06:23:39,701 - INFO - root - Distance = 28.792360097775937, direction = 2, Win# 2
2021-08-24 06:23:39,779 - DEBUG - bleak.backends.dotnet.client - Write Characteristic 6e400002-b5a3-f393-e0a9-e50e24dcca9e : bytearray(b'2,0')
2021-08-24 06:23:39,824 - INFO - root - x = 365, y = 131, Radius = 96.37566375732422
2021-08-24 06:23:39,824 - INFO - root - Decision Window: xRange = 349, 368,  yRange = 147, 123
2021-08-24 06:23:39,824 - INFO - root - Next Decision Window: xRange = 330, 348,  yRange = 152, 129
2021-08-24 06:23:39,824 - INFO - root - Distance = 27.51363298439521, direction = 2, Win# 2
2021-08-24 06:23:39,899 - DEBUG - bleak.backends.dotnet.client - Write Characteristic 6e400002-b5a3-f393-e0a9-e50e24dcca9e : bytearray(b'2,0')
2021-08-24 06:23:39,947 - INFO - root - x = 365, y = 130, Radius = 96.37566375732422
2021-08-24 06:23:39,947 - INFO - root - Decision Window: xRange = 349, 368,  yRange = 147, 123
2021-08-24 06:23:39,947 - INFO - root - Next Decision Window: xRange = 330, 348,  yRange = 152, 129
2021-08-24 06:23:39,947 - INFO - root - Distance = 27.85677655436824, direction = 2, Win# 2
2021-08-24 06:23:40,019 - DEBUG - bleak.backends.dotnet.client - Write Characteristic 6e400002-b5a3-f393-e0a9-e50e24dcca9e : bytearray(b'2,0')
2021-08-24 06:23:40,054 - INFO - root - x = 359, y = 125, Radius = 82.63786315917969
2021-08-24 06:23:40,055 - INFO - root - Decision Window: xRange = 349, 368,  yRange = 147, 123
2021-08-24 06:23:40,055 - INFO - root - Next Decision Window: xRange = 330, 348,  yRange = 152, 129
2021-08-24 06:23:40,055 - INFO - root - Distance = 25.0, direction = 2, Win# 2
2021-08-24 06:23:40,139 - DEBUG - bleak.backends.dotnet.client - Write Characteristic 6e400002-b5a3-f393-e0a9-e50e24dcca9e : bytearray(b'2,0')
2021-08-24 06:23:40,178 - INFO - root - x = 358, y = 128, Radius = 85.17198181152344
2021-08-24 06:23:40,178 - INFO - root - Decision Window: xRange = 349, 368,  yRange = 147, 123
2021-08-24 06:23:40,178 - INFO - root - Next Decision Window: xRange = 330, 348,  yRange = 152, 129
2021-08-24 06:23:40,178 - INFO - root - Distance = 22.47220505424423, direction = 2, Win# 2
2021-08-24 06:23:40,259 - DEBUG - bleak.backends.dotnet.client - Write Characteristic 6e400002-b5a3-f393-e0a9-e50e24dcca9e : bytearray(b'2,0')
2021-08-24 06:23:40,302 - INFO - root - x = 353, y = 125, Radius = 83.67955017089844
2021-08-24 06:23:40,302 - INFO - root - Decision Window: xRange = 349, 368,  yRange = 147, 123
2021-08-24 06:23:40,302 - INFO - root - Next Decision Window: xRange = 330, 348,  yRange = 152, 129
2021-08-24 06:23:40,302 - INFO - root - Distance = 20.518284528683193, direction = 3, Win# 2
2021-08-24 06:23:40,379 - DEBUG - bleak.backends.dotnet.client - Write Characteristic 6e400002-b5a3-f393-e0a9-e50e24dcca9e : bytearray(b'3,0')
2021-08-24 06:23:40,425 - INFO - root - x = 351, y = 127, Radius = 84.256103515625
2021-08-24 06:23:40,425 - INFO - root - Decision Window: xRange = 349, 368,  yRange = 147, 123
2021-08-24 06:23:40,425 - INFO - root - Next Decision Window: xRange = 330, 348,  yRange = 152, 129
2021-08-24 06:23:40,425 - INFO - root - Distance = 17.69180601295413, direction = 3, Win# 2
2021-08-24 06:23:40,499 - DEBUG - bleak.backends.dotnet.client - Write Characteristic 6e400002-b5a3-f393-e0a9-e50e24dcca9e : bytearray(b'3,0')
2021-08-24 06:23:40,533 - INFO - root - x = 348, y = 126, Radius = 81.41262817382812
2021-08-24 06:23:40,533 - INFO - root - Decision Window: xRange = 349, 368,  yRange = 147, 123
2021-08-24 06:23:40,533 - INFO - root - Next Decision Window: xRange = 330, 348,  yRange = 152, 129
2021-08-24 06:23:40,533 - INFO - root - Distance = 16.64331697709324, direction = 3, Win# 2
2021-08-24 06:23:40,619 - DEBUG - bleak.backends.dotnet.client - Write Characteristic 6e400002-b5a3-f393-e0a9-e50e24dcca9e : bytearray(b'3,0')
2021-08-24 06:23:40,657 - INFO - root - x = 347, y = 127, Radius = 85.00745391845703
2021-08-24 06:23:40,657 - INFO - root - Decision Window: xRange = 349, 368,  yRange = 147, 123
2021-08-24 06:23:40,657 - INFO - root - Next Decision Window: xRange = 330, 348,  yRange = 152, 129
2021-08-24 06:23:40,657 - INFO - root - Distance = 15.264337522473747, direction = 3, Win# 2
2021-08-24 06:23:40,739 - DEBUG - bleak.backends.dotnet.client - Write Characteristic 6e400002-b5a3-f393-e0a9-e50e24dcca9e : bytearray(b'3,0')
2021-08-24 06:23:40,781 - INFO - root - x = 346, y = 127, Radius = 86.72956085205078
2021-08-24 06:23:40,781 - INFO - root - Decision Window: xRange = 349, 368,  yRange = 147, 123
2021-08-24 06:23:40,781 - INFO - root - Next Decision Window: xRange = 330, 348,  yRange = 152, 129
2021-08-24 06:23:40,781 - INFO - root - Distance = 14.7648230602334, direction = 3, Win# 2
2021-08-24 06:23:40,859 - DEBUG - bleak.backends.dotnet.client - Write Characteristic 6e400002-b5a3-f393-e0a9-e50e24dcca9e : bytearray(b'3,0')
2021-08-24 06:23:40,904 - INFO - root - x = 344, y = 126, Radius = 81.739013671875
2021-08-24 06:23:40,904 - INFO - root - Decision Window: xRange = 349, 368,  yRange = 147, 123
2021-08-24 06:23:40,904 - INFO - root - Next Decision Window: xRange = 330, 348,  yRange = 152, 129
2021-08-24 06:23:40,904 - INFO - root - Distance = 14.866068747318506, direction = 3, Win# 2
2021-08-24 06:23:40,979 - DEBUG - bleak.backends.dotnet.client - Write Characteristic 6e400002-b5a3-f393-e0a9-e50e24dcca9e : bytearray(b'3,0')
2021-08-24 06:23:41,012 - INFO - root - x = 344, y = 127, Radius = 79.45133972167969
2021-08-24 06:23:41,013 - INFO - root - Decision Window: xRange = 349, 368,  yRange = 147, 123
2021-08-24 06:23:41,013 - INFO - root - Next Decision Window: xRange = 330, 348,  yRange = 152, 129
2021-08-24 06:23:41,013 - INFO - root - Distance = 13.92838827718412, direction = 3, Win# 2
2021-08-24 06:23:41,099 - DEBUG - bleak.backends.dotnet.client - Write Characteristic 6e400002-b5a3-f393-e0a9-e50e24dcca9e : bytearray(b'3,0')
2021-08-24 06:23:41,141 - INFO - root - x = 347, y = 130, Radius = 93.312744140625
2021-08-24 06:23:41,141 - INFO - root - Decision Window: xRange = 330, 348,  yRange = 152, 129
2021-08-24 06:23:41,141 - INFO - root - Next Decision Window: xRange = 310, 329,  yRange = 164, 130
2021-08-24 06:23:41,142 - INFO - root - Distance = 0, direction = 3, Win# 3
2021-08-24 06:23:41,219 - DEBUG - bleak.backends.dotnet.client - Write Characteristic 6e400002-b5a3-f393-e0a9-e50e24dcca9e : bytearray(b'3,0')
2021-08-24 06:23:41,259 - INFO - root - x = 353, y = 132, Radius = 92.11551666259766
2021-08-24 06:23:41,260 - INFO - root - Decision Window: xRange = 330, 348,  yRange = 152, 129
2021-08-24 06:23:41,260 - INFO - root - Next Decision Window: xRange = 310, 329,  yRange = 164, 130
2021-08-24 06:23:41,260 - INFO - root - Distance = 37.16180835212409, direction = 2, Win# 3
2021-08-24 06:23:41,339 - DEBUG - bleak.backends.dotnet.client - Write Characteristic 6e400002-b5a3-f393-e0a9-e50e24dcca9e : bytearray(b'2,0')
2021-08-24 06:23:41,382 - INFO - root - x = 359, y = 128, Radius = 80.81160736083984
2021-08-24 06:23:41,383 - INFO - root - Decision Window: xRange = 330, 348,  yRange = 152, 129
2021-08-24 06:23:41,383 - INFO - root - Next Decision Window: xRange = 310, 329,  yRange = 164, 130
2021-08-24 06:23:41,383 - INFO - root - Distance = 44.28317965096906, direction = 2, Win# 3
2021-08-24 06:23:41,459 - DEBUG - bleak.backends.dotnet.client - Write Characteristic 6e400002-b5a3-f393-e0a9-e50e24dcca9e : bytearray(b'2,0')
2021-08-24 06:23:41,505 - INFO - root - x = 371, y = 135, Radius = 106.023681640625
2021-08-24 06:23:41,506 - INFO - root - Decision Window: xRange = 330, 348,  yRange = 152, 129
2021-08-24 06:23:41,506 - INFO - root - Next Decision Window: xRange = 310, 329,  yRange = 164, 130
2021-08-24 06:23:41,506 - INFO - root - Distance = 53.36665625650534, direction = 2, Win# 3
2021-08-24 06:23:41,639 - DEBUG - bleak.backends.dotnet.client - Write Characteristic 6e400002-b5a3-f393-e0a9-e50e24dcca9e : bytearray(b'2,1')
2021-08-24 06:23:41,675 - INFO - root - x = 373, y = 135, Radius = 105.81243133544922
2021-08-24 06:23:41,675 - INFO - root - Decision Window: xRange = 330, 348,  yRange = 152, 129
2021-08-24 06:23:41,676 - INFO - root - Next Decision Window: xRange = 310, 329,  yRange = 164, 130
2021-08-24 06:23:41,676 - INFO - root - Distance = 55.31726674375732, direction = 2, Win# 3
2021-08-24 06:23:41,759 - DEBUG - bleak.backends.dotnet.client - Write Characteristic 6e400002-b5a3-f393-e0a9-e50e24dcca9e : bytearray(b'2,1')
2021-08-24 06:23:41,799 - INFO - root - x = 370, y = 140, Radius = 120.90502166748047
2021-08-24 06:23:41,799 - INFO - root - Decision Window: xRange = 330, 348,  yRange = 152, 129
2021-08-24 06:23:41,799 - INFO - root - Next Decision Window: xRange = 310, 329,  yRange = 164, 130
2021-08-24 06:23:41,799 - INFO - root - Distance = 51.478150704935004, direction = 2, Win# 3
2021-08-24 06:23:41,879 - DEBUG - bleak.backends.dotnet.client - Write Characteristic 6e400002-b5a3-f393-e0a9-e50e24dcca9e : bytearray(b'2,1')
2021-08-24 06:23:41,923 - INFO - root - x = 361, y = 132, Radius = 86.6747817993164
2021-08-24 06:23:41,923 - INFO - root - Decision Window: xRange = 330, 348,  yRange = 152, 129
2021-08-24 06:23:41,923 - INFO - root - Next Decision Window: xRange = 310, 329,  yRange = 164, 130
2021-08-24 06:23:41,923 - INFO - root - Distance = 44.598206241955516, direction = 2, Win# 3
2021-08-24 06:23:41,999 - DEBUG - bleak.backends.dotnet.client - Write Characteristic 6e400002-b5a3-f393-e0a9-e50e24dcca9e : bytearray(b'2,0')
2021-08-24 06:23:42,047 - INFO - root - x = 360, y = 132, Radius = 90.13887786865234
2021-08-24 06:23:42,047 - INFO - root - Decision Window: xRange = 330, 348,  yRange = 152, 129
2021-08-24 06:23:42,047 - INFO - root - Next Decision Window: xRange = 310, 329,  yRange = 164, 130
2021-08-24 06:23:42,047 - INFO - root - Distance = 43.657759905886145, direction = 2, Win# 3
2021-08-24 06:23:42,119 - DEBUG - bleak.backends.dotnet.client - Write Characteristic 6e400002-b5a3-f393-e0a9-e50e24dcca9e : bytearray(b'2,0')
2021-08-24 06:23:42,154 - INFO - root - x = 359, y = 133, Radius = 90.64990997314453
2021-08-24 06:23:42,154 - INFO - root - Decision Window: xRange = 330, 348,  yRange = 152, 129
2021-08-24 06:23:42,154 - INFO - root - Next Decision Window: xRange = 310, 329,  yRange = 164, 130
2021-08-24 06:23:42,154 - INFO - root - Distance = 42.37924020083418, direction = 2, Win# 3
2021-08-24 06:23:42,239 - DEBUG - bleak.backends.dotnet.client - Write Characteristic 6e400002-b5a3-f393-e0a9-e50e24dcca9e : bytearray(b'2,0')
2021-08-24 06:23:42,277 - INFO - root - x = 360, y = 132, Radius = 85.17198181152344
2021-08-24 06:23:42,278 - INFO - root - Decision Window: xRange = 330, 348,  yRange = 152, 129
2021-08-24 06:23:42,278 - INFO - root - Next Decision Window: xRange = 310, 329,  yRange = 164, 130
2021-08-24 06:23:42,278 - INFO - root - Distance = 43.657759905886145, direction = 2, Win# 3
2021-08-24 06:23:42,359 - DEBUG - bleak.backends.dotnet.client - Write Characteristic 6e400002-b5a3-f393-e0a9-e50e24dcca9e : bytearray(b'2,0')
2021-08-24 06:23:42,401 - INFO - root - x = 360, y = 133, Radius = 90.9465103149414
2021-08-24 06:23:42,401 - INFO - root - Decision Window: xRange = 330, 348,  yRange = 152, 129
2021-08-24 06:23:42,401 - INFO - root - Next Decision Window: xRange = 310, 329,  yRange = 164, 130
2021-08-24 06:23:42,401 - INFO - root - Distance = 43.32435804486894, direction = 2, Win# 3
2021-08-24 06:23:42,479 - DEBUG - bleak.backends.dotnet.client - Write Characteristic 6e400002-b5a3-f393-e0a9-e50e24dcca9e : bytearray(b'2,0')
2021-08-24 06:23:42,525 - INFO - root - x = 359, y = 132, Radius = 86.65401458740234
2021-08-24 06:23:42,525 - INFO - root - Decision Window: xRange = 330, 348,  yRange = 152, 129
2021-08-24 06:23:42,525 - INFO - root - Next Decision Window: xRange = 310, 329,  yRange = 164, 130
2021-08-24 06:23:42,525 - INFO - root - Distance = 42.720018726587654, direction = 2, Win# 3
2021-08-24 06:23:42,599 - DEBUG - bleak.backends.dotnet.client - Write Characteristic 6e400002-b5a3-f393-e0a9-e50e24dcca9e : bytearray(b'2,0')
2021-08-24 06:23:42,633 - INFO - root - x = 360, y = 132, Radius = 86.33085632324219
2021-08-24 06:23:42,633 - INFO - root - Decision Window: xRange = 330, 348,  yRange = 152, 129
2021-08-24 06:23:42,633 - INFO - root - Next Decision Window: xRange = 310, 329,  yRange = 164, 130
2021-08-24 06:23:42,633 - INFO - root - Distance = 43.657759905886145, direction = 2, Win# 3
2021-08-24 06:23:42,719 - DEBUG - bleak.backends.dotnet.client - Write Characteristic 6e400002-b5a3-f393-e0a9-e50e24dcca9e : bytearray(b'2,0')
2021-08-24 06:23:42,757 - INFO - root - x = 358, y = 129, Radius = 80.11251831054688
2021-08-24 06:23:42,757 - INFO - root - Decision Window: xRange = 330, 348,  yRange = 152, 129
2021-08-24 06:23:42,757 - INFO - root - Next Decision Window: xRange = 310, 329,  yRange = 164, 130
2021-08-24 06:23:42,757 - INFO - root - Distance = 42.95346318982906, direction = 2, Win# 3
2021-08-24 06:23:42,839 - DEBUG - bleak.backends.dotnet.client - Write Characteristic 6e400002-b5a3-f393-e0a9-e50e24dcca9e : bytearray(b'2,0')
2021-08-24 06:23:42,880 - INFO - root - x = 358, y = 131, Radius = 92.11551666259766
2021-08-24 06:23:42,880 - INFO - root - Decision Window: xRange = 330, 348,  yRange = 152, 129
2021-08-24 06:23:42,880 - INFO - root - Next Decision Window: xRange = 310, 329,  yRange = 164, 130
2021-08-24 06:23:42,880 - INFO - root - Distance = 42.15447781671598, direction = 2, Win# 3
2021-08-24 06:23:42,959 - DEBUG - bleak.backends.dotnet.client - Write Characteristic 6e400002-b5a3-f393-e0a9-e50e24dcca9e : bytearray(b'2,0')
2021-08-24 06:23:43,003 - INFO - root - x = 359, y = 129, Radius = 87.4886703491211
2021-08-24 06:23:43,004 - INFO - root - Decision Window: xRange = 330, 348,  yRange = 152, 129
2021-08-24 06:23:43,004 - INFO - root - Next Decision Window: xRange = 310, 329,  yRange = 164, 130
2021-08-24 06:23:43,004 - INFO - root - Distance = 43.86342439892262, direction = 2, Win# 3
2021-08-24 06:23:43,079 - DEBUG - bleak.backends.dotnet.client - Write Characteristic 6e400002-b5a3-f393-e0a9-e50e24dcca9e : bytearray(b'2,0')
2021-08-24 06:23:43,127 - INFO - root - x = 357, y = 126, Radius = 79.82804107666016
2021-08-24 06:23:43,127 - INFO - root - Decision Window: xRange = 330, 348,  yRange = 152, 129
2021-08-24 06:23:43,127 - INFO - root - Next Decision Window: xRange = 310, 329,  yRange = 164, 130
2021-08-24 06:23:43,127 - INFO - root - Distance = 43.41658669218482, direction = 2, Win# 3
2021-08-24 06:23:43,199 - DEBUG - bleak.backends.dotnet.client - Write Characteristic 6e400002-b5a3-f393-e0a9-e50e24dcca9e : bytearray(b'2,0')
2021-08-24 06:23:43,234 - INFO - root - x = 357, y = 127, Radius = 88.20582580566406
2021-08-24 06:23:43,235 - INFO - root - Decision Window: xRange = 330, 348,  yRange = 152, 129
2021-08-24 06:23:43,235 - INFO - root - Next Decision Window: xRange = 310, 329,  yRange = 164, 130
2021-08-24 06:23:43,235 - INFO - root - Distance = 42.941821107167776, direction = 2, Win# 3
2021-08-24 06:23:43,319 - DEBUG - bleak.backends.dotnet.client - Write Characteristic 6e400002-b5a3-f393-e0a9-e50e24dcca9e : bytearray(b'2,0')
2021-08-24 06:23:43,358 - INFO - root - x = 358, y = 128, Radius = 91.92398071289062
2021-08-24 06:23:43,359 - INFO - root - Decision Window: xRange = 330, 348,  yRange = 152, 129
2021-08-24 06:23:43,359 - INFO - root - Next Decision Window: xRange = 310, 329,  yRange = 164, 130
2021-08-24 06:23:43,359 - INFO - root - Distance = 43.382023926967726, direction = 2, Win# 3
2021-08-24 06:23:43,439 - DEBUG - bleak.backends.dotnet.client - Write Characteristic 6e400002-b5a3-f393-e0a9-e50e24dcca9e : bytearray(b'2,0')
2021-08-24 06:23:43,482 - INFO - root - x = 356, y = 126, Radius = 83.19415283203125
2021-08-24 06:23:43,482 - INFO - root - Decision Window: xRange = 330, 348,  yRange = 152, 129
2021-08-24 06:23:43,482 - INFO - root - Next Decision Window: xRange = 310, 329,  yRange = 164, 130
2021-08-24 06:23:43,482 - INFO - root - Distance = 42.5440947723653, direction = 2, Win# 3
2021-08-24 06:23:43,559 - DEBUG - bleak.backends.dotnet.client - Write Characteristic 6e400002-b5a3-f393-e0a9-e50e24dcca9e : bytearray(b'2,0')
2021-08-24 06:23:43,606 - INFO - root - x = 355, y = 126, Radius = 85.23066711425781
2021-08-24 06:23:43,606 - INFO - root - Decision Window: xRange = 330, 348,  yRange = 152, 129
2021-08-24 06:23:43,606 - INFO - root - Next Decision Window: xRange = 310, 329,  yRange = 164, 130
2021-08-24 06:23:43,606 - INFO - root - Distance = 41.677331968349414, direction = 2, Win# 3
2021-08-24 06:23:43,679 - DEBUG - bleak.backends.dotnet.client - Write Characteristic 6e400002-b5a3-f393-e0a9-e50e24dcca9e : bytearray(b'2,0')
2021-08-24 06:23:43,714 - INFO - root - x = 353, y = 126, Radius = 93.1075668334961
2021-08-24 06:23:43,714 - INFO - root - Decision Window: xRange = 330, 348,  yRange = 152, 129
2021-08-24 06:23:43,714 - INFO - root - Next Decision Window: xRange = 310, 329,  yRange = 164, 130
2021-08-24 06:23:43,715 - INFO - root - Distance = 39.96248240537617, direction = 2, Win# 3
2021-08-24 06:23:43,799 - DEBUG - bleak.backends.dotnet.client - Write Characteristic 6e400002-b5a3-f393-e0a9-e50e24dcca9e : bytearray(b'2,0')
2021-08-24 06:23:43,837 - INFO - root - x = 352, y = 125, Radius = 93.82040405273438
2021-08-24 06:23:43,837 - INFO - root - Decision Window: xRange = 330, 348,  yRange = 152, 129
2021-08-24 06:23:43,837 - INFO - root - Next Decision Window: xRange = 310, 329,  yRange = 164, 130
2021-08-24 06:23:43,837 - INFO - root - Distance = 39.66106403010388, direction = 2, Win# 3
2021-08-24 06:23:43,919 - DEBUG - bleak.backends.dotnet.client - Write Characteristic 6e400002-b5a3-f393-e0a9-e50e24dcca9e : bytearray(b'2,0')
2021-08-24 06:23:43,961 - INFO - root - x = 353, y = 128, Radius = 94.88555908203125
2021-08-24 06:23:43,961 - INFO - root - Decision Window: xRange = 330, 348,  yRange = 152, 129
2021-08-24 06:23:43,961 - INFO - root - Next Decision Window: xRange = 310, 329,  yRange = 164, 130
2021-08-24 06:23:43,961 - INFO - root - Distance = 38.948684188300895, direction = 2, Win# 3
2021-08-24 06:23:44,039 - DEBUG - bleak.backends.dotnet.client - Write Characteristic 6e400002-b5a3-f393-e0a9-e50e24dcca9e : bytearray(b'2,0')
2021-08-24 06:23:44,084 - INFO - root - x = 357, y = 126, Radius = 87.44865417480469
2021-08-24 06:23:44,084 - INFO - root - Decision Window: xRange = 330, 348,  yRange = 152, 129
2021-08-24 06:23:44,084 - INFO - root - Next Decision Window: xRange = 310, 329,  yRange = 164, 130
2021-08-24 06:23:44,085 - INFO - root - Distance = 43.41658669218482, direction = 2, Win# 3
2021-08-24 06:23:44,159 - DEBUG - bleak.backends.dotnet.client - Write Characteristic 6e400002-b5a3-f393-e0a9-e50e24dcca9e : bytearray(b'2,0')
2021-08-24 06:23:44,207 - INFO - root - x = 505, y = 143, Radius = 28.231287002563477
2021-08-24 06:23:44,208 - INFO - root - Decision Window: xRange = 330, 348,  yRange = 152, 129
2021-08-24 06:23:44,208 - INFO - root - Next Decision Window: xRange = 310, 329,  yRange = 164, 130
2021-08-24 06:23:44,208 - INFO - root - Distance = 186.04300578092153, direction = 2, Win# 3
2021-08-24 06:23:44,279 - DEBUG - bleak.backends.dotnet.client - Write Characteristic 6e400002-b5a3-f393-e0a9-e50e24dcca9e : bytearray(b'2,2')
2021-08-24 06:23:44,316 - INFO - root - x = 604, y = 147, Radius = 34.4432258605957
2021-08-24 06:23:44,316 - INFO - root - Decision Window: xRange = 330, 348,  yRange = 152, 129
2021-08-24 06:23:44,316 - INFO - root - Next Decision Window: xRange = 310, 329,  yRange = 164, 130
2021-08-24 06:23:44,316 - INFO - root - Distance = 285.0, direction = 2, Win# 3
2021-08-24 06:23:44,399 - DEBUG - bleak.backends.dotnet.client - Write Characteristic 6e400002-b5a3-f393-e0a9-e50e24dcca9e : bytearray(b'2,3')
2021-08-24 06:23:44,439 - INFO - root - x = 649, y = 165, Radius = 51.10049057006836
2021-08-24 06:23:44,440 - INFO - root - Decision Window: xRange = 330, 348,  yRange = 152, 129
2021-08-24 06:23:44,440 - INFO - root - Next Decision Window: xRange = 310, 329,  yRange = 164, 130
2021-08-24 06:23:44,440 - INFO - root - Distance = 330.4905444940899, direction = 2, Win# 3
2021-08-24 06:23:44,579 - DEBUG - bleak.backends.dotnet.client - Write Characteristic 6e400002-b5a3-f393-e0a9-e50e24dcca9e : bytearray(b'2,3')
2021-08-24 06:23:45,387 - DEBUG - bleak.backends.dotnet.client - Disconnecting from BLE device...
