2021-08-24 06:44:21,749 - INFO - root - 


2021-08-24 06:44:21,749 - INFO - root - PROGRAM BEGINS
2021-08-24 06:44:27,458 - INFO - root - Image: Letter_L_Excel.xlsx
2021-08-24 06:44:28,363 - DEBUG - asyncio - Using proactor: IocpProactor
2021-08-24 06:44:28,725 - DEBUG - bleak.backends.dotnet.scanner - Received 7A:59:53:4D:47:4F: Unknown.
2021-08-24 06:44:28,730 - DEBUG - bleak.backends.dotnet.scanner - Received 7A:59:53:4D:47:4F: Unknown.
2021-08-24 06:44:29,186 - DEBUG - bleak.backends.dotnet.scanner - Received CC:D2:81:7A:31:C7: Unknown.
2021-08-24 06:44:29,187 - DEBUG - bleak.backends.dotnet.scanner - Received CC:D2:81:7A:31:C7: Unknown.
2021-08-24 06:44:30,016 - DEBUG - bleak.backends.dotnet.scanner - Received 64:3C:92:02:40:D0: Unknown.
2021-08-24 06:44:30,017 - DEBUG - bleak.backends.dotnet.scanner - Received 64:3C:92:02:40:D0: Unknown.
2021-08-24 06:44:30,525 - DEBUG - bleak.backends.dotnet.scanner - Received FA:B4:6A:30:5B:CF: Unknown.
2021-08-24 06:44:30,606 - DEBUG - bleak.backends.dotnet.scanner - Received 38:68:A4:0D:FE:EB: Unknown.
2021-08-24 06:44:30,960 - DEBUG - bleak.backends.dotnet.scanner - Received 3F:4D:6C:C6:F2:5D: Unknown.
2021-08-24 06:44:31,075 - DEBUG - bleak.backends.dotnet.scanner - Received 38:68:A4:0D:FE:EB: Unknown.
2021-08-24 06:44:31,199 - DEBUG - bleak.backends.dotnet.scanner - Received 7A:59:53:4D:47:4F: Unknown.
2021-08-24 06:44:31,199 - DEBUG - bleak.backends.dotnet.scanner - Received 7A:59:53:4D:47:4F: Unknown.
2021-08-24 06:44:31,546 - DEBUG - bleak.backends.dotnet.scanner - Received 2B:B8:DF:4B:4C:FC: Unknown.
2021-08-24 06:44:31,915 - DEBUG - bleak.backends.dotnet.scanner - Received 64:3C:92:02:40:D0: Unknown.
2021-08-24 06:44:31,916 - DEBUG - bleak.backends.dotnet.scanner - Received 64:3C:92:02:40:D0: Unknown.
2021-08-24 06:44:32,023 - DEBUG - bleak.backends.dotnet.scanner - Received 7A:59:53:4D:47:4F: Unknown.
2021-08-24 06:44:32,023 - DEBUG - bleak.backends.dotnet.scanner - Received 7A:59:53:4D:47:4F: Unknown.
2021-08-24 06:44:32,137 - DEBUG - bleak.backends.dotnet.scanner - Received 41:F3:62:B3:51:5F: Unknown.
2021-08-24 06:44:32,138 - DEBUG - bleak.backends.dotnet.scanner - Received 41:F3:62:B3:51:5F: Unknown.
2021-08-24 06:44:32,497 - DEBUG - bleak.backends.dotnet.scanner - Received CC:D2:81:7A:31:C7: Unknown.
2021-08-24 06:44:32,498 - DEBUG - bleak.backends.dotnet.scanner - Received CC:D2:81:7A:31:C7: Unknown.
2021-08-24 06:44:32,623 - DEBUG - bleak.backends.dotnet.scanner - Received 38:68:A4:0D:FE:EB: Unknown.
2021-08-24 06:44:32,729 - DEBUG - bleak.backends.dotnet.scanner - Received 64:3C:92:02:40:D0: Unknown.
2021-08-24 06:44:32,730 - DEBUG - bleak.backends.dotnet.scanner - Received 64:3C:92:02:40:D0: Unknown.
2021-08-24 06:44:32,853 - DEBUG - bleak.backends.dotnet.scanner - Received 7A:59:53:4D:47:4F: Unknown.
2021-08-24 06:44:32,854 - DEBUG - bleak.backends.dotnet.scanner - Received 7A:59:53:4D:47:4F: Unknown.
2021-08-24 06:44:32,966 - DEBUG - bleak.backends.dotnet.scanner - Received 3F:4D:6C:C6:F2:5D: Unknown.
2021-08-24 06:44:33,082 - DEBUG - bleak.backends.dotnet.scanner - Received 38:68:A4:0D:FE:EB: Unknown.
2021-08-24 06:44:33,563 - DEBUG - bleak.backends.dotnet.scanner - Received FA:B4:6A:30:5B:CF: Unknown.
2021-08-24 06:44:33,565 - DEBUG - bleak.backends.dotnet.scanner - Received FA:B4:6A:30:5B:CF: Unknown.
2021-08-24 06:44:33,679 - DEBUG - bleak.backends.dotnet.scanner - Received 7A:59:53:4D:47:4F: Unknown.
2021-08-24 06:44:33,679 - DEBUG - bleak.backends.dotnet.scanner - Received 7A:59:53:4D:47:4F: Unknown.
2021-08-24 06:44:33,802 - DEBUG - bleak.backends.dotnet.scanner - Received 09:C4:EE:D9:EA:46: Unknown.
2021-08-24 06:44:34,140 - DEBUG - bleak.backends.dotnet.scanner - Received CC:D2:81:7A:31:C7: Unknown.
2021-08-24 06:44:34,159 - DEBUG - bleak.backends.dotnet.scanner - Received 38:68:A4:0D:FE:EB: Unknown.
2021-08-24 06:44:34,503 - DEBUG - bleak.backends.dotnet.scanner - Received 7A:59:53:4D:47:4F: Unknown.
2021-08-24 06:44:34,504 - DEBUG - bleak.backends.dotnet.scanner - Received 7A:59:53:4D:47:4F: Unknown.
2021-08-24 06:44:34,623 - DEBUG - bleak.backends.dotnet.scanner - Received 41:F3:62:B3:51:5F: Unknown.
2021-08-24 06:44:34,623 - DEBUG - bleak.backends.dotnet.scanner - Received 41:F3:62:B3:51:5F: Unknown.
2021-08-24 06:44:34,856 - DEBUG - bleak.backends.dotnet.scanner - Received 41:F3:62:B3:51:5F: Unknown.
2021-08-24 06:44:34,856 - DEBUG - bleak.backends.dotnet.scanner - Received 41:F3:62:B3:51:5F: Unknown.
2021-08-24 06:44:34,969 - DEBUG - bleak.backends.dotnet.scanner - Received 41:F3:62:B3:51:5F: Unknown.
2021-08-24 06:44:34,969 - DEBUG - bleak.backends.dotnet.scanner - Received 41:F3:62:B3:51:5F: Unknown.
2021-08-24 06:44:35,088 - DEBUG - bleak.backends.dotnet.scanner - Received 38:68:A4:0D:FE:EB: Unknown.
2021-08-24 06:44:35,325 - DEBUG - bleak.backends.dotnet.scanner - Received 7A:59:53:4D:47:4F: Unknown.
2021-08-24 06:44:35,326 - DEBUG - bleak.backends.dotnet.scanner - Received 7A:59:53:4D:47:4F: Unknown.
2021-08-24 06:44:35,457 - DEBUG - bleak.backends.dotnet.scanner - Received 41:F3:62:B3:51:5F: Unknown.
2021-08-24 06:44:35,457 - DEBUG - bleak.backends.dotnet.scanner - Received 41:F3:62:B3:51:5F: Unknown.
2021-08-24 06:44:35,559 - DEBUG - bleak.backends.dotnet.scanner - Received 38:68:A4:0D:FE:EB: Unknown.
2021-08-24 06:44:35,677 - DEBUG - bleak.backends.dotnet.scanner - Received 41:F3:62:B3:51:5F: Unknown.
2021-08-24 06:44:35,678 - DEBUG - bleak.backends.dotnet.scanner - Received 41:F3:62:B3:51:5F: Unknown.
2021-08-24 06:44:35,922 - DEBUG - bleak.backends.dotnet.scanner - Received 41:F3:62:B3:51:5F: Unknown.
2021-08-24 06:44:35,923 - DEBUG - bleak.backends.dotnet.scanner - Received 41:F3:62:B3:51:5F: Unknown.
2021-08-24 06:44:36,045 - DEBUG - bleak.backends.dotnet.scanner - Received 7C:9E:BD:EE:7A:82: Haptic Sleeve ML.
2021-08-24 06:44:36,046 - DEBUG - bleak.backends.dotnet.scanner - Received 7C:9E:BD:EE:7A:82: Unknown.
2021-08-24 06:44:36,046 - DEBUG - bleak.backends.dotnet.scanner - 10 devices found. Watcher status: 3.
2021-08-24 06:44:36,046 - DEBUG - bleak.backends.dotnet.client - Connecting to BLE device @ 7c:9e:bd:ee:7a:82
2021-08-24 06:44:46,152 - DEBUG - bleak.backends.dotnet.scanner - Received 7C:9E:BD:EE:7A:82: Haptic Sleeve ML.
2021-08-24 06:44:46,152 - DEBUG - bleak.backends.dotnet.scanner - 1 devices found. Watcher status: 3.
2021-08-24 06:44:46,152 - DEBUG - bleak.backends.dotnet.client - Connecting to BLE device @ 7c:9e:bd:ee:7a:82
2021-08-24 06:44:48,661 - DEBUG - bleak.backends.dotnet.client - _ConnectionStatusChanged_Handler: 1
2021-08-24 06:44:48,661 - DEBUG - bleak.backends.dotnet.client - Get Services...
2021-08-24 06:44:48,717 - INFO - bleak.backends.dotnet.client - Services resolved for BleakClientDotNet (7c:9e:bd:ee:7a:82)
2021-08-24 06:44:54,342 - INFO - root - x = 371, y = 379, Radius = 113.17805480957031
2021-08-24 06:44:54,342 - INFO - root - Decision Window: xRange = 369, 376,  yRange = 384, 363
2021-08-24 06:44:54,342 - INFO - root - Next Decision Window: xRange = 377, 385,  yRange = 374, 345
2021-08-24 06:44:54,342 - INFO - root - Distance = 22.360679774997898, direction = 1, Win# 0
2021-08-24 06:44:54,556 - DEBUG - bleak.backends.dotnet.client - Write Characteristic 6e400002-b5a3-f393-e0a9-e50e24dcca9e : bytearray(b'1,0')
2021-08-24 06:44:54,588 - INFO - root - x = 366, y = 384, Radius = 108.84989166259766
2021-08-24 06:44:54,588 - INFO - root - Decision Window: xRange = 369, 376,  yRange = 384, 363
2021-08-24 06:44:54,588 - INFO - root - Next Decision Window: xRange = 377, 385,  yRange = 374, 345
2021-08-24 06:44:54,588 - INFO - root - Distance = 29.154759474226502, direction = 1, Win# 0
2021-08-24 06:44:54,674 - DEBUG - bleak.backends.dotnet.client - Write Characteristic 6e400002-b5a3-f393-e0a9-e50e24dcca9e : bytearray(b'1,0')
2021-08-24 06:44:54,711 - INFO - root - x = 373, y = 382, Radius = 107.95632934570312
2021-08-24 06:44:54,712 - INFO - root - Decision Window: xRange = 369, 376,  yRange = 384, 363
2021-08-24 06:44:54,712 - INFO - root - Next Decision Window: xRange = 377, 385,  yRange = 374, 345
2021-08-24 06:44:54,712 - INFO - root - Distance = 24.351591323771842, direction = 1, Win# 0
2021-08-24 06:44:54,854 - DEBUG - bleak.backends.dotnet.client - Write Characteristic 6e400002-b5a3-f393-e0a9-e50e24dcca9e : bytearray(b'1,0')
2021-08-24 06:44:54,897 - INFO - root - x = 375, y = 388, Radius = 99.71155548095703
2021-08-24 06:44:54,897 - INFO - root - Decision Window: xRange = 369, 376,  yRange = 384, 363
2021-08-24 06:44:54,897 - INFO - root - Next Decision Window: xRange = 377, 385,  yRange = 374, 345
2021-08-24 06:44:54,897 - INFO - root - Distance = 29.614185789921695, direction = 1, Win# 0
2021-08-24 06:44:54,974 - DEBUG - bleak.backends.dotnet.client - Write Characteristic 6e400002-b5a3-f393-e0a9-e50e24dcca9e : bytearray(b'1,0')
2021-08-24 06:44:55,005 - INFO - root - x = 375, y = 389, Radius = 99.9814682006836
2021-08-24 06:44:55,006 - INFO - root - Decision Window: xRange = 369, 376,  yRange = 384, 363
2021-08-24 06:44:55,006 - INFO - root - Next Decision Window: xRange = 377, 385,  yRange = 374, 345
2021-08-24 06:44:55,006 - INFO - root - Distance = 30.59411708155671, direction = 1, Win# 0
2021-08-24 06:44:55,094 - DEBUG - bleak.backends.dotnet.client - Write Characteristic 6e400002-b5a3-f393-e0a9-e50e24dcca9e : bytearray(b'1,0')
2021-08-24 06:44:55,128 - INFO - root - x = 371, y = 390, Radius = 103.12828826904297
2021-08-24 06:44:55,128 - INFO - root - Decision Window: xRange = 369, 376,  yRange = 384, 363
2021-08-24 06:44:55,128 - INFO - root - Next Decision Window: xRange = 377, 385,  yRange = 374, 345
2021-08-24 06:44:55,128 - INFO - root - Distance = 32.57299494980466, direction = 1, Win# 0
2021-08-24 06:44:55,214 - DEBUG - bleak.backends.dotnet.client - Write Characteristic 6e400002-b5a3-f393-e0a9-e50e24dcca9e : bytearray(b'1,0')
2021-08-24 06:44:55,251 - INFO - root - x = 371, y = 391, Radius = 100.50194549560547
2021-08-24 06:44:55,251 - INFO - root - Decision Window: xRange = 369, 376,  yRange = 384, 363
2021-08-24 06:44:55,251 - INFO - root - Next Decision Window: xRange = 377, 385,  yRange = 374, 345
2021-08-24 06:44:55,251 - INFO - root - Distance = 33.52610922848042, direction = 1, Win# 0
2021-08-24 06:44:55,334 - DEBUG - bleak.backends.dotnet.client - Write Characteristic 6e400002-b5a3-f393-e0a9-e50e24dcca9e : bytearray(b'1,0')
2021-08-24 06:44:55,375 - INFO - root - x = 368, y = 389, Radius = 105.5107650756836
2021-08-24 06:44:55,375 - INFO - root - Decision Window: xRange = 369, 376,  yRange = 384, 363
2021-08-24 06:44:55,375 - INFO - root - Next Decision Window: xRange = 377, 385,  yRange = 374, 345
2021-08-24 06:44:55,375 - INFO - root - Distance = 32.69556544854363, direction = 1, Win# 0
2021-08-24 06:44:55,454 - DEBUG - bleak.backends.dotnet.client - Write Characteristic 6e400002-b5a3-f393-e0a9-e50e24dcca9e : bytearray(b'1,0')
2021-08-24 06:44:55,499 - INFO - root - x = 367, y = 390, Radius = 101.03598022460938
2021-08-24 06:44:55,499 - INFO - root - Decision Window: xRange = 369, 376,  yRange = 384, 363
2021-08-24 06:44:55,499 - INFO - root - Next Decision Window: xRange = 377, 385,  yRange = 374, 345
2021-08-24 06:44:55,499 - INFO - root - Distance = 34.0147027033899, direction = 1, Win# 0
2021-08-24 06:44:55,574 - DEBUG - bleak.backends.dotnet.client - Write Characteristic 6e400002-b5a3-f393-e0a9-e50e24dcca9e : bytearray(b'1,0')
2021-08-24 06:44:55,622 - INFO - root - x = 369, y = 389, Radius = 101.49470520019531
2021-08-24 06:44:55,623 - INFO - root - Decision Window: xRange = 369, 376,  yRange = 384, 363
2021-08-24 06:44:55,623 - INFO - root - Next Decision Window: xRange = 377, 385,  yRange = 374, 345
2021-08-24 06:44:55,623 - INFO - root - Distance = 32.31098884280702, direction = 1, Win# 0
2021-08-24 06:44:55,694 - DEBUG - bleak.backends.dotnet.client - Write Characteristic 6e400002-b5a3-f393-e0a9-e50e24dcca9e : bytearray(b'1,0')
2021-08-24 06:44:55,731 - INFO - root - x = 368, y = 388, Radius = 101.65858459472656
2021-08-24 06:44:55,731 - INFO - root - Decision Window: xRange = 369, 376,  yRange = 384, 363
2021-08-24 06:44:55,731 - INFO - root - Next Decision Window: xRange = 377, 385,  yRange = 374, 345
2021-08-24 06:44:55,731 - INFO - root - Distance = 31.78049716414141, direction = 1, Win# 0
2021-08-24 06:44:55,814 - DEBUG - bleak.backends.dotnet.client - Write Characteristic 6e400002-b5a3-f393-e0a9-e50e24dcca9e : bytearray(b'1,0')
2021-08-24 06:44:55,854 - INFO - root - x = 364, y = 389, Radius = 102.0687026977539
2021-08-24 06:44:55,855 - INFO - root - Decision Window: xRange = 369, 376,  yRange = 384, 363
2021-08-24 06:44:55,855 - INFO - root - Next Decision Window: xRange = 377, 385,  yRange = 374, 345
2021-08-24 06:44:55,855 - INFO - root - Distance = 34.48187929913333, direction = 1, Win# 0
2021-08-24 06:44:55,934 - DEBUG - bleak.backends.dotnet.client - Write Characteristic 6e400002-b5a3-f393-e0a9-e50e24dcca9e : bytearray(b'1,0')
2021-08-24 06:44:55,978 - INFO - root - x = 364, y = 390, Radius = 105.78190612792969
2021-08-24 06:44:55,978 - INFO - root - Decision Window: xRange = 369, 376,  yRange = 384, 363
2021-08-24 06:44:55,978 - INFO - root - Next Decision Window: xRange = 377, 385,  yRange = 374, 345
2021-08-24 06:44:55,978 - INFO - root - Distance = 35.35533905932738, direction = 1, Win# 0
2021-08-24 06:44:56,054 - DEBUG - bleak.backends.dotnet.client - Write Characteristic 6e400002-b5a3-f393-e0a9-e50e24dcca9e : bytearray(b'1,0')
2021-08-24 06:44:56,102 - INFO - root - x = 364, y = 391, Radius = 99.83621215820312
2021-08-24 06:44:56,102 - INFO - root - Decision Window: xRange = 369, 376,  yRange = 384, 363
2021-08-24 06:44:56,102 - INFO - root - Next Decision Window: xRange = 377, 385,  yRange = 374, 345
2021-08-24 06:44:56,102 - INFO - root - Distance = 36.235341863986875, direction = 1, Win# 0
2021-08-24 06:44:56,174 - DEBUG - bleak.backends.dotnet.client - Write Characteristic 6e400002-b5a3-f393-e0a9-e50e24dcca9e : bytearray(b'1,0')
2021-08-24 06:44:56,210 - INFO - root - x = 367, y = 391, Radius = 99.66202545166016
2021-08-24 06:44:56,210 - INFO - root - Decision Window: xRange = 369, 376,  yRange = 384, 363
2021-08-24 06:44:56,210 - INFO - root - Next Decision Window: xRange = 377, 385,  yRange = 374, 345
2021-08-24 06:44:56,210 - INFO - root - Distance = 34.92849839314596, direction = 1, Win# 0
2021-08-24 06:44:56,295 - DEBUG - bleak.backends.dotnet.client - Write Characteristic 6e400002-b5a3-f393-e0a9-e50e24dcca9e : bytearray(b'1,0')
2021-08-24 06:44:56,334 - INFO - root - x = 368, y = 387, Radius = 100.90068817138672
2021-08-24 06:44:56,334 - INFO - root - Decision Window: xRange = 369, 376,  yRange = 384, 363
2021-08-24 06:44:56,334 - INFO - root - Next Decision Window: xRange = 377, 385,  yRange = 374, 345
2021-08-24 06:44:56,334 - INFO - root - Distance = 30.870698080866262, direction = 1, Win# 0
2021-08-24 06:44:56,415 - DEBUG - bleak.backends.dotnet.client - Write Characteristic 6e400002-b5a3-f393-e0a9-e50e24dcca9e : bytearray(b'1,0')
2021-08-24 06:44:56,458 - INFO - root - x = 368, y = 388, Radius = 107.00476837158203
2021-08-24 06:44:56,458 - INFO - root - Decision Window: xRange = 369, 376,  yRange = 384, 363
2021-08-24 06:44:56,458 - INFO - root - Next Decision Window: xRange = 377, 385,  yRange = 374, 345
2021-08-24 06:44:56,458 - INFO - root - Distance = 31.78049716414141, direction = 1, Win# 0
2021-08-24 06:44:56,535 - DEBUG - bleak.backends.dotnet.client - Write Characteristic 6e400002-b5a3-f393-e0a9-e50e24dcca9e : bytearray(b'1,0')
2021-08-24 06:44:56,581 - INFO - root - x = 368, y = 390, Radius = 105.11550903320312
2021-08-24 06:44:56,581 - INFO - root - Decision Window: xRange = 369, 376,  yRange = 384, 363
2021-08-24 06:44:56,582 - INFO - root - Next Decision Window: xRange = 377, 385,  yRange = 374, 345
2021-08-24 06:44:56,582 - INFO - root - Distance = 33.61547262794322, direction = 1, Win# 0
2021-08-24 06:44:56,654 - DEBUG - bleak.backends.dotnet.client - Write Characteristic 6e400002-b5a3-f393-e0a9-e50e24dcca9e : bytearray(b'1,0')
2021-08-24 06:44:56,690 - INFO - root - x = 366, y = 388, Radius = 105.8171615600586
2021-08-24 06:44:56,690 - INFO - root - Decision Window: xRange = 369, 376,  yRange = 384, 363
2021-08-24 06:44:56,690 - INFO - root - Next Decision Window: xRange = 377, 385,  yRange = 374, 345
2021-08-24 06:44:56,690 - INFO - root - Distance = 32.64965543462902, direction = 1, Win# 0
2021-08-24 06:44:56,774 - DEBUG - bleak.backends.dotnet.client - Write Characteristic 6e400002-b5a3-f393-e0a9-e50e24dcca9e : bytearray(b'1,0')
2021-08-24 06:44:56,813 - INFO - root - x = 366, y = 388, Radius = 104.63756561279297
2021-08-24 06:44:56,814 - INFO - root - Decision Window: xRange = 369, 376,  yRange = 384, 363
2021-08-24 06:44:56,814 - INFO - root - Next Decision Window: xRange = 377, 385,  yRange = 374, 345
2021-08-24 06:44:56,814 - INFO - root - Distance = 32.64965543462902, direction = 1, Win# 0
2021-08-24 06:44:56,894 - DEBUG - bleak.backends.dotnet.client - Write Characteristic 6e400002-b5a3-f393-e0a9-e50e24dcca9e : bytearray(b'1,0')
2021-08-24 06:44:56,936 - INFO - root - x = 364, y = 389, Radius = 106.1250228881836
2021-08-24 06:44:56,937 - INFO - root - Decision Window: xRange = 369, 376,  yRange = 384, 363
2021-08-24 06:44:56,937 - INFO - root - Next Decision Window: xRange = 377, 385,  yRange = 374, 345
2021-08-24 06:44:56,937 - INFO - root - Distance = 34.48187929913333, direction = 1, Win# 0
2021-08-24 06:44:57,015 - DEBUG - bleak.backends.dotnet.client - Write Characteristic 6e400002-b5a3-f393-e0a9-e50e24dcca9e : bytearray(b'1,0')
2021-08-24 06:44:57,060 - INFO - root - x = 365, y = 389, Radius = 107.22066497802734
2021-08-24 06:44:57,060 - INFO - root - Decision Window: xRange = 369, 376,  yRange = 384, 363
2021-08-24 06:44:57,060 - INFO - root - Next Decision Window: xRange = 377, 385,  yRange = 374, 345
2021-08-24 06:44:57,060 - INFO - root - Distance = 34.0, direction = 1, Win# 0
2021-08-24 06:44:57,134 - DEBUG - bleak.backends.dotnet.client - Write Characteristic 6e400002-b5a3-f393-e0a9-e50e24dcca9e : bytearray(b'1,0')
2021-08-24 06:44:57,168 - INFO - root - x = 370, y = 379, Radius = 111.71625518798828
2021-08-24 06:44:57,169 - INFO - root - Decision Window: xRange = 369, 376,  yRange = 384, 363
2021-08-24 06:44:57,169 - INFO - root - Next Decision Window: xRange = 377, 385,  yRange = 374, 345
2021-08-24 06:44:57,169 - INFO - root - Distance = 22.825424421026653, direction = 1, Win# 0
2021-08-24 06:44:57,255 - DEBUG - bleak.backends.dotnet.client - Write Characteristic 6e400002-b5a3-f393-e0a9-e50e24dcca9e : bytearray(b'1,0')
2021-08-24 06:44:57,292 - INFO - root - x = 372, y = 378, Radius = 113.81134796142578
2021-08-24 06:44:57,293 - INFO - root - Decision Window: xRange = 369, 376,  yRange = 384, 363
2021-08-24 06:44:57,293 - INFO - root - Next Decision Window: xRange = 377, 385,  yRange = 374, 345
2021-08-24 06:44:57,293 - INFO - root - Distance = 21.02379604162864, direction = 1, Win# 0
2021-08-24 06:44:57,375 - DEBUG - bleak.backends.dotnet.client - Write Characteristic 6e400002-b5a3-f393-e0a9-e50e24dcca9e : bytearray(b'1,0')
2021-08-24 06:44:57,416 - INFO - root - x = 372, y = 373, Radius = 115.9365005493164
2021-08-24 06:44:57,417 - INFO - root - Decision Window: xRange = 369, 376,  yRange = 384, 363
2021-08-24 06:44:57,417 - INFO - root - Next Decision Window: xRange = 377, 385,  yRange = 374, 345
2021-08-24 06:44:57,417 - INFO - root - Distance = 16.64331697709324, direction = 1, Win# 0
2021-08-24 06:44:57,494 - DEBUG - bleak.backends.dotnet.client - Write Characteristic 6e400002-b5a3-f393-e0a9-e50e24dcca9e : bytearray(b'1,0')
2021-08-24 06:44:57,542 - INFO - root - x = 382, y = 367, Radius = 109.66236114501953
2021-08-24 06:44:57,542 - INFO - root - Decision Window: xRange = 377, 385,  yRange = 374, 345
2021-08-24 06:44:57,542 - INFO - root - Next Decision Window: xRange = 386, 391,  yRange = 360, 332
2021-08-24 06:44:57,542 - INFO - root - Distance = 0, direction = 1, Win# 1
2021-08-24 06:44:57,614 - DEBUG - bleak.backends.dotnet.client - Write Characteristic 6e400002-b5a3-f393-e0a9-e50e24dcca9e : bytearray(b'1,0')
2021-08-24 06:44:57,648 - INFO - root - x = 383, y = 363, Radius = 108.91520690917969
2021-08-24 06:44:57,649 - INFO - root - Decision Window: xRange = 377, 385,  yRange = 374, 345
2021-08-24 06:44:57,649 - INFO - root - Next Decision Window: xRange = 386, 391,  yRange = 360, 332
2021-08-24 06:44:57,649 - INFO - root - Distance = 17.72004514666935, direction = 1, Win# 1
2021-08-24 06:44:57,734 - DEBUG - bleak.backends.dotnet.client - Write Characteristic 6e400002-b5a3-f393-e0a9-e50e24dcca9e : bytearray(b'1,0')
2021-08-24 06:44:57,772 - INFO - root - x = 383, y = 361, Radius = 113.87722778320312
2021-08-24 06:44:57,772 - INFO - root - Decision Window: xRange = 377, 385,  yRange = 374, 345
2021-08-24 06:44:57,772 - INFO - root - Next Decision Window: xRange = 386, 391,  yRange = 360, 332
2021-08-24 06:44:57,772 - INFO - root - Distance = 15.811388300841896, direction = 1, Win# 1
2021-08-24 06:44:57,854 - DEBUG - bleak.backends.dotnet.client - Write Characteristic 6e400002-b5a3-f393-e0a9-e50e24dcca9e : bytearray(b'1,0')
2021-08-24 06:44:57,897 - INFO - root - x = 387, y = 357, Radius = 108.24057006835938
2021-08-24 06:44:57,897 - INFO - root - Decision Window: xRange = 386, 391,  yRange = 360, 332
2021-08-24 06:44:57,897 - INFO - root - Next Decision Window: xRange = 392, 397,  yRange = 342, 316
2021-08-24 06:44:57,898 - INFO - root - Distance = 0, direction = 1, Win# 2
2021-08-24 06:44:57,975 - DEBUG - bleak.backends.dotnet.client - Write Characteristic 6e400002-b5a3-f393-e0a9-e50e24dcca9e : bytearray(b'1,0')
2021-08-24 06:44:58,019 - INFO - root - x = 390, y = 350, Radius = 111.22979736328125
2021-08-24 06:44:58,019 - INFO - root - Decision Window: xRange = 386, 391,  yRange = 360, 332
2021-08-24 06:44:58,019 - INFO - root - Next Decision Window: xRange = 392, 397,  yRange = 342, 316
2021-08-24 06:44:58,019 - INFO - root - Distance = 21.37755832643195, direction = 1, Win# 2
2021-08-24 06:44:58,094 - DEBUG - bleak.backends.dotnet.client - Write Characteristic 6e400002-b5a3-f393-e0a9-e50e24dcca9e : bytearray(b'1,0')
2021-08-24 06:44:58,143 - INFO - root - x = 396, y = 344, Radius = 110.14545440673828
2021-08-24 06:44:58,143 - INFO - root - Decision Window: xRange = 386, 391,  yRange = 360, 332
2021-08-24 06:44:58,143 - INFO - root - Next Decision Window: xRange = 392, 397,  yRange = 342, 316
2021-08-24 06:44:58,143 - INFO - root - Distance = 15.132745950421556, direction = 1, Win# 2
2021-08-24 06:44:58,215 - DEBUG - bleak.backends.dotnet.client - Write Characteristic 6e400002-b5a3-f393-e0a9-e50e24dcca9e : bytearray(b'1,0')
2021-08-24 06:44:58,250 - INFO - root - x = 400, y = 348, Radius = 119.03791046142578
2021-08-24 06:44:58,251 - INFO - root - Decision Window: xRange = 386, 391,  yRange = 360, 332
2021-08-24 06:44:58,251 - INFO - root - Next Decision Window: xRange = 392, 397,  yRange = 342, 316
2021-08-24 06:44:58,251 - INFO - root - Distance = 19.924858845171276, direction = 1, Win# 2
2021-08-24 06:44:58,334 - DEBUG - bleak.backends.dotnet.client - Write Characteristic 6e400002-b5a3-f393-e0a9-e50e24dcca9e : bytearray(b'1,0')
2021-08-24 06:44:58,373 - INFO - root - x = 406, y = 347, Radius = 110.66287231445312
2021-08-24 06:44:58,374 - INFO - root - Decision Window: xRange = 386, 391,  yRange = 360, 332
2021-08-24 06:44:58,374 - INFO - root - Next Decision Window: xRange = 392, 397,  yRange = 342, 316
2021-08-24 06:44:58,374 - INFO - root - Distance = 21.633307652783937, direction = 1, Win# 2
2021-08-24 06:44:58,454 - DEBUG - bleak.backends.dotnet.client - Write Characteristic 6e400002-b5a3-f393-e0a9-e50e24dcca9e : bytearray(b'1,0')
2021-08-24 06:44:58,497 - INFO - root - x = 400, y = 316, Radius = 68.82051849365234
2021-08-24 06:44:58,497 - INFO - root - Decision Window: xRange = 386, 391,  yRange = 360, 332
2021-08-24 06:44:58,497 - INFO - root - Next Decision Window: xRange = 392, 397,  yRange = 342, 316
2021-08-24 06:44:58,498 - INFO - root - Distance = 14.317821063276353, direction = 3, Win# 2
2021-08-24 06:44:58,574 - DEBUG - bleak.backends.dotnet.client - Write Characteristic 6e400002-b5a3-f393-e0a9-e50e24dcca9e : bytearray(b'3,0')
2021-08-24 06:44:58,621 - INFO - root - x = 400, y = 313, Radius = 71.2075424194336
2021-08-24 06:44:58,621 - INFO - root - Decision Window: xRange = 386, 391,  yRange = 360, 332
2021-08-24 06:44:58,621 - INFO - root - Next Decision Window: xRange = 392, 397,  yRange = 342, 316
2021-08-24 06:44:58,622 - INFO - root - Distance = 17.08800749063506, direction = 3, Win# 2
2021-08-24 06:44:58,694 - DEBUG - bleak.backends.dotnet.client - Write Characteristic 6e400002-b5a3-f393-e0a9-e50e24dcca9e : bytearray(b'3,0')
2021-08-24 06:44:58,729 - INFO - root - x = 398, y = 312, Radius = 72.0479965209961
2021-08-24 06:44:58,729 - INFO - root - Decision Window: xRange = 386, 391,  yRange = 360, 332
2021-08-24 06:44:58,729 - INFO - root - Next Decision Window: xRange = 392, 397,  yRange = 342, 316
2021-08-24 06:44:58,729 - INFO - root - Distance = 17.46424919657298, direction = 3, Win# 2
2021-08-24 06:44:58,874 - DEBUG - bleak.backends.dotnet.client - Write Characteristic 6e400002-b5a3-f393-e0a9-e50e24dcca9e : bytearray(b'3,0')
2021-08-24 06:44:58,916 - INFO - root - x = 392, y = 336, Radius = 119.15231323242188
2021-08-24 06:44:58,916 - INFO - root - Decision Window: xRange = 392, 397,  yRange = 342, 316
2021-08-24 06:44:58,916 - INFO - root - Next Decision Window: xRange = 398, 404,  yRange = 329, 294
2021-08-24 06:44:58,916 - INFO - root - Distance = 0, direction = 1, Win# 3
2021-08-24 06:44:58,994 - DEBUG - bleak.backends.dotnet.client - Write Characteristic 6e400002-b5a3-f393-e0a9-e50e24dcca9e : bytearray(b'1,0')
2021-08-24 06:44:59,038 - INFO - root - x = 388, y = 333, Radius = 129.69204711914062
2021-08-24 06:44:59,039 - INFO - root - Decision Window: xRange = 392, 397,  yRange = 342, 316
2021-08-24 06:44:59,039 - INFO - root - Next Decision Window: xRange = 398, 404,  yRange = 329, 294
2021-08-24 06:44:59,039 - INFO - root - Distance = 25.553864678361276, direction = 1, Win# 3
2021-08-24 06:44:59,114 - DEBUG - bleak.backends.dotnet.client - Write Characteristic 6e400002-b5a3-f393-e0a9-e50e24dcca9e : bytearray(b'1,0')
2021-08-24 06:44:59,163 - INFO - root - x = 390, y = 329, Radius = 118.39034271240234
2021-08-24 06:44:59,163 - INFO - root - Decision Window: xRange = 392, 397,  yRange = 342, 316
2021-08-24 06:44:59,163 - INFO - root - Next Decision Window: xRange = 398, 404,  yRange = 329, 294
2021-08-24 06:44:59,163 - INFO - root - Distance = 21.095023109728988, direction = 1, Win# 3
2021-08-24 06:44:59,235 - DEBUG - bleak.backends.dotnet.client - Write Characteristic 6e400002-b5a3-f393-e0a9-e50e24dcca9e : bytearray(b'1,0')
2021-08-24 06:44:59,271 - INFO - root - x = 391, y = 330, Radius = 120.64662170410156
2021-08-24 06:44:59,271 - INFO - root - Decision Window: xRange = 392, 397,  yRange = 342, 316
2021-08-24 06:44:59,271 - INFO - root - Next Decision Window: xRange = 398, 404,  yRange = 329, 294
2021-08-24 06:44:59,271 - INFO - root - Distance = 21.470910553583888, direction = 1, Win# 3
2021-08-24 06:44:59,354 - DEBUG - bleak.backends.dotnet.client - Write Characteristic 6e400002-b5a3-f393-e0a9-e50e24dcca9e : bytearray(b'1,0')
2021-08-24 06:44:59,394 - INFO - root - x = 392, y = 327, Radius = 115.8492660522461
2021-08-24 06:44:59,395 - INFO - root - Decision Window: xRange = 392, 397,  yRange = 342, 316
2021-08-24 06:44:59,395 - INFO - root - Next Decision Window: xRange = 398, 404,  yRange = 329, 294
2021-08-24 06:44:59,395 - INFO - root - Distance = 18.35755975068582, direction = 1, Win# 3
2021-08-24 06:44:59,475 - DEBUG - bleak.backends.dotnet.client - Write Characteristic 6e400002-b5a3-f393-e0a9-e50e24dcca9e : bytearray(b'1,0')
2021-08-24 06:44:59,518 - INFO - root - x = 394, y = 330, Radius = 121.65637969970703
2021-08-24 06:44:59,519 - INFO - root - Decision Window: xRange = 392, 397,  yRange = 342, 316
2021-08-24 06:44:59,519 - INFO - root - Next Decision Window: xRange = 398, 404,  yRange = 329, 294
2021-08-24 06:44:59,519 - INFO - root - Distance = 20.248456731316587, direction = 1, Win# 3
2021-08-24 06:44:59,655 - DEBUG - bleak.backends.dotnet.client - Write Characteristic 6e400002-b5a3-f393-e0a9-e50e24dcca9e : bytearray(b'1,0')
2021-08-24 06:44:59,688 - INFO - root - x = 396, y = 330, Radius = 120.375732421875
2021-08-24 06:44:59,689 - INFO - root - Decision Window: xRange = 392, 397,  yRange = 342, 316
2021-08-24 06:44:59,689 - INFO - root - Next Decision Window: xRange = 398, 404,  yRange = 329, 294
2021-08-24 06:44:59,689 - INFO - root - Distance = 19.6468827043885, direction = 1, Win# 3
2021-08-24 06:44:59,774 - DEBUG - bleak.backends.dotnet.client - Write Characteristic 6e400002-b5a3-f393-e0a9-e50e24dcca9e : bytearray(b'1,0')
2021-08-24 06:44:59,813 - INFO - root - x = 392, y = 324, Radius = 118.87947082519531
2021-08-24 06:44:59,813 - INFO - root - Decision Window: xRange = 392, 397,  yRange = 342, 316
2021-08-24 06:44:59,813 - INFO - root - Next Decision Window: xRange = 398, 404,  yRange = 329, 294
2021-08-24 06:44:59,813 - INFO - root - Distance = 15.811388300841896, direction = 1, Win# 3
2021-08-24 06:44:59,894 - DEBUG - bleak.backends.dotnet.client - Write Characteristic 6e400002-b5a3-f393-e0a9-e50e24dcca9e : bytearray(b'1,0')
2021-08-24 06:44:59,935 - INFO - root - x = 391, y = 322, Radius = 124.88804626464844
2021-08-24 06:44:59,936 - INFO - root - Decision Window: xRange = 392, 397,  yRange = 342, 316
2021-08-24 06:44:59,936 - INFO - root - Next Decision Window: xRange = 398, 404,  yRange = 329, 294
2021-08-24 06:44:59,936 - INFO - root - Distance = 14.866068747318506, direction = 1, Win# 3
2021-08-24 06:45:00,014 - DEBUG - bleak.backends.dotnet.client - Write Characteristic 6e400002-b5a3-f393-e0a9-e50e24dcca9e : bytearray(b'1,0')
2021-08-24 06:45:00,059 - INFO - root - x = 390, y = 319, Radius = 123.75186920166016
2021-08-24 06:45:00,060 - INFO - root - Decision Window: xRange = 392, 397,  yRange = 342, 316
2021-08-24 06:45:00,060 - INFO - root - Next Decision Window: xRange = 398, 404,  yRange = 329, 294
2021-08-24 06:45:00,060 - INFO - root - Distance = 13.601470508735444, direction = 4, Win# 3
2021-08-24 06:45:00,135 - DEBUG - bleak.backends.dotnet.client - Write Characteristic 6e400002-b5a3-f393-e0a9-e50e24dcca9e : bytearray(b'4,0')
2021-08-24 06:45:00,168 - INFO - root - x = 389, y = 317, Radius = 127.38926696777344
2021-08-24 06:45:00,168 - INFO - root - Decision Window: xRange = 392, 397,  yRange = 342, 316
2021-08-24 06:45:00,168 - INFO - root - Next Decision Window: xRange = 398, 404,  yRange = 329, 294
2021-08-24 06:45:00,169 - INFO - root - Distance = 13.416407864998739, direction = 4, Win# 3
2021-08-24 06:45:00,255 - DEBUG - bleak.backends.dotnet.client - Write Characteristic 6e400002-b5a3-f393-e0a9-e50e24dcca9e : bytearray(b'4,0')
2021-08-24 06:45:00,306 - INFO - root - x = 378, y = 286, Radius = 76.15290832519531
2021-08-24 06:45:00,306 - INFO - root - Decision Window: xRange = 392, 397,  yRange = 342, 316
2021-08-24 06:45:00,306 - INFO - root - Next Decision Window: xRange = 398, 404,  yRange = 329, 294
2021-08-24 06:45:00,307 - INFO - root - Distance = 33.97057550292606, direction = 3, Win# 3
2021-08-24 06:45:00,375 - DEBUG - bleak.backends.dotnet.client - Write Characteristic 6e400002-b5a3-f393-e0a9-e50e24dcca9e : bytearray(b'3,0')
2021-08-24 06:45:00,414 - INFO - root - x = 392, y = 316, Radius = 121.24884796142578
2021-08-24 06:45:00,415 - INFO - root - Decision Window: xRange = 392, 397,  yRange = 342, 316
2021-08-24 06:45:00,415 - INFO - root - Next Decision Window: xRange = 398, 404,  yRange = 329, 294
2021-08-24 06:45:00,415 - INFO - root - Distance = 10.295630140987, direction = 4, Win# 3
2021-08-24 06:45:00,494 - DEBUG - bleak.backends.dotnet.client - Write Characteristic 6e400002-b5a3-f393-e0a9-e50e24dcca9e : bytearray(b'4,0')
2021-08-24 06:45:00,537 - INFO - root - x = 395, y = 312, Radius = 133.36895751953125
2021-08-24 06:45:00,538 - INFO - root - Decision Window: xRange = 392, 397,  yRange = 342, 316
2021-08-24 06:45:00,538 - INFO - root - Next Decision Window: xRange = 398, 404,  yRange = 329, 294
2021-08-24 06:45:00,538 - INFO - root - Distance = 6.082762530298219, direction = 4, Win# 3
2021-08-24 06:45:00,615 - DEBUG - bleak.backends.dotnet.client - Write Characteristic 6e400002-b5a3-f393-e0a9-e50e24dcca9e : bytearray(b'4,0')
2021-08-24 06:45:00,661 - INFO - root - x = 406, y = 321, Radius = 121.41777038574219
2021-08-24 06:45:00,661 - INFO - root - Decision Window: xRange = 392, 397,  yRange = 342, 316
2021-08-24 06:45:00,661 - INFO - root - Next Decision Window: xRange = 398, 404,  yRange = 329, 294
2021-08-24 06:45:00,661 - INFO - root - Distance = 11.180339887498949, direction = 1, Win# 3
2021-08-24 06:45:00,735 - DEBUG - bleak.backends.dotnet.client - Write Characteristic 6e400002-b5a3-f393-e0a9-e50e24dcca9e : bytearray(b'1,0')
2021-08-24 06:45:00,770 - INFO - root - x = 405, y = 317, Radius = 122.40618896484375
2021-08-24 06:45:00,770 - INFO - root - Decision Window: xRange = 392, 397,  yRange = 342, 316
2021-08-24 06:45:00,770 - INFO - root - Next Decision Window: xRange = 398, 404,  yRange = 329, 294
2021-08-24 06:45:00,770 - INFO - root - Distance = 7.211102550927978, direction = 1, Win# 3
2021-08-24 06:45:00,854 - DEBUG - bleak.backends.dotnet.client - Write Characteristic 6e400002-b5a3-f393-e0a9-e50e24dcca9e : bytearray(b'1,0')
2021-08-24 06:45:00,894 - INFO - root - x = 406, y = 312, Radius = 131.29461669921875
2021-08-24 06:45:00,894 - INFO - root - Decision Window: xRange = 392, 397,  yRange = 342, 316
2021-08-24 06:45:00,894 - INFO - root - Next Decision Window: xRange = 398, 404,  yRange = 329, 294
2021-08-24 06:45:00,894 - INFO - root - Distance = 5.0990195135927845, direction = 2, Win# 3
2021-08-24 06:45:00,975 - DEBUG - bleak.backends.dotnet.client - Write Characteristic 6e400002-b5a3-f393-e0a9-e50e24dcca9e : bytearray(b'2,0')
2021-08-24 06:45:01,017 - INFO - root - x = 408, y = 302, Radius = 102.59274291992188
2021-08-24 06:45:01,017 - INFO - root - Decision Window: xRange = 392, 397,  yRange = 342, 316
2021-08-24 06:45:01,017 - INFO - root - Next Decision Window: xRange = 398, 404,  yRange = 329, 294
2021-08-24 06:45:01,017 - INFO - root - Distance = 11.40175425099138, direction = 3, Win# 3
2021-08-24 06:45:01,095 - DEBUG - bleak.backends.dotnet.client - Write Characteristic 6e400002-b5a3-f393-e0a9-e50e24dcca9e : bytearray(b'3,0')
2021-08-24 06:45:01,140 - INFO - root - x = 408, y = 313, Radius = 133.17010498046875
2021-08-24 06:45:01,140 - INFO - root - Decision Window: xRange = 392, 397,  yRange = 342, 316
2021-08-24 06:45:01,140 - INFO - root - Next Decision Window: xRange = 398, 404,  yRange = 329, 294
2021-08-24 06:45:01,140 - INFO - root - Distance = 7.280109889280518, direction = 2, Win# 3
2021-08-24 06:45:01,214 - DEBUG - bleak.backends.dotnet.client - Write Characteristic 6e400002-b5a3-f393-e0a9-e50e24dcca9e : bytearray(b'2,0')
2021-08-24 06:45:01,248 - INFO - root - x = 399, y = 291, Radius = 95.42327117919922
2021-08-24 06:45:01,248 - INFO - root - Decision Window: xRange = 392, 397,  yRange = 342, 316
2021-08-24 06:45:01,248 - INFO - root - Next Decision Window: xRange = 398, 404,  yRange = 329, 294
2021-08-24 06:45:01,248 - INFO - root - Distance = 20.09975124224178, direction = 3, Win# 3
2021-08-24 06:45:01,334 - DEBUG - bleak.backends.dotnet.client - Write Characteristic 6e400002-b5a3-f393-e0a9-e50e24dcca9e : bytearray(b'3,0')
2021-08-24 06:45:01,370 - INFO - root - x = 408, y = 314, Radius = 114.56012725830078
2021-08-24 06:45:01,371 - INFO - root - Decision Window: xRange = 392, 397,  yRange = 342, 316
2021-08-24 06:45:01,371 - INFO - root - Next Decision Window: xRange = 398, 404,  yRange = 329, 294
2021-08-24 06:45:01,371 - INFO - root - Distance = 7.615773105863909, direction = 2, Win# 3
2021-08-24 06:45:01,454 - DEBUG - bleak.backends.dotnet.client - Write Characteristic 6e400002-b5a3-f393-e0a9-e50e24dcca9e : bytearray(b'2,0')
2021-08-24 06:45:01,494 - INFO - root - x = 408, y = 320, Radius = 117.16771697998047
2021-08-24 06:45:01,495 - INFO - root - Decision Window: xRange = 392, 397,  yRange = 342, 316
2021-08-24 06:45:01,495 - INFO - root - Next Decision Window: xRange = 398, 404,  yRange = 329, 294
2021-08-24 06:45:01,495 - INFO - root - Distance = 11.40175425099138, direction = 1, Win# 3
2021-08-24 06:45:01,575 - DEBUG - bleak.backends.dotnet.client - Write Characteristic 6e400002-b5a3-f393-e0a9-e50e24dcca9e : bytearray(b'1,0')
2021-08-24 06:45:01,618 - INFO - root - x = 408, y = 321, Radius = 116.47005462646484
2021-08-24 06:45:01,619 - INFO - root - Decision Window: xRange = 392, 397,  yRange = 342, 316
2021-08-24 06:45:01,619 - INFO - root - Next Decision Window: xRange = 398, 404,  yRange = 329, 294
2021-08-24 06:45:01,619 - INFO - root - Distance = 12.206555615733702, direction = 1, Win# 3
2021-08-24 06:45:01,694 - DEBUG - bleak.backends.dotnet.client - Write Characteristic 6e400002-b5a3-f393-e0a9-e50e24dcca9e : bytearray(b'1,0')
2021-08-24 06:45:01,727 - INFO - root - x = 408, y = 326, Radius = 119.02635955810547
2021-08-24 06:45:01,727 - INFO - root - Decision Window: xRange = 392, 397,  yRange = 342, 316
2021-08-24 06:45:01,727 - INFO - root - Next Decision Window: xRange = 398, 404,  yRange = 329, 294
2021-08-24 06:45:01,727 - INFO - root - Distance = 16.55294535724685, direction = 1, Win# 3
2021-08-24 06:45:01,814 - DEBUG - bleak.backends.dotnet.client - Write Characteristic 6e400002-b5a3-f393-e0a9-e50e24dcca9e : bytearray(b'1,0')
2021-08-24 06:45:01,851 - INFO - root - x = 409, y = 337, Radius = 112.85734558105469
2021-08-24 06:45:01,851 - INFO - root - Decision Window: xRange = 392, 397,  yRange = 342, 316
2021-08-24 06:45:01,851 - INFO - root - Next Decision Window: xRange = 398, 404,  yRange = 329, 294
2021-08-24 06:45:01,851 - INFO - root - Distance = 27.202941017470888, direction = 1, Win# 3
2021-08-24 06:45:01,935 - DEBUG - bleak.backends.dotnet.client - Write Characteristic 6e400002-b5a3-f393-e0a9-e50e24dcca9e : bytearray(b'1,0')
2021-08-24 06:45:01,975 - INFO - root - x = 411, y = 353, Radius = 94.97640991210938
2021-08-24 06:45:01,975 - INFO - root - Decision Window: xRange = 392, 397,  yRange = 342, 316
2021-08-24 06:45:01,975 - INFO - root - Next Decision Window: xRange = 398, 404,  yRange = 329, 294
2021-08-24 06:45:01,975 - INFO - root - Distance = 43.174066289845804, direction = 1, Win# 3
2021-08-24 06:45:02,055 - DEBUG - bleak.backends.dotnet.client - Write Characteristic 6e400002-b5a3-f393-e0a9-e50e24dcca9e : bytearray(b'1,0')
2021-08-24 06:45:02,097 - INFO - root - x = 464, y = 385, Radius = 89.65798950195312
2021-08-24 06:45:02,097 - INFO - root - Decision Window: xRange = 392, 397,  yRange = 342, 316
2021-08-24 06:45:02,097 - INFO - root - Next Decision Window: xRange = 398, 404,  yRange = 329, 294
2021-08-24 06:45:02,097 - INFO - root - Distance = 97.18538984847466, direction = 1, Win# 3
2021-08-24 06:45:02,175 - DEBUG - bleak.backends.dotnet.client - Write Characteristic 6e400002-b5a3-f393-e0a9-e50e24dcca9e : bytearray(b'1,1')
2021-08-24 06:45:02,221 - INFO - root - x = 480, y = 405, Radius = 89.46414947509766
2021-08-24 06:45:02,221 - INFO - root - Decision Window: xRange = 392, 397,  yRange = 342, 316
2021-08-24 06:45:02,221 - INFO - root - Next Decision Window: xRange = 398, 404,  yRange = 329, 294
2021-08-24 06:45:02,221 - INFO - root - Distance = 122.78843593759146, direction = 1, Win# 3
2021-08-24 06:45:02,294 - DEBUG - bleak.backends.dotnet.client - Write Characteristic 6e400002-b5a3-f393-e0a9-e50e24dcca9e : bytearray(b'1,2')
2021-08-24 06:45:02,329 - INFO - root - x = 420, y = 415, Radius = 73.3656234741211
2021-08-24 06:45:02,330 - INFO - root - Decision Window: xRange = 392, 397,  yRange = 342, 316
2021-08-24 06:45:02,330 - INFO - root - Next Decision Window: xRange = 398, 404,  yRange = 329, 294
2021-08-24 06:45:02,330 - INFO - root - Distance = 105.72133181151285, direction = 1, Win# 3
2021-08-24 06:45:02,415 - DEBUG - bleak.backends.dotnet.client - Write Characteristic 6e400002-b5a3-f393-e0a9-e50e24dcca9e : bytearray(b'1,2')
2021-08-24 06:45:02,453 - INFO - root - x = 369, y = 400, Radius = 93.9748306274414
2021-08-24 06:45:02,454 - INFO - root - Decision Window: xRange = 392, 397,  yRange = 342, 316
2021-08-24 06:45:02,454 - INFO - root - Next Decision Window: xRange = 398, 404,  yRange = 329, 294
2021-08-24 06:45:02,454 - INFO - root - Distance = 94.57801012920498, direction = 1, Win# 3
2021-08-24 06:45:02,535 - DEBUG - bleak.backends.dotnet.client - Write Characteristic 6e400002-b5a3-f393-e0a9-e50e24dcca9e : bytearray(b'1,1')
2021-08-24 06:45:02,577 - INFO - root - x = 407, y = 376, Radius = 99.82494354248047
2021-08-24 06:45:02,577 - INFO - root - Decision Window: xRange = 392, 397,  yRange = 342, 316
2021-08-24 06:45:02,577 - INFO - root - Next Decision Window: xRange = 398, 404,  yRange = 329, 294
2021-08-24 06:45:02,577 - INFO - root - Distance = 65.27633568147036, direction = 1, Win# 3
2021-08-24 06:45:02,655 - DEBUG - bleak.backends.dotnet.client - Write Characteristic 6e400002-b5a3-f393-e0a9-e50e24dcca9e : bytearray(b'1,1')
2021-08-24 06:45:02,701 - INFO - root - x = 416, y = 362, Radius = 98.16450500488281
2021-08-24 06:45:02,701 - INFO - root - Decision Window: xRange = 392, 397,  yRange = 342, 316
2021-08-24 06:45:02,701 - INFO - root - Next Decision Window: xRange = 398, 404,  yRange = 329, 294
2021-08-24 06:45:02,701 - INFO - root - Distance = 53.16013544000805, direction = 1, Win# 3
2021-08-24 06:45:02,775 - DEBUG - bleak.backends.dotnet.client - Write Characteristic 6e400002-b5a3-f393-e0a9-e50e24dcca9e : bytearray(b'1,1')
2021-08-24 06:45:02,808 - INFO - root - x = 402, y = 344, Radius = 105.26168060302734
2021-08-24 06:45:02,809 - INFO - root - Decision Window: xRange = 392, 397,  yRange = 342, 316
2021-08-24 06:45:02,809 - INFO - root - Next Decision Window: xRange = 398, 404,  yRange = 329, 294
2021-08-24 06:45:02,809 - INFO - root - Distance = 33.015148038438355, direction = 1, Win# 3
2021-08-24 06:45:02,955 - DEBUG - bleak.backends.dotnet.client - Write Characteristic 6e400002-b5a3-f393-e0a9-e50e24dcca9e : bytearray(b'1,0')
2021-08-24 06:45:02,994 - INFO - root - x = 386, y = 321, Radius = 121.04967498779297
2021-08-24 06:45:02,994 - INFO - root - Decision Window: xRange = 392, 397,  yRange = 342, 316
2021-08-24 06:45:02,994 - INFO - root - Next Decision Window: xRange = 398, 404,  yRange = 329, 294
2021-08-24 06:45:02,994 - INFO - root - Distance = 18.027756377319946, direction = 4, Win# 3
2021-08-24 06:45:03,075 - DEBUG - bleak.backends.dotnet.client - Write Characteristic 6e400002-b5a3-f393-e0a9-e50e24dcca9e : bytearray(b'4,0')
2021-08-24 06:45:03,117 - INFO - root - x = 384, y = 314, Radius = 123.42245483398438
2021-08-24 06:45:03,118 - INFO - root - Decision Window: xRange = 392, 397,  yRange = 342, 316
2021-08-24 06:45:03,118 - INFO - root - Next Decision Window: xRange = 398, 404,  yRange = 329, 294
2021-08-24 06:45:03,118 - INFO - root - Distance = 17.26267650163207, direction = 4, Win# 3
2021-08-24 06:45:03,195 - DEBUG - bleak.backends.dotnet.client - Write Characteristic 6e400002-b5a3-f393-e0a9-e50e24dcca9e : bytearray(b'4,0')
2021-08-24 06:45:03,240 - INFO - root - x = 380, y = 299, Radius = 118.60758972167969
2021-08-24 06:45:03,241 - INFO - root - Decision Window: xRange = 392, 397,  yRange = 342, 316
2021-08-24 06:45:03,241 - INFO - root - Next Decision Window: xRange = 398, 404,  yRange = 329, 294
2021-08-24 06:45:03,241 - INFO - root - Distance = 24.186773244895647, direction = 4, Win# 3
2021-08-24 06:45:03,314 - DEBUG - bleak.backends.dotnet.client - Write Characteristic 6e400002-b5a3-f393-e0a9-e50e24dcca9e : bytearray(b'4,0')
2021-08-24 06:45:03,349 - INFO - root - x = 369, y = 284, Radius = 98.11561584472656
2021-08-24 06:45:03,349 - INFO - root - Decision Window: xRange = 392, 397,  yRange = 342, 316
2021-08-24 06:45:03,349 - INFO - root - Next Decision Window: xRange = 398, 404,  yRange = 329, 294
2021-08-24 06:45:03,349 - INFO - root - Distance = 41.86884283091664, direction = 4, Win# 3
2021-08-24 06:45:03,434 - DEBUG - bleak.backends.dotnet.client - Write Characteristic 6e400002-b5a3-f393-e0a9-e50e24dcca9e : bytearray(b'4,0')
2021-08-24 06:45:03,474 - INFO - root - x = 376, y = 290, Radius = 100.66290283203125
2021-08-24 06:45:03,474 - INFO - root - Decision Window: xRange = 392, 397,  yRange = 342, 316
2021-08-24 06:45:03,474 - INFO - root - Next Decision Window: xRange = 398, 404,  yRange = 329, 294
2021-08-24 06:45:03,474 - INFO - root - Distance = 32.64965543462902, direction = 4, Win# 3
2021-08-24 06:45:03,555 - DEBUG - bleak.backends.dotnet.client - Write Characteristic 6e400002-b5a3-f393-e0a9-e50e24dcca9e : bytearray(b'4,0')
2021-08-24 06:45:03,596 - INFO - root - x = 378, y = 291, Radius = 121.94488525390625
2021-08-24 06:45:03,596 - INFO - root - Decision Window: xRange = 392, 397,  yRange = 342, 316
2021-08-24 06:45:03,597 - INFO - root - Next Decision Window: xRange = 398, 404,  yRange = 329, 294
2021-08-24 06:45:03,597 - INFO - root - Distance = 30.479501308256342, direction = 4, Win# 3
2021-08-24 06:45:03,674 - DEBUG - bleak.backends.dotnet.client - Write Characteristic 6e400002-b5a3-f393-e0a9-e50e24dcca9e : bytearray(b'4,0')
2021-08-24 06:45:03,720 - INFO - root - x = 380, y = 284, Radius = 98.07406616210938
2021-08-24 06:45:03,720 - INFO - root - Decision Window: xRange = 392, 397,  yRange = 342, 316
2021-08-24 06:45:03,720 - INFO - root - Next Decision Window: xRange = 398, 404,  yRange = 329, 294
2021-08-24 06:45:03,720 - INFO - root - Distance = 34.20526275297414, direction = 3, Win# 3
2021-08-24 06:45:03,795 - DEBUG - bleak.backends.dotnet.client - Write Characteristic 6e400002-b5a3-f393-e0a9-e50e24dcca9e : bytearray(b'3,0')
2021-08-24 06:45:03,843 - INFO - root - x = 386, y = 296, Radius = 117.7055892944336
2021-08-24 06:45:03,843 - INFO - root - Decision Window: xRange = 392, 397,  yRange = 342, 316
2021-08-24 06:45:03,843 - INFO - root - Next Decision Window: xRange = 398, 404,  yRange = 329, 294
2021-08-24 06:45:03,843 - INFO - root - Distance = 21.213203435596427, direction = 3, Win# 3
2021-08-24 06:45:03,915 - DEBUG - bleak.backends.dotnet.client - Write Characteristic 6e400002-b5a3-f393-e0a9-e50e24dcca9e : bytearray(b'3,0')
2021-08-24 06:45:03,951 - INFO - root - x = 387, y = 299, Radius = 116.9132308959961
2021-08-24 06:45:03,951 - INFO - root - Decision Window: xRange = 392, 397,  yRange = 342, 316
2021-08-24 06:45:03,951 - INFO - root - Next Decision Window: xRange = 398, 404,  yRange = 329, 294
2021-08-24 06:45:03,951 - INFO - root - Distance = 18.439088914585774, direction = 4, Win# 3
2021-08-24 06:45:04,035 - DEBUG - bleak.backends.dotnet.client - Write Characteristic 6e400002-b5a3-f393-e0a9-e50e24dcca9e : bytearray(b'4,0')
2021-08-24 06:45:04,075 - INFO - root - x = 387, y = 292, Radius = 94.88028717041016
2021-08-24 06:45:04,075 - INFO - root - Decision Window: xRange = 392, 397,  yRange = 342, 316
2021-08-24 06:45:04,075 - INFO - root - Next Decision Window: xRange = 398, 404,  yRange = 329, 294
2021-08-24 06:45:04,075 - INFO - root - Distance = 23.600847442411894, direction = 3, Win# 3
2021-08-24 06:45:04,154 - DEBUG - bleak.backends.dotnet.client - Write Characteristic 6e400002-b5a3-f393-e0a9-e50e24dcca9e : bytearray(b'3,0')
2021-08-24 06:45:04,198 - INFO - root - x = 395, y = 304, Radius = 115.95795440673828
2021-08-24 06:45:04,199 - INFO - root - Decision Window: xRange = 392, 397,  yRange = 342, 316
2021-08-24 06:45:04,199 - INFO - root - Next Decision Window: xRange = 398, 404,  yRange = 329, 294
2021-08-24 06:45:04,199 - INFO - root - Distance = 9.219544457292887, direction = 3, Win# 3
2021-08-24 06:45:04,274 - DEBUG - bleak.backends.dotnet.client - Write Characteristic 6e400002-b5a3-f393-e0a9-e50e24dcca9e : bytearray(b'3,0')
2021-08-24 06:45:04,324 - INFO - root - x = 399, y = 303, Radius = 110.59632110595703
2021-08-24 06:45:04,324 - INFO - root - Decision Window: xRange = 398, 404,  yRange = 329, 294
2021-08-24 06:45:04,324 - INFO - root - Next Decision Window: xRange = 405, 412,  yRange = 312, 275
2021-08-24 06:45:04,324 - INFO - root - Distance = 0, direction = 3, Win# 4
2021-08-24 06:45:04,395 - DEBUG - bleak.backends.dotnet.client - Write Characteristic 6e400002-b5a3-f393-e0a9-e50e24dcca9e : bytearray(b'3,0')
2021-08-24 06:45:04,431 - INFO - root - x = 405, y = 304, Radius = 116.36048126220703
2021-08-24 06:45:04,431 - INFO - root - Decision Window: xRange = 405, 412,  yRange = 312, 275
2021-08-24 06:45:04,432 - INFO - root - Next Decision Window: xRange = 413, 419,  yRange = 296, 251
2021-08-24 06:45:04,432 - INFO - root - Distance = 0, direction = 1, Win# 5
2021-08-24 06:45:04,515 - DEBUG - bleak.backends.dotnet.client - Write Characteristic 6e400002-b5a3-f393-e0a9-e50e24dcca9e : bytearray(b'1,0')
2021-08-24 06:45:04,553 - INFO - root - x = 408, y = 304, Radius = 119.7712631225586
2021-08-24 06:45:04,553 - INFO - root - Decision Window: xRange = 405, 412,  yRange = 312, 275
2021-08-24 06:45:04,553 - INFO - root - Next Decision Window: xRange = 413, 419,  yRange = 296, 251
2021-08-24 06:45:04,554 - INFO - root - Distance = 0, direction = 1, Win# 5
2021-08-24 06:45:04,634 - DEBUG - bleak.backends.dotnet.client - Write Characteristic 6e400002-b5a3-f393-e0a9-e50e24dcca9e : bytearray(b'1,0')
2021-08-24 06:45:04,645 - DEBUG - bleak.backends.dotnet.client - Disconnecting from BLE device...
2021-08-24 06:45:07,755 - DEBUG - bleak.backends.dotnet.client - _ConnectionStatusChanged_Handler: 0
