2021-08-24 06:24:22,036 - INFO - root - 


2021-08-24 06:24:22,036 - INFO - root - PROGRAM BEGINS
2021-08-24 06:24:25,749 - INFO - root - Image: circle_image_Excel.xlsx
2021-08-24 06:24:26,647 - DEBUG - asyncio - Using proactor: IocpProactor
2021-08-24 06:24:26,773 - DEBUG - bleak.backends.dotnet.scanner - Received 3F:4D:6C:C6:F2:5D: Unknown.
2021-08-24 06:24:26,873 - DEBUG - bleak.backends.dotnet.scanner - Received 38:68:A4:0D:FE:EB: Unknown.
2021-08-24 06:24:26,894 - DEBUG - bleak.backends.dotnet.scanner - Received 7C:9E:BD:EE:7A:82: Haptic Sleeve ML.
2021-08-24 06:24:26,895 - DEBUG - bleak.backends.dotnet.scanner - Received 7C:9E:BD:EE:7A:82: Unknown.
2021-08-24 06:24:26,895 - DEBUG - bleak.backends.dotnet.scanner - 3 devices found. Watcher status: 3.
2021-08-24 06:24:26,896 - DEBUG - bleak.backends.dotnet.client - Connecting to BLE device @ 7c:9e:bd:ee:7a:82
2021-08-24 06:24:29,928 - DEBUG - bleak.backends.dotnet.client - _ConnectionStatusChanged_Handler: 1
2021-08-24 06:24:29,928 - DEBUG - bleak.backends.dotnet.client - Get Services...
2021-08-24 06:24:29,984 - INFO - bleak.backends.dotnet.client - Services resolved for BleakClientDotNet (7c:9e:bd:ee:7a:82)
2021-08-24 06:24:35,082 - INFO - root - x = 399, y = 120, Radius = 58.77296829223633
2021-08-24 06:24:35,082 - INFO - root - Decision Window: xRange = 387, 411,  yRange = 149, 100
2021-08-24 06:24:35,082 - INFO - root - Next Decision Window: xRange = 369, 386,  yRange = 149, 106
2021-08-24 06:24:35,082 - INFO - root - Distance = 23.08679276123039, direction = 2, Win# 0
2021-08-24 06:24:35,221 - DEBUG - bleak.backends.dotnet.client - Write Characteristic 6e400002-b5a3-f393-e0a9-e50e24dcca9e : bytearray(b'2,0')
2021-08-24 06:24:35,259 - INFO - root - x = 403, y = 125, Radius = 60.46703338623047
2021-08-24 06:24:35,259 - INFO - root - Decision Window: xRange = 387, 411,  yRange = 149, 100
2021-08-24 06:24:35,259 - INFO - root - Next Decision Window: xRange = 369, 386,  yRange = 149, 106
2021-08-24 06:24:35,260 - INFO - root - Distance = 26.076809620810597, direction = 2, Win# 0
2021-08-24 06:24:35,340 - DEBUG - bleak.backends.dotnet.client - Write Characteristic 6e400002-b5a3-f393-e0a9-e50e24dcca9e : bytearray(b'2,0')
2021-08-24 06:24:35,383 - INFO - root - x = 402, y = 127, Radius = 58.77296829223633
2021-08-24 06:24:35,383 - INFO - root - Decision Window: xRange = 387, 411,  yRange = 149, 100
2021-08-24 06:24:35,383 - INFO - root - Next Decision Window: xRange = 369, 386,  yRange = 149, 106
2021-08-24 06:24:35,383 - INFO - root - Distance = 25.0, direction = 2, Win# 0
2021-08-24 06:24:35,640 - DEBUG - bleak.backends.dotnet.client - Write Characteristic 6e400002-b5a3-f393-e0a9-e50e24dcca9e : bytearray(b'2,0')
2021-08-24 06:24:35,678 - INFO - root - x = 397, y = 125, Radius = 55.6103515625
2021-08-24 06:24:35,678 - INFO - root - Decision Window: xRange = 387, 411,  yRange = 149, 100
2021-08-24 06:24:35,678 - INFO - root - Next Decision Window: xRange = 369, 386,  yRange = 149, 106
2021-08-24 06:24:35,678 - INFO - root - Distance = 20.09975124224178, direction = 2, Win# 0
2021-08-24 06:24:35,820 - DEBUG - bleak.backends.dotnet.client - Write Characteristic 6e400002-b5a3-f393-e0a9-e50e24dcca9e : bytearray(b'2,0')
2021-08-24 06:24:35,847 - INFO - root - x = 395, y = 132, Radius = 69.25686645507812
2021-08-24 06:24:35,847 - INFO - root - Decision Window: xRange = 387, 411,  yRange = 149, 100
2021-08-24 06:24:35,847 - INFO - root - Next Decision Window: xRange = 369, 386,  yRange = 149, 106
2021-08-24 06:24:35,847 - INFO - root - Distance = 18.681541692269406, direction = 2, Win# 0
2021-08-24 06:24:36,060 - DEBUG - bleak.backends.dotnet.client - Write Characteristic 6e400002-b5a3-f393-e0a9-e50e24dcca9e : bytearray(b'2,0')
2021-08-24 06:24:36,094 - INFO - root - x = 396, y = 127, Radius = 54.45191192626953
2021-08-24 06:24:36,094 - INFO - root - Decision Window: xRange = 387, 411,  yRange = 149, 100
2021-08-24 06:24:36,094 - INFO - root - Next Decision Window: xRange = 369, 386,  yRange = 149, 106
2021-08-24 06:24:36,094 - INFO - root - Distance = 19.0, direction = 2, Win# 0
2021-08-24 06:24:36,300 - DEBUG - bleak.backends.dotnet.client - Write Characteristic 6e400002-b5a3-f393-e0a9-e50e24dcca9e : bytearray(b'2,0')
2021-08-24 06:24:36,341 - INFO - root - x = 396, y = 129, Radius = 60.11041259765625
2021-08-24 06:24:36,342 - INFO - root - Decision Window: xRange = 387, 411,  yRange = 149, 100
2021-08-24 06:24:36,342 - INFO - root - Next Decision Window: xRange = 369, 386,  yRange = 149, 106
2021-08-24 06:24:36,342 - INFO - root - Distance = 19.1049731745428, direction = 2, Win# 0
2021-08-24 06:24:36,540 - DEBUG - bleak.backends.dotnet.client - Write Characteristic 6e400002-b5a3-f393-e0a9-e50e24dcca9e : bytearray(b'2,0')
2021-08-24 06:24:36,589 - INFO - root - x = 397, y = 129, Radius = 60.11041259765625
2021-08-24 06:24:36,589 - INFO - root - Decision Window: xRange = 387, 411,  yRange = 149, 100
2021-08-24 06:24:36,589 - INFO - root - Next Decision Window: xRange = 369, 386,  yRange = 149, 106
2021-08-24 06:24:36,589 - INFO - root - Distance = 20.09975124224178, direction = 2, Win# 0
2021-08-24 06:24:36,780 - DEBUG - bleak.backends.dotnet.client - Write Characteristic 6e400002-b5a3-f393-e0a9-e50e24dcca9e : bytearray(b'2,0')
2021-08-24 06:24:36,821 - INFO - root - x = 398, y = 129, Radius = 58.54281997680664
2021-08-24 06:24:36,821 - INFO - root - Decision Window: xRange = 387, 411,  yRange = 149, 100
2021-08-24 06:24:36,821 - INFO - root - Next Decision Window: xRange = 369, 386,  yRange = 149, 106
2021-08-24 06:24:36,822 - INFO - root - Distance = 21.095023109728988, direction = 2, Win# 0
2021-08-24 06:24:36,900 - DEBUG - bleak.backends.dotnet.client - Write Characteristic 6e400002-b5a3-f393-e0a9-e50e24dcca9e : bytearray(b'2,0')
2021-08-24 06:24:36,944 - INFO - root - x = 397, y = 127, Radius = 55.2744140625
2021-08-24 06:24:36,944 - INFO - root - Decision Window: xRange = 387, 411,  yRange = 149, 100
2021-08-24 06:24:36,944 - INFO - root - Next Decision Window: xRange = 369, 386,  yRange = 149, 106
2021-08-24 06:24:36,945 - INFO - root - Distance = 20.0, direction = 2, Win# 0
2021-08-24 06:24:37,020 - DEBUG - bleak.backends.dotnet.client - Write Characteristic 6e400002-b5a3-f393-e0a9-e50e24dcca9e : bytearray(b'2,0')
2021-08-24 06:24:37,068 - INFO - root - x = 397, y = 128, Radius = 61.16585922241211
2021-08-24 06:24:37,068 - INFO - root - Decision Window: xRange = 387, 411,  yRange = 149, 100
2021-08-24 06:24:37,068 - INFO - root - Next Decision Window: xRange = 369, 386,  yRange = 149, 106
2021-08-24 06:24:37,068 - INFO - root - Distance = 20.024984394500787, direction = 2, Win# 0
2021-08-24 06:24:37,200 - DEBUG - bleak.backends.dotnet.client - Write Characteristic 6e400002-b5a3-f393-e0a9-e50e24dcca9e : bytearray(b'2,0')
2021-08-24 06:24:37,237 - INFO - root - x = 394, y = 126, Radius = 53.89351272583008
2021-08-24 06:24:37,238 - INFO - root - Decision Window: xRange = 387, 411,  yRange = 149, 100
2021-08-24 06:24:37,238 - INFO - root - Next Decision Window: xRange = 369, 386,  yRange = 149, 106
2021-08-24 06:24:37,238 - INFO - root - Distance = 17.029386365926403, direction = 2, Win# 0
2021-08-24 06:24:37,380 - DEBUG - bleak.backends.dotnet.client - Write Characteristic 6e400002-b5a3-f393-e0a9-e50e24dcca9e : bytearray(b'2,0')
2021-08-24 06:24:37,423 - INFO - root - x = 392, y = 123, Radius = 51.99383544921875
2021-08-24 06:24:37,424 - INFO - root - Decision Window: xRange = 387, 411,  yRange = 149, 100
2021-08-24 06:24:37,424 - INFO - root - Next Decision Window: xRange = 369, 386,  yRange = 149, 106
2021-08-24 06:24:37,424 - INFO - root - Distance = 15.524174696260024, direction = 2, Win# 0
2021-08-24 06:24:37,680 - DEBUG - bleak.backends.dotnet.client - Write Characteristic 6e400002-b5a3-f393-e0a9-e50e24dcca9e : bytearray(b'2,0')
2021-08-24 06:24:37,717 - INFO - root - x = 392, y = 122, Radius = 56.1472282409668
2021-08-24 06:24:37,718 - INFO - root - Decision Window: xRange = 387, 411,  yRange = 149, 100
2021-08-24 06:24:37,718 - INFO - root - Next Decision Window: xRange = 369, 386,  yRange = 149, 106
2021-08-24 06:24:37,718 - INFO - root - Distance = 15.811388300841896, direction = 2, Win# 0
2021-08-24 06:24:37,800 - DEBUG - bleak.backends.dotnet.client - Write Characteristic 6e400002-b5a3-f393-e0a9-e50e24dcca9e : bytearray(b'2,0')
2021-08-24 06:24:37,840 - INFO - root - x = 392, y = 120, Radius = 55.72486877441406
2021-08-24 06:24:37,841 - INFO - root - Decision Window: xRange = 387, 411,  yRange = 149, 100
2021-08-24 06:24:37,841 - INFO - root - Next Decision Window: xRange = 369, 386,  yRange = 149, 106
2021-08-24 06:24:37,841 - INFO - root - Distance = 16.55294535724685, direction = 2, Win# 0
2021-08-24 06:24:37,920 - DEBUG - bleak.backends.dotnet.client - Write Characteristic 6e400002-b5a3-f393-e0a9-e50e24dcca9e : bytearray(b'2,0')
2021-08-24 06:24:37,964 - INFO - root - x = 392, y = 122, Radius = 57.031410217285156
2021-08-24 06:24:37,964 - INFO - root - Decision Window: xRange = 387, 411,  yRange = 149, 100
2021-08-24 06:24:37,964 - INFO - root - Next Decision Window: xRange = 369, 386,  yRange = 149, 106
2021-08-24 06:24:37,964 - INFO - root - Distance = 15.811388300841896, direction = 2, Win# 0
2021-08-24 06:24:38,040 - DEBUG - bleak.backends.dotnet.client - Write Characteristic 6e400002-b5a3-f393-e0a9-e50e24dcca9e : bytearray(b'2,0')
2021-08-24 06:24:38,088 - INFO - root - x = 390, y = 123, Radius = 57.53487014770508
2021-08-24 06:24:38,088 - INFO - root - Decision Window: xRange = 387, 411,  yRange = 149, 100
2021-08-24 06:24:38,088 - INFO - root - Next Decision Window: xRange = 369, 386,  yRange = 149, 106
2021-08-24 06:24:38,088 - INFO - root - Distance = 13.601470508735444, direction = 2, Win# 0
2021-08-24 06:24:38,160 - DEBUG - bleak.backends.dotnet.client - Write Characteristic 6e400002-b5a3-f393-e0a9-e50e24dcca9e : bytearray(b'2,0')
2021-08-24 06:24:38,217 - INFO - root - x = 384, y = 124, Radius = 57.554420471191406
2021-08-24 06:24:38,217 - INFO - root - Decision Window: xRange = 369, 386,  yRange = 149, 106
2021-08-24 06:24:38,217 - INFO - root - Next Decision Window: xRange = 349, 368,  yRange = 147, 123
2021-08-24 06:24:38,217 - INFO - root - Distance = 0, direction = 2, Win# 1
2021-08-24 06:24:38,280 - DEBUG - bleak.backends.dotnet.client - Write Characteristic 6e400002-b5a3-f393-e0a9-e50e24dcca9e : bytearray(b'2,0')
2021-08-24 06:24:38,320 - INFO - root - x = 384, y = 125, Radius = 60.10209655761719
2021-08-24 06:24:38,320 - INFO - root - Decision Window: xRange = 369, 386,  yRange = 149, 106
2021-08-24 06:24:38,320 - INFO - root - Next Decision Window: xRange = 349, 368,  yRange = 147, 123
2021-08-24 06:24:38,320 - INFO - root - Distance = 27.85677655436824, direction = 2, Win# 1
2021-08-24 06:24:38,400 - DEBUG - bleak.backends.dotnet.client - Write Characteristic 6e400002-b5a3-f393-e0a9-e50e24dcca9e : bytearray(b'2,0')
2021-08-24 06:24:38,444 - INFO - root - x = 382, y = 125, Radius = 57.21897888183594
2021-08-24 06:24:38,444 - INFO - root - Decision Window: xRange = 369, 386,  yRange = 149, 106
2021-08-24 06:24:38,444 - INFO - root - Next Decision Window: xRange = 349, 368,  yRange = 147, 123
2021-08-24 06:24:38,444 - INFO - root - Distance = 26.0, direction = 2, Win# 1
2021-08-24 06:24:38,640 - DEBUG - bleak.backends.dotnet.client - Write Characteristic 6e400002-b5a3-f393-e0a9-e50e24dcca9e : bytearray(b'2,0')
2021-08-24 06:24:38,675 - INFO - root - x = 379, y = 128, Radius = 56.872764587402344
2021-08-24 06:24:38,675 - INFO - root - Decision Window: xRange = 369, 386,  yRange = 149, 106
2021-08-24 06:24:38,675 - INFO - root - Next Decision Window: xRange = 349, 368,  yRange = 147, 123
2021-08-24 06:24:38,676 - INFO - root - Distance = 22.135943621178654, direction = 2, Win# 1
2021-08-24 06:24:38,820 - DEBUG - bleak.backends.dotnet.client - Write Characteristic 6e400002-b5a3-f393-e0a9-e50e24dcca9e : bytearray(b'2,0')
2021-08-24 06:24:38,860 - INFO - root - x = 371, y = 127, Radius = 53.082279205322266
2021-08-24 06:24:38,861 - INFO - root - Decision Window: xRange = 369, 386,  yRange = 149, 106
2021-08-24 06:24:38,861 - INFO - root - Next Decision Window: xRange = 349, 368,  yRange = 147, 123
2021-08-24 06:24:38,861 - INFO - root - Distance = 15.264337522473747, direction = 2, Win# 1
2021-08-24 06:24:39,000 - DEBUG - bleak.backends.dotnet.client - Write Characteristic 6e400002-b5a3-f393-e0a9-e50e24dcca9e : bytearray(b'2,0')
2021-08-24 06:24:39,050 - INFO - root - x = 367, y = 128, Radius = 56.67906188964844
2021-08-24 06:24:39,050 - INFO - root - Decision Window: xRange = 349, 368,  yRange = 147, 123
2021-08-24 06:24:39,050 - INFO - root - Next Decision Window: xRange = 330, 348,  yRange = 152, 129
2021-08-24 06:24:39,050 - INFO - root - Distance = 0, direction = 2, Win# 2
2021-08-24 06:24:39,180 - DEBUG - bleak.backends.dotnet.client - Write Characteristic 6e400002-b5a3-f393-e0a9-e50e24dcca9e : bytearray(b'2,0')
2021-08-24 06:24:39,216 - INFO - root - x = 365, y = 127, Radius = 55.55637741088867
2021-08-24 06:24:39,216 - INFO - root - Decision Window: xRange = 349, 368,  yRange = 147, 123
2021-08-24 06:24:39,216 - INFO - root - Next Decision Window: xRange = 330, 348,  yRange = 152, 129
2021-08-24 06:24:39,216 - INFO - root - Distance = 29.068883707497267, direction = 2, Win# 2
2021-08-24 06:24:39,360 - DEBUG - bleak.backends.dotnet.client - Write Characteristic 6e400002-b5a3-f393-e0a9-e50e24dcca9e : bytearray(b'2,0')
2021-08-24 06:24:39,400 - INFO - root - x = 365, y = 127, Radius = 52.715824127197266
2021-08-24 06:24:39,401 - INFO - root - Decision Window: xRange = 349, 368,  yRange = 147, 123
2021-08-24 06:24:39,401 - INFO - root - Next Decision Window: xRange = 330, 348,  yRange = 152, 129
2021-08-24 06:24:39,401 - INFO - root - Distance = 29.068883707497267, direction = 2, Win# 2
2021-08-24 06:24:39,480 - DEBUG - bleak.backends.dotnet.client - Write Characteristic 6e400002-b5a3-f393-e0a9-e50e24dcca9e : bytearray(b'2,0')
2021-08-24 06:24:39,524 - INFO - root - x = 366, y = 126, Radius = 54.05793762207031
2021-08-24 06:24:39,524 - INFO - root - Decision Window: xRange = 349, 368,  yRange = 147, 123
2021-08-24 06:24:39,524 - INFO - root - Next Decision Window: xRange = 330, 348,  yRange = 152, 129
2021-08-24 06:24:39,524 - INFO - root - Distance = 30.4138126514911, direction = 2, Win# 2
2021-08-24 06:24:39,720 - DEBUG - bleak.backends.dotnet.client - Write Characteristic 6e400002-b5a3-f393-e0a9-e50e24dcca9e : bytearray(b'2,0')
2021-08-24 06:24:39,756 - INFO - root - x = 369, y = 127, Radius = 54.18959426879883
2021-08-24 06:24:39,756 - INFO - root - Decision Window: xRange = 349, 368,  yRange = 147, 123
2021-08-24 06:24:39,756 - INFO - root - Next Decision Window: xRange = 330, 348,  yRange = 152, 129
2021-08-24 06:24:39,756 - INFO - root - Distance = 32.69556544854363, direction = 2, Win# 2
2021-08-24 06:24:39,900 - DEBUG - bleak.backends.dotnet.client - Write Characteristic 6e400002-b5a3-f393-e0a9-e50e24dcca9e : bytearray(b'2,0')
2021-08-24 06:24:39,941 - INFO - root - x = 369, y = 128, Radius = 58.05179977416992
2021-08-24 06:24:39,941 - INFO - root - Decision Window: xRange = 349, 368,  yRange = 147, 123
2021-08-24 06:24:39,941 - INFO - root - Next Decision Window: xRange = 330, 348,  yRange = 152, 129
2021-08-24 06:24:39,941 - INFO - root - Distance = 32.31098884280702, direction = 2, Win# 2
2021-08-24 06:24:40,020 - DEBUG - bleak.backends.dotnet.client - Write Characteristic 6e400002-b5a3-f393-e0a9-e50e24dcca9e : bytearray(b'2,0')
2021-08-24 06:24:40,065 - INFO - root - x = 368, y = 126, Radius = 53.84490203857422
2021-08-24 06:24:40,065 - INFO - root - Decision Window: xRange = 349, 368,  yRange = 147, 123
2021-08-24 06:24:40,065 - INFO - root - Next Decision Window: xRange = 330, 348,  yRange = 152, 129
2021-08-24 06:24:40,065 - INFO - root - Distance = 32.202484376209235, direction = 2, Win# 2
2021-08-24 06:24:40,140 - DEBUG - bleak.backends.dotnet.client - Write Characteristic 6e400002-b5a3-f393-e0a9-e50e24dcca9e : bytearray(b'2,0')
2021-08-24 06:24:40,187 - INFO - root - x = 368, y = 128, Radius = 58.174407958984375
2021-08-24 06:24:40,188 - INFO - root - Decision Window: xRange = 349, 368,  yRange = 147, 123
2021-08-24 06:24:40,188 - INFO - root - Next Decision Window: xRange = 330, 348,  yRange = 152, 129
2021-08-24 06:24:40,188 - INFO - root - Distance = 31.38470965295043, direction = 2, Win# 2
2021-08-24 06:24:40,380 - DEBUG - bleak.backends.dotnet.client - Write Characteristic 6e400002-b5a3-f393-e0a9-e50e24dcca9e : bytearray(b'2,0')
2021-08-24 06:24:40,419 - INFO - root - x = 367, y = 126, Radius = 54.646690368652344
2021-08-24 06:24:40,420 - INFO - root - Decision Window: xRange = 349, 368,  yRange = 147, 123
2021-08-24 06:24:40,420 - INFO - root - Next Decision Window: xRange = 330, 348,  yRange = 152, 129
2021-08-24 06:24:40,420 - INFO - root - Distance = 31.304951684997057, direction = 2, Win# 2
2021-08-24 06:24:40,680 - DEBUG - bleak.backends.dotnet.client - Write Characteristic 6e400002-b5a3-f393-e0a9-e50e24dcca9e : bytearray(b'2,0')
2021-08-24 06:24:40,728 - INFO - root - x = 366, y = 125, Radius = 55.226905822753906
2021-08-24 06:24:40,729 - INFO - root - Decision Window: xRange = 349, 368,  yRange = 147, 123
2021-08-24 06:24:40,729 - INFO - root - Next Decision Window: xRange = 330, 348,  yRange = 152, 129
2021-08-24 06:24:40,729 - INFO - root - Distance = 30.886890422961002, direction = 2, Win# 2
2021-08-24 06:24:40,800 - DEBUG - bleak.backends.dotnet.client - Write Characteristic 6e400002-b5a3-f393-e0a9-e50e24dcca9e : bytearray(b'2,0')
2021-08-24 06:24:40,837 - INFO - root - x = 366, y = 126, Radius = 53.68901824951172
2021-08-24 06:24:40,837 - INFO - root - Decision Window: xRange = 349, 368,  yRange = 147, 123
2021-08-24 06:24:40,837 - INFO - root - Next Decision Window: xRange = 330, 348,  yRange = 152, 129
2021-08-24 06:24:40,837 - INFO - root - Distance = 30.4138126514911, direction = 2, Win# 2
2021-08-24 06:24:40,920 - DEBUG - bleak.backends.dotnet.client - Write Characteristic 6e400002-b5a3-f393-e0a9-e50e24dcca9e : bytearray(b'2,0')
2021-08-24 06:24:40,960 - INFO - root - x = 367, y = 127, Radius = 59.619728088378906
2021-08-24 06:24:40,961 - INFO - root - Decision Window: xRange = 349, 368,  yRange = 147, 123
2021-08-24 06:24:40,961 - INFO - root - Next Decision Window: xRange = 330, 348,  yRange = 152, 129
2021-08-24 06:24:40,961 - INFO - root - Distance = 30.870698080866262, direction = 2, Win# 2
2021-08-24 06:24:41,160 - DEBUG - bleak.backends.dotnet.client - Write Characteristic 6e400002-b5a3-f393-e0a9-e50e24dcca9e : bytearray(b'2,0')
2021-08-24 06:24:41,208 - INFO - root - x = 367, y = 126, Radius = 54.05793762207031
2021-08-24 06:24:41,208 - INFO - root - Decision Window: xRange = 349, 368,  yRange = 147, 123
2021-08-24 06:24:41,208 - INFO - root - Next Decision Window: xRange = 330, 348,  yRange = 152, 129
2021-08-24 06:24:41,208 - INFO - root - Distance = 31.304951684997057, direction = 2, Win# 2
2021-08-24 06:24:41,280 - DEBUG - bleak.backends.dotnet.client - Write Characteristic 6e400002-b5a3-f393-e0a9-e50e24dcca9e : bytearray(b'2,0')
2021-08-24 06:24:41,316 - INFO - root - x = 367, y = 126, Radius = 56.944175720214844
2021-08-24 06:24:41,316 - INFO - root - Decision Window: xRange = 349, 368,  yRange = 147, 123
2021-08-24 06:24:41,316 - INFO - root - Next Decision Window: xRange = 330, 348,  yRange = 152, 129
2021-08-24 06:24:41,316 - INFO - root - Distance = 31.304951684997057, direction = 2, Win# 2
2021-08-24 06:24:41,460 - DEBUG - bleak.backends.dotnet.client - Write Characteristic 6e400002-b5a3-f393-e0a9-e50e24dcca9e : bytearray(b'2,0')
2021-08-24 06:24:41,501 - INFO - root - x = 365, y = 124, Radius = 55.581119537353516
2021-08-24 06:24:41,501 - INFO - root - Decision Window: xRange = 349, 368,  yRange = 147, 123
2021-08-24 06:24:41,501 - INFO - root - Next Decision Window: xRange = 330, 348,  yRange = 152, 129
2021-08-24 06:24:41,501 - INFO - root - Distance = 30.528675044947494, direction = 2, Win# 2
2021-08-24 06:24:41,640 - DEBUG - bleak.backends.dotnet.client - Write Characteristic 6e400002-b5a3-f393-e0a9-e50e24dcca9e : bytearray(b'2,0')
2021-08-24 06:24:41,687 - INFO - root - x = 359, y = 127, Radius = 54.68556213378906
2021-08-24 06:24:41,687 - INFO - root - Decision Window: xRange = 349, 368,  yRange = 147, 123
2021-08-24 06:24:41,687 - INFO - root - Next Decision Window: xRange = 330, 348,  yRange = 152, 129
2021-08-24 06:24:41,687 - INFO - root - Distance = 23.853720883753127, direction = 2, Win# 2
2021-08-24 06:24:41,820 - DEBUG - bleak.backends.dotnet.client - Write Characteristic 6e400002-b5a3-f393-e0a9-e50e24dcca9e : bytearray(b'2,0')
2021-08-24 06:24:41,861 - INFO - root - x = 353, y = 127, Radius = 53.758819580078125
2021-08-24 06:24:41,861 - INFO - root - Decision Window: xRange = 349, 368,  yRange = 147, 123
2021-08-24 06:24:41,861 - INFO - root - Next Decision Window: xRange = 330, 348,  yRange = 152, 129
2021-08-24 06:24:41,861 - INFO - root - Distance = 19.1049731745428, direction = 2, Win# 2
2021-08-24 06:24:41,940 - DEBUG - bleak.backends.dotnet.client - Write Characteristic 6e400002-b5a3-f393-e0a9-e50e24dcca9e : bytearray(b'2,0')
2021-08-24 06:24:41,981 - INFO - root - x = 347, y = 128, Radius = 57.23878860473633
2021-08-24 06:24:41,981 - INFO - root - Decision Window: xRange = 349, 368,  yRange = 147, 123
2021-08-24 06:24:41,982 - INFO - root - Next Decision Window: xRange = 330, 348,  yRange = 152, 129
2021-08-24 06:24:41,982 - INFO - root - Distance = 14.422205101855956, direction = 3, Win# 2
2021-08-24 06:24:42,120 - DEBUG - bleak.backends.dotnet.client - Write Characteristic 6e400002-b5a3-f393-e0a9-e50e24dcca9e : bytearray(b'3,0')
2021-08-24 06:24:42,186 - INFO - root - x = 339, y = 131, Radius = 63.73784255981445
2021-08-24 06:24:42,187 - INFO - root - Decision Window: xRange = 330, 348,  yRange = 152, 129
2021-08-24 06:24:42,187 - INFO - root - Next Decision Window: xRange = 310, 329,  yRange = 164, 130
2021-08-24 06:24:42,187 - INFO - root - Distance = 0, direction = 3, Win# 3
2021-08-24 06:24:42,360 - DEBUG - bleak.backends.dotnet.client - Write Characteristic 6e400002-b5a3-f393-e0a9-e50e24dcca9e : bytearray(b'3,0')
2021-08-24 06:24:42,398 - INFO - root - x = 333, y = 132, Radius = 59.3486442565918
2021-08-24 06:24:42,398 - INFO - root - Decision Window: xRange = 330, 348,  yRange = 152, 129
2021-08-24 06:24:42,398 - INFO - root - Next Decision Window: xRange = 310, 329,  yRange = 164, 130
2021-08-24 06:24:42,398 - INFO - root - Distance = 20.518284528683193, direction = 3, Win# 3
2021-08-24 06:24:42,480 - DEBUG - bleak.backends.dotnet.client - Write Characteristic 6e400002-b5a3-f393-e0a9-e50e24dcca9e : bytearray(b'3,0')
2021-08-24 06:24:42,522 - INFO - root - x = 337, y = 131, Radius = 59.266448974609375
2021-08-24 06:24:42,522 - INFO - root - Decision Window: xRange = 330, 348,  yRange = 152, 129
2021-08-24 06:24:42,522 - INFO - root - Next Decision Window: xRange = 310, 329,  yRange = 164, 130
2021-08-24 06:24:42,522 - INFO - root - Distance = 24.08318915758459, direction = 2, Win# 3
2021-08-24 06:24:42,600 - DEBUG - bleak.backends.dotnet.client - Write Characteristic 6e400002-b5a3-f393-e0a9-e50e24dcca9e : bytearray(b'2,0')
2021-08-24 06:24:42,645 - INFO - root - x = 348, y = 126, Radius = 57.14027786254883
2021-08-24 06:24:42,645 - INFO - root - Decision Window: xRange = 330, 348,  yRange = 152, 129
2021-08-24 06:24:42,646 - INFO - root - Next Decision Window: xRange = 310, 329,  yRange = 164, 130
2021-08-24 06:24:42,646 - INFO - root - Distance = 35.805027579936315, direction = 2, Win# 3
2021-08-24 06:24:42,720 - DEBUG - bleak.backends.dotnet.client - Write Characteristic 6e400002-b5a3-f393-e0a9-e50e24dcca9e : bytearray(b'2,0')
2021-08-24 06:24:42,754 - INFO - root - x = 355, y = 128, Radius = 51.736106872558594
2021-08-24 06:24:42,754 - INFO - root - Decision Window: xRange = 330, 348,  yRange = 152, 129
2021-08-24 06:24:42,754 - INFO - root - Next Decision Window: xRange = 310, 329,  yRange = 164, 130
2021-08-24 06:24:42,755 - INFO - root - Distance = 40.70626487409524, direction = 2, Win# 3
2021-08-24 06:24:42,900 - DEBUG - bleak.backends.dotnet.client - Write Characteristic 6e400002-b5a3-f393-e0a9-e50e24dcca9e : bytearray(b'2,0')
2021-08-24 06:24:42,940 - INFO - root - x = 403, y = 124, Radius = 59.6092414855957
2021-08-24 06:24:42,940 - INFO - root - Decision Window: xRange = 330, 348,  yRange = 152, 129
2021-08-24 06:24:42,940 - INFO - root - Next Decision Window: xRange = 310, 329,  yRange = 164, 130
2021-08-24 06:24:42,940 - INFO - root - Distance = 87.09190547921202, direction = 2, Win# 3
2021-08-24 06:24:43,020 - DEBUG - bleak.backends.dotnet.client - Write Characteristic 6e400002-b5a3-f393-e0a9-e50e24dcca9e : bytearray(b'2,1')
2021-08-24 06:24:43,064 - INFO - root - x = 440, y = 123, Radius = 57.55659866333008
2021-08-24 06:24:43,064 - INFO - root - Decision Window: xRange = 330, 348,  yRange = 152, 129
2021-08-24 06:24:43,064 - INFO - root - Next Decision Window: xRange = 310, 329,  yRange = 164, 130
2021-08-24 06:24:43,064 - INFO - root - Distance = 123.35720489699821, direction = 2, Win# 3
2021-08-24 06:24:43,200 - DEBUG - bleak.backends.dotnet.client - Write Characteristic 6e400002-b5a3-f393-e0a9-e50e24dcca9e : bytearray(b'2,2')
2021-08-24 06:24:43,233 - INFO - root - x = 467, y = 122, Radius = 58.604705810546875
2021-08-24 06:24:43,234 - INFO - root - Decision Window: xRange = 330, 348,  yRange = 152, 129
2021-08-24 06:24:43,234 - INFO - root - Next Decision Window: xRange = 310, 329,  yRange = 164, 130
2021-08-24 06:24:43,234 - INFO - root - Distance = 150.0966355385756, direction = 2, Win# 3
2021-08-24 06:24:43,320 - DEBUG - bleak.backends.dotnet.client - Write Characteristic 6e400002-b5a3-f393-e0a9-e50e24dcca9e : bytearray(b'2,2')
2021-08-24 06:24:43,357 - INFO - root - x = 493, y = 125, Radius = 62.229515075683594
2021-08-24 06:24:43,357 - INFO - root - Decision Window: xRange = 330, 348,  yRange = 152, 129
2021-08-24 06:24:43,357 - INFO - root - Next Decision Window: xRange = 310, 329,  yRange = 164, 130
2021-08-24 06:24:43,357 - INFO - root - Distance = 175.38529014715002, direction = 2, Win# 3
2021-08-24 06:24:43,500 - DEBUG - bleak.backends.dotnet.client - Write Characteristic 6e400002-b5a3-f393-e0a9-e50e24dcca9e : bytearray(b'2,2')
2021-08-24 06:24:43,542 - INFO - root - x = 504, y = 140, Radius = 62.787437438964844
2021-08-24 06:24:43,542 - INFO - root - Decision Window: xRange = 330, 348,  yRange = 152, 129
2021-08-24 06:24:43,542 - INFO - root - Next Decision Window: xRange = 310, 329,  yRange = 164, 130
2021-08-24 06:24:43,542 - INFO - root - Distance = 185.13238506539042, direction = 2, Win# 3
2021-08-24 06:24:43,680 - DEBUG - bleak.backends.dotnet.client - Write Characteristic 6e400002-b5a3-f393-e0a9-e50e24dcca9e : bytearray(b'2,2')
2021-08-24 06:24:43,727 - INFO - root - x = 491, y = 159, Radius = 69.75861358642578
2021-08-24 06:24:43,728 - INFO - root - Decision Window: xRange = 330, 348,  yRange = 152, 129
2021-08-24 06:24:43,728 - INFO - root - Next Decision Window: xRange = 310, 329,  yRange = 164, 130
2021-08-24 06:24:43,728 - INFO - root - Distance = 172.41809649801846, direction = 2, Win# 3
2021-08-24 06:24:43,980 - DEBUG - bleak.backends.dotnet.client - Write Characteristic 6e400002-b5a3-f393-e0a9-e50e24dcca9e : bytearray(b'2,2')
2021-08-24 06:24:44,036 - INFO - root - x = 430, y = 160, Radius = 60.59918975830078
2021-08-24 06:24:44,036 - INFO - root - Decision Window: xRange = 330, 348,  yRange = 152, 129
2021-08-24 06:24:44,037 - INFO - root - Next Decision Window: xRange = 310, 329,  yRange = 164, 130
2021-08-24 06:24:44,037 - INFO - root - Distance = 111.75866856758807, direction = 2, Win# 3
2021-08-24 06:24:44,100 - DEBUG - bleak.backends.dotnet.client - Write Characteristic 6e400002-b5a3-f393-e0a9-e50e24dcca9e : bytearray(b'2,2')
2021-08-24 06:24:44,144 - INFO - root - x = 419, y = 158, Radius = 64.07037353515625
2021-08-24 06:24:44,145 - INFO - root - Decision Window: xRange = 330, 348,  yRange = 152, 129
2021-08-24 06:24:44,145 - INFO - root - Next Decision Window: xRange = 310, 329,  yRange = 164, 130
2021-08-24 06:24:44,145 - INFO - root - Distance = 100.60318086422517, direction = 2, Win# 3
2021-08-24 06:24:44,220 - DEBUG - bleak.backends.dotnet.client - Write Characteristic 6e400002-b5a3-f393-e0a9-e50e24dcca9e : bytearray(b'2,2')
2021-08-24 06:24:44,269 - INFO - root - x = 400, y = 155, Radius = 57.99650573730469
2021-08-24 06:24:44,269 - INFO - root - Decision Window: xRange = 330, 348,  yRange = 152, 129
2021-08-24 06:24:44,269 - INFO - root - Next Decision Window: xRange = 310, 329,  yRange = 164, 130
2021-08-24 06:24:44,269 - INFO - root - Distance = 81.39410298049853, direction = 2, Win# 3
2021-08-24 06:24:44,340 - DEBUG - bleak.backends.dotnet.client - Write Characteristic 6e400002-b5a3-f393-e0a9-e50e24dcca9e : bytearray(b'2,1')
2021-08-24 06:24:44,377 - INFO - root - x = 382, y = 153, Radius = 64.07037353515625
2021-08-24 06:24:44,377 - INFO - root - Decision Window: xRange = 330, 348,  yRange = 152, 129
2021-08-24 06:24:44,377 - INFO - root - Next Decision Window: xRange = 310, 329,  yRange = 164, 130
2021-08-24 06:24:44,378 - INFO - root - Distance = 63.28506932918696, direction = 2, Win# 3
2021-08-24 06:24:44,460 - DEBUG - bleak.backends.dotnet.client - Write Characteristic 6e400002-b5a3-f393-e0a9-e50e24dcca9e : bytearray(b'2,1')
2021-08-24 06:24:44,500 - INFO - root - x = 373, y = 150, Radius = 59.925254821777344
2021-08-24 06:24:44,501 - INFO - root - Decision Window: xRange = 330, 348,  yRange = 152, 129
2021-08-24 06:24:44,501 - INFO - root - Next Decision Window: xRange = 310, 329,  yRange = 164, 130
2021-08-24 06:24:44,501 - INFO - root - Distance = 54.08326913195984, direction = 2, Win# 3
2021-08-24 06:24:44,580 - DEBUG - bleak.backends.dotnet.client - Write Characteristic 6e400002-b5a3-f393-e0a9-e50e24dcca9e : bytearray(b'2,1')
2021-08-24 06:24:44,624 - INFO - root - x = 374, y = 148, Radius = 60.40999221801758
2021-08-24 06:24:44,625 - INFO - root - Decision Window: xRange = 330, 348,  yRange = 152, 129
2021-08-24 06:24:44,625 - INFO - root - Next Decision Window: xRange = 310, 329,  yRange = 164, 130
2021-08-24 06:24:44,625 - INFO - root - Distance = 55.00909015790027, direction = 2, Win# 3
2021-08-24 06:24:44,700 - DEBUG - bleak.backends.dotnet.client - Write Characteristic 6e400002-b5a3-f393-e0a9-e50e24dcca9e : bytearray(b'2,1')
2021-08-24 06:24:44,749 - INFO - root - x = 376, y = 146, Radius = 60.01187515258789
2021-08-24 06:24:44,749 - INFO - root - Decision Window: xRange = 330, 348,  yRange = 152, 129
2021-08-24 06:24:44,749 - INFO - root - Next Decision Window: xRange = 310, 329,  yRange = 164, 130
2021-08-24 06:24:44,749 - INFO - root - Distance = 57.0087712549569, direction = 2, Win# 3
2021-08-24 06:24:44,820 - DEBUG - bleak.backends.dotnet.client - Write Characteristic 6e400002-b5a3-f393-e0a9-e50e24dcca9e : bytearray(b'2,1')
2021-08-24 06:24:44,856 - INFO - root - x = 370, y = 147, Radius = 60.06697082519531
2021-08-24 06:24:44,856 - INFO - root - Decision Window: xRange = 330, 348,  yRange = 152, 129
2021-08-24 06:24:44,856 - INFO - root - Next Decision Window: xRange = 310, 329,  yRange = 164, 130
2021-08-24 06:24:44,856 - INFO - root - Distance = 51.0, direction = 2, Win# 3
2021-08-24 06:24:45,060 - DEBUG - bleak.backends.dotnet.client - Write Characteristic 6e400002-b5a3-f393-e0a9-e50e24dcca9e : bytearray(b'2,1')
2021-08-24 06:24:45,103 - INFO - root - x = 354, y = 147, Radius = 57.29320526123047
2021-08-24 06:24:45,104 - INFO - root - Decision Window: xRange = 330, 348,  yRange = 152, 129
2021-08-24 06:24:45,104 - INFO - root - Next Decision Window: xRange = 310, 329,  yRange = 164, 130
2021-08-24 06:24:45,104 - INFO - root - Distance = 35.0, direction = 2, Win# 3
2021-08-24 06:24:45,180 - DEBUG - bleak.backends.dotnet.client - Write Characteristic 6e400002-b5a3-f393-e0a9-e50e24dcca9e : bytearray(b'2,0')
2021-08-24 06:24:45,227 - INFO - root - x = 348, y = 146, Radius = 62.24357223510742
2021-08-24 06:24:45,228 - INFO - root - Decision Window: xRange = 330, 348,  yRange = 152, 129
2021-08-24 06:24:45,228 - INFO - root - Next Decision Window: xRange = 310, 329,  yRange = 164, 130
2021-08-24 06:24:45,228 - INFO - root - Distance = 29.017236257093817, direction = 2, Win# 3
2021-08-24 06:24:45,420 - DEBUG - bleak.backends.dotnet.client - Write Characteristic 6e400002-b5a3-f393-e0a9-e50e24dcca9e : bytearray(b'2,0')
2021-08-24 06:24:45,444 - INFO - root - x = 346, y = 144, Radius = 62.098812103271484
2021-08-24 06:24:45,444 - INFO - root - Decision Window: xRange = 330, 348,  yRange = 152, 129
2021-08-24 06:24:45,444 - INFO - root - Next Decision Window: xRange = 310, 329,  yRange = 164, 130
2021-08-24 06:24:45,444 - INFO - root - Distance = 27.16615541441225, direction = 2, Win# 3
2021-08-24 06:24:45,720 - DEBUG - bleak.backends.dotnet.client - Write Characteristic 6e400002-b5a3-f393-e0a9-e50e24dcca9e : bytearray(b'2,0')
2021-08-24 06:24:45,753 - INFO - root - x = 341, y = 142, Radius = 61.8426399230957
2021-08-24 06:24:45,754 - INFO - root - Decision Window: xRange = 330, 348,  yRange = 152, 129
2021-08-24 06:24:45,754 - INFO - root - Next Decision Window: xRange = 310, 329,  yRange = 164, 130
2021-08-24 06:24:45,754 - INFO - root - Distance = 22.561028345356956, direction = 2, Win# 3
2021-08-24 06:24:45,840 - DEBUG - bleak.backends.dotnet.client - Write Characteristic 6e400002-b5a3-f393-e0a9-e50e24dcca9e : bytearray(b'2,0')
2021-08-24 06:24:45,876 - INFO - root - x = 341, y = 139, Radius = 62.707801818847656
2021-08-24 06:24:45,877 - INFO - root - Decision Window: xRange = 330, 348,  yRange = 152, 129
2021-08-24 06:24:45,877 - INFO - root - Next Decision Window: xRange = 310, 329,  yRange = 164, 130
2021-08-24 06:24:45,877 - INFO - root - Distance = 23.40939982143925, direction = 2, Win# 3
2021-08-24 06:24:46,020 - DEBUG - bleak.backends.dotnet.client - Write Characteristic 6e400002-b5a3-f393-e0a9-e50e24dcca9e : bytearray(b'2,0')
2021-08-24 06:24:46,062 - INFO - root - x = 340, y = 136, Radius = 59.11439514160156
2021-08-24 06:24:46,062 - INFO - root - Decision Window: xRange = 330, 348,  yRange = 152, 129
2021-08-24 06:24:46,062 - INFO - root - Next Decision Window: xRange = 310, 329,  yRange = 164, 130
2021-08-24 06:24:46,062 - INFO - root - Distance = 23.706539182259394, direction = 2, Win# 3
2021-08-24 06:24:46,440 - DEBUG - bleak.backends.dotnet.client - Write Characteristic 6e400002-b5a3-f393-e0a9-e50e24dcca9e : bytearray(b'2,0')
2021-08-24 06:24:46,480 - INFO - root - x = 341, y = 135, Radius = 63.73784255981445
2021-08-24 06:24:46,480 - INFO - root - Decision Window: xRange = 330, 348,  yRange = 152, 129
2021-08-24 06:24:46,481 - INFO - root - Next Decision Window: xRange = 310, 329,  yRange = 164, 130
2021-08-24 06:24:46,481 - INFO - root - Distance = 25.059928172283335, direction = 2, Win# 3
2021-08-24 06:24:46,560 - DEBUG - bleak.backends.dotnet.client - Write Characteristic 6e400002-b5a3-f393-e0a9-e50e24dcca9e : bytearray(b'2,0')
2021-08-24 06:24:46,603 - INFO - root - x = 340, y = 134, Radius = 64.32933044433594
2021-08-24 06:24:46,604 - INFO - root - Decision Window: xRange = 330, 348,  yRange = 152, 129
2021-08-24 06:24:46,604 - INFO - root - Next Decision Window: xRange = 310, 329,  yRange = 164, 130
2021-08-24 06:24:46,604 - INFO - root - Distance = 24.698178070456937, direction = 2, Win# 3
2021-08-24 06:24:46,680 - DEBUG - bleak.backends.dotnet.client - Write Characteristic 6e400002-b5a3-f393-e0a9-e50e24dcca9e : bytearray(b'2,0')
2021-08-24 06:24:46,727 - INFO - root - x = 338, y = 137, Radius = 64.99433135986328
2021-08-24 06:24:46,728 - INFO - root - Decision Window: xRange = 330, 348,  yRange = 152, 129
2021-08-24 06:24:46,728 - INFO - root - Next Decision Window: xRange = 310, 329,  yRange = 164, 130
2021-08-24 06:24:46,728 - INFO - root - Distance = 21.470910553583888, direction = 2, Win# 3
2021-08-24 06:24:46,800 - DEBUG - bleak.backends.dotnet.client - Write Characteristic 6e400002-b5a3-f393-e0a9-e50e24dcca9e : bytearray(b'2,0')
2021-08-24 06:24:46,836 - INFO - root - x = 334, y = 138, Radius = 63.884761810302734
2021-08-24 06:24:46,836 - INFO - root - Decision Window: xRange = 330, 348,  yRange = 152, 129
2021-08-24 06:24:46,836 - INFO - root - Next Decision Window: xRange = 310, 329,  yRange = 164, 130
2021-08-24 06:24:46,836 - INFO - root - Distance = 17.4928556845359, direction = 2, Win# 3
2021-08-24 06:24:47,040 - DEBUG - bleak.backends.dotnet.client - Write Characteristic 6e400002-b5a3-f393-e0a9-e50e24dcca9e : bytearray(b'2,0')
2021-08-24 06:24:47,089 - INFO - root - x = 328, y = 141, Radius = 59.15615463256836
2021-08-24 06:24:47,089 - INFO - root - Decision Window: xRange = 310, 329,  yRange = 164, 130
2021-08-24 06:24:47,089 - INFO - root - Next Decision Window: xRange = 295, 309,  yRange = 175, 139
2021-08-24 06:24:47,089 - INFO - root - Distance = 0, direction = 2, Win# 4
2021-08-24 06:24:47,220 - DEBUG - bleak.backends.dotnet.client - Write Characteristic 6e400002-b5a3-f393-e0a9-e50e24dcca9e : bytearray(b'2,0')
2021-08-24 06:24:47,253 - INFO - root - x = 330, y = 141, Radius = 64.93852996826172
2021-08-24 06:24:47,254 - INFO - root - Decision Window: xRange = 310, 329,  yRange = 164, 130
2021-08-24 06:24:47,254 - INFO - root - Next Decision Window: xRange = 295, 309,  yRange = 175, 139
2021-08-24 06:24:47,254 - INFO - root - Distance = 32.2490309931942, direction = 2, Win# 4
2021-08-24 06:24:47,400 - DEBUG - bleak.backends.dotnet.client - Write Characteristic 6e400002-b5a3-f393-e0a9-e50e24dcca9e : bytearray(b'2,0')
2021-08-24 06:24:47,440 - INFO - root - x = 329, y = 142, Radius = 60.53488540649414
2021-08-24 06:24:47,440 - INFO - root - Decision Window: xRange = 310, 329,  yRange = 164, 130
2021-08-24 06:24:47,440 - INFO - root - Next Decision Window: xRange = 295, 309,  yRange = 175, 139
2021-08-24 06:24:47,440 - INFO - root - Distance = 30.886890422961002, direction = 2, Win# 4
2021-08-24 06:24:47,580 - DEBUG - bleak.backends.dotnet.client - Write Characteristic 6e400002-b5a3-f393-e0a9-e50e24dcca9e : bytearray(b'2,0')
2021-08-24 06:24:47,624 - INFO - root - x = 329, y = 141, Radius = 60.77488708496094
2021-08-24 06:24:47,625 - INFO - root - Decision Window: xRange = 310, 329,  yRange = 164, 130
2021-08-24 06:24:47,625 - INFO - root - Next Decision Window: xRange = 295, 309,  yRange = 175, 139
2021-08-24 06:24:47,625 - INFO - root - Distance = 31.38470965295043, direction = 2, Win# 4
2021-08-24 06:24:47,700 - DEBUG - bleak.backends.dotnet.client - Write Characteristic 6e400002-b5a3-f393-e0a9-e50e24dcca9e : bytearray(b'2,0')
2021-08-24 06:24:47,748 - INFO - root - x = 327, y = 141, Radius = 62.51409912109375
2021-08-24 06:24:47,748 - INFO - root - Decision Window: xRange = 310, 329,  yRange = 164, 130
2021-08-24 06:24:47,748 - INFO - root - Next Decision Window: xRange = 295, 309,  yRange = 175, 139
2021-08-24 06:24:47,748 - INFO - root - Distance = 29.68164415931166, direction = 2, Win# 4
2021-08-24 06:24:48,000 - DEBUG - bleak.backends.dotnet.client - Write Characteristic 6e400002-b5a3-f393-e0a9-e50e24dcca9e : bytearray(b'2,0')
2021-08-24 06:24:48,041 - INFO - root - x = 321, y = 143, Radius = 63.78293228149414
2021-08-24 06:24:48,041 - INFO - root - Decision Window: xRange = 310, 329,  yRange = 164, 130
2021-08-24 06:24:48,041 - INFO - root - Next Decision Window: xRange = 295, 309,  yRange = 175, 139
2021-08-24 06:24:48,041 - INFO - root - Distance = 23.600847442411894, direction = 2, Win# 4
2021-08-24 06:24:48,120 - DEBUG - bleak.backends.dotnet.client - Write Characteristic 6e400002-b5a3-f393-e0a9-e50e24dcca9e : bytearray(b'2,0')
2021-08-24 06:24:48,165 - INFO - root - x = 318, y = 144, Radius = 65.0577621459961
2021-08-24 06:24:48,165 - INFO - root - Decision Window: xRange = 310, 329,  yRange = 164, 130
2021-08-24 06:24:48,165 - INFO - root - Next Decision Window: xRange = 295, 309,  yRange = 175, 139
2021-08-24 06:24:48,165 - INFO - root - Distance = 20.615528128088304, direction = 2, Win# 4
2021-08-24 06:24:48,420 - DEBUG - bleak.backends.dotnet.client - Write Characteristic 6e400002-b5a3-f393-e0a9-e50e24dcca9e : bytearray(b'2,0')
2021-08-24 06:24:48,458 - INFO - root - x = 309, y = 147, Radius = 65.27643585205078
2021-08-24 06:24:48,459 - INFO - root - Decision Window: xRange = 310, 329,  yRange = 164, 130
2021-08-24 06:24:48,459 - INFO - root - Next Decision Window: xRange = 295, 309,  yRange = 175, 139
2021-08-24 06:24:48,459 - INFO - root - Distance = 12.206555615733702, direction = 3, Win# 4
2021-08-24 06:24:48,540 - DEBUG - bleak.backends.dotnet.client - Write Characteristic 6e400002-b5a3-f393-e0a9-e50e24dcca9e : bytearray(b'3,0')
2021-08-24 06:24:48,587 - INFO - root - x = 307, y = 148, Radius = 65.49364471435547
2021-08-24 06:24:48,587 - INFO - root - Decision Window: xRange = 295, 309,  yRange = 175, 139
2021-08-24 06:24:48,587 - INFO - root - Next Decision Window: xRange = 281, 294,  yRange = 190, 148
2021-08-24 06:24:48,587 - INFO - root - Distance = 0, direction = 3, Win# 5
2021-08-24 06:24:48,720 - DEBUG - bleak.backends.dotnet.client - Write Characteristic 6e400002-b5a3-f393-e0a9-e50e24dcca9e : bytearray(b'3,0')
2021-08-24 06:24:48,768 - INFO - root - x = 303, y = 150, Radius = 61.89719009399414
2021-08-24 06:24:48,768 - INFO - root - Decision Window: xRange = 295, 309,  yRange = 175, 139
2021-08-24 06:24:48,768 - INFO - root - Next Decision Window: xRange = 281, 294,  yRange = 190, 148
2021-08-24 06:24:48,768 - INFO - root - Distance = 0, direction = 1, Win# 5
2021-08-24 06:24:48,900 - DEBUG - bleak.backends.dotnet.client - Write Characteristic 6e400002-b5a3-f393-e0a9-e50e24dcca9e : bytearray(b'1,0')
2021-08-24 06:24:48,907 - DEBUG - bleak.backends.dotnet.client - Disconnecting from BLE device...
2021-08-24 06:24:52,020 - DEBUG - bleak.backends.dotnet.client - _ConnectionStatusChanged_Handler: 0
