2021-08-18 19:43:50,878 - INFO - root - 


2021-08-18 19:43:50,878 - INFO - root - PROGRAM BEGINS
2021-08-18 19:43:53,515 - INFO - root - Image: letter_S_Excel.xlsx
2021-08-18 19:43:54,391 - DEBUG - asyncio - Using proactor: IocpProactor
2021-08-18 19:43:55,074 - DEBUG - bleak.backends.dotnet.scanner - Received 7C:9E:BD:EE:7A:82: Haptic Sleeve ML.
2021-08-18 19:43:55,077 - DEBUG - bleak.backends.dotnet.scanner - Received 7C:9E:BD:EE:7A:82: Unknown.
2021-08-18 19:43:55,078 - DEBUG - bleak.backends.dotnet.scanner - 1 devices found. Watcher status: 3.
2021-08-18 19:43:55,078 - DEBUG - bleak.backends.dotnet.client - Connecting to BLE device @ 7c:9e:bd:ee:7a:82
2021-08-18 19:43:58,607 - DEBUG - bleak.backends.dotnet.client - _ConnectionStatusChanged_Handler: 1
2021-08-18 19:43:58,608 - DEBUG - bleak.backends.dotnet.client - Get Services...
2021-08-18 19:43:58,668 - INFO - bleak.backends.dotnet.client - Services resolved for BleakClientDotNet (7c:9e:bd:ee:7a:82)
2021-08-18 19:44:07,775 - DEBUG - bleak.backends.dotnet.client - Disconnecting from BLE device...
2021-08-18 19:44:10,901 - DEBUG - bleak.backends.dotnet.client - _ConnectionStatusChanged_Handler: 0
2021-08-18 19:44:10,932 - DEBUG - bleak.backends.dotnet.scanner - Received 51:0B:B1:5D:33:E0: Unknown.
2021-08-18 19:44:10,934 - DEBUG - bleak.backends.dotnet.scanner - Received 51:0B:B1:5D:33:E0: Unknown.
2021-08-18 19:44:11,184 - DEBUG - bleak.backends.dotnet.scanner - Received 3F:4D:6C:C6:F2:5D: Unknown.
2021-08-18 19:44:11,291 - DEBUG - bleak.backends.dotnet.scanner - Received 7B:4B:49:DA:D1:2B: Unknown.
2021-08-18 19:44:11,292 - DEBUG - bleak.backends.dotnet.scanner - Received 7B:4B:49:DA:D1:2B: Unknown.
2021-08-18 19:44:11,410 - DEBUG - bleak.backends.dotnet.scanner - Received 38:68:A4:0D:FE:EB: Unknown.
2021-08-18 19:44:11,531 - DEBUG - bleak.backends.dotnet.scanner - Received CC:D2:81:7A:31:C7: Unknown.
2021-08-18 19:44:11,531 - DEBUG - bleak.backends.dotnet.scanner - Received CC:D2:81:7A:31:C7: Unknown.
2021-08-18 19:44:11,879 - DEBUG - bleak.backends.dotnet.scanner - Received 38:68:A4:0D:FE:EB: Unknown.
2021-08-18 19:44:12,115 - DEBUG - bleak.backends.dotnet.scanner - Received 7B:4B:49:DA:D1:2B: Unknown.
2021-08-18 19:44:12,115 - DEBUG - bleak.backends.dotnet.scanner - Received 7B:4B:49:DA:D1:2B: Unknown.
2021-08-18 19:44:12,346 - DEBUG - bleak.backends.dotnet.scanner - Received 38:68:A4:0D:FE:EB: Unknown.
2021-08-18 19:44:12,467 - DEBUG - bleak.backends.dotnet.scanner - Received 3F:4D:6C:C6:F2:5D: Unknown.
2021-08-18 19:44:12,714 - DEBUG - bleak.backends.dotnet.scanner - Received 60:8D:CE:2B:CE:31: Unknown.
2021-08-18 19:44:12,714 - DEBUG - bleak.backends.dotnet.scanner - Received 60:8D:CE:2B:CE:31: Unknown.
2021-08-18 19:44:12,818 - DEBUG - bleak.backends.dotnet.scanner - Received 38:68:A4:0D:FE:EB: Unknown.
2021-08-18 19:44:12,938 - DEBUG - bleak.backends.dotnet.scanner - Received 7B:4B:49:DA:D1:2B: Unknown.
2021-08-18 19:44:12,939 - DEBUG - bleak.backends.dotnet.scanner - Received 7B:4B:49:DA:D1:2B: Unknown.
2021-08-18 19:44:13,410 - DEBUG - bleak.backends.dotnet.scanner - Received 51:0B:B1:5D:33:E0: Unknown.
2021-08-18 19:44:13,410 - DEBUG - bleak.backends.dotnet.scanner - Received 51:0B:B1:5D:33:E0: Unknown.
2021-08-18 19:44:13,534 - DEBUG - bleak.backends.dotnet.scanner - Received 60:8D:CE:2B:CE:31: Unknown.
2021-08-18 19:44:13,535 - DEBUG - bleak.backends.dotnet.scanner - Received 60:8D:CE:2B:CE:31: Unknown.
2021-08-18 19:44:13,566 - DEBUG - bleak.backends.dotnet.scanner - Received 3F:4D:6C:C6:F2:5D: Unknown.
2021-08-18 19:44:13,888 - DEBUG - bleak.backends.dotnet.scanner - Received 38:68:A4:0D:FE:EB: Unknown.
2021-08-18 19:44:14,004 - DEBUG - bleak.backends.dotnet.scanner - Received 7C:9E:BD:EE:7A:82: Haptic Sleeve ML.
2021-08-18 19:44:14,005 - DEBUG - bleak.backends.dotnet.scanner - 7 devices found. Watcher status: 3.
2021-08-18 19:44:14,005 - DEBUG - bleak.backends.dotnet.scanner - Received 7C:9E:BD:EE:7A:82: Unknown.
2021-08-18 19:44:14,005 - DEBUG - bleak.backends.dotnet.client - Connecting to BLE device @ 7c:9e:bd:ee:7a:82
