2021-08-18 19:39:40,878 - INFO - root - 


2021-08-18 19:39:40,878 - INFO - root - PROGRAM BEGINS
2021-08-18 19:39:44,319 - INFO - root - Image: letter_S_Excel.xlsx
2021-08-18 19:39:45,199 - DEBUG - asyncio - Using proactor: IocpProactor
2021-08-18 19:39:45,328 - DEBUG - bleak.backends.dotnet.scanner - Received 3F:4D:6C:C6:F2:5D: Unknown.
2021-08-18 19:39:45,912 - DEBUG - bleak.backends.dotnet.scanner - Received 51:0B:B1:5D:33:E0: Unknown.
2021-08-18 19:39:45,913 - DEBUG - bleak.backends.dotnet.scanner - Received 51:0B:B1:5D:33:E0: Unknown.
2021-08-18 19:39:46,054 - DEBUG - bleak.backends.dotnet.scanner - Received 3F:4D:6C:C6:F2:5D: Unknown.
2021-08-18 19:39:46,374 - DEBUG - bleak.backends.dotnet.scanner - Received F8:04:2E:E7:0F:DB: Unknown.
2021-08-18 19:39:46,731 - DEBUG - bleak.backends.dotnet.scanner - Received 51:0B:B1:5D:33:E0: Unknown.
2021-08-18 19:39:46,732 - DEBUG - bleak.backends.dotnet.scanner - Received 51:0B:B1:5D:33:E0: Unknown.
2021-08-18 19:39:46,966 - DEBUG - bleak.backends.dotnet.scanner - Received 3F:4D:6C:C6:F2:5D: Unknown.
2021-08-18 19:39:47,085 - DEBUG - bleak.backends.dotnet.scanner - Received FA:B4:6A:30:5B:CF: Unknown.
2021-08-18 19:39:47,096 - DEBUG - bleak.backends.dotnet.scanner - Received 38:68:A4:0D:FE:EB: Unknown.
2021-08-18 19:39:47,335 - DEBUG - bleak.backends.dotnet.scanner - Received 3F:4D:6C:C6:F2:5D: Unknown.
2021-08-18 19:39:47,435 - DEBUG - bleak.backends.dotnet.scanner - Received 7C:9E:BD:EE:7A:82: Haptic Sleeve ML.
2021-08-18 19:39:47,436 - DEBUG - bleak.backends.dotnet.scanner - Received 7C:9E:BD:EE:7A:82: Unknown.
2021-08-18 19:39:47,436 - DEBUG - bleak.backends.dotnet.scanner - 6 devices found. Watcher status: 3.
2021-08-18 19:39:47,436 - DEBUG - bleak.backends.dotnet.client - Connecting to BLE device @ 7c:9e:bd:ee:7a:82
2021-08-18 19:39:55,531 - DEBUG - bleak.backends.dotnet.client - _ConnectionStatusChanged_Handler: 1
2021-08-18 19:39:55,532 - DEBUG - bleak.backends.dotnet.client - Get Services...
2021-08-18 19:39:55,593 - INFO - bleak.backends.dotnet.client - Services resolved for BleakClientDotNet (7c:9e:bd:ee:7a:82)
2021-08-18 19:40:06,252 - INFO - root - x = 494, y = 105, Radius = 85.56294250488281
2021-08-18 19:40:06,252 - INFO - root - Decision Window: xRange = 489, 502,  yRange = 129, 89
2021-08-18 19:40:06,252 - INFO - root - Next Decision Window: xRange = 477, 488,  yRange = 118, 82
2021-08-18 19:40:06,253 - INFO - root - Distance = 13.0, direction = 2, Win# 0
2021-08-18 19:40:06,399 - DEBUG - bleak.backends.dotnet.client - Write Characteristic 6e400002-b5a3-f393-e0a9-e50e24dcca9e : bytearray(b'2,0')
2021-08-18 19:40:06,436 - INFO - root - x = 510, y = 97, Radius = 65.52661895751953
2021-08-18 19:40:06,436 - INFO - root - Decision Window: xRange = 489, 502,  yRange = 129, 89
2021-08-18 19:40:06,436 - INFO - root - Next Decision Window: xRange = 477, 488,  yRange = 118, 82
2021-08-18 19:40:06,437 - INFO - root - Distance = 28.160255680657446, direction = 2, Win# 0
2021-08-18 19:40:06,518 - DEBUG - bleak.backends.dotnet.client - Write Characteristic 6e400002-b5a3-f393-e0a9-e50e24dcca9e : bytearray(b'2,0')
2021-08-18 19:40:06,555 - INFO - root - x = 525, y = 102, Radius = 81.18661499023438
2021-08-18 19:40:06,555 - INFO - root - Decision Window: xRange = 489, 502,  yRange = 129, 89
2021-08-18 19:40:06,555 - INFO - root - Next Decision Window: xRange = 477, 488,  yRange = 118, 82
2021-08-18 19:40:06,555 - INFO - root - Distance = 43.04648650006177, direction = 2, Win# 0
2021-08-18 19:40:06,637 - DEBUG - bleak.backends.dotnet.client - Write Characteristic 6e400002-b5a3-f393-e0a9-e50e24dcca9e : bytearray(b'2,0')
2021-08-18 19:40:06,681 - INFO - root - x = 528, y = 104, Radius = 81.46788787841797
2021-08-18 19:40:06,681 - INFO - root - Decision Window: xRange = 489, 502,  yRange = 129, 89
2021-08-18 19:40:06,681 - INFO - root - Next Decision Window: xRange = 477, 488,  yRange = 118, 82
2021-08-18 19:40:06,681 - INFO - root - Distance = 46.17358552246078, direction = 2, Win# 0
2021-08-18 19:40:06,757 - DEBUG - bleak.backends.dotnet.client - Write Characteristic 6e400002-b5a3-f393-e0a9-e50e24dcca9e : bytearray(b'2,0')
2021-08-18 19:40:06,788 - INFO - root - x = 526, y = 104, Radius = 81.15858459472656
2021-08-18 19:40:06,788 - INFO - root - Decision Window: xRange = 489, 502,  yRange = 129, 89
2021-08-18 19:40:06,788 - INFO - root - Next Decision Window: xRange = 477, 488,  yRange = 118, 82
2021-08-18 19:40:06,788 - INFO - root - Distance = 44.181444068749045, direction = 2, Win# 0
2021-08-18 19:40:06,877 - DEBUG - bleak.backends.dotnet.client - Write Characteristic 6e400002-b5a3-f393-e0a9-e50e24dcca9e : bytearray(b'2,0')
2021-08-18 19:40:06,908 - INFO - root - x = 527, y = 102, Radius = 79.5111083984375
2021-08-18 19:40:06,908 - INFO - root - Decision Window: xRange = 489, 502,  yRange = 129, 89
2021-08-18 19:40:06,908 - INFO - root - Next Decision Window: xRange = 477, 488,  yRange = 118, 82
2021-08-18 19:40:06,909 - INFO - root - Distance = 45.044422518220834, direction = 2, Win# 0
2021-08-18 19:40:06,998 - DEBUG - bleak.backends.dotnet.client - Write Characteristic 6e400002-b5a3-f393-e0a9-e50e24dcca9e : bytearray(b'2,0')
2021-08-18 19:40:07,036 - INFO - root - x = 528, y = 104, Radius = 80.12032318115234
2021-08-18 19:40:07,036 - INFO - root - Decision Window: xRange = 489, 502,  yRange = 129, 89
2021-08-18 19:40:07,036 - INFO - root - Next Decision Window: xRange = 477, 488,  yRange = 118, 82
2021-08-18 19:40:07,036 - INFO - root - Distance = 46.17358552246078, direction = 2, Win# 0
2021-08-18 19:40:07,117 - DEBUG - bleak.backends.dotnet.client - Write Characteristic 6e400002-b5a3-f393-e0a9-e50e24dcca9e : bytearray(b'2,0')
2021-08-18 19:40:07,155 - INFO - root - x = 530, y = 105, Radius = 80.53736114501953
2021-08-18 19:40:07,155 - INFO - root - Decision Window: xRange = 489, 502,  yRange = 129, 89
2021-08-18 19:40:07,155 - INFO - root - Next Decision Window: xRange = 477, 488,  yRange = 118, 82
2021-08-18 19:40:07,155 - INFO - root - Distance = 48.25971404805462, direction = 2, Win# 0
2021-08-18 19:40:07,238 - DEBUG - bleak.backends.dotnet.client - Write Characteristic 6e400002-b5a3-f393-e0a9-e50e24dcca9e : bytearray(b'2,0')
2021-08-18 19:40:07,278 - INFO - root - x = 572, y = 106, Radius = 87.70557403564453
2021-08-18 19:40:07,278 - INFO - root - Decision Window: xRange = 489, 502,  yRange = 129, 89
2021-08-18 19:40:07,279 - INFO - root - Next Decision Window: xRange = 477, 488,  yRange = 118, 82
2021-08-18 19:40:07,279 - INFO - root - Distance = 90.19977827023745, direction = 2, Win# 0
2021-08-18 19:40:07,357 - DEBUG - bleak.backends.dotnet.client - Write Characteristic 6e400002-b5a3-f393-e0a9-e50e24dcca9e : bytearray(b'2,1')
2021-08-18 19:40:07,388 - INFO - root - x = 663, y = 99, Radius = 59.17818069458008
2021-08-18 19:40:07,388 - INFO - root - Decision Window: xRange = 489, 502,  yRange = 129, 89
2021-08-18 19:40:07,388 - INFO - root - Next Decision Window: xRange = 477, 488,  yRange = 118, 82
2021-08-18 19:40:07,388 - INFO - root - Distance = 181.00276240985937, direction = 2, Win# 0
2021-08-18 19:40:07,478 - DEBUG - bleak.backends.dotnet.client - Write Characteristic 6e400002-b5a3-f393-e0a9-e50e24dcca9e : bytearray(b'2,2')
2021-08-18 19:40:07,511 - INFO - root - x = 678, y = 94, Radius = 56.557376861572266
2021-08-18 19:40:07,511 - INFO - root - Decision Window: xRange = 489, 502,  yRange = 129, 89
2021-08-18 19:40:07,511 - INFO - root - Next Decision Window: xRange = 477, 488,  yRange = 118, 82
2021-08-18 19:40:07,511 - INFO - root - Distance = 196.09181522949905, direction = 2, Win# 0
2021-08-18 19:40:07,598 - DEBUG - bleak.backends.dotnet.client - Write Characteristic 6e400002-b5a3-f393-e0a9-e50e24dcca9e : bytearray(b'2,2')
2021-08-18 19:40:07,635 - INFO - root - x = 678, y = 94, Radius = 57.00229263305664
2021-08-18 19:40:07,635 - INFO - root - Decision Window: xRange = 489, 502,  yRange = 129, 89
2021-08-18 19:40:07,635 - INFO - root - Next Decision Window: xRange = 477, 488,  yRange = 118, 82
2021-08-18 19:40:07,635 - INFO - root - Distance = 196.09181522949905, direction = 2, Win# 0
2021-08-18 19:40:07,717 - DEBUG - bleak.backends.dotnet.client - Write Characteristic 6e400002-b5a3-f393-e0a9-e50e24dcca9e : bytearray(b'2,2')
2021-08-18 19:40:07,756 - INFO - root - x = 676, y = 99, Radius = 57.558834075927734
2021-08-18 19:40:07,756 - INFO - root - Decision Window: xRange = 489, 502,  yRange = 129, 89
2021-08-18 19:40:07,756 - INFO - root - Next Decision Window: xRange = 477, 488,  yRange = 118, 82
2021-08-18 19:40:07,756 - INFO - root - Distance = 194.0025773024678, direction = 2, Win# 0
2021-08-18 19:40:07,838 - DEBUG - bleak.backends.dotnet.client - Write Characteristic 6e400002-b5a3-f393-e0a9-e50e24dcca9e : bytearray(b'2,2')
2021-08-18 19:40:07,871 - INFO - root - x = 677, y = 97, Radius = 57.760379791259766
2021-08-18 19:40:07,871 - INFO - root - Decision Window: xRange = 489, 502,  yRange = 129, 89
2021-08-18 19:40:07,871 - INFO - root - Next Decision Window: xRange = 477, 488,  yRange = 118, 82
2021-08-18 19:40:07,871 - INFO - root - Distance = 195.0230755577401, direction = 2, Win# 0
2021-08-18 19:40:07,958 - DEBUG - bleak.backends.dotnet.client - Write Characteristic 6e400002-b5a3-f393-e0a9-e50e24dcca9e : bytearray(b'2,2')
2021-08-18 19:40:07,987 - INFO - root - x = 676, y = 98, Radius = 57.97638702392578
2021-08-18 19:40:07,987 - INFO - root - Decision Window: xRange = 489, 502,  yRange = 129, 89
2021-08-18 19:40:07,987 - INFO - root - Next Decision Window: xRange = 477, 488,  yRange = 118, 82
2021-08-18 19:40:07,987 - INFO - root - Distance = 194.0103090044444, direction = 2, Win# 0
2021-08-18 19:40:08,077 - DEBUG - bleak.backends.dotnet.client - Write Characteristic 6e400002-b5a3-f393-e0a9-e50e24dcca9e : bytearray(b'2,2')
2021-08-18 19:40:08,112 - INFO - root - x = 675, y = 101, Radius = 58.57697296142578
2021-08-18 19:40:08,112 - INFO - root - Decision Window: xRange = 489, 502,  yRange = 129, 89
2021-08-18 19:40:08,112 - INFO - root - Next Decision Window: xRange = 477, 488,  yRange = 118, 82
2021-08-18 19:40:08,112 - INFO - root - Distance = 193.00259065618783, direction = 2, Win# 0
2021-08-18 19:40:08,198 - DEBUG - bleak.backends.dotnet.client - Write Characteristic 6e400002-b5a3-f393-e0a9-e50e24dcca9e : bytearray(b'2,2')
2021-08-18 19:40:08,238 - INFO - root - x = 673, y = 102, Radius = 60.73714828491211
2021-08-18 19:40:08,238 - INFO - root - Decision Window: xRange = 489, 502,  yRange = 129, 89
2021-08-18 19:40:08,238 - INFO - root - Next Decision Window: xRange = 477, 488,  yRange = 118, 82
2021-08-18 19:40:08,238 - INFO - root - Distance = 191.01047091717248, direction = 2, Win# 0
2021-08-18 19:40:08,317 - DEBUG - bleak.backends.dotnet.client - Write Characteristic 6e400002-b5a3-f393-e0a9-e50e24dcca9e : bytearray(b'2,2')
2021-08-18 19:40:08,360 - INFO - root - x = 670, y = 103, Radius = 62.991180419921875
2021-08-18 19:40:08,360 - INFO - root - Decision Window: xRange = 489, 502,  yRange = 129, 89
2021-08-18 19:40:08,360 - INFO - root - Next Decision Window: xRange = 477, 488,  yRange = 118, 82
2021-08-18 19:40:08,360 - INFO - root - Distance = 188.0239346466295, direction = 2, Win# 0
2021-08-18 19:40:08,438 - DEBUG - bleak.backends.dotnet.client - Write Characteristic 6e400002-b5a3-f393-e0a9-e50e24dcca9e : bytearray(b'2,2')
2021-08-18 19:40:08,470 - INFO - root - x = 668, y = 104, Radius = 63.33046340942383
2021-08-18 19:40:08,470 - INFO - root - Decision Window: xRange = 489, 502,  yRange = 129, 89
2021-08-18 19:40:08,470 - INFO - root - Next Decision Window: xRange = 477, 488,  yRange = 118, 82
2021-08-18 19:40:08,470 - INFO - root - Distance = 186.04300578092153, direction = 2, Win# 0
2021-08-18 19:40:08,557 - DEBUG - bleak.backends.dotnet.client - Write Characteristic 6e400002-b5a3-f393-e0a9-e50e24dcca9e : bytearray(b'2,2')
2021-08-18 19:40:08,591 - INFO - root - x = 664, y = 104, Radius = 63.919158935546875
2021-08-18 19:40:08,591 - INFO - root - Decision Window: xRange = 489, 502,  yRange = 129, 89
2021-08-18 19:40:08,591 - INFO - root - Next Decision Window: xRange = 477, 488,  yRange = 118, 82
2021-08-18 19:40:08,591 - INFO - root - Distance = 182.04395073717774, direction = 2, Win# 0
2021-08-18 19:40:08,677 - DEBUG - bleak.backends.dotnet.client - Write Characteristic 6e400002-b5a3-f393-e0a9-e50e24dcca9e : bytearray(b'2,2')
2021-08-18 19:40:08,717 - INFO - root - x = 657, y = 103, Radius = 64.74290466308594
2021-08-18 19:40:08,717 - INFO - root - Decision Window: xRange = 489, 502,  yRange = 129, 89
2021-08-18 19:40:08,717 - INFO - root - Next Decision Window: xRange = 477, 488,  yRange = 118, 82
2021-08-18 19:40:08,717 - INFO - root - Distance = 175.025712396779, direction = 2, Win# 0
2021-08-18 19:40:08,798 - DEBUG - bleak.backends.dotnet.client - Write Characteristic 6e400002-b5a3-f393-e0a9-e50e24dcca9e : bytearray(b'2,2')
2021-08-18 19:40:08,837 - INFO - root - x = 644, y = 108, Radius = 84.59915161132812
2021-08-18 19:40:08,837 - INFO - root - Decision Window: xRange = 489, 502,  yRange = 129, 89
2021-08-18 19:40:08,837 - INFO - root - Next Decision Window: xRange = 477, 488,  yRange = 118, 82
2021-08-18 19:40:08,837 - INFO - root - Distance = 162.19741058352318, direction = 2, Win# 0
2021-08-18 19:40:08,917 - DEBUG - bleak.backends.dotnet.client - Write Characteristic 6e400002-b5a3-f393-e0a9-e50e24dcca9e : bytearray(b'2,2')
2021-08-18 19:40:08,944 - INFO - root - x = 626, y = 111, Radius = 93.00547790527344
2021-08-18 19:40:08,944 - INFO - root - Decision Window: xRange = 489, 502,  yRange = 129, 89
2021-08-18 19:40:08,944 - INFO - root - Next Decision Window: xRange = 477, 488,  yRange = 118, 82
2021-08-18 19:40:08,945 - INFO - root - Distance = 144.4195277654653, direction = 2, Win# 0
2021-08-18 19:40:09,038 - DEBUG - bleak.backends.dotnet.client - Write Characteristic 6e400002-b5a3-f393-e0a9-e50e24dcca9e : bytearray(b'2,2')
2021-08-18 19:40:09,071 - INFO - root - x = 581, y = 103, Radius = 86.72091674804688
2021-08-18 19:40:09,071 - INFO - root - Decision Window: xRange = 489, 502,  yRange = 129, 89
2021-08-18 19:40:09,071 - INFO - root - Next Decision Window: xRange = 477, 488,  yRange = 118, 82
2021-08-18 19:40:09,071 - INFO - root - Distance = 99.04544411531506, direction = 2, Win# 0
2021-08-18 19:40:09,157 - DEBUG - bleak.backends.dotnet.client - Write Characteristic 6e400002-b5a3-f393-e0a9-e50e24dcca9e : bytearray(b'2,1')
2021-08-18 19:40:09,191 - INFO - root - x = 547, y = 95, Radius = 69.74700164794922
2021-08-18 19:40:09,191 - INFO - root - Decision Window: xRange = 489, 502,  yRange = 129, 89
2021-08-18 19:40:09,191 - INFO - root - Next Decision Window: xRange = 477, 488,  yRange = 118, 82
2021-08-18 19:40:09,191 - INFO - root - Distance = 65.19202405202648, direction = 2, Win# 0
2021-08-18 19:40:09,278 - DEBUG - bleak.backends.dotnet.client - Write Characteristic 6e400002-b5a3-f393-e0a9-e50e24dcca9e : bytearray(b'2,1')
2021-08-18 19:40:09,317 - INFO - root - x = 533, y = 94, Radius = 70.79911041259766
2021-08-18 19:40:09,317 - INFO - root - Decision Window: xRange = 489, 502,  yRange = 129, 89
2021-08-18 19:40:09,317 - INFO - root - Next Decision Window: xRange = 477, 488,  yRange = 118, 82
2021-08-18 19:40:09,318 - INFO - root - Distance = 51.35172830587107, direction = 2, Win# 0
2021-08-18 19:40:09,397 - DEBUG - bleak.backends.dotnet.client - Write Characteristic 6e400002-b5a3-f393-e0a9-e50e24dcca9e : bytearray(b'2,1')
2021-08-18 19:40:09,442 - INFO - root - x = 514, y = 91, Radius = 77.28205108642578
2021-08-18 19:40:09,442 - INFO - root - Decision Window: xRange = 489, 502,  yRange = 129, 89
2021-08-18 19:40:09,442 - INFO - root - Next Decision Window: xRange = 477, 488,  yRange = 118, 82
2021-08-18 19:40:09,442 - INFO - root - Distance = 33.24154027718932, direction = 2, Win# 0
2021-08-18 19:40:09,518 - DEBUG - bleak.backends.dotnet.client - Write Characteristic 6e400002-b5a3-f393-e0a9-e50e24dcca9e : bytearray(b'2,0')
2021-08-18 19:40:09,546 - INFO - root - x = 496, y = 84, Radius = 61.29136276245117
2021-08-18 19:40:09,546 - INFO - root - Decision Window: xRange = 489, 502,  yRange = 129, 89
2021-08-18 19:40:09,546 - INFO - root - Next Decision Window: xRange = 477, 488,  yRange = 118, 82
2021-08-18 19:40:09,546 - INFO - root - Distance = 21.2602916254693, direction = 3, Win# 0
2021-08-18 19:40:09,638 - DEBUG - bleak.backends.dotnet.client - Write Characteristic 6e400002-b5a3-f393-e0a9-e50e24dcca9e : bytearray(b'3,0')
2021-08-18 19:40:09,675 - INFO - root - x = 485, y = 90, Radius = 71.40038299560547
2021-08-18 19:40:09,676 - INFO - root - Decision Window: xRange = 477, 488,  yRange = 118, 82
2021-08-18 19:40:09,676 - INFO - root - Next Decision Window: xRange = 466, 476,  yRange = 115, 80
2021-08-18 19:40:09,676 - INFO - root - Distance = 0, direction = 3, Win# 1
2021-08-18 19:40:09,758 - DEBUG - bleak.backends.dotnet.client - Write Characteristic 6e400002-b5a3-f393-e0a9-e50e24dcca9e : bytearray(b'3,0')
2021-08-18 19:40:09,792 - INFO - root - x = 486, y = 98, Radius = 89.64383697509766
2021-08-18 19:40:09,792 - INFO - root - Decision Window: xRange = 477, 488,  yRange = 118, 82
2021-08-18 19:40:09,792 - INFO - root - Next Decision Window: xRange = 466, 476,  yRange = 115, 80
2021-08-18 19:40:09,792 - INFO - root - Distance = 15.033296378372908, direction = 2, Win# 1
2021-08-18 19:40:09,878 - DEBUG - bleak.backends.dotnet.client - Write Characteristic 6e400002-b5a3-f393-e0a9-e50e24dcca9e : bytearray(b'2,0')
2021-08-18 19:40:09,921 - INFO - root - x = 479, y = 96, Radius = 82.92476654052734
2021-08-18 19:40:09,921 - INFO - root - Decision Window: xRange = 477, 488,  yRange = 118, 82
2021-08-18 19:40:09,921 - INFO - root - Next Decision Window: xRange = 466, 476,  yRange = 115, 80
2021-08-18 19:40:09,921 - INFO - root - Distance = 8.06225774829855, direction = 2, Win# 1
2021-08-18 19:40:09,998 - DEBUG - bleak.backends.dotnet.client - Write Characteristic 6e400002-b5a3-f393-e0a9-e50e24dcca9e : bytearray(b'2,0')
2021-08-18 19:40:10,026 - INFO - root - x = 475, y = 97, Radius = 79.68228149414062
2021-08-18 19:40:10,026 - INFO - root - Decision Window: xRange = 466, 476,  yRange = 115, 80
2021-08-18 19:40:10,027 - INFO - root - Next Decision Window: xRange = 458, 465,  yRange = 98, 78
2021-08-18 19:40:10,027 - INFO - root - Distance = 0, direction = 2, Win# 2
2021-08-18 19:40:10,118 - DEBUG - bleak.backends.dotnet.client - Write Characteristic 6e400002-b5a3-f393-e0a9-e50e24dcca9e : bytearray(b'2,0')
2021-08-18 19:40:10,147 - INFO - root - x = 475, y = 101, Radius = 84.71285247802734
2021-08-18 19:40:10,147 - INFO - root - Decision Window: xRange = 466, 476,  yRange = 115, 80
2021-08-18 19:40:10,147 - INFO - root - Next Decision Window: xRange = 458, 465,  yRange = 98, 78
2021-08-18 19:40:10,147 - INFO - root - Distance = 19.1049731745428, direction = 2, Win# 2
2021-08-18 19:40:10,237 - DEBUG - bleak.backends.dotnet.client - Write Characteristic 6e400002-b5a3-f393-e0a9-e50e24dcca9e : bytearray(b'2,0')
2021-08-18 19:40:10,273 - INFO - root - x = 474, y = 100, Radius = 85.26586151123047
2021-08-18 19:40:10,273 - INFO - root - Decision Window: xRange = 466, 476,  yRange = 115, 80
2021-08-18 19:40:10,273 - INFO - root - Next Decision Window: xRange = 458, 465,  yRange = 98, 78
2021-08-18 19:40:10,273 - INFO - root - Distance = 17.69180601295413, direction = 2, Win# 2
2021-08-18 19:40:10,357 - DEBUG - bleak.backends.dotnet.client - Write Characteristic 6e400002-b5a3-f393-e0a9-e50e24dcca9e : bytearray(b'2,0')
2021-08-18 19:40:10,394 - INFO - root - x = 473, y = 99, Radius = 82.10064697265625
2021-08-18 19:40:10,394 - INFO - root - Decision Window: xRange = 466, 476,  yRange = 115, 80
2021-08-18 19:40:10,394 - INFO - root - Next Decision Window: xRange = 458, 465,  yRange = 98, 78
2021-08-18 19:40:10,395 - INFO - root - Distance = 16.278820596099706, direction = 2, Win# 2
2021-08-18 19:40:10,478 - DEBUG - bleak.backends.dotnet.client - Write Characteristic 6e400002-b5a3-f393-e0a9-e50e24dcca9e : bytearray(b'2,0')
2021-08-18 19:40:10,523 - INFO - root - x = 473, y = 99, Radius = 85.37134552001953
2021-08-18 19:40:10,523 - INFO - root - Decision Window: xRange = 466, 476,  yRange = 115, 80
2021-08-18 19:40:10,523 - INFO - root - Next Decision Window: xRange = 458, 465,  yRange = 98, 78
2021-08-18 19:40:10,523 - INFO - root - Distance = 16.278820596099706, direction = 2, Win# 2
2021-08-18 19:40:10,598 - DEBUG - bleak.backends.dotnet.client - Write Characteristic 6e400002-b5a3-f393-e0a9-e50e24dcca9e : bytearray(b'2,0')
2021-08-18 19:40:10,626 - INFO - root - x = 475, y = 97, Radius = 79.64462280273438
2021-08-18 19:40:10,627 - INFO - root - Decision Window: xRange = 466, 476,  yRange = 115, 80
2021-08-18 19:40:10,627 - INFO - root - Next Decision Window: xRange = 458, 465,  yRange = 98, 78
2021-08-18 19:40:10,627 - INFO - root - Distance = 16.64331697709324, direction = 2, Win# 2
2021-08-18 19:40:10,718 - DEBUG - bleak.backends.dotnet.client - Write Characteristic 6e400002-b5a3-f393-e0a9-e50e24dcca9e : bytearray(b'2,0')
2021-08-18 19:40:10,753 - INFO - root - x = 479, y = 96, Radius = 73.66148376464844
2021-08-18 19:40:10,753 - INFO - root - Decision Window: xRange = 466, 476,  yRange = 115, 80
2021-08-18 19:40:10,753 - INFO - root - Next Decision Window: xRange = 458, 465,  yRange = 98, 78
2021-08-18 19:40:10,753 - INFO - root - Distance = 19.697715603592208, direction = 2, Win# 2
2021-08-18 19:40:10,838 - DEBUG - bleak.backends.dotnet.client - Write Characteristic 6e400002-b5a3-f393-e0a9-e50e24dcca9e : bytearray(b'2,0')
2021-08-18 19:40:10,872 - INFO - root - x = 516, y = 79, Radius = 49.58721160888672
2021-08-18 19:40:10,872 - INFO - root - Decision Window: xRange = 466, 476,  yRange = 115, 80
2021-08-18 19:40:10,872 - INFO - root - Next Decision Window: xRange = 458, 465,  yRange = 98, 78
2021-08-18 19:40:10,872 - INFO - root - Distance = 55.731499172371095, direction = 2, Win# 2
2021-08-18 19:40:10,958 - DEBUG - bleak.backends.dotnet.client - Write Characteristic 6e400002-b5a3-f393-e0a9-e50e24dcca9e : bytearray(b'2,1')
2021-08-18 19:40:10,997 - INFO - root - x = 687, y = 423, Radius = 6.082862854003906
2021-08-18 19:40:10,997 - INFO - root - Decision Window: xRange = 466, 476,  yRange = 115, 80
2021-08-18 19:40:10,997 - INFO - root - Next Decision Window: xRange = 458, 465,  yRange = 98, 78
2021-08-18 19:40:10,997 - INFO - root - Distance = 404.1051843270512, direction = 1, Win# 2
2021-08-18 19:40:11,078 - DEBUG - bleak.backends.dotnet.client - Write Characteristic 6e400002-b5a3-f393-e0a9-e50e24dcca9e : bytearray(b'1,3')
2021-08-18 19:40:12,102 - INFO - root - x = 634, y = 57, Radius = 19.235483169555664
2021-08-18 19:40:12,102 - INFO - root - Decision Window: xRange = 466, 476,  yRange = 115, 80
2021-08-18 19:40:12,102 - INFO - root - Next Decision Window: xRange = 458, 465,  yRange = 98, 78
2021-08-18 19:40:12,102 - INFO - root - Distance = 175.75551200460256, direction = 2, Win# 2
2021-08-18 19:40:12,218 - DEBUG - bleak.backends.dotnet.client - Write Characteristic 6e400002-b5a3-f393-e0a9-e50e24dcca9e : bytearray(b'2,2')
2021-08-18 19:40:12,258 - INFO - root - x = 343, y = 61, Radius = 56.222869873046875
2021-08-18 19:40:12,258 - INFO - root - Decision Window: xRange = 466, 476,  yRange = 115, 80
2021-08-18 19:40:12,258 - INFO - root - Next Decision Window: xRange = 458, 465,  yRange = 98, 78
2021-08-18 19:40:12,258 - INFO - root - Distance = 121.0495766204905, direction = 4, Win# 2
2021-08-18 19:40:12,338 - DEBUG - bleak.backends.dotnet.client - Write Characteristic 6e400002-b5a3-f393-e0a9-e50e24dcca9e : bytearray(b'4,2')
2021-08-18 19:40:12,375 - INFO - root - x = 154, y = 61, Radius = 45.620819091796875
2021-08-18 19:40:12,375 - INFO - root - Decision Window: xRange = 466, 476,  yRange = 115, 80
2021-08-18 19:40:12,375 - INFO - root - Next Decision Window: xRange = 458, 465,  yRange = 98, 78
2021-08-18 19:40:12,375 - INFO - root - Distance = 308.18500936937215, direction = 4, Win# 2
2021-08-18 19:40:12,458 - DEBUG - bleak.backends.dotnet.client - Write Characteristic 6e400002-b5a3-f393-e0a9-e50e24dcca9e : bytearray(b'4,3')
2021-08-18 19:40:12,498 - INFO - root - x = 168, y = 62, Radius = 29.34716033935547
2021-08-18 19:40:12,498 - INFO - root - Decision Window: xRange = 466, 476,  yRange = 115, 80
2021-08-18 19:40:12,499 - INFO - root - Next Decision Window: xRange = 458, 465,  yRange = 98, 78
2021-08-18 19:40:12,499 - INFO - root - Distance = 294.15132160165456, direction = 4, Win# 2
2021-08-18 19:40:12,578 - DEBUG - bleak.backends.dotnet.client - Write Characteristic 6e400002-b5a3-f393-e0a9-e50e24dcca9e : bytearray(b'4,3')
2021-08-18 19:40:12,607 - INFO - root - x = 124, y = 62, Radius = 25.811918258666992
2021-08-18 19:40:12,607 - INFO - root - Decision Window: xRange = 466, 476,  yRange = 115, 80
2021-08-18 19:40:12,607 - INFO - root - Next Decision Window: xRange = 458, 465,  yRange = 98, 78
2021-08-18 19:40:12,607 - INFO - root - Distance = 338.0014792867037, direction = 4, Win# 2
2021-08-18 19:40:12,697 - DEBUG - bleak.backends.dotnet.client - Write Characteristic 6e400002-b5a3-f393-e0a9-e50e24dcca9e : bytearray(b'4,3')
2021-08-18 19:40:12,730 - INFO - root - x = 520, y = 87, Radius = 30.830278396606445
2021-08-18 19:40:12,730 - INFO - root - Decision Window: xRange = 466, 476,  yRange = 115, 80
2021-08-18 19:40:12,730 - INFO - root - Next Decision Window: xRange = 458, 465,  yRange = 98, 78
2021-08-18 19:40:12,731 - INFO - root - Distance = 59.00847396772772, direction = 2, Win# 2
2021-08-18 19:40:12,818 - DEBUG - bleak.backends.dotnet.client - Write Characteristic 6e400002-b5a3-f393-e0a9-e50e24dcca9e : bytearray(b'2,1')
2021-08-18 19:40:12,854 - INFO - root - x = 483, y = 85, Radius = 25.985671997070312
2021-08-18 19:40:12,854 - INFO - root - Decision Window: xRange = 466, 476,  yRange = 115, 80
2021-08-18 19:40:12,854 - INFO - root - Next Decision Window: xRange = 458, 465,  yRange = 98, 78
2021-08-18 19:40:12,854 - INFO - root - Distance = 22.20360331117452, direction = 2, Win# 2
2021-08-18 19:40:12,937 - DEBUG - bleak.backends.dotnet.client - Write Characteristic 6e400002-b5a3-f393-e0a9-e50e24dcca9e : bytearray(b'2,0')
2021-08-18 19:40:12,976 - INFO - root - x = 647, y = 69, Radius = 18.398468017578125
2021-08-18 19:40:12,976 - INFO - root - Decision Window: xRange = 466, 476,  yRange = 115, 80
2021-08-18 19:40:12,976 - INFO - root - Next Decision Window: xRange = 458, 465,  yRange = 98, 78
2021-08-18 19:40:12,977 - INFO - root - Distance = 186.96791168540125, direction = 2, Win# 2
2021-08-18 19:40:13,057 - DEBUG - bleak.backends.dotnet.client - Write Characteristic 6e400002-b5a3-f393-e0a9-e50e24dcca9e : bytearray(b'2,2')
2021-08-18 19:40:13,088 - INFO - root - x = 513, y = 95, Radius = 40.31138610839844
2021-08-18 19:40:13,088 - INFO - root - Decision Window: xRange = 466, 476,  yRange = 115, 80
2021-08-18 19:40:13,088 - INFO - root - Next Decision Window: xRange = 458, 465,  yRange = 98, 78
2021-08-18 19:40:13,089 - INFO - root - Distance = 52.46903848937962, direction = 2, Win# 2
2021-08-18 19:40:13,177 - DEBUG - bleak.backends.dotnet.client - Write Characteristic 6e400002-b5a3-f393-e0a9-e50e24dcca9e : bytearray(b'2,1')
2021-08-18 19:40:13,208 - INFO - root - x = 530, y = 95, Radius = 31.64263343811035
2021-08-18 19:40:13,208 - INFO - root - Decision Window: xRange = 466, 476,  yRange = 115, 80
2021-08-18 19:40:13,208 - INFO - root - Next Decision Window: xRange = 458, 465,  yRange = 98, 78
2021-08-18 19:40:13,208 - INFO - root - Distance = 69.35416353759881, direction = 2, Win# 2
2021-08-18 19:40:13,297 - DEBUG - bleak.backends.dotnet.client - Write Characteristic 6e400002-b5a3-f393-e0a9-e50e24dcca9e : bytearray(b'2,1')
2021-08-18 19:40:13,330 - INFO - root - x = 515, y = 92, Radius = 27.372529983520508
2021-08-18 19:40:13,330 - INFO - root - Decision Window: xRange = 466, 476,  yRange = 115, 80
2021-08-18 19:40:13,330 - INFO - root - Next Decision Window: xRange = 458, 465,  yRange = 98, 78
2021-08-18 19:40:13,330 - INFO - root - Distance = 54.147945482723536, direction = 2, Win# 2
2021-08-18 19:40:13,418 - DEBUG - bleak.backends.dotnet.client - Write Characteristic 6e400002-b5a3-f393-e0a9-e50e24dcca9e : bytearray(b'2,1')
2021-08-18 19:40:13,458 - INFO - root - x = 649, y = 70, Radius = 26.953763961791992
2021-08-18 19:40:13,458 - INFO - root - Decision Window: xRange = 466, 476,  yRange = 115, 80
2021-08-18 19:40:13,458 - INFO - root - Next Decision Window: xRange = 458, 465,  yRange = 98, 78
2021-08-18 19:40:13,458 - INFO - root - Distance = 188.85973631242842, direction = 2, Win# 2
2021-08-18 19:40:13,537 - DEBUG - bleak.backends.dotnet.client - Write Characteristic 6e400002-b5a3-f393-e0a9-e50e24dcca9e : bytearray(b'2,2')
2021-08-18 19:40:13,577 - INFO - root - x = 415, y = 96, Radius = 15.700418472290039
2021-08-18 19:40:13,577 - INFO - root - Decision Window: xRange = 466, 476,  yRange = 115, 80
2021-08-18 19:40:13,577 - INFO - root - Next Decision Window: xRange = 458, 465,  yRange = 98, 78
2021-08-18 19:40:13,578 - INFO - root - Distance = 46.69047011971501, direction = 4, Win# 2
