2021-08-09 14:48:44,600 - INFO - root - 


2021-08-09 14:48:44,600 - INFO - root - PROGRAM BEGINS
2021-08-09 14:48:47,291 - DEBUG - asyncio - Using proactor: IocpProactor
2021-08-09 14:48:47,527 - DEBUG - bleak.backends.dotnet.scanner - Received 38:68:A4:0D:FE:EB: Unknown.
2021-08-09 14:48:47,664 - DEBUG - bleak.backends.dotnet.scanner - Received 77:C0:8D:24:5E:1E: Unknown.
2021-08-09 14:48:47,665 - DEBUG - bleak.backends.dotnet.scanner - Received 77:C0:8D:24:5E:1E: Unknown.
2021-08-09 14:48:48,110 - DEBUG - bleak.backends.dotnet.scanner - Received 3F:4D:6C:C6:F2:5D: Unknown.
2021-08-09 14:48:48,695 - DEBUG - bleak.backends.dotnet.scanner - Received 4D:28:6B:C1:A4:37: Unknown.
2021-08-09 14:48:48,696 - DEBUG - bleak.backends.dotnet.scanner - Received 4D:28:6B:C1:A4:37: Unknown.
2021-08-09 14:48:48,829 - DEBUG - bleak.backends.dotnet.scanner - Received 40:65:1D:E5:89:72: Unknown.
2021-08-09 14:48:48,830 - DEBUG - bleak.backends.dotnet.scanner - Received 40:65:1D:E5:89:72: Unknown.
2021-08-09 14:48:49,169 - DEBUG - bleak.backends.dotnet.scanner - Received 7D:B7:B3:7F:C9:4C: Unknown.
2021-08-09 14:48:49,170 - DEBUG - bleak.backends.dotnet.scanner - Received 7D:B7:B3:7F:C9:4C: Unknown.
2021-08-09 14:48:49,289 - DEBUG - bleak.backends.dotnet.scanner - Received 77:C0:8D:24:5E:1E: Unknown.
2021-08-09 14:48:49,290 - DEBUG - bleak.backends.dotnet.scanner - Received 77:C0:8D:24:5E:1E: Unknown.
2021-08-09 14:48:49,401 - DEBUG - bleak.backends.dotnet.scanner - Received CC:D2:81:7A:31:C7: Unknown.
2021-08-09 14:48:49,764 - DEBUG - bleak.backends.dotnet.scanner - Received CC:D2:81:7A:31:C7: Unknown.
2021-08-09 14:48:49,765 - DEBUG - bleak.backends.dotnet.scanner - Received CC:D2:81:7A:31:C7: Unknown.
2021-08-09 14:48:49,883 - DEBUG - bleak.backends.dotnet.scanner - Received 7C:9E:BD:EE:7A:82: Haptic Sleeve ML.
2021-08-09 14:48:49,884 - DEBUG - bleak.backends.dotnet.scanner - Received 7C:9E:BD:EE:7A:82: Unknown.
2021-08-09 14:48:49,884 - DEBUG - bleak.backends.dotnet.scanner - 8 devices found. Watcher status: 3.
2021-08-09 14:48:49,884 - DEBUG - bleak.backends.dotnet.client - Connecting to BLE device @ 7c:9e:bd:ee:7a:82
2021-08-09 14:49:00,015 - DEBUG - bleak.backends.dotnet.scanner - Received 3F:4D:6C:C6:F2:5D: Unknown.
2021-08-09 14:49:00,274 - DEBUG - bleak.backends.dotnet.scanner - Received 4D:28:6B:C1:A4:37: Unknown.
2021-08-09 14:49:00,275 - DEBUG - bleak.backends.dotnet.scanner - Received 4D:28:6B:C1:A4:37: Unknown.
2021-08-09 14:49:00,738 - DEBUG - bleak.backends.dotnet.scanner - Received CC:D2:81:7A:31:C7: Unknown.
2021-08-09 14:49:00,739 - DEBUG - bleak.backends.dotnet.scanner - Received CC:D2:81:7A:31:C7: Unknown.
2021-08-09 14:49:00,871 - DEBUG - bleak.backends.dotnet.scanner - Received 4A:96:5C:C6:C6:26: Unknown.
2021-08-09 14:49:00,872 - DEBUG - bleak.backends.dotnet.scanner - Received 4A:96:5C:C6:C6:26: Unknown.
2021-08-09 14:49:01,105 - DEBUG - bleak.backends.dotnet.scanner - Received CC:D2:81:7A:31:C7: Unknown.
2021-08-09 14:49:01,106 - DEBUG - bleak.backends.dotnet.scanner - Received CC:D2:81:7A:31:C7: Unknown.
2021-08-09 14:49:01,222 - DEBUG - bleak.backends.dotnet.scanner - Received 77:C0:8D:24:5E:1E: Unknown.
2021-08-09 14:49:01,223 - DEBUG - bleak.backends.dotnet.scanner - Received 77:C0:8D:24:5E:1E: Unknown.
2021-08-09 14:49:01,683 - DEBUG - bleak.backends.dotnet.scanner - Received 4A:96:5C:C6:C6:26: Unknown.
2021-08-09 14:49:01,684 - DEBUG - bleak.backends.dotnet.scanner - Received 4A:96:5C:C6:C6:26: Unknown.
2021-08-09 14:49:01,934 - DEBUG - bleak.backends.dotnet.scanner - Received 4D:28:6B:C1:A4:37: Unknown.
2021-08-09 14:49:01,934 - DEBUG - bleak.backends.dotnet.scanner - Received 4D:28:6B:C1:A4:37: Unknown.
2021-08-09 14:49:02,036 - DEBUG - bleak.backends.dotnet.scanner - Received 77:C0:8D:24:5E:1E: Unknown.
2021-08-09 14:49:02,037 - DEBUG - bleak.backends.dotnet.scanner - Received 77:C0:8D:24:5E:1E: Unknown.
2021-08-09 14:49:02,398 - DEBUG - bleak.backends.dotnet.scanner - Received 3F:4D:6C:C6:F2:5D: Unknown.
2021-08-09 14:49:02,511 - DEBUG - bleak.backends.dotnet.scanner - Received 4A:96:5C:C6:C6:26: Unknown.
2021-08-09 14:49:02,512 - DEBUG - bleak.backends.dotnet.scanner - Received 4A:96:5C:C6:C6:26: Unknown.
2021-08-09 14:49:02,755 - DEBUG - bleak.backends.dotnet.scanner - Received CC:D2:81:7A:31:C7: Unknown.
2021-08-09 14:49:02,756 - DEBUG - bleak.backends.dotnet.scanner - Received CC:D2:81:7A:31:C7: Unknown.
2021-08-09 14:49:02,877 - DEBUG - bleak.backends.dotnet.scanner - Received 40:65:1D:E5:89:72: Unknown.
2021-08-09 14:49:02,878 - DEBUG - bleak.backends.dotnet.scanner - Received 40:65:1D:E5:89:72: Unknown.
2021-08-09 14:49:02,991 - DEBUG - bleak.backends.dotnet.scanner - Received 7C:9E:BD:EE:7A:82: Haptic Sleeve ML.
2021-08-09 14:49:02,992 - DEBUG - bleak.backends.dotnet.scanner - 7 devices found. Watcher status: 3.
2021-08-09 14:49:02,992 - DEBUG - bleak.backends.dotnet.client - Connecting to BLE device @ 7c:9e:bd:ee:7a:82
2021-08-09 14:49:13,153 - DEBUG - bleak.backends.dotnet.scanner - Received 38:68:A4:0D:FE:EB: Unknown.
2021-08-09 14:49:13,619 - DEBUG - bleak.backends.dotnet.scanner - Received 38:68:A4:0D:FE:EB: Unknown.
2021-08-09 14:49:13,734 - DEBUG - bleak.backends.dotnet.scanner - Received 3F:4D:6C:C6:F2:5D: Unknown.
2021-08-09 14:49:13,871 - DEBUG - bleak.backends.dotnet.scanner - Received 40:65:1D:E5:89:72: Unknown.
2021-08-09 14:49:13,872 - DEBUG - bleak.backends.dotnet.scanner - Received 40:65:1D:E5:89:72: Unknown.
2021-08-09 14:49:14,090 - DEBUG - bleak.backends.dotnet.scanner - Received 7C:9E:BD:EE:7A:82: Haptic Sleeve ML.
2021-08-09 14:49:14,091 - DEBUG - bleak.backends.dotnet.scanner - 4 devices found. Watcher status: 3.
2021-08-09 14:49:14,091 - DEBUG - bleak.backends.dotnet.client - Connecting to BLE device @ 7c:9e:bd:ee:7a:82
2021-08-09 14:49:18,134 - DEBUG - bleak.backends.dotnet.client - _ConnectionStatusChanged_Handler: 1
2021-08-09 14:49:18,134 - DEBUG - bleak.backends.dotnet.client - Get Services...
2021-08-09 14:49:18,187 - INFO - bleak.backends.dotnet.client - Services resolved for BleakClientDotNet (7c:9e:bd:ee:7a:82)
2021-08-09 14:50:20,959 - INFO - root - x = 499, y = 120, Radius = 90.35633850097656
2021-08-09 14:50:20,959 - INFO - root - Decision Window: xRange = 489, 502,  yRange = 129, 89
2021-08-09 14:50:20,959 - INFO - root - Distance = 0, direction = 0, Win# 0
2021-08-09 14:50:21,105 - DEBUG - bleak.backends.dotnet.client - Write Characteristic 6e400002-b5a3-f393-e0a9-e50e24dcca9e : bytearray(b'1,2')
2021-08-09 14:50:21,144 - INFO - root - x = 490, y = 113, Radius = 84.9265365600586
2021-08-09 14:50:21,144 - INFO - root - Decision Window: xRange = 489, 502,  yRange = 129, 89
2021-08-09 14:50:21,144 - INFO - root - Distance = 0, direction = 0, Win# 0
2021-08-09 14:50:21,224 - DEBUG - bleak.backends.dotnet.client - Write Characteristic 6e400002-b5a3-f393-e0a9-e50e24dcca9e : bytearray(b'1,2')
2021-08-09 14:50:21,254 - DEBUG - bleak.backends.dotnet.client - Disconnecting from BLE device...
2021-08-09 14:50:24,345 - DEBUG - bleak.backends.dotnet.client - _ConnectionStatusChanged_Handler: 0
2021-08-09 14:50:24,390 - DEBUG - bleak.backends.dotnet.scanner - Received 38:68:A4:0D:FE:EB: Unknown.
2021-08-09 14:50:24,620 - DEBUG - bleak.backends.dotnet.scanner - Received 77:C0:8D:24:5E:1E: Unknown.
2021-08-09 14:50:24,621 - DEBUG - bleak.backends.dotnet.scanner - Received 77:C0:8D:24:5E:1E: Unknown.
2021-08-09 14:50:24,740 - DEBUG - bleak.backends.dotnet.scanner - Received CC:D2:81:7A:31:C7: Unknown.
2021-08-09 14:50:24,740 - DEBUG - bleak.backends.dotnet.scanner - Received CC:D2:81:7A:31:C7: Unknown.
2021-08-09 14:50:24,848 - DEBUG - bleak.backends.dotnet.scanner - Received 38:68:A4:0D:FE:EB: Unknown.
2021-08-09 14:50:24,961 - DEBUG - bleak.backends.dotnet.scanner - Received 3F:4D:6C:C6:F2:5D: Unknown.
2021-08-09 14:50:25,330 - DEBUG - bleak.backends.dotnet.scanner - Received 3F:4D:6C:C6:F2:5D: Unknown.
2021-08-09 14:50:25,440 - DEBUG - bleak.backends.dotnet.scanner - Received 77:C0:8D:24:5E:1E: Unknown.
2021-08-09 14:50:25,440 - DEBUG - bleak.backends.dotnet.scanner - Received 77:C0:8D:24:5E:1E: Unknown.
2021-08-09 14:50:25,691 - DEBUG - bleak.backends.dotnet.scanner - Received 7D:B7:B3:7F:C9:4C: Unknown.
2021-08-09 14:50:25,691 - DEBUG - bleak.backends.dotnet.scanner - Received 7D:B7:B3:7F:C9:4C: Unknown.
2021-08-09 14:50:25,922 - DEBUG - bleak.backends.dotnet.scanner - Received 38:68:A4:0D:FE:EB: Unknown.
2021-08-09 14:50:26,025 - DEBUG - bleak.backends.dotnet.scanner - Received 4A:96:5C:C6:C6:26: Unknown.
2021-08-09 14:50:26,026 - DEBUG - bleak.backends.dotnet.scanner - Received 4A:96:5C:C6:C6:26: Unknown.
2021-08-09 14:50:26,381 - DEBUG - bleak.backends.dotnet.scanner - Received 38:68:A4:0D:FE:EB: Unknown.
2021-08-09 14:50:26,508 - DEBUG - bleak.backends.dotnet.scanner - Received 7D:B7:B3:7F:C9:4C: Unknown.
2021-08-09 14:50:26,508 - DEBUG - bleak.backends.dotnet.scanner - Received 7D:B7:B3:7F:C9:4C: Unknown.
2021-08-09 14:50:26,752 - DEBUG - bleak.backends.dotnet.scanner - Received CC:D2:81:7A:31:C7: Unknown.
2021-08-09 14:50:26,752 - DEBUG - bleak.backends.dotnet.scanner - Received CC:D2:81:7A:31:C7: Unknown.
2021-08-09 14:50:26,982 - DEBUG - bleak.backends.dotnet.scanner - Received 3F:4D:6C:C6:F2:5D: Unknown.
2021-08-09 14:50:27,106 - DEBUG - bleak.backends.dotnet.scanner - Received 40:65:1D:E5:89:72: Unknown.
2021-08-09 14:50:27,107 - DEBUG - bleak.backends.dotnet.scanner - Received 40:65:1D:E5:89:72: Unknown.
2021-08-09 14:50:27,343 - DEBUG - bleak.backends.dotnet.scanner - Received 77:C0:8D:24:5E:1E: Unknown.
2021-08-09 14:50:27,343 - DEBUG - bleak.backends.dotnet.scanner - Received 77:C0:8D:24:5E:1E: Unknown.
2021-08-09 14:50:27,927 - DEBUG - bleak.backends.dotnet.scanner - Received 38:68:A4:0D:FE:EB: Unknown.
2021-08-09 14:50:28,161 - DEBUG - bleak.backends.dotnet.scanner - Received 77:C0:8D:24:5E:1E: Unknown.
2021-08-09 14:50:28,161 - DEBUG - bleak.backends.dotnet.scanner - Received 77:C0:8D:24:5E:1E: Unknown.
2021-08-09 14:50:28,751 - DEBUG - bleak.backends.dotnet.scanner - Received 40:65:1D:E5:89:72: Unknown.
2021-08-09 14:50:28,752 - DEBUG - bleak.backends.dotnet.scanner - Received 40:65:1D:E5:89:72: Unknown.
2021-08-09 14:50:29,232 - DEBUG - bleak.backends.dotnet.scanner - Received 7D:B7:B3:7F:C9:4C: Unknown.
2021-08-09 14:50:29,232 - DEBUG - bleak.backends.dotnet.scanner - Received 7D:B7:B3:7F:C9:4C: Unknown.
2021-08-09 14:50:29,349 - DEBUG - bleak.backends.dotnet.scanner - Received 3F:4D:6C:C6:F2:5D: Unknown.
2021-08-09 14:50:29,462 - DEBUG - bleak.backends.dotnet.scanner - Received 7C:9E:BD:EE:7A:82: Haptic Sleeve ML.
2021-08-09 14:50:29,462 - DEBUG - bleak.backends.dotnet.scanner - 8 devices found. Watcher status: 3.
2021-08-09 14:50:29,462 - DEBUG - bleak.backends.dotnet.client - Connecting to BLE device @ 7c:9e:bd:ee:7a:82
2021-08-09 14:50:38,562 - DEBUG - bleak.backends.dotnet.client - _ConnectionStatusChanged_Handler: 1
2021-08-09 14:50:38,562 - DEBUG - bleak.backends.dotnet.client - Get Services...
2021-08-09 14:50:38,611 - INFO - bleak.backends.dotnet.client - Services resolved for BleakClientDotNet (7c:9e:bd:ee:7a:82)
2021-08-09 14:50:56,636 - DEBUG - bleak.backends.dotnet.client - Disconnecting from BLE device...
