2021-08-24 06:21:50,136 - INFO - root - 


2021-08-24 06:21:50,136 - INFO - root - PROGRAM BEGINS
2021-08-24 06:22:03,830 - INFO - root - Image: circle_image_Excel.xlsx
2021-08-24 06:22:04,734 - DEBUG - asyncio - Using proactor: IocpProactor
2021-08-24 06:22:04,866 - DEBUG - bleak.backends.dotnet.scanner - Received 3F:4D:6C:C6:F2:5D: Unknown.
2021-08-24 06:22:04,965 - DEBUG - bleak.backends.dotnet.scanner - Received 38:68:A4:0D:FE:EB: Unknown.
2021-08-24 06:22:05,436 - DEBUG - bleak.backends.dotnet.scanner - Received FA:B4:6A:30:5B:CF: Unknown.
2021-08-24 06:22:05,446 - DEBUG - bleak.backends.dotnet.scanner - Received 5C:FD:6E:10:EB:B4: Unknown.
2021-08-24 06:22:05,447 - DEBUG - bleak.backends.dotnet.scanner - Received 5C:FD:6E:10:EB:B4: Unknown.
2021-08-24 06:22:05,687 - DEBUG - bleak.backends.dotnet.scanner - Received F8:04:2E:E7:0F:DB: Unknown.
2021-08-24 06:22:05,801 - DEBUG - bleak.backends.dotnet.scanner - Received 7C:9E:BD:EE:7A:82: Haptic Sleeve ML.
2021-08-24 06:22:05,802 - DEBUG - bleak.backends.dotnet.scanner - Received 7C:9E:BD:EE:7A:82: Unknown.
2021-08-24 06:22:05,802 - DEBUG - bleak.backends.dotnet.scanner - 6 devices found. Watcher status: 3.
2021-08-24 06:22:05,802 - DEBUG - bleak.backends.dotnet.client - Connecting to BLE device @ 7c:9e:bd:ee:7a:82
2021-08-24 06:22:16,118 - DEBUG - bleak.backends.dotnet.scanner - Received CC:D2:81:7A:31:C7: Unknown.
2021-08-24 06:22:16,118 - DEBUG - bleak.backends.dotnet.scanner - Received CC:D2:81:7A:31:C7: Unknown.
2021-08-24 06:22:16,557 - DEBUG - bleak.backends.dotnet.scanner - Received 38:68:A4:0D:FE:EB: Unknown.
2021-08-24 06:22:16,931 - DEBUG - bleak.backends.dotnet.scanner - Received 44:D6:CF:0C:F7:C6: Unknown.
2021-08-24 06:22:16,932 - DEBUG - bleak.backends.dotnet.scanner - Received 44:D6:CF:0C:F7:C6: Unknown.
2021-08-24 06:22:17,035 - DEBUG - bleak.backends.dotnet.scanner - Received CC:D2:81:7A:31:C7: Unknown.
2021-08-24 06:22:17,036 - DEBUG - bleak.backends.dotnet.scanner - Received CC:D2:81:7A:31:C7: Unknown.
2021-08-24 06:22:17,768 - DEBUG - bleak.backends.dotnet.scanner - Received CC:D2:81:7A:31:C7: Unknown.
2021-08-24 06:22:17,768 - DEBUG - bleak.backends.dotnet.scanner - Received CC:D2:81:7A:31:C7: Unknown.
2021-08-24 06:22:17,860 - DEBUG - bleak.backends.dotnet.scanner - Received 64:3C:92:02:40:D0: Unknown.
2021-08-24 06:22:17,861 - DEBUG - bleak.backends.dotnet.scanner - Received 64:3C:92:02:40:D0: Unknown.
2021-08-24 06:22:18,221 - DEBUG - bleak.backends.dotnet.scanner - Received 3F:4D:6C:C6:F2:5D: Unknown.
2021-08-24 06:22:18,579 - DEBUG - bleak.backends.dotnet.scanner - Received 38:68:A4:0D:FE:EB: Unknown.
2021-08-24 06:22:18,684 - DEBUG - bleak.backends.dotnet.scanner - Received CC:D2:81:7A:31:C7: Unknown.
2021-08-24 06:22:18,685 - DEBUG - bleak.backends.dotnet.scanner - Received CC:D2:81:7A:31:C7: Unknown.
2021-08-24 06:22:18,929 - DEBUG - bleak.backends.dotnet.scanner - Received 7C:9E:BD:EE:7A:82: Haptic Sleeve ML.
2021-08-24 06:22:18,930 - DEBUG - bleak.backends.dotnet.scanner - 6 devices found. Watcher status: 3.
2021-08-24 06:22:18,930 - DEBUG - bleak.backends.dotnet.scanner - Received 7C:9E:BD:EE:7A:82: Unknown.
2021-08-24 06:22:18,930 - DEBUG - bleak.backends.dotnet.client - Connecting to BLE device @ 7c:9e:bd:ee:7a:82
2021-08-24 06:22:29,371 - DEBUG - bleak.backends.dotnet.scanner - Received 5C:FD:6E:10:EB:B4: Unknown.
2021-08-24 06:22:29,371 - DEBUG - bleak.backends.dotnet.scanner - Received 5C:FD:6E:10:EB:B4: Unknown.
2021-08-24 06:22:29,835 - DEBUG - bleak.backends.dotnet.scanner - Received 44:D6:CF:0C:F7:C6: Unknown.
2021-08-24 06:22:29,835 - DEBUG - bleak.backends.dotnet.scanner - Received 44:D6:CF:0C:F7:C6: Unknown.
2021-08-24 06:22:30,193 - DEBUG - bleak.backends.dotnet.scanner - Received 5C:FD:6E:10:EB:B4: Unknown.
2021-08-24 06:22:30,194 - DEBUG - bleak.backends.dotnet.scanner - Received 5C:FD:6E:10:EB:B4: Unknown.
2021-08-24 06:22:30,655 - DEBUG - bleak.backends.dotnet.scanner - Received 3F:4D:6C:C6:F2:5D: Unknown.
2021-08-24 06:22:30,772 - DEBUG - bleak.backends.dotnet.scanner - Received CC:D2:81:7A:31:C7: Unknown.
2021-08-24 06:22:30,779 - DEBUG - bleak.backends.dotnet.scanner - Received 38:68:A4:0D:FE:EB: Unknown.
2021-08-24 06:22:30,896 - DEBUG - bleak.backends.dotnet.scanner - Received 64:3C:92:02:40:D0: Unknown.
2021-08-24 06:22:30,897 - DEBUG - bleak.backends.dotnet.scanner - Received 64:3C:92:02:40:D0: Unknown.
2021-08-24 06:22:31,017 - DEBUG - bleak.backends.dotnet.scanner - Received 3F:4D:6C:C6:F2:5D: Unknown.
2021-08-24 06:22:31,246 - DEBUG - bleak.backends.dotnet.scanner - Received 38:68:A4:0D:FE:EB: Unknown.
2021-08-24 06:22:31,388 - DEBUG - bleak.backends.dotnet.scanner - Received 3F:4D:6C:C6:F2:5D: Unknown.
2021-08-24 06:22:31,493 - DEBUG - bleak.backends.dotnet.scanner - Received 44:D6:CF:0C:F7:C6: Unknown.
2021-08-24 06:22:31,494 - DEBUG - bleak.backends.dotnet.scanner - Received 44:D6:CF:0C:F7:C6: Unknown.
2021-08-24 06:22:31,713 - DEBUG - bleak.backends.dotnet.scanner - Received 38:68:A4:0D:FE:EB: Unknown.
2021-08-24 06:22:31,839 - DEBUG - bleak.backends.dotnet.scanner - Received 5C:FD:6E:10:EB:B4: Unknown.
2021-08-24 06:22:31,840 - DEBUG - bleak.backends.dotnet.scanner - Received 5C:FD:6E:10:EB:B4: Unknown.
2021-08-24 06:22:32,081 - DEBUG - bleak.backends.dotnet.scanner - Received 7C:9E:BD:EE:7A:82: Haptic Sleeve ML.
2021-08-24 06:22:32,081 - DEBUG - bleak.backends.dotnet.scanner - 7 devices found. Watcher status: 3.
2021-08-24 06:22:32,082 - DEBUG - bleak.backends.dotnet.scanner - Received 7C:9E:BD:EE:7A:82: Unknown.
2021-08-24 06:22:32,082 - DEBUG - bleak.backends.dotnet.client - Connecting to BLE device @ 7c:9e:bd:ee:7a:82
2021-08-24 06:22:35,615 - DEBUG - bleak.backends.dotnet.client - _ConnectionStatusChanged_Handler: 1
2021-08-24 06:22:35,615 - DEBUG - bleak.backends.dotnet.client - Get Services...
2021-08-24 06:22:35,675 - INFO - bleak.backends.dotnet.client - Services resolved for BleakClientDotNet (7c:9e:bd:ee:7a:82)
2021-08-24 06:22:47,088 - INFO - root - x = 401, y = 132, Radius = 81.5246353149414
2021-08-24 06:22:47,088 - INFO - root - Decision Window: xRange = 387, 411,  yRange = 149, 100
2021-08-24 06:22:47,088 - INFO - root - Next Decision Window: xRange = 369, 386,  yRange = 149, 106
2021-08-24 06:22:47,088 - INFO - root - Distance = 24.515301344262525, direction = 2, Win# 0
2021-08-24 06:22:47,219 - DEBUG - bleak.backends.dotnet.client - Write Characteristic 6e400002-b5a3-f393-e0a9-e50e24dcca9e : bytearray(b'2,0')
2021-08-24 06:22:47,263 - INFO - root - x = 391, y = 108, Radius = 50.817508697509766
2021-08-24 06:22:47,264 - INFO - root - Decision Window: xRange = 387, 411,  yRange = 149, 100
2021-08-24 06:22:47,264 - INFO - root - Next Decision Window: xRange = 369, 386,  yRange = 149, 106
2021-08-24 06:22:47,264 - INFO - root - Distance = 23.600847442411894, direction = 3, Win# 0
2021-08-24 06:22:47,338 - DEBUG - bleak.backends.dotnet.client - Write Characteristic 6e400002-b5a3-f393-e0a9-e50e24dcca9e : bytearray(b'3,0')
2021-08-24 06:22:47,371 - INFO - root - x = 397, y = 127, Radius = 80.50165557861328
2021-08-24 06:22:47,372 - INFO - root - Decision Window: xRange = 387, 411,  yRange = 149, 100
2021-08-24 06:22:47,372 - INFO - root - Next Decision Window: xRange = 369, 386,  yRange = 149, 106
2021-08-24 06:22:47,372 - INFO - root - Distance = 20.0, direction = 2, Win# 0
2021-08-24 06:22:47,458 - DEBUG - bleak.backends.dotnet.client - Write Characteristic 6e400002-b5a3-f393-e0a9-e50e24dcca9e : bytearray(b'2,0')
2021-08-24 06:22:47,495 - INFO - root - x = 396, y = 126, Radius = 82.00162506103516
2021-08-24 06:22:47,496 - INFO - root - Decision Window: xRange = 387, 411,  yRange = 149, 100
2021-08-24 06:22:47,496 - INFO - root - Next Decision Window: xRange = 369, 386,  yRange = 149, 106
2021-08-24 06:22:47,496 - INFO - root - Distance = 19.026297590440446, direction = 2, Win# 0
2021-08-24 06:22:47,578 - DEBUG - bleak.backends.dotnet.client - Write Characteristic 6e400002-b5a3-f393-e0a9-e50e24dcca9e : bytearray(b'2,0')
2021-08-24 06:22:47,618 - INFO - root - x = 387, y = 110, Radius = 51.17374801635742
2021-08-24 06:22:47,619 - INFO - root - Decision Window: xRange = 387, 411,  yRange = 149, 100
2021-08-24 06:22:47,619 - INFO - root - Next Decision Window: xRange = 369, 386,  yRange = 149, 106
2021-08-24 06:22:47,619 - INFO - root - Distance = 19.72308292331602, direction = 3, Win# 0
2021-08-24 06:22:47,698 - DEBUG - bleak.backends.dotnet.client - Write Characteristic 6e400002-b5a3-f393-e0a9-e50e24dcca9e : bytearray(b'3,0')
2021-08-24 06:22:47,748 - INFO - root - x = 379, y = 122, Radius = 80.50630950927734
2021-08-24 06:22:47,748 - INFO - root - Decision Window: xRange = 369, 386,  yRange = 149, 106
2021-08-24 06:22:47,748 - INFO - root - Next Decision Window: xRange = 349, 368,  yRange = 147, 123
2021-08-24 06:22:47,748 - INFO - root - Distance = 0, direction = 3, Win# 1
2021-08-24 06:22:47,818 - DEBUG - bleak.backends.dotnet.client - Write Characteristic 6e400002-b5a3-f393-e0a9-e50e24dcca9e : bytearray(b'3,0')
2021-08-24 06:22:47,865 - INFO - root - x = 377, y = 122, Radius = 80.79768371582031
2021-08-24 06:22:47,865 - INFO - root - Decision Window: xRange = 369, 386,  yRange = 149, 106
2021-08-24 06:22:47,865 - INFO - root - Next Decision Window: xRange = 349, 368,  yRange = 147, 123
2021-08-24 06:22:47,865 - INFO - root - Distance = 23.021728866442675, direction = 2, Win# 1
2021-08-24 06:22:47,938 - DEBUG - bleak.backends.dotnet.client - Write Characteristic 6e400002-b5a3-f393-e0a9-e50e24dcca9e : bytearray(b'2,0')
2021-08-24 06:22:47,973 - INFO - root - x = 370, y = 123, Radius = 77.5387954711914
2021-08-24 06:22:47,973 - INFO - root - Decision Window: xRange = 369, 386,  yRange = 149, 106
2021-08-24 06:22:47,973 - INFO - root - Next Decision Window: xRange = 349, 368,  yRange = 147, 123
2021-08-24 06:22:47,973 - INFO - root - Distance = 16.97056274847714, direction = 3, Win# 1
2021-08-24 06:22:48,059 - DEBUG - bleak.backends.dotnet.client - Write Characteristic 6e400002-b5a3-f393-e0a9-e50e24dcca9e : bytearray(b'3,0')
2021-08-24 06:22:48,100 - INFO - root - x = 364, y = 125, Radius = 82.92325592041016
2021-08-24 06:22:48,100 - INFO - root - Decision Window: xRange = 349, 368,  yRange = 147, 123
2021-08-24 06:22:48,100 - INFO - root - Next Decision Window: xRange = 330, 348,  yRange = 152, 129
2021-08-24 06:22:48,100 - INFO - root - Distance = 0, direction = 3, Win# 2
2021-08-24 06:22:48,178 - DEBUG - bleak.backends.dotnet.client - Write Characteristic 6e400002-b5a3-f393-e0a9-e50e24dcca9e : bytearray(b'3,0')
2021-08-24 06:22:48,220 - INFO - root - x = 360, y = 121, Radius = 71.68865966796875
2021-08-24 06:22:48,220 - INFO - root - Decision Window: xRange = 349, 368,  yRange = 147, 123
2021-08-24 06:22:48,220 - INFO - root - Next Decision Window: xRange = 330, 348,  yRange = 152, 129
2021-08-24 06:22:48,220 - INFO - root - Distance = 28.319604517012593, direction = 2, Win# 2
2021-08-24 06:22:48,298 - DEBUG - bleak.backends.dotnet.client - Write Characteristic 6e400002-b5a3-f393-e0a9-e50e24dcca9e : bytearray(b'2,0')
2021-08-24 06:22:48,343 - INFO - root - x = 347, y = 122, Radius = 61.355621337890625
2021-08-24 06:22:48,343 - INFO - root - Decision Window: xRange = 349, 368,  yRange = 147, 123
2021-08-24 06:22:48,343 - INFO - root - Next Decision Window: xRange = 330, 348,  yRange = 152, 129
2021-08-24 06:22:48,343 - INFO - root - Distance = 19.697715603592208, direction = 3, Win# 2
2021-08-24 06:22:48,418 - DEBUG - bleak.backends.dotnet.client - Write Characteristic 6e400002-b5a3-f393-e0a9-e50e24dcca9e : bytearray(b'3,0')
2021-08-24 06:22:48,472 - INFO - root - x = 340, y = 133, Radius = 76.53767395019531
2021-08-24 06:22:48,472 - INFO - root - Decision Window: xRange = 330, 348,  yRange = 152, 129
2021-08-24 06:22:48,472 - INFO - root - Next Decision Window: xRange = 310, 329,  yRange = 164, 130
2021-08-24 06:22:48,472 - INFO - root - Distance = 0, direction = 3, Win# 3
2021-08-24 06:22:48,538 - DEBUG - bleak.backends.dotnet.client - Write Characteristic 6e400002-b5a3-f393-e0a9-e50e24dcca9e : bytearray(b'3,0')
2021-08-24 06:22:48,574 - INFO - root - x = 331, y = 138, Radius = 80.0157241821289
2021-08-24 06:22:48,574 - INFO - root - Decision Window: xRange = 330, 348,  yRange = 152, 129
2021-08-24 06:22:48,574 - INFO - root - Next Decision Window: xRange = 310, 329,  yRange = 164, 130
2021-08-24 06:22:48,574 - INFO - root - Distance = 15.0, direction = 2, Win# 3
2021-08-24 06:22:48,658 - DEBUG - bleak.backends.dotnet.client - Write Characteristic 6e400002-b5a3-f393-e0a9-e50e24dcca9e : bytearray(b'2,0')
2021-08-24 06:22:48,702 - INFO - root - x = 325, y = 138, Radius = 75.89805603027344
2021-08-24 06:22:48,702 - INFO - root - Decision Window: xRange = 310, 329,  yRange = 164, 130
2021-08-24 06:22:48,702 - INFO - root - Next Decision Window: xRange = 295, 309,  yRange = 175, 139
2021-08-24 06:22:48,702 - INFO - root - Distance = 0, direction = 3, Win# 4
2021-08-24 06:22:48,778 - DEBUG - bleak.backends.dotnet.client - Write Characteristic 6e400002-b5a3-f393-e0a9-e50e24dcca9e : bytearray(b'3,0')
2021-08-24 06:22:48,820 - INFO - root - x = 311, y = 126, Radius = 53.90046691894531
2021-08-24 06:22:48,820 - INFO - root - Decision Window: xRange = 310, 329,  yRange = 164, 130
2021-08-24 06:22:48,820 - INFO - root - Next Decision Window: xRange = 295, 309,  yRange = 175, 139
2021-08-24 06:22:48,820 - INFO - root - Distance = 32.28002478313795, direction = 3, Win# 4
2021-08-24 06:22:48,898 - DEBUG - bleak.backends.dotnet.client - Write Characteristic 6e400002-b5a3-f393-e0a9-e50e24dcca9e : bytearray(b'3,0')
2021-08-24 06:22:48,944 - INFO - root - x = 309, y = 130, Radius = 58.868099212646484
2021-08-24 06:22:48,944 - INFO - root - Decision Window: xRange = 310, 329,  yRange = 164, 130
2021-08-24 06:22:48,944 - INFO - root - Next Decision Window: xRange = 295, 309,  yRange = 175, 139
2021-08-24 06:22:48,944 - INFO - root - Distance = 27.892651361962706, direction = 3, Win# 4
2021-08-24 06:22:49,018 - DEBUG - bleak.backends.dotnet.client - Write Characteristic 6e400002-b5a3-f393-e0a9-e50e24dcca9e : bytearray(b'3,0')
2021-08-24 06:22:49,052 - INFO - root - x = 306, y = 131, Radius = 50.52568817138672
2021-08-24 06:22:49,052 - INFO - root - Decision Window: xRange = 310, 329,  yRange = 164, 130
2021-08-24 06:22:49,052 - INFO - root - Next Decision Window: xRange = 295, 309,  yRange = 175, 139
2021-08-24 06:22:49,052 - INFO - root - Distance = 26.30589287593181, direction = 3, Win# 4
2021-08-24 06:22:49,198 - DEBUG - bleak.backends.dotnet.client - Write Characteristic 6e400002-b5a3-f393-e0a9-e50e24dcca9e : bytearray(b'3,0')
2021-08-24 06:22:49,238 - INFO - root - x = 296, y = 135, Radius = 55.68446350097656
2021-08-24 06:22:49,238 - INFO - root - Decision Window: xRange = 310, 329,  yRange = 164, 130
2021-08-24 06:22:49,238 - INFO - root - Next Decision Window: xRange = 295, 309,  yRange = 175, 139
2021-08-24 06:22:49,238 - INFO - root - Distance = 22.80350850198276, direction = 3, Win# 4
2021-08-24 06:22:49,318 - DEBUG - bleak.backends.dotnet.client - Write Characteristic 6e400002-b5a3-f393-e0a9-e50e24dcca9e : bytearray(b'3,0')
2021-08-24 06:22:49,361 - INFO - root - x = 291, y = 141, Radius = 52.190887451171875
2021-08-24 06:22:49,361 - INFO - root - Decision Window: xRange = 310, 329,  yRange = 164, 130
2021-08-24 06:22:49,361 - INFO - root - Next Decision Window: xRange = 295, 309,  yRange = 175, 139
2021-08-24 06:22:49,361 - INFO - root - Distance = 19.4164878389476, direction = 3, Win# 4
2021-08-24 06:22:49,438 - DEBUG - bleak.backends.dotnet.client - Write Characteristic 6e400002-b5a3-f393-e0a9-e50e24dcca9e : bytearray(b'3,0')
2021-08-24 06:22:49,483 - INFO - root - x = 292, y = 144, Radius = 56.68563461303711
2021-08-24 06:22:49,484 - INFO - root - Decision Window: xRange = 310, 329,  yRange = 164, 130
2021-08-24 06:22:49,484 - INFO - root - Next Decision Window: xRange = 295, 309,  yRange = 175, 139
2021-08-24 06:22:49,484 - INFO - root - Distance = 16.401219466856727, direction = 3, Win# 4
2021-08-24 06:22:49,558 - DEBUG - bleak.backends.dotnet.client - Write Characteristic 6e400002-b5a3-f393-e0a9-e50e24dcca9e : bytearray(b'3,0')
2021-08-24 06:22:49,612 - INFO - root - x = 298, y = 141, Radius = 55.20732498168945
2021-08-24 06:22:49,612 - INFO - root - Decision Window: xRange = 295, 309,  yRange = 175, 139
2021-08-24 06:22:49,612 - INFO - root - Next Decision Window: xRange = 281, 294,  yRange = 190, 148
2021-08-24 06:22:49,612 - INFO - root - Distance = 0, direction = 3, Win# 5
2021-08-24 06:22:49,678 - DEBUG - bleak.backends.dotnet.client - Write Characteristic 6e400002-b5a3-f393-e0a9-e50e24dcca9e : bytearray(b'3,0')
2021-08-24 06:22:49,716 - INFO - root - x = 299, y = 141, Radius = 55.99269104003906
2021-08-24 06:22:49,716 - INFO - root - Decision Window: xRange = 295, 309,  yRange = 175, 139
2021-08-24 06:22:49,716 - INFO - root - Next Decision Window: xRange = 281, 294,  yRange = 190, 148
2021-08-24 06:22:49,716 - INFO - root - Distance = 0, direction = 1, Win# 5
2021-08-24 06:22:49,799 - DEBUG - bleak.backends.dotnet.client - Write Characteristic 6e400002-b5a3-f393-e0a9-e50e24dcca9e : bytearray(b'1,0')
2021-08-24 06:22:49,808 - DEBUG - bleak.backends.dotnet.client - Disconnecting from BLE device...
2021-08-24 06:22:52,919 - DEBUG - bleak.backends.dotnet.client - _ConnectionStatusChanged_Handler: 0
