2021-08-24 06:26:17,194 - INFO - root - 


2021-08-24 06:26:17,194 - INFO - root - PROGRAM BEGINS
2021-08-24 06:26:19,469 - INFO - root - Image: circle_image_Excel.xlsx
2021-08-24 06:26:20,360 - DEBUG - asyncio - Using proactor: IocpProactor
2021-08-24 06:26:20,606 - DEBUG - bleak.backends.dotnet.scanner - Received 75:D9:BF:0C:31:10: Unknown.
2021-08-24 06:26:20,610 - DEBUG - bleak.backends.dotnet.scanner - Received 75:D9:BF:0C:31:10: Unknown.
2021-08-24 06:26:20,718 - DEBUG - bleak.backends.dotnet.scanner - Received 75:D9:BF:0C:31:10: Unknown.
2021-08-24 06:26:20,832 - DEBUG - bleak.backends.dotnet.scanner - Received 44:D6:CF:0C:F7:C6: Unknown.
2021-08-24 06:26:20,833 - DEBUG - bleak.backends.dotnet.scanner - Received 44:D6:CF:0C:F7:C6: Unknown.
2021-08-24 06:26:20,948 - DEBUG - bleak.backends.dotnet.scanner - Received 75:D9:BF:0C:31:10: Unknown.
2021-08-24 06:26:20,949 - DEBUG - bleak.backends.dotnet.scanner - Received 75:D9:BF:0C:31:10: Unknown.
2021-08-24 06:26:21,304 - DEBUG - bleak.backends.dotnet.scanner - Received 5C:FD:6E:10:EB:B4: Unknown.
2021-08-24 06:26:21,305 - DEBUG - bleak.backends.dotnet.scanner - Received 5C:FD:6E:10:EB:B4: Unknown.
2021-08-24 06:26:21,429 - DEBUG - bleak.backends.dotnet.scanner - Received 38:68:A4:0D:FE:EB: Unknown.
2021-08-24 06:26:21,550 - DEBUG - bleak.backends.dotnet.scanner - Received 3F:4D:6C:C6:F2:5D: Unknown.
2021-08-24 06:26:21,777 - DEBUG - bleak.backends.dotnet.scanner - Received CC:D2:81:7A:31:C7: Unknown.
2021-08-24 06:26:21,778 - DEBUG - bleak.backends.dotnet.scanner - Received CC:D2:81:7A:31:C7: Unknown.
2021-08-24 06:26:21,892 - DEBUG - bleak.backends.dotnet.scanner - Received 64:3C:92:02:40:D0: Unknown.
2021-08-24 06:26:21,893 - DEBUG - bleak.backends.dotnet.scanner - Received 64:3C:92:02:40:D0: Unknown.
2021-08-24 06:26:22,127 - DEBUG - bleak.backends.dotnet.scanner - Received 5C:FD:6E:10:EB:B4: Unknown.
2021-08-24 06:26:22,128 - DEBUG - bleak.backends.dotnet.scanner - Received 5C:FD:6E:10:EB:B4: Unknown.
2021-08-24 06:26:22,512 - DEBUG - bleak.backends.dotnet.scanner - Received CC:D2:81:7A:31:C7: Unknown.
2021-08-24 06:26:22,513 - DEBUG - bleak.backends.dotnet.scanner - Received CC:D2:81:7A:31:C7: Unknown.
2021-08-24 06:26:22,714 - DEBUG - bleak.backends.dotnet.scanner - Received 64:3C:92:02:40:D0: Unknown.
2021-08-24 06:26:22,715 - DEBUG - bleak.backends.dotnet.scanner - Received 64:3C:92:02:40:D0: Unknown.
2021-08-24 06:26:22,833 - DEBUG - bleak.backends.dotnet.scanner - Received 38:68:A4:0D:FE:EB: Unknown.
2021-08-24 06:26:22,955 - DEBUG - bleak.backends.dotnet.scanner - Received 7C:9E:BD:EE:7A:82: Haptic Sleeve ML.
2021-08-24 06:26:22,956 - DEBUG - bleak.backends.dotnet.scanner - Received 7C:9E:BD:EE:7A:82: Unknown.
2021-08-24 06:26:22,956 - DEBUG - bleak.backends.dotnet.scanner - 8 devices found. Watcher status: 3.
2021-08-24 06:26:22,956 - DEBUG - bleak.backends.dotnet.client - Connecting to BLE device @ 7c:9e:bd:ee:7a:82
2021-08-24 06:26:33,095 - DEBUG - bleak.backends.dotnet.scanner - Received 75:D9:BF:0C:31:10: Unknown.
2021-08-24 06:26:33,096 - DEBUG - bleak.backends.dotnet.scanner - Received 75:D9:BF:0C:31:10: Unknown.
2021-08-24 06:26:33,127 - DEBUG - bleak.backends.dotnet.scanner - Received CC:D2:81:7A:31:C7: Unknown.
2021-08-24 06:26:33,128 - DEBUG - bleak.backends.dotnet.scanner - Received CC:D2:81:7A:31:C7: Unknown.
2021-08-24 06:26:33,476 - DEBUG - bleak.backends.dotnet.scanner - Received 44:D6:CF:0C:F7:C6: Unknown.
2021-08-24 06:26:33,477 - DEBUG - bleak.backends.dotnet.scanner - Received 44:D6:CF:0C:F7:C6: Unknown.
2021-08-24 06:26:33,594 - DEBUG - bleak.backends.dotnet.scanner - Received 75:D9:BF:0C:31:10: Unknown.
2021-08-24 06:26:33,595 - DEBUG - bleak.backends.dotnet.scanner - Received 75:D9:BF:0C:31:10: Unknown.
2021-08-24 06:26:33,722 - DEBUG - bleak.backends.dotnet.scanner - Received 75:D9:BF:0C:31:10: Unknown.
2021-08-24 06:26:33,723 - DEBUG - bleak.backends.dotnet.scanner - Received 75:D9:BF:0C:31:10: Unknown.
2021-08-24 06:26:33,854 - DEBUG - bleak.backends.dotnet.scanner - Received CC:D2:81:7A:31:C7: Unknown.
2021-08-24 06:26:33,855 - DEBUG - bleak.backends.dotnet.scanner - Received CC:D2:81:7A:31:C7: Unknown.
2021-08-24 06:26:33,957 - DEBUG - bleak.backends.dotnet.scanner - Received 5C:FD:6E:10:EB:B4: Unknown.
2021-08-24 06:26:33,957 - DEBUG - bleak.backends.dotnet.scanner - Received 5C:FD:6E:10:EB:B4: Unknown.
2021-08-24 06:26:34,192 - DEBUG - bleak.backends.dotnet.scanner - Received 75:D9:BF:0C:31:10: Unknown.
2021-08-24 06:26:34,193 - DEBUG - bleak.backends.dotnet.scanner - Received 75:D9:BF:0C:31:10: Unknown.
2021-08-24 06:26:34,303 - DEBUG - bleak.backends.dotnet.scanner - Received 44:D6:CF:0C:F7:C6: Unknown.
2021-08-24 06:26:34,303 - DEBUG - bleak.backends.dotnet.scanner - Received 44:D6:CF:0C:F7:C6: Unknown.
2021-08-24 06:26:34,677 - DEBUG - bleak.backends.dotnet.scanner - Received 64:3C:92:02:40:D0: Unknown.
2021-08-24 06:26:34,678 - DEBUG - bleak.backends.dotnet.scanner - Received 64:3C:92:02:40:D0: Unknown.
2021-08-24 06:26:34,788 - DEBUG - bleak.backends.dotnet.scanner - Received 5C:FD:6E:10:EB:B4: Unknown.
2021-08-24 06:26:34,789 - DEBUG - bleak.backends.dotnet.scanner - Received 5C:FD:6E:10:EB:B4: Unknown.
2021-08-24 06:26:34,905 - DEBUG - bleak.backends.dotnet.scanner - Received 3F:4D:6C:C6:F2:5D: Unknown.
2021-08-24 06:26:35,133 - DEBUG - bleak.backends.dotnet.scanner - Received 75:D9:BF:0C:31:10: Unknown.
2021-08-24 06:26:35,134 - DEBUG - bleak.backends.dotnet.scanner - Received 75:D9:BF:0C:31:10: Unknown.
2021-08-24 06:26:35,489 - DEBUG - bleak.backends.dotnet.scanner - Received 38:68:A4:0D:FE:EB: Unknown.
2021-08-24 06:26:35,612 - DEBUG - bleak.backends.dotnet.scanner - Received 5C:FD:6E:10:EB:B4: Unknown.
2021-08-24 06:26:35,613 - DEBUG - bleak.backends.dotnet.scanner - Received 5C:FD:6E:10:EB:B4: Unknown.
2021-08-24 06:26:35,740 - DEBUG - bleak.backends.dotnet.scanner - Received FA:B4:6A:30:5B:CF: Unknown.
2021-08-24 06:26:35,845 - DEBUG - bleak.backends.dotnet.scanner - Received FA:B4:6A:30:5B:CF: Unknown.
2021-08-24 06:26:36,082 - DEBUG - bleak.backends.dotnet.scanner - Received 7C:9E:BD:EE:7A:82: Haptic Sleeve ML.
2021-08-24 06:26:36,083 - DEBUG - bleak.backends.dotnet.scanner - 9 devices found. Watcher status: 3.
2021-08-24 06:26:36,083 - DEBUG - bleak.backends.dotnet.scanner - Received 7C:9E:BD:EE:7A:82: Unknown.
2021-08-24 06:26:36,083 - DEBUG - bleak.backends.dotnet.client - Connecting to BLE device @ 7c:9e:bd:ee:7a:82
2021-08-24 06:26:46,485 - DEBUG - bleak.backends.dotnet.scanner - Received CC:D2:81:7A:31:C7: Unknown.
2021-08-24 06:26:46,486 - DEBUG - bleak.backends.dotnet.scanner - Received CC:D2:81:7A:31:C7: Unknown.
2021-08-24 06:26:46,850 - DEBUG - bleak.backends.dotnet.scanner - Received CC:D2:81:7A:31:C7: Unknown.
2021-08-24 06:26:46,851 - DEBUG - bleak.backends.dotnet.scanner - Received CC:D2:81:7A:31:C7: Unknown.
2021-08-24 06:26:47,182 - DEBUG - bleak.backends.dotnet.scanner - Received FA:B4:6A:30:5B:CF: Unknown.
2021-08-24 06:26:47,193 - DEBUG - bleak.backends.dotnet.scanner - Received 7C:9E:BD:EE:7A:82: Haptic Sleeve ML.
2021-08-24 06:26:47,194 - DEBUG - bleak.backends.dotnet.scanner - 3 devices found. Watcher status: 3.
2021-08-24 06:26:47,194 - DEBUG - bleak.backends.dotnet.client - Connecting to BLE device @ 7c:9e:bd:ee:7a:82
2021-08-24 06:26:51,232 - DEBUG - bleak.backends.dotnet.client - _ConnectionStatusChanged_Handler: 1
2021-08-24 06:26:51,233 - DEBUG - bleak.backends.dotnet.client - Get Services...
2021-08-24 06:26:51,289 - INFO - bleak.backends.dotnet.client - Services resolved for BleakClientDotNet (7c:9e:bd:ee:7a:82)
2021-08-24 06:26:58,540 - INFO - root - x = 407, y = 128, Radius = 68.8840560913086
2021-08-24 06:26:58,540 - INFO - root - Decision Window: xRange = 387, 411,  yRange = 149, 100
2021-08-24 06:26:58,540 - INFO - root - Next Decision Window: xRange = 369, 386,  yRange = 149, 106
2021-08-24 06:26:58,540 - INFO - root - Distance = 30.01666203960727, direction = 2, Win# 0
2021-08-24 06:26:58,803 - DEBUG - bleak.backends.dotnet.client - Write Characteristic 6e400002-b5a3-f393-e0a9-e50e24dcca9e : bytearray(b'2,0')
2021-08-24 06:26:58,839 - INFO - root - x = 402, y = 133, Radius = 67.53712463378906
2021-08-24 06:26:58,840 - INFO - root - Decision Window: xRange = 387, 411,  yRange = 149, 100
2021-08-24 06:26:58,840 - INFO - root - Next Decision Window: xRange = 369, 386,  yRange = 149, 106
2021-08-24 06:26:58,840 - INFO - root - Distance = 25.709920264364882, direction = 2, Win# 0
2021-08-24 06:26:58,922 - DEBUG - bleak.backends.dotnet.client - Write Characteristic 6e400002-b5a3-f393-e0a9-e50e24dcca9e : bytearray(b'2,0')
2021-08-24 06:26:58,962 - INFO - root - x = 398, y = 137, Radius = 62.7586555480957
2021-08-24 06:26:58,963 - INFO - root - Decision Window: xRange = 387, 411,  yRange = 149, 100
2021-08-24 06:26:58,963 - INFO - root - Next Decision Window: xRange = 369, 386,  yRange = 149, 106
2021-08-24 06:26:58,963 - INFO - root - Distance = 23.259406699226016, direction = 2, Win# 0
2021-08-24 06:26:59,042 - DEBUG - bleak.backends.dotnet.client - Write Characteristic 6e400002-b5a3-f393-e0a9-e50e24dcca9e : bytearray(b'2,0')
2021-08-24 06:26:59,087 - INFO - root - x = 399, y = 142, Radius = 74.5000991821289
2021-08-24 06:26:59,087 - INFO - root - Decision Window: xRange = 387, 411,  yRange = 149, 100
2021-08-24 06:26:59,087 - INFO - root - Next Decision Window: xRange = 369, 386,  yRange = 149, 106
2021-08-24 06:26:59,087 - INFO - root - Distance = 26.627053911388696, direction = 2, Win# 0
2021-08-24 06:26:59,162 - DEBUG - bleak.backends.dotnet.client - Write Characteristic 6e400002-b5a3-f393-e0a9-e50e24dcca9e : bytearray(b'2,0')
2021-08-24 06:26:59,210 - INFO - root - x = 399, y = 138, Radius = 61.60832977294922
2021-08-24 06:26:59,210 - INFO - root - Decision Window: xRange = 387, 411,  yRange = 149, 100
2021-08-24 06:26:59,210 - INFO - root - Next Decision Window: xRange = 369, 386,  yRange = 149, 106
2021-08-24 06:26:59,211 - INFO - root - Distance = 24.596747752497688, direction = 2, Win# 0
2021-08-24 06:26:59,282 - DEBUG - bleak.backends.dotnet.client - Write Characteristic 6e400002-b5a3-f393-e0a9-e50e24dcca9e : bytearray(b'2,0')
2021-08-24 06:26:59,318 - INFO - root - x = 395, y = 141, Radius = 75.96061706542969
2021-08-24 06:26:59,319 - INFO - root - Decision Window: xRange = 387, 411,  yRange = 149, 100
2021-08-24 06:26:59,319 - INFO - root - Next Decision Window: xRange = 369, 386,  yRange = 149, 106
2021-08-24 06:26:59,319 - INFO - root - Distance = 22.80350850198276, direction = 2, Win# 0
2021-08-24 06:26:59,401 - DEBUG - bleak.backends.dotnet.client - Write Characteristic 6e400002-b5a3-f393-e0a9-e50e24dcca9e : bytearray(b'2,0')
2021-08-24 06:26:59,442 - INFO - root - x = 392, y = 141, Radius = 62.69977951049805
2021-08-24 06:26:59,442 - INFO - root - Decision Window: xRange = 387, 411,  yRange = 149, 100
2021-08-24 06:26:59,442 - INFO - root - Next Decision Window: xRange = 369, 386,  yRange = 149, 106
2021-08-24 06:26:59,442 - INFO - root - Distance = 20.518284528683193, direction = 2, Win# 0
2021-08-24 06:26:59,522 - DEBUG - bleak.backends.dotnet.client - Write Characteristic 6e400002-b5a3-f393-e0a9-e50e24dcca9e : bytearray(b'2,0')
2021-08-24 06:26:59,550 - INFO - root - x = 391, y = 143, Radius = 69.1123275756836
2021-08-24 06:26:59,550 - INFO - root - Decision Window: xRange = 387, 411,  yRange = 149, 100
2021-08-24 06:26:59,550 - INFO - root - Next Decision Window: xRange = 369, 386,  yRange = 149, 106
2021-08-24 06:26:59,550 - INFO - root - Distance = 21.2602916254693, direction = 1, Win# 0
2021-08-24 06:26:59,642 - DEBUG - bleak.backends.dotnet.client - Write Characteristic 6e400002-b5a3-f393-e0a9-e50e24dcca9e : bytearray(b'1,0')
2021-08-24 06:26:59,689 - INFO - root - x = 391, y = 142, Radius = 61.48624038696289
2021-08-24 06:26:59,689 - INFO - root - Decision Window: xRange = 387, 411,  yRange = 149, 100
2021-08-24 06:26:59,690 - INFO - root - Next Decision Window: xRange = 369, 386,  yRange = 149, 106
2021-08-24 06:26:59,690 - INFO - root - Distance = 20.518284528683193, direction = 1, Win# 0
2021-08-24 06:26:59,762 - DEBUG - bleak.backends.dotnet.client - Write Characteristic 6e400002-b5a3-f393-e0a9-e50e24dcca9e : bytearray(b'1,0')
2021-08-24 06:26:59,797 - INFO - root - x = 391, y = 142, Radius = 61.218265533447266
2021-08-24 06:26:59,797 - INFO - root - Decision Window: xRange = 387, 411,  yRange = 149, 100
2021-08-24 06:26:59,797 - INFO - root - Next Decision Window: xRange = 369, 386,  yRange = 149, 106
2021-08-24 06:26:59,797 - INFO - root - Distance = 20.518284528683193, direction = 1, Win# 0
2021-08-24 06:26:59,882 - DEBUG - bleak.backends.dotnet.client - Write Characteristic 6e400002-b5a3-f393-e0a9-e50e24dcca9e : bytearray(b'1,0')
2021-08-24 06:26:59,921 - INFO - root - x = 392, y = 143, Radius = 64.62400817871094
2021-08-24 06:26:59,921 - INFO - root - Decision Window: xRange = 387, 411,  yRange = 149, 100
2021-08-24 06:26:59,921 - INFO - root - Next Decision Window: xRange = 369, 386,  yRange = 149, 106
2021-08-24 06:26:59,921 - INFO - root - Distance = 21.93171219946131, direction = 1, Win# 0
2021-08-24 06:27:00,001 - DEBUG - bleak.backends.dotnet.client - Write Characteristic 6e400002-b5a3-f393-e0a9-e50e24dcca9e : bytearray(b'1,0')
2021-08-24 06:27:00,044 - INFO - root - x = 394, y = 144, Radius = 64.18927001953125
2021-08-24 06:27:00,044 - INFO - root - Decision Window: xRange = 387, 411,  yRange = 149, 100
2021-08-24 06:27:00,044 - INFO - root - Next Decision Window: xRange = 369, 386,  yRange = 149, 106
2021-08-24 06:27:00,044 - INFO - root - Distance = 24.041630560342615, direction = 1, Win# 0
2021-08-24 06:27:00,122 - DEBUG - bleak.backends.dotnet.client - Write Characteristic 6e400002-b5a3-f393-e0a9-e50e24dcca9e : bytearray(b'1,0')
2021-08-24 06:27:00,168 - INFO - root - x = 394, y = 143, Radius = 60.85686492919922
2021-08-24 06:27:00,168 - INFO - root - Decision Window: xRange = 387, 411,  yRange = 149, 100
2021-08-24 06:27:00,168 - INFO - root - Next Decision Window: xRange = 369, 386,  yRange = 149, 106
2021-08-24 06:27:00,168 - INFO - root - Distance = 23.345235059857504, direction = 2, Win# 0
2021-08-24 06:27:00,242 - DEBUG - bleak.backends.dotnet.client - Write Characteristic 6e400002-b5a3-f393-e0a9-e50e24dcca9e : bytearray(b'2,0')
2021-08-24 06:27:00,276 - INFO - root - x = 398, y = 147, Radius = 67.03926849365234
2021-08-24 06:27:00,276 - INFO - root - Decision Window: xRange = 387, 411,  yRange = 149, 100
2021-08-24 06:27:00,276 - INFO - root - Next Decision Window: xRange = 369, 386,  yRange = 149, 106
2021-08-24 06:27:00,276 - INFO - root - Distance = 29.0, direction = 2, Win# 0
2021-08-24 06:27:00,362 - DEBUG - bleak.backends.dotnet.client - Write Characteristic 6e400002-b5a3-f393-e0a9-e50e24dcca9e : bytearray(b'2,0')
2021-08-24 06:27:00,399 - INFO - root - x = 401, y = 148, Radius = 64.34681701660156
2021-08-24 06:27:00,399 - INFO - root - Decision Window: xRange = 387, 411,  yRange = 149, 100
2021-08-24 06:27:00,399 - INFO - root - Next Decision Window: xRange = 369, 386,  yRange = 149, 106
2021-08-24 06:27:00,399 - INFO - root - Distance = 31.89043743820395, direction = 2, Win# 0
2021-08-24 06:27:00,482 - DEBUG - bleak.backends.dotnet.client - Write Characteristic 6e400002-b5a3-f393-e0a9-e50e24dcca9e : bytearray(b'2,0')
2021-08-24 06:27:00,523 - INFO - root - x = 402, y = 149, Radius = 66.11553192138672
2021-08-24 06:27:00,523 - INFO - root - Decision Window: xRange = 387, 411,  yRange = 149, 100
2021-08-24 06:27:00,523 - INFO - root - Next Decision Window: xRange = 369, 386,  yRange = 149, 106
2021-08-24 06:27:00,523 - INFO - root - Distance = 33.301651610693426, direction = 2, Win# 0
2021-08-24 06:27:00,602 - DEBUG - bleak.backends.dotnet.client - Write Characteristic 6e400002-b5a3-f393-e0a9-e50e24dcca9e : bytearray(b'2,0')
2021-08-24 06:27:00,647 - INFO - root - x = 401, y = 147, Radius = 64.74376678466797
2021-08-24 06:27:00,647 - INFO - root - Decision Window: xRange = 387, 411,  yRange = 149, 100
2021-08-24 06:27:00,647 - INFO - root - Next Decision Window: xRange = 369, 386,  yRange = 149, 106
2021-08-24 06:27:00,647 - INFO - root - Distance = 31.240998703626616, direction = 2, Win# 0
2021-08-24 06:27:00,722 - DEBUG - bleak.backends.dotnet.client - Write Characteristic 6e400002-b5a3-f393-e0a9-e50e24dcca9e : bytearray(b'2,0')
2021-08-24 06:27:00,756 - INFO - root - x = 402, y = 140, Radius = 63.147274017333984
2021-08-24 06:27:00,756 - INFO - root - Decision Window: xRange = 387, 411,  yRange = 149, 100
2021-08-24 06:27:00,756 - INFO - root - Next Decision Window: xRange = 369, 386,  yRange = 149, 106
2021-08-24 06:27:00,756 - INFO - root - Distance = 28.178005607210743, direction = 2, Win# 0
2021-08-24 06:27:00,842 - DEBUG - bleak.backends.dotnet.client - Write Characteristic 6e400002-b5a3-f393-e0a9-e50e24dcca9e : bytearray(b'2,0')
2021-08-24 06:27:00,880 - INFO - root - x = 403, y = 134, Radius = 61.5743522644043
2021-08-24 06:27:00,880 - INFO - root - Decision Window: xRange = 387, 411,  yRange = 149, 100
2021-08-24 06:27:00,880 - INFO - root - Next Decision Window: xRange = 369, 386,  yRange = 149, 106
2021-08-24 06:27:00,880 - INFO - root - Distance = 26.92582403567252, direction = 2, Win# 0
2021-08-24 06:27:00,962 - DEBUG - bleak.backends.dotnet.client - Write Characteristic 6e400002-b5a3-f393-e0a9-e50e24dcca9e : bytearray(b'2,0')
2021-08-24 06:27:01,003 - INFO - root - x = 400, y = 127, Radius = 70.0591812133789
2021-08-24 06:27:01,003 - INFO - root - Decision Window: xRange = 387, 411,  yRange = 149, 100
2021-08-24 06:27:01,003 - INFO - root - Next Decision Window: xRange = 369, 386,  yRange = 149, 106
2021-08-24 06:27:01,003 - INFO - root - Distance = 23.0, direction = 2, Win# 0
2021-08-24 06:27:01,082 - DEBUG - bleak.backends.dotnet.client - Write Characteristic 6e400002-b5a3-f393-e0a9-e50e24dcca9e : bytearray(b'2,0')
2021-08-24 06:27:01,126 - INFO - root - x = 397, y = 122, Radius = 61.583377838134766
2021-08-24 06:27:01,127 - INFO - root - Decision Window: xRange = 387, 411,  yRange = 149, 100
2021-08-24 06:27:01,127 - INFO - root - Next Decision Window: xRange = 369, 386,  yRange = 149, 106
2021-08-24 06:27:01,127 - INFO - root - Distance = 20.615528128088304, direction = 2, Win# 0
2021-08-24 06:27:01,202 - DEBUG - bleak.backends.dotnet.client - Write Characteristic 6e400002-b5a3-f393-e0a9-e50e24dcca9e : bytearray(b'2,0')
2021-08-24 06:27:01,234 - INFO - root - x = 393, y = 114, Radius = 58.91550064086914
2021-08-24 06:27:01,235 - INFO - root - Decision Window: xRange = 387, 411,  yRange = 149, 100
2021-08-24 06:27:01,235 - INFO - root - Next Decision Window: xRange = 369, 386,  yRange = 149, 106
2021-08-24 06:27:01,235 - INFO - root - Distance = 20.615528128088304, direction = 2, Win# 0
2021-08-24 06:27:01,321 - DEBUG - bleak.backends.dotnet.client - Write Characteristic 6e400002-b5a3-f393-e0a9-e50e24dcca9e : bytearray(b'2,0')
2021-08-24 06:27:01,359 - INFO - root - x = 388, y = 109, Radius = 56.965694427490234
2021-08-24 06:27:01,359 - INFO - root - Decision Window: xRange = 387, 411,  yRange = 149, 100
2021-08-24 06:27:01,359 - INFO - root - Next Decision Window: xRange = 369, 386,  yRange = 149, 106
2021-08-24 06:27:01,359 - INFO - root - Distance = 21.095023109728988, direction = 3, Win# 0
2021-08-24 06:27:01,442 - DEBUG - bleak.backends.dotnet.client - Write Characteristic 6e400002-b5a3-f393-e0a9-e50e24dcca9e : bytearray(b'3,0')
2021-08-24 06:27:01,481 - INFO - root - x = 392, y = 111, Radius = 58.89767837524414
2021-08-24 06:27:01,482 - INFO - root - Decision Window: xRange = 387, 411,  yRange = 149, 100
2021-08-24 06:27:01,482 - INFO - root - Next Decision Window: xRange = 369, 386,  yRange = 149, 106
2021-08-24 06:27:01,482 - INFO - root - Distance = 21.93171219946131, direction = 3, Win# 0
2021-08-24 06:27:01,562 - DEBUG - bleak.backends.dotnet.client - Write Characteristic 6e400002-b5a3-f393-e0a9-e50e24dcca9e : bytearray(b'3,0')
2021-08-24 06:27:01,606 - INFO - root - x = 394, y = 114, Radius = 58.852046966552734
2021-08-24 06:27:01,606 - INFO - root - Decision Window: xRange = 387, 411,  yRange = 149, 100
2021-08-24 06:27:01,606 - INFO - root - Next Decision Window: xRange = 369, 386,  yRange = 149, 106
2021-08-24 06:27:01,606 - INFO - root - Distance = 21.400934559032695, direction = 2, Win# 0
2021-08-24 06:27:01,682 - DEBUG - bleak.backends.dotnet.client - Write Characteristic 6e400002-b5a3-f393-e0a9-e50e24dcca9e : bytearray(b'2,0')
2021-08-24 06:27:01,730 - INFO - root - x = 396, y = 119, Radius = 58.81193161010742
2021-08-24 06:27:01,730 - INFO - root - Decision Window: xRange = 387, 411,  yRange = 149, 100
2021-08-24 06:27:01,730 - INFO - root - Next Decision Window: xRange = 369, 386,  yRange = 149, 106
2021-08-24 06:27:01,730 - INFO - root - Distance = 20.615528128088304, direction = 2, Win# 0
2021-08-24 06:27:01,802 - DEBUG - bleak.backends.dotnet.client - Write Characteristic 6e400002-b5a3-f393-e0a9-e50e24dcca9e : bytearray(b'2,0')
2021-08-24 06:27:01,838 - INFO - root - x = 399, y = 124, Radius = 66.94970703125
2021-08-24 06:27:01,838 - INFO - root - Decision Window: xRange = 387, 411,  yRange = 149, 100
2021-08-24 06:27:01,838 - INFO - root - Next Decision Window: xRange = 369, 386,  yRange = 149, 106
2021-08-24 06:27:01,838 - INFO - root - Distance = 22.20360331117452, direction = 2, Win# 0
2021-08-24 06:27:01,922 - DEBUG - bleak.backends.dotnet.client - Write Characteristic 6e400002-b5a3-f393-e0a9-e50e24dcca9e : bytearray(b'2,0')
2021-08-24 06:27:01,961 - INFO - root - x = 400, y = 126, Radius = 71.47386932373047
2021-08-24 06:27:01,961 - INFO - root - Decision Window: xRange = 387, 411,  yRange = 149, 100
2021-08-24 06:27:01,961 - INFO - root - Next Decision Window: xRange = 369, 386,  yRange = 149, 106
2021-08-24 06:27:01,961 - INFO - root - Distance = 23.021728866442675, direction = 2, Win# 0
2021-08-24 06:27:02,042 - DEBUG - bleak.backends.dotnet.client - Write Characteristic 6e400002-b5a3-f393-e0a9-e50e24dcca9e : bytearray(b'2,0')
2021-08-24 06:27:02,068 - INFO - root - x = 400, y = 127, Radius = 73.68184661865234
2021-08-24 06:27:02,069 - INFO - root - Decision Window: xRange = 387, 411,  yRange = 149, 100
2021-08-24 06:27:02,069 - INFO - root - Next Decision Window: xRange = 369, 386,  yRange = 149, 106
2021-08-24 06:27:02,069 - INFO - root - Distance = 23.0, direction = 2, Win# 0
2021-08-24 06:27:02,162 - DEBUG - bleak.backends.dotnet.client - Write Characteristic 6e400002-b5a3-f393-e0a9-e50e24dcca9e : bytearray(b'2,0')
2021-08-24 06:27:02,207 - INFO - root - x = 399, y = 125, Radius = 63.906280517578125
2021-08-24 06:27:02,208 - INFO - root - Decision Window: xRange = 387, 411,  yRange = 149, 100
2021-08-24 06:27:02,208 - INFO - root - Next Decision Window: xRange = 369, 386,  yRange = 149, 106
2021-08-24 06:27:02,208 - INFO - root - Distance = 22.090722034374522, direction = 2, Win# 0
2021-08-24 06:27:02,282 - DEBUG - bleak.backends.dotnet.client - Write Characteristic 6e400002-b5a3-f393-e0a9-e50e24dcca9e : bytearray(b'2,0')
2021-08-24 06:27:02,316 - INFO - root - x = 400, y = 127, Radius = 65.95652770996094
2021-08-24 06:27:02,316 - INFO - root - Decision Window: xRange = 387, 411,  yRange = 149, 100
2021-08-24 06:27:02,316 - INFO - root - Next Decision Window: xRange = 369, 386,  yRange = 149, 106
2021-08-24 06:27:02,316 - INFO - root - Distance = 23.0, direction = 2, Win# 0
2021-08-24 06:27:02,402 - DEBUG - bleak.backends.dotnet.client - Write Characteristic 6e400002-b5a3-f393-e0a9-e50e24dcca9e : bytearray(b'2,0')
2021-08-24 06:27:02,439 - INFO - root - x = 402, y = 126, Radius = 65.48674011230469
2021-08-24 06:27:02,440 - INFO - root - Decision Window: xRange = 387, 411,  yRange = 149, 100
2021-08-24 06:27:02,440 - INFO - root - Next Decision Window: xRange = 369, 386,  yRange = 149, 106
2021-08-24 06:27:02,440 - INFO - root - Distance = 25.019992006393608, direction = 2, Win# 0
2021-08-24 06:27:02,522 - DEBUG - bleak.backends.dotnet.client - Write Characteristic 6e400002-b5a3-f393-e0a9-e50e24dcca9e : bytearray(b'2,0')
2021-08-24 06:27:02,563 - INFO - root - x = 404, y = 127, Radius = 73.70559692382812
2021-08-24 06:27:02,563 - INFO - root - Decision Window: xRange = 387, 411,  yRange = 149, 100
2021-08-24 06:27:02,563 - INFO - root - Next Decision Window: xRange = 369, 386,  yRange = 149, 106
2021-08-24 06:27:02,564 - INFO - root - Distance = 27.0, direction = 2, Win# 0
2021-08-24 06:27:02,642 - DEBUG - bleak.backends.dotnet.client - Write Characteristic 6e400002-b5a3-f393-e0a9-e50e24dcca9e : bytearray(b'2,0')
2021-08-24 06:27:02,686 - INFO - root - x = 405, y = 125, Radius = 65.94894409179688
2021-08-24 06:27:02,686 - INFO - root - Decision Window: xRange = 387, 411,  yRange = 149, 100
2021-08-24 06:27:02,686 - INFO - root - Next Decision Window: xRange = 369, 386,  yRange = 149, 106
2021-08-24 06:27:02,687 - INFO - root - Distance = 28.071337695236398, direction = 2, Win# 0
2021-08-24 06:27:02,822 - DEBUG - bleak.backends.dotnet.client - Write Characteristic 6e400002-b5a3-f393-e0a9-e50e24dcca9e : bytearray(b'2,0')
2021-08-24 06:27:02,857 - INFO - root - x = 403, y = 119, Radius = 61.40256881713867
2021-08-24 06:27:02,857 - INFO - root - Decision Window: xRange = 387, 411,  yRange = 149, 100
2021-08-24 06:27:02,857 - INFO - root - Next Decision Window: xRange = 369, 386,  yRange = 149, 106
2021-08-24 06:27:02,857 - INFO - root - Distance = 27.202941017470888, direction = 2, Win# 0
2021-08-24 06:27:02,942 - DEBUG - bleak.backends.dotnet.client - Write Characteristic 6e400002-b5a3-f393-e0a9-e50e24dcca9e : bytearray(b'2,0')
2021-08-24 06:27:02,980 - INFO - root - x = 403, y = 121, Radius = 67.36923217773438
2021-08-24 06:27:02,981 - INFO - root - Decision Window: xRange = 387, 411,  yRange = 149, 100
2021-08-24 06:27:02,981 - INFO - root - Next Decision Window: xRange = 369, 386,  yRange = 149, 106
2021-08-24 06:27:02,981 - INFO - root - Distance = 26.68332812825267, direction = 2, Win# 0
2021-08-24 06:27:03,062 - DEBUG - bleak.backends.dotnet.client - Write Characteristic 6e400002-b5a3-f393-e0a9-e50e24dcca9e : bytearray(b'2,0')
2021-08-24 06:27:03,104 - INFO - root - x = 397, y = 121, Radius = 69.25686645507812
2021-08-24 06:27:03,104 - INFO - root - Decision Window: xRange = 387, 411,  yRange = 149, 100
2021-08-24 06:27:03,104 - INFO - root - Next Decision Window: xRange = 369, 386,  yRange = 149, 106
2021-08-24 06:27:03,104 - INFO - root - Distance = 20.8806130178211, direction = 2, Win# 0
2021-08-24 06:27:03,182 - DEBUG - bleak.backends.dotnet.client - Write Characteristic 6e400002-b5a3-f393-e0a9-e50e24dcca9e : bytearray(b'2,0')
2021-08-24 06:27:03,227 - INFO - root - x = 390, y = 119, Radius = 60.362213134765625
2021-08-24 06:27:03,227 - INFO - root - Decision Window: xRange = 387, 411,  yRange = 149, 100
2021-08-24 06:27:03,227 - INFO - root - Next Decision Window: xRange = 369, 386,  yRange = 149, 106
2021-08-24 06:27:03,227 - INFO - root - Distance = 15.264337522473747, direction = 2, Win# 0
2021-08-24 06:27:03,302 - DEBUG - bleak.backends.dotnet.client - Write Characteristic 6e400002-b5a3-f393-e0a9-e50e24dcca9e : bytearray(b'2,0')
2021-08-24 06:27:03,350 - INFO - root - x = 387, y = 121, Radius = 60.01045608520508
2021-08-24 06:27:03,351 - INFO - root - Decision Window: xRange = 387, 411,  yRange = 149, 100
2021-08-24 06:27:03,351 - INFO - root - Next Decision Window: xRange = 369, 386,  yRange = 149, 106
2021-08-24 06:27:03,351 - INFO - root - Distance = 11.661903789690601, direction = 2, Win# 0
2021-08-24 06:27:03,422 - DEBUG - bleak.backends.dotnet.client - Write Characteristic 6e400002-b5a3-f393-e0a9-e50e24dcca9e : bytearray(b'2,0')
2021-08-24 06:27:03,459 - INFO - root - x = 389, y = 128, Radius = 80.12812042236328
2021-08-24 06:27:03,459 - INFO - root - Decision Window: xRange = 387, 411,  yRange = 149, 100
2021-08-24 06:27:03,459 - INFO - root - Next Decision Window: xRange = 369, 386,  yRange = 149, 106
2021-08-24 06:27:03,459 - INFO - root - Distance = 12.041594578792296, direction = 2, Win# 0
2021-08-24 06:27:03,542 - DEBUG - bleak.backends.dotnet.client - Write Characteristic 6e400002-b5a3-f393-e0a9-e50e24dcca9e : bytearray(b'2,0')
2021-08-24 06:27:03,583 - INFO - root - x = 388, y = 127, Radius = 61.834991455078125
2021-08-24 06:27:03,583 - INFO - root - Decision Window: xRange = 387, 411,  yRange = 149, 100
2021-08-24 06:27:03,583 - INFO - root - Next Decision Window: xRange = 369, 386,  yRange = 149, 106
2021-08-24 06:27:03,583 - INFO - root - Distance = 11.0, direction = 2, Win# 0
2021-08-24 06:27:03,662 - DEBUG - bleak.backends.dotnet.client - Write Characteristic 6e400002-b5a3-f393-e0a9-e50e24dcca9e : bytearray(b'2,0')
2021-08-24 06:27:03,707 - INFO - root - x = 388, y = 127, Radius = 63.197967529296875
2021-08-24 06:27:03,707 - INFO - root - Decision Window: xRange = 387, 411,  yRange = 149, 100
2021-08-24 06:27:03,707 - INFO - root - Next Decision Window: xRange = 369, 386,  yRange = 149, 106
2021-08-24 06:27:03,707 - INFO - root - Distance = 11.0, direction = 2, Win# 0
2021-08-24 06:27:03,782 - DEBUG - bleak.backends.dotnet.client - Write Characteristic 6e400002-b5a3-f393-e0a9-e50e24dcca9e : bytearray(b'2,0')
2021-08-24 06:27:03,831 - INFO - root - x = 387, y = 129, Radius = 68.20933532714844
2021-08-24 06:27:03,831 - INFO - root - Decision Window: xRange = 387, 411,  yRange = 149, 100
2021-08-24 06:27:03,831 - INFO - root - Next Decision Window: xRange = 369, 386,  yRange = 149, 106
2021-08-24 06:27:03,831 - INFO - root - Distance = 10.198039027185569, direction = 2, Win# 0
2021-08-24 06:27:03,902 - DEBUG - bleak.backends.dotnet.client - Write Characteristic 6e400002-b5a3-f393-e0a9-e50e24dcca9e : bytearray(b'2,0')
2021-08-24 06:27:03,943 - INFO - root - x = 385, y = 128, Radius = 62.938560485839844
2021-08-24 06:27:03,944 - INFO - root - Decision Window: xRange = 369, 386,  yRange = 149, 106
2021-08-24 06:27:03,944 - INFO - root - Next Decision Window: xRange = 349, 368,  yRange = 147, 123
2021-08-24 06:27:03,944 - INFO - root - Distance = 0, direction = 2, Win# 1
2021-08-24 06:27:04,022 - DEBUG - bleak.backends.dotnet.client - Write Characteristic 6e400002-b5a3-f393-e0a9-e50e24dcca9e : bytearray(b'2,0')
2021-08-24 06:27:04,062 - INFO - root - x = 379, y = 129, Radius = 69.4892807006836
2021-08-24 06:27:04,062 - INFO - root - Decision Window: xRange = 369, 386,  yRange = 149, 106
2021-08-24 06:27:04,062 - INFO - root - Next Decision Window: xRange = 349, 368,  yRange = 147, 123
2021-08-24 06:27:04,062 - INFO - root - Distance = 21.840329667841555, direction = 2, Win# 1
2021-08-24 06:27:04,141 - DEBUG - bleak.backends.dotnet.client - Write Characteristic 6e400002-b5a3-f393-e0a9-e50e24dcca9e : bytearray(b'2,0')
2021-08-24 06:27:04,185 - INFO - root - x = 381, y = 129, Radius = 73.82421112060547
2021-08-24 06:27:04,186 - INFO - root - Decision Window: xRange = 369, 386,  yRange = 149, 106
2021-08-24 06:27:04,186 - INFO - root - Next Decision Window: xRange = 349, 368,  yRange = 147, 123
2021-08-24 06:27:04,186 - INFO - root - Distance = 23.769728648009426, direction = 2, Win# 1
2021-08-24 06:27:04,262 - DEBUG - bleak.backends.dotnet.client - Write Characteristic 6e400002-b5a3-f393-e0a9-e50e24dcca9e : bytearray(b'2,0')
2021-08-24 06:27:04,308 - INFO - root - x = 377, y = 125, Radius = 61.5745849609375
2021-08-24 06:27:04,308 - INFO - root - Decision Window: xRange = 369, 386,  yRange = 149, 106
2021-08-24 06:27:04,308 - INFO - root - Next Decision Window: xRange = 349, 368,  yRange = 147, 123
2021-08-24 06:27:04,308 - INFO - root - Distance = 21.470910553583888, direction = 2, Win# 1
2021-08-24 06:27:04,382 - DEBUG - bleak.backends.dotnet.client - Write Characteristic 6e400002-b5a3-f393-e0a9-e50e24dcca9e : bytearray(b'2,0')
2021-08-24 06:27:04,416 - INFO - root - x = 376, y = 125, Radius = 61.30552673339844
2021-08-24 06:27:04,416 - INFO - root - Decision Window: xRange = 369, 386,  yRange = 149, 106
2021-08-24 06:27:04,416 - INFO - root - Next Decision Window: xRange = 349, 368,  yRange = 147, 123
2021-08-24 06:27:04,416 - INFO - root - Distance = 20.591260281974, direction = 2, Win# 1
2021-08-24 06:27:04,502 - DEBUG - bleak.backends.dotnet.client - Write Characteristic 6e400002-b5a3-f393-e0a9-e50e24dcca9e : bytearray(b'2,0')
2021-08-24 06:27:04,539 - INFO - root - x = 374, y = 127, Radius = 64.54859161376953
2021-08-24 06:27:04,539 - INFO - root - Decision Window: xRange = 369, 386,  yRange = 149, 106
2021-08-24 06:27:04,539 - INFO - root - Next Decision Window: xRange = 349, 368,  yRange = 147, 123
2021-08-24 06:27:04,539 - INFO - root - Distance = 17.88854381999832, direction = 2, Win# 1
2021-08-24 06:27:04,622 - DEBUG - bleak.backends.dotnet.client - Write Characteristic 6e400002-b5a3-f393-e0a9-e50e24dcca9e : bytearray(b'2,0')
2021-08-24 06:27:04,663 - INFO - root - x = 372, y = 126, Radius = 63.972747802734375
2021-08-24 06:27:04,663 - INFO - root - Decision Window: xRange = 369, 386,  yRange = 149, 106
2021-08-24 06:27:04,663 - INFO - root - Next Decision Window: xRange = 349, 368,  yRange = 147, 123
2021-08-24 06:27:04,663 - INFO - root - Distance = 16.64331697709324, direction = 2, Win# 1
2021-08-24 06:27:04,742 - DEBUG - bleak.backends.dotnet.client - Write Characteristic 6e400002-b5a3-f393-e0a9-e50e24dcca9e : bytearray(b'2,0')
2021-08-24 06:27:04,786 - INFO - root - x = 375, y = 128, Radius = 62.94314956665039
2021-08-24 06:27:04,787 - INFO - root - Decision Window: xRange = 369, 386,  yRange = 149, 106
2021-08-24 06:27:04,787 - INFO - root - Next Decision Window: xRange = 349, 368,  yRange = 147, 123
2021-08-24 06:27:04,787 - INFO - root - Distance = 18.384776310850235, direction = 2, Win# 1
2021-08-24 06:27:04,862 - DEBUG - bleak.backends.dotnet.client - Write Characteristic 6e400002-b5a3-f393-e0a9-e50e24dcca9e : bytearray(b'2,0')
2021-08-24 06:27:04,911 - INFO - root - x = 377, y = 127, Radius = 63.10611343383789
2021-08-24 06:27:04,911 - INFO - root - Decision Window: xRange = 369, 386,  yRange = 149, 106
2021-08-24 06:27:04,911 - INFO - root - Next Decision Window: xRange = 349, 368,  yRange = 147, 123
2021-08-24 06:27:04,911 - INFO - root - Distance = 20.615528128088304, direction = 2, Win# 1
2021-08-24 06:27:04,982 - DEBUG - bleak.backends.dotnet.client - Write Characteristic 6e400002-b5a3-f393-e0a9-e50e24dcca9e : bytearray(b'2,0')
2021-08-24 06:27:05,018 - INFO - root - x = 377, y = 127, Radius = 63.6102180480957
2021-08-24 06:27:05,018 - INFO - root - Decision Window: xRange = 369, 386,  yRange = 149, 106
2021-08-24 06:27:05,018 - INFO - root - Next Decision Window: xRange = 349, 368,  yRange = 147, 123
2021-08-24 06:27:05,018 - INFO - root - Distance = 20.615528128088304, direction = 2, Win# 1
2021-08-24 06:27:05,102 - DEBUG - bleak.backends.dotnet.client - Write Characteristic 6e400002-b5a3-f393-e0a9-e50e24dcca9e : bytearray(b'2,0')
2021-08-24 06:27:05,141 - INFO - root - x = 377, y = 128, Radius = 62.39867401123047
2021-08-24 06:27:05,141 - INFO - root - Decision Window: xRange = 369, 386,  yRange = 149, 106
2021-08-24 06:27:05,141 - INFO - root - Next Decision Window: xRange = 349, 368,  yRange = 147, 123
2021-08-24 06:27:05,141 - INFO - root - Distance = 20.248456731316587, direction = 2, Win# 1
2021-08-24 06:27:05,222 - DEBUG - bleak.backends.dotnet.client - Write Characteristic 6e400002-b5a3-f393-e0a9-e50e24dcca9e : bytearray(b'2,0')
2021-08-24 06:27:05,264 - INFO - root - x = 375, y = 129, Radius = 62.5817985534668
2021-08-24 06:27:05,265 - INFO - root - Decision Window: xRange = 369, 386,  yRange = 149, 106
2021-08-24 06:27:05,265 - INFO - root - Next Decision Window: xRange = 349, 368,  yRange = 147, 123
2021-08-24 06:27:05,265 - INFO - root - Distance = 18.027756377319946, direction = 2, Win# 1
2021-08-24 06:27:05,342 - DEBUG - bleak.backends.dotnet.client - Write Characteristic 6e400002-b5a3-f393-e0a9-e50e24dcca9e : bytearray(b'2,0')
2021-08-24 06:27:05,388 - INFO - root - x = 375, y = 128, Radius = 62.75482177734375
2021-08-24 06:27:05,388 - INFO - root - Decision Window: xRange = 369, 386,  yRange = 149, 106
2021-08-24 06:27:05,388 - INFO - root - Next Decision Window: xRange = 349, 368,  yRange = 147, 123
2021-08-24 06:27:05,388 - INFO - root - Distance = 18.384776310850235, direction = 2, Win# 1
2021-08-24 06:27:05,462 - DEBUG - bleak.backends.dotnet.client - Write Characteristic 6e400002-b5a3-f393-e0a9-e50e24dcca9e : bytearray(b'2,0')
2021-08-24 06:27:05,497 - INFO - root - x = 372, y = 127, Radius = 62.77449417114258
2021-08-24 06:27:05,497 - INFO - root - Decision Window: xRange = 369, 386,  yRange = 149, 106
2021-08-24 06:27:05,497 - INFO - root - Next Decision Window: xRange = 349, 368,  yRange = 147, 123
2021-08-24 06:27:05,497 - INFO - root - Distance = 16.1245154965971, direction = 2, Win# 1
2021-08-24 06:27:05,582 - DEBUG - bleak.backends.dotnet.client - Write Characteristic 6e400002-b5a3-f393-e0a9-e50e24dcca9e : bytearray(b'2,0')
2021-08-24 06:27:05,620 - INFO - root - x = 374, y = 127, Radius = 64.2993392944336
2021-08-24 06:27:05,620 - INFO - root - Decision Window: xRange = 369, 386,  yRange = 149, 106
2021-08-24 06:27:05,620 - INFO - root - Next Decision Window: xRange = 349, 368,  yRange = 147, 123
2021-08-24 06:27:05,620 - INFO - root - Distance = 17.88854381999832, direction = 2, Win# 1
2021-08-24 06:27:05,702 - DEBUG - bleak.backends.dotnet.client - Write Characteristic 6e400002-b5a3-f393-e0a9-e50e24dcca9e : bytearray(b'2,0')
2021-08-24 06:27:05,743 - INFO - root - x = 375, y = 128, Radius = 63.375301361083984
2021-08-24 06:27:05,744 - INFO - root - Decision Window: xRange = 369, 386,  yRange = 149, 106
2021-08-24 06:27:05,744 - INFO - root - Next Decision Window: xRange = 349, 368,  yRange = 147, 123
2021-08-24 06:27:05,744 - INFO - root - Distance = 18.384776310850235, direction = 2, Win# 1
2021-08-24 06:27:05,822 - DEBUG - bleak.backends.dotnet.client - Write Characteristic 6e400002-b5a3-f393-e0a9-e50e24dcca9e : bytearray(b'2,0')
2021-08-24 06:27:05,867 - INFO - root - x = 375, y = 126, Radius = 61.898887634277344
2021-08-24 06:27:05,867 - INFO - root - Decision Window: xRange = 369, 386,  yRange = 149, 106
2021-08-24 06:27:05,867 - INFO - root - Next Decision Window: xRange = 349, 368,  yRange = 147, 123
2021-08-24 06:27:05,867 - INFO - root - Distance = 19.235384061671343, direction = 2, Win# 1
2021-08-24 06:27:05,942 - DEBUG - bleak.backends.dotnet.client - Write Characteristic 6e400002-b5a3-f393-e0a9-e50e24dcca9e : bytearray(b'2,0')
2021-08-24 06:27:05,981 - INFO - root - x = 379, y = 128, Radius = 69.06971740722656
2021-08-24 06:27:05,981 - INFO - root - Decision Window: xRange = 369, 386,  yRange = 149, 106
2021-08-24 06:27:05,981 - INFO - root - Next Decision Window: xRange = 349, 368,  yRange = 147, 123
2021-08-24 06:27:05,981 - INFO - root - Distance = 22.135943621178654, direction = 2, Win# 1
2021-08-24 06:27:06,062 - DEBUG - bleak.backends.dotnet.client - Write Characteristic 6e400002-b5a3-f393-e0a9-e50e24dcca9e : bytearray(b'2,0')
2021-08-24 06:27:06,099 - INFO - root - x = 377, y = 128, Radius = 64.67041778564453
2021-08-24 06:27:06,099 - INFO - root - Decision Window: xRange = 369, 386,  yRange = 149, 106
2021-08-24 06:27:06,099 - INFO - root - Next Decision Window: xRange = 349, 368,  yRange = 147, 123
2021-08-24 06:27:06,099 - INFO - root - Distance = 20.248456731316587, direction = 2, Win# 1
2021-08-24 06:27:06,182 - DEBUG - bleak.backends.dotnet.client - Write Characteristic 6e400002-b5a3-f393-e0a9-e50e24dcca9e : bytearray(b'2,0')
2021-08-24 06:27:06,222 - INFO - root - x = 375, y = 129, Radius = 64.92505645751953
2021-08-24 06:27:06,223 - INFO - root - Decision Window: xRange = 369, 386,  yRange = 149, 106
2021-08-24 06:27:06,223 - INFO - root - Next Decision Window: xRange = 349, 368,  yRange = 147, 123
2021-08-24 06:27:06,223 - INFO - root - Distance = 18.027756377319946, direction = 2, Win# 1
2021-08-24 06:27:06,302 - DEBUG - bleak.backends.dotnet.client - Write Characteristic 6e400002-b5a3-f393-e0a9-e50e24dcca9e : bytearray(b'2,0')
2021-08-24 06:27:06,346 - INFO - root - x = 372, y = 131, Radius = 62.27048110961914
2021-08-24 06:27:06,346 - INFO - root - Decision Window: xRange = 369, 386,  yRange = 149, 106
2021-08-24 06:27:06,346 - INFO - root - Next Decision Window: xRange = 349, 368,  yRange = 147, 123
2021-08-24 06:27:06,346 - INFO - root - Distance = 14.560219778561036, direction = 2, Win# 1
2021-08-24 06:27:06,482 - DEBUG - bleak.backends.dotnet.client - Write Characteristic 6e400002-b5a3-f393-e0a9-e50e24dcca9e : bytearray(b'2,0')
2021-08-24 06:27:06,520 - INFO - root - x = 364, y = 134, Radius = 67.88603210449219
2021-08-24 06:27:06,520 - INFO - root - Decision Window: xRange = 349, 368,  yRange = 147, 123
2021-08-24 06:27:06,520 - INFO - root - Next Decision Window: xRange = 330, 348,  yRange = 152, 129
2021-08-24 06:27:06,520 - INFO - root - Distance = 0, direction = 2, Win# 2
2021-08-24 06:27:06,602 - DEBUG - bleak.backends.dotnet.client - Write Characteristic 6e400002-b5a3-f393-e0a9-e50e24dcca9e : bytearray(b'2,0')
2021-08-24 06:27:06,638 - INFO - root - x = 362, y = 134, Radius = 61.907100677490234
2021-08-24 06:27:06,639 - INFO - root - Decision Window: xRange = 349, 368,  yRange = 147, 123
2021-08-24 06:27:06,639 - INFO - root - Next Decision Window: xRange = 330, 348,  yRange = 152, 129
2021-08-24 06:27:06,639 - INFO - root - Distance = 23.769728648009426, direction = 2, Win# 2
2021-08-24 06:27:06,722 - DEBUG - bleak.backends.dotnet.client - Write Characteristic 6e400002-b5a3-f393-e0a9-e50e24dcca9e : bytearray(b'2,0')
2021-08-24 06:27:06,762 - INFO - root - x = 361, y = 134, Radius = 62.11918640136719
2021-08-24 06:27:06,763 - INFO - root - Decision Window: xRange = 349, 368,  yRange = 147, 123
2021-08-24 06:27:06,763 - INFO - root - Next Decision Window: xRange = 330, 348,  yRange = 152, 129
2021-08-24 06:27:06,763 - INFO - root - Distance = 22.80350850198276, direction = 2, Win# 2
2021-08-24 06:27:06,902 - DEBUG - bleak.backends.dotnet.client - Write Characteristic 6e400002-b5a3-f393-e0a9-e50e24dcca9e : bytearray(b'2,0')
2021-08-24 06:27:06,947 - INFO - root - x = 352, y = 135, Radius = 61.856788635253906
2021-08-24 06:27:06,948 - INFO - root - Decision Window: xRange = 349, 368,  yRange = 147, 123
2021-08-24 06:27:06,948 - INFO - root - Next Decision Window: xRange = 330, 348,  yRange = 152, 129
2021-08-24 06:27:06,948 - INFO - root - Distance = 13.92838827718412, direction = 2, Win# 2
2021-08-24 06:27:07,022 - DEBUG - bleak.backends.dotnet.client - Write Characteristic 6e400002-b5a3-f393-e0a9-e50e24dcca9e : bytearray(b'2,0')
2021-08-24 06:27:07,060 - INFO - root - x = 345, y = 137, Radius = 63.01799011230469
2021-08-24 06:27:07,061 - INFO - root - Decision Window: xRange = 330, 348,  yRange = 152, 129
2021-08-24 06:27:07,061 - INFO - root - Next Decision Window: xRange = 310, 329,  yRange = 164, 130
2021-08-24 06:27:07,061 - INFO - root - Distance = 0, direction = 2, Win# 3
2021-08-24 06:27:07,142 - DEBUG - bleak.backends.dotnet.client - Write Characteristic 6e400002-b5a3-f393-e0a9-e50e24dcca9e : bytearray(b'2,0')
2021-08-24 06:27:07,180 - INFO - root - x = 333, y = 141, Radius = 63.562076568603516
2021-08-24 06:27:07,180 - INFO - root - Decision Window: xRange = 330, 348,  yRange = 152, 129
2021-08-24 06:27:07,180 - INFO - root - Next Decision Window: xRange = 310, 329,  yRange = 164, 130
2021-08-24 06:27:07,180 - INFO - root - Distance = 15.231546211727817, direction = 2, Win# 3
2021-08-24 06:27:07,262 - DEBUG - bleak.backends.dotnet.client - Write Characteristic 6e400002-b5a3-f393-e0a9-e50e24dcca9e : bytearray(b'2,0')
2021-08-24 06:27:07,309 - INFO - root - x = 328, y = 143, Radius = 65.07801055908203
2021-08-24 06:27:07,309 - INFO - root - Decision Window: xRange = 310, 329,  yRange = 164, 130
2021-08-24 06:27:07,309 - INFO - root - Next Decision Window: xRange = 295, 309,  yRange = 175, 139
2021-08-24 06:27:07,309 - INFO - root - Distance = 0, direction = 2, Win# 4
2021-08-24 06:27:07,382 - DEBUG - bleak.backends.dotnet.client - Write Characteristic 6e400002-b5a3-f393-e0a9-e50e24dcca9e : bytearray(b'2,0')
2021-08-24 06:27:07,426 - INFO - root - x = 320, y = 144, Radius = 65.32428741455078
2021-08-24 06:27:07,427 - INFO - root - Decision Window: xRange = 310, 329,  yRange = 164, 130
2021-08-24 06:27:07,427 - INFO - root - Next Decision Window: xRange = 295, 309,  yRange = 175, 139
2021-08-24 06:27:07,427 - INFO - root - Distance = 22.20360331117452, direction = 2, Win# 4
2021-08-24 06:27:07,502 - DEBUG - bleak.backends.dotnet.client - Write Characteristic 6e400002-b5a3-f393-e0a9-e50e24dcca9e : bytearray(b'2,0')
2021-08-24 06:27:07,550 - INFO - root - x = 314, y = 147, Radius = 71.08631134033203
2021-08-24 06:27:07,550 - INFO - root - Decision Window: xRange = 310, 329,  yRange = 164, 130
2021-08-24 06:27:07,550 - INFO - root - Next Decision Window: xRange = 295, 309,  yRange = 175, 139
2021-08-24 06:27:07,550 - INFO - root - Distance = 15.620499351813308, direction = 2, Win# 4
2021-08-24 06:27:07,622 - DEBUG - bleak.backends.dotnet.client - Write Characteristic 6e400002-b5a3-f393-e0a9-e50e24dcca9e : bytearray(b'2,0')
2021-08-24 06:27:07,663 - INFO - root - x = 301, y = 151, Radius = 69.26950073242188
2021-08-24 06:27:07,663 - INFO - root - Decision Window: xRange = 295, 309,  yRange = 175, 139
2021-08-24 06:27:07,663 - INFO - root - Next Decision Window: xRange = 281, 294,  yRange = 190, 148
2021-08-24 06:27:07,663 - INFO - root - Distance = 0, direction = 3, Win# 5
2021-08-24 06:27:07,742 - DEBUG - bleak.backends.dotnet.client - Write Characteristic 6e400002-b5a3-f393-e0a9-e50e24dcca9e : bytearray(b'3,0')
2021-08-24 06:27:07,782 - INFO - root - x = 297, y = 152, Radius = 69.85173034667969
2021-08-24 06:27:07,782 - INFO - root - Decision Window: xRange = 295, 309,  yRange = 175, 139
2021-08-24 06:27:07,782 - INFO - root - Next Decision Window: xRange = 281, 294,  yRange = 190, 148
2021-08-24 06:27:07,782 - INFO - root - Distance = 0, direction = 1, Win# 5
2021-08-24 06:27:07,982 - DEBUG - bleak.backends.dotnet.client - Write Characteristic 6e400002-b5a3-f393-e0a9-e50e24dcca9e : bytearray(b'1,0')
2021-08-24 06:27:07,998 - DEBUG - bleak.backends.dotnet.client - Disconnecting from BLE device...
2021-08-24 06:27:11,102 - DEBUG - bleak.backends.dotnet.client - _ConnectionStatusChanged_Handler: 0
