2021-08-20 12:10:30,608 - INFO - root - 


2021-08-20 12:10:30,608 - INFO - root - PROGRAM BEGINS
2021-08-20 12:10:32,964 - INFO - root - Image: circle_image_Excel.xlsx
2021-08-20 12:10:33,860 - DEBUG - asyncio - Using proactor: IocpProactor
2021-08-20 12:10:34,388 - DEBUG - bleak.backends.dotnet.scanner - Received 7C:9E:BD:EE:7A:82: Haptic Sleeve ML.
2021-08-20 12:10:34,391 - DEBUG - bleak.backends.dotnet.scanner - Received 7C:9E:BD:EE:7A:82: Unknown.
2021-08-20 12:10:34,392 - DEBUG - bleak.backends.dotnet.scanner - 1 devices found. Watcher status: 3.
2021-08-20 12:10:34,392 - DEBUG - bleak.backends.dotnet.client - Connecting to BLE device @ 7c:9e:bd:ee:7a:82
2021-08-20 12:10:40,932 - DEBUG - bleak.backends.dotnet.client - _ConnectionStatusChanged_Handler: 1
2021-08-20 12:10:40,933 - DEBUG - bleak.backends.dotnet.client - Get Services...
2021-08-20 12:10:40,991 - INFO - bleak.backends.dotnet.client - Services resolved for BleakClientDotNet (7c:9e:bd:ee:7a:82)
2021-08-20 12:10:42,726 - INFO - root - x = 388, y = 123, Radius = 58.00872039794922
2021-08-20 12:10:42,726 - INFO - root - Decision Window: xRange = 369, 386,  yRange = 149, 106
2021-08-20 12:10:42,726 - INFO - root - Next Decision Window: xRange = 349, 368,  yRange = 147, 123
2021-08-20 12:10:42,726 - INFO - root - Distance = 32.31098884280702, direction = 2, Win# 1
2021-08-20 12:10:42,849 - DEBUG - bleak.backends.dotnet.client - Write Characteristic 6e400002-b5a3-f393-e0a9-e50e24dcca9e : bytearray(b'2,0')
2021-08-20 12:10:42,891 - INFO - root - x = 398, y = 125, Radius = 72.70670318603516
2021-08-20 12:10:42,891 - INFO - root - Decision Window: xRange = 369, 386,  yRange = 149, 106
2021-08-20 12:10:42,891 - INFO - root - Next Decision Window: xRange = 349, 368,  yRange = 147, 123
2021-08-20 12:10:42,891 - INFO - root - Distance = 41.23105625617661, direction = 2, Win# 1
2021-08-20 12:10:42,968 - DEBUG - bleak.backends.dotnet.client - Write Characteristic 6e400002-b5a3-f393-e0a9-e50e24dcca9e : bytearray(b'2,0')
2021-08-20 12:10:43,014 - INFO - root - x = 404, y = 123, Radius = 71.38987731933594
2021-08-20 12:10:43,014 - INFO - root - Decision Window: xRange = 369, 386,  yRange = 149, 106
2021-08-20 12:10:43,014 - INFO - root - Next Decision Window: xRange = 349, 368,  yRange = 147, 123
2021-08-20 12:10:43,014 - INFO - root - Distance = 47.53945729601885, direction = 2, Win# 1
2021-08-20 12:10:43,088 - DEBUG - bleak.backends.dotnet.client - Write Characteristic 6e400002-b5a3-f393-e0a9-e50e24dcca9e : bytearray(b'2,0')
2021-08-20 12:10:43,122 - INFO - root - x = 407, y = 124, Radius = 70.27278137207031
2021-08-20 12:10:43,123 - INFO - root - Decision Window: xRange = 369, 386,  yRange = 149, 106
2021-08-20 12:10:43,123 - INFO - root - Next Decision Window: xRange = 349, 368,  yRange = 147, 123
2021-08-20 12:10:43,123 - INFO - root - Distance = 50.21951811795888, direction = 2, Win# 1
2021-08-20 12:10:43,208 - DEBUG - bleak.backends.dotnet.client - Write Characteristic 6e400002-b5a3-f393-e0a9-e50e24dcca9e : bytearray(b'2,1')
2021-08-20 12:10:43,247 - INFO - root - x = 405, y = 122, Radius = 56.579689025878906
2021-08-20 12:10:43,247 - INFO - root - Decision Window: xRange = 369, 386,  yRange = 149, 106
2021-08-20 12:10:43,247 - INFO - root - Next Decision Window: xRange = 349, 368,  yRange = 147, 123
2021-08-20 12:10:43,247 - INFO - root - Distance = 48.76474136094644, direction = 2, Win# 1
2021-08-20 12:10:43,327 - DEBUG - bleak.backends.dotnet.client - Write Characteristic 6e400002-b5a3-f393-e0a9-e50e24dcca9e : bytearray(b'2,0')
2021-08-20 12:10:43,369 - INFO - root - x = 391, y = 130, Radius = 70.66126251220703
2021-08-20 12:10:43,370 - INFO - root - Decision Window: xRange = 369, 386,  yRange = 149, 106
2021-08-20 12:10:43,370 - INFO - root - Next Decision Window: xRange = 349, 368,  yRange = 147, 123
2021-08-20 12:10:43,370 - INFO - root - Distance = 33.37663853655727, direction = 2, Win# 1
2021-08-20 12:10:43,448 - DEBUG - bleak.backends.dotnet.client - Write Characteristic 6e400002-b5a3-f393-e0a9-e50e24dcca9e : bytearray(b'2,0')
2021-08-20 12:10:43,492 - INFO - root - x = 373, y = 129, Radius = 57.900875091552734
2021-08-20 12:10:43,492 - INFO - root - Decision Window: xRange = 369, 386,  yRange = 149, 106
2021-08-20 12:10:43,492 - INFO - root - Next Decision Window: xRange = 349, 368,  yRange = 147, 123
2021-08-20 12:10:43,492 - INFO - root - Distance = 16.15549442140351, direction = 2, Win# 1
2021-08-20 12:10:43,568 - DEBUG - bleak.backends.dotnet.client - Write Characteristic 6e400002-b5a3-f393-e0a9-e50e24dcca9e : bytearray(b'2,0')
2021-08-20 12:10:43,619 - INFO - root - x = 363, y = 133, Radius = 60.000099182128906
2021-08-20 12:10:43,619 - INFO - root - Decision Window: xRange = 349, 368,  yRange = 147, 123
2021-08-20 12:10:43,619 - INFO - root - Next Decision Window: xRange = 330, 348,  yRange = 152, 129
2021-08-20 12:10:43,619 - INFO - root - Distance = 0, direction = 2, Win# 2
2021-08-20 12:10:43,688 - DEBUG - bleak.backends.dotnet.client - Write Characteristic 6e400002-b5a3-f393-e0a9-e50e24dcca9e : bytearray(b'2,0')
2021-08-20 12:10:43,728 - INFO - root - x = 340, y = 141, Radius = 56.92548751831055
2021-08-20 12:10:43,728 - INFO - root - Decision Window: xRange = 330, 348,  yRange = 152, 129
2021-08-20 12:10:43,728 - INFO - root - Next Decision Window: xRange = 310, 329,  yRange = 164, 130
2021-08-20 12:10:43,728 - INFO - root - Distance = 0, direction = 1, Win# 3
2021-08-20 12:10:43,808 - DEBUG - bleak.backends.dotnet.client - Write Characteristic 6e400002-b5a3-f393-e0a9-e50e24dcca9e : bytearray(b'1,0')
2021-08-20 12:10:43,852 - INFO - root - x = 319, y = 157, Radius = 71.69563293457031
2021-08-20 12:10:43,852 - INFO - root - Decision Window: xRange = 310, 329,  yRange = 164, 130
2021-08-20 12:10:43,852 - INFO - root - Next Decision Window: xRange = 295, 309,  yRange = 175, 139
2021-08-20 12:10:43,852 - INFO - root - Distance = 0, direction = 1, Win# 4
2021-08-20 12:10:43,928 - DEBUG - bleak.backends.dotnet.client - Write Characteristic 6e400002-b5a3-f393-e0a9-e50e24dcca9e : bytearray(b'1,0')
2021-08-20 12:10:43,971 - INFO - root - x = 313, y = 162, Radius = 72.80463409423828
2021-08-20 12:10:43,971 - INFO - root - Decision Window: xRange = 310, 329,  yRange = 164, 130
2021-08-20 12:10:43,971 - INFO - root - Next Decision Window: xRange = 295, 309,  yRange = 175, 139
2021-08-20 12:10:43,971 - INFO - root - Distance = 12.083045973594572, direction = 2, Win# 4
2021-08-20 12:10:44,048 - DEBUG - bleak.backends.dotnet.client - Write Characteristic 6e400002-b5a3-f393-e0a9-e50e24dcca9e : bytearray(b'2,0')
2021-08-20 12:10:44,099 - INFO - root - x = 298, y = 167, Radius = 58.796356201171875
2021-08-20 12:10:44,099 - INFO - root - Decision Window: xRange = 295, 309,  yRange = 175, 139
2021-08-20 12:10:44,099 - INFO - root - Next Decision Window: xRange = 281, 294,  yRange = 190, 148
2021-08-20 12:10:44,099 - INFO - root - Distance = 0, direction = 1, Win# 5
2021-08-20 12:10:44,168 - DEBUG - bleak.backends.dotnet.client - Write Characteristic 6e400002-b5a3-f393-e0a9-e50e24dcca9e : bytearray(b'1,0')
2021-08-20 12:10:44,201 - DEBUG - bleak.backends.dotnet.client - Disconnecting from BLE device...
2021-08-20 12:10:47,288 - DEBUG - bleak.backends.dotnet.client - _ConnectionStatusChanged_Handler: 0
2021-08-20 12:10:47,438 - DEBUG - bleak.backends.dotnet.scanner - Received 6F:EE:67:EE:20:58: Unknown.
2021-08-20 12:10:47,439 - DEBUG - bleak.backends.dotnet.scanner - Received 6F:EE:67:EE:20:58: Unknown.
2021-08-20 12:10:47,563 - DEBUG - bleak.backends.dotnet.scanner - Received 38:68:A4:0D:FE:EB: Unknown.
2021-08-20 12:10:47,676 - DEBUG - bleak.backends.dotnet.scanner - Received FA:B4:6A:30:5B:CF: Unknown.
2021-08-20 12:10:47,677 - DEBUG - bleak.backends.dotnet.scanner - Received FA:B4:6A:30:5B:CF: Unknown.
2021-08-20 12:10:47,688 - DEBUG - bleak.backends.dotnet.scanner - Received 72:33:DB:ED:7A:01: Unknown.
2021-08-20 12:10:47,689 - DEBUG - bleak.backends.dotnet.scanner - Received 72:33:DB:ED:7A:01: Unknown.
2021-08-20 12:10:48,264 - DEBUG - bleak.backends.dotnet.scanner - Received 6F:EE:67:EE:20:58: Unknown.
2021-08-20 12:10:48,264 - DEBUG - bleak.backends.dotnet.scanner - Received 6F:EE:67:EE:20:58: Unknown.
2021-08-20 12:10:48,627 - DEBUG - bleak.backends.dotnet.scanner - Received FA:B4:6A:30:5B:CF: Unknown.
2021-08-20 12:10:48,634 - DEBUG - bleak.backends.dotnet.scanner - Received 6C:38:48:22:FE:77: Unknown.
2021-08-20 12:10:48,635 - DEBUG - bleak.backends.dotnet.scanner - Received 6C:38:48:22:FE:77: Unknown.
2021-08-20 12:10:48,860 - DEBUG - bleak.backends.dotnet.scanner - Received CC:D2:81:7A:31:C7: Unknown.
2021-08-20 12:10:48,860 - DEBUG - bleak.backends.dotnet.scanner - Received CC:D2:81:7A:31:C7: Unknown.
2021-08-20 12:10:49,103 - DEBUG - bleak.backends.dotnet.scanner - Received 38:68:A4:0D:FE:EB: Unknown.
2021-08-20 12:10:49,451 - DEBUG - bleak.backends.dotnet.scanner - Received 6C:38:48:22:FE:77: Unknown.
2021-08-20 12:10:49,451 - DEBUG - bleak.backends.dotnet.scanner - Received 6C:38:48:22:FE:77: Unknown.
