2021-08-20 11:53:18,921 - INFO - root - 


2021-08-20 11:53:18,921 - INFO - root - PROGRAM BEGINS
2021-08-20 11:53:29,075 - INFO - root - Image: letter_S_Excel.xlsx
2021-08-20 11:53:29,947 - DEBUG - asyncio - Using proactor: IocpProactor
2021-08-20 11:53:30,472 - DEBUG - bleak.backends.dotnet.scanner - Received 4F:9A:11:CF:95:24: Unknown.
2021-08-20 11:53:31,046 - DEBUG - bleak.backends.dotnet.scanner - Received CC:D2:81:7A:31:C7: Unknown.
2021-08-20 11:53:31,047 - DEBUG - bleak.backends.dotnet.scanner - Received CC:D2:81:7A:31:C7: Unknown.
2021-08-20 11:53:31,282 - DEBUG - bleak.backends.dotnet.scanner - Received 4F:9A:11:CF:95:24: Unknown.
2021-08-20 11:53:31,283 - DEBUG - bleak.backends.dotnet.scanner - Received 4F:9A:11:CF:95:24: Unknown.
2021-08-20 11:53:31,527 - DEBUG - bleak.backends.dotnet.scanner - Received 38:68:A4:0D:FE:EB: Unknown.
2021-08-20 11:53:31,994 - DEBUG - bleak.backends.dotnet.scanner - Received 7C:9E:BD:EE:7A:82: Haptic Sleeve ML.
2021-08-20 11:53:31,994 - DEBUG - bleak.backends.dotnet.scanner - Received 7C:9E:BD:EE:7A:82: Unknown.
2021-08-20 11:53:31,995 - DEBUG - bleak.backends.dotnet.scanner - 4 devices found. Watcher status: 3.
2021-08-20 11:53:31,995 - DEBUG - bleak.backends.dotnet.client - Connecting to BLE device @ 7c:9e:bd:ee:7a:82
2021-08-20 11:53:41,084 - DEBUG - bleak.backends.dotnet.client - _ConnectionStatusChanged_Handler: 1
2021-08-20 11:53:41,084 - DEBUG - bleak.backends.dotnet.client - Get Services...
2021-08-20 11:53:41,143 - INFO - bleak.backends.dotnet.client - Services resolved for BleakClientDotNet (7c:9e:bd:ee:7a:82)
2021-08-20 11:54:08,778 - INFO - root - x = 497, y = 123, Radius = 83.25873565673828
2021-08-20 11:54:08,779 - INFO - root - Decision Window: xRange = 489, 502,  yRange = 129, 89
2021-08-20 11:54:08,779 - INFO - root - Next Decision Window: xRange = 477, 488,  yRange = 118, 82
2021-08-20 11:54:08,779 - INFO - root - Distance = 27.459060435491963, direction = 1, Win# 0
2021-08-20 11:54:08,997 - DEBUG - bleak.backends.dotnet.client - Write Characteristic 6e400002-b5a3-f393-e0a9-e50e24dcca9e : bytearray(b'1,0')
2021-08-20 11:54:09,036 - INFO - root - x = 492, y = 121, Radius = 82.07476043701172
2021-08-20 11:54:09,037 - INFO - root - Decision Window: xRange = 489, 502,  yRange = 129, 89
2021-08-20 11:54:09,037 - INFO - root - Next Decision Window: xRange = 477, 488,  yRange = 118, 82
2021-08-20 11:54:09,037 - INFO - root - Distance = 23.259406699226016, direction = 1, Win# 0
2021-08-20 11:54:09,116 - DEBUG - bleak.backends.dotnet.client - Write Characteristic 6e400002-b5a3-f393-e0a9-e50e24dcca9e : bytearray(b'1,0')
2021-08-20 11:54:09,145 - INFO - root - x = 498, y = 116, Radius = 79.69483184814453
2021-08-20 11:54:09,145 - INFO - root - Decision Window: xRange = 489, 502,  yRange = 129, 89
2021-08-20 11:54:09,145 - INFO - root - Next Decision Window: xRange = 477, 488,  yRange = 118, 82
2021-08-20 11:54:09,145 - INFO - root - Distance = 22.627416997969522, direction = 1, Win# 0
2021-08-20 11:54:09,236 - DEBUG - bleak.backends.dotnet.client - Write Characteristic 6e400002-b5a3-f393-e0a9-e50e24dcca9e : bytearray(b'1,0')
2021-08-20 11:54:09,273 - INFO - root - x = 498, y = 113, Radius = 78.64009857177734
2021-08-20 11:54:09,273 - INFO - root - Decision Window: xRange = 489, 502,  yRange = 129, 89
2021-08-20 11:54:09,273 - INFO - root - Next Decision Window: xRange = 477, 488,  yRange = 118, 82
2021-08-20 11:54:09,273 - INFO - root - Distance = 20.615528128088304, direction = 2, Win# 0
2021-08-20 11:54:09,355 - DEBUG - bleak.backends.dotnet.client - Write Characteristic 6e400002-b5a3-f393-e0a9-e50e24dcca9e : bytearray(b'2,0')
2021-08-20 11:54:09,392 - INFO - root - x = 494, y = 114, Radius = 81.12345886230469
2021-08-20 11:54:09,392 - INFO - root - Decision Window: xRange = 489, 502,  yRange = 129, 89
2021-08-20 11:54:09,392 - INFO - root - Next Decision Window: xRange = 477, 488,  yRange = 118, 82
2021-08-20 11:54:09,392 - INFO - root - Distance = 18.439088914585774, direction = 1, Win# 0
2021-08-20 11:54:09,475 - DEBUG - bleak.backends.dotnet.client - Write Characteristic 6e400002-b5a3-f393-e0a9-e50e24dcca9e : bytearray(b'1,0')
2021-08-20 11:54:09,518 - INFO - root - x = 494, y = 112, Radius = 79.2370834350586
2021-08-20 11:54:09,519 - INFO - root - Decision Window: xRange = 489, 502,  yRange = 129, 89
2021-08-20 11:54:09,519 - INFO - root - Next Decision Window: xRange = 477, 488,  yRange = 118, 82
2021-08-20 11:54:09,519 - INFO - root - Distance = 16.97056274847714, direction = 1, Win# 0
2021-08-20 11:54:09,595 - DEBUG - bleak.backends.dotnet.client - Write Characteristic 6e400002-b5a3-f393-e0a9-e50e24dcca9e : bytearray(b'1,0')
2021-08-20 11:54:09,623 - INFO - root - x = 497, y = 110, Radius = 78.77191925048828
2021-08-20 11:54:09,624 - INFO - root - Decision Window: xRange = 489, 502,  yRange = 129, 89
2021-08-20 11:54:09,624 - INFO - root - Next Decision Window: xRange = 477, 488,  yRange = 118, 82
2021-08-20 11:54:09,624 - INFO - root - Distance = 18.027756377319946, direction = 2, Win# 0
2021-08-20 11:54:09,715 - DEBUG - bleak.backends.dotnet.client - Write Characteristic 6e400002-b5a3-f393-e0a9-e50e24dcca9e : bytearray(b'2,0')
2021-08-20 11:54:09,747 - INFO - root - x = 499, y = 108, Radius = 78.49213409423828
2021-08-20 11:54:09,748 - INFO - root - Decision Window: xRange = 489, 502,  yRange = 129, 89
2021-08-20 11:54:09,748 - INFO - root - Next Decision Window: xRange = 477, 488,  yRange = 118, 82
2021-08-20 11:54:09,748 - INFO - root - Distance = 18.788294228055936, direction = 2, Win# 0
2021-08-20 11:54:09,835 - DEBUG - bleak.backends.dotnet.client - Write Characteristic 6e400002-b5a3-f393-e0a9-e50e24dcca9e : bytearray(b'2,0')
2021-08-20 11:54:09,853 - INFO - root - x = 496, y = 110, Radius = 79.46392822265625
2021-08-20 11:54:09,853 - INFO - root - Decision Window: xRange = 489, 502,  yRange = 129, 89
2021-08-20 11:54:09,854 - INFO - root - Next Decision Window: xRange = 477, 488,  yRange = 118, 82
2021-08-20 11:54:09,854 - INFO - root - Distance = 17.204650534085253, direction = 2, Win# 0
2021-08-20 11:54:09,956 - DEBUG - bleak.backends.dotnet.client - Write Characteristic 6e400002-b5a3-f393-e0a9-e50e24dcca9e : bytearray(b'2,0')
2021-08-20 11:54:09,994 - INFO - root - x = 496, y = 110, Radius = 78.5000991821289
2021-08-20 11:54:09,994 - INFO - root - Decision Window: xRange = 489, 502,  yRange = 129, 89
2021-08-20 11:54:09,994 - INFO - root - Next Decision Window: xRange = 477, 488,  yRange = 118, 82
2021-08-20 11:54:09,994 - INFO - root - Distance = 17.204650534085253, direction = 2, Win# 0
2021-08-20 11:54:10,076 - DEBUG - bleak.backends.dotnet.client - Write Characteristic 6e400002-b5a3-f393-e0a9-e50e24dcca9e : bytearray(b'2,0')
2021-08-20 11:54:10,107 - INFO - root - x = 496, y = 110, Radius = 79.19132232666016
2021-08-20 11:54:10,107 - INFO - root - Decision Window: xRange = 489, 502,  yRange = 129, 89
2021-08-20 11:54:10,107 - INFO - root - Next Decision Window: xRange = 477, 488,  yRange = 118, 82
2021-08-20 11:54:10,107 - INFO - root - Distance = 17.204650534085253, direction = 2, Win# 0
2021-08-20 11:54:10,195 - DEBUG - bleak.backends.dotnet.client - Write Characteristic 6e400002-b5a3-f393-e0a9-e50e24dcca9e : bytearray(b'2,0')
2021-08-20 11:54:10,210 - INFO - root - x = 497, y = 111, Radius = 78.23052978515625
2021-08-20 11:54:10,211 - INFO - root - Decision Window: xRange = 489, 502,  yRange = 129, 89
2021-08-20 11:54:10,211 - INFO - root - Next Decision Window: xRange = 477, 488,  yRange = 118, 82
2021-08-20 11:54:10,211 - INFO - root - Distance = 18.601075237738275, direction = 2, Win# 0
2021-08-20 11:54:10,316 - DEBUG - bleak.backends.dotnet.client - Write Characteristic 6e400002-b5a3-f393-e0a9-e50e24dcca9e : bytearray(b'2,0')
2021-08-20 11:54:10,349 - INFO - root - x = 500, y = 111, Radius = 78.81158447265625
2021-08-20 11:54:10,349 - INFO - root - Decision Window: xRange = 489, 502,  yRange = 129, 89
2021-08-20 11:54:10,349 - INFO - root - Next Decision Window: xRange = 477, 488,  yRange = 118, 82
2021-08-20 11:54:10,349 - INFO - root - Distance = 21.095023109728988, direction = 2, Win# 0
2021-08-20 11:54:10,435 - DEBUG - bleak.backends.dotnet.client - Write Characteristic 6e400002-b5a3-f393-e0a9-e50e24dcca9e : bytearray(b'2,0')
2021-08-20 11:54:10,472 - INFO - root - x = 505, y = 112, Radius = 79.2370834350586
2021-08-20 11:54:10,472 - INFO - root - Decision Window: xRange = 489, 502,  yRange = 129, 89
2021-08-20 11:54:10,472 - INFO - root - Next Decision Window: xRange = 477, 488,  yRange = 118, 82
2021-08-20 11:54:10,472 - INFO - root - Distance = 25.942243542145693, direction = 2, Win# 0
2021-08-20 11:54:10,556 - DEBUG - bleak.backends.dotnet.client - Write Characteristic 6e400002-b5a3-f393-e0a9-e50e24dcca9e : bytearray(b'2,0')
2021-08-20 11:54:10,586 - INFO - root - x = 508, y = 112, Radius = 78.81158447265625
2021-08-20 11:54:10,586 - INFO - root - Decision Window: xRange = 489, 502,  yRange = 129, 89
2021-08-20 11:54:10,586 - INFO - root - Next Decision Window: xRange = 477, 488,  yRange = 118, 82
2021-08-20 11:54:10,586 - INFO - root - Distance = 28.635642126552707, direction = 2, Win# 0
2021-08-20 11:54:10,675 - DEBUG - bleak.backends.dotnet.client - Write Characteristic 6e400002-b5a3-f393-e0a9-e50e24dcca9e : bytearray(b'2,0')
2021-08-20 11:54:10,706 - INFO - root - x = 511, y = 111, Radius = 78.23052978515625
2021-08-20 11:54:10,706 - INFO - root - Decision Window: xRange = 489, 502,  yRange = 129, 89
2021-08-20 11:54:10,706 - INFO - root - Next Decision Window: xRange = 477, 488,  yRange = 118, 82
2021-08-20 11:54:10,706 - INFO - root - Distance = 31.016124838541646, direction = 2, Win# 0
2021-08-20 11:54:10,795 - DEBUG - bleak.backends.dotnet.client - Write Characteristic 6e400002-b5a3-f393-e0a9-e50e24dcca9e : bytearray(b'2,0')
2021-08-20 11:54:10,828 - INFO - root - x = 511, y = 111, Radius = 77.80915832519531
2021-08-20 11:54:10,828 - INFO - root - Decision Window: xRange = 489, 502,  yRange = 129, 89
2021-08-20 11:54:10,828 - INFO - root - Next Decision Window: xRange = 477, 488,  yRange = 118, 82
2021-08-20 11:54:10,828 - INFO - root - Distance = 31.016124838541646, direction = 2, Win# 0
2021-08-20 11:54:10,916 - DEBUG - bleak.backends.dotnet.client - Write Characteristic 6e400002-b5a3-f393-e0a9-e50e24dcca9e : bytearray(b'2,0')
2021-08-20 11:54:10,956 - INFO - root - x = 513, y = 111, Radius = 77.11851501464844
2021-08-20 11:54:10,957 - INFO - root - Decision Window: xRange = 489, 502,  yRange = 129, 89
2021-08-20 11:54:10,957 - INFO - root - Next Decision Window: xRange = 477, 488,  yRange = 118, 82
2021-08-20 11:54:10,957 - INFO - root - Distance = 32.89376840679705, direction = 2, Win# 0
2021-08-20 11:54:11,036 - DEBUG - bleak.backends.dotnet.client - Write Characteristic 6e400002-b5a3-f393-e0a9-e50e24dcca9e : bytearray(b'2,0')
2021-08-20 11:54:11,076 - INFO - root - x = 514, y = 110, Radius = 77.38872528076172
2021-08-20 11:54:11,076 - INFO - root - Decision Window: xRange = 489, 502,  yRange = 129, 89
2021-08-20 11:54:11,076 - INFO - root - Next Decision Window: xRange = 477, 488,  yRange = 118, 82
2021-08-20 11:54:11,076 - INFO - root - Distance = 33.52610922848042, direction = 2, Win# 0
2021-08-20 11:54:11,155 - DEBUG - bleak.backends.dotnet.client - Write Characteristic 6e400002-b5a3-f393-e0a9-e50e24dcca9e : bytearray(b'2,0')
2021-08-20 11:54:11,188 - INFO - root - x = 514, y = 110, Radius = 77.38872528076172
2021-08-20 11:54:11,189 - INFO - root - Decision Window: xRange = 489, 502,  yRange = 129, 89
2021-08-20 11:54:11,189 - INFO - root - Next Decision Window: xRange = 477, 488,  yRange = 118, 82
2021-08-20 11:54:11,189 - INFO - root - Distance = 33.52610922848042, direction = 2, Win# 0
2021-08-20 11:54:11,275 - DEBUG - bleak.backends.dotnet.client - Write Characteristic 6e400002-b5a3-f393-e0a9-e50e24dcca9e : bytearray(b'2,0')
2021-08-20 11:54:11,308 - INFO - root - x = 513, y = 110, Radius = 78.21295166015625
2021-08-20 11:54:11,308 - INFO - root - Decision Window: xRange = 489, 502,  yRange = 129, 89
2021-08-20 11:54:11,308 - INFO - root - Next Decision Window: xRange = 477, 488,  yRange = 118, 82
2021-08-20 11:54:11,308 - INFO - root - Distance = 32.57299494980466, direction = 2, Win# 0
2021-08-20 11:54:11,395 - DEBUG - bleak.backends.dotnet.client - Write Characteristic 6e400002-b5a3-f393-e0a9-e50e24dcca9e : bytearray(b'2,0')
2021-08-20 11:54:11,431 - INFO - root - x = 514, y = 111, Radius = 77.11851501464844
2021-08-20 11:54:11,431 - INFO - root - Decision Window: xRange = 489, 502,  yRange = 129, 89
2021-08-20 11:54:11,431 - INFO - root - Next Decision Window: xRange = 477, 488,  yRange = 118, 82
2021-08-20 11:54:11,431 - INFO - root - Distance = 33.83784863137726, direction = 2, Win# 0
2021-08-20 11:54:11,515 - DEBUG - bleak.backends.dotnet.client - Write Characteristic 6e400002-b5a3-f393-e0a9-e50e24dcca9e : bytearray(b'2,0')
2021-08-20 11:54:11,556 - INFO - root - x = 511, y = 111, Radius = 78.23052978515625
2021-08-20 11:54:11,556 - INFO - root - Decision Window: xRange = 489, 502,  yRange = 129, 89
2021-08-20 11:54:11,556 - INFO - root - Next Decision Window: xRange = 477, 488,  yRange = 118, 82
2021-08-20 11:54:11,556 - INFO - root - Distance = 31.016124838541646, direction = 2, Win# 0
2021-08-20 11:54:11,636 - DEBUG - bleak.backends.dotnet.client - Write Characteristic 6e400002-b5a3-f393-e0a9-e50e24dcca9e : bytearray(b'2,0')
2021-08-20 11:54:11,663 - INFO - root - x = 507, y = 109, Radius = 78.08018493652344
2021-08-20 11:54:11,663 - INFO - root - Decision Window: xRange = 489, 502,  yRange = 129, 89
2021-08-20 11:54:11,664 - INFO - root - Next Decision Window: xRange = 477, 488,  yRange = 118, 82
2021-08-20 11:54:11,664 - INFO - root - Distance = 26.570660511172846, direction = 2, Win# 0
2021-08-20 11:54:11,815 - DEBUG - bleak.backends.dotnet.client - Write Characteristic 6e400002-b5a3-f393-e0a9-e50e24dcca9e : bytearray(b'2,0')
2021-08-20 11:54:11,847 - INFO - root - x = 502, y = 108, Radius = 76.97087097167969
2021-08-20 11:54:11,847 - INFO - root - Decision Window: xRange = 489, 502,  yRange = 129, 89
2021-08-20 11:54:11,847 - INFO - root - Next Decision Window: xRange = 477, 488,  yRange = 118, 82
2021-08-20 11:54:11,847 - INFO - root - Distance = 21.540659228538015, direction = 2, Win# 0
2021-08-20 11:54:11,935 - DEBUG - bleak.backends.dotnet.client - Write Characteristic 6e400002-b5a3-f393-e0a9-e50e24dcca9e : bytearray(b'2,0')
2021-08-20 11:54:11,957 - INFO - root - x = 498, y = 107, Radius = 76.97087097167969
2021-08-20 11:54:11,958 - INFO - root - Decision Window: xRange = 489, 502,  yRange = 129, 89
2021-08-20 11:54:11,958 - INFO - root - Next Decision Window: xRange = 477, 488,  yRange = 118, 82
2021-08-20 11:54:11,958 - INFO - root - Distance = 17.46424919657298, direction = 2, Win# 0
2021-08-20 11:54:12,056 - DEBUG - bleak.backends.dotnet.client - Write Characteristic 6e400002-b5a3-f393-e0a9-e50e24dcca9e : bytearray(b'2,0')
2021-08-20 11:54:12,093 - INFO - root - x = 489, y = 105, Radius = 74.80818939208984
2021-08-20 11:54:12,094 - INFO - root - Decision Window: xRange = 489, 502,  yRange = 129, 89
2021-08-20 11:54:12,094 - INFO - root - Next Decision Window: xRange = 477, 488,  yRange = 118, 82
2021-08-20 11:54:12,094 - INFO - root - Distance = 8.602325267042627, direction = 2, Win# 0
2021-08-20 11:54:12,175 - DEBUG - bleak.backends.dotnet.client - Write Characteristic 6e400002-b5a3-f393-e0a9-e50e24dcca9e : bytearray(b'2,0')
2021-08-20 11:54:12,221 - INFO - root - x = 482, y = 104, Radius = 71.61015319824219
2021-08-20 11:54:12,221 - INFO - root - Decision Window: xRange = 477, 488,  yRange = 118, 82
2021-08-20 11:54:12,221 - INFO - root - Next Decision Window: xRange = 466, 476,  yRange = 115, 80
2021-08-20 11:54:12,221 - INFO - root - Distance = 0, direction = 1, Win# 1
2021-08-20 11:54:12,296 - DEBUG - bleak.backends.dotnet.client - Write Characteristic 6e400002-b5a3-f393-e0a9-e50e24dcca9e : bytearray(b'1,0')
2021-08-20 11:54:12,323 - INFO - root - x = 476, y = 105, Radius = 72.71357727050781
2021-08-20 11:54:12,323 - INFO - root - Decision Window: xRange = 477, 488,  yRange = 118, 82
2021-08-20 11:54:12,323 - INFO - root - Next Decision Window: xRange = 466, 476,  yRange = 115, 80
2021-08-20 11:54:12,324 - INFO - root - Distance = 9.433981132056603, direction = 1, Win# 1
2021-08-20 11:54:12,415 - DEBUG - bleak.backends.dotnet.client - Write Characteristic 6e400002-b5a3-f393-e0a9-e50e24dcca9e : bytearray(b'1,0')
2021-08-20 11:54:12,451 - INFO - root - x = 471, y = 104, Radius = 73.30255126953125
2021-08-20 11:54:12,451 - INFO - root - Decision Window: xRange = 466, 476,  yRange = 115, 80
2021-08-20 11:54:12,451 - INFO - root - Next Decision Window: xRange = 458, 465,  yRange = 98, 78
2021-08-20 11:54:12,451 - INFO - root - Distance = 0, direction = 1, Win# 2
2021-08-20 11:54:12,535 - DEBUG - bleak.backends.dotnet.client - Write Characteristic 6e400002-b5a3-f393-e0a9-e50e24dcca9e : bytearray(b'1,0')
2021-08-20 11:54:12,574 - INFO - root - x = 472, y = 104, Radius = 73.60037231445312
2021-08-20 11:54:12,574 - INFO - root - Decision Window: xRange = 466, 476,  yRange = 115, 80
2021-08-20 11:54:12,575 - INFO - root - Next Decision Window: xRange = 458, 465,  yRange = 98, 78
2021-08-20 11:54:12,575 - INFO - root - Distance = 19.4164878389476, direction = 1, Win# 2
2021-08-20 11:54:12,656 - DEBUG - bleak.backends.dotnet.client - Write Characteristic 6e400002-b5a3-f393-e0a9-e50e24dcca9e : bytearray(b'1,0')
2021-08-20 11:54:12,692 - INFO - root - x = 476, y = 103, Radius = 71.8001708984375
2021-08-20 11:54:12,692 - INFO - root - Decision Window: xRange = 466, 476,  yRange = 115, 80
2021-08-20 11:54:12,692 - INFO - root - Next Decision Window: xRange = 458, 465,  yRange = 98, 78
2021-08-20 11:54:12,692 - INFO - root - Distance = 21.213203435596427, direction = 1, Win# 2
2021-08-20 11:54:12,776 - DEBUG - bleak.backends.dotnet.client - Write Characteristic 6e400002-b5a3-f393-e0a9-e50e24dcca9e : bytearray(b'1,0')
2021-08-20 11:54:12,820 - INFO - root - x = 480, y = 101, Radius = 71.61190032958984
2021-08-20 11:54:12,820 - INFO - root - Decision Window: xRange = 466, 476,  yRange = 115, 80
2021-08-20 11:54:12,821 - INFO - root - Next Decision Window: xRange = 458, 465,  yRange = 98, 78
2021-08-20 11:54:12,821 - INFO - root - Distance = 23.021728866442675, direction = 2, Win# 2
2021-08-20 11:54:12,896 - DEBUG - bleak.backends.dotnet.client - Write Characteristic 6e400002-b5a3-f393-e0a9-e50e24dcca9e : bytearray(b'2,0')
2021-08-20 11:54:12,926 - INFO - root - x = 486, y = 100, Radius = 70.74789428710938
2021-08-20 11:54:12,926 - INFO - root - Decision Window: xRange = 466, 476,  yRange = 115, 80
2021-08-20 11:54:12,926 - INFO - root - Next Decision Window: xRange = 458, 465,  yRange = 98, 78
2021-08-20 11:54:12,926 - INFO - root - Distance = 27.730849247724095, direction = 2, Win# 2
2021-08-20 11:54:13,015 - DEBUG - bleak.backends.dotnet.client - Write Characteristic 6e400002-b5a3-f393-e0a9-e50e24dcca9e : bytearray(b'2,0')
2021-08-20 11:54:13,049 - INFO - root - x = 487, y = 98, Radius = 67.54637908935547
2021-08-20 11:54:13,049 - INFO - root - Decision Window: xRange = 466, 476,  yRange = 115, 80
2021-08-20 11:54:13,049 - INFO - root - Next Decision Window: xRange = 458, 465,  yRange = 98, 78
2021-08-20 11:54:13,049 - INFO - root - Distance = 27.85677655436824, direction = 2, Win# 2
2021-08-20 11:54:13,135 - DEBUG - bleak.backends.dotnet.client - Write Characteristic 6e400002-b5a3-f393-e0a9-e50e24dcca9e : bytearray(b'2,0')
2021-08-20 11:54:13,156 - INFO - root - x = 484, y = 97, Radius = 66.38722229003906
2021-08-20 11:54:13,156 - INFO - root - Decision Window: xRange = 466, 476,  yRange = 115, 80
2021-08-20 11:54:13,156 - INFO - root - Next Decision Window: xRange = 458, 465,  yRange = 98, 78
2021-08-20 11:54:13,156 - INFO - root - Distance = 24.698178070456937, direction = 2, Win# 2
2021-08-20 11:54:13,255 - DEBUG - bleak.backends.dotnet.client - Write Characteristic 6e400002-b5a3-f393-e0a9-e50e24dcca9e : bytearray(b'2,0')
2021-08-20 11:54:13,294 - INFO - root - x = 477, y = 97, Radius = 67.54637908935547
2021-08-20 11:54:13,294 - INFO - root - Decision Window: xRange = 466, 476,  yRange = 115, 80
2021-08-20 11:54:13,294 - INFO - root - Next Decision Window: xRange = 458, 465,  yRange = 98, 78
2021-08-20 11:54:13,294 - INFO - root - Distance = 18.35755975068582, direction = 2, Win# 2
2021-08-20 11:54:13,375 - DEBUG - bleak.backends.dotnet.client - Write Characteristic 6e400002-b5a3-f393-e0a9-e50e24dcca9e : bytearray(b'2,0')
2021-08-20 11:54:13,405 - INFO - root - x = 475, y = 97, Radius = 67.15849304199219
2021-08-20 11:54:13,405 - INFO - root - Decision Window: xRange = 466, 476,  yRange = 115, 80
2021-08-20 11:54:13,405 - INFO - root - Next Decision Window: xRange = 458, 465,  yRange = 98, 78
2021-08-20 11:54:13,405 - INFO - root - Distance = 16.64331697709324, direction = 2, Win# 2
2021-08-20 11:54:13,495 - DEBUG - bleak.backends.dotnet.client - Write Characteristic 6e400002-b5a3-f393-e0a9-e50e24dcca9e : bytearray(b'2,0')
2021-08-20 11:54:13,524 - INFO - root - x = 476, y = 97, Radius = 67.47602081298828
2021-08-20 11:54:13,524 - INFO - root - Decision Window: xRange = 466, 476,  yRange = 115, 80
2021-08-20 11:54:13,524 - INFO - root - Next Decision Window: xRange = 458, 465,  yRange = 98, 78
2021-08-20 11:54:13,524 - INFO - root - Distance = 17.4928556845359, direction = 2, Win# 2
2021-08-20 11:54:13,616 - DEBUG - bleak.backends.dotnet.client - Write Characteristic 6e400002-b5a3-f393-e0a9-e50e24dcca9e : bytearray(b'2,0')
2021-08-20 11:54:13,650 - INFO - root - x = 476, y = 97, Radius = 65.62212371826172
2021-08-20 11:54:13,650 - INFO - root - Decision Window: xRange = 466, 476,  yRange = 115, 80
2021-08-20 11:54:13,650 - INFO - root - Next Decision Window: xRange = 458, 465,  yRange = 98, 78
2021-08-20 11:54:13,650 - INFO - root - Distance = 17.4928556845359, direction = 2, Win# 2
2021-08-20 11:54:13,735 - DEBUG - bleak.backends.dotnet.client - Write Characteristic 6e400002-b5a3-f393-e0a9-e50e24dcca9e : bytearray(b'2,0')
2021-08-20 11:54:13,774 - INFO - root - x = 476, y = 96, Radius = 65.36446380615234
2021-08-20 11:54:13,775 - INFO - root - Decision Window: xRange = 466, 476,  yRange = 115, 80
2021-08-20 11:54:13,775 - INFO - root - Next Decision Window: xRange = 458, 465,  yRange = 98, 78
2021-08-20 11:54:13,775 - INFO - root - Distance = 17.0, direction = 2, Win# 2
2021-08-20 11:54:13,856 - DEBUG - bleak.backends.dotnet.client - Write Characteristic 6e400002-b5a3-f393-e0a9-e50e24dcca9e : bytearray(b'2,0')
2021-08-20 11:54:13,895 - INFO - root - x = 476, y = 96, Radius = 65.9470443725586
2021-08-20 11:54:13,896 - INFO - root - Decision Window: xRange = 466, 476,  yRange = 115, 80
2021-08-20 11:54:13,896 - INFO - root - Next Decision Window: xRange = 458, 465,  yRange = 98, 78
2021-08-20 11:54:13,896 - INFO - root - Distance = 17.0, direction = 2, Win# 2
2021-08-20 11:54:13,976 - DEBUG - bleak.backends.dotnet.client - Write Characteristic 6e400002-b5a3-f393-e0a9-e50e24dcca9e : bytearray(b'2,0')
2021-08-20 11:54:14,009 - INFO - root - x = 476, y = 95, Radius = 64.111328125
2021-08-20 11:54:14,009 - INFO - root - Decision Window: xRange = 466, 476,  yRange = 115, 80
2021-08-20 11:54:14,009 - INFO - root - Next Decision Window: xRange = 458, 465,  yRange = 98, 78
2021-08-20 11:54:14,009 - INFO - root - Distance = 16.55294535724685, direction = 2, Win# 2
2021-08-20 11:54:14,096 - DEBUG - bleak.backends.dotnet.client - Write Characteristic 6e400002-b5a3-f393-e0a9-e50e24dcca9e : bytearray(b'2,0')
2021-08-20 11:54:14,127 - INFO - root - x = 475, y = 95, Radius = 65.24195861816406
2021-08-20 11:54:14,128 - INFO - root - Decision Window: xRange = 466, 476,  yRange = 115, 80
2021-08-20 11:54:14,128 - INFO - root - Next Decision Window: xRange = 458, 465,  yRange = 98, 78
2021-08-20 11:54:14,128 - INFO - root - Distance = 15.652475842498529, direction = 2, Win# 2
2021-08-20 11:54:14,216 - DEBUG - bleak.backends.dotnet.client - Write Characteristic 6e400002-b5a3-f393-e0a9-e50e24dcca9e : bytearray(b'2,0')
2021-08-20 11:54:14,251 - INFO - root - x = 472, y = 96, Radius = 64.778564453125
2021-08-20 11:54:14,251 - INFO - root - Decision Window: xRange = 466, 476,  yRange = 115, 80
2021-08-20 11:54:14,251 - INFO - root - Next Decision Window: xRange = 458, 465,  yRange = 98, 78
2021-08-20 11:54:14,252 - INFO - root - Distance = 13.601470508735444, direction = 2, Win# 2
2021-08-20 11:54:14,336 - DEBUG - bleak.backends.dotnet.client - Write Characteristic 6e400002-b5a3-f393-e0a9-e50e24dcca9e : bytearray(b'2,0')
2021-08-20 11:54:14,376 - INFO - root - x = 474, y = 96, Radius = 65.89775085449219
2021-08-20 11:54:14,377 - INFO - root - Decision Window: xRange = 466, 476,  yRange = 115, 80
2021-08-20 11:54:14,377 - INFO - root - Next Decision Window: xRange = 458, 465,  yRange = 98, 78
2021-08-20 11:54:14,377 - INFO - root - Distance = 15.264337522473747, direction = 2, Win# 2
2021-08-20 11:54:14,456 - DEBUG - bleak.backends.dotnet.client - Write Characteristic 6e400002-b5a3-f393-e0a9-e50e24dcca9e : bytearray(b'2,0')
2021-08-20 11:54:14,489 - INFO - root - x = 473, y = 96, Radius = 65.52299499511719
2021-08-20 11:54:14,489 - INFO - root - Decision Window: xRange = 466, 476,  yRange = 115, 80
2021-08-20 11:54:14,490 - INFO - root - Next Decision Window: xRange = 458, 465,  yRange = 98, 78
2021-08-20 11:54:14,490 - INFO - root - Distance = 14.422205101855956, direction = 2, Win# 2
2021-08-20 11:54:14,576 - DEBUG - bleak.backends.dotnet.client - Write Characteristic 6e400002-b5a3-f393-e0a9-e50e24dcca9e : bytearray(b'2,0')
2021-08-20 11:54:14,609 - INFO - root - x = 475, y = 96, Radius = 66.77210235595703
2021-08-20 11:54:14,609 - INFO - root - Decision Window: xRange = 466, 476,  yRange = 115, 80
2021-08-20 11:54:14,609 - INFO - root - Next Decision Window: xRange = 458, 465,  yRange = 98, 78
2021-08-20 11:54:14,609 - INFO - root - Distance = 16.1245154965971, direction = 2, Win# 2
2021-08-20 11:54:14,696 - DEBUG - bleak.backends.dotnet.client - Write Characteristic 6e400002-b5a3-f393-e0a9-e50e24dcca9e : bytearray(b'2,0')
2021-08-20 11:54:14,731 - INFO - root - x = 475, y = 96, Radius = 65.24195861816406
2021-08-20 11:54:14,731 - INFO - root - Decision Window: xRange = 466, 476,  yRange = 115, 80
2021-08-20 11:54:14,731 - INFO - root - Next Decision Window: xRange = 458, 465,  yRange = 98, 78
2021-08-20 11:54:14,731 - INFO - root - Distance = 16.1245154965971, direction = 2, Win# 2
2021-08-20 11:54:14,816 - DEBUG - bleak.backends.dotnet.client - Write Characteristic 6e400002-b5a3-f393-e0a9-e50e24dcca9e : bytearray(b'2,0')
2021-08-20 11:54:14,856 - INFO - root - x = 473, y = 95, Radius = 63.73784255981445
2021-08-20 11:54:14,856 - INFO - root - Decision Window: xRange = 466, 476,  yRange = 115, 80
2021-08-20 11:54:14,856 - INFO - root - Next Decision Window: xRange = 458, 465,  yRange = 98, 78
2021-08-20 11:54:14,856 - INFO - root - Distance = 13.892443989449804, direction = 2, Win# 2
2021-08-20 11:54:14,936 - DEBUG - bleak.backends.dotnet.client - Write Characteristic 6e400002-b5a3-f393-e0a9-e50e24dcca9e : bytearray(b'2,0')
2021-08-20 11:54:14,962 - INFO - root - x = 474, y = 94, Radius = 63.73784255981445
2021-08-20 11:54:14,963 - INFO - root - Decision Window: xRange = 466, 476,  yRange = 115, 80
2021-08-20 11:54:14,963 - INFO - root - Next Decision Window: xRange = 458, 465,  yRange = 98, 78
2021-08-20 11:54:14,963 - INFO - root - Distance = 14.317821063276353, direction = 2, Win# 2
2021-08-20 11:54:15,056 - DEBUG - bleak.backends.dotnet.client - Write Characteristic 6e400002-b5a3-f393-e0a9-e50e24dcca9e : bytearray(b'2,0')
2021-08-20 11:54:15,085 - INFO - root - x = 474, y = 94, Radius = 64.4438705444336
2021-08-20 11:54:15,085 - INFO - root - Decision Window: xRange = 466, 476,  yRange = 115, 80
2021-08-20 11:54:15,085 - INFO - root - Next Decision Window: xRange = 458, 465,  yRange = 98, 78
2021-08-20 11:54:15,085 - INFO - root - Distance = 14.317821063276353, direction = 2, Win# 2
2021-08-20 11:54:15,176 - DEBUG - bleak.backends.dotnet.client - Write Characteristic 6e400002-b5a3-f393-e0a9-e50e24dcca9e : bytearray(b'2,0')
2021-08-20 11:54:15,208 - INFO - root - x = 473, y = 94, Radius = 63.73784255981445
2021-08-20 11:54:15,208 - INFO - root - Decision Window: xRange = 466, 476,  yRange = 115, 80
2021-08-20 11:54:15,209 - INFO - root - Next Decision Window: xRange = 458, 465,  yRange = 98, 78
2021-08-20 11:54:15,209 - INFO - root - Distance = 13.416407864998739, direction = 2, Win# 2
2021-08-20 11:54:15,296 - DEBUG - bleak.backends.dotnet.client - Write Characteristic 6e400002-b5a3-f393-e0a9-e50e24dcca9e : bytearray(b'2,0')
2021-08-20 11:54:15,334 - INFO - root - x = 475, y = 94, Radius = 64.778564453125
2021-08-20 11:54:15,334 - INFO - root - Decision Window: xRange = 466, 476,  yRange = 115, 80
2021-08-20 11:54:15,334 - INFO - root - Next Decision Window: xRange = 458, 465,  yRange = 98, 78
2021-08-20 11:54:15,334 - INFO - root - Distance = 15.231546211727817, direction = 2, Win# 2
2021-08-20 11:54:15,415 - DEBUG - bleak.backends.dotnet.client - Write Characteristic 6e400002-b5a3-f393-e0a9-e50e24dcca9e : bytearray(b'2,0')
2021-08-20 11:54:15,461 - INFO - root - x = 476, y = 95, Radius = 63.0754508972168
2021-08-20 11:54:15,461 - INFO - root - Decision Window: xRange = 466, 476,  yRange = 115, 80
2021-08-20 11:54:15,462 - INFO - root - Next Decision Window: xRange = 458, 465,  yRange = 98, 78
2021-08-20 11:54:15,462 - INFO - root - Distance = 16.55294535724685, direction = 2, Win# 2
2021-08-20 11:54:15,535 - DEBUG - bleak.backends.dotnet.client - Write Characteristic 6e400002-b5a3-f393-e0a9-e50e24dcca9e : bytearray(b'2,0')
2021-08-20 11:54:15,565 - INFO - root - x = 477, y = 95, Radius = 63.70253372192383
2021-08-20 11:54:15,565 - INFO - root - Decision Window: xRange = 466, 476,  yRange = 115, 80
2021-08-20 11:54:15,565 - INFO - root - Next Decision Window: xRange = 458, 465,  yRange = 98, 78
2021-08-20 11:54:15,565 - INFO - root - Distance = 17.46424919657298, direction = 2, Win# 2
2021-08-20 11:54:15,656 - DEBUG - bleak.backends.dotnet.client - Write Characteristic 6e400002-b5a3-f393-e0a9-e50e24dcca9e : bytearray(b'2,0')
2021-08-20 11:54:15,691 - INFO - root - x = 477, y = 94, Radius = 62.627967834472656
2021-08-20 11:54:15,692 - INFO - root - Decision Window: xRange = 466, 476,  yRange = 115, 80
2021-08-20 11:54:15,692 - INFO - root - Next Decision Window: xRange = 458, 465,  yRange = 98, 78
2021-08-20 11:54:15,692 - INFO - root - Distance = 17.08800749063506, direction = 2, Win# 2
2021-08-20 11:54:15,775 - DEBUG - bleak.backends.dotnet.client - Write Characteristic 6e400002-b5a3-f393-e0a9-e50e24dcca9e : bytearray(b'2,0')
2021-08-20 11:54:15,811 - INFO - root - x = 476, y = 95, Radius = 64.4438705444336
2021-08-20 11:54:15,811 - INFO - root - Decision Window: xRange = 466, 476,  yRange = 115, 80
2021-08-20 11:54:15,812 - INFO - root - Next Decision Window: xRange = 458, 465,  yRange = 98, 78
2021-08-20 11:54:15,812 - INFO - root - Distance = 16.55294535724685, direction = 2, Win# 2
2021-08-20 11:54:15,895 - DEBUG - bleak.backends.dotnet.client - Write Characteristic 6e400002-b5a3-f393-e0a9-e50e24dcca9e : bytearray(b'2,0')
2021-08-20 11:54:15,933 - INFO - root - x = 474, y = 94, Radius = 63.031837463378906
2021-08-20 11:54:15,933 - INFO - root - Decision Window: xRange = 466, 476,  yRange = 115, 80
2021-08-20 11:54:15,933 - INFO - root - Next Decision Window: xRange = 458, 465,  yRange = 98, 78
2021-08-20 11:54:15,934 - INFO - root - Distance = 14.317821063276353, direction = 2, Win# 2
2021-08-20 11:54:16,016 - DEBUG - bleak.backends.dotnet.client - Write Characteristic 6e400002-b5a3-f393-e0a9-e50e24dcca9e : bytearray(b'2,0')
2021-08-20 11:54:16,059 - INFO - root - x = 470, y = 93, Radius = 63.405540466308594
2021-08-20 11:54:16,059 - INFO - root - Decision Window: xRange = 466, 476,  yRange = 115, 80
2021-08-20 11:54:16,059 - INFO - root - Next Decision Window: xRange = 458, 465,  yRange = 98, 78
2021-08-20 11:54:16,059 - INFO - root - Distance = 10.295630140987, direction = 2, Win# 2
2021-08-20 11:54:16,136 - DEBUG - bleak.backends.dotnet.client - Write Characteristic 6e400002-b5a3-f393-e0a9-e50e24dcca9e : bytearray(b'2,0')
2021-08-20 11:54:16,164 - INFO - root - x = 469, y = 93, Radius = 61.554954528808594
2021-08-20 11:54:16,164 - INFO - root - Decision Window: xRange = 466, 476,  yRange = 115, 80
2021-08-20 11:54:16,164 - INFO - root - Next Decision Window: xRange = 458, 465,  yRange = 98, 78
2021-08-20 11:54:16,165 - INFO - root - Distance = 9.433981132056603, direction = 2, Win# 2
2021-08-20 11:54:16,256 - DEBUG - bleak.backends.dotnet.client - Write Characteristic 6e400002-b5a3-f393-e0a9-e50e24dcca9e : bytearray(b'2,0')
2021-08-20 11:54:16,290 - INFO - root - x = 470, y = 93, Radius = 60.25373077392578
2021-08-20 11:54:16,290 - INFO - root - Decision Window: xRange = 466, 476,  yRange = 115, 80
2021-08-20 11:54:16,291 - INFO - root - Next Decision Window: xRange = 458, 465,  yRange = 98, 78
2021-08-20 11:54:16,291 - INFO - root - Distance = 10.295630140987, direction = 2, Win# 2
2021-08-20 11:54:16,375 - DEBUG - bleak.backends.dotnet.client - Write Characteristic 6e400002-b5a3-f393-e0a9-e50e24dcca9e : bytearray(b'2,0')
2021-08-20 11:54:16,410 - INFO - root - x = 472, y = 92, Radius = 60.108333587646484
2021-08-20 11:54:16,410 - INFO - root - Decision Window: xRange = 466, 476,  yRange = 115, 80
2021-08-20 11:54:16,411 - INFO - root - Next Decision Window: xRange = 458, 465,  yRange = 98, 78
2021-08-20 11:54:16,411 - INFO - root - Distance = 11.704699910719626, direction = 2, Win# 2
2021-08-20 11:54:16,496 - DEBUG - bleak.backends.dotnet.client - Write Characteristic 6e400002-b5a3-f393-e0a9-e50e24dcca9e : bytearray(b'2,0')
2021-08-20 11:54:16,534 - INFO - root - x = 471, y = 91, Radius = 60.120811462402344
2021-08-20 11:54:16,534 - INFO - root - Decision Window: xRange = 466, 476,  yRange = 115, 80
2021-08-20 11:54:16,534 - INFO - root - Next Decision Window: xRange = 458, 465,  yRange = 98, 78
2021-08-20 11:54:16,534 - INFO - root - Distance = 10.44030650891055, direction = 2, Win# 2
2021-08-20 11:54:16,616 - DEBUG - bleak.backends.dotnet.client - Write Characteristic 6e400002-b5a3-f393-e0a9-e50e24dcca9e : bytearray(b'2,0')
2021-08-20 11:54:16,644 - INFO - root - x = 466, y = 92, Radius = 59.46437454223633
2021-08-20 11:54:16,644 - INFO - root - Decision Window: xRange = 466, 476,  yRange = 115, 80
2021-08-20 11:54:16,644 - INFO - root - Next Decision Window: xRange = 458, 465,  yRange = 98, 78
2021-08-20 11:54:16,644 - INFO - root - Distance = 6.4031242374328485, direction = 2, Win# 2
2021-08-20 11:54:16,736 - DEBUG - bleak.backends.dotnet.client - Write Characteristic 6e400002-b5a3-f393-e0a9-e50e24dcca9e : bytearray(b'2,0')
2021-08-20 11:54:16,768 - INFO - root - x = 464, y = 91, Radius = 60.141597747802734
2021-08-20 11:54:16,768 - INFO - root - Decision Window: xRange = 458, 465,  yRange = 98, 78
2021-08-20 11:54:16,768 - INFO - root - Next Decision Window: xRange = 443, 457,  yRange = 96, 69
2021-08-20 11:54:16,768 - INFO - root - Distance = 0, direction = 1, Win# 3
2021-08-20 11:54:16,856 - DEBUG - bleak.backends.dotnet.client - Write Characteristic 6e400002-b5a3-f393-e0a9-e50e24dcca9e : bytearray(b'1,0')
2021-08-20 11:54:16,891 - INFO - root - x = 462, y = 91, Radius = 59.4349365234375
2021-08-20 11:54:16,892 - INFO - root - Decision Window: xRange = 458, 465,  yRange = 98, 78
2021-08-20 11:54:16,892 - INFO - root - Next Decision Window: xRange = 443, 457,  yRange = 96, 69
2021-08-20 11:54:16,892 - INFO - root - Distance = 15.0, direction = 2, Win# 3
2021-08-20 11:54:16,976 - DEBUG - bleak.backends.dotnet.client - Write Characteristic 6e400002-b5a3-f393-e0a9-e50e24dcca9e : bytearray(b'2,0')
2021-08-20 11:54:17,011 - INFO - root - x = 461, y = 92, Radius = 61.583377838134766
2021-08-20 11:54:17,011 - INFO - root - Decision Window: xRange = 458, 465,  yRange = 98, 78
2021-08-20 11:54:17,011 - INFO - root - Next Decision Window: xRange = 443, 457,  yRange = 96, 69
2021-08-20 11:54:17,011 - INFO - root - Distance = 14.866068747318506, direction = 2, Win# 3
2021-08-20 11:54:17,096 - DEBUG - bleak.backends.dotnet.client - Write Characteristic 6e400002-b5a3-f393-e0a9-e50e24dcca9e : bytearray(b'2,0')
2021-08-20 11:54:17,135 - INFO - root - x = 459, y = 92, Radius = 61.554954528808594
2021-08-20 11:54:17,135 - INFO - root - Decision Window: xRange = 458, 465,  yRange = 98, 78
2021-08-20 11:54:17,135 - INFO - root - Next Decision Window: xRange = 443, 457,  yRange = 96, 69
2021-08-20 11:54:17,135 - INFO - root - Distance = 13.45362404707371, direction = 1, Win# 3
2021-08-20 11:54:17,216 - DEBUG - bleak.backends.dotnet.client - Write Characteristic 6e400002-b5a3-f393-e0a9-e50e24dcca9e : bytearray(b'1,0')
2021-08-20 11:54:17,246 - INFO - root - x = 458, y = 92, Radius = 61.2475471496582
2021-08-20 11:54:17,246 - INFO - root - Decision Window: xRange = 458, 465,  yRange = 98, 78
2021-08-20 11:54:17,246 - INFO - root - Next Decision Window: xRange = 443, 457,  yRange = 96, 69
2021-08-20 11:54:17,246 - INFO - root - Distance = 12.806248474865697, direction = 1, Win# 3
2021-08-20 11:54:17,335 - DEBUG - bleak.backends.dotnet.client - Write Characteristic 6e400002-b5a3-f393-e0a9-e50e24dcca9e : bytearray(b'1,0')
2021-08-20 11:54:17,369 - INFO - root - x = 462, y = 92, Radius = 61.92142105102539
2021-08-20 11:54:17,369 - INFO - root - Decision Window: xRange = 458, 465,  yRange = 98, 78
2021-08-20 11:54:17,369 - INFO - root - Next Decision Window: xRange = 443, 457,  yRange = 96, 69
2021-08-20 11:54:17,369 - INFO - root - Distance = 15.620499351813308, direction = 2, Win# 3
2021-08-20 11:54:17,456 - DEBUG - bleak.backends.dotnet.client - Write Characteristic 6e400002-b5a3-f393-e0a9-e50e24dcca9e : bytearray(b'2,0')
2021-08-20 11:54:17,476 - INFO - root - x = 463, y = 92, Radius = 60.141597747802734
2021-08-20 11:54:17,476 - INFO - root - Decision Window: xRange = 458, 465,  yRange = 98, 78
2021-08-20 11:54:17,476 - INFO - root - Next Decision Window: xRange = 443, 457,  yRange = 96, 69
2021-08-20 11:54:17,477 - INFO - root - Distance = 16.401219466856727, direction = 2, Win# 3
2021-08-20 11:54:17,576 - DEBUG - bleak.backends.dotnet.client - Write Characteristic 6e400002-b5a3-f393-e0a9-e50e24dcca9e : bytearray(b'2,0')
2021-08-20 11:54:17,614 - INFO - root - x = 463, y = 92, Radius = 60.141597747802734
2021-08-20 11:54:17,614 - INFO - root - Decision Window: xRange = 458, 465,  yRange = 98, 78
2021-08-20 11:54:17,614 - INFO - root - Next Decision Window: xRange = 443, 457,  yRange = 96, 69
2021-08-20 11:54:17,614 - INFO - root - Distance = 16.401219466856727, direction = 2, Win# 3
2021-08-20 11:54:17,696 - DEBUG - bleak.backends.dotnet.client - Write Characteristic 6e400002-b5a3-f393-e0a9-e50e24dcca9e : bytearray(b'2,0')
2021-08-20 11:54:17,725 - INFO - root - x = 463, y = 93, Radius = 61.92142105102539
2021-08-20 11:54:17,726 - INFO - root - Decision Window: xRange = 458, 465,  yRange = 98, 78
2021-08-20 11:54:17,726 - INFO - root - Next Decision Window: xRange = 443, 457,  yRange = 96, 69
2021-08-20 11:54:17,726 - INFO - root - Distance = 17.029386365926403, direction = 2, Win# 3
2021-08-20 11:54:17,816 - DEBUG - bleak.backends.dotnet.client - Write Characteristic 6e400002-b5a3-f393-e0a9-e50e24dcca9e : bytearray(b'2,0')
2021-08-20 11:54:17,846 - INFO - root - x = 463, y = 93, Radius = 61.92142105102539
2021-08-20 11:54:17,846 - INFO - root - Decision Window: xRange = 458, 465,  yRange = 98, 78
2021-08-20 11:54:17,846 - INFO - root - Next Decision Window: xRange = 443, 457,  yRange = 96, 69
2021-08-20 11:54:17,846 - INFO - root - Distance = 17.029386365926403, direction = 2, Win# 3
2021-08-20 11:54:17,935 - DEBUG - bleak.backends.dotnet.client - Write Characteristic 6e400002-b5a3-f393-e0a9-e50e24dcca9e : bytearray(b'2,0')
2021-08-20 11:54:17,970 - INFO - root - x = 462, y = 93, Radius = 61.92142105102539
2021-08-20 11:54:17,970 - INFO - root - Decision Window: xRange = 458, 465,  yRange = 98, 78
2021-08-20 11:54:17,970 - INFO - root - Next Decision Window: xRange = 443, 457,  yRange = 96, 69
2021-08-20 11:54:17,970 - INFO - root - Distance = 16.278820596099706, direction = 2, Win# 3
2021-08-20 11:54:18,055 - DEBUG - bleak.backends.dotnet.client - Write Characteristic 6e400002-b5a3-f393-e0a9-e50e24dcca9e : bytearray(b'2,0')
2021-08-20 11:54:18,093 - INFO - root - x = 463, y = 93, Radius = 60.87702560424805
2021-08-20 11:54:18,093 - INFO - root - Decision Window: xRange = 458, 465,  yRange = 98, 78
2021-08-20 11:54:18,094 - INFO - root - Next Decision Window: xRange = 443, 457,  yRange = 96, 69
2021-08-20 11:54:18,094 - INFO - root - Distance = 17.029386365926403, direction = 2, Win# 3
2021-08-20 11:54:18,176 - DEBUG - bleak.backends.dotnet.client - Write Characteristic 6e400002-b5a3-f393-e0a9-e50e24dcca9e : bytearray(b'2,0')
2021-08-20 11:54:18,203 - INFO - root - x = 464, y = 93, Radius = 62.996131896972656
2021-08-20 11:54:18,203 - INFO - root - Decision Window: xRange = 458, 465,  yRange = 98, 78
2021-08-20 11:54:18,203 - INFO - root - Next Decision Window: xRange = 443, 457,  yRange = 96, 69
2021-08-20 11:54:18,203 - INFO - root - Distance = 17.804493814764857, direction = 2, Win# 3
2021-08-20 11:54:18,296 - DEBUG - bleak.backends.dotnet.client - Write Characteristic 6e400002-b5a3-f393-e0a9-e50e24dcca9e : bytearray(b'2,0')
2021-08-20 11:54:18,311 - INFO - root - x = 465, y = 93, Radius = 61.21488571166992
2021-08-20 11:54:18,311 - INFO - root - Decision Window: xRange = 458, 465,  yRange = 98, 78
2021-08-20 11:54:18,312 - INFO - root - Next Decision Window: xRange = 443, 457,  yRange = 96, 69
2021-08-20 11:54:18,312 - INFO - root - Distance = 18.601075237738275, direction = 2, Win# 3
2021-08-20 11:54:18,416 - DEBUG - bleak.backends.dotnet.client - Write Characteristic 6e400002-b5a3-f393-e0a9-e50e24dcca9e : bytearray(b'2,0')
2021-08-20 11:54:18,451 - INFO - root - x = 464, y = 92, Radius = 60.48356628417969
2021-08-20 11:54:18,452 - INFO - root - Decision Window: xRange = 458, 465,  yRange = 98, 78
2021-08-20 11:54:18,452 - INFO - root - Next Decision Window: xRange = 443, 457,  yRange = 96, 69
2021-08-20 11:54:18,452 - INFO - root - Distance = 17.204650534085253, direction = 2, Win# 3
2021-08-20 11:54:18,535 - DEBUG - bleak.backends.dotnet.client - Write Characteristic 6e400002-b5a3-f393-e0a9-e50e24dcca9e : bytearray(b'2,0')
2021-08-20 11:54:18,576 - INFO - root - x = 453, y = 90, Radius = 57.280113220214844
2021-08-20 11:54:18,576 - INFO - root - Decision Window: xRange = 443, 457,  yRange = 96, 69
2021-08-20 11:54:18,576 - INFO - root - Next Decision Window: xRange = 431, 442,  yRange = 87, 66
2021-08-20 11:54:18,576 - INFO - root - Distance = 0, direction = 1, Win# 4
2021-08-20 11:54:18,656 - DEBUG - bleak.backends.dotnet.client - Write Characteristic 6e400002-b5a3-f393-e0a9-e50e24dcca9e : bytearray(b'1,0')
2021-08-20 11:54:18,694 - INFO - root - x = 442, y = 88, Radius = 57.98716735839844
2021-08-20 11:54:18,695 - INFO - root - Decision Window: xRange = 443, 457,  yRange = 96, 69
2021-08-20 11:54:18,695 - INFO - root - Next Decision Window: xRange = 431, 442,  yRange = 87, 66
2021-08-20 11:54:18,695 - INFO - root - Distance = 13.416407864998739, direction = 1, Win# 4
2021-08-20 11:54:18,776 - DEBUG - bleak.backends.dotnet.client - Write Characteristic 6e400002-b5a3-f393-e0a9-e50e24dcca9e : bytearray(b'1,0')
2021-08-20 11:54:18,804 - INFO - root - x = 432, y = 88, Radius = 56.57305908203125
2021-08-20 11:54:18,804 - INFO - root - Decision Window: xRange = 443, 457,  yRange = 96, 69
2021-08-20 11:54:18,804 - INFO - root - Next Decision Window: xRange = 431, 442,  yRange = 87, 66
2021-08-20 11:54:18,804 - INFO - root - Distance = 12.649110640673518, direction = 1, Win# 4
2021-08-20 11:54:18,896 - DEBUG - bleak.backends.dotnet.client - Write Characteristic 6e400002-b5a3-f393-e0a9-e50e24dcca9e : bytearray(b'1,0')
2021-08-20 11:54:18,927 - INFO - root - x = 426, y = 87, Radius = 56.21620178222656
2021-08-20 11:54:18,927 - INFO - root - Decision Window: xRange = 443, 457,  yRange = 96, 69
2021-08-20 11:54:18,927 - INFO - root - Next Decision Window: xRange = 431, 442,  yRange = 87, 66
2021-08-20 11:54:18,927 - INFO - root - Distance = 14.866068747318506, direction = 1, Win# 4
2021-08-20 11:54:19,015 - DEBUG - bleak.backends.dotnet.client - Write Characteristic 6e400002-b5a3-f393-e0a9-e50e24dcca9e : bytearray(b'1,0')
2021-08-20 11:54:19,047 - INFO - root - x = 417, y = 85, Radius = 53.41592025756836
2021-08-20 11:54:19,048 - INFO - root - Decision Window: xRange = 443, 457,  yRange = 96, 69
2021-08-20 11:54:19,048 - INFO - root - Next Decision Window: xRange = 431, 442,  yRange = 87, 66
2021-08-20 11:54:19,048 - INFO - root - Distance = 21.02379604162864, direction = 4, Win# 4
2021-08-20 11:54:19,136 - DEBUG - bleak.backends.dotnet.client - Write Characteristic 6e400002-b5a3-f393-e0a9-e50e24dcca9e : bytearray(b'4,0')
2021-08-20 11:54:19,175 - INFO - root - x = 412, y = 82, Radius = 50.99029541015625
2021-08-20 11:54:19,175 - INFO - root - Decision Window: xRange = 443, 457,  yRange = 96, 69
2021-08-20 11:54:19,176 - INFO - root - Next Decision Window: xRange = 431, 442,  yRange = 87, 66
2021-08-20 11:54:19,176 - INFO - root - Distance = 24.73863375370596, direction = 4, Win# 4
2021-08-20 11:54:19,256 - DEBUG - bleak.backends.dotnet.client - Write Characteristic 6e400002-b5a3-f393-e0a9-e50e24dcca9e : bytearray(b'4,0')
2021-08-20 11:54:19,282 - INFO - root - x = 410, y = 81, Radius = 50.00259780883789
2021-08-20 11:54:19,282 - INFO - root - Decision Window: xRange = 443, 457,  yRange = 96, 69
2021-08-20 11:54:19,283 - INFO - root - Next Decision Window: xRange = 431, 442,  yRange = 87, 66
2021-08-20 11:54:19,283 - INFO - root - Distance = 26.476404589747453, direction = 4, Win# 4
2021-08-20 11:54:19,376 - DEBUG - bleak.backends.dotnet.client - Write Characteristic 6e400002-b5a3-f393-e0a9-e50e24dcca9e : bytearray(b'4,0')
2021-08-20 11:54:19,404 - INFO - root - x = 408, y = 80, Radius = 46.93090057373047
2021-08-20 11:54:19,405 - INFO - root - Decision Window: xRange = 443, 457,  yRange = 96, 69
2021-08-20 11:54:19,405 - INFO - root - Next Decision Window: xRange = 431, 442,  yRange = 87, 66
2021-08-20 11:54:19,405 - INFO - root - Distance = 28.284271247461902, direction = 4, Win# 4
2021-08-20 11:54:19,496 - DEBUG - bleak.backends.dotnet.client - Write Characteristic 6e400002-b5a3-f393-e0a9-e50e24dcca9e : bytearray(b'4,0')
2021-08-20 11:54:19,530 - INFO - root - x = 409, y = 80, Radius = 50.06256103515625
2021-08-20 11:54:19,530 - INFO - root - Decision Window: xRange = 443, 457,  yRange = 96, 69
2021-08-20 11:54:19,530 - INFO - root - Next Decision Window: xRange = 431, 442,  yRange = 87, 66
2021-08-20 11:54:19,530 - INFO - root - Distance = 27.294688127912362, direction = 4, Win# 4
2021-08-20 11:54:19,616 - DEBUG - bleak.backends.dotnet.client - Write Characteristic 6e400002-b5a3-f393-e0a9-e50e24dcca9e : bytearray(b'4,0')
2021-08-20 11:54:19,651 - INFO - root - x = 412, y = 80, Radius = 49.95257568359375
2021-08-20 11:54:19,651 - INFO - root - Decision Window: xRange = 443, 457,  yRange = 96, 69
2021-08-20 11:54:19,651 - INFO - root - Next Decision Window: xRange = 431, 442,  yRange = 87, 66
2021-08-20 11:54:19,651 - INFO - root - Distance = 24.331050121192877, direction = 4, Win# 4
2021-08-20 11:54:19,735 - DEBUG - bleak.backends.dotnet.client - Write Characteristic 6e400002-b5a3-f393-e0a9-e50e24dcca9e : bytearray(b'4,0')
2021-08-20 11:54:19,780 - INFO - root - x = 424, y = 79, Radius = 47.7127799987793
2021-08-20 11:54:19,781 - INFO - root - Decision Window: xRange = 443, 457,  yRange = 96, 69
2021-08-20 11:54:19,781 - INFO - root - Next Decision Window: xRange = 431, 442,  yRange = 87, 66
2021-08-20 11:54:19,781 - INFO - root - Distance = 12.36931687685298, direction = 4, Win# 4
2021-08-20 11:54:19,856 - DEBUG - bleak.backends.dotnet.client - Write Characteristic 6e400002-b5a3-f393-e0a9-e50e24dcca9e : bytearray(b'4,0')
2021-08-20 11:54:19,886 - INFO - root - x = 439, y = 76, Radius = 45.80402755737305
2021-08-20 11:54:19,886 - INFO - root - Decision Window: xRange = 431, 442,  yRange = 87, 66
2021-08-20 11:54:19,886 - INFO - root - Next Decision Window: xRange = 420, 430,  yRange = 84, 65
2021-08-20 11:54:19,886 - INFO - root - Distance = 0, direction = 2, Win# 5
2021-08-20 11:54:19,976 - DEBUG - bleak.backends.dotnet.client - Write Characteristic 6e400002-b5a3-f393-e0a9-e50e24dcca9e : bytearray(b'2,0')
2021-08-20 11:54:20,009 - INFO - root - x = 447, y = 77, Radius = 44.30021286010742
2021-08-20 11:54:20,010 - INFO - root - Decision Window: xRange = 431, 442,  yRange = 87, 66
2021-08-20 11:54:20,010 - INFO - root - Next Decision Window: xRange = 420, 430,  yRange = 84, 65
2021-08-20 11:54:20,010 - INFO - root - Distance = 22.20360331117452, direction = 2, Win# 5
2021-08-20 11:54:20,096 - DEBUG - bleak.backends.dotnet.client - Write Characteristic 6e400002-b5a3-f393-e0a9-e50e24dcca9e : bytearray(b'2,0')
2021-08-20 11:54:20,117 - INFO - root - x = 450, y = 78, Radius = 45.30186462402344
2021-08-20 11:54:20,118 - INFO - root - Decision Window: xRange = 431, 442,  yRange = 87, 66
2021-08-20 11:54:20,118 - INFO - root - Next Decision Window: xRange = 420, 430,  yRange = 84, 65
2021-08-20 11:54:20,118 - INFO - root - Distance = 25.317977802344327, direction = 2, Win# 5
2021-08-20 11:54:20,216 - DEBUG - bleak.backends.dotnet.client - Write Characteristic 6e400002-b5a3-f393-e0a9-e50e24dcca9e : bytearray(b'2,0')
2021-08-20 11:54:20,255 - INFO - root - x = 454, y = 79, Radius = 47.3208122253418
2021-08-20 11:54:20,255 - INFO - root - Decision Window: xRange = 431, 442,  yRange = 87, 66
2021-08-20 11:54:20,255 - INFO - root - Next Decision Window: xRange = 420, 430,  yRange = 84, 65
2021-08-20 11:54:20,256 - INFO - root - Distance = 29.427877939124322, direction = 2, Win# 5
2021-08-20 11:54:20,336 - DEBUG - bleak.backends.dotnet.client - Write Characteristic 6e400002-b5a3-f393-e0a9-e50e24dcca9e : bytearray(b'2,0')
2021-08-20 11:54:20,364 - INFO - root - x = 450, y = 78, Radius = 45.9157829284668
2021-08-20 11:54:20,364 - INFO - root - Decision Window: xRange = 431, 442,  yRange = 87, 66
2021-08-20 11:54:20,364 - INFO - root - Next Decision Window: xRange = 420, 430,  yRange = 84, 65
2021-08-20 11:54:20,364 - INFO - root - Distance = 25.317977802344327, direction = 2, Win# 5
2021-08-20 11:54:20,456 - DEBUG - bleak.backends.dotnet.client - Write Characteristic 6e400002-b5a3-f393-e0a9-e50e24dcca9e : bytearray(b'2,0')
2021-08-20 11:54:20,487 - INFO - root - x = 442, y = 79, Radius = 47.7127799987793
2021-08-20 11:54:20,487 - INFO - root - Decision Window: xRange = 431, 442,  yRange = 87, 66
2021-08-20 11:54:20,487 - INFO - root - Next Decision Window: xRange = 420, 430,  yRange = 84, 65
2021-08-20 11:54:20,487 - INFO - root - Distance = 17.72004514666935, direction = 2, Win# 5
2021-08-20 11:54:20,575 - DEBUG - bleak.backends.dotnet.client - Write Characteristic 6e400002-b5a3-f393-e0a9-e50e24dcca9e : bytearray(b'2,0')
2021-08-20 11:54:20,615 - INFO - root - x = 431, y = 80, Radius = 47.24679183959961
2021-08-20 11:54:20,616 - INFO - root - Decision Window: xRange = 431, 442,  yRange = 87, 66
2021-08-20 11:54:20,616 - INFO - root - Next Decision Window: xRange = 420, 430,  yRange = 84, 65
2021-08-20 11:54:20,616 - INFO - root - Distance = 8.48528137423857, direction = 1, Win# 5
2021-08-20 11:54:20,695 - DEBUG - bleak.backends.dotnet.client - Write Characteristic 6e400002-b5a3-f393-e0a9-e50e24dcca9e : bytearray(b'1,0')
2021-08-20 11:54:20,737 - INFO - root - x = 425, y = 79, Radius = 45.9157829284668
2021-08-20 11:54:20,738 - INFO - root - Decision Window: xRange = 420, 430,  yRange = 84, 65
2021-08-20 11:54:20,738 - INFO - root - Next Decision Window: xRange = 400, 419,  yRange = 83, 65
2021-08-20 11:54:20,738 - INFO - root - Distance = 0, direction = 1, Win# 6
2021-08-20 11:54:20,816 - DEBUG - bleak.backends.dotnet.client - Write Characteristic 6e400002-b5a3-f393-e0a9-e50e24dcca9e : bytearray(b'1,0')
2021-08-20 11:54:20,851 - INFO - root - x = 418, y = 79, Radius = 47.88798904418945
2021-08-20 11:54:20,851 - INFO - root - Decision Window: xRange = 400, 419,  yRange = 83, 65
2021-08-20 11:54:20,851 - INFO - root - Next Decision Window: xRange = 386, 399,  yRange = 85, 70
2021-08-20 11:54:20,851 - INFO - root - Distance = 0, direction = 2, Win# 7
2021-08-20 11:54:20,935 - DEBUG - bleak.backends.dotnet.client - Write Characteristic 6e400002-b5a3-f393-e0a9-e50e24dcca9e : bytearray(b'2,0')
2021-08-20 11:54:20,964 - INFO - root - x = 416, y = 79, Radius = 47.18325424194336
2021-08-20 11:54:20,964 - INFO - root - Decision Window: xRange = 400, 419,  yRange = 83, 65
2021-08-20 11:54:20,964 - INFO - root - Next Decision Window: xRange = 386, 399,  yRange = 85, 70
2021-08-20 11:54:20,964 - INFO - root - Distance = 24.08318915758459, direction = 2, Win# 7
2021-08-20 11:54:21,115 - DEBUG - bleak.backends.dotnet.client - Write Characteristic 6e400002-b5a3-f393-e0a9-e50e24dcca9e : bytearray(b'2,0')
2021-08-20 11:54:21,150 - INFO - root - x = 411, y = 80, Radius = 48.270172119140625
2021-08-20 11:54:21,150 - INFO - root - Decision Window: xRange = 400, 419,  yRange = 83, 65
2021-08-20 11:54:21,150 - INFO - root - Next Decision Window: xRange = 386, 399,  yRange = 85, 70
2021-08-20 11:54:21,150 - INFO - root - Distance = 19.235384061671343, direction = 2, Win# 7
2021-08-20 11:54:21,236 - DEBUG - bleak.backends.dotnet.client - Write Characteristic 6e400002-b5a3-f393-e0a9-e50e24dcca9e : bytearray(b'2,0')
2021-08-20 11:54:21,276 - INFO - root - x = 395, y = 82, Radius = 50.618770599365234
2021-08-20 11:54:21,276 - INFO - root - Decision Window: xRange = 386, 399,  yRange = 85, 70
2021-08-20 11:54:21,276 - INFO - root - Next Decision Window: xRange = 371, 385,  yRange = 92, 72
2021-08-20 11:54:21,277 - INFO - root - Distance = 0, direction = 1, Win# 8
2021-08-20 11:54:21,356 - DEBUG - bleak.backends.dotnet.client - Write Characteristic 6e400002-b5a3-f393-e0a9-e50e24dcca9e : bytearray(b'1,0')
2021-08-20 11:54:21,398 - INFO - root - x = 386, y = 81, Radius = 51.36399841308594
2021-08-20 11:54:21,398 - INFO - root - Decision Window: xRange = 386, 399,  yRange = 85, 70
2021-08-20 11:54:21,398 - INFO - root - Next Decision Window: xRange = 371, 385,  yRange = 92, 72
2021-08-20 11:54:21,398 - INFO - root - Distance = 8.06225774829855, direction = 2, Win# 8
2021-08-20 11:54:21,476 - DEBUG - bleak.backends.dotnet.client - Write Characteristic 6e400002-b5a3-f393-e0a9-e50e24dcca9e : bytearray(b'2,0')
2021-08-20 11:54:21,509 - INFO - root - x = 378, y = 80, Radius = 47.56584167480469
2021-08-20 11:54:21,509 - INFO - root - Decision Window: xRange = 371, 385,  yRange = 92, 72
2021-08-20 11:54:21,509 - INFO - root - Next Decision Window: xRange = 358, 370,  yRange = 98, 74
2021-08-20 11:54:21,509 - INFO - root - Distance = 0, direction = 3, Win# 9
2021-08-20 11:54:21,596 - DEBUG - bleak.backends.dotnet.client - Write Characteristic 6e400002-b5a3-f393-e0a9-e50e24dcca9e : bytearray(b'3,0')
2021-08-20 11:54:21,634 - INFO - root - x = 377, y = 80, Radius = 48.33745574951172
2021-08-20 11:54:21,634 - INFO - root - Decision Window: xRange = 371, 385,  yRange = 92, 72
2021-08-20 11:54:21,634 - INFO - root - Next Decision Window: xRange = 358, 370,  yRange = 98, 74
2021-08-20 11:54:21,634 - INFO - root - Distance = 14.317821063276353, direction = 2, Win# 9
2021-08-20 11:54:21,715 - DEBUG - bleak.backends.dotnet.client - Write Characteristic 6e400002-b5a3-f393-e0a9-e50e24dcca9e : bytearray(b'2,0')
2021-08-20 11:54:21,756 - INFO - root - x = 369, y = 80, Radius = 49.297664642333984
2021-08-20 11:54:21,756 - INFO - root - Decision Window: xRange = 358, 370,  yRange = 98, 74
2021-08-20 11:54:21,756 - INFO - root - Next Decision Window: xRange = 348, 357,  yRange = 112, 75
2021-08-20 11:54:21,756 - INFO - root - Distance = 0, direction = 3, Win# 10
2021-08-20 11:54:21,836 - DEBUG - bleak.backends.dotnet.client - Write Characteristic 6e400002-b5a3-f393-e0a9-e50e24dcca9e : bytearray(b'3,0')
2021-08-20 11:54:21,862 - INFO - root - x = 360, y = 80, Radius = 48.97458267211914
2021-08-20 11:54:21,863 - INFO - root - Decision Window: xRange = 358, 370,  yRange = 98, 74
2021-08-20 11:54:21,863 - INFO - root - Next Decision Window: xRange = 348, 357,  yRange = 112, 75
2021-08-20 11:54:21,863 - INFO - root - Distance = 15.264337522473747, direction = 3, Win# 10
2021-08-20 11:54:21,956 - DEBUG - bleak.backends.dotnet.client - Write Characteristic 6e400002-b5a3-f393-e0a9-e50e24dcca9e : bytearray(b'3,0')
2021-08-20 11:54:21,986 - INFO - root - x = 355, y = 81, Radius = 52.55958938598633
2021-08-20 11:54:21,986 - INFO - root - Decision Window: xRange = 348, 357,  yRange = 112, 75
2021-08-20 11:54:21,986 - INFO - root - Next Decision Window: xRange = 339, 347,  yRange = 125, 90
2021-08-20 11:54:21,986 - INFO - root - Distance = 0, direction = 3, Win# 11
2021-08-20 11:54:22,076 - DEBUG - bleak.backends.dotnet.client - Write Characteristic 6e400002-b5a3-f393-e0a9-e50e24dcca9e : bytearray(b'3,0')
2021-08-20 11:54:22,107 - INFO - root - x = 354, y = 84, Radius = 55.56312561035156
2021-08-20 11:54:22,107 - INFO - root - Decision Window: xRange = 348, 357,  yRange = 112, 75
2021-08-20 11:54:22,107 - INFO - root - Next Decision Window: xRange = 339, 347,  yRange = 125, 90
2021-08-20 11:54:22,107 - INFO - root - Distance = 25.495097567963924, direction = 3, Win# 11
2021-08-20 11:54:22,195 - DEBUG - bleak.backends.dotnet.client - Write Characteristic 6e400002-b5a3-f393-e0a9-e50e24dcca9e : bytearray(b'3,0')
2021-08-20 11:54:22,230 - INFO - root - x = 351, y = 88, Radius = 60.108333587646484
2021-08-20 11:54:22,231 - INFO - root - Decision Window: xRange = 348, 357,  yRange = 112, 75
2021-08-20 11:54:22,231 - INFO - root - Next Decision Window: xRange = 339, 347,  yRange = 125, 90
2021-08-20 11:54:22,231 - INFO - root - Distance = 20.615528128088304, direction = 3, Win# 11
2021-08-20 11:54:22,316 - DEBUG - bleak.backends.dotnet.client - Write Characteristic 6e400002-b5a3-f393-e0a9-e50e24dcca9e : bytearray(b'3,0')
2021-08-20 11:54:22,355 - INFO - root - x = 334, y = 94, Radius = 66.89740753173828
2021-08-20 11:54:22,356 - INFO - root - Decision Window: xRange = 348, 357,  yRange = 112, 75
2021-08-20 11:54:22,356 - INFO - root - Next Decision Window: xRange = 339, 347,  yRange = 125, 90
2021-08-20 11:54:22,356 - INFO - root - Distance = 15.811388300841896, direction = 3, Win# 11
2021-08-20 11:54:22,436 - DEBUG - bleak.backends.dotnet.client - Write Characteristic 6e400002-b5a3-f393-e0a9-e50e24dcca9e : bytearray(b'3,0')
2021-08-20 11:54:22,469 - INFO - root - x = 324, y = 96, Radius = 70.74259185791016
2021-08-20 11:54:22,469 - INFO - root - Decision Window: xRange = 348, 357,  yRange = 112, 75
2021-08-20 11:54:22,469 - INFO - root - Next Decision Window: xRange = 339, 347,  yRange = 125, 90
2021-08-20 11:54:22,469 - INFO - root - Distance = 21.95449840010015, direction = 4, Win# 11
2021-08-20 11:54:22,555 - DEBUG - bleak.backends.dotnet.client - Write Characteristic 6e400002-b5a3-f393-e0a9-e50e24dcca9e : bytearray(b'4,0')
2021-08-20 11:54:22,569 - INFO - root - x = 326, y = 101, Radius = 75.16658020019531
2021-08-20 11:54:22,569 - INFO - root - Decision Window: xRange = 348, 357,  yRange = 112, 75
2021-08-20 11:54:22,569 - INFO - root - Next Decision Window: xRange = 339, 347,  yRange = 125, 90
2021-08-20 11:54:22,570 - INFO - root - Distance = 18.027756377319946, direction = 4, Win# 11
2021-08-20 11:54:22,675 - DEBUG - bleak.backends.dotnet.client - Write Characteristic 6e400002-b5a3-f393-e0a9-e50e24dcca9e : bytearray(b'4,0')
2021-08-20 11:54:22,696 - INFO - root - x = 316, y = 103, Radius = 78.36622619628906
2021-08-20 11:54:22,696 - INFO - root - Decision Window: xRange = 348, 357,  yRange = 112, 75
2021-08-20 11:54:22,696 - INFO - root - Next Decision Window: xRange = 339, 347,  yRange = 125, 90
2021-08-20 11:54:22,696 - INFO - root - Distance = 27.294688127912362, direction = 4, Win# 11
2021-08-20 11:54:22,796 - DEBUG - bleak.backends.dotnet.client - Write Characteristic 6e400002-b5a3-f393-e0a9-e50e24dcca9e : bytearray(b'4,0')
2021-08-20 11:54:22,834 - INFO - root - x = 334, y = 103, Radius = 84.58881378173828
2021-08-20 11:54:22,834 - INFO - root - Decision Window: xRange = 348, 357,  yRange = 112, 75
2021-08-20 11:54:22,834 - INFO - root - Next Decision Window: xRange = 339, 347,  yRange = 125, 90
2021-08-20 11:54:22,834 - INFO - root - Distance = 9.848857801796104, direction = 4, Win# 11
2021-08-20 11:54:22,916 - DEBUG - bleak.backends.dotnet.client - Write Characteristic 6e400002-b5a3-f393-e0a9-e50e24dcca9e : bytearray(b'4,0')
2021-08-20 11:54:22,956 - INFO - root - x = 347, y = 102, Radius = 83.03245544433594
2021-08-20 11:54:22,956 - INFO - root - Decision Window: xRange = 348, 357,  yRange = 112, 75
2021-08-20 11:54:22,956 - INFO - root - Next Decision Window: xRange = 339, 347,  yRange = 125, 90
2021-08-20 11:54:22,956 - INFO - root - Distance = 6.4031242374328485, direction = 3, Win# 11
2021-08-20 11:54:23,036 - DEBUG - bleak.backends.dotnet.client - Write Characteristic 6e400002-b5a3-f393-e0a9-e50e24dcca9e : bytearray(b'3,0')
2021-08-20 11:54:23,066 - INFO - root - x = 366, y = 96, Radius = 73.20700073242188
2021-08-20 11:54:23,066 - INFO - root - Decision Window: xRange = 348, 357,  yRange = 112, 75
2021-08-20 11:54:23,066 - INFO - root - Next Decision Window: xRange = 339, 347,  yRange = 125, 90
2021-08-20 11:54:23,066 - INFO - root - Distance = 25.495097567963924, direction = 2, Win# 11
2021-08-20 11:54:23,156 - DEBUG - bleak.backends.dotnet.client - Write Characteristic 6e400002-b5a3-f393-e0a9-e50e24dcca9e : bytearray(b'2,0')
2021-08-20 11:54:23,175 - INFO - root - x = 378, y = 94, Radius = 73.89360046386719
2021-08-20 11:54:23,175 - INFO - root - Decision Window: xRange = 348, 357,  yRange = 112, 75
2021-08-20 11:54:23,175 - INFO - root - Next Decision Window: xRange = 339, 347,  yRange = 125, 90
2021-08-20 11:54:23,175 - INFO - root - Distance = 37.33630940518894, direction = 2, Win# 11
2021-08-20 11:54:23,276 - DEBUG - bleak.backends.dotnet.client - Write Characteristic 6e400002-b5a3-f393-e0a9-e50e24dcca9e : bytearray(b'2,0')
2021-08-20 11:54:23,313 - INFO - root - x = 370, y = 98, Radius = 73.25479125976562
2021-08-20 11:54:23,313 - INFO - root - Decision Window: xRange = 348, 357,  yRange = 112, 75
2021-08-20 11:54:23,313 - INFO - root - Next Decision Window: xRange = 339, 347,  yRange = 125, 90
2021-08-20 11:54:23,313 - INFO - root - Distance = 28.460498941515414, direction = 2, Win# 11
2021-08-20 11:54:23,396 - DEBUG - bleak.backends.dotnet.client - Write Characteristic 6e400002-b5a3-f393-e0a9-e50e24dcca9e : bytearray(b'2,0')
2021-08-20 11:54:23,436 - INFO - root - x = 356, y = 106, Radius = 85.9425048828125
2021-08-20 11:54:23,436 - INFO - root - Decision Window: xRange = 348, 357,  yRange = 112, 75
2021-08-20 11:54:23,436 - INFO - root - Next Decision Window: xRange = 339, 347,  yRange = 125, 90
2021-08-20 11:54:23,436 - INFO - root - Distance = 13.038404810405298, direction = 2, Win# 11
2021-08-20 11:54:23,516 - DEBUG - bleak.backends.dotnet.client - Write Characteristic 6e400002-b5a3-f393-e0a9-e50e24dcca9e : bytearray(b'2,0')
2021-08-20 11:54:23,542 - INFO - root - x = 333, y = 112, Radius = 90.74545288085938
2021-08-20 11:54:23,542 - INFO - root - Decision Window: xRange = 348, 357,  yRange = 112, 75
2021-08-20 11:54:23,542 - INFO - root - Next Decision Window: xRange = 339, 347,  yRange = 125, 90
2021-08-20 11:54:23,543 - INFO - root - Distance = 11.180339887498949, direction = 4, Win# 11
2021-08-20 11:54:23,636 - DEBUG - bleak.backends.dotnet.client - Write Characteristic 6e400002-b5a3-f393-e0a9-e50e24dcca9e : bytearray(b'4,0')
2021-08-20 11:54:23,667 - INFO - root - x = 336, y = 118, Radius = 91.11129760742188
2021-08-20 11:54:23,667 - INFO - root - Decision Window: xRange = 348, 357,  yRange = 112, 75
2021-08-20 11:54:23,668 - INFO - root - Next Decision Window: xRange = 339, 347,  yRange = 125, 90
2021-08-20 11:54:23,668 - INFO - root - Distance = 13.038404810405298, direction = 1, Win# 11
2021-08-20 11:54:23,756 - DEBUG - bleak.backends.dotnet.client - Write Characteristic 6e400002-b5a3-f393-e0a9-e50e24dcca9e : bytearray(b'1,0')
2021-08-20 11:54:23,775 - INFO - root - x = 357, y = 146, Radius = 99.14771270751953
2021-08-20 11:54:23,775 - INFO - root - Decision Window: xRange = 348, 357,  yRange = 112, 75
2021-08-20 11:54:23,775 - INFO - root - Next Decision Window: xRange = 339, 347,  yRange = 125, 90
2021-08-20 11:54:23,775 - INFO - root - Distance = 41.43669871020132, direction = 1, Win# 11
2021-08-20 11:54:23,875 - DEBUG - bleak.backends.dotnet.client - Write Characteristic 6e400002-b5a3-f393-e0a9-e50e24dcca9e : bytearray(b'1,0')
2021-08-20 11:54:23,917 - INFO - root - x = 393, y = 273, Radius = 79.2607421875
2021-08-20 11:54:23,918 - INFO - root - Decision Window: xRange = 348, 357,  yRange = 112, 75
2021-08-20 11:54:23,918 - INFO - root - Next Decision Window: xRange = 339, 347,  yRange = 125, 90
2021-08-20 11:54:23,918 - INFO - root - Distance = 173.3666634621547, direction = 1, Win# 11
2021-08-20 11:54:23,996 - DEBUG - bleak.backends.dotnet.client - Write Characteristic 6e400002-b5a3-f393-e0a9-e50e24dcca9e : bytearray(b'1,2')
2021-08-20 11:54:24,036 - INFO - root - x = 396, y = 419, Radius = 62.16922378540039
2021-08-20 11:54:24,036 - INFO - root - Decision Window: xRange = 348, 357,  yRange = 112, 75
2021-08-20 11:54:24,036 - INFO - root - Next Decision Window: xRange = 339, 347,  yRange = 125, 90
2021-08-20 11:54:24,036 - INFO - root - Distance = 316.46958779636316, direction = 1, Win# 11
2021-08-20 11:54:24,116 - DEBUG - bleak.backends.dotnet.client - Write Characteristic 6e400002-b5a3-f393-e0a9-e50e24dcca9e : bytearray(b'1,3')
2021-08-20 11:54:24,149 - INFO - root - x = 442, y = 513, Radius = 27.203041076660156
2021-08-20 11:54:24,149 - INFO - root - Decision Window: xRange = 348, 357,  yRange = 112, 75
2021-08-20 11:54:24,149 - INFO - root - Next Decision Window: xRange = 339, 347,  yRange = 125, 90
2021-08-20 11:54:24,149 - INFO - root - Distance = 417.8959200566572, direction = 1, Win# 11
2021-08-20 11:54:24,235 - DEBUG - bleak.backends.dotnet.client - Write Characteristic 6e400002-b5a3-f393-e0a9-e50e24dcca9e : bytearray(b'1,3')
2021-08-20 11:54:24,580 - INFO - root - x = 667, y = 526, Radius = 6.324655532836914
2021-08-20 11:54:24,581 - INFO - root - Decision Window: xRange = 348, 357,  yRange = 112, 75
2021-08-20 11:54:24,581 - INFO - root - Next Decision Window: xRange = 339, 347,  yRange = 125, 90
2021-08-20 11:54:24,581 - INFO - root - Distance = 529.6574364624743, direction = 1, Win# 11
2021-08-20 11:54:24,656 - DEBUG - bleak.backends.dotnet.client - Write Characteristic 6e400002-b5a3-f393-e0a9-e50e24dcca9e : bytearray(b'1,0')
2021-08-20 11:54:24,716 - INFO - root - x = 670, y = 526, Radius = 6.082862854003906
2021-08-20 11:54:24,717 - INFO - root - Decision Window: xRange = 348, 357,  yRange = 112, 75
2021-08-20 11:54:24,717 - INFO - root - Next Decision Window: xRange = 339, 347,  yRange = 125, 90
2021-08-20 11:54:24,717 - INFO - root - Distance = 531.4978833447975, direction = 1, Win# 11
2021-08-20 11:54:24,836 - DEBUG - bleak.backends.dotnet.client - Write Characteristic 6e400002-b5a3-f393-e0a9-e50e24dcca9e : bytearray(b'1,0')
2021-08-20 11:54:24,869 - INFO - root - x = 641, y = 369, Radius = 55.879432678222656
2021-08-20 11:54:24,870 - INFO - root - Decision Window: xRange = 348, 357,  yRange = 112, 75
2021-08-20 11:54:24,870 - INFO - root - Next Decision Window: xRange = 339, 347,  yRange = 125, 90
2021-08-20 11:54:24,870 - INFO - root - Distance = 396.79717740931574, direction = 2, Win# 11
2021-08-20 11:54:24,956 - DEBUG - bleak.backends.dotnet.client - Write Characteristic 6e400002-b5a3-f393-e0a9-e50e24dcca9e : bytearray(b'2,3')
2021-08-20 11:54:24,998 - INFO - root - x = 684, y = 527, Radius = 5.590270042419434
2021-08-20 11:54:24,998 - INFO - root - Decision Window: xRange = 348, 357,  yRange = 112, 75
2021-08-20 11:54:24,998 - INFO - root - Next Decision Window: xRange = 339, 347,  yRange = 125, 90
2021-08-20 11:54:24,998 - INFO - root - Distance = 541.0, direction = 1, Win# 11
2021-08-20 11:54:25,076 - DEBUG - bleak.backends.dotnet.client - Write Characteristic 6e400002-b5a3-f393-e0a9-e50e24dcca9e : bytearray(b'1,0')
2021-08-20 11:54:25,117 - INFO - root - x = 677, y = 448, Radius = 46.21968460083008
2021-08-20 11:54:25,117 - INFO - root - Decision Window: xRange = 348, 357,  yRange = 112, 75
2021-08-20 11:54:25,117 - INFO - root - Next Decision Window: xRange = 339, 347,  yRange = 125, 90
2021-08-20 11:54:25,117 - INFO - root - Distance = 477.32274196815723, direction = 1, Win# 11
2021-08-20 11:54:25,196 - DEBUG - bleak.backends.dotnet.client - Write Characteristic 6e400002-b5a3-f393-e0a9-e50e24dcca9e : bytearray(b'1,3')
2021-08-20 11:54:25,444 - INFO - root - x = 208, y = 522, Radius = 14.089102745056152
2021-08-20 11:54:25,444 - INFO - root - Decision Window: xRange = 348, 357,  yRange = 112, 75
2021-08-20 11:54:25,445 - INFO - root - Next Decision Window: xRange = 339, 347,  yRange = 125, 90
2021-08-20 11:54:25,445 - INFO - root - Distance = 436.4057744805859, direction = 1, Win# 11
2021-08-20 11:54:25,556 - DEBUG - bleak.backends.dotnet.client - Write Characteristic 6e400002-b5a3-f393-e0a9-e50e24dcca9e : bytearray(b'1,3')
2021-08-20 11:54:25,599 - INFO - root - x = 685, y = 229, Radius = 15.03339672088623
2021-08-20 11:54:25,599 - INFO - root - Decision Window: xRange = 348, 357,  yRange = 112, 75
2021-08-20 11:54:25,599 - INFO - root - Next Decision Window: xRange = 339, 347,  yRange = 125, 90
2021-08-20 11:54:25,599 - INFO - root - Distance = 363.1087991222466, direction = 2, Win# 11
2021-08-20 11:54:25,675 - DEBUG - bleak.backends.dotnet.client - Write Characteristic 6e400002-b5a3-f393-e0a9-e50e24dcca9e : bytearray(b'2,3')
2021-08-20 11:54:25,705 - INFO - root - x = 674, y = 214, Radius = 86.00591278076172
2021-08-20 11:54:25,705 - INFO - root - Decision Window: xRange = 348, 357,  yRange = 112, 75
2021-08-20 11:54:25,705 - INFO - root - Next Decision Window: xRange = 339, 347,  yRange = 125, 90
2021-08-20 11:54:25,706 - INFO - root - Distance = 347.86491631091513, direction = 2, Win# 11
2021-08-20 11:54:25,796 - DEBUG - bleak.backends.dotnet.client - Write Characteristic 6e400002-b5a3-f393-e0a9-e50e24dcca9e : bytearray(b'2,3')
2021-08-20 11:54:25,814 - INFO - root - x = 679, y = 203, Radius = 67.00756072998047
2021-08-20 11:54:25,814 - INFO - root - Decision Window: xRange = 348, 357,  yRange = 112, 75
2021-08-20 11:54:25,814 - INFO - root - Next Decision Window: xRange = 339, 347,  yRange = 125, 90
2021-08-20 11:54:25,814 - INFO - root - Distance = 349.4452746854649, direction = 2, Win# 11
2021-08-20 11:54:25,916 - DEBUG - bleak.backends.dotnet.client - Write Characteristic 6e400002-b5a3-f393-e0a9-e50e24dcca9e : bytearray(b'2,3')
2021-08-20 11:54:25,951 - INFO - root - x = 71, y = 520, Radius = 23.717182159423828
2021-08-20 11:54:25,952 - INFO - root - Decision Window: xRange = 348, 357,  yRange = 112, 75
2021-08-20 11:54:25,952 - INFO - root - Next Decision Window: xRange = 339, 347,  yRange = 125, 90
2021-08-20 11:54:25,952 - INFO - root - Distance = 494.52300249836713, direction = 1, Win# 11
2021-08-20 11:54:26,036 - DEBUG - bleak.backends.dotnet.client - Write Characteristic 6e400002-b5a3-f393-e0a9-e50e24dcca9e : bytearray(b'1,3')
2021-08-20 11:54:26,076 - INFO - root - x = 674, y = 301, Radius = 67.84164428710938
2021-08-20 11:54:26,077 - INFO - root - Decision Window: xRange = 348, 357,  yRange = 112, 75
2021-08-20 11:54:26,077 - INFO - root - Next Decision Window: xRange = 339, 347,  yRange = 125, 90
2021-08-20 11:54:26,077 - INFO - root - Distance = 383.66261219983375, direction = 2, Win# 11
2021-08-20 11:54:26,155 - DEBUG - bleak.backends.dotnet.client - Write Characteristic 6e400002-b5a3-f393-e0a9-e50e24dcca9e : bytearray(b'2,3')
2021-08-20 11:54:26,185 - INFO - root - x = 654, y = 194, Radius = 82.5258560180664
2021-08-20 11:54:26,185 - INFO - root - Decision Window: xRange = 348, 357,  yRange = 112, 75
2021-08-20 11:54:26,185 - INFO - root - Next Decision Window: xRange = 339, 347,  yRange = 125, 90
2021-08-20 11:54:26,185 - INFO - root - Distance = 322.93962283993585, direction = 2, Win# 11
2021-08-20 11:54:26,276 - DEBUG - bleak.backends.dotnet.client - Write Characteristic 6e400002-b5a3-f393-e0a9-e50e24dcca9e : bytearray(b'2,3')
2021-08-20 11:54:26,307 - INFO - root - x = 674, y = 69, Radius = 26.239381790161133
2021-08-20 11:54:26,307 - INFO - root - Decision Window: xRange = 348, 357,  yRange = 112, 75
2021-08-20 11:54:26,307 - INFO - root - Next Decision Window: xRange = 339, 347,  yRange = 125, 90
2021-08-20 11:54:26,307 - INFO - root - Distance = 333.17412864746865, direction = 2, Win# 11
2021-08-20 11:54:26,396 - DEBUG - bleak.backends.dotnet.client - Write Characteristic 6e400002-b5a3-f393-e0a9-e50e24dcca9e : bytearray(b'2,3')
2021-08-20 11:54:26,434 - INFO - root - x = 664, y = 384, Radius = 7.382511615753174
2021-08-20 11:54:26,435 - INFO - root - Decision Window: xRange = 348, 357,  yRange = 112, 75
2021-08-20 11:54:26,435 - INFO - root - Next Decision Window: xRange = 339, 347,  yRange = 125, 90
2021-08-20 11:54:26,435 - INFO - root - Distance = 423.9929244692652, direction = 2, Win# 11
2021-08-20 11:54:26,515 - DEBUG - bleak.backends.dotnet.client - Write Characteristic 6e400002-b5a3-f393-e0a9-e50e24dcca9e : bytearray(b'2,3')
2021-08-20 11:54:26,554 - INFO - root - x = 665, y = 383, Radius = 5.315979480743408
2021-08-20 11:54:26,554 - INFO - root - Decision Window: xRange = 348, 357,  yRange = 112, 75
2021-08-20 11:54:26,554 - INFO - root - Next Decision Window: xRange = 339, 347,  yRange = 125, 90
2021-08-20 11:54:26,554 - INFO - root - Distance = 424.09904503547284, direction = 2, Win# 11
