2021-08-20 12:20:32,250 - INFO - root - 


2021-08-20 12:20:32,250 - INFO - root - PROGRAM BEGINS
2021-08-20 12:20:34,575 - INFO - root - Image: circle_image_Excel.xlsx
2021-08-20 12:20:35,456 - DEBUG - asyncio - Using proactor: IocpProactor
2021-08-20 12:20:35,600 - DEBUG - bleak.backends.dotnet.scanner - Received 55:E4:6B:A3:87:B2: Unknown.
2021-08-20 12:20:35,696 - DEBUG - bleak.backends.dotnet.scanner - Received 7C:9E:BD:EE:7A:82: Haptic Sleeve ML.
2021-08-20 12:20:35,697 - DEBUG - bleak.backends.dotnet.scanner - Received 7C:9E:BD:EE:7A:82: Unknown.
2021-08-20 12:20:35,697 - DEBUG - bleak.backends.dotnet.scanner - 2 devices found. Watcher status: 3.
2021-08-20 12:20:35,697 - DEBUG - bleak.backends.dotnet.client - Connecting to BLE device @ 7c:9e:bd:ee:7a:82
2021-08-20 12:20:39,729 - DEBUG - bleak.backends.dotnet.client - _ConnectionStatusChanged_Handler: 1
2021-08-20 12:20:39,729 - DEBUG - bleak.backends.dotnet.client - Get Services...
2021-08-20 12:20:39,788 - INFO - bleak.backends.dotnet.client - Services resolved for BleakClientDotNet (7c:9e:bd:ee:7a:82)
2021-08-20 12:20:42,650 - INFO - root - x = 394, y = 129, Radius = 58.815486907958984
2021-08-20 12:20:42,650 - INFO - root - Decision Window: xRange = 387, 411,  yRange = 149, 100
2021-08-20 12:20:42,650 - INFO - root - Next Decision Window: xRange = 369, 386,  yRange = 149, 106
2021-08-20 12:20:42,650 - INFO - root - Distance = 17.11724276862369, direction = 2, Win# 0
2021-08-20 12:20:42,796 - DEBUG - bleak.backends.dotnet.client - Write Characteristic 6e400002-b5a3-f393-e0a9-e50e24dcca9e : bytearray(b'2,0')
2021-08-20 12:20:42,842 - INFO - root - x = 398, y = 127, Radius = 59.550498962402344
2021-08-20 12:20:42,842 - INFO - root - Decision Window: xRange = 387, 411,  yRange = 149, 100
2021-08-20 12:20:42,842 - INFO - root - Next Decision Window: xRange = 369, 386,  yRange = 149, 106
2021-08-20 12:20:42,842 - INFO - root - Distance = 21.0, direction = 2, Win# 0
2021-08-20 12:20:42,915 - DEBUG - bleak.backends.dotnet.client - Write Characteristic 6e400002-b5a3-f393-e0a9-e50e24dcca9e : bytearray(b'2,0')
2021-08-20 12:20:42,950 - INFO - root - x = 395, y = 127, Radius = 53.03310775756836
2021-08-20 12:20:42,950 - INFO - root - Decision Window: xRange = 387, 411,  yRange = 149, 100
2021-08-20 12:20:42,950 - INFO - root - Next Decision Window: xRange = 369, 386,  yRange = 149, 106
2021-08-20 12:20:42,951 - INFO - root - Distance = 18.0, direction = 2, Win# 0
2021-08-20 12:20:43,035 - DEBUG - bleak.backends.dotnet.client - Write Characteristic 6e400002-b5a3-f393-e0a9-e50e24dcca9e : bytearray(b'2,0')
2021-08-20 12:20:43,074 - INFO - root - x = 395, y = 125, Radius = 58.94074630737305
2021-08-20 12:20:43,074 - INFO - root - Decision Window: xRange = 387, 411,  yRange = 149, 100
2021-08-20 12:20:43,074 - INFO - root - Next Decision Window: xRange = 369, 386,  yRange = 149, 106
2021-08-20 12:20:43,074 - INFO - root - Distance = 18.110770276274835, direction = 2, Win# 0
2021-08-20 12:20:43,155 - DEBUG - bleak.backends.dotnet.client - Write Characteristic 6e400002-b5a3-f393-e0a9-e50e24dcca9e : bytearray(b'2,0')
2021-08-20 12:20:43,196 - INFO - root - x = 394, y = 127, Radius = 52.6275634765625
2021-08-20 12:20:43,197 - INFO - root - Decision Window: xRange = 387, 411,  yRange = 149, 100
2021-08-20 12:20:43,197 - INFO - root - Next Decision Window: xRange = 369, 386,  yRange = 149, 106
2021-08-20 12:20:43,197 - INFO - root - Distance = 17.0, direction = 2, Win# 0
2021-08-20 12:20:43,275 - DEBUG - bleak.backends.dotnet.client - Write Characteristic 6e400002-b5a3-f393-e0a9-e50e24dcca9e : bytearray(b'2,0')
2021-08-20 12:20:43,320 - INFO - root - x = 387, y = 126, Radius = 58.815486907958984
2021-08-20 12:20:43,320 - INFO - root - Decision Window: xRange = 387, 411,  yRange = 149, 100
2021-08-20 12:20:43,320 - INFO - root - Next Decision Window: xRange = 369, 386,  yRange = 149, 106
2021-08-20 12:20:43,321 - INFO - root - Distance = 10.04987562112089, direction = 2, Win# 0
2021-08-20 12:20:43,395 - DEBUG - bleak.backends.dotnet.client - Write Characteristic 6e400002-b5a3-f393-e0a9-e50e24dcca9e : bytearray(b'2,0')
2021-08-20 12:20:43,449 - INFO - root - x = 381, y = 128, Radius = 59.179908752441406
2021-08-20 12:20:43,449 - INFO - root - Decision Window: xRange = 369, 386,  yRange = 149, 106
2021-08-20 12:20:43,449 - INFO - root - Next Decision Window: xRange = 349, 368,  yRange = 147, 123
2021-08-20 12:20:43,449 - INFO - root - Distance = 0, direction = 2, Win# 1
2021-08-20 12:20:43,515 - DEBUG - bleak.backends.dotnet.client - Write Characteristic 6e400002-b5a3-f393-e0a9-e50e24dcca9e : bytearray(b'2,0')
2021-08-20 12:20:43,552 - INFO - root - x = 378, y = 134, Radius = 52.288055419921875
2021-08-20 12:20:43,552 - INFO - root - Decision Window: xRange = 369, 386,  yRange = 149, 106
2021-08-20 12:20:43,552 - INFO - root - Next Decision Window: xRange = 349, 368,  yRange = 147, 123
2021-08-20 12:20:43,552 - INFO - root - Distance = 20.024984394500787, direction = 2, Win# 1
2021-08-20 12:20:43,695 - DEBUG - bleak.backends.dotnet.client - Write Characteristic 6e400002-b5a3-f393-e0a9-e50e24dcca9e : bytearray(b'2,0')
2021-08-20 12:20:43,740 - INFO - root - x = 365, y = 134, Radius = 51.92534255981445
2021-08-20 12:20:43,740 - INFO - root - Decision Window: xRange = 349, 368,  yRange = 147, 123
2021-08-20 12:20:43,740 - INFO - root - Next Decision Window: xRange = 330, 348,  yRange = 152, 129
2021-08-20 12:20:43,740 - INFO - root - Distance = 0, direction = 2, Win# 2
2021-08-20 12:20:43,815 - DEBUG - bleak.backends.dotnet.client - Write Characteristic 6e400002-b5a3-f393-e0a9-e50e24dcca9e : bytearray(b'2,0')
2021-08-20 12:20:43,860 - INFO - root - x = 358, y = 134, Radius = 58.951351165771484
2021-08-20 12:20:43,860 - INFO - root - Decision Window: xRange = 349, 368,  yRange = 147, 123
2021-08-20 12:20:43,860 - INFO - root - Next Decision Window: xRange = 330, 348,  yRange = 152, 129
2021-08-20 12:20:43,860 - INFO - root - Distance = 19.924858845171276, direction = 2, Win# 2
2021-08-20 12:20:43,935 - DEBUG - bleak.backends.dotnet.client - Write Characteristic 6e400002-b5a3-f393-e0a9-e50e24dcca9e : bytearray(b'2,0')
2021-08-20 12:20:43,984 - INFO - root - x = 353, y = 138, Radius = 58.843109130859375
2021-08-20 12:20:43,984 - INFO - root - Decision Window: xRange = 349, 368,  yRange = 147, 123
2021-08-20 12:20:43,984 - INFO - root - Next Decision Window: xRange = 330, 348,  yRange = 152, 129
2021-08-20 12:20:43,984 - INFO - root - Distance = 14.142135623730951, direction = 2, Win# 2
2021-08-20 12:20:44,055 - DEBUG - bleak.backends.dotnet.client - Write Characteristic 6e400002-b5a3-f393-e0a9-e50e24dcca9e : bytearray(b'2,0')
2021-08-20 12:20:44,092 - INFO - root - x = 351, y = 138, Radius = 58.843109130859375
2021-08-20 12:20:44,092 - INFO - root - Decision Window: xRange = 349, 368,  yRange = 147, 123
2021-08-20 12:20:44,092 - INFO - root - Next Decision Window: xRange = 330, 348,  yRange = 152, 129
2021-08-20 12:20:44,092 - INFO - root - Distance = 12.165525060596439, direction = 2, Win# 2
2021-08-20 12:20:44,175 - DEBUG - bleak.backends.dotnet.client - Write Characteristic 6e400002-b5a3-f393-e0a9-e50e24dcca9e : bytearray(b'2,0')
2021-08-20 12:20:44,219 - INFO - root - x = 340, y = 141, Radius = 51.501522064208984
2021-08-20 12:20:44,219 - INFO - root - Decision Window: xRange = 330, 348,  yRange = 152, 129
2021-08-20 12:20:44,219 - INFO - root - Next Decision Window: xRange = 310, 329,  yRange = 164, 130
2021-08-20 12:20:44,219 - INFO - root - Distance = 0, direction = 1, Win# 3
2021-08-20 12:20:44,295 - DEBUG - bleak.backends.dotnet.client - Write Characteristic 6e400002-b5a3-f393-e0a9-e50e24dcca9e : bytearray(b'1,0')
2021-08-20 12:20:44,339 - INFO - root - x = 335, y = 144, Radius = 58.738929748535156
2021-08-20 12:20:44,339 - INFO - root - Decision Window: xRange = 330, 348,  yRange = 152, 129
2021-08-20 12:20:44,339 - INFO - root - Next Decision Window: xRange = 310, 329,  yRange = 164, 130
2021-08-20 12:20:44,339 - INFO - root - Distance = 16.278820596099706, direction = 2, Win# 3
2021-08-20 12:20:44,415 - DEBUG - bleak.backends.dotnet.client - Write Characteristic 6e400002-b5a3-f393-e0a9-e50e24dcca9e : bytearray(b'2,0')
2021-08-20 12:20:44,467 - INFO - root - x = 328, y = 147, Radius = 58.148616790771484
2021-08-20 12:20:44,467 - INFO - root - Decision Window: xRange = 310, 329,  yRange = 164, 130
2021-08-20 12:20:44,467 - INFO - root - Next Decision Window: xRange = 295, 309,  yRange = 175, 139
2021-08-20 12:20:44,467 - INFO - root - Distance = 0, direction = 2, Win# 4
2021-08-20 12:20:44,535 - DEBUG - bleak.backends.dotnet.client - Write Characteristic 6e400002-b5a3-f393-e0a9-e50e24dcca9e : bytearray(b'2,0')
2021-08-20 12:20:44,570 - INFO - root - x = 324, y = 151, Radius = 51.8194580078125
2021-08-20 12:20:44,571 - INFO - root - Decision Window: xRange = 310, 329,  yRange = 164, 130
2021-08-20 12:20:44,571 - INFO - root - Next Decision Window: xRange = 295, 309,  yRange = 175, 139
2021-08-20 12:20:44,571 - INFO - root - Distance = 22.80350850198276, direction = 2, Win# 4
2021-08-20 12:20:44,655 - DEBUG - bleak.backends.dotnet.client - Write Characteristic 6e400002-b5a3-f393-e0a9-e50e24dcca9e : bytearray(b'2,0')
2021-08-20 12:20:44,693 - INFO - root - x = 315, y = 153, Radius = 51.336143493652344
2021-08-20 12:20:44,694 - INFO - root - Decision Window: xRange = 310, 329,  yRange = 164, 130
2021-08-20 12:20:44,694 - INFO - root - Next Decision Window: xRange = 295, 309,  yRange = 175, 139
2021-08-20 12:20:44,694 - INFO - root - Distance = 13.601470508735444, direction = 2, Win# 4
2021-08-20 12:20:44,775 - DEBUG - bleak.backends.dotnet.client - Write Characteristic 6e400002-b5a3-f393-e0a9-e50e24dcca9e : bytearray(b'2,0')
2021-08-20 12:20:44,822 - INFO - root - x = 308, y = 154, Radius = 58.05179977416992
2021-08-20 12:20:44,822 - INFO - root - Decision Window: xRange = 295, 309,  yRange = 175, 139
2021-08-20 12:20:44,822 - INFO - root - Next Decision Window: xRange = 281, 294,  yRange = 190, 148
2021-08-20 12:20:44,822 - INFO - root - Distance = 0, direction = 2, Win# 5
2021-08-20 12:20:44,895 - DEBUG - bleak.backends.dotnet.client - Write Characteristic 6e400002-b5a3-f393-e0a9-e50e24dcca9e : bytearray(b'2,0')
2021-08-20 12:20:44,940 - INFO - root - x = 301, y = 158, Radius = 51.66169738769531
2021-08-20 12:20:44,940 - INFO - root - Decision Window: xRange = 295, 309,  yRange = 175, 139
2021-08-20 12:20:44,941 - INFO - root - Next Decision Window: xRange = 281, 294,  yRange = 190, 148
2021-08-20 12:20:44,941 - INFO - root - Distance = 0, direction = 1, Win# 5
2021-08-20 12:20:45,015 - DEBUG - bleak.backends.dotnet.client - Write Characteristic 6e400002-b5a3-f393-e0a9-e50e24dcca9e : bytearray(b'1,0')
2021-08-20 12:20:45,017 - DEBUG - bleak.backends.dotnet.client - Disconnecting from BLE device...
2021-08-20 12:20:48,135 - DEBUG - bleak.backends.dotnet.client - _ConnectionStatusChanged_Handler: 0
