2021-08-10 11:35:02,473 - INFO - root - 


2021-08-10 11:35:02,473 - INFO - root - PROGRAM BEGINS
2021-08-10 11:35:05,685 - DEBUG - asyncio - Using proactor: IocpProactor
2021-08-10 11:35:06,032 - DEBUG - bleak.backends.dotnet.scanner - Received 69:FC:82:84:FD:A3: Unknown.
2021-08-10 11:35:06,037 - DEBUG - bleak.backends.dotnet.scanner - Received 69:FC:82:84:FD:A3: Unknown.
2021-08-10 11:35:06,158 - DEBUG - bleak.backends.dotnet.scanner - Received FA:B4:6A:30:5B:CF: Unknown.
2021-08-10 11:35:06,269 - DEBUG - bleak.backends.dotnet.scanner - Received CC:D2:81:7A:31:C7: Unknown.
2021-08-10 11:35:06,270 - DEBUG - bleak.backends.dotnet.scanner - Received CC:D2:81:7A:31:C7: Unknown.
2021-08-10 11:35:06,392 - DEBUG - bleak.backends.dotnet.scanner - Received 66:4F:D8:99:75:8E: Unknown.
2021-08-10 11:35:06,393 - DEBUG - bleak.backends.dotnet.scanner - Received 66:4F:D8:99:75:8E: Unknown.
2021-08-10 11:35:06,500 - DEBUG - bleak.backends.dotnet.scanner - Received 38:68:A4:0D:FE:EB: Unknown.
2021-08-10 11:35:06,629 - DEBUG - bleak.backends.dotnet.scanner - Received 62:E2:24:FD:D6:E7: Unknown.
2021-08-10 11:35:06,629 - DEBUG - bleak.backends.dotnet.scanner - Received 62:E2:24:FD:D6:E7: Unknown.
2021-08-10 11:35:06,853 - DEBUG - bleak.backends.dotnet.scanner - Received 69:FC:82:84:FD:A3: Unknown.
2021-08-10 11:35:06,854 - DEBUG - bleak.backends.dotnet.scanner - Received 69:FC:82:84:FD:A3: Unknown.
2021-08-10 11:35:07,001 - DEBUG - bleak.backends.dotnet.scanner - Received CC:D2:81:7A:31:C7: Unknown.
2021-08-10 11:35:07,001 - DEBUG - bleak.backends.dotnet.scanner - Received CC:D2:81:7A:31:C7: Unknown.
2021-08-10 11:35:07,205 - DEBUG - bleak.backends.dotnet.scanner - Received 7C:9E:BD:EE:7A:82: Haptic Sleeve ML.
2021-08-10 11:35:07,206 - DEBUG - bleak.backends.dotnet.scanner - Received 7C:9E:BD:EE:7A:82: Unknown.
2021-08-10 11:35:07,206 - DEBUG - bleak.backends.dotnet.scanner - 7 devices found. Watcher status: 3.
2021-08-10 11:35:07,206 - DEBUG - bleak.backends.dotnet.client - Connecting to BLE device @ 7c:9e:bd:ee:7a:82
2021-08-10 11:35:10,744 - DEBUG - bleak.backends.dotnet.client - _ConnectionStatusChanged_Handler: 1
2021-08-10 11:35:10,745 - DEBUG - bleak.backends.dotnet.client - Get Services...
2021-08-10 11:35:10,800 - INFO - bleak.backends.dotnet.client - Services resolved for BleakClientDotNet (7c:9e:bd:ee:7a:82)
2021-08-10 11:35:10,941 - DEBUG - bleak.backends.dotnet.client - Disconnecting from BLE device...
2021-08-10 11:35:14,521 - DEBUG - bleak.backends.dotnet.client - _ConnectionStatusChanged_Handler: 0
2021-08-10 11:35:15,146 - DEBUG - bleak.backends.dotnet.scanner - Received 7D:B7:B3:7F:C9:4C: Unknown.
2021-08-10 11:35:15,146 - DEBUG - bleak.backends.dotnet.scanner - Received 7D:B7:B3:7F:C9:4C: Unknown.
2021-08-10 11:35:15,626 - DEBUG - bleak.backends.dotnet.scanner - Received 66:4F:D8:99:75:8E: Unknown.
2021-08-10 11:35:15,626 - DEBUG - bleak.backends.dotnet.scanner - Received 66:4F:D8:99:75:8E: Unknown.
2021-08-10 11:35:16,089 - DEBUG - bleak.backends.dotnet.scanner - Received 3F:4D:6C:C6:F2:5D: Unknown.
2021-08-10 11:35:16,443 - DEBUG - bleak.backends.dotnet.scanner - Received 66:4F:D8:99:75:8E: Unknown.
2021-08-10 11:35:16,444 - DEBUG - bleak.backends.dotnet.scanner - Received 66:4F:D8:99:75:8E: Unknown.
2021-08-10 11:35:16,717 - DEBUG - bleak.backends.dotnet.scanner - Received 66:4F:D8:99:75:8E: Unknown.
2021-08-10 11:35:16,718 - DEBUG - bleak.backends.dotnet.scanner - Received 66:4F:D8:99:75:8E: Unknown.
2021-08-10 11:35:16,798 - DEBUG - bleak.backends.dotnet.scanner - Received 62:E2:24:FD:D6:E7: Unknown.
2021-08-10 11:35:16,798 - DEBUG - bleak.backends.dotnet.scanner - Received 62:E2:24:FD:D6:E7: Unknown.
2021-08-10 11:35:17,037 - DEBUG - bleak.backends.dotnet.scanner - Received 38:68:A4:0D:FE:EB: Unknown.
2021-08-10 11:35:17,627 - DEBUG - bleak.backends.dotnet.scanner - Received 7C:9E:BD:EE:7A:82: Haptic Sleeve ML.
2021-08-10 11:35:17,628 - DEBUG - bleak.backends.dotnet.scanner - Received 7C:9E:BD:EE:7A:82: Unknown.
2021-08-10 11:35:17,628 - DEBUG - bleak.backends.dotnet.scanner - 6 devices found. Watcher status: 3.
2021-08-10 11:35:17,628 - DEBUG - bleak.backends.dotnet.client - Connecting to BLE device @ 7c:9e:bd:ee:7a:82
2021-08-10 11:35:27,790 - DEBUG - bleak.backends.dotnet.scanner - Received 69:FC:82:84:FD:A3: Unknown.
2021-08-10 11:35:27,791 - DEBUG - bleak.backends.dotnet.scanner - Received 69:FC:82:84:FD:A3: Unknown.
2021-08-10 11:35:28,154 - DEBUG - bleak.backends.dotnet.scanner - Received 3F:4D:6C:C6:F2:5D: Unknown.
2021-08-10 11:35:28,391 - DEBUG - bleak.backends.dotnet.scanner - Received 62:E2:24:FD:D6:E7: Unknown.
2021-08-10 11:35:28,391 - DEBUG - bleak.backends.dotnet.scanner - Received 62:E2:24:FD:D6:E7: Unknown.
2021-08-10 11:35:28,976 - DEBUG - bleak.backends.dotnet.scanner - Received CC:D2:81:7A:31:C7: Unknown.
2021-08-10 11:35:28,977 - DEBUG - bleak.backends.dotnet.scanner - Received CC:D2:81:7A:31:C7: Unknown.
2021-08-10 11:35:29,095 - DEBUG - bleak.backends.dotnet.scanner - Received 38:68:A4:0D:FE:EB: Unknown.
2021-08-10 11:35:29,211 - DEBUG - bleak.backends.dotnet.scanner - Received 66:4F:D8:99:75:8E: Unknown.
2021-08-10 11:35:29,212 - DEBUG - bleak.backends.dotnet.scanner - Received 66:4F:D8:99:75:8E: Unknown.
2021-08-10 11:35:29,710 - DEBUG - bleak.backends.dotnet.scanner - Received 69:FC:82:84:FD:A3: Unknown.
2021-08-10 11:35:29,710 - DEBUG - bleak.backends.dotnet.scanner - Received 69:FC:82:84:FD:A3: Unknown.
2021-08-10 11:35:29,799 - DEBUG - bleak.backends.dotnet.scanner - Received 3F:4D:6C:C6:F2:5D: Unknown.
2021-08-10 11:35:29,812 - DEBUG - bleak.backends.dotnet.scanner - Received 7D:B7:B3:7F:C9:4C: Unknown.
2021-08-10 11:35:29,813 - DEBUG - bleak.backends.dotnet.scanner - Received 7D:B7:B3:7F:C9:4C: Unknown.
2021-08-10 11:35:30,046 - DEBUG - bleak.backends.dotnet.scanner - Received 62:E2:24:FD:D6:E7: Unknown.
2021-08-10 11:35:30,047 - DEBUG - bleak.backends.dotnet.scanner - Received 62:E2:24:FD:D6:E7: Unknown.
2021-08-10 11:35:30,166 - DEBUG - bleak.backends.dotnet.scanner - Received 3F:4D:6C:C6:F2:5D: Unknown.
2021-08-10 11:35:30,637 - DEBUG - bleak.backends.dotnet.scanner - Received FA:B4:6A:30:5B:CF: Unknown.
2021-08-10 11:35:30,638 - DEBUG - bleak.backends.dotnet.scanner - Received FA:B4:6A:30:5B:CF: Unknown.
2021-08-10 11:35:30,999 - DEBUG - bleak.backends.dotnet.scanner - Received CC:D2:81:7A:31:C7: Unknown.
2021-08-10 11:35:31,450 - DEBUG - bleak.backends.dotnet.scanner - Received 3F:4D:6C:C6:F2:5D: Unknown.
2021-08-10 11:35:31,584 - DEBUG - bleak.backends.dotnet.scanner - Received 38:68:A4:0D:FE:EB: Unknown.
2021-08-10 11:35:31,816 - DEBUG - bleak.backends.dotnet.scanner - Received 3F:4D:6C:C6:F2:5D: Unknown.
2021-08-10 11:35:31,925 - DEBUG - bleak.backends.dotnet.scanner - Received CC:D2:81:7A:31:C7: Unknown.
2021-08-10 11:35:31,926 - DEBUG - bleak.backends.dotnet.scanner - Received CC:D2:81:7A:31:C7: Unknown.
2021-08-10 11:35:32,285 - DEBUG - bleak.backends.dotnet.scanner - Received 7C:9E:BD:EE:7A:82: Haptic Sleeve ML.
2021-08-10 11:35:32,286 - DEBUG - bleak.backends.dotnet.scanner - Received 7C:9E:BD:EE:7A:82: Unknown.
2021-08-10 11:35:32,286 - DEBUG - bleak.backends.dotnet.scanner - 9 devices found. Watcher status: 3.
2021-08-10 11:35:32,286 - DEBUG - bleak.backends.dotnet.client - Connecting to BLE device @ 7c:9e:bd:ee:7a:82
2021-08-10 11:35:39,858 - DEBUG - bleak.backends.dotnet.client - _ConnectionStatusChanged_Handler: 1
2021-08-10 11:35:39,859 - DEBUG - bleak.backends.dotnet.client - Get Services...
2021-08-10 11:35:39,909 - INFO - bleak.backends.dotnet.client - Services resolved for BleakClientDotNet (7c:9e:bd:ee:7a:82)
2021-08-10 11:35:49,922 - DEBUG - bleak.backends.dotnet.client - Disconnecting from BLE device...
