2021-08-19 09:44:13,292 - INFO - root - 


2021-08-19 09:44:13,292 - INFO - root - PROGRAM BEGINS
2021-08-19 09:44:15,005 - INFO - root - Image: letter_S_Excel.xlsx
2021-08-19 09:44:15,877 - DEBUG - asyncio - Using proactor: IocpProactor
2021-08-19 09:44:16,239 - DEBUG - bleak.backends.dotnet.scanner - Received 38:68:A4:0D:FE:EB: Unknown.
2021-08-19 09:44:16,469 - DEBUG - bleak.backends.dotnet.scanner - Received 59:2C:D2:4B:17:19: Unknown.
2021-08-19 09:44:16,470 - DEBUG - bleak.backends.dotnet.scanner - Received 59:2C:D2:4B:17:19: Unknown.
2021-08-19 09:44:16,587 - DEBUG - bleak.backends.dotnet.scanner - Received 3F:4D:6C:C6:F2:5D: Unknown.
2021-08-19 09:44:16,702 - DEBUG - bleak.backends.dotnet.scanner - Received 6A:14:CB:7A:F1:DE: Unknown.
2021-08-19 09:44:16,703 - DEBUG - bleak.backends.dotnet.scanner - Received 6A:14:CB:7A:F1:DE: Unknown.
2021-08-19 09:44:17,308 - DEBUG - bleak.backends.dotnet.scanner - Received 38:68:A4:0D:FE:EB: Unknown.
2021-08-19 09:44:17,774 - DEBUG - bleak.backends.dotnet.scanner - Received 38:68:A4:0D:FE:EB: Unknown.
2021-08-19 09:44:17,995 - DEBUG - bleak.backends.dotnet.scanner - Received CC:D2:81:7A:31:C7: Unknown.
2021-08-19 09:44:17,996 - DEBUG - bleak.backends.dotnet.scanner - Received CC:D2:81:7A:31:C7: Unknown.
2021-08-19 09:44:18,364 - DEBUG - bleak.backends.dotnet.scanner - Received CC:D2:81:7A:31:C7: Unknown.
2021-08-19 09:44:18,365 - DEBUG - bleak.backends.dotnet.scanner - Received CC:D2:81:7A:31:C7: Unknown.
2021-08-19 09:44:18,593 - DEBUG - bleak.backends.dotnet.scanner - Received 3F:4D:6C:C6:F2:5D: Unknown.
2021-08-19 09:44:18,707 - DEBUG - bleak.backends.dotnet.scanner - Received 38:68:A4:0D:FE:EB: Unknown.
2021-08-19 09:44:19,062 - DEBUG - bleak.backends.dotnet.scanner - Received FA:B4:6A:30:5B:CF: Unknown.
2021-08-19 09:44:19,432 - DEBUG - bleak.backends.dotnet.scanner - Received 78:56:88:F0:91:3E: Unknown.
2021-08-19 09:44:19,433 - DEBUG - bleak.backends.dotnet.scanner - Received 78:56:88:F0:91:3E: Unknown.
2021-08-19 09:44:19,649 - DEBUG - bleak.backends.dotnet.scanner - Received CC:D2:81:7A:31:C7: Unknown.
2021-08-19 09:44:19,650 - DEBUG - bleak.backends.dotnet.scanner - Received CC:D2:81:7A:31:C7: Unknown.
2021-08-19 09:44:20,018 - DEBUG - bleak.backends.dotnet.scanner - Received CC:D2:81:7A:31:C7: Unknown.
2021-08-19 09:44:20,019 - DEBUG - bleak.backends.dotnet.scanner - Received CC:D2:81:7A:31:C7: Unknown.
2021-08-19 09:44:20,258 - DEBUG - bleak.backends.dotnet.scanner - Received 6A:14:CB:7A:F1:DE: Unknown.
2021-08-19 09:44:20,259 - DEBUG - bleak.backends.dotnet.scanner - Received 6A:14:CB:7A:F1:DE: Unknown.
2021-08-19 09:44:20,604 - DEBUG - bleak.backends.dotnet.scanner - Received 3F:4D:6C:C6:F2:5D: Unknown.
2021-08-19 09:44:20,719 - DEBUG - bleak.backends.dotnet.scanner - Received 38:68:A4:0D:FE:EB: Unknown.
2021-08-19 09:44:21,077 - DEBUG - bleak.backends.dotnet.scanner - Received 78:56:88:F0:91:3E: Unknown.
2021-08-19 09:44:21,078 - DEBUG - bleak.backends.dotnet.scanner - Received 78:56:88:F0:91:3E: Unknown.
2021-08-19 09:44:21,665 - DEBUG - bleak.backends.dotnet.scanner - Received CC:D2:81:7A:31:C7: Unknown.
2021-08-19 09:44:21,666 - DEBUG - bleak.backends.dotnet.scanner - Received CC:D2:81:7A:31:C7: Unknown.
2021-08-19 09:44:21,682 - DEBUG - bleak.backends.dotnet.scanner - Received 59:2C:D2:4B:17:19: Unknown.
2021-08-19 09:44:21,683 - DEBUG - bleak.backends.dotnet.scanner - Received 59:2C:D2:4B:17:19: Unknown.
2021-08-19 09:44:21,904 - DEBUG - bleak.backends.dotnet.scanner - Received 78:56:88:F0:91:3E: Unknown.
2021-08-19 09:44:21,905 - DEBUG - bleak.backends.dotnet.scanner - Received 78:56:88:F0:91:3E: Unknown.
2021-08-19 09:44:22,032 - DEBUG - bleak.backends.dotnet.scanner - Received CC:D2:81:7A:31:C7: Unknown.
2021-08-19 09:44:22,033 - DEBUG - bleak.backends.dotnet.scanner - Received CC:D2:81:7A:31:C7: Unknown.
2021-08-19 09:44:22,257 - DEBUG - bleak.backends.dotnet.scanner - Received 3F:4D:6C:C6:F2:5D: Unknown.
2021-08-19 09:44:22,725 - DEBUG - bleak.backends.dotnet.scanner - Received 38:68:A4:0D:FE:EB: Unknown.
2021-08-19 09:44:23,192 - DEBUG - bleak.backends.dotnet.scanner - Received 38:68:A4:0D:FE:EB: Unknown.
2021-08-19 09:44:23,313 - DEBUG - bleak.backends.dotnet.scanner - Received CC:D2:81:7A:31:C7: Unknown.
2021-08-19 09:44:23,314 - DEBUG - bleak.backends.dotnet.scanner - Received CC:D2:81:7A:31:C7: Unknown.
2021-08-19 09:44:23,548 - DEBUG - bleak.backends.dotnet.scanner - Received 78:56:88:F0:91:3E: Unknown.
2021-08-19 09:44:23,549 - DEBUG - bleak.backends.dotnet.scanner - Received 78:56:88:F0:91:3E: Unknown.
2021-08-19 09:44:23,667 - DEBUG - bleak.backends.dotnet.scanner - Received FA:B4:6A:30:5B:CF: Unknown.
2021-08-19 09:44:23,901 - DEBUG - bleak.backends.dotnet.scanner - Received 3F:4D:6C:C6:F2:5D: Unknown.
2021-08-19 09:44:24,268 - DEBUG - bleak.backends.dotnet.scanner - Received 3F:4D:6C:C6:F2:5D: Unknown.
2021-08-19 09:44:24,382 - DEBUG - bleak.backends.dotnet.scanner - Received 78:56:88:F0:91:3E: Unknown.
2021-08-19 09:44:24,383 - DEBUG - bleak.backends.dotnet.scanner - Received 78:56:88:F0:91:3E: Unknown.
2021-08-19 09:44:25,321 - DEBUG - bleak.backends.dotnet.scanner - Received CC:D2:81:7A:31:C7: Unknown.
2021-08-19 09:44:25,322 - DEBUG - bleak.backends.dotnet.scanner - Received CC:D2:81:7A:31:C7: Unknown.
2021-08-19 09:44:25,673 - DEBUG - bleak.backends.dotnet.scanner - Received 38:68:A4:0D:FE:EB: Unknown.
2021-08-19 09:44:25,896 - DEBUG - bleak.backends.dotnet.scanner - 7 devices found. Watcher status: 3.
2021-08-19 09:44:25,980 - DEBUG - bleak.backends.dotnet.scanner - Received 38:68:A4:0D:FE:EB: Unknown.
2021-08-19 09:44:26,093 - DEBUG - bleak.backends.dotnet.scanner - Received 3F:4D:6C:C6:F2:5D: Unknown.
2021-08-19 09:44:26,458 - DEBUG - bleak.backends.dotnet.scanner - Received 3F:4D:6C:C6:F2:5D: Unknown.
2021-08-19 09:44:26,576 - DEBUG - bleak.backends.dotnet.scanner - Received 78:56:88:F0:91:3E: Unknown.
2021-08-19 09:44:26,577 - DEBUG - bleak.backends.dotnet.scanner - Received 78:56:88:F0:91:3E: Unknown.
2021-08-19 09:44:26,930 - DEBUG - bleak.backends.dotnet.scanner - Received FA:B4:6A:30:5B:CF: Unknown.
2021-08-19 09:44:27,158 - DEBUG - bleak.backends.dotnet.scanner - Received CC:D2:81:7A:31:C7: Unknown.
2021-08-19 09:44:27,159 - DEBUG - bleak.backends.dotnet.scanner - Received CC:D2:81:7A:31:C7: Unknown.
2021-08-19 09:44:27,395 - DEBUG - bleak.backends.dotnet.scanner - Received 78:56:88:F0:91:3E: Unknown.
2021-08-19 09:44:27,894 - DEBUG - bleak.backends.dotnet.scanner - Received CC:D2:81:7A:31:C7: Unknown.
2021-08-19 09:44:27,894 - DEBUG - bleak.backends.dotnet.scanner - Received CC:D2:81:7A:31:C7: Unknown.
2021-08-19 09:44:27,983 - DEBUG - bleak.backends.dotnet.scanner - Received FA:B4:6A:30:5B:CF: Unknown.
2021-08-19 09:44:27,984 - DEBUG - bleak.backends.dotnet.scanner - Received FA:B4:6A:30:5B:CF: Unknown.
2021-08-19 09:44:28,107 - DEBUG - bleak.backends.dotnet.scanner - Received 3F:4D:6C:C6:F2:5D: Unknown.
2021-08-19 09:44:28,225 - DEBUG - bleak.backends.dotnet.scanner - Received 78:56:88:F0:91:3E: Unknown.
2021-08-19 09:44:28,453 - DEBUG - bleak.backends.dotnet.scanner - Received 38:68:A4:0D:FE:EB: Unknown.
2021-08-19 09:44:28,825 - DEBUG - bleak.backends.dotnet.scanner - Received 59:2C:D2:4B:17:19: Unknown.
2021-08-19 09:44:28,826 - DEBUG - bleak.backends.dotnet.scanner - Received 59:2C:D2:4B:17:19: Unknown.
2021-08-19 09:44:29,053 - DEBUG - bleak.backends.dotnet.scanner - Received 78:56:88:F0:91:3E: Unknown.
2021-08-19 09:44:29,054 - DEBUG - bleak.backends.dotnet.scanner - Received 78:56:88:F0:91:3E: Unknown.
2021-08-19 09:44:29,175 - DEBUG - bleak.backends.dotnet.scanner - Received CC:D2:81:7A:31:C7: Unknown.
2021-08-19 09:44:29,176 - DEBUG - bleak.backends.dotnet.scanner - Received CC:D2:81:7A:31:C7: Unknown.
2021-08-19 09:44:29,647 - DEBUG - bleak.backends.dotnet.scanner - Received 59:2C:D2:4B:17:19: Unknown.
2021-08-19 09:44:29,648 - DEBUG - bleak.backends.dotnet.scanner - Received 59:2C:D2:4B:17:19: Unknown.
2021-08-19 09:44:29,884 - DEBUG - bleak.backends.dotnet.scanner - Received 6A:14:CB:7A:F1:DE: Unknown.
2021-08-19 09:44:29,885 - DEBUG - bleak.backends.dotnet.scanner - Received 6A:14:CB:7A:F1:DE: Unknown.
2021-08-19 09:44:30,117 - DEBUG - bleak.backends.dotnet.scanner - Received 3F:4D:6C:C6:F2:5D: Unknown.
2021-08-19 09:44:30,346 - DEBUG - bleak.backends.dotnet.scanner - Received 4C:21:AC:68:46:1F: Unknown.
2021-08-19 09:44:30,459 - DEBUG - bleak.backends.dotnet.scanner - Received CC:D2:81:7A:31:C7: Unknown.
2021-08-19 09:44:30,460 - DEBUG - bleak.backends.dotnet.scanner - Received CC:D2:81:7A:31:C7: Unknown.
2021-08-19 09:44:30,742 - DEBUG - bleak.backends.dotnet.scanner - Received 59:2C:D2:4B:17:19: Unknown.
2021-08-19 09:44:30,743 - DEBUG - bleak.backends.dotnet.scanner - Received 59:2C:D2:4B:17:19: Unknown.
2021-08-19 09:44:30,824 - DEBUG - bleak.backends.dotnet.scanner - Received CC:D2:81:7A:31:C7: Unknown.
2021-08-19 09:44:30,825 - DEBUG - bleak.backends.dotnet.scanner - Received CC:D2:81:7A:31:C7: Unknown.
2021-08-19 09:44:30,938 - DEBUG - bleak.backends.dotnet.scanner - Received 38:68:A4:0D:FE:EB: Unknown.
2021-08-19 09:44:31,287 - DEBUG - bleak.backends.dotnet.scanner - Received 59:2C:D2:4B:17:19: Unknown.
2021-08-19 09:44:31,288 - DEBUG - bleak.backends.dotnet.scanner - Received 59:2C:D2:4B:17:19: Unknown.
2021-08-19 09:44:31,404 - DEBUG - bleak.backends.dotnet.scanner - Received 3F:4D:6C:C6:F2:5D: Unknown.
2021-08-19 09:44:31,523 - DEBUG - bleak.backends.dotnet.scanner - Received 6A:14:CB:7A:F1:DE: Unknown.
2021-08-19 09:44:31,524 - DEBUG - bleak.backends.dotnet.scanner - Received 6A:14:CB:7A:F1:DE: Unknown.
2021-08-19 09:44:31,650 - DEBUG - bleak.backends.dotnet.scanner - Received 4C:21:AC:68:46:1F: Unknown.
2021-08-19 09:44:32,020 - DEBUG - bleak.backends.dotnet.scanner - Received 38:68:A4:0D:FE:EB: Unknown.
2021-08-19 09:44:32,381 - DEBUG - bleak.backends.dotnet.scanner - Received 59:2C:D2:4B:17:19: Unknown.
2021-08-19 09:44:32,472 - DEBUG - bleak.backends.dotnet.scanner - Received CC:D2:81:7A:31:C7: Unknown.
2021-08-19 09:44:32,473 - DEBUG - bleak.backends.dotnet.scanner - Received CC:D2:81:7A:31:C7: Unknown.
2021-08-19 09:44:32,836 - DEBUG - bleak.backends.dotnet.scanner - Received CC:D2:81:7A:31:C7: Unknown.
2021-08-19 09:44:32,837 - DEBUG - bleak.backends.dotnet.scanner - Received CC:D2:81:7A:31:C7: Unknown.
2021-08-19 09:44:32,945 - DEBUG - bleak.backends.dotnet.scanner - Received 4C:21:AC:68:46:1F: Unknown.
2021-08-19 09:44:33,187 - DEBUG - bleak.backends.dotnet.scanner - Received 7F:73:13:61:D8:97: Unknown.
2021-08-19 09:44:33,417 - DEBUG - bleak.backends.dotnet.scanner - Received 38:68:A4:0D:FE:EB: Unknown.
