2021-08-17 14:09:01,160 - INFO - root - 


2021-08-17 14:09:01,160 - INFO - root - PROGRAM BEGINS
2021-08-17 14:09:03,883 - INFO - root - Image: letter_S_Excel.xlsx
2021-08-17 14:09:04,758 - DEBUG - asyncio - Using proactor: IocpProactor
2021-08-17 14:09:05,101 - DEBUG - bleak.backends.dotnet.scanner - Received 38:68:A4:0D:FE:EB: Unknown.
2021-08-17 14:09:05,345 - DEBUG - bleak.backends.dotnet.scanner - Received CC:D2:81:7A:31:C7: Unknown.
2021-08-17 14:09:05,346 - DEBUG - bleak.backends.dotnet.scanner - Received CC:D2:81:7A:31:C7: Unknown.
2021-08-17 14:09:05,709 - DEBUG - bleak.backends.dotnet.scanner - Received CC:D2:81:7A:31:C7: Unknown.
2021-08-17 14:09:05,710 - DEBUG - bleak.backends.dotnet.scanner - Received CC:D2:81:7A:31:C7: Unknown.
2021-08-17 14:09:05,824 - DEBUG - bleak.backends.dotnet.scanner - Received FA:B4:6A:30:5B:CF: Unknown.
2021-08-17 14:09:05,929 - DEBUG - bleak.backends.dotnet.scanner - Received FA:B4:6A:30:5B:CF: Unknown.
2021-08-17 14:09:05,942 - DEBUG - bleak.backends.dotnet.scanner - Received 7C:9E:BD:EE:7A:82: Haptic Sleeve ML.
2021-08-17 14:09:05,943 - DEBUG - bleak.backends.dotnet.scanner - Received 7C:9E:BD:EE:7A:82: Unknown.
2021-08-17 14:09:05,943 - DEBUG - bleak.backends.dotnet.scanner - 4 devices found. Watcher status: 3.
2021-08-17 14:09:05,943 - DEBUG - bleak.backends.dotnet.client - Connecting to BLE device @ 7c:9e:bd:ee:7a:82
2021-08-17 14:09:12,499 - DEBUG - bleak.backends.dotnet.client - _ConnectionStatusChanged_Handler: 1
2021-08-17 14:09:12,500 - DEBUG - bleak.backends.dotnet.client - Get Services...
2021-08-17 14:09:12,558 - INFO - bleak.backends.dotnet.client - Services resolved for BleakClientDotNet (7c:9e:bd:ee:7a:82)
2021-08-17 14:09:15,356 - INFO - root - x = 498, y = 114, Radius = 52.27341842651367
2021-08-17 14:09:15,356 - INFO - root - Decision Window: xRange = 489, 502,  yRange = 129, 89
2021-08-17 14:09:15,357 - INFO - root - Next Decision Window: xRange = 477, 488,  yRange = 118, 82
2021-08-17 14:09:15,357 - INFO - root - Distance = 21.2602916254693, direction = 2, Win# 0
2021-08-17 14:09:15,503 - DEBUG - bleak.backends.dotnet.client - Write Characteristic 6e400002-b5a3-f393-e0a9-e50e24dcca9e : bytearray(b'2,0')
2021-08-17 14:09:15,538 - INFO - root - x = 504, y = 101, Radius = 45.853126525878906
2021-08-17 14:09:15,538 - INFO - root - Decision Window: xRange = 489, 502,  yRange = 129, 89
2021-08-17 14:09:15,538 - INFO - root - Next Decision Window: xRange = 477, 488,  yRange = 118, 82
2021-08-17 14:09:15,538 - INFO - root - Distance = 22.02271554554524, direction = 2, Win# 0
2021-08-17 14:09:15,623 - DEBUG - bleak.backends.dotnet.client - Write Characteristic 6e400002-b5a3-f393-e0a9-e50e24dcca9e : bytearray(b'2,0')
2021-08-17 14:09:15,662 - INFO - root - x = 500, y = 86, Radius = 32.77585220336914
2021-08-17 14:09:15,662 - INFO - root - Decision Window: xRange = 489, 502,  yRange = 129, 89
2021-08-17 14:09:15,662 - INFO - root - Next Decision Window: xRange = 477, 488,  yRange = 118, 82
2021-08-17 14:09:15,662 - INFO - root - Distance = 22.80350850198276, direction = 2, Win# 0
2021-08-17 14:09:15,742 - DEBUG - bleak.backends.dotnet.client - Write Characteristic 6e400002-b5a3-f393-e0a9-e50e24dcca9e : bytearray(b'2,0')
2021-08-17 14:09:15,770 - INFO - root - x = 499, y = 100, Radius = 45.069488525390625
2021-08-17 14:09:15,770 - INFO - root - Decision Window: xRange = 489, 502,  yRange = 129, 89
2021-08-17 14:09:15,770 - INFO - root - Next Decision Window: xRange = 477, 488,  yRange = 118, 82
2021-08-17 14:09:15,770 - INFO - root - Distance = 17.0, direction = 2, Win# 0
2021-08-17 14:09:15,862 - DEBUG - bleak.backends.dotnet.client - Write Characteristic 6e400002-b5a3-f393-e0a9-e50e24dcca9e : bytearray(b'2,0')
2021-08-17 14:09:15,893 - INFO - root - x = 494, y = 79, Radius = 32.59611129760742
2021-08-17 14:09:15,893 - INFO - root - Decision Window: xRange = 489, 502,  yRange = 129, 89
2021-08-17 14:09:15,893 - INFO - root - Next Decision Window: xRange = 477, 488,  yRange = 118, 82
2021-08-17 14:09:15,893 - INFO - root - Distance = 24.186773244895647, direction = 3, Win# 0
2021-08-17 14:09:15,982 - DEBUG - bleak.backends.dotnet.client - Write Characteristic 6e400002-b5a3-f393-e0a9-e50e24dcca9e : bytearray(b'3,0')
2021-08-17 14:09:16,003 - INFO - root - x = 492, y = 95, Radius = 45.23835754394531
2021-08-17 14:09:16,003 - INFO - root - Decision Window: xRange = 489, 502,  yRange = 129, 89
2021-08-17 14:09:16,003 - INFO - root - Next Decision Window: xRange = 477, 488,  yRange = 118, 82
2021-08-17 14:09:16,003 - INFO - root - Distance = 11.180339887498949, direction = 2, Win# 0
2021-08-17 14:09:16,102 - DEBUG - bleak.backends.dotnet.client - Write Characteristic 6e400002-b5a3-f393-e0a9-e50e24dcca9e : bytearray(b'2,0')
2021-08-17 14:09:16,143 - INFO - root - x = 484, y = 97, Radius = 46.486656188964844
2021-08-17 14:09:16,143 - INFO - root - Decision Window: xRange = 477, 488,  yRange = 118, 82
2021-08-17 14:09:16,143 - INFO - root - Next Decision Window: xRange = 466, 476,  yRange = 115, 80
2021-08-17 14:09:16,143 - INFO - root - Distance = 0, direction = 3, Win# 1
2021-08-17 14:09:16,223 - DEBUG - bleak.backends.dotnet.client - Write Characteristic 6e400002-b5a3-f393-e0a9-e50e24dcca9e : bytearray(b'3,0')
2021-08-17 14:09:16,249 - INFO - root - x = 478, y = 104, Radius = 45.88037872314453
2021-08-17 14:09:16,249 - INFO - root - Decision Window: xRange = 477, 488,  yRange = 118, 82
2021-08-17 14:09:16,249 - INFO - root - Next Decision Window: xRange = 466, 476,  yRange = 115, 80
2021-08-17 14:09:16,249 - INFO - root - Distance = 9.899494936611665, direction = 1, Win# 1
2021-08-17 14:09:16,342 - DEBUG - bleak.backends.dotnet.client - Write Characteristic 6e400002-b5a3-f393-e0a9-e50e24dcca9e : bytearray(b'1,0')
2021-08-17 14:09:16,374 - INFO - root - x = 479, y = 113, Radius = 47.352500915527344
2021-08-17 14:09:16,374 - INFO - root - Decision Window: xRange = 477, 488,  yRange = 118, 82
2021-08-17 14:09:16,374 - INFO - root - Next Decision Window: xRange = 466, 476,  yRange = 115, 80
2021-08-17 14:09:16,374 - INFO - root - Distance = 17.88854381999832, direction = 1, Win# 1
2021-08-17 14:09:16,462 - DEBUG - bleak.backends.dotnet.client - Write Characteristic 6e400002-b5a3-f393-e0a9-e50e24dcca9e : bytearray(b'1,0')
2021-08-17 14:09:16,499 - INFO - root - x = 482, y = 120, Radius = 44.30021286010742
2021-08-17 14:09:16,499 - INFO - root - Decision Window: xRange = 477, 488,  yRange = 118, 82
2021-08-17 14:09:16,499 - INFO - root - Next Decision Window: xRange = 466, 476,  yRange = 115, 80
2021-08-17 14:09:16,499 - INFO - root - Distance = 25.495097567963924, direction = 1, Win# 1
2021-08-17 14:09:16,582 - DEBUG - bleak.backends.dotnet.client - Write Characteristic 6e400002-b5a3-f393-e0a9-e50e24dcca9e : bytearray(b'1,0')
2021-08-17 14:09:16,622 - INFO - root - x = 482, y = 121, Radius = 43.657859802246094
2021-08-17 14:09:16,622 - INFO - root - Decision Window: xRange = 477, 488,  yRange = 118, 82
2021-08-17 14:09:16,622 - INFO - root - Next Decision Window: xRange = 466, 476,  yRange = 115, 80
2021-08-17 14:09:16,622 - INFO - root - Distance = 26.40075756488817, direction = 1, Win# 1
2021-08-17 14:09:16,702 - DEBUG - bleak.backends.dotnet.client - Write Characteristic 6e400002-b5a3-f393-e0a9-e50e24dcca9e : bytearray(b'1,0')
2021-08-17 14:09:16,730 - INFO - root - x = 483, y = 121, Radius = 42.37934112548828
2021-08-17 14:09:16,730 - INFO - root - Decision Window: xRange = 477, 488,  yRange = 118, 82
2021-08-17 14:09:16,730 - INFO - root - Next Decision Window: xRange = 466, 476,  yRange = 115, 80
2021-08-17 14:09:16,731 - INFO - root - Distance = 26.832815729997478, direction = 1, Win# 1
2021-08-17 14:09:16,822 - DEBUG - bleak.backends.dotnet.client - Write Characteristic 6e400002-b5a3-f393-e0a9-e50e24dcca9e : bytearray(b'1,0')
2021-08-17 14:09:16,851 - INFO - root - x = 480, y = 121, Radius = 44.12775421142578
2021-08-17 14:09:16,851 - INFO - root - Decision Window: xRange = 477, 488,  yRange = 118, 82
2021-08-17 14:09:16,851 - INFO - root - Next Decision Window: xRange = 466, 476,  yRange = 115, 80
2021-08-17 14:09:16,851 - INFO - root - Distance = 25.632011235952593, direction = 1, Win# 1
2021-08-17 14:09:16,942 - DEBUG - bleak.backends.dotnet.client - Write Characteristic 6e400002-b5a3-f393-e0a9-e50e24dcca9e : bytearray(b'1,0')
2021-08-17 14:09:16,978 - INFO - root - x = 467, y = 119, Radius = 43.18864059448242
2021-08-17 14:09:16,978 - INFO - root - Decision Window: xRange = 477, 488,  yRange = 118, 82
2021-08-17 14:09:16,978 - INFO - root - Next Decision Window: xRange = 466, 476,  yRange = 115, 80
2021-08-17 14:09:16,979 - INFO - root - Distance = 22.360679774997898, direction = 1, Win# 1
2021-08-17 14:09:17,062 - DEBUG - bleak.backends.dotnet.client - Write Characteristic 6e400002-b5a3-f393-e0a9-e50e24dcca9e : bytearray(b'1,0')
2021-08-17 14:09:17,101 - INFO - root - x = 461, y = 112, Radius = 44.477622985839844
2021-08-17 14:09:17,101 - INFO - root - Decision Window: xRange = 477, 488,  yRange = 118, 82
2021-08-17 14:09:17,101 - INFO - root - Next Decision Window: xRange = 466, 476,  yRange = 115, 80
2021-08-17 14:09:17,101 - INFO - root - Distance = 18.027756377319946, direction = 1, Win# 1
2021-08-17 14:09:17,182 - DEBUG - bleak.backends.dotnet.client - Write Characteristic 6e400002-b5a3-f393-e0a9-e50e24dcca9e : bytearray(b'1,0')
2021-08-17 14:09:17,210 - INFO - root - x = 457, y = 106, Radius = 43.8321647644043
2021-08-17 14:09:17,210 - INFO - root - Decision Window: xRange = 477, 488,  yRange = 118, 82
2021-08-17 14:09:17,210 - INFO - root - Next Decision Window: xRange = 466, 476,  yRange = 115, 80
2021-08-17 14:09:17,210 - INFO - root - Distance = 16.64331697709324, direction = 4, Win# 1
2021-08-17 14:09:17,302 - DEBUG - bleak.backends.dotnet.client - Write Characteristic 6e400002-b5a3-f393-e0a9-e50e24dcca9e : bytearray(b'4,0')
2021-08-17 14:09:17,318 - INFO - root - x = 454, y = 100, Radius = 44.38478088378906
2021-08-17 14:09:17,318 - INFO - root - Decision Window: xRange = 477, 488,  yRange = 118, 82
2021-08-17 14:09:17,318 - INFO - root - Next Decision Window: xRange = 466, 476,  yRange = 115, 80
2021-08-17 14:09:17,318 - INFO - root - Distance = 17.26267650163207, direction = 4, Win# 1
2021-08-17 14:09:17,422 - DEBUG - bleak.backends.dotnet.client - Write Characteristic 6e400002-b5a3-f393-e0a9-e50e24dcca9e : bytearray(b'4,0')
2021-08-17 14:09:17,459 - INFO - root - x = 452, y = 97, Radius = 45.962039947509766
2021-08-17 14:09:17,459 - INFO - root - Decision Window: xRange = 477, 488,  yRange = 118, 82
2021-08-17 14:09:17,459 - INFO - root - Next Decision Window: xRange = 466, 476,  yRange = 115, 80
2021-08-17 14:09:17,459 - INFO - root - Distance = 19.0, direction = 4, Win# 1
2021-08-17 14:09:17,542 - DEBUG - bleak.backends.dotnet.client - Write Characteristic 6e400002-b5a3-f393-e0a9-e50e24dcca9e : bytearray(b'4,0')
2021-08-17 14:09:17,580 - INFO - root - x = 460, y = 92, Radius = 44.19568634033203
2021-08-17 14:09:17,580 - INFO - root - Decision Window: xRange = 477, 488,  yRange = 118, 82
2021-08-17 14:09:17,580 - INFO - root - Next Decision Window: xRange = 466, 476,  yRange = 115, 80
2021-08-17 14:09:17,580 - INFO - root - Distance = 12.083045973594572, direction = 4, Win# 1
2021-08-17 14:09:17,662 - DEBUG - bleak.backends.dotnet.client - Write Characteristic 6e400002-b5a3-f393-e0a9-e50e24dcca9e : bytearray(b'4,0')
2021-08-17 14:09:17,689 - INFO - root - x = 473, y = 76, Radius = 30.438562393188477
2021-08-17 14:09:17,690 - INFO - root - Decision Window: xRange = 477, 488,  yRange = 118, 82
2021-08-17 14:09:17,690 - INFO - root - Next Decision Window: xRange = 466, 476,  yRange = 115, 80
2021-08-17 14:09:17,690 - INFO - root - Distance = 21.095023109728988, direction = 3, Win# 1
2021-08-17 14:09:17,782 - DEBUG - bleak.backends.dotnet.client - Write Characteristic 6e400002-b5a3-f393-e0a9-e50e24dcca9e : bytearray(b'3,0')
2021-08-17 14:09:17,810 - INFO - root - x = 481, y = 92, Radius = 41.90773391723633
2021-08-17 14:09:17,810 - INFO - root - Decision Window: xRange = 477, 488,  yRange = 118, 82
2021-08-17 14:09:17,810 - INFO - root - Next Decision Window: xRange = 466, 476,  yRange = 115, 80
2021-08-17 14:09:17,810 - INFO - root - Distance = 11.180339887498949, direction = 2, Win# 1
2021-08-17 14:09:17,903 - DEBUG - bleak.backends.dotnet.client - Write Characteristic 6e400002-b5a3-f393-e0a9-e50e24dcca9e : bytearray(b'2,0')
2021-08-17 14:09:17,935 - INFO - root - x = 479, y = 71, Radius = 25.53928565979004
2021-08-17 14:09:17,935 - INFO - root - Decision Window: xRange = 477, 488,  yRange = 118, 82
2021-08-17 14:09:17,935 - INFO - root - Next Decision Window: xRange = 466, 476,  yRange = 115, 80
2021-08-17 14:09:17,935 - INFO - root - Distance = 27.202941017470888, direction = 3, Win# 1
2021-08-17 14:09:18,022 - DEBUG - bleak.backends.dotnet.client - Write Characteristic 6e400002-b5a3-f393-e0a9-e50e24dcca9e : bytearray(b'3,0')
2021-08-17 14:09:18,060 - INFO - root - x = 477, y = 68, Radius = 19.500099182128906
2021-08-17 14:09:18,060 - INFO - root - Decision Window: xRange = 477, 488,  yRange = 118, 82
2021-08-17 14:09:18,060 - INFO - root - Next Decision Window: xRange = 466, 476,  yRange = 115, 80
2021-08-17 14:09:18,061 - INFO - root - Distance = 29.614185789921695, direction = 3, Win# 1
2021-08-17 14:09:18,142 - DEBUG - bleak.backends.dotnet.client - Write Characteristic 6e400002-b5a3-f393-e0a9-e50e24dcca9e : bytearray(b'3,0')
2021-08-17 14:09:18,182 - INFO - root - x = 480, y = 65, Radius = 15.207006454467773
2021-08-17 14:09:18,182 - INFO - root - Decision Window: xRange = 477, 488,  yRange = 118, 82
2021-08-17 14:09:18,182 - INFO - root - Next Decision Window: xRange = 466, 476,  yRange = 115, 80
2021-08-17 14:09:18,182 - INFO - root - Distance = 33.24154027718932, direction = 3, Win# 1
2021-08-17 14:09:18,262 - DEBUG - bleak.backends.dotnet.client - Write Characteristic 6e400002-b5a3-f393-e0a9-e50e24dcca9e : bytearray(b'3,0')
2021-08-17 14:09:18,295 - INFO - root - x = 476, y = 66, Radius = 15.652576446533203
2021-08-17 14:09:18,295 - INFO - root - Decision Window: xRange = 477, 488,  yRange = 118, 82
2021-08-17 14:09:18,295 - INFO - root - Next Decision Window: xRange = 466, 476,  yRange = 115, 80
2021-08-17 14:09:18,295 - INFO - root - Distance = 31.400636936215164, direction = 3, Win# 1
2021-08-17 14:09:18,382 - DEBUG - bleak.backends.dotnet.client - Write Characteristic 6e400002-b5a3-f393-e0a9-e50e24dcca9e : bytearray(b'3,0')
2021-08-17 14:09:18,414 - INFO - root - x = 474, y = 72, Radius = 21.023895263671875
2021-08-17 14:09:18,414 - INFO - root - Decision Window: xRange = 477, 488,  yRange = 118, 82
2021-08-17 14:09:18,414 - INFO - root - Next Decision Window: xRange = 466, 476,  yRange = 115, 80
2021-08-17 14:09:18,414 - INFO - root - Distance = 25.179356624028344, direction = 3, Win# 1
2021-08-17 14:09:18,502 - DEBUG - bleak.backends.dotnet.client - Write Characteristic 6e400002-b5a3-f393-e0a9-e50e24dcca9e : bytearray(b'3,0')
2021-08-17 14:09:18,541 - INFO - root - x = 476, y = 77, Radius = 23.711910247802734
2021-08-17 14:09:18,541 - INFO - root - Decision Window: xRange = 477, 488,  yRange = 118, 82
2021-08-17 14:09:18,541 - INFO - root - Next Decision Window: xRange = 466, 476,  yRange = 115, 80
2021-08-17 14:09:18,541 - INFO - root - Distance = 20.615528128088304, direction = 3, Win# 1
2021-08-17 14:09:18,622 - DEBUG - bleak.backends.dotnet.client - Write Characteristic 6e400002-b5a3-f393-e0a9-e50e24dcca9e : bytearray(b'3,0')
2021-08-17 14:09:18,663 - INFO - root - x = 475, y = 83, Radius = 26.613065719604492
2021-08-17 14:09:18,663 - INFO - root - Decision Window: xRange = 466, 476,  yRange = 115, 80
2021-08-17 14:09:18,663 - INFO - root - Next Decision Window: xRange = 458, 465,  yRange = 98, 78
2021-08-17 14:09:18,663 - INFO - root - Distance = 0, direction = 3, Win# 2
2021-08-17 14:09:18,742 - DEBUG - bleak.backends.dotnet.client - Write Characteristic 6e400002-b5a3-f393-e0a9-e50e24dcca9e : bytearray(b'3,0')
2021-08-17 14:09:18,761 - INFO - root - x = 473, y = 85, Radius = 27.064836502075195
2021-08-17 14:09:18,761 - INFO - root - Decision Window: xRange = 466, 476,  yRange = 115, 80
2021-08-17 14:09:18,761 - INFO - root - Next Decision Window: xRange = 458, 465,  yRange = 98, 78
2021-08-17 14:09:18,761 - INFO - root - Distance = 12.36931687685298, direction = 2, Win# 2
2021-08-17 14:09:18,862 - DEBUG - bleak.backends.dotnet.client - Write Characteristic 6e400002-b5a3-f393-e0a9-e50e24dcca9e : bytearray(b'2,0')
2021-08-17 14:09:18,895 - INFO - root - x = 470, y = 96, Radius = 33.738059997558594
2021-08-17 14:09:18,895 - INFO - root - Decision Window: xRange = 466, 476,  yRange = 115, 80
2021-08-17 14:09:18,895 - INFO - root - Next Decision Window: xRange = 458, 465,  yRange = 98, 78
2021-08-17 14:09:18,895 - INFO - root - Distance = 12.041594578792296, direction = 2, Win# 2
2021-08-17 14:09:18,982 - DEBUG - bleak.backends.dotnet.client - Write Characteristic 6e400002-b5a3-f393-e0a9-e50e24dcca9e : bytearray(b'2,0')
2021-08-17 14:09:19,020 - INFO - root - x = 469, y = 97, Radius = 29.274662017822266
2021-08-17 14:09:19,020 - INFO - root - Decision Window: xRange = 466, 476,  yRange = 115, 80
2021-08-17 14:09:19,020 - INFO - root - Next Decision Window: xRange = 458, 465,  yRange = 98, 78
2021-08-17 14:09:19,020 - INFO - root - Distance = 12.041594578792296, direction = 1, Win# 2
2021-08-17 14:09:19,102 - DEBUG - bleak.backends.dotnet.client - Write Characteristic 6e400002-b5a3-f393-e0a9-e50e24dcca9e : bytearray(b'1,0')
2021-08-17 14:09:19,128 - INFO - root - x = 466, y = 101, Radius = 34.12487030029297
2021-08-17 14:09:19,128 - INFO - root - Decision Window: xRange = 466, 476,  yRange = 115, 80
2021-08-17 14:09:19,128 - INFO - root - Next Decision Window: xRange = 458, 465,  yRange = 98, 78
2021-08-17 14:09:19,128 - INFO - root - Distance = 13.92838827718412, direction = 1, Win# 2
2021-08-17 14:09:19,222 - DEBUG - bleak.backends.dotnet.client - Write Characteristic 6e400002-b5a3-f393-e0a9-e50e24dcca9e : bytearray(b'1,0')
2021-08-17 14:09:19,249 - INFO - root - x = 463, y = 102, Radius = 35.355438232421875
2021-08-17 14:09:19,250 - INFO - root - Decision Window: xRange = 466, 476,  yRange = 115, 80
2021-08-17 14:09:19,250 - INFO - root - Next Decision Window: xRange = 458, 465,  yRange = 98, 78
2021-08-17 14:09:19,250 - INFO - root - Distance = 14.142135623730951, direction = 1, Win# 2
2021-08-17 14:09:19,342 - DEBUG - bleak.backends.dotnet.client - Write Characteristic 6e400002-b5a3-f393-e0a9-e50e24dcca9e : bytearray(b'1,0')
2021-08-17 14:09:19,378 - INFO - root - x = 457, y = 101, Radius = 33.82548522949219
2021-08-17 14:09:19,378 - INFO - root - Decision Window: xRange = 466, 476,  yRange = 115, 80
2021-08-17 14:09:19,378 - INFO - root - Next Decision Window: xRange = 458, 465,  yRange = 98, 78
2021-08-17 14:09:19,378 - INFO - root - Distance = 13.601470508735444, direction = 1, Win# 2
2021-08-17 14:09:19,462 - DEBUG - bleak.backends.dotnet.client - Write Characteristic 6e400002-b5a3-f393-e0a9-e50e24dcca9e : bytearray(b'1,0')
2021-08-17 14:09:19,495 - INFO - root - x = 454, y = 99, Radius = 28.290048599243164
2021-08-17 14:09:19,496 - INFO - root - Decision Window: xRange = 466, 476,  yRange = 115, 80
2021-08-17 14:09:19,496 - INFO - root - Next Decision Window: xRange = 458, 465,  yRange = 98, 78
2021-08-17 14:09:19,496 - INFO - root - Distance = 13.038404810405298, direction = 1, Win# 2
2021-08-17 14:09:19,582 - DEBUG - bleak.backends.dotnet.client - Write Characteristic 6e400002-b5a3-f393-e0a9-e50e24dcca9e : bytearray(b'1,0')
2021-08-17 14:09:19,621 - INFO - root - x = 450, y = 95, Radius = 27.794078826904297
2021-08-17 14:09:19,621 - INFO - root - Decision Window: xRange = 466, 476,  yRange = 115, 80
2021-08-17 14:09:19,621 - INFO - root - Next Decision Window: xRange = 458, 465,  yRange = 98, 78
2021-08-17 14:09:19,621 - INFO - root - Distance = 13.038404810405298, direction = 4, Win# 2
2021-08-17 14:09:19,702 - DEBUG - bleak.backends.dotnet.client - Write Characteristic 6e400002-b5a3-f393-e0a9-e50e24dcca9e : bytearray(b'4,0')
2021-08-17 14:09:19,744 - INFO - root - x = 452, y = 89, Radius = 29.770050048828125
2021-08-17 14:09:19,744 - INFO - root - Decision Window: xRange = 466, 476,  yRange = 115, 80
2021-08-17 14:09:19,744 - INFO - root - Next Decision Window: xRange = 458, 465,  yRange = 98, 78
2021-08-17 14:09:19,744 - INFO - root - Distance = 9.055385138137417, direction = 4, Win# 2
2021-08-17 14:09:19,882 - DEBUG - bleak.backends.dotnet.client - Write Characteristic 6e400002-b5a3-f393-e0a9-e50e24dcca9e : bytearray(b'4,0')
2021-08-17 14:09:19,914 - INFO - root - x = 465, y = 85, Radius = 28.115964889526367
2021-08-17 14:09:19,914 - INFO - root - Decision Window: xRange = 458, 465,  yRange = 98, 78
2021-08-17 14:09:19,914 - INFO - root - Next Decision Window: xRange = 443, 457,  yRange = 96, 69
2021-08-17 14:09:19,914 - INFO - root - Distance = 0, direction = 2, Win# 3
2021-08-17 14:09:20,002 - DEBUG - bleak.backends.dotnet.client - Write Characteristic 6e400002-b5a3-f393-e0a9-e50e24dcca9e : bytearray(b'2,0')
2021-08-17 14:09:20,036 - INFO - root - x = 466, y = 81, Radius = 23.4300594329834
2021-08-17 14:09:20,036 - INFO - root - Decision Window: xRange = 458, 465,  yRange = 98, 78
2021-08-17 14:09:20,036 - INFO - root - Next Decision Window: xRange = 443, 457,  yRange = 96, 69
2021-08-17 14:09:20,036 - INFO - root - Distance = 16.0312195418814, direction = 2, Win# 3
2021-08-17 14:09:20,122 - DEBUG - bleak.backends.dotnet.client - Write Characteristic 6e400002-b5a3-f393-e0a9-e50e24dcca9e : bytearray(b'2,0')
2021-08-17 14:09:20,134 - INFO - root - x = 465, y = 84, Radius = 28.218000411987305
2021-08-17 14:09:20,134 - INFO - root - Decision Window: xRange = 458, 465,  yRange = 98, 78
2021-08-17 14:09:20,134 - INFO - root - Next Decision Window: xRange = 443, 457,  yRange = 96, 69
2021-08-17 14:09:20,134 - INFO - root - Distance = 15.132745950421556, direction = 2, Win# 3
2021-08-17 14:09:20,242 - DEBUG - bleak.backends.dotnet.client - Write Characteristic 6e400002-b5a3-f393-e0a9-e50e24dcca9e : bytearray(b'2,0')
2021-08-17 14:09:20,283 - INFO - root - x = 464, y = 83, Radius = 28.11148452758789
2021-08-17 14:09:20,283 - INFO - root - Decision Window: xRange = 458, 465,  yRange = 98, 78
2021-08-17 14:09:20,283 - INFO - root - Next Decision Window: xRange = 443, 457,  yRange = 96, 69
2021-08-17 14:09:20,284 - INFO - root - Distance = 14.035668847618199, direction = 2, Win# 3
2021-08-17 14:09:20,362 - DEBUG - bleak.backends.dotnet.client - Write Characteristic 6e400002-b5a3-f393-e0a9-e50e24dcca9e : bytearray(b'2,0')
2021-08-17 14:09:20,394 - INFO - root - x = 462, y = 80, Radius = 21.30891990661621
2021-08-17 14:09:20,395 - INFO - root - Decision Window: xRange = 458, 465,  yRange = 98, 78
2021-08-17 14:09:20,395 - INFO - root - Next Decision Window: xRange = 443, 457,  yRange = 96, 69
2021-08-17 14:09:20,395 - INFO - root - Distance = 12.165525060596439, direction = 2, Win# 3
2021-08-17 14:09:20,482 - DEBUG - bleak.backends.dotnet.client - Write Characteristic 6e400002-b5a3-f393-e0a9-e50e24dcca9e : bytearray(b'2,0')
2021-08-17 14:09:20,515 - INFO - root - x = 453, y = 73, Radius = 24.596847534179688
2021-08-17 14:09:20,515 - INFO - root - Decision Window: xRange = 443, 457,  yRange = 96, 69
2021-08-17 14:09:20,515 - INFO - root - Next Decision Window: xRange = 431, 442,  yRange = 87, 66
2021-08-17 14:09:20,515 - INFO - root - Distance = 0, direction = 3, Win# 4
2021-08-17 14:09:20,603 - DEBUG - bleak.backends.dotnet.client - Write Characteristic 6e400002-b5a3-f393-e0a9-e50e24dcca9e : bytearray(b'3,0')
2021-08-17 14:09:20,635 - INFO - root - x = 445, y = 80, Radius = 25.447378158569336
2021-08-17 14:09:20,635 - INFO - root - Decision Window: xRange = 443, 457,  yRange = 96, 69
2021-08-17 14:09:20,635 - INFO - root - Next Decision Window: xRange = 431, 442,  yRange = 87, 66
2021-08-17 14:09:20,635 - INFO - root - Distance = 9.848857801796104, direction = 2, Win# 4
2021-08-17 14:09:20,722 - DEBUG - bleak.backends.dotnet.client - Write Characteristic 6e400002-b5a3-f393-e0a9-e50e24dcca9e : bytearray(b'2,0')
2021-08-17 14:09:20,746 - INFO - root - x = 442, y = 75, Radius = 24.377342224121094
2021-08-17 14:09:20,746 - INFO - root - Decision Window: xRange = 431, 442,  yRange = 87, 66
2021-08-17 14:09:20,746 - INFO - root - Next Decision Window: xRange = 420, 430,  yRange = 84, 65
2021-08-17 14:09:20,746 - INFO - root - Distance = 0, direction = 2, Win# 5
2021-08-17 14:09:20,842 - DEBUG - bleak.backends.dotnet.client - Write Characteristic 6e400002-b5a3-f393-e0a9-e50e24dcca9e : bytearray(b'2,0')
2021-08-17 14:09:20,867 - INFO - root - x = 438, y = 76, Radius = 23.936763763427734
2021-08-17 14:09:20,867 - INFO - root - Decision Window: xRange = 431, 442,  yRange = 87, 66
2021-08-17 14:09:20,867 - INFO - root - Next Decision Window: xRange = 420, 430,  yRange = 84, 65
2021-08-17 14:09:20,867 - INFO - root - Distance = 13.152946437965905, direction = 2, Win# 5
2021-08-17 14:09:20,962 - DEBUG - bleak.backends.dotnet.client - Write Characteristic 6e400002-b5a3-f393-e0a9-e50e24dcca9e : bytearray(b'2,0')
2021-08-17 14:09:20,995 - INFO - root - x = 429, y = 77, Radius = 27.227252960205078
2021-08-17 14:09:20,995 - INFO - root - Decision Window: xRange = 420, 430,  yRange = 84, 65
2021-08-17 14:09:20,995 - INFO - root - Next Decision Window: xRange = 400, 419,  yRange = 83, 65
2021-08-17 14:09:20,996 - INFO - root - Distance = 0, direction = 2, Win# 6
2021-08-17 14:09:21,082 - DEBUG - bleak.backends.dotnet.client - Write Characteristic 6e400002-b5a3-f393-e0a9-e50e24dcca9e : bytearray(b'2,0')
2021-08-17 14:09:21,100 - INFO - root - x = 422, y = 75, Radius = 24.824481964111328
2021-08-17 14:09:21,100 - INFO - root - Decision Window: xRange = 420, 430,  yRange = 84, 65
2021-08-17 14:09:21,100 - INFO - root - Next Decision Window: xRange = 400, 419,  yRange = 83, 65
2021-08-17 14:09:21,100 - INFO - root - Distance = 13.038404810405298, direction = 2, Win# 6
2021-08-17 14:09:21,202 - DEBUG - bleak.backends.dotnet.client - Write Characteristic 6e400002-b5a3-f393-e0a9-e50e24dcca9e : bytearray(b'2,0')
2021-08-17 14:09:21,240 - INFO - root - x = 419, y = 78, Radius = 21.471010208129883
2021-08-17 14:09:21,240 - INFO - root - Decision Window: xRange = 400, 419,  yRange = 83, 65
2021-08-17 14:09:21,240 - INFO - root - Next Decision Window: xRange = 386, 399,  yRange = 85, 70
2021-08-17 14:09:21,240 - INFO - root - Distance = 0, direction = 2, Win# 7
2021-08-17 14:09:21,322 - DEBUG - bleak.backends.dotnet.client - Write Characteristic 6e400002-b5a3-f393-e0a9-e50e24dcca9e : bytearray(b'2,0')
2021-08-17 14:09:21,348 - INFO - root - x = 414, y = 76, Radius = 22.825523376464844
2021-08-17 14:09:21,348 - INFO - root - Decision Window: xRange = 400, 419,  yRange = 83, 65
2021-08-17 14:09:21,348 - INFO - root - Next Decision Window: xRange = 386, 399,  yRange = 85, 70
2021-08-17 14:09:21,348 - INFO - root - Distance = 22.02271554554524, direction = 2, Win# 7
2021-08-17 14:09:21,442 - DEBUG - bleak.backends.dotnet.client - Write Characteristic 6e400002-b5a3-f393-e0a9-e50e24dcca9e : bytearray(b'2,0')
2021-08-17 14:09:21,471 - INFO - root - x = 409, y = 77, Radius = 17.44286346435547
2021-08-17 14:09:21,472 - INFO - root - Decision Window: xRange = 400, 419,  yRange = 83, 65
2021-08-17 14:09:21,472 - INFO - root - Next Decision Window: xRange = 386, 399,  yRange = 85, 70
2021-08-17 14:09:21,472 - INFO - root - Distance = 17.0, direction = 2, Win# 7
2021-08-17 14:09:21,562 - DEBUG - bleak.backends.dotnet.client - Write Characteristic 6e400002-b5a3-f393-e0a9-e50e24dcca9e : bytearray(b'2,0')
2021-08-17 14:09:21,597 - INFO - root - x = 404, y = 76, Radius = 19.235483169555664
2021-08-17 14:09:21,597 - INFO - root - Decision Window: xRange = 400, 419,  yRange = 83, 65
2021-08-17 14:09:21,597 - INFO - root - Next Decision Window: xRange = 386, 399,  yRange = 85, 70
2021-08-17 14:09:21,597 - INFO - root - Distance = 12.041594578792296, direction = 2, Win# 7
2021-08-17 14:09:21,682 - DEBUG - bleak.backends.dotnet.client - Write Characteristic 6e400002-b5a3-f393-e0a9-e50e24dcca9e : bytearray(b'2,0')
2021-08-17 14:09:21,721 - INFO - root - x = 391, y = 79, Radius = 13.647443771362305
2021-08-17 14:09:21,721 - INFO - root - Decision Window: xRange = 386, 399,  yRange = 85, 70
2021-08-17 14:09:21,721 - INFO - root - Next Decision Window: xRange = 371, 385,  yRange = 92, 72
2021-08-17 14:09:21,721 - INFO - root - Distance = 0, direction = 1, Win# 8
2021-08-17 14:09:21,802 - DEBUG - bleak.backends.dotnet.client - Write Characteristic 6e400002-b5a3-f393-e0a9-e50e24dcca9e : bytearray(b'1,0')
2021-08-17 14:09:21,830 - INFO - root - x = 380, y = 81, Radius = 13.601571083068848
2021-08-17 14:09:21,830 - INFO - root - Decision Window: xRange = 371, 385,  yRange = 92, 72
2021-08-17 14:09:21,830 - INFO - root - Next Decision Window: xRange = 358, 370,  yRange = 98, 74
2021-08-17 14:09:21,831 - INFO - root - Distance = 0, direction = 2, Win# 9
2021-08-17 14:09:21,922 - DEBUG - bleak.backends.dotnet.client - Write Characteristic 6e400002-b5a3-f393-e0a9-e50e24dcca9e : bytearray(b'2,0')
2021-08-17 14:09:21,952 - INFO - root - x = 371, y = 85, Radius = 18.868061065673828
2021-08-17 14:09:21,952 - INFO - root - Decision Window: xRange = 358, 370,  yRange = 98, 74
2021-08-17 14:09:21,952 - INFO - root - Next Decision Window: xRange = 348, 357,  yRange = 112, 75
2021-08-17 14:09:21,952 - INFO - root - Distance = 0, direction = 2, Win# 10
2021-08-17 14:09:22,042 - DEBUG - bleak.backends.dotnet.client - Write Characteristic 6e400002-b5a3-f393-e0a9-e50e24dcca9e : bytearray(b'2,0')
2021-08-17 14:09:22,072 - INFO - root - x = 363, y = 87, Radius = 21.401033401489258
2021-08-17 14:09:22,073 - INFO - root - Decision Window: xRange = 358, 370,  yRange = 98, 74
2021-08-17 14:09:22,073 - INFO - root - Next Decision Window: xRange = 348, 357,  yRange = 112, 75
2021-08-17 14:09:22,073 - INFO - root - Distance = 12.529964086141668, direction = 2, Win# 10
2021-08-17 14:09:22,162 - DEBUG - bleak.backends.dotnet.client - Write Characteristic 6e400002-b5a3-f393-e0a9-e50e24dcca9e : bytearray(b'2,0')
2021-08-17 14:09:22,201 - INFO - root - x = 352, y = 89, Radius = 23.11394691467285
2021-08-17 14:09:22,201 - INFO - root - Decision Window: xRange = 348, 357,  yRange = 112, 75
2021-08-17 14:09:22,201 - INFO - root - Next Decision Window: xRange = 339, 347,  yRange = 125, 90
2021-08-17 14:09:22,201 - INFO - root - Distance = 0, direction = 3, Win# 11
2021-08-17 14:09:22,282 - DEBUG - bleak.backends.dotnet.client - Write Characteristic 6e400002-b5a3-f393-e0a9-e50e24dcca9e : bytearray(b'3,0')
2021-08-17 14:09:22,321 - INFO - root - x = 357, y = 106, Radius = 53.0095329284668
2021-08-17 14:09:22,321 - INFO - root - Decision Window: xRange = 348, 357,  yRange = 112, 75
2021-08-17 14:09:22,321 - INFO - root - Next Decision Window: xRange = 339, 347,  yRange = 125, 90
2021-08-17 14:09:22,321 - INFO - root - Distance = 14.035668847618199, direction = 2, Win# 11
2021-08-17 14:09:22,403 - DEBUG - bleak.backends.dotnet.client - Write Characteristic 6e400002-b5a3-f393-e0a9-e50e24dcca9e : bytearray(b'2,0')
2021-08-17 14:09:22,432 - INFO - root - x = 351, y = 111, Radius = 53.90047073364258
2021-08-17 14:09:22,432 - INFO - root - Decision Window: xRange = 348, 357,  yRange = 112, 75
2021-08-17 14:09:22,432 - INFO - root - Next Decision Window: xRange = 339, 347,  yRange = 125, 90
2021-08-17 14:09:22,432 - INFO - root - Distance = 8.94427190999916, direction = 2, Win# 11
2021-08-17 14:09:22,523 - DEBUG - bleak.backends.dotnet.client - Write Characteristic 6e400002-b5a3-f393-e0a9-e50e24dcca9e : bytearray(b'2,0')
2021-08-17 14:09:22,536 - INFO - root - x = 347, y = 116, Radius = 52.718692779541016
2021-08-17 14:09:22,536 - INFO - root - Decision Window: xRange = 339, 347,  yRange = 125, 90
2021-08-17 14:09:22,536 - INFO - root - Next Decision Window: xRange = 333, 338,  yRange = 146, 106
2021-08-17 14:09:22,536 - INFO - root - Distance = 0, direction = 1, Win# 12
2021-08-17 14:09:22,643 - DEBUG - bleak.backends.dotnet.client - Write Characteristic 6e400002-b5a3-f393-e0a9-e50e24dcca9e : bytearray(b'1,0')
2021-08-17 14:09:22,679 - INFO - root - x = 341, y = 121, Radius = 53.02132034301758
2021-08-17 14:09:22,679 - INFO - root - Decision Window: xRange = 339, 347,  yRange = 125, 90
2021-08-17 14:09:22,679 - INFO - root - Next Decision Window: xRange = 333, 338,  yRange = 146, 106
2021-08-17 14:09:22,679 - INFO - root - Distance = 7.810249675906654, direction = 2, Win# 12
2021-08-17 14:09:22,762 - DEBUG - bleak.backends.dotnet.client - Write Characteristic 6e400002-b5a3-f393-e0a9-e50e24dcca9e : bytearray(b'2,0')
2021-08-17 14:09:22,778 - INFO - root - x = 341, y = 143, Radius = 49.81298828125
2021-08-17 14:09:22,778 - INFO - root - Decision Window: xRange = 339, 347,  yRange = 125, 90
2021-08-17 14:09:22,778 - INFO - root - Next Decision Window: xRange = 333, 338,  yRange = 146, 106
2021-08-17 14:09:22,778 - INFO - root - Distance = 18.027756377319946, direction = 1, Win# 12
2021-08-17 14:09:22,883 - DEBUG - bleak.backends.dotnet.client - Write Characteristic 6e400002-b5a3-f393-e0a9-e50e24dcca9e : bytearray(b'1,0')
2021-08-17 14:09:22,922 - INFO - root - x = 342, y = 156, Radius = 38.84916687011719
2021-08-17 14:09:22,922 - INFO - root - Decision Window: xRange = 339, 347,  yRange = 125, 90
2021-08-17 14:09:22,922 - INFO - root - Next Decision Window: xRange = 333, 338,  yRange = 146, 106
2021-08-17 14:09:22,922 - INFO - root - Distance = 30.805843601498726, direction = 1, Win# 12
2021-08-17 14:09:23,002 - DEBUG - bleak.backends.dotnet.client - Write Characteristic 6e400002-b5a3-f393-e0a9-e50e24dcca9e : bytearray(b'1,0')
2021-08-17 14:09:23,032 - INFO - root - x = 322, y = 140, Radius = 10.000100135803223
2021-08-17 14:09:23,032 - INFO - root - Decision Window: xRange = 339, 347,  yRange = 125, 90
2021-08-17 14:09:23,032 - INFO - root - Next Decision Window: xRange = 333, 338,  yRange = 146, 106
2021-08-17 14:09:23,032 - INFO - root - Distance = 19.1049731745428, direction = 1, Win# 12
2021-08-17 14:09:23,122 - DEBUG - bleak.backends.dotnet.client - Write Characteristic 6e400002-b5a3-f393-e0a9-e50e24dcca9e : bytearray(b'1,0')
2021-08-17 14:09:23,155 - INFO - root - x = 317, y = 146, Radius = 10.63024616241455
2021-08-17 14:09:23,155 - INFO - root - Decision Window: xRange = 339, 347,  yRange = 125, 90
2021-08-17 14:09:23,155 - INFO - root - Next Decision Window: xRange = 333, 338,  yRange = 146, 106
2021-08-17 14:09:23,155 - INFO - root - Distance = 26.90724809414742, direction = 1, Win# 12
2021-08-17 14:09:23,242 - DEBUG - bleak.backends.dotnet.client - Write Characteristic 6e400002-b5a3-f393-e0a9-e50e24dcca9e : bytearray(b'1,0')
2021-08-17 14:09:23,264 - INFO - root - x = 314, y = 151, Radius = 14.916534423828125
2021-08-17 14:09:23,264 - INFO - root - Decision Window: xRange = 339, 347,  yRange = 125, 90
2021-08-17 14:09:23,264 - INFO - root - Next Decision Window: xRange = 333, 338,  yRange = 146, 106
2021-08-17 14:09:23,264 - INFO - root - Distance = 32.64965543462902, direction = 1, Win# 12
2021-08-17 14:09:23,363 - DEBUG - bleak.backends.dotnet.client - Write Characteristic 6e400002-b5a3-f393-e0a9-e50e24dcca9e : bytearray(b'1,0')
2021-08-17 14:09:23,401 - INFO - root - x = 301, y = 112, Radius = 19.163867950439453
2021-08-17 14:09:23,401 - INFO - root - Decision Window: xRange = 339, 347,  yRange = 125, 90
2021-08-17 14:09:23,401 - INFO - root - Next Decision Window: xRange = 333, 338,  yRange = 146, 106
2021-08-17 14:09:23,401 - INFO - root - Distance = 36.76955262170047, direction = 4, Win# 12
2021-08-17 14:09:23,482 - DEBUG - bleak.backends.dotnet.client - Write Characteristic 6e400002-b5a3-f393-e0a9-e50e24dcca9e : bytearray(b'4,0')
2021-08-17 14:09:23,506 - INFO - root - x = 314, y = 130, Radius = 12.041694641113281
2021-08-17 14:09:23,507 - INFO - root - Decision Window: xRange = 339, 347,  yRange = 125, 90
2021-08-17 14:09:23,507 - INFO - root - Next Decision Window: xRange = 333, 338,  yRange = 146, 106
2021-08-17 14:09:23,507 - INFO - root - Distance = 21.37755832643195, direction = 4, Win# 12
2021-08-17 14:09:23,603 - DEBUG - bleak.backends.dotnet.client - Write Characteristic 6e400002-b5a3-f393-e0a9-e50e24dcca9e : bytearray(b'4,0')
2021-08-17 14:09:23,633 - INFO - root - x = 330, y = 128, Radius = 7.382511615753174
2021-08-17 14:09:23,633 - INFO - root - Decision Window: xRange = 339, 347,  yRange = 125, 90
2021-08-17 14:09:23,633 - INFO - root - Next Decision Window: xRange = 333, 338,  yRange = 146, 106
2021-08-17 14:09:23,634 - INFO - root - Distance = 5.385164807134504, direction = 4, Win# 12
2021-08-17 14:09:23,722 - DEBUG - bleak.backends.dotnet.client - Write Characteristic 6e400002-b5a3-f393-e0a9-e50e24dcca9e : bytearray(b'4,0')
2021-08-17 14:09:23,759 - INFO - root - x = 338, y = 122, Radius = 9.60478687286377
2021-08-17 14:09:23,759 - INFO - root - Decision Window: xRange = 333, 338,  yRange = 146, 106
2021-08-17 14:09:23,759 - INFO - root - Next Decision Window: xRange = 323, 332,  yRange = 162, 126
2021-08-17 14:09:23,759 - INFO - root - Distance = 0, direction = 3, Win# 13
2021-08-17 14:09:23,842 - DEBUG - bleak.backends.dotnet.client - Write Characteristic 6e400002-b5a3-f393-e0a9-e50e24dcca9e : bytearray(b'3,0')
2021-08-17 14:09:23,880 - INFO - root - x = 344, y = 124, Radius = 11.715475082397461
2021-08-17 14:09:23,880 - INFO - root - Decision Window: xRange = 333, 338,  yRange = 146, 106
2021-08-17 14:09:23,880 - INFO - root - Next Decision Window: xRange = 323, 332,  yRange = 162, 126
2021-08-17 14:09:23,880 - INFO - root - Distance = 26.248809496813376, direction = 3, Win# 13
2021-08-17 14:09:23,962 - DEBUG - bleak.backends.dotnet.client - Write Characteristic 6e400002-b5a3-f393-e0a9-e50e24dcca9e : bytearray(b'3,0')
2021-08-17 14:09:24,002 - INFO - root - x = 351, y = 124, Radius = 8.846003532409668
2021-08-17 14:09:24,003 - INFO - root - Decision Window: xRange = 333, 338,  yRange = 146, 106
2021-08-17 14:09:24,003 - INFO - root - Next Decision Window: xRange = 323, 332,  yRange = 162, 126
2021-08-17 14:09:24,003 - INFO - root - Distance = 31.240998703626616, direction = 2, Win# 13
2021-08-17 14:09:24,083 - DEBUG - bleak.backends.dotnet.client - Write Characteristic 6e400002-b5a3-f393-e0a9-e50e24dcca9e : bytearray(b'2,0')
2021-08-17 14:09:24,116 - INFO - root - x = 347, y = 119, Radius = 9.078651428222656
2021-08-17 14:09:24,117 - INFO - root - Decision Window: xRange = 333, 338,  yRange = 146, 106
2021-08-17 14:09:24,117 - INFO - root - Next Decision Window: xRange = 323, 332,  yRange = 162, 126
2021-08-17 14:09:24,117 - INFO - root - Distance = 32.01562118716424, direction = 3, Win# 13
2021-08-17 14:09:24,202 - DEBUG - bleak.backends.dotnet.client - Write Characteristic 6e400002-b5a3-f393-e0a9-e50e24dcca9e : bytearray(b'3,0')
2021-08-17 14:09:24,217 - INFO - root - x = 350, y = 125, Radius = 8.846003532409668
2021-08-17 14:09:24,217 - INFO - root - Decision Window: xRange = 333, 338,  yRange = 146, 106
2021-08-17 14:09:24,217 - INFO - root - Next Decision Window: xRange = 323, 332,  yRange = 162, 126
2021-08-17 14:09:24,217 - INFO - root - Distance = 29.832867780352597, direction = 2, Win# 13
2021-08-17 14:09:24,322 - DEBUG - bleak.backends.dotnet.client - Write Characteristic 6e400002-b5a3-f393-e0a9-e50e24dcca9e : bytearray(b'2,0')
2021-08-17 14:09:24,346 - INFO - root - x = 342, y = 139, Radius = 12.103818893432617
2021-08-17 14:09:24,346 - INFO - root - Decision Window: xRange = 333, 338,  yRange = 146, 106
2021-08-17 14:09:24,346 - INFO - root - Next Decision Window: xRange = 323, 332,  yRange = 162, 126
2021-08-17 14:09:24,346 - INFO - root - Distance = 15.811388300841896, direction = 2, Win# 13
2021-08-17 14:09:24,443 - DEBUG - bleak.backends.dotnet.client - Write Characteristic 6e400002-b5a3-f393-e0a9-e50e24dcca9e : bytearray(b'2,0')
2021-08-17 14:09:24,483 - INFO - root - x = 338, y = 147, Radius = 22.327213287353516
2021-08-17 14:09:24,483 - INFO - root - Decision Window: xRange = 333, 338,  yRange = 146, 106
2021-08-17 14:09:24,483 - INFO - root - Next Decision Window: xRange = 323, 332,  yRange = 162, 126
2021-08-17 14:09:24,483 - INFO - root - Distance = 11.40175425099138, direction = 2, Win# 13
2021-08-17 14:09:24,562 - DEBUG - bleak.backends.dotnet.client - Write Characteristic 6e400002-b5a3-f393-e0a9-e50e24dcca9e : bytearray(b'2,0')
2021-08-17 14:09:24,593 - INFO - root - x = 331, y = 151, Radius = 8.147197723388672
2021-08-17 14:09:24,593 - INFO - root - Decision Window: xRange = 323, 332,  yRange = 162, 126
2021-08-17 14:09:24,593 - INFO - root - Next Decision Window: xRange = 323, 337,  yRange = 196, 163
2021-08-17 14:09:24,593 - INFO - root - Distance = 0, direction = 1, Win# 14
2021-08-17 14:09:24,682 - DEBUG - bleak.backends.dotnet.client - Write Characteristic 6e400002-b5a3-f393-e0a9-e50e24dcca9e : bytearray(b'1,0')
2021-08-17 14:09:24,716 - INFO - root - x = 314, y = 117, Radius = 17.55714988708496
2021-08-17 14:09:24,716 - INFO - root - Decision Window: xRange = 323, 332,  yRange = 162, 126
2021-08-17 14:09:24,716 - INFO - root - Next Decision Window: xRange = 323, 337,  yRange = 196, 163
2021-08-17 14:09:24,716 - INFO - root - Distance = 64.03124237432849, direction = 3, Win# 14
2021-08-17 14:09:24,802 - DEBUG - bleak.backends.dotnet.client - Write Characteristic 6e400002-b5a3-f393-e0a9-e50e24dcca9e : bytearray(b'3,1')
2021-08-17 14:09:24,839 - INFO - root - x = 318, y = 148, Radius = 10.965956687927246
2021-08-17 14:09:24,839 - INFO - root - Decision Window: xRange = 323, 332,  yRange = 162, 126
2021-08-17 14:09:24,839 - INFO - root - Next Decision Window: xRange = 323, 337,  yRange = 196, 163
2021-08-17 14:09:24,839 - INFO - root - Distance = 33.24154027718932, direction = 3, Win# 14
2021-08-17 14:09:24,922 - DEBUG - bleak.backends.dotnet.client - Write Characteristic 6e400002-b5a3-f393-e0a9-e50e24dcca9e : bytearray(b'3,0')
2021-08-17 14:09:24,962 - INFO - root - x = 316, y = 149, Radius = 11.401854515075684
2021-08-17 14:09:24,963 - INFO - root - Decision Window: xRange = 323, 332,  yRange = 162, 126
2021-08-17 14:09:24,963 - INFO - root - Next Decision Window: xRange = 323, 337,  yRange = 196, 163
2021-08-17 14:09:24,963 - INFO - root - Distance = 33.1058907144937, direction = 3, Win# 14
2021-08-17 14:09:25,042 - DEBUG - bleak.backends.dotnet.client - Write Characteristic 6e400002-b5a3-f393-e0a9-e50e24dcca9e : bytearray(b'3,0')
2021-08-17 14:09:25,069 - INFO - root - x = 317, y = 154, Radius = 12.041694641113281
2021-08-17 14:09:25,069 - INFO - root - Decision Window: xRange = 323, 332,  yRange = 162, 126
2021-08-17 14:09:25,069 - INFO - root - Next Decision Window: xRange = 323, 337,  yRange = 196, 163
2021-08-17 14:09:25,069 - INFO - root - Distance = 28.178005607210743, direction = 3, Win# 14
2021-08-17 14:09:25,162 - DEBUG - bleak.backends.dotnet.client - Write Characteristic 6e400002-b5a3-f393-e0a9-e50e24dcca9e : bytearray(b'3,0')
2021-08-17 14:09:25,194 - INFO - root - x = 329, y = 176, Radius = 15.945319175720215
2021-08-17 14:09:25,194 - INFO - root - Decision Window: xRange = 323, 337,  yRange = 196, 163
2021-08-17 14:09:25,194 - INFO - root - Next Decision Window: xRange = 338, 349,  yRange = 212, 178
2021-08-17 14:09:25,194 - INFO - root - Distance = 0, direction = 3, Win# 15
2021-08-17 14:09:25,282 - DEBUG - bleak.backends.dotnet.client - Write Characteristic 6e400002-b5a3-f393-e0a9-e50e24dcca9e : bytearray(b'3,0')
2021-08-17 14:09:25,320 - INFO - root - x = 336, y = 184, Radius = 15.403021812438965
2021-08-17 14:09:25,320 - INFO - root - Decision Window: xRange = 338, 349,  yRange = 212, 178
2021-08-17 14:09:25,320 - INFO - root - Next Decision Window: xRange = 350, 363,  yRange = 220, 186
2021-08-17 14:09:25,321 - INFO - root - Distance = 0, direction = 3, Win# 16
2021-08-17 14:09:25,402 - DEBUG - bleak.backends.dotnet.client - Write Characteristic 6e400002-b5a3-f393-e0a9-e50e24dcca9e : bytearray(b'3,0')
2021-08-17 14:09:25,422 - INFO - root - x = 338, y = 186, Radius = 15.620599746704102
2021-08-17 14:09:25,422 - INFO - root - Decision Window: xRange = 338, 349,  yRange = 212, 178
2021-08-17 14:09:25,422 - INFO - root - Next Decision Window: xRange = 350, 363,  yRange = 220, 186
2021-08-17 14:09:25,422 - INFO - root - Distance = 24.758836806279895, direction = 4, Win# 16
2021-08-17 14:09:25,522 - DEBUG - bleak.backends.dotnet.client - Write Characteristic 6e400002-b5a3-f393-e0a9-e50e24dcca9e : bytearray(b'4,0')
2021-08-17 14:09:25,563 - INFO - root - x = 340, y = 188, Radius = 15.239850997924805
2021-08-17 14:09:25,563 - INFO - root - Decision Window: xRange = 338, 349,  yRange = 212, 178
2021-08-17 14:09:25,563 - INFO - root - Next Decision Window: xRange = 350, 363,  yRange = 220, 186
2021-08-17 14:09:25,563 - INFO - root - Distance = 21.93171219946131, direction = 4, Win# 16
2021-08-17 14:09:25,643 - DEBUG - bleak.backends.dotnet.client - Write Characteristic 6e400002-b5a3-f393-e0a9-e50e24dcca9e : bytearray(b'4,0')
2021-08-17 14:09:25,669 - INFO - root - x = 344, y = 196, Radius = 18.74509048461914
2021-08-17 14:09:25,670 - INFO - root - Decision Window: xRange = 338, 349,  yRange = 212, 178
2021-08-17 14:09:25,670 - INFO - root - Next Decision Window: xRange = 350, 363,  yRange = 220, 186
2021-08-17 14:09:25,670 - INFO - root - Distance = 13.892443989449804, direction = 4, Win# 16
2021-08-17 14:09:25,762 - DEBUG - bleak.backends.dotnet.client - Write Characteristic 6e400002-b5a3-f393-e0a9-e50e24dcca9e : bytearray(b'4,0')
2021-08-17 14:09:25,796 - INFO - root - x = 347, y = 200, Radius = 15.239850997924805
2021-08-17 14:09:25,796 - INFO - root - Decision Window: xRange = 338, 349,  yRange = 212, 178
2021-08-17 14:09:25,796 - INFO - root - Next Decision Window: xRange = 350, 363,  yRange = 220, 186
2021-08-17 14:09:25,796 - INFO - root - Distance = 9.486832980505138, direction = 4, Win# 16
2021-08-17 14:09:25,883 - DEBUG - bleak.backends.dotnet.client - Write Characteristic 6e400002-b5a3-f393-e0a9-e50e24dcca9e : bytearray(b'4,0')
2021-08-17 14:09:25,923 - INFO - root - x = 351, y = 210, Radius = 6.020897388458252
2021-08-17 14:09:25,923 - INFO - root - Decision Window: xRange = 350, 363,  yRange = 220, 186
2021-08-17 14:09:25,923 - INFO - root - Next Decision Window: xRange = 364, 375,  yRange = 237, 201
2021-08-17 14:09:25,923 - INFO - root - Distance = 0, direction = 1, Win# 17
2021-08-17 14:09:26,002 - DEBUG - bleak.backends.dotnet.client - Write Characteristic 6e400002-b5a3-f393-e0a9-e50e24dcca9e : bytearray(b'1,0')
2021-08-17 14:09:26,043 - INFO - root - x = 366, y = 217, Radius = 5.315173149108887
2021-08-17 14:09:26,043 - INFO - root - Decision Window: xRange = 364, 375,  yRange = 237, 201
2021-08-17 14:09:26,043 - INFO - root - Next Decision Window: xRange = 376, 388,  yRange = 244, 207
2021-08-17 14:09:26,043 - INFO - root - Distance = 0, direction = 4, Win# 18
2021-08-17 14:09:26,123 - DEBUG - bleak.backends.dotnet.client - Write Characteristic 6e400002-b5a3-f393-e0a9-e50e24dcca9e : bytearray(b'4,0')
2021-08-17 14:09:26,155 - INFO - root - x = 375, y = 217, Radius = 7.43313455581665
2021-08-17 14:09:26,156 - INFO - root - Decision Window: xRange = 376, 388,  yRange = 244, 207
2021-08-17 14:09:26,156 - INFO - root - Next Decision Window: xRange = 390, 405,  yRange = 249, 208
2021-08-17 14:09:26,156 - INFO - root - Distance = 0, direction = 3, Win# 19
2021-08-17 14:09:26,242 - DEBUG - bleak.backends.dotnet.client - Write Characteristic 6e400002-b5a3-f393-e0a9-e50e24dcca9e : bytearray(b'3,0')
2021-08-17 14:09:26,272 - INFO - root - x = 381, y = 218, Radius = 12.041694641113281
2021-08-17 14:09:26,272 - INFO - root - Decision Window: xRange = 376, 388,  yRange = 244, 207
2021-08-17 14:09:26,272 - INFO - root - Next Decision Window: xRange = 390, 405,  yRange = 249, 208
2021-08-17 14:09:26,272 - INFO - root - Distance = 18.867962264113206, direction = 4, Win# 19
2021-08-17 14:09:26,363 - DEBUG - bleak.backends.dotnet.client - Write Characteristic 6e400002-b5a3-f393-e0a9-e50e24dcca9e : bytearray(b'4,0')
2021-08-17 14:09:26,402 - INFO - root - x = 392, y = 223, Radius = 13.124505043029785
2021-08-17 14:09:26,403 - INFO - root - Decision Window: xRange = 390, 405,  yRange = 249, 208
2021-08-17 14:09:26,403 - INFO - root - Next Decision Window: xRange = 406, 423,  yRange = 260, 219
2021-08-17 14:09:26,403 - INFO - root - Distance = 0, direction = 3, Win# 20
2021-08-17 14:09:26,482 - DEBUG - bleak.backends.dotnet.client - Write Characteristic 6e400002-b5a3-f393-e0a9-e50e24dcca9e : bytearray(b'3,0')
2021-08-17 14:09:26,524 - INFO - root - x = 405, y = 231, Radius = 8.20071029663086
2021-08-17 14:09:26,524 - INFO - root - Decision Window: xRange = 406, 423,  yRange = 260, 219
2021-08-17 14:09:26,524 - INFO - root - Next Decision Window: xRange = 424, 441,  yRange = 273, 233
2021-08-17 14:09:26,524 - INFO - root - Distance = 0, direction = 4, Win# 21
2021-08-17 14:09:26,602 - DEBUG - bleak.backends.dotnet.client - Write Characteristic 6e400002-b5a3-f393-e0a9-e50e24dcca9e : bytearray(b'4,0')
2021-08-17 14:09:26,642 - INFO - root - x = 417, y = 234, Radius = 12.419842720031738
2021-08-17 14:09:26,642 - INFO - root - Decision Window: xRange = 406, 423,  yRange = 260, 219
2021-08-17 14:09:26,642 - INFO - root - Next Decision Window: xRange = 424, 441,  yRange = 273, 233
2021-08-17 14:09:26,642 - INFO - root - Distance = 24.20743687382041, direction = 3, Win# 21
2021-08-17 14:09:26,722 - DEBUG - bleak.backends.dotnet.client - Write Characteristic 6e400002-b5a3-f393-e0a9-e50e24dcca9e : bytearray(b'3,0')
2021-08-17 14:09:26,757 - INFO - root - x = 425, y = 236, Radius = 12.419842720031738
2021-08-17 14:09:26,757 - INFO - root - Decision Window: xRange = 424, 441,  yRange = 273, 233
2021-08-17 14:09:26,757 - INFO - root - Next Decision Window: xRange = 442, 457,  yRange = 283, 247
2021-08-17 14:09:26,758 - INFO - root - Distance = 0, direction = 3, Win# 22
2021-08-17 14:09:26,842 - DEBUG - bleak.backends.dotnet.client - Write Characteristic 6e400002-b5a3-f393-e0a9-e50e24dcca9e : bytearray(b'3,0')
2021-08-17 14:09:26,873 - INFO - root - x = 432, y = 240, Radius = 12.206655502319336
2021-08-17 14:09:26,873 - INFO - root - Decision Window: xRange = 424, 441,  yRange = 273, 233
2021-08-17 14:09:26,873 - INFO - root - Next Decision Window: xRange = 442, 457,  yRange = 283, 247
2021-08-17 14:09:26,874 - INFO - root - Distance = 30.23243291566195, direction = 3, Win# 22
2021-08-17 14:09:26,962 - DEBUG - bleak.backends.dotnet.client - Write Characteristic 6e400002-b5a3-f393-e0a9-e50e24dcca9e : bytearray(b'3,0')
2021-08-17 14:09:26,999 - INFO - root - x = 437, y = 243, Radius = 14.212770462036133
2021-08-17 14:09:26,999 - INFO - root - Decision Window: xRange = 424, 441,  yRange = 273, 233
2021-08-17 14:09:26,999 - INFO - root - Next Decision Window: xRange = 442, 457,  yRange = 283, 247
2021-08-17 14:09:26,999 - INFO - root - Distance = 25.059928172283335, direction = 3, Win# 22
2021-08-17 14:09:27,082 - DEBUG - bleak.backends.dotnet.client - Write Characteristic 6e400002-b5a3-f393-e0a9-e50e24dcca9e : bytearray(b'3,0')
2021-08-17 14:09:27,127 - INFO - root - x = 440, y = 252, Radius = 24.909936904907227
2021-08-17 14:09:27,127 - INFO - root - Decision Window: xRange = 442, 457,  yRange = 283, 247
2021-08-17 14:09:27,127 - INFO - root - Next Decision Window: xRange = 458, 472,  yRange = 295, 253
2021-08-17 14:09:27,127 - INFO - root - Distance = 0, direction = 3, Win# 23
2021-08-17 14:09:27,203 - DEBUG - bleak.backends.dotnet.client - Write Characteristic 6e400002-b5a3-f393-e0a9-e50e24dcca9e : bytearray(b'3,0')
2021-08-17 14:09:27,231 - INFO - root - x = 448, y = 263, Radius = 24.914920806884766
2021-08-17 14:09:27,231 - INFO - root - Decision Window: xRange = 442, 457,  yRange = 283, 247
2021-08-17 14:09:27,231 - INFO - root - Next Decision Window: xRange = 458, 472,  yRange = 295, 253
2021-08-17 14:09:27,231 - INFO - root - Distance = 20.248456731316587, direction = 4, Win# 23
2021-08-17 14:09:27,322 - DEBUG - bleak.backends.dotnet.client - Write Characteristic 6e400002-b5a3-f393-e0a9-e50e24dcca9e : bytearray(b'4,0')
2021-08-17 14:09:27,358 - INFO - root - x = 459, y = 274, Radius = 45.795841217041016
2021-08-17 14:09:27,358 - INFO - root - Decision Window: xRange = 458, 472,  yRange = 295, 253
2021-08-17 14:09:27,358 - INFO - root - Next Decision Window: xRange = 473, 485,  yRange = 311, 269
2021-08-17 14:09:27,358 - INFO - root - Distance = 0, direction = 4, Win# 24
2021-08-17 14:09:27,442 - DEBUG - bleak.backends.dotnet.client - Write Characteristic 6e400002-b5a3-f393-e0a9-e50e24dcca9e : bytearray(b'4,0')
2021-08-17 14:09:27,465 - INFO - root - x = 464, y = 279, Radius = 45.92061996459961
2021-08-17 14:09:27,465 - INFO - root - Decision Window: xRange = 458, 472,  yRange = 295, 253
2021-08-17 14:09:27,465 - INFO - root - Next Decision Window: xRange = 473, 485,  yRange = 311, 269
2021-08-17 14:09:27,465 - INFO - root - Distance = 18.601075237738275, direction = 4, Win# 24
2021-08-17 14:09:27,562 - DEBUG - bleak.backends.dotnet.client - Write Characteristic 6e400002-b5a3-f393-e0a9-e50e24dcca9e : bytearray(b'4,0')
2021-08-17 14:09:27,605 - INFO - root - x = 478, y = 292, Radius = 45.7056770324707
2021-08-17 14:09:27,605 - INFO - root - Decision Window: xRange = 473, 485,  yRange = 311, 269
2021-08-17 14:09:27,606 - INFO - root - Next Decision Window: xRange = 486, 498,  yRange = 333, 290
2021-08-17 14:09:27,606 - INFO - root - Distance = 0, direction = 1, Win# 25
2021-08-17 14:09:27,683 - DEBUG - bleak.backends.dotnet.client - Write Characteristic 6e400002-b5a3-f393-e0a9-e50e24dcca9e : bytearray(b'1,0')
2021-08-17 14:09:27,713 - INFO - root - x = 487, y = 301, Radius = 45.742305755615234
2021-08-17 14:09:27,713 - INFO - root - Decision Window: xRange = 486, 498,  yRange = 333, 290
2021-08-17 14:09:27,713 - INFO - root - Next Decision Window: xRange = 499, 508,  yRange = 352, 305
2021-08-17 14:09:27,713 - INFO - root - Distance = 0, direction = 3, Win# 26
2021-08-17 14:09:27,802 - DEBUG - bleak.backends.dotnet.client - Write Characteristic 6e400002-b5a3-f393-e0a9-e50e24dcca9e : bytearray(b'3,0')
2021-08-17 14:09:27,819 - INFO - root - x = 495, y = 309, Radius = 45.246070861816406
2021-08-17 14:09:27,819 - INFO - root - Decision Window: xRange = 486, 498,  yRange = 333, 290
2021-08-17 14:09:27,819 - INFO - root - Next Decision Window: xRange = 499, 508,  yRange = 352, 305
2021-08-17 14:09:27,819 - INFO - root - Distance = 20.615528128088304, direction = 3, Win# 26
2021-08-17 14:09:27,923 - DEBUG - bleak.backends.dotnet.client - Write Characteristic 6e400002-b5a3-f393-e0a9-e50e24dcca9e : bytearray(b'3,0')
2021-08-17 14:09:27,955 - INFO - root - x = 494, y = 326, Radius = 43.8321647644043
2021-08-17 14:09:27,956 - INFO - root - Decision Window: xRange = 486, 498,  yRange = 333, 290
2021-08-17 14:09:27,956 - INFO - root - Next Decision Window: xRange = 499, 508,  yRange = 352, 305
2021-08-17 14:09:27,956 - INFO - root - Distance = 9.219544457292887, direction = 4, Win# 26
2021-08-17 14:09:28,042 - DEBUG - bleak.backends.dotnet.client - Write Characteristic 6e400002-b5a3-f393-e0a9-e50e24dcca9e : bytearray(b'4,0')
2021-08-17 14:09:28,081 - INFO - root - x = 496, y = 333, Radius = 43.8321647644043
2021-08-17 14:09:28,081 - INFO - root - Decision Window: xRange = 486, 498,  yRange = 333, 290
2021-08-17 14:09:28,081 - INFO - root - Next Decision Window: xRange = 499, 508,  yRange = 352, 305
2021-08-17 14:09:28,081 - INFO - root - Distance = 8.602325267042627, direction = 4, Win# 26
2021-08-17 14:09:28,162 - DEBUG - bleak.backends.dotnet.client - Write Characteristic 6e400002-b5a3-f393-e0a9-e50e24dcca9e : bytearray(b'4,0')
2021-08-17 14:09:28,202 - INFO - root - x = 494, y = 341, Radius = 45.46712112426758
2021-08-17 14:09:28,202 - INFO - root - Decision Window: xRange = 486, 498,  yRange = 333, 290
2021-08-17 14:09:28,202 - INFO - root - Next Decision Window: xRange = 499, 508,  yRange = 352, 305
2021-08-17 14:09:28,202 - INFO - root - Distance = 15.811388300841896, direction = 1, Win# 26
2021-08-17 14:09:28,282 - DEBUG - bleak.backends.dotnet.client - Write Characteristic 6e400002-b5a3-f393-e0a9-e50e24dcca9e : bytearray(b'1,0')
2021-08-17 14:09:28,310 - INFO - root - x = 496, y = 350, Radius = 44.06122970581055
2021-08-17 14:09:28,310 - INFO - root - Decision Window: xRange = 486, 498,  yRange = 333, 290
2021-08-17 14:09:28,310 - INFO - root - Next Decision Window: xRange = 499, 508,  yRange = 352, 305
2021-08-17 14:09:28,310 - INFO - root - Distance = 23.08679276123039, direction = 1, Win# 26
2021-08-17 14:09:28,403 - DEBUG - bleak.backends.dotnet.client - Write Characteristic 6e400002-b5a3-f393-e0a9-e50e24dcca9e : bytearray(b'1,0')
2021-08-17 14:09:28,436 - INFO - root - x = 497, y = 360, Radius = 41.27054977416992
2021-08-17 14:09:28,436 - INFO - root - Decision Window: xRange = 486, 498,  yRange = 333, 290
2021-08-17 14:09:28,436 - INFO - root - Next Decision Window: xRange = 499, 508,  yRange = 352, 305
2021-08-17 14:09:28,436 - INFO - root - Distance = 32.55764119219941, direction = 1, Win# 26
2021-08-17 14:09:28,522 - DEBUG - bleak.backends.dotnet.client - Write Characteristic 6e400002-b5a3-f393-e0a9-e50e24dcca9e : bytearray(b'1,0')
2021-08-17 14:09:28,535 - INFO - root - x = 502, y = 365, Radius = 42.500099182128906
2021-08-17 14:09:28,535 - INFO - root - Decision Window: xRange = 486, 498,  yRange = 333, 290
2021-08-17 14:09:28,535 - INFO - root - Next Decision Window: xRange = 499, 508,  yRange = 352, 305
2021-08-17 14:09:28,535 - INFO - root - Distance = 37.013511046643494, direction = 1, Win# 26
2021-08-17 14:09:28,642 - DEBUG - bleak.backends.dotnet.client - Write Characteristic 6e400002-b5a3-f393-e0a9-e50e24dcca9e : bytearray(b'1,0')
2021-08-17 14:09:28,683 - INFO - root - x = 512, y = 369, Radius = 40.844970703125
2021-08-17 14:09:28,683 - INFO - root - Decision Window: xRange = 486, 498,  yRange = 333, 290
2021-08-17 14:09:28,683 - INFO - root - Next Decision Window: xRange = 499, 508,  yRange = 352, 305
2021-08-17 14:09:28,683 - INFO - root - Distance = 41.97618372363071, direction = 1, Win# 26
2021-08-17 14:09:28,762 - DEBUG - bleak.backends.dotnet.client - Write Characteristic 6e400002-b5a3-f393-e0a9-e50e24dcca9e : bytearray(b'1,0')
2021-08-17 14:09:28,788 - INFO - root - x = 516, y = 357, Radius = 41.76132583618164
2021-08-17 14:09:28,788 - INFO - root - Decision Window: xRange = 486, 498,  yRange = 333, 290
2021-08-17 14:09:28,788 - INFO - root - Next Decision Window: xRange = 499, 508,  yRange = 352, 305
2021-08-17 14:09:28,788 - INFO - root - Distance = 31.78049716414141, direction = 1, Win# 26
2021-08-17 14:09:28,883 - DEBUG - bleak.backends.dotnet.client - Write Characteristic 6e400002-b5a3-f393-e0a9-e50e24dcca9e : bytearray(b'1,0')
2021-08-17 14:09:28,910 - INFO - root - x = 516, y = 344, Radius = 43.10398483276367
2021-08-17 14:09:28,911 - INFO - root - Decision Window: xRange = 486, 498,  yRange = 333, 290
2021-08-17 14:09:28,911 - INFO - root - Next Decision Window: xRange = 499, 508,  yRange = 352, 305
2021-08-17 14:09:28,911 - INFO - root - Distance = 20.615528128088304, direction = 1, Win# 26
2021-08-17 14:09:29,002 - DEBUG - bleak.backends.dotnet.client - Write Characteristic 6e400002-b5a3-f393-e0a9-e50e24dcca9e : bytearray(b'1,0')
2021-08-17 14:09:29,034 - INFO - root - x = 515, y = 341, Radius = 42.72011947631836
2021-08-17 14:09:29,034 - INFO - root - Decision Window: xRange = 486, 498,  yRange = 333, 290
2021-08-17 14:09:29,034 - INFO - root - Next Decision Window: xRange = 499, 508,  yRange = 352, 305
2021-08-17 14:09:29,034 - INFO - root - Distance = 17.69180601295413, direction = 1, Win# 26
2021-08-17 14:09:29,122 - DEBUG - bleak.backends.dotnet.client - Write Characteristic 6e400002-b5a3-f393-e0a9-e50e24dcca9e : bytearray(b'1,0')
2021-08-17 14:09:29,157 - INFO - root - x = 514, y = 340, Radius = 42.38935470581055
2021-08-17 14:09:29,158 - INFO - root - Decision Window: xRange = 486, 498,  yRange = 333, 290
2021-08-17 14:09:29,158 - INFO - root - Next Decision Window: xRange = 499, 508,  yRange = 352, 305
2021-08-17 14:09:29,158 - INFO - root - Distance = 16.278820596099706, direction = 1, Win# 26
2021-08-17 14:09:29,243 - DEBUG - bleak.backends.dotnet.client - Write Characteristic 6e400002-b5a3-f393-e0a9-e50e24dcca9e : bytearray(b'1,0')
2021-08-17 14:09:29,267 - INFO - root - x = 513, y = 340, Radius = 43.16547775268555
2021-08-17 14:09:29,267 - INFO - root - Decision Window: xRange = 486, 498,  yRange = 333, 290
2021-08-17 14:09:29,267 - INFO - root - Next Decision Window: xRange = 499, 508,  yRange = 352, 305
2021-08-17 14:09:29,267 - INFO - root - Distance = 15.620499351813308, direction = 1, Win# 26
2021-08-17 14:09:29,423 - DEBUG - bleak.backends.dotnet.client - Write Characteristic 6e400002-b5a3-f393-e0a9-e50e24dcca9e : bytearray(b'1,0')
2021-08-17 14:09:29,458 - INFO - root - x = 507, y = 331, Radius = 44.78011703491211
2021-08-17 14:09:29,458 - INFO - root - Decision Window: xRange = 499, 508,  yRange = 352, 305
2021-08-17 14:09:29,458 - INFO - root - Next Decision Window: xRange = 509, 516,  yRange = 395, 334
2021-08-17 14:09:29,458 - INFO - root - Distance = 0, direction = 2, Win# 27
2021-08-17 14:09:29,542 - DEBUG - bleak.backends.dotnet.client - Write Characteristic 6e400002-b5a3-f393-e0a9-e50e24dcca9e : bytearray(b'2,0')
2021-08-17 14:09:29,574 - INFO - root - x = 508, y = 330, Radius = 44.994544982910156
2021-08-17 14:09:29,574 - INFO - root - Decision Window: xRange = 499, 508,  yRange = 352, 305
2021-08-17 14:09:29,574 - INFO - root - Next Decision Window: xRange = 509, 516,  yRange = 395, 334
2021-08-17 14:09:29,574 - INFO - root - Distance = 34.23448553724738, direction = 3, Win# 27
2021-08-17 14:09:29,663 - DEBUG - bleak.backends.dotnet.client - Write Characteristic 6e400002-b5a3-f393-e0a9-e50e24dcca9e : bytearray(b'3,0')
2021-08-17 14:09:29,702 - INFO - root - x = 508, y = 331, Radius = 44.7494010925293
2021-08-17 14:09:29,702 - INFO - root - Decision Window: xRange = 499, 508,  yRange = 352, 305
2021-08-17 14:09:29,702 - INFO - root - Next Decision Window: xRange = 509, 516,  yRange = 395, 334
2021-08-17 14:09:29,702 - INFO - root - Distance = 33.24154027718932, direction = 3, Win# 27
2021-08-17 14:09:29,783 - DEBUG - bleak.backends.dotnet.client - Write Characteristic 6e400002-b5a3-f393-e0a9-e50e24dcca9e : bytearray(b'3,0')
2021-08-17 14:09:29,823 - INFO - root - x = 508, y = 337, Radius = 44.7494010925293
2021-08-17 14:09:29,824 - INFO - root - Decision Window: xRange = 509, 516,  yRange = 395, 334
2021-08-17 14:09:29,824 - INFO - root - Next Decision Window: xRange = 502, 508,  yRange = 414, 380
2021-08-17 14:09:29,824 - INFO - root - Distance = 0, direction = 3, Win# 28
2021-08-17 14:09:29,902 - DEBUG - bleak.backends.dotnet.client - Write Characteristic 6e400002-b5a3-f393-e0a9-e50e24dcca9e : bytearray(b'3,0')
2021-08-17 14:09:29,934 - INFO - root - x = 510, y = 347, Radius = 42.83715057373047
2021-08-17 14:09:29,934 - INFO - root - Decision Window: xRange = 509, 516,  yRange = 395, 334
2021-08-17 14:09:29,934 - INFO - root - Next Decision Window: xRange = 502, 508,  yRange = 414, 380
2021-08-17 14:09:29,934 - INFO - root - Distance = 50.24937810560445, direction = 3, Win# 28
2021-08-17 14:09:30,022 - DEBUG - bleak.backends.dotnet.client - Write Characteristic 6e400002-b5a3-f393-e0a9-e50e24dcca9e : bytearray(b'3,1')
2021-08-17 14:09:30,039 - INFO - root - x = 513, y = 354, Radius = 44.28327941894531
2021-08-17 14:09:30,039 - INFO - root - Decision Window: xRange = 509, 516,  yRange = 395, 334
2021-08-17 14:09:30,039 - INFO - root - Next Decision Window: xRange = 502, 508,  yRange = 414, 380
2021-08-17 14:09:30,039 - INFO - root - Distance = 43.73785545725808, direction = 3, Win# 28
2021-08-17 14:09:30,142 - DEBUG - bleak.backends.dotnet.client - Write Characteristic 6e400002-b5a3-f393-e0a9-e50e24dcca9e : bytearray(b'3,0')
2021-08-17 14:09:30,178 - INFO - root - x = 515, y = 365, Radius = 41.35622024536133
2021-08-17 14:09:30,178 - INFO - root - Decision Window: xRange = 509, 516,  yRange = 395, 334
2021-08-17 14:09:30,178 - INFO - root - Next Decision Window: xRange = 502, 508,  yRange = 414, 380
2021-08-17 14:09:30,178 - INFO - root - Distance = 33.52610922848042, direction = 3, Win# 28
2021-08-17 14:09:30,262 - DEBUG - bleak.backends.dotnet.client - Write Characteristic 6e400002-b5a3-f393-e0a9-e50e24dcca9e : bytearray(b'3,0')
2021-08-17 14:09:30,286 - INFO - root - x = 512, y = 372, Radius = 41.00314712524414
2021-08-17 14:09:30,287 - INFO - root - Decision Window: xRange = 509, 516,  yRange = 395, 334
2021-08-17 14:09:30,287 - INFO - root - Next Decision Window: xRange = 502, 508,  yRange = 414, 380
2021-08-17 14:09:30,287 - INFO - root - Distance = 25.96150997149434, direction = 3, Win# 28
2021-08-17 14:09:30,382 - DEBUG - bleak.backends.dotnet.client - Write Characteristic 6e400002-b5a3-f393-e0a9-e50e24dcca9e : bytearray(b'3,0')
2021-08-17 14:09:30,409 - INFO - root - x = 505, y = 380, Radius = 41.06753158569336
2021-08-17 14:09:30,409 - INFO - root - Decision Window: xRange = 502, 508,  yRange = 414, 380
2021-08-17 14:09:30,409 - INFO - root - Next Decision Window: xRange = 493, 501,  yRange = 424, 391
2021-08-17 14:09:30,409 - INFO - root - Distance = 0, direction = 3, Win# 29
2021-08-17 14:09:30,502 - DEBUG - bleak.backends.dotnet.client - Write Characteristic 6e400002-b5a3-f393-e0a9-e50e24dcca9e : bytearray(b'3,0')
2021-08-17 14:09:30,534 - INFO - root - x = 502, y = 387, Radius = 40.04070281982422
2021-08-17 14:09:30,534 - INFO - root - Decision Window: xRange = 502, 508,  yRange = 414, 380
2021-08-17 14:09:30,534 - INFO - root - Next Decision Window: xRange = 493, 501,  yRange = 424, 391
2021-08-17 14:09:30,534 - INFO - root - Distance = 20.615528128088304, direction = 3, Win# 29
2021-08-17 14:09:30,622 - DEBUG - bleak.backends.dotnet.client - Write Characteristic 6e400002-b5a3-f393-e0a9-e50e24dcca9e : bytearray(b'3,0')
2021-08-17 14:09:30,658 - INFO - root - x = 499, y = 392, Radius = 39.77777099609375
2021-08-17 14:09:30,658 - INFO - root - Decision Window: xRange = 493, 501,  yRange = 424, 391
2021-08-17 14:09:30,658 - INFO - root - Next Decision Window: xRange = 484, 492,  yRange = 431, 396
2021-08-17 14:09:30,658 - INFO - root - Distance = 0, direction = 3, Win# 30
2021-08-17 14:09:30,742 - DEBUG - bleak.backends.dotnet.client - Write Characteristic 6e400002-b5a3-f393-e0a9-e50e24dcca9e : bytearray(b'3,0')
2021-08-17 14:09:30,778 - INFO - root - x = 498, y = 395, Radius = 39.57913589477539
2021-08-17 14:09:30,778 - INFO - root - Decision Window: xRange = 493, 501,  yRange = 424, 391
2021-08-17 14:09:30,778 - INFO - root - Next Decision Window: xRange = 484, 492,  yRange = 431, 396
2021-08-17 14:09:30,778 - INFO - root - Distance = 20.591260281974, direction = 3, Win# 30
2021-08-17 14:09:30,862 - DEBUG - bleak.backends.dotnet.client - Write Characteristic 6e400002-b5a3-f393-e0a9-e50e24dcca9e : bytearray(b'3,0')
2021-08-17 14:09:30,904 - INFO - root - x = 497, y = 394, Radius = 41.74336242675781
2021-08-17 14:09:30,905 - INFO - root - Decision Window: xRange = 493, 501,  yRange = 424, 391
2021-08-17 14:09:30,905 - INFO - root - Next Decision Window: xRange = 484, 492,  yRange = 431, 396
2021-08-17 14:09:30,905 - INFO - root - Distance = 21.02379604162864, direction = 3, Win# 30
2021-08-17 14:09:30,982 - DEBUG - bleak.backends.dotnet.client - Write Characteristic 6e400002-b5a3-f393-e0a9-e50e24dcca9e : bytearray(b'3,0')
2021-08-17 14:09:31,012 - INFO - root - x = 490, y = 403, Radius = 39.20179748535156
2021-08-17 14:09:31,012 - INFO - root - Decision Window: xRange = 484, 492,  yRange = 431, 396
2021-08-17 14:09:31,012 - INFO - root - Next Decision Window: xRange = 473, 483,  yRange = 438, 409
2021-08-17 14:09:31,013 - INFO - root - Distance = 0, direction = 3, Win# 31
2021-08-17 14:09:31,102 - DEBUG - bleak.backends.dotnet.client - Write Characteristic 6e400002-b5a3-f393-e0a9-e50e24dcca9e : bytearray(b'3,0')
2021-08-17 14:09:31,121 - INFO - root - x = 485, y = 409, Radius = 38.162200927734375
2021-08-17 14:09:31,121 - INFO - root - Decision Window: xRange = 484, 492,  yRange = 431, 396
2021-08-17 14:09:31,121 - INFO - root - Next Decision Window: xRange = 473, 483,  yRange = 438, 409
2021-08-17 14:09:31,121 - INFO - root - Distance = 15.652475842498529, direction = 3, Win# 31
2021-08-17 14:09:31,222 - DEBUG - bleak.backends.dotnet.client - Write Characteristic 6e400002-b5a3-f393-e0a9-e50e24dcca9e : bytearray(b'3,0')
2021-08-17 14:09:31,260 - INFO - root - x = 483, y = 413, Radius = 38.71766662597656
2021-08-17 14:09:31,260 - INFO - root - Decision Window: xRange = 473, 483,  yRange = 438, 409
2021-08-17 14:09:31,260 - INFO - root - Next Decision Window: xRange = 463, 472,  yRange = 445, 414
2021-08-17 14:09:31,260 - INFO - root - Distance = 0, direction = 3, Win# 32
2021-08-17 14:09:31,342 - DEBUG - bleak.backends.dotnet.client - Write Characteristic 6e400002-b5a3-f393-e0a9-e50e24dcca9e : bytearray(b'3,0')
2021-08-17 14:09:31,379 - INFO - root - x = 481, y = 415, Radius = 39.000099182128906
2021-08-17 14:09:31,379 - INFO - root - Decision Window: xRange = 473, 483,  yRange = 438, 409
2021-08-17 14:09:31,379 - INFO - root - Next Decision Window: xRange = 463, 472,  yRange = 445, 414
2021-08-17 14:09:31,379 - INFO - root - Distance = 19.79898987322333, direction = 3, Win# 32
2021-08-17 14:09:31,462 - DEBUG - bleak.backends.dotnet.client - Write Characteristic 6e400002-b5a3-f393-e0a9-e50e24dcca9e : bytearray(b'3,0')
2021-08-17 14:09:31,489 - INFO - root - x = 477, y = 418, Radius = 38.685089111328125
2021-08-17 14:09:31,489 - INFO - root - Decision Window: xRange = 473, 483,  yRange = 438, 409
2021-08-17 14:09:31,489 - INFO - root - Next Decision Window: xRange = 463, 472,  yRange = 445, 414
2021-08-17 14:09:31,489 - INFO - root - Distance = 14.866068747318506, direction = 3, Win# 32
2021-08-17 14:09:31,582 - DEBUG - bleak.backends.dotnet.client - Write Characteristic 6e400002-b5a3-f393-e0a9-e50e24dcca9e : bytearray(b'3,0')
2021-08-17 14:09:31,612 - INFO - root - x = 459, y = 424, Radius = 41.309906005859375
2021-08-17 14:09:31,612 - INFO - root - Decision Window: xRange = 473, 483,  yRange = 438, 409
2021-08-17 14:09:31,612 - INFO - root - Next Decision Window: xRange = 463, 472,  yRange = 445, 414
2021-08-17 14:09:31,612 - INFO - root - Distance = 9.433981132056603, direction = 4, Win# 32
2021-08-17 14:09:31,703 - DEBUG - bleak.backends.dotnet.client - Write Characteristic 6e400002-b5a3-f393-e0a9-e50e24dcca9e : bytearray(b'4,0')
2021-08-17 14:09:31,741 - INFO - root - x = 446, y = 431, Radius = 40.60797882080078
2021-08-17 14:09:31,741 - INFO - root - Decision Window: xRange = 473, 483,  yRange = 438, 409
2021-08-17 14:09:31,741 - INFO - root - Next Decision Window: xRange = 463, 472,  yRange = 445, 414
2021-08-17 14:09:31,741 - INFO - root - Distance = 21.095023109728988, direction = 4, Win# 32
2021-08-17 14:09:31,822 - DEBUG - bleak.backends.dotnet.client - Write Characteristic 6e400002-b5a3-f393-e0a9-e50e24dcca9e : bytearray(b'4,0')
2021-08-17 14:09:31,846 - INFO - root - x = 431, y = 438, Radius = 41.20992660522461
2021-08-17 14:09:31,846 - INFO - root - Decision Window: xRange = 473, 483,  yRange = 438, 409
2021-08-17 14:09:31,846 - INFO - root - Next Decision Window: xRange = 463, 472,  yRange = 445, 414
2021-08-17 14:09:31,846 - INFO - root - Distance = 37.107950630558946, direction = 4, Win# 32
2021-08-17 14:09:31,943 - DEBUG - bleak.backends.dotnet.client - Write Characteristic 6e400002-b5a3-f393-e0a9-e50e24dcca9e : bytearray(b'4,0')
2021-08-17 14:09:31,956 - INFO - root - x = 417, y = 438, Radius = 41.33108139038086
2021-08-17 14:09:31,956 - INFO - root - Decision Window: xRange = 473, 483,  yRange = 438, 409
2021-08-17 14:09:31,956 - INFO - root - Next Decision Window: xRange = 463, 472,  yRange = 445, 414
2021-08-17 14:09:31,956 - INFO - root - Distance = 50.80354318352215, direction = 4, Win# 32
2021-08-17 14:09:32,062 - DEBUG - bleak.backends.dotnet.client - Write Characteristic 6e400002-b5a3-f393-e0a9-e50e24dcca9e : bytearray(b'4,1')
2021-08-17 14:09:32,091 - INFO - root - x = 409, y = 443, Radius = 40.63567352294922
2021-08-17 14:09:32,091 - INFO - root - Decision Window: xRange = 473, 483,  yRange = 438, 409
2021-08-17 14:09:32,091 - INFO - root - Next Decision Window: xRange = 463, 472,  yRange = 445, 414
2021-08-17 14:09:32,091 - INFO - root - Distance = 59.665735560705194, direction = 4, Win# 32
2021-08-17 14:09:32,182 - DEBUG - bleak.backends.dotnet.client - Write Characteristic 6e400002-b5a3-f393-e0a9-e50e24dcca9e : bytearray(b'4,1')
2021-08-17 14:09:32,214 - INFO - root - x = 409, y = 443, Radius = 40.35477828979492
2021-08-17 14:09:32,214 - INFO - root - Decision Window: xRange = 473, 483,  yRange = 438, 409
2021-08-17 14:09:32,214 - INFO - root - Next Decision Window: xRange = 463, 472,  yRange = 445, 414
2021-08-17 14:09:32,214 - INFO - root - Distance = 59.665735560705194, direction = 4, Win# 32
2021-08-17 14:09:32,303 - DEBUG - bleak.backends.dotnet.client - Write Characteristic 6e400002-b5a3-f393-e0a9-e50e24dcca9e : bytearray(b'4,1')
2021-08-17 14:09:32,340 - INFO - root - x = 424, y = 437, Radius = 41.61740493774414
2021-08-17 14:09:32,340 - INFO - root - Decision Window: xRange = 473, 483,  yRange = 438, 409
2021-08-17 14:09:32,340 - INFO - root - Next Decision Window: xRange = 463, 472,  yRange = 445, 414
2021-08-17 14:09:32,340 - INFO - root - Distance = 43.73785545725808, direction = 4, Win# 32
2021-08-17 14:09:32,422 - DEBUG - bleak.backends.dotnet.client - Write Characteristic 6e400002-b5a3-f393-e0a9-e50e24dcca9e : bytearray(b'4,0')
2021-08-17 14:09:32,461 - INFO - root - x = 445, y = 432, Radius = 41.85686492919922
2021-08-17 14:09:32,461 - INFO - root - Decision Window: xRange = 473, 483,  yRange = 438, 409
2021-08-17 14:09:32,461 - INFO - root - Next Decision Window: xRange = 463, 472,  yRange = 445, 414
2021-08-17 14:09:32,461 - INFO - root - Distance = 22.20360331117452, direction = 4, Win# 32
2021-08-17 14:09:32,542 - DEBUG - bleak.backends.dotnet.client - Write Characteristic 6e400002-b5a3-f393-e0a9-e50e24dcca9e : bytearray(b'4,0')
2021-08-17 14:09:32,576 - INFO - root - x = 456, y = 428, Radius = 43.99757766723633
2021-08-17 14:09:32,577 - INFO - root - Decision Window: xRange = 473, 483,  yRange = 438, 409
2021-08-17 14:09:32,577 - INFO - root - Next Decision Window: xRange = 463, 472,  yRange = 445, 414
2021-08-17 14:09:32,577 - INFO - root - Distance = 11.045361017187261, direction = 4, Win# 32
2021-08-17 14:09:32,662 - DEBUG - bleak.backends.dotnet.client - Write Characteristic 6e400002-b5a3-f393-e0a9-e50e24dcca9e : bytearray(b'4,0')
2021-08-17 14:09:32,695 - INFO - root - x = 465, y = 426, Radius = 41.9793815612793
2021-08-17 14:09:32,695 - INFO - root - Decision Window: xRange = 463, 472,  yRange = 445, 414
2021-08-17 14:09:32,695 - INFO - root - Next Decision Window: xRange = 448, 462,  yRange = 446, 419
2021-08-17 14:09:32,696 - INFO - root - Distance = 0, direction = 3, Win# 33
2021-08-17 14:09:32,782 - DEBUG - bleak.backends.dotnet.client - Write Characteristic 6e400002-b5a3-f393-e0a9-e50e24dcca9e : bytearray(b'3,0')
2021-08-17 14:09:32,821 - INFO - root - x = 470, y = 426, Radius = 42.57964324951172
2021-08-17 14:09:32,821 - INFO - root - Decision Window: xRange = 463, 472,  yRange = 445, 414
2021-08-17 14:09:32,821 - INFO - root - Next Decision Window: xRange = 448, 462,  yRange = 446, 419
2021-08-17 14:09:32,822 - INFO - root - Distance = 16.15549442140351, direction = 2, Win# 33
2021-08-17 14:09:32,902 - DEBUG - bleak.backends.dotnet.client - Write Characteristic 6e400002-b5a3-f393-e0a9-e50e24dcca9e : bytearray(b'2,0')
2021-08-17 14:09:32,941 - INFO - root - x = 473, y = 427, Radius = 40.01158905029297
2021-08-17 14:09:32,941 - INFO - root - Decision Window: xRange = 463, 472,  yRange = 445, 414
2021-08-17 14:09:32,941 - INFO - root - Next Decision Window: xRange = 448, 462,  yRange = 446, 419
2021-08-17 14:09:32,941 - INFO - root - Distance = 18.681541692269406, direction = 2, Win# 33
2021-08-17 14:09:33,023 - DEBUG - bleak.backends.dotnet.client - Write Characteristic 6e400002-b5a3-f393-e0a9-e50e24dcca9e : bytearray(b'2,0')
2021-08-17 14:09:33,053 - INFO - root - x = 472, y = 427, Radius = 43.3726806640625
2021-08-17 14:09:33,053 - INFO - root - Decision Window: xRange = 463, 472,  yRange = 445, 414
2021-08-17 14:09:33,053 - INFO - root - Next Decision Window: xRange = 448, 462,  yRange = 446, 419
2021-08-17 14:09:33,054 - INFO - root - Distance = 17.72004514666935, direction = 2, Win# 33
2021-08-17 14:09:33,142 - DEBUG - bleak.backends.dotnet.client - Write Characteristic 6e400002-b5a3-f393-e0a9-e50e24dcca9e : bytearray(b'2,0')
2021-08-17 14:09:33,176 - INFO - root - x = 470, y = 426, Radius = 41.8271369934082
2021-08-17 14:09:33,176 - INFO - root - Decision Window: xRange = 463, 472,  yRange = 445, 414
2021-08-17 14:09:33,176 - INFO - root - Next Decision Window: xRange = 448, 462,  yRange = 446, 419
2021-08-17 14:09:33,176 - INFO - root - Distance = 16.15549442140351, direction = 2, Win# 33
2021-08-17 14:09:33,262 - DEBUG - bleak.backends.dotnet.client - Write Characteristic 6e400002-b5a3-f393-e0a9-e50e24dcca9e : bytearray(b'2,0')
2021-08-17 14:09:33,297 - INFO - root - x = 465, y = 432, Radius = 41.03620147705078
2021-08-17 14:09:33,297 - INFO - root - Decision Window: xRange = 463, 472,  yRange = 445, 414
2021-08-17 14:09:33,297 - INFO - root - Next Decision Window: xRange = 448, 462,  yRange = 446, 419
2021-08-17 14:09:33,297 - INFO - root - Distance = 10.0, direction = 2, Win# 33
2021-08-17 14:09:33,382 - DEBUG - bleak.backends.dotnet.client - Write Characteristic 6e400002-b5a3-f393-e0a9-e50e24dcca9e : bytearray(b'2,0')
2021-08-17 14:09:33,426 - INFO - root - x = 460, y = 434, Radius = 39.78554153442383
2021-08-17 14:09:33,426 - INFO - root - Decision Window: xRange = 448, 462,  yRange = 446, 419
2021-08-17 14:09:33,426 - INFO - root - Next Decision Window: xRange = 431, 447,  yRange = 451, 421
2021-08-17 14:09:33,426 - INFO - root - Distance = 0, direction = 2, Win# 34
2021-08-17 14:09:33,503 - DEBUG - bleak.backends.dotnet.client - Write Characteristic 6e400002-b5a3-f393-e0a9-e50e24dcca9e : bytearray(b'2,0')
2021-08-17 14:09:33,529 - INFO - root - x = 455, y = 437, Radius = 40.47848892211914
2021-08-17 14:09:33,529 - INFO - root - Decision Window: xRange = 448, 462,  yRange = 446, 419
2021-08-17 14:09:33,529 - INFO - root - Next Decision Window: xRange = 431, 447,  yRange = 451, 421
2021-08-17 14:09:33,529 - INFO - root - Distance = 16.0312195418814, direction = 2, Win# 34
2021-08-17 14:09:33,622 - DEBUG - bleak.backends.dotnet.client - Write Characteristic 6e400002-b5a3-f393-e0a9-e50e24dcca9e : bytearray(b'2,0')
2021-08-17 14:09:33,656 - INFO - root - x = 449, y = 437, Radius = 40.714622497558594
2021-08-17 14:09:33,656 - INFO - root - Decision Window: xRange = 448, 462,  yRange = 446, 419
2021-08-17 14:09:33,656 - INFO - root - Next Decision Window: xRange = 431, 447,  yRange = 451, 421
2021-08-17 14:09:33,656 - INFO - root - Distance = 10.04987562112089, direction = 2, Win# 34
2021-08-17 14:09:33,743 - DEBUG - bleak.backends.dotnet.client - Write Characteristic 6e400002-b5a3-f393-e0a9-e50e24dcca9e : bytearray(b'2,0')
2021-08-17 14:09:33,779 - INFO - root - x = 444, y = 436, Radius = 39.80278778076172
2021-08-17 14:09:33,779 - INFO - root - Decision Window: xRange = 431, 447,  yRange = 451, 421
2021-08-17 14:09:33,779 - INFO - root - Next Decision Window: xRange = 415, 430,  yRange = 452, 423
2021-08-17 14:09:33,779 - INFO - root - Distance = 0, direction = 2, Win# 35
2021-08-17 14:09:33,862 - DEBUG - bleak.backends.dotnet.client - Write Characteristic 6e400002-b5a3-f393-e0a9-e50e24dcca9e : bytearray(b'2,0')
2021-08-17 14:09:33,899 - INFO - root - x = 438, y = 436, Radius = 42.80196762084961
2021-08-17 14:09:33,899 - INFO - root - Decision Window: xRange = 431, 447,  yRange = 451, 421
2021-08-17 14:09:33,899 - INFO - root - Next Decision Window: xRange = 415, 430,  yRange = 452, 423
2021-08-17 14:09:33,899 - INFO - root - Distance = 16.0312195418814, direction = 2, Win# 35
2021-08-17 14:09:33,983 - DEBUG - bleak.backends.dotnet.client - Write Characteristic 6e400002-b5a3-f393-e0a9-e50e24dcca9e : bytearray(b'2,0')
2021-08-17 14:09:34,029 - INFO - root - x = 427, y = 437, Radius = 42.10116958618164
2021-08-17 14:09:34,029 - INFO - root - Decision Window: xRange = 415, 430,  yRange = 452, 423
2021-08-17 14:09:34,029 - INFO - root - Next Decision Window: xRange = 394, 414,  yRange = 450, 426
2021-08-17 14:09:34,030 - INFO - root - Distance = 0, direction = 2, Win# 36
2021-08-17 14:09:34,103 - DEBUG - bleak.backends.dotnet.client - Write Characteristic 6e400002-b5a3-f393-e0a9-e50e24dcca9e : bytearray(b'2,0')
2021-08-17 14:09:34,136 - INFO - root - x = 411, y = 434, Radius = 39.80378341674805
2021-08-17 14:09:34,136 - INFO - root - Decision Window: xRange = 394, 414,  yRange = 450, 426
2021-08-17 14:09:34,136 - INFO - root - Next Decision Window: xRange = 376, 393,  yRange = 455, 423
2021-08-17 14:09:34,137 - INFO - root - Distance = 0, direction = 2, Win# 37
2021-08-17 14:09:34,223 - DEBUG - bleak.backends.dotnet.client - Write Characteristic 6e400002-b5a3-f393-e0a9-e50e24dcca9e : bytearray(b'2,0')
2021-08-17 14:09:34,260 - INFO - root - x = 403, y = 433, Radius = 41.036285400390625
2021-08-17 14:09:34,260 - INFO - root - Decision Window: xRange = 394, 414,  yRange = 450, 426
2021-08-17 14:09:34,260 - INFO - root - Next Decision Window: xRange = 376, 393,  yRange = 455, 423
2021-08-17 14:09:34,260 - INFO - root - Distance = 19.924858845171276, direction = 2, Win# 37
2021-08-17 14:09:34,343 - DEBUG - bleak.backends.dotnet.client - Write Characteristic 6e400002-b5a3-f393-e0a9-e50e24dcca9e : bytearray(b'2,0')
2021-08-17 14:09:34,382 - INFO - root - x = 394, y = 437, Radius = 40.22446823120117
2021-08-17 14:09:34,382 - INFO - root - Decision Window: xRange = 376, 393,  yRange = 455, 423
2021-08-17 14:09:34,382 - INFO - root - Next Decision Window: xRange = 354, 374,  yRange = 446, 407
2021-08-17 14:09:34,382 - INFO - root - Distance = 0, direction = 2, Win# 38
2021-08-17 14:09:34,463 - DEBUG - bleak.backends.dotnet.client - Write Characteristic 6e400002-b5a3-f393-e0a9-e50e24dcca9e : bytearray(b'2,0')
2021-08-17 14:09:34,504 - INFO - root - x = 384, y = 438, Radius = 40.920753479003906
2021-08-17 14:09:34,505 - INFO - root - Decision Window: xRange = 376, 393,  yRange = 455, 423
2021-08-17 14:09:34,505 - INFO - root - Next Decision Window: xRange = 354, 374,  yRange = 446, 407
2021-08-17 14:09:34,505 - INFO - root - Distance = 23.323807579381203, direction = 2, Win# 38
2021-08-17 14:09:34,583 - DEBUG - bleak.backends.dotnet.client - Write Characteristic 6e400002-b5a3-f393-e0a9-e50e24dcca9e : bytearray(b'2,0')
2021-08-17 14:09:34,609 - INFO - root - x = 377, y = 441, Radius = 41.048851013183594
2021-08-17 14:09:34,609 - INFO - root - Decision Window: xRange = 376, 393,  yRange = 455, 423
2021-08-17 14:09:34,609 - INFO - root - Next Decision Window: xRange = 354, 374,  yRange = 446, 407
2021-08-17 14:09:34,609 - INFO - root - Distance = 19.849433241279208, direction = 1, Win# 38
2021-08-17 14:09:34,703 - DEBUG - bleak.backends.dotnet.client - Write Characteristic 6e400002-b5a3-f393-e0a9-e50e24dcca9e : bytearray(b'1,0')
2021-08-17 14:09:34,737 - INFO - root - x = 372, y = 439, Radius = 40.46232604980469
2021-08-17 14:09:34,738 - INFO - root - Decision Window: xRange = 354, 374,  yRange = 446, 407
2021-08-17 14:09:34,738 - INFO - root - Next Decision Window: xRange = 345, 353,  yRange = 444, 393
2021-08-17 14:09:34,738 - INFO - root - Distance = 0, direction = 1, Win# 39
2021-08-17 14:09:34,823 - DEBUG - bleak.backends.dotnet.client - Write Characteristic 6e400002-b5a3-f393-e0a9-e50e24dcca9e : bytearray(b'1,0')
2021-08-17 14:09:34,857 - INFO - root - x = 366, y = 442, Radius = 39.70211410522461
2021-08-17 14:09:34,857 - INFO - root - Decision Window: xRange = 354, 374,  yRange = 446, 407
2021-08-17 14:09:34,857 - INFO - root - Next Decision Window: xRange = 345, 353,  yRange = 444, 393
2021-08-17 14:09:34,857 - INFO - root - Distance = 29.410882339705484, direction = 1, Win# 39
2021-08-17 14:09:34,943 - DEBUG - bleak.backends.dotnet.client - Write Characteristic 6e400002-b5a3-f393-e0a9-e50e24dcca9e : bytearray(b'1,0')
2021-08-17 14:09:34,979 - INFO - root - x = 367, y = 442, Radius = 40.920753479003906
2021-08-17 14:09:34,979 - INFO - root - Decision Window: xRange = 354, 374,  yRange = 446, 407
2021-08-17 14:09:34,979 - INFO - root - Next Decision Window: xRange = 345, 353,  yRange = 444, 393
2021-08-17 14:09:34,979 - INFO - root - Distance = 30.0, direction = 1, Win# 39
2021-08-17 14:09:35,063 - DEBUG - bleak.backends.dotnet.client - Write Characteristic 6e400002-b5a3-f393-e0a9-e50e24dcca9e : bytearray(b'1,0')
2021-08-17 14:09:35,105 - INFO - root - x = 364, y = 439, Radius = 38.27541732788086
2021-08-17 14:09:35,105 - INFO - root - Decision Window: xRange = 354, 374,  yRange = 446, 407
2021-08-17 14:09:35,105 - INFO - root - Next Decision Window: xRange = 345, 353,  yRange = 444, 393
2021-08-17 14:09:35,105 - INFO - root - Distance = 25.80697580112788, direction = 1, Win# 39
2021-08-17 14:09:35,183 - DEBUG - bleak.backends.dotnet.client - Write Characteristic 6e400002-b5a3-f393-e0a9-e50e24dcca9e : bytearray(b'1,0')
2021-08-17 14:09:35,211 - INFO - root - x = 362, y = 436, Radius = 38.900611877441406
2021-08-17 14:09:35,211 - INFO - root - Decision Window: xRange = 354, 374,  yRange = 446, 407
2021-08-17 14:09:35,211 - INFO - root - Next Decision Window: xRange = 345, 353,  yRange = 444, 393
2021-08-17 14:09:35,211 - INFO - root - Distance = 22.20360331117452, direction = 1, Win# 39
2021-08-17 14:09:35,303 - DEBUG - bleak.backends.dotnet.client - Write Characteristic 6e400002-b5a3-f393-e0a9-e50e24dcca9e : bytearray(b'1,0')
2021-08-17 14:09:35,339 - INFO - root - x = 358, y = 432, Radius = 38.72134780883789
2021-08-17 14:09:35,339 - INFO - root - Decision Window: xRange = 354, 374,  yRange = 446, 407
2021-08-17 14:09:35,339 - INFO - root - Next Decision Window: xRange = 345, 353,  yRange = 444, 393
2021-08-17 14:09:35,339 - INFO - root - Distance = 16.64331697709324, direction = 1, Win# 39
2021-08-17 14:09:35,423 - DEBUG - bleak.backends.dotnet.client - Write Characteristic 6e400002-b5a3-f393-e0a9-e50e24dcca9e : bytearray(b'1,0')
2021-08-17 14:09:35,464 - INFO - root - x = 352, y = 429, Radius = 37.681888580322266
2021-08-17 14:09:35,464 - INFO - root - Decision Window: xRange = 345, 353,  yRange = 444, 393
2021-08-17 14:09:35,464 - INFO - root - Next Decision Window: xRange = 331, 344,  yRange = 420, 368
2021-08-17 14:09:35,464 - INFO - root - Distance = 0, direction = 1, Win# 40
2021-08-17 14:09:35,543 - DEBUG - bleak.backends.dotnet.client - Write Characteristic 6e400002-b5a3-f393-e0a9-e50e24dcca9e : bytearray(b'1,0')
2021-08-17 14:09:35,582 - INFO - root - x = 348, y = 428, Radius = 37.737571716308594
2021-08-17 14:09:35,582 - INFO - root - Decision Window: xRange = 345, 353,  yRange = 444, 393
2021-08-17 14:09:35,582 - INFO - root - Next Decision Window: xRange = 331, 344,  yRange = 420, 368
2021-08-17 14:09:35,582 - INFO - root - Distance = 0, direction = 1, Win# 40
2021-08-17 14:09:35,663 - DEBUG - bleak.backends.dotnet.client - Write Characteristic 6e400002-b5a3-f393-e0a9-e50e24dcca9e : bytearray(b'1,0')
2021-08-17 14:09:35,668 - DEBUG - bleak.backends.dotnet.client - Disconnecting from BLE device...
2021-08-17 14:09:38,782 - DEBUG - bleak.backends.dotnet.client - _ConnectionStatusChanged_Handler: 0
