2021-08-18 20:03:22,702 - INFO - root - 


2021-08-18 20:03:22,702 - INFO - root - PROGRAM BEGINS
2021-08-18 20:03:24,343 - INFO - root - Image: letter_S_Excel.xlsx
2021-08-18 20:03:25,223 - DEBUG - asyncio - Using proactor: IocpProactor
2021-08-18 20:03:25,466 - DEBUG - bleak.backends.dotnet.scanner - Received 3F:4D:6C:C6:F2:5D: Unknown.
2021-08-18 20:03:25,581 - DEBUG - bleak.backends.dotnet.scanner - Received 55:FC:92:9F:7A:78: Unknown.
2021-08-18 20:03:25,581 - DEBUG - bleak.backends.dotnet.scanner - Received 55:FC:92:9F:7A:78: Unknown.
2021-08-18 20:03:25,695 - DEBUG - bleak.backends.dotnet.scanner - Received 49:6C:59:17:1A:3F: Unknown.
2021-08-18 20:03:25,696 - DEBUG - bleak.backends.dotnet.scanner - Received 49:6C:59:17:1A:3F: Unknown.
2021-08-18 20:03:25,927 - DEBUG - bleak.backends.dotnet.scanner - Received 38:68:A4:0D:FE:EB: Unknown.
2021-08-18 20:03:26,758 - DEBUG - bleak.backends.dotnet.scanner - Received CC:D2:81:7A:31:C7: Unknown.
2021-08-18 20:03:26,759 - DEBUG - bleak.backends.dotnet.scanner - Received CC:D2:81:7A:31:C7: Unknown.
2021-08-18 20:03:27,002 - DEBUG - bleak.backends.dotnet.scanner - Received 38:68:A4:0D:FE:EB: Unknown.
2021-08-18 20:03:27,105 - DEBUG - bleak.backends.dotnet.scanner - Received 3F:4D:6C:C6:F2:5D: Unknown.
2021-08-18 20:03:27,122 - DEBUG - bleak.backends.dotnet.scanner - Received CC:D2:81:7A:31:C7: Unknown.
2021-08-18 20:03:27,123 - DEBUG - bleak.backends.dotnet.scanner - Received CC:D2:81:7A:31:C7: Unknown.
2021-08-18 20:03:27,235 - DEBUG - bleak.backends.dotnet.scanner - Received 55:FC:92:9F:7A:78: Unknown.
2021-08-18 20:03:27,235 - DEBUG - bleak.backends.dotnet.scanner - Received 55:FC:92:9F:7A:78: Unknown.
2021-08-18 20:03:27,347 - DEBUG - bleak.backends.dotnet.scanner - Received 49:6C:59:17:1A:3F: Unknown.
2021-08-18 20:03:27,347 - DEBUG - bleak.backends.dotnet.scanner - Received 49:6C:59:17:1A:3F: Unknown.
2021-08-18 20:03:27,457 - DEBUG - bleak.backends.dotnet.scanner - Received 38:68:A4:0D:FE:EB: Unknown.
2021-08-18 20:03:27,508 - DEBUG - bleak.backends.dotnet.scanner - Received 4F:F0:6E:A5:3B:44: Unknown.
2021-08-18 20:03:28,067 - DEBUG - bleak.backends.dotnet.scanner - Received 55:FC:92:9F:7A:78: Unknown.
2021-08-18 20:03:28,067 - DEBUG - bleak.backends.dotnet.scanner - Received 55:FC:92:9F:7A:78: Unknown.
2021-08-18 20:03:28,286 - DEBUG - bleak.backends.dotnet.scanner - Received 54:2D:AC:76:E6:66: Unknown.
2021-08-18 20:03:28,407 - DEBUG - bleak.backends.dotnet.scanner - Received CC:D2:81:7A:31:C7: Unknown.
2021-08-18 20:03:28,407 - DEBUG - bleak.backends.dotnet.scanner - Received CC:D2:81:7A:31:C7: Unknown.
2021-08-18 20:03:28,798 - DEBUG - bleak.backends.dotnet.scanner - Received 54:2D:AC:76:E6:66: Unknown.
2021-08-18 20:03:28,895 - DEBUG - bleak.backends.dotnet.scanner - Received 55:FC:92:9F:7A:78: Unknown.
2021-08-18 20:03:28,896 - DEBUG - bleak.backends.dotnet.scanner - Received 55:FC:92:9F:7A:78: Unknown.
2021-08-18 20:03:28,998 - DEBUG - bleak.backends.dotnet.scanner - Received 38:68:A4:0D:FE:EB: Unknown.
2021-08-18 20:03:29,121 - DEBUG - bleak.backends.dotnet.scanner - Received 3F:4D:6C:C6:F2:5D: Unknown.
2021-08-18 20:03:29,246 - DEBUG - bleak.backends.dotnet.scanner - Received F8:04:2E:E7:0F:DB: Unknown.
2021-08-18 20:03:29,466 - DEBUG - bleak.backends.dotnet.scanner - Received 38:68:A4:0D:FE:EB: Unknown.
2021-08-18 20:03:29,822 - DEBUG - bleak.backends.dotnet.scanner - Received 60:36:DE:3B:70:4E: Unknown.
2021-08-18 20:03:29,823 - DEBUG - bleak.backends.dotnet.scanner - Received 60:36:DE:3B:70:4E: Unknown.
2021-08-18 20:03:29,937 - DEBUG - bleak.backends.dotnet.scanner - Received 38:68:A4:0D:FE:EB: Unknown.
2021-08-18 20:03:30,193 - DEBUG - bleak.backends.dotnet.scanner - Received 7C:9E:BD:EE:7A:82: Haptic Sleeve ML.
2021-08-18 20:03:30,194 - DEBUG - bleak.backends.dotnet.scanner - Received 7C:9E:BD:EE:7A:82: Unknown.
2021-08-18 20:03:30,194 - DEBUG - bleak.backends.dotnet.scanner - 10 devices found. Watcher status: 3.
2021-08-18 20:03:30,194 - DEBUG - bleak.backends.dotnet.client - Connecting to BLE device @ 7c:9e:bd:ee:7a:82
2021-08-18 20:03:36,754 - DEBUG - bleak.backends.dotnet.client - _ConnectionStatusChanged_Handler: 1
2021-08-18 20:03:36,755 - DEBUG - bleak.backends.dotnet.client - Get Services...
2021-08-18 20:03:36,812 - INFO - bleak.backends.dotnet.client - Services resolved for BleakClientDotNet (7c:9e:bd:ee:7a:82)
2021-08-18 20:03:41,691 - INFO - root - x = 493, y = 121, Radius = 48.43820571899414
2021-08-18 20:03:41,691 - INFO - root - Decision Window: xRange = 489, 502,  yRange = 129, 89
2021-08-18 20:03:41,691 - INFO - root - Next Decision Window: xRange = 477, 488,  yRange = 118, 82
2021-08-18 20:03:41,691 - INFO - root - Distance = 23.706539182259394, direction = 1, Win# 0
2021-08-18 20:03:41,875 - DEBUG - bleak.backends.dotnet.client - Write Characteristic 6e400002-b5a3-f393-e0a9-e50e24dcca9e : bytearray(b'1,0')
2021-08-18 20:03:41,907 - INFO - root - x = 493, y = 118, Radius = 48.87238311767578
2021-08-18 20:03:41,907 - INFO - root - Decision Window: xRange = 489, 502,  yRange = 129, 89
2021-08-18 20:03:41,907 - INFO - root - Next Decision Window: xRange = 477, 488,  yRange = 118, 82
2021-08-18 20:03:41,907 - INFO - root - Distance = 21.095023109728988, direction = 1, Win# 0
2021-08-18 20:03:41,994 - DEBUG - bleak.backends.dotnet.client - Write Characteristic 6e400002-b5a3-f393-e0a9-e50e24dcca9e : bytearray(b'1,0')
2021-08-18 20:03:42,031 - INFO - root - x = 487, y = 116, Radius = 50.262413024902344
2021-08-18 20:03:42,031 - INFO - root - Decision Window: xRange = 477, 488,  yRange = 118, 82
2021-08-18 20:03:42,031 - INFO - root - Next Decision Window: xRange = 466, 476,  yRange = 115, 80
2021-08-18 20:03:42,031 - INFO - root - Distance = 0, direction = 1, Win# 1
2021-08-18 20:03:42,114 - DEBUG - bleak.backends.dotnet.client - Write Characteristic 6e400002-b5a3-f393-e0a9-e50e24dcca9e : bytearray(b'1,0')
2021-08-18 20:03:42,152 - INFO - root - x = 487, y = 118, Radius = 52.586727142333984
2021-08-18 20:03:42,153 - INFO - root - Decision Window: xRange = 477, 488,  yRange = 118, 82
2021-08-18 20:03:42,153 - INFO - root - Next Decision Window: xRange = 466, 476,  yRange = 115, 80
2021-08-18 20:03:42,153 - INFO - root - Distance = 26.40075756488817, direction = 1, Win# 1
2021-08-18 20:03:42,235 - DEBUG - bleak.backends.dotnet.client - Write Characteristic 6e400002-b5a3-f393-e0a9-e50e24dcca9e : bytearray(b'1,0')
2021-08-18 20:03:42,273 - INFO - root - x = 487, y = 117, Radius = 54.73723220825195
2021-08-18 20:03:42,273 - INFO - root - Decision Window: xRange = 477, 488,  yRange = 118, 82
2021-08-18 20:03:42,273 - INFO - root - Next Decision Window: xRange = 466, 476,  yRange = 115, 80
2021-08-18 20:03:42,273 - INFO - root - Distance = 25.612496949731394, direction = 1, Win# 1
2021-08-18 20:03:42,355 - DEBUG - bleak.backends.dotnet.client - Write Characteristic 6e400002-b5a3-f393-e0a9-e50e24dcca9e : bytearray(b'1,0')
2021-08-18 20:03:42,382 - INFO - root - x = 486, y = 113, Radius = 59.221153259277344
2021-08-18 20:03:42,382 - INFO - root - Decision Window: xRange = 477, 488,  yRange = 118, 82
2021-08-18 20:03:42,382 - INFO - root - Next Decision Window: xRange = 466, 476,  yRange = 115, 80
2021-08-18 20:03:42,382 - INFO - root - Distance = 21.93171219946131, direction = 1, Win# 1
2021-08-18 20:03:42,474 - DEBUG - bleak.backends.dotnet.client - Write Characteristic 6e400002-b5a3-f393-e0a9-e50e24dcca9e : bytearray(b'1,0')
2021-08-18 20:03:42,507 - INFO - root - x = 481, y = 108, Radius = 48.75714874267578
2021-08-18 20:03:42,507 - INFO - root - Decision Window: xRange = 477, 488,  yRange = 118, 82
2021-08-18 20:03:42,507 - INFO - root - Next Decision Window: xRange = 466, 476,  yRange = 115, 80
2021-08-18 20:03:42,507 - INFO - root - Distance = 14.866068747318506, direction = 1, Win# 1
2021-08-18 20:03:42,594 - DEBUG - bleak.backends.dotnet.client - Write Characteristic 6e400002-b5a3-f393-e0a9-e50e24dcca9e : bytearray(b'1,0')
2021-08-18 20:03:42,627 - INFO - root - x = 482, y = 108, Radius = 47.56321334838867
2021-08-18 20:03:42,627 - INFO - root - Decision Window: xRange = 477, 488,  yRange = 118, 82
2021-08-18 20:03:42,627 - INFO - root - Next Decision Window: xRange = 466, 476,  yRange = 115, 80
2021-08-18 20:03:42,627 - INFO - root - Distance = 15.556349186104045, direction = 1, Win# 1
2021-08-18 20:03:42,715 - DEBUG - bleak.backends.dotnet.client - Write Characteristic 6e400002-b5a3-f393-e0a9-e50e24dcca9e : bytearray(b'1,0')
2021-08-18 20:03:42,756 - INFO - root - x = 484, y = 112, Radius = 56.302852630615234
2021-08-18 20:03:42,757 - INFO - root - Decision Window: xRange = 477, 488,  yRange = 118, 82
2021-08-18 20:03:42,757 - INFO - root - Next Decision Window: xRange = 466, 476,  yRange = 115, 80
2021-08-18 20:03:42,757 - INFO - root - Distance = 19.849433241279208, direction = 1, Win# 1
2021-08-18 20:03:42,834 - DEBUG - bleak.backends.dotnet.client - Write Characteristic 6e400002-b5a3-f393-e0a9-e50e24dcca9e : bytearray(b'1,0')
2021-08-18 20:03:42,875 - INFO - root - x = 480, y = 112, Radius = 58.03887939453125
2021-08-18 20:03:42,875 - INFO - root - Decision Window: xRange = 477, 488,  yRange = 118, 82
2021-08-18 20:03:42,875 - INFO - root - Next Decision Window: xRange = 466, 476,  yRange = 115, 80
2021-08-18 20:03:42,875 - INFO - root - Distance = 17.4928556845359, direction = 1, Win# 1
2021-08-18 20:03:42,955 - DEBUG - bleak.backends.dotnet.client - Write Characteristic 6e400002-b5a3-f393-e0a9-e50e24dcca9e : bytearray(b'1,0')
2021-08-18 20:03:42,990 - INFO - root - x = 477, y = 113, Radius = 58.54478073120117
2021-08-18 20:03:42,990 - INFO - root - Decision Window: xRange = 466, 476,  yRange = 115, 80
2021-08-18 20:03:42,990 - INFO - root - Next Decision Window: xRange = 458, 465,  yRange = 98, 78
2021-08-18 20:03:42,990 - INFO - root - Distance = 0, direction = 1, Win# 2
2021-08-18 20:03:43,074 - DEBUG - bleak.backends.dotnet.client - Write Characteristic 6e400002-b5a3-f393-e0a9-e50e24dcca9e : bytearray(b'1,0')
2021-08-18 20:03:43,109 - INFO - root - x = 477, y = 113, Radius = 54.42848205566406
2021-08-18 20:03:43,109 - INFO - root - Decision Window: xRange = 466, 476,  yRange = 115, 80
2021-08-18 20:03:43,109 - INFO - root - Next Decision Window: xRange = 458, 465,  yRange = 98, 78
2021-08-18 20:03:43,109 - INFO - root - Distance = 29.68164415931166, direction = 1, Win# 2
2021-08-18 20:03:43,195 - DEBUG - bleak.backends.dotnet.client - Write Characteristic 6e400002-b5a3-f393-e0a9-e50e24dcca9e : bytearray(b'1,0')
2021-08-18 20:03:43,231 - INFO - root - x = 477, y = 115, Radius = 61.73466873168945
2021-08-18 20:03:43,231 - INFO - root - Decision Window: xRange = 466, 476,  yRange = 115, 80
2021-08-18 20:03:43,231 - INFO - root - Next Decision Window: xRange = 458, 465,  yRange = 98, 78
2021-08-18 20:03:43,231 - INFO - root - Distance = 31.38470965295043, direction = 1, Win# 2
2021-08-18 20:03:43,314 - DEBUG - bleak.backends.dotnet.client - Write Characteristic 6e400002-b5a3-f393-e0a9-e50e24dcca9e : bytearray(b'1,0')
2021-08-18 20:03:43,357 - INFO - root - x = 473, y = 115, Radius = 53.675559997558594
2021-08-18 20:03:43,358 - INFO - root - Decision Window: xRange = 466, 476,  yRange = 115, 80
2021-08-18 20:03:43,358 - INFO - root - Next Decision Window: xRange = 458, 465,  yRange = 98, 78
2021-08-18 20:03:43,358 - INFO - root - Distance = 29.546573405388315, direction = 1, Win# 2
2021-08-18 20:03:43,434 - DEBUG - bleak.backends.dotnet.client - Write Characteristic 6e400002-b5a3-f393-e0a9-e50e24dcca9e : bytearray(b'1,0')
2021-08-18 20:03:43,463 - INFO - root - x = 472, y = 116, Radius = 53.234737396240234
2021-08-18 20:03:43,464 - INFO - root - Decision Window: xRange = 466, 476,  yRange = 115, 80
2021-08-18 20:03:43,464 - INFO - root - Next Decision Window: xRange = 458, 465,  yRange = 98, 78
2021-08-18 20:03:43,464 - INFO - root - Distance = 30.083217912982647, direction = 1, Win# 2
2021-08-18 20:03:43,554 - DEBUG - bleak.backends.dotnet.client - Write Characteristic 6e400002-b5a3-f393-e0a9-e50e24dcca9e : bytearray(b'1,0')
2021-08-18 20:03:43,593 - INFO - root - x = 472, y = 120, Radius = 63.23589324951172
2021-08-18 20:03:43,593 - INFO - root - Decision Window: xRange = 466, 476,  yRange = 115, 80
2021-08-18 20:03:43,593 - INFO - root - Next Decision Window: xRange = 458, 465,  yRange = 98, 78
2021-08-18 20:03:43,593 - INFO - root - Distance = 33.83784863137726, direction = 1, Win# 2
2021-08-18 20:03:43,734 - DEBUG - bleak.backends.dotnet.client - Write Characteristic 6e400002-b5a3-f393-e0a9-e50e24dcca9e : bytearray(b'1,0')
2021-08-18 20:03:43,774 - INFO - root - x = 471, y = 127, Radius = 54.8398323059082
2021-08-18 20:03:43,774 - INFO - root - Decision Window: xRange = 466, 476,  yRange = 115, 80
2021-08-18 20:03:43,775 - INFO - root - Next Decision Window: xRange = 458, 465,  yRange = 98, 78
2021-08-18 20:03:43,775 - INFO - root - Distance = 40.26164427839479, direction = 1, Win# 2
2021-08-18 20:03:43,854 - DEBUG - bleak.backends.dotnet.client - Write Characteristic 6e400002-b5a3-f393-e0a9-e50e24dcca9e : bytearray(b'1,0')
2021-08-18 20:03:43,881 - INFO - root - x = 471, y = 138, Radius = 63.612205505371094
2021-08-18 20:03:43,881 - INFO - root - Decision Window: xRange = 466, 476,  yRange = 115, 80
2021-08-18 20:03:43,882 - INFO - root - Next Decision Window: xRange = 458, 465,  yRange = 98, 78
2021-08-18 20:03:43,882 - INFO - root - Distance = 50.99019513592785, direction = 1, Win# 2
2021-08-18 20:03:43,974 - DEBUG - bleak.backends.dotnet.client - Write Characteristic 6e400002-b5a3-f393-e0a9-e50e24dcca9e : bytearray(b'1,1')
2021-08-18 20:03:44,007 - INFO - root - x = 470, y = 141, Radius = 62.625972747802734
2021-08-18 20:03:44,008 - INFO - root - Decision Window: xRange = 466, 476,  yRange = 115, 80
2021-08-18 20:03:44,008 - INFO - root - Next Decision Window: xRange = 458, 465,  yRange = 98, 78
2021-08-18 20:03:44,008 - INFO - root - Distance = 53.75872022286245, direction = 1, Win# 2
2021-08-18 20:03:44,094 - DEBUG - bleak.backends.dotnet.client - Write Characteristic 6e400002-b5a3-f393-e0a9-e50e24dcca9e : bytearray(b'1,1')
2021-08-18 20:03:44,128 - INFO - root - x = 473, y = 153, Radius = 80.05632781982422
2021-08-18 20:03:44,129 - INFO - root - Decision Window: xRange = 466, 476,  yRange = 115, 80
2021-08-18 20:03:44,129 - INFO - root - Next Decision Window: xRange = 458, 465,  yRange = 98, 78
2021-08-18 20:03:44,129 - INFO - root - Distance = 66.09841147864296, direction = 1, Win# 2
2021-08-18 20:03:44,215 - DEBUG - bleak.backends.dotnet.client - Write Characteristic 6e400002-b5a3-f393-e0a9-e50e24dcca9e : bytearray(b'1,1')
2021-08-18 20:03:44,254 - INFO - root - x = 476, y = 161, Radius = 76.23165130615234
2021-08-18 20:03:44,255 - INFO - root - Decision Window: xRange = 466, 476,  yRange = 115, 80
2021-08-18 20:03:44,255 - INFO - root - Next Decision Window: xRange = 458, 465,  yRange = 98, 78
2021-08-18 20:03:44,255 - INFO - root - Distance = 74.52516353554684, direction = 1, Win# 2
2021-08-18 20:03:44,334 - DEBUG - bleak.backends.dotnet.client - Write Characteristic 6e400002-b5a3-f393-e0a9-e50e24dcca9e : bytearray(b'1,1')
2021-08-18 20:03:44,375 - INFO - root - x = 477, y = 168, Radius = 73.56979370117188
2021-08-18 20:03:44,375 - INFO - root - Decision Window: xRange = 466, 476,  yRange = 115, 80
2021-08-18 20:03:44,375 - INFO - root - Next Decision Window: xRange = 458, 465,  yRange = 98, 78
2021-08-18 20:03:44,375 - INFO - root - Distance = 81.58431221748455, direction = 1, Win# 2
2021-08-18 20:03:44,454 - DEBUG - bleak.backends.dotnet.client - Write Characteristic 6e400002-b5a3-f393-e0a9-e50e24dcca9e : bytearray(b'1,1')
2021-08-18 20:03:44,481 - INFO - root - x = 470, y = 160, Radius = 51.29581069946289
2021-08-18 20:03:44,481 - INFO - root - Decision Window: xRange = 466, 476,  yRange = 115, 80
2021-08-18 20:03:44,481 - INFO - root - Next Decision Window: xRange = 458, 465,  yRange = 98, 78
2021-08-18 20:03:44,481 - INFO - root - Distance = 72.56031973468694, direction = 1, Win# 2
2021-08-18 20:03:44,574 - DEBUG - bleak.backends.dotnet.client - Write Characteristic 6e400002-b5a3-f393-e0a9-e50e24dcca9e : bytearray(b'1,1')
2021-08-18 20:03:44,608 - INFO - root - x = 477, y = 176, Radius = 70.84676361083984
2021-08-18 20:03:44,608 - INFO - root - Decision Window: xRange = 466, 476,  yRange = 115, 80
2021-08-18 20:03:44,608 - INFO - root - Next Decision Window: xRange = 458, 465,  yRange = 98, 78
2021-08-18 20:03:44,608 - INFO - root - Distance = 89.44271909999159, direction = 1, Win# 2
2021-08-18 20:03:44,694 - DEBUG - bleak.backends.dotnet.client - Write Characteristic 6e400002-b5a3-f393-e0a9-e50e24dcca9e : bytearray(b'1,1')
2021-08-18 20:03:44,729 - INFO - root - x = 476, y = 182, Radius = 67.54267883300781
2021-08-18 20:03:44,730 - INFO - root - Decision Window: xRange = 466, 476,  yRange = 115, 80
2021-08-18 20:03:44,730 - INFO - root - Next Decision Window: xRange = 458, 465,  yRange = 98, 78
2021-08-18 20:03:44,730 - INFO - root - Distance = 95.1892851112981, direction = 1, Win# 2
2021-08-18 20:03:44,814 - DEBUG - bleak.backends.dotnet.client - Write Characteristic 6e400002-b5a3-f393-e0a9-e50e24dcca9e : bytearray(b'1,1')
2021-08-18 20:03:44,857 - INFO - root - x = 479, y = 195, Radius = 74.46505737304688
2021-08-18 20:03:44,857 - INFO - root - Decision Window: xRange = 466, 476,  yRange = 115, 80
2021-08-18 20:03:44,857 - INFO - root - Next Decision Window: xRange = 458, 465,  yRange = 98, 78
2021-08-18 20:03:44,857 - INFO - root - Distance = 108.50345616615168, direction = 1, Win# 2
2021-08-18 20:03:44,935 - DEBUG - bleak.backends.dotnet.client - Write Characteristic 6e400002-b5a3-f393-e0a9-e50e24dcca9e : bytearray(b'1,2')
2021-08-18 20:03:44,975 - INFO - root - x = 483, y = 201, Radius = 78.86161041259766
2021-08-18 20:03:44,975 - INFO - root - Decision Window: xRange = 466, 476,  yRange = 115, 80
2021-08-18 20:03:44,975 - INFO - root - Next Decision Window: xRange = 458, 465,  yRange = 98, 78
2021-08-18 20:03:44,975 - INFO - root - Distance = 115.12167476196652, direction = 1, Win# 2
2021-08-18 20:03:45,054 - DEBUG - bleak.backends.dotnet.client - Write Characteristic 6e400002-b5a3-f393-e0a9-e50e24dcca9e : bytearray(b'1,2')
2021-08-18 20:03:45,084 - INFO - root - x = 486, y = 201, Radius = 82.12348175048828
2021-08-18 20:03:45,085 - INFO - root - Decision Window: xRange = 466, 476,  yRange = 115, 80
2021-08-18 20:03:45,085 - INFO - root - Next Decision Window: xRange = 458, 465,  yRange = 98, 78
2021-08-18 20:03:45,085 - INFO - root - Distance = 115.73245007343446, direction = 1, Win# 2
2021-08-18 20:03:45,174 - DEBUG - bleak.backends.dotnet.client - Write Characteristic 6e400002-b5a3-f393-e0a9-e50e24dcca9e : bytearray(b'1,2')
2021-08-18 20:03:45,208 - INFO - root - x = 485, y = 197, Radius = 74.92839813232422
2021-08-18 20:03:45,208 - INFO - root - Decision Window: xRange = 466, 476,  yRange = 115, 80
2021-08-18 20:03:45,208 - INFO - root - Next Decision Window: xRange = 458, 465,  yRange = 98, 78
2021-08-18 20:03:45,208 - INFO - root - Distance = 111.61093136427094, direction = 1, Win# 2
2021-08-18 20:03:45,294 - DEBUG - bleak.backends.dotnet.client - Write Characteristic 6e400002-b5a3-f393-e0a9-e50e24dcca9e : bytearray(b'1,2')
2021-08-18 20:03:45,331 - INFO - root - x = 486, y = 196, Radius = 67.13056945800781
2021-08-18 20:03:45,331 - INFO - root - Decision Window: xRange = 466, 476,  yRange = 115, 80
2021-08-18 20:03:45,331 - INFO - root - Next Decision Window: xRange = 458, 465,  yRange = 98, 78
2021-08-18 20:03:45,331 - INFO - root - Distance = 110.85576214162258, direction = 1, Win# 2
2021-08-18 20:03:45,414 - DEBUG - bleak.backends.dotnet.client - Write Characteristic 6e400002-b5a3-f393-e0a9-e50e24dcca9e : bytearray(b'1,2')
2021-08-18 20:03:45,460 - INFO - root - x = 484, y = 194, Radius = 63.72803497314453
2021-08-18 20:03:45,460 - INFO - root - Decision Window: xRange = 466, 476,  yRange = 115, 80
2021-08-18 20:03:45,460 - INFO - root - Next Decision Window: xRange = 458, 465,  yRange = 98, 78
2021-08-18 20:03:45,460 - INFO - root - Distance = 108.4665847162157, direction = 1, Win# 2
2021-08-18 20:03:45,534 - DEBUG - bleak.backends.dotnet.client - Write Characteristic 6e400002-b5a3-f393-e0a9-e50e24dcca9e : bytearray(b'1,2')
2021-08-18 20:03:45,561 - INFO - root - x = 484, y = 196, Radius = 61.26387405395508
2021-08-18 20:03:45,561 - INFO - root - Decision Window: xRange = 466, 476,  yRange = 115, 80
2021-08-18 20:03:45,562 - INFO - root - Next Decision Window: xRange = 458, 465,  yRange = 98, 78
2021-08-18 20:03:45,562 - INFO - root - Distance = 110.42191811411355, direction = 1, Win# 2
2021-08-18 20:03:45,654 - DEBUG - bleak.backends.dotnet.client - Write Characteristic 6e400002-b5a3-f393-e0a9-e50e24dcca9e : bytearray(b'1,2')
2021-08-18 20:03:45,688 - INFO - root - x = 484, y = 195, Radius = 62.53378677368164
2021-08-18 20:03:45,689 - INFO - root - Decision Window: xRange = 466, 476,  yRange = 115, 80
2021-08-18 20:03:45,689 - INFO - root - Next Decision Window: xRange = 458, 465,  yRange = 98, 78
2021-08-18 20:03:45,689 - INFO - root - Distance = 109.4440496326776, direction = 1, Win# 2
2021-08-18 20:03:45,774 - DEBUG - bleak.backends.dotnet.client - Write Characteristic 6e400002-b5a3-f393-e0a9-e50e24dcca9e : bytearray(b'1,2')
2021-08-18 20:03:45,808 - INFO - root - x = 484, y = 193, Radius = 58.872825622558594
2021-08-18 20:03:45,809 - INFO - root - Decision Window: xRange = 466, 476,  yRange = 115, 80
2021-08-18 20:03:45,809 - INFO - root - Next Decision Window: xRange = 458, 465,  yRange = 98, 78
2021-08-18 20:03:45,809 - INFO - root - Distance = 107.48953437428223, direction = 1, Win# 2
2021-08-18 20:03:45,894 - DEBUG - bleak.backends.dotnet.client - Write Characteristic 6e400002-b5a3-f393-e0a9-e50e24dcca9e : bytearray(b'1,2')
2021-08-18 20:03:45,932 - INFO - root - x = 486, y = 197, Radius = 68.7841796875
2021-08-18 20:03:45,932 - INFO - root - Decision Window: xRange = 466, 476,  yRange = 115, 80
2021-08-18 20:03:45,932 - INFO - root - Next Decision Window: xRange = 458, 465,  yRange = 98, 78
2021-08-18 20:03:45,932 - INFO - root - Distance = 111.83022847155415, direction = 1, Win# 2
2021-08-18 20:03:46,014 - DEBUG - bleak.backends.dotnet.client - Write Characteristic 6e400002-b5a3-f393-e0a9-e50e24dcca9e : bytearray(b'1,2')
2021-08-18 20:03:46,060 - INFO - root - x = 491, y = 203, Radius = 89.05064392089844
2021-08-18 20:03:46,060 - INFO - root - Decision Window: xRange = 466, 476,  yRange = 115, 80
2021-08-18 20:03:46,060 - INFO - root - Next Decision Window: xRange = 458, 465,  yRange = 98, 78
2021-08-18 20:03:46,060 - INFO - root - Distance = 118.84864324004712, direction = 1, Win# 2
2021-08-18 20:03:46,134 - DEBUG - bleak.backends.dotnet.client - Write Characteristic 6e400002-b5a3-f393-e0a9-e50e24dcca9e : bytearray(b'1,2')
2021-08-18 20:03:46,165 - INFO - root - x = 491, y = 201, Radius = 85.86627197265625
2021-08-18 20:03:46,165 - INFO - root - Decision Window: xRange = 466, 476,  yRange = 115, 80
2021-08-18 20:03:46,165 - INFO - root - Next Decision Window: xRange = 458, 465,  yRange = 98, 78
2021-08-18 20:03:46,165 - INFO - root - Distance = 116.91449867317569, direction = 1, Win# 2
2021-08-18 20:03:46,254 - DEBUG - bleak.backends.dotnet.client - Write Characteristic 6e400002-b5a3-f393-e0a9-e50e24dcca9e : bytearray(b'1,2')
2021-08-18 20:03:46,290 - INFO - root - x = 488, y = 196, Radius = 68.52928924560547
2021-08-18 20:03:46,291 - INFO - root - Decision Window: xRange = 466, 476,  yRange = 115, 80
2021-08-18 20:03:46,291 - INFO - root - Next Decision Window: xRange = 458, 465,  yRange = 98, 78
2021-08-18 20:03:46,291 - INFO - root - Distance = 111.32385189167684, direction = 1, Win# 2
2021-08-18 20:03:46,375 - DEBUG - bleak.backends.dotnet.client - Write Characteristic 6e400002-b5a3-f393-e0a9-e50e24dcca9e : bytearray(b'1,2')
2021-08-18 20:03:46,409 - INFO - root - x = 488, y = 198, Radius = 74.38591766357422
2021-08-18 20:03:46,409 - INFO - root - Decision Window: xRange = 466, 476,  yRange = 115, 80
2021-08-18 20:03:46,410 - INFO - root - Next Decision Window: xRange = 458, 465,  yRange = 98, 78
2021-08-18 20:03:46,410 - INFO - root - Distance = 113.26517558367179, direction = 1, Win# 2
2021-08-18 20:03:46,494 - DEBUG - bleak.backends.dotnet.client - Write Characteristic 6e400002-b5a3-f393-e0a9-e50e24dcca9e : bytearray(b'1,2')
2021-08-18 20:03:46,532 - INFO - root - x = 497, y = 205, Radius = 87.71127319335938
2021-08-18 20:03:46,532 - INFO - root - Decision Window: xRange = 466, 476,  yRange = 115, 80
2021-08-18 20:03:46,532 - INFO - root - Next Decision Window: xRange = 458, 465,  yRange = 98, 78
2021-08-18 20:03:46,532 - INFO - root - Distance = 122.41323457861898, direction = 1, Win# 2
2021-08-18 20:03:46,614 - DEBUG - bleak.backends.dotnet.client - Write Characteristic 6e400002-b5a3-f393-e0a9-e50e24dcca9e : bytearray(b'1,2')
2021-08-18 20:03:46,642 - INFO - root - x = 490, y = 197, Radius = 72.62413024902344
2021-08-18 20:03:46,642 - INFO - root - Decision Window: xRange = 466, 476,  yRange = 115, 80
2021-08-18 20:03:46,642 - INFO - root - Next Decision Window: xRange = 458, 465,  yRange = 98, 78
2021-08-18 20:03:46,642 - INFO - root - Distance = 112.79184367674819, direction = 1, Win# 2
2021-08-18 20:03:46,735 - DEBUG - bleak.backends.dotnet.client - Write Characteristic 6e400002-b5a3-f393-e0a9-e50e24dcca9e : bytearray(b'1,2')
2021-08-18 20:03:46,765 - INFO - root - x = 484, y = 197, Radius = 63.32466125488281
2021-08-18 20:03:46,765 - INFO - root - Decision Window: xRange = 466, 476,  yRange = 115, 80
2021-08-18 20:03:46,765 - INFO - root - Next Decision Window: xRange = 458, 465,  yRange = 98, 78
2021-08-18 20:03:46,765 - INFO - root - Distance = 111.40017953306898, direction = 1, Win# 2
2021-08-18 20:03:46,855 - DEBUG - bleak.backends.dotnet.client - Write Characteristic 6e400002-b5a3-f393-e0a9-e50e24dcca9e : bytearray(b'1,2')
2021-08-18 20:03:46,890 - INFO - root - x = 487, y = 209, Radius = 84.37114715576172
2021-08-18 20:03:46,891 - INFO - root - Decision Window: xRange = 466, 476,  yRange = 115, 80
2021-08-18 20:03:46,891 - INFO - root - Next Decision Window: xRange = 458, 465,  yRange = 98, 78
2021-08-18 20:03:46,891 - INFO - root - Distance = 123.76186811776881, direction = 1, Win# 2
2021-08-18 20:03:46,974 - DEBUG - bleak.backends.dotnet.client - Write Characteristic 6e400002-b5a3-f393-e0a9-e50e24dcca9e : bytearray(b'1,2')
2021-08-18 20:03:47,011 - INFO - root - x = 477, y = 212, Radius = 78.53990173339844
2021-08-18 20:03:47,012 - INFO - root - Decision Window: xRange = 466, 476,  yRange = 115, 80
2021-08-18 20:03:47,012 - INFO - root - Next Decision Window: xRange = 458, 465,  yRange = 98, 78
2021-08-18 20:03:47,012 - INFO - root - Distance = 125.02799686470227, direction = 1, Win# 2
2021-08-18 20:03:47,095 - DEBUG - bleak.backends.dotnet.client - Write Characteristic 6e400002-b5a3-f393-e0a9-e50e24dcca9e : bytearray(b'1,2')
2021-08-18 20:03:47,135 - INFO - root - x = 471, y = 218, Radius = 76.92505645751953
2021-08-18 20:03:47,135 - INFO - root - Decision Window: xRange = 466, 476,  yRange = 115, 80
2021-08-18 20:03:47,135 - INFO - root - Next Decision Window: xRange = 458, 465,  yRange = 98, 78
2021-08-18 20:03:47,135 - INFO - root - Distance = 130.38404810405297, direction = 1, Win# 2
2021-08-18 20:03:47,214 - DEBUG - bleak.backends.dotnet.client - Write Characteristic 6e400002-b5a3-f393-e0a9-e50e24dcca9e : bytearray(b'1,2')
2021-08-18 20:03:47,242 - INFO - root - x = 475, y = 216, Radius = 88.11650085449219
2021-08-18 20:03:47,242 - INFO - root - Decision Window: xRange = 466, 476,  yRange = 115, 80
2021-08-18 20:03:47,242 - INFO - root - Next Decision Window: xRange = 458, 465,  yRange = 98, 78
2021-08-18 20:03:47,242 - INFO - root - Distance = 128.76334882255898, direction = 1, Win# 2
2021-08-18 20:03:47,334 - DEBUG - bleak.backends.dotnet.client - Write Characteristic 6e400002-b5a3-f393-e0a9-e50e24dcca9e : bytearray(b'1,2')
2021-08-18 20:03:47,365 - INFO - root - x = 475, y = 213, Radius = 77.87821197509766
2021-08-18 20:03:47,365 - INFO - root - Decision Window: xRange = 466, 476,  yRange = 115, 80
2021-08-18 20:03:47,366 - INFO - root - Next Decision Window: xRange = 458, 465,  yRange = 98, 78
2021-08-18 20:03:47,366 - INFO - root - Distance = 125.78155667664477, direction = 1, Win# 2
2021-08-18 20:03:47,455 - DEBUG - bleak.backends.dotnet.client - Write Characteristic 6e400002-b5a3-f393-e0a9-e50e24dcca9e : bytearray(b'1,2')
2021-08-18 20:03:47,494 - INFO - root - x = 473, y = 219, Radius = 91.9198989868164
2021-08-18 20:03:47,495 - INFO - root - Decision Window: xRange = 466, 476,  yRange = 115, 80
2021-08-18 20:03:47,495 - INFO - root - Next Decision Window: xRange = 458, 465,  yRange = 98, 78
2021-08-18 20:03:47,495 - INFO - root - Distance = 131.54847015454038, direction = 1, Win# 2
2021-08-18 20:03:47,574 - DEBUG - bleak.backends.dotnet.client - Write Characteristic 6e400002-b5a3-f393-e0a9-e50e24dcca9e : bytearray(b'1,2')
2021-08-18 20:03:47,614 - INFO - root - x = 470, y = 223, Radius = 95.944091796875
2021-08-18 20:03:47,614 - INFO - root - Decision Window: xRange = 466, 476,  yRange = 115, 80
2021-08-18 20:03:47,614 - INFO - root - Next Decision Window: xRange = 458, 465,  yRange = 98, 78
2021-08-18 20:03:47,614 - INFO - root - Distance = 135.29966740535616, direction = 1, Win# 2
2021-08-18 20:03:47,694 - DEBUG - bleak.backends.dotnet.client - Write Characteristic 6e400002-b5a3-f393-e0a9-e50e24dcca9e : bytearray(b'1,2')
2021-08-18 20:03:47,726 - INFO - root - x = 470, y = 227, Radius = 96.84275817871094
2021-08-18 20:03:47,727 - INFO - root - Decision Window: xRange = 466, 476,  yRange = 115, 80
2021-08-18 20:03:47,727 - INFO - root - Next Decision Window: xRange = 458, 465,  yRange = 98, 78
2021-08-18 20:03:47,727 - INFO - root - Distance = 139.29106216839614, direction = 1, Win# 2
2021-08-18 20:03:47,814 - DEBUG - bleak.backends.dotnet.client - Write Characteristic 6e400002-b5a3-f393-e0a9-e50e24dcca9e : bytearray(b'1,2')
2021-08-18 20:03:47,844 - INFO - root - x = 467, y = 220, Radius = 81.44486236572266
2021-08-18 20:03:47,844 - INFO - root - Decision Window: xRange = 466, 476,  yRange = 115, 80
2021-08-18 20:03:47,844 - INFO - root - Next Decision Window: xRange = 458, 465,  yRange = 98, 78
2021-08-18 20:03:47,845 - INFO - root - Distance = 132.13629327327143, direction = 1, Win# 2
2021-08-18 20:03:47,934 - DEBUG - bleak.backends.dotnet.client - Write Characteristic 6e400002-b5a3-f393-e0a9-e50e24dcca9e : bytearray(b'1,2')
2021-08-18 20:03:47,968 - INFO - root - x = 468, y = 224, Radius = 91.94165802001953
2021-08-18 20:03:47,968 - INFO - root - Decision Window: xRange = 466, 476,  yRange = 115, 80
2021-08-18 20:03:47,968 - INFO - root - Next Decision Window: xRange = 458, 465,  yRange = 98, 78
2021-08-18 20:03:47,968 - INFO - root - Distance = 136.1800279042415, direction = 1, Win# 2
2021-08-18 20:03:48,054 - DEBUG - bleak.backends.dotnet.client - Write Characteristic 6e400002-b5a3-f393-e0a9-e50e24dcca9e : bytearray(b'1,2')
2021-08-18 20:03:48,094 - INFO - root - x = 467, y = 225, Radius = 92.24569702148438
2021-08-18 20:03:48,094 - INFO - root - Decision Window: xRange = 466, 476,  yRange = 115, 80
2021-08-18 20:03:48,094 - INFO - root - Next Decision Window: xRange = 458, 465,  yRange = 98, 78
2021-08-18 20:03:48,094 - INFO - root - Distance = 137.13132391981054, direction = 1, Win# 2
2021-08-18 20:03:48,174 - DEBUG - bleak.backends.dotnet.client - Write Characteristic 6e400002-b5a3-f393-e0a9-e50e24dcca9e : bytearray(b'1,2')
2021-08-18 20:03:48,201 - INFO - root - x = 466, y = 223, Radius = 91.50146484375
2021-08-18 20:03:48,201 - INFO - root - Decision Window: xRange = 466, 476,  yRange = 115, 80
2021-08-18 20:03:48,201 - INFO - root - Next Decision Window: xRange = 458, 465,  yRange = 98, 78
2021-08-18 20:03:48,201 - INFO - root - Distance = 135.09256086106296, direction = 1, Win# 2
2021-08-18 20:03:48,294 - DEBUG - bleak.backends.dotnet.client - Write Characteristic 6e400002-b5a3-f393-e0a9-e50e24dcca9e : bytearray(b'1,2')
2021-08-18 20:03:48,328 - INFO - root - x = 462, y = 216, Radius = 76.03462982177734
2021-08-18 20:03:48,328 - INFO - root - Decision Window: xRange = 466, 476,  yRange = 115, 80
2021-08-18 20:03:48,328 - INFO - root - Next Decision Window: xRange = 458, 465,  yRange = 98, 78
2021-08-18 20:03:48,328 - INFO - root - Distance = 128.00390619039717, direction = 1, Win# 2
2021-08-18 20:03:48,414 - DEBUG - bleak.backends.dotnet.client - Write Characteristic 6e400002-b5a3-f393-e0a9-e50e24dcca9e : bytearray(b'1,2')
2021-08-18 20:03:48,450 - INFO - root - x = 466, y = 218, Radius = 79.0728530883789
2021-08-18 20:03:48,450 - INFO - root - Decision Window: xRange = 466, 476,  yRange = 115, 80
2021-08-18 20:03:48,450 - INFO - root - Next Decision Window: xRange = 458, 465,  yRange = 98, 78
2021-08-18 20:03:48,450 - INFO - root - Distance = 130.09611831257686, direction = 1, Win# 2
2021-08-18 20:03:48,534 - DEBUG - bleak.backends.dotnet.client - Write Characteristic 6e400002-b5a3-f393-e0a9-e50e24dcca9e : bytearray(b'1,2')
2021-08-18 20:03:48,570 - INFO - root - x = 467, y = 216, Radius = 78.05937194824219
2021-08-18 20:03:48,570 - INFO - root - Decision Window: xRange = 466, 476,  yRange = 115, 80
2021-08-18 20:03:48,570 - INFO - root - Next Decision Window: xRange = 458, 465,  yRange = 98, 78
2021-08-18 20:03:48,570 - INFO - root - Distance = 128.14054783713078, direction = 1, Win# 2
2021-08-18 20:03:48,654 - DEBUG - bleak.backends.dotnet.client - Write Characteristic 6e400002-b5a3-f393-e0a9-e50e24dcca9e : bytearray(b'1,2')
2021-08-18 20:03:48,695 - INFO - root - x = 466, y = 218, Radius = 83.10395050048828
2021-08-18 20:03:48,695 - INFO - root - Decision Window: xRange = 466, 476,  yRange = 115, 80
2021-08-18 20:03:48,695 - INFO - root - Next Decision Window: xRange = 458, 465,  yRange = 98, 78
2021-08-18 20:03:48,695 - INFO - root - Distance = 130.09611831257686, direction = 1, Win# 2
2021-08-18 20:03:48,774 - DEBUG - bleak.backends.dotnet.client - Write Characteristic 6e400002-b5a3-f393-e0a9-e50e24dcca9e : bytearray(b'1,2')
2021-08-18 20:03:48,801 - INFO - root - x = 468, y = 218, Radius = 80.1889419555664
2021-08-18 20:03:48,802 - INFO - root - Decision Window: xRange = 466, 476,  yRange = 115, 80
2021-08-18 20:03:48,802 - INFO - root - Next Decision Window: xRange = 458, 465,  yRange = 98, 78
2021-08-18 20:03:48,802 - INFO - root - Distance = 130.18832512940628, direction = 1, Win# 2
2021-08-18 20:03:48,894 - DEBUG - bleak.backends.dotnet.client - Write Characteristic 6e400002-b5a3-f393-e0a9-e50e24dcca9e : bytearray(b'1,2')
2021-08-18 20:03:48,928 - INFO - root - x = 475, y = 222, Radius = 89.86951446533203
2021-08-18 20:03:48,929 - INFO - root - Decision Window: xRange = 466, 476,  yRange = 115, 80
2021-08-18 20:03:48,929 - INFO - root - Next Decision Window: xRange = 458, 465,  yRange = 98, 78
2021-08-18 20:03:48,929 - INFO - root - Distance = 134.72935834479432, direction = 1, Win# 2
2021-08-18 20:03:49,015 - DEBUG - bleak.backends.dotnet.client - Write Characteristic 6e400002-b5a3-f393-e0a9-e50e24dcca9e : bytearray(b'1,2')
2021-08-18 20:03:49,048 - INFO - root - x = 473, y = 216, Radius = 77.37095642089844
2021-08-18 20:03:49,048 - INFO - root - Decision Window: xRange = 466, 476,  yRange = 115, 80
2021-08-18 20:03:49,048 - INFO - root - Next Decision Window: xRange = 458, 465,  yRange = 98, 78
2021-08-18 20:03:49,048 - INFO - root - Distance = 128.56126943990557, direction = 1, Win# 2
2021-08-18 20:03:49,134 - DEBUG - bleak.backends.dotnet.client - Write Characteristic 6e400002-b5a3-f393-e0a9-e50e24dcca9e : bytearray(b'1,2')
2021-08-18 20:03:49,174 - INFO - root - x = 476, y = 218, Radius = 81.68547058105469
2021-08-18 20:03:49,174 - INFO - root - Decision Window: xRange = 466, 476,  yRange = 115, 80
2021-08-18 20:03:49,174 - INFO - root - Next Decision Window: xRange = 458, 465,  yRange = 98, 78
2021-08-18 20:03:49,174 - INFO - root - Distance = 130.86252328302402, direction = 1, Win# 2
2021-08-18 20:03:49,254 - DEBUG - bleak.backends.dotnet.client - Write Characteristic 6e400002-b5a3-f393-e0a9-e50e24dcca9e : bytearray(b'1,2')
2021-08-18 20:03:49,295 - INFO - root - x = 479, y = 225, Radius = 96.82623291015625
2021-08-18 20:03:49,295 - INFO - root - Decision Window: xRange = 466, 476,  yRange = 115, 80
2021-08-18 20:03:49,295 - INFO - root - Next Decision Window: xRange = 458, 465,  yRange = 98, 78
2021-08-18 20:03:49,295 - INFO - root - Distance = 138.1774221788784, direction = 1, Win# 2
2021-08-18 20:03:49,374 - DEBUG - bleak.backends.dotnet.client - Write Characteristic 6e400002-b5a3-f393-e0a9-e50e24dcca9e : bytearray(b'1,2')
2021-08-18 20:03:49,403 - INFO - root - x = 472, y = 219, Radius = 76.92375946044922
2021-08-18 20:03:49,403 - INFO - root - Decision Window: xRange = 466, 476,  yRange = 115, 80
2021-08-18 20:03:49,404 - INFO - root - Next Decision Window: xRange = 458, 465,  yRange = 98, 78
2021-08-18 20:03:49,404 - INFO - root - Distance = 131.4610208388783, direction = 1, Win# 2
2021-08-18 20:03:49,494 - DEBUG - bleak.backends.dotnet.client - Write Characteristic 6e400002-b5a3-f393-e0a9-e50e24dcca9e : bytearray(b'1,2')
2021-08-18 20:03:49,529 - INFO - root - x = 475, y = 219, Radius = 75.61936950683594
2021-08-18 20:03:49,529 - INFO - root - Decision Window: xRange = 466, 476,  yRange = 115, 80
2021-08-18 20:03:49,529 - INFO - root - Next Decision Window: xRange = 458, 465,  yRange = 98, 78
2021-08-18 20:03:49,529 - INFO - root - Distance = 131.7459676802292, direction = 1, Win# 2
2021-08-18 20:03:49,614 - DEBUG - bleak.backends.dotnet.client - Write Characteristic 6e400002-b5a3-f393-e0a9-e50e24dcca9e : bytearray(b'1,2')
2021-08-18 20:03:49,655 - INFO - root - x = 477, y = 219, Radius = 83.21818542480469
2021-08-18 20:03:49,655 - INFO - root - Decision Window: xRange = 466, 476,  yRange = 115, 80
2021-08-18 20:03:49,655 - INFO - root - Next Decision Window: xRange = 458, 465,  yRange = 98, 78
2021-08-18 20:03:49,655 - INFO - root - Distance = 131.97348218486925, direction = 1, Win# 2
2021-08-18 20:03:49,734 - DEBUG - bleak.backends.dotnet.client - Write Characteristic 6e400002-b5a3-f393-e0a9-e50e24dcca9e : bytearray(b'1,2')
2021-08-18 20:03:49,779 - INFO - root - x = 476, y = 216, Radius = 77.15254211425781
2021-08-18 20:03:49,780 - INFO - root - Decision Window: xRange = 466, 476,  yRange = 115, 80
2021-08-18 20:03:49,780 - INFO - root - Next Decision Window: xRange = 458, 465,  yRange = 98, 78
2021-08-18 20:03:49,780 - INFO - root - Distance = 128.87590930814028, direction = 1, Win# 2
2021-08-18 20:03:49,854 - DEBUG - bleak.backends.dotnet.client - Write Characteristic 6e400002-b5a3-f393-e0a9-e50e24dcca9e : bytearray(b'1,2')
2021-08-18 20:03:49,884 - INFO - root - x = 480, y = 217, Radius = 79.88908386230469
2021-08-18 20:03:49,884 - INFO - root - Decision Window: xRange = 466, 476,  yRange = 115, 80
2021-08-18 20:03:49,884 - INFO - root - Next Decision Window: xRange = 458, 465,  yRange = 98, 78
2021-08-18 20:03:49,884 - INFO - root - Distance = 130.39171752837677, direction = 1, Win# 2
2021-08-18 20:03:49,975 - DEBUG - bleak.backends.dotnet.client - Write Characteristic 6e400002-b5a3-f393-e0a9-e50e24dcca9e : bytearray(b'1,2')
2021-08-18 20:03:50,008 - INFO - root - x = 484, y = 222, Radius = 83.97181701660156
2021-08-18 20:03:50,009 - INFO - root - Decision Window: xRange = 466, 476,  yRange = 115, 80
2021-08-18 20:03:50,009 - INFO - root - Next Decision Window: xRange = 458, 465,  yRange = 98, 78
2021-08-18 20:03:50,009 - INFO - root - Distance = 135.95955280891445, direction = 1, Win# 2
2021-08-18 20:03:50,095 - DEBUG - bleak.backends.dotnet.client - Write Characteristic 6e400002-b5a3-f393-e0a9-e50e24dcca9e : bytearray(b'1,2')
2021-08-18 20:03:50,130 - INFO - root - x = 483, y = 215, Radius = 72.23755645751953
2021-08-18 20:03:50,130 - INFO - root - Decision Window: xRange = 466, 476,  yRange = 115, 80
2021-08-18 20:03:50,130 - INFO - root - Next Decision Window: xRange = 458, 465,  yRange = 98, 78
2021-08-18 20:03:50,130 - INFO - root - Distance = 128.89142717807107, direction = 1, Win# 2
2021-08-18 20:03:50,214 - DEBUG - bleak.backends.dotnet.client - Write Characteristic 6e400002-b5a3-f393-e0a9-e50e24dcca9e : bytearray(b'1,2')
2021-08-18 20:03:50,254 - INFO - root - x = 485, y = 211, Radius = 68.54388427734375
2021-08-18 20:03:50,254 - INFO - root - Decision Window: xRange = 466, 476,  yRange = 115, 80
2021-08-18 20:03:50,254 - INFO - root - Next Decision Window: xRange = 458, 465,  yRange = 98, 78
2021-08-18 20:03:50,255 - INFO - root - Distance = 125.31959144523253, direction = 1, Win# 2
2021-08-18 20:03:50,334 - DEBUG - bleak.backends.dotnet.client - Write Characteristic 6e400002-b5a3-f393-e0a9-e50e24dcca9e : bytearray(b'1,2')
2021-08-18 20:03:50,362 - INFO - root - x = 489, y = 207, Radius = 65.45465087890625
2021-08-18 20:03:50,362 - INFO - root - Decision Window: xRange = 466, 476,  yRange = 115, 80
2021-08-18 20:03:50,362 - INFO - root - Next Decision Window: xRange = 458, 465,  yRange = 98, 78
2021-08-18 20:03:50,362 - INFO - root - Distance = 122.24974437601087, direction = 1, Win# 2
2021-08-18 20:03:50,454 - DEBUG - bleak.backends.dotnet.client - Write Characteristic 6e400002-b5a3-f393-e0a9-e50e24dcca9e : bytearray(b'1,2')
2021-08-18 20:03:50,485 - INFO - root - x = 493, y = 202, Radius = 67.75886535644531
2021-08-18 20:03:50,485 - INFO - root - Decision Window: xRange = 466, 476,  yRange = 115, 80
2021-08-18 20:03:50,485 - INFO - root - Next Decision Window: xRange = 458, 465,  yRange = 98, 78
2021-08-18 20:03:50,485 - INFO - root - Distance = 118.40608092492548, direction = 1, Win# 2
2021-08-18 20:03:50,575 - DEBUG - bleak.backends.dotnet.client - Write Characteristic 6e400002-b5a3-f393-e0a9-e50e24dcca9e : bytearray(b'1,2')
2021-08-18 20:03:50,613 - INFO - root - x = 498, y = 210, Radius = 86.21495056152344
2021-08-18 20:03:50,613 - INFO - root - Decision Window: xRange = 466, 476,  yRange = 115, 80
2021-08-18 20:03:50,613 - INFO - root - Next Decision Window: xRange = 458, 465,  yRange = 98, 78
2021-08-18 20:03:50,613 - INFO - root - Distance = 127.4872542648872, direction = 1, Win# 2
2021-08-18 20:03:50,694 - DEBUG - bleak.backends.dotnet.client - Write Characteristic 6e400002-b5a3-f393-e0a9-e50e24dcca9e : bytearray(b'1,2')
2021-08-18 20:03:50,733 - INFO - root - x = 491, y = 203, Radius = 68.87994384765625
2021-08-18 20:03:50,733 - INFO - root - Decision Window: xRange = 466, 476,  yRange = 115, 80
2021-08-18 20:03:50,733 - INFO - root - Next Decision Window: xRange = 458, 465,  yRange = 98, 78
2021-08-18 20:03:50,733 - INFO - root - Distance = 118.84864324004712, direction = 1, Win# 2
2021-08-18 20:03:50,815 - DEBUG - bleak.backends.dotnet.client - Write Characteristic 6e400002-b5a3-f393-e0a9-e50e24dcca9e : bytearray(b'1,2')
2021-08-18 20:03:50,854 - INFO - root - x = 503, y = 212, Radius = 99.4787368774414
2021-08-18 20:03:50,854 - INFO - root - Decision Window: xRange = 466, 476,  yRange = 115, 80
2021-08-18 20:03:50,854 - INFO - root - Next Decision Window: xRange = 458, 465,  yRange = 98, 78
2021-08-18 20:03:50,854 - INFO - root - Distance = 130.91982279242512, direction = 1, Win# 2
2021-08-18 20:03:50,934 - DEBUG - bleak.backends.dotnet.client - Write Characteristic 6e400002-b5a3-f393-e0a9-e50e24dcca9e : bytearray(b'1,2')
2021-08-18 20:03:50,962 - INFO - root - x = 501, y = 208, Radius = 85.6814956665039
2021-08-18 20:03:50,962 - INFO - root - Decision Window: xRange = 466, 476,  yRange = 115, 80
2021-08-18 20:03:50,963 - INFO - root - Next Decision Window: xRange = 458, 465,  yRange = 98, 78
2021-08-18 20:03:50,963 - INFO - root - Distance = 126.49110640673517, direction = 1, Win# 2
2021-08-18 20:03:51,054 - DEBUG - bleak.backends.dotnet.client - Write Characteristic 6e400002-b5a3-f393-e0a9-e50e24dcca9e : bytearray(b'1,2')
2021-08-18 20:03:51,084 - INFO - root - x = 498, y = 205, Radius = 75.39934539794922
2021-08-18 20:03:51,084 - INFO - root - Decision Window: xRange = 466, 476,  yRange = 115, 80
2021-08-18 20:03:51,084 - INFO - root - Next Decision Window: xRange = 458, 465,  yRange = 98, 78
2021-08-18 20:03:51,084 - INFO - root - Distance = 122.71104269787622, direction = 1, Win# 2
2021-08-18 20:03:51,174 - DEBUG - bleak.backends.dotnet.client - Write Characteristic 6e400002-b5a3-f393-e0a9-e50e24dcca9e : bytearray(b'1,2')
2021-08-18 20:03:51,212 - INFO - root - x = 495, y = 206, Radius = 90.14720153808594
2021-08-18 20:03:51,212 - INFO - root - Decision Window: xRange = 466, 476,  yRange = 115, 80
2021-08-18 20:03:51,212 - INFO - root - Next Decision Window: xRange = 458, 465,  yRange = 98, 78
2021-08-18 20:03:51,212 - INFO - root - Distance = 122.80065146407001, direction = 1, Win# 2
2021-08-18 20:03:51,295 - DEBUG - bleak.backends.dotnet.client - Write Characteristic 6e400002-b5a3-f393-e0a9-e50e24dcca9e : bytearray(b'1,2')
2021-08-18 20:03:51,331 - INFO - root - x = 497, y = 207, Radius = 78.81633758544922
2021-08-18 20:03:51,331 - INFO - root - Decision Window: xRange = 466, 476,  yRange = 115, 80
2021-08-18 20:03:51,331 - INFO - root - Next Decision Window: xRange = 458, 465,  yRange = 98, 78
2021-08-18 20:03:51,331 - INFO - root - Distance = 124.32618388738553, direction = 1, Win# 2
2021-08-18 20:03:51,415 - DEBUG - bleak.backends.dotnet.client - Write Characteristic 6e400002-b5a3-f393-e0a9-e50e24dcca9e : bytearray(b'1,2')
2021-08-18 20:03:51,454 - INFO - root - x = 490, y = 223, Radius = 100.8477554321289
2021-08-18 20:03:51,454 - INFO - root - Decision Window: xRange = 466, 476,  yRange = 115, 80
2021-08-18 20:03:51,454 - INFO - root - Next Decision Window: xRange = 458, 465,  yRange = 98, 78
2021-08-18 20:03:51,454 - INFO - root - Distance = 138.07968713753664, direction = 1, Win# 2
2021-08-18 20:03:51,534 - DEBUG - bleak.backends.dotnet.client - Write Characteristic 6e400002-b5a3-f393-e0a9-e50e24dcca9e : bytearray(b'1,2')
2021-08-18 20:03:51,561 - INFO - root - x = 487, y = 225, Radius = 103.15653228759766
2021-08-18 20:03:51,561 - INFO - root - Decision Window: xRange = 466, 476,  yRange = 115, 80
2021-08-18 20:03:51,561 - INFO - root - Next Decision Window: xRange = 458, 465,  yRange = 98, 78
2021-08-18 20:03:51,562 - INFO - root - Distance = 139.44532978913278, direction = 1, Win# 2
2021-08-18 20:03:51,654 - DEBUG - bleak.backends.dotnet.client - Write Characteristic 6e400002-b5a3-f393-e0a9-e50e24dcca9e : bytearray(b'1,2')
2021-08-18 20:03:51,688 - INFO - root - x = 477, y = 221, Radius = 74.24967956542969
2021-08-18 20:03:51,688 - INFO - root - Decision Window: xRange = 466, 476,  yRange = 115, 80
2021-08-18 20:03:51,688 - INFO - root - Next Decision Window: xRange = 458, 465,  yRange = 98, 78
2021-08-18 20:03:51,688 - INFO - root - Distance = 133.9589489358587, direction = 1, Win# 2
2021-08-18 20:03:51,774 - DEBUG - bleak.backends.dotnet.client - Write Characteristic 6e400002-b5a3-f393-e0a9-e50e24dcca9e : bytearray(b'1,2')
2021-08-18 20:03:51,814 - INFO - root - x = 481, y = 222, Radius = 93.8137435913086
2021-08-18 20:03:51,814 - INFO - root - Decision Window: xRange = 466, 476,  yRange = 115, 80
2021-08-18 20:03:51,814 - INFO - root - Next Decision Window: xRange = 458, 465,  yRange = 98, 78
2021-08-18 20:03:51,814 - INFO - root - Distance = 135.4843164355196, direction = 1, Win# 2
2021-08-18 20:03:51,895 - DEBUG - bleak.backends.dotnet.client - Write Characteristic 6e400002-b5a3-f393-e0a9-e50e24dcca9e : bytearray(b'1,2')
2021-08-18 20:03:51,934 - INFO - root - x = 476, y = 225, Radius = 89.23294067382812
2021-08-18 20:03:51,935 - INFO - root - Decision Window: xRange = 466, 476,  yRange = 115, 80
2021-08-18 20:03:51,935 - INFO - root - Next Decision Window: xRange = 458, 465,  yRange = 98, 78
2021-08-18 20:03:51,935 - INFO - root - Distance = 137.81872151489435, direction = 1, Win# 2
2021-08-18 20:03:52,014 - DEBUG - bleak.backends.dotnet.client - Write Characteristic 6e400002-b5a3-f393-e0a9-e50e24dcca9e : bytearray(b'1,2')
2021-08-18 20:03:52,044 - INFO - root - x = 476, y = 231, Radius = 92.51974487304688
2021-08-18 20:03:52,044 - INFO - root - Decision Window: xRange = 466, 476,  yRange = 115, 80
2021-08-18 20:03:52,044 - INFO - root - Next Decision Window: xRange = 458, 465,  yRange = 98, 78
2021-08-18 20:03:52,045 - INFO - root - Distance = 143.78456106272327, direction = 1, Win# 2
2021-08-18 20:03:52,135 - DEBUG - bleak.backends.dotnet.client - Write Characteristic 6e400002-b5a3-f393-e0a9-e50e24dcca9e : bytearray(b'1,2')
2021-08-18 20:03:52,165 - INFO - root - x = 472, y = 230, Radius = 90.69877624511719
2021-08-18 20:03:52,166 - INFO - root - Decision Window: xRange = 466, 476,  yRange = 115, 80
2021-08-18 20:03:52,166 - INFO - root - Next Decision Window: xRange = 458, 465,  yRange = 98, 78
2021-08-18 20:03:52,166 - INFO - root - Distance = 142.42541907960108, direction = 1, Win# 2
2021-08-18 20:03:52,254 - DEBUG - bleak.backends.dotnet.client - Write Characteristic 6e400002-b5a3-f393-e0a9-e50e24dcca9e : bytearray(b'1,2')
2021-08-18 20:03:52,288 - INFO - root - x = 478, y = 235, Radius = 105.77462005615234
2021-08-18 20:03:52,288 - INFO - root - Decision Window: xRange = 466, 476,  yRange = 115, 80
2021-08-18 20:03:52,288 - INFO - root - Next Decision Window: xRange = 458, 465,  yRange = 98, 78
2021-08-18 20:03:52,288 - INFO - root - Distance = 147.97972834141845, direction = 1, Win# 2
2021-08-18 20:03:52,374 - DEBUG - bleak.backends.dotnet.client - Write Characteristic 6e400002-b5a3-f393-e0a9-e50e24dcca9e : bytearray(b'1,2')
2021-08-18 20:03:52,414 - INFO - root - x = 471, y = 225, Radius = 78.50169372558594
2021-08-18 20:03:52,414 - INFO - root - Decision Window: xRange = 466, 476,  yRange = 115, 80
2021-08-18 20:03:52,414 - INFO - root - Next Decision Window: xRange = 458, 465,  yRange = 98, 78
2021-08-18 20:03:52,414 - INFO - root - Distance = 137.3644786689776, direction = 1, Win# 2
2021-08-18 20:03:52,494 - DEBUG - bleak.backends.dotnet.client - Write Characteristic 6e400002-b5a3-f393-e0a9-e50e24dcca9e : bytearray(b'1,2')
2021-08-18 20:03:52,535 - INFO - root - x = 480, y = 234, Radius = 91.78789520263672
2021-08-18 20:03:52,535 - INFO - root - Decision Window: xRange = 466, 476,  yRange = 115, 80
2021-08-18 20:03:52,535 - INFO - root - Next Decision Window: xRange = 458, 465,  yRange = 98, 78
2021-08-18 20:03:52,535 - INFO - root - Distance = 147.2311108427835, direction = 1, Win# 2
2021-08-18 20:03:52,614 - DEBUG - bleak.backends.dotnet.client - Write Characteristic 6e400002-b5a3-f393-e0a9-e50e24dcca9e : bytearray(b'1,2')
2021-08-18 20:03:52,648 - INFO - root - x = 479, y = 238, Radius = 88.19306945800781
2021-08-18 20:03:52,648 - INFO - root - Decision Window: xRange = 466, 476,  yRange = 115, 80
2021-08-18 20:03:52,648 - INFO - root - Next Decision Window: xRange = 458, 465,  yRange = 98, 78
2021-08-18 20:03:52,648 - INFO - root - Distance = 151.07613974417006, direction = 1, Win# 2
2021-08-18 20:03:52,735 - DEBUG - bleak.backends.dotnet.client - Write Characteristic 6e400002-b5a3-f393-e0a9-e50e24dcca9e : bytearray(b'1,2')
2021-08-18 20:03:52,769 - INFO - root - x = 486, y = 224, Radius = 88.89610290527344
2021-08-18 20:03:52,769 - INFO - root - Decision Window: xRange = 466, 476,  yRange = 115, 80
2021-08-18 20:03:52,769 - INFO - root - Next Decision Window: xRange = 458, 465,  yRange = 98, 78
2021-08-18 20:03:52,769 - INFO - root - Distance = 138.27870407260838, direction = 1, Win# 2
2021-08-18 20:03:52,854 - DEBUG - bleak.backends.dotnet.client - Write Characteristic 6e400002-b5a3-f393-e0a9-e50e24dcca9e : bytearray(b'1,2')
2021-08-18 20:03:52,895 - INFO - root - x = 507, y = 233, Radius = 87.51295471191406
2021-08-18 20:03:52,895 - INFO - root - Decision Window: xRange = 466, 476,  yRange = 115, 80
2021-08-18 20:03:52,895 - INFO - root - Next Decision Window: xRange = 458, 465,  yRange = 98, 78
2021-08-18 20:03:52,895 - INFO - root - Distance = 152.12166183683374, direction = 1, Win# 2
2021-08-18 20:03:52,974 - DEBUG - bleak.backends.dotnet.client - Write Characteristic 6e400002-b5a3-f393-e0a9-e50e24dcca9e : bytearray(b'1,2')
2021-08-18 20:03:53,014 - INFO - root - x = 517, y = 231, Radius = 99.9926528930664
2021-08-18 20:03:53,014 - INFO - root - Decision Window: xRange = 466, 476,  yRange = 115, 80
2021-08-18 20:03:53,014 - INFO - root - Next Decision Window: xRange = 458, 465,  yRange = 98, 78
2021-08-18 20:03:53,014 - INFO - root - Distance = 153.57408635573907, direction = 1, Win# 2
2021-08-18 20:03:53,094 - DEBUG - bleak.backends.dotnet.client - Write Characteristic 6e400002-b5a3-f393-e0a9-e50e24dcca9e : bytearray(b'1,2')
2021-08-18 20:03:53,123 - INFO - root - x = 518, y = 235, Radius = 83.86009979248047
2021-08-18 20:03:53,123 - INFO - root - Decision Window: xRange = 466, 476,  yRange = 115, 80
2021-08-18 20:03:53,123 - INFO - root - Next Decision Window: xRange = 458, 465,  yRange = 98, 78
2021-08-18 20:03:53,123 - INFO - root - Distance = 157.66420012165096, direction = 1, Win# 2
2021-08-18 20:03:53,275 - DEBUG - bleak.backends.dotnet.client - Write Characteristic 6e400002-b5a3-f393-e0a9-e50e24dcca9e : bytearray(b'1,2')
2021-08-18 20:03:53,312 - INFO - root - x = 525, y = 218, Radius = 75.74473571777344
2021-08-18 20:03:53,312 - INFO - root - Decision Window: xRange = 466, 476,  yRange = 115, 80
2021-08-18 20:03:53,312 - INFO - root - Next Decision Window: xRange = 458, 465,  yRange = 98, 78
2021-08-18 20:03:53,312 - INFO - root - Distance = 144.89996549343965, direction = 1, Win# 2
2021-08-18 20:03:53,394 - DEBUG - bleak.backends.dotnet.client - Write Characteristic 6e400002-b5a3-f393-e0a9-e50e24dcca9e : bytearray(b'1,2')
2021-08-18 20:03:53,432 - INFO - root - x = 525, y = 219, Radius = 70.76223754882812
2021-08-18 20:03:53,432 - INFO - root - Decision Window: xRange = 466, 476,  yRange = 115, 80
2021-08-18 20:03:53,432 - INFO - root - Next Decision Window: xRange = 458, 465,  yRange = 98, 78
2021-08-18 20:03:53,432 - INFO - root - Distance = 145.79780519610026, direction = 1, Win# 2
2021-08-18 20:03:53,515 - DEBUG - bleak.backends.dotnet.client - Write Characteristic 6e400002-b5a3-f393-e0a9-e50e24dcca9e : bytearray(b'1,2')
2021-08-18 20:03:53,554 - INFO - root - x = 523, y = 214, Radius = 74.78311920166016
2021-08-18 20:03:53,555 - INFO - root - Decision Window: xRange = 466, 476,  yRange = 115, 80
2021-08-18 20:03:53,555 - INFO - root - Next Decision Window: xRange = 458, 465,  yRange = 98, 78
2021-08-18 20:03:53,555 - INFO - root - Distance = 140.42791745233566, direction = 1, Win# 2
2021-08-18 20:03:53,635 - DEBUG - bleak.backends.dotnet.client - Write Characteristic 6e400002-b5a3-f393-e0a9-e50e24dcca9e : bytearray(b'1,2')
2021-08-18 20:03:53,664 - INFO - root - x = 501, y = 224, Radius = 77.66122436523438
2021-08-18 20:03:53,664 - INFO - root - Decision Window: xRange = 466, 476,  yRange = 115, 80
2021-08-18 20:03:53,664 - INFO - root - Next Decision Window: xRange = 458, 465,  yRange = 98, 78
2021-08-18 20:03:53,664 - INFO - root - Distance = 141.7603611733548, direction = 1, Win# 2
2021-08-18 20:03:53,754 - DEBUG - bleak.backends.dotnet.client - Write Characteristic 6e400002-b5a3-f393-e0a9-e50e24dcca9e : bytearray(b'1,2')
2021-08-18 20:03:53,786 - INFO - root - x = 485, y = 218, Radius = 66.52433776855469
2021-08-18 20:03:53,786 - INFO - root - Decision Window: xRange = 466, 476,  yRange = 115, 80
2021-08-18 20:03:53,786 - INFO - root - Next Decision Window: xRange = 458, 465,  yRange = 98, 78
2021-08-18 20:03:53,786 - INFO - root - Distance = 132.19682295728592, direction = 1, Win# 2
2021-08-18 20:03:53,874 - DEBUG - bleak.backends.dotnet.client - Write Characteristic 6e400002-b5a3-f393-e0a9-e50e24dcca9e : bytearray(b'1,2')
2021-08-18 20:03:53,913 - INFO - root - x = 512, y = 155, Radius = 49.23931121826172
2021-08-18 20:03:53,914 - INFO - root - Decision Window: xRange = 466, 476,  yRange = 115, 80
2021-08-18 20:03:53,914 - INFO - root - Next Decision Window: xRange = 458, 465,  yRange = 98, 78
2021-08-18 20:03:53,914 - INFO - root - Distance = 84.20213774008353, direction = 1, Win# 2
2021-08-18 20:03:53,994 - DEBUG - bleak.backends.dotnet.client - Write Characteristic 6e400002-b5a3-f393-e0a9-e50e24dcca9e : bytearray(b'1,1')
2021-08-18 20:03:54,032 - INFO - root - x = 511, y = 74, Radius = 39.336822509765625
2021-08-18 20:03:54,032 - INFO - root - Decision Window: xRange = 466, 476,  yRange = 115, 80
2021-08-18 20:03:54,032 - INFO - root - Next Decision Window: xRange = 458, 465,  yRange = 98, 78
2021-08-18 20:03:54,032 - INFO - root - Distance = 51.92301994298868, direction = 2, Win# 2
2021-08-18 20:03:54,115 - DEBUG - bleak.backends.dotnet.client - Write Characteristic 6e400002-b5a3-f393-e0a9-e50e24dcca9e : bytearray(b'2,1')
2021-08-18 20:03:54,142 - INFO - root - x = 654, y = 335, Radius = 24.083288192749023
2021-08-18 20:03:54,143 - INFO - root - Decision Window: xRange = 466, 476,  yRange = 115, 80
2021-08-18 20:03:54,143 - INFO - root - Next Decision Window: xRange = 458, 465,  yRange = 98, 78
2021-08-18 20:03:54,143 - INFO - root - Distance = 313.4613213779333, direction = 1, Win# 2
2021-08-18 20:03:54,235 - DEBUG - bleak.backends.dotnet.client - Write Characteristic 6e400002-b5a3-f393-e0a9-e50e24dcca9e : bytearray(b'1,3')
2021-08-18 20:03:55,191 - INFO - root - x = 62, y = 499, Radius = 30.14972686767578
2021-08-18 20:03:55,192 - INFO - root - Decision Window: xRange = 466, 476,  yRange = 115, 80
2021-08-18 20:03:55,192 - INFO - root - Next Decision Window: xRange = 458, 465,  yRange = 98, 78
2021-08-18 20:03:55,192 - INFO - root - Distance = 572.8193432488117, direction = 1, Win# 2
2021-08-18 20:03:55,254 - DEBUG - bleak.backends.dotnet.client - Write Characteristic 6e400002-b5a3-f393-e0a9-e50e24dcca9e : bytearray(b'1,0')
2021-08-18 20:03:55,284 - INFO - root - x = 103, y = 83, Radius = 16.37843894958496
2021-08-18 20:03:55,284 - INFO - root - Decision Window: xRange = 466, 476,  yRange = 115, 80
2021-08-18 20:03:55,284 - INFO - root - Next Decision Window: xRange = 458, 465,  yRange = 98, 78
2021-08-18 20:03:55,284 - INFO - root - Distance = 358.03491449857233, direction = 4, Win# 2
2021-08-18 20:03:55,374 - DEBUG - bleak.backends.dotnet.client - Write Characteristic 6e400002-b5a3-f393-e0a9-e50e24dcca9e : bytearray(b'4,3')
2021-08-18 20:03:55,408 - INFO - root - x = 66, y = 264, Radius = 16.688419342041016
2021-08-18 20:03:55,408 - INFO - root - Decision Window: xRange = 466, 476,  yRange = 115, 80
2021-08-18 20:03:55,409 - INFO - root - Next Decision Window: xRange = 458, 465,  yRange = 98, 78
2021-08-18 20:03:55,409 - INFO - root - Distance = 432.43612245047245, direction = 4, Win# 2
2021-08-18 20:03:55,494 - DEBUG - bleak.backends.dotnet.client - Write Characteristic 6e400002-b5a3-f393-e0a9-e50e24dcca9e : bytearray(b'4,3')
2021-08-18 20:03:55,533 - INFO - root - x = 58, y = 465, Radius = 19.300357818603516
2021-08-18 20:03:55,533 - INFO - root - Decision Window: xRange = 466, 476,  yRange = 115, 80
2021-08-18 20:03:55,533 - INFO - root - Next Decision Window: xRange = 458, 465,  yRange = 98, 78
2021-08-18 20:03:55,533 - INFO - root - Distance = 551.8496171965693, direction = 4, Win# 2
2021-08-18 20:03:55,614 - DEBUG - bleak.backends.dotnet.client - Write Characteristic 6e400002-b5a3-f393-e0a9-e50e24dcca9e : bytearray(b'4,0')
2021-08-18 20:03:55,654 - INFO - root - x = 80, y = 131, Radius = 7.159010887145996
2021-08-18 20:03:55,655 - INFO - root - Decision Window: xRange = 466, 476,  yRange = 115, 80
2021-08-18 20:03:55,655 - INFO - root - Next Decision Window: xRange = 458, 465,  yRange = 98, 78
2021-08-18 20:03:55,655 - INFO - root - Distance = 383.4188310451118, direction = 4, Win# 2
2021-08-18 20:03:55,735 - DEBUG - bleak.backends.dotnet.client - Write Characteristic 6e400002-b5a3-f393-e0a9-e50e24dcca9e : bytearray(b'4,3')
2021-08-18 20:03:55,769 - INFO - root - x = 55, y = 164, Radius = 12.020915031433105
2021-08-18 20:03:55,769 - INFO - root - Decision Window: xRange = 466, 476,  yRange = 115, 80
2021-08-18 20:03:55,769 - INFO - root - Next Decision Window: xRange = 458, 465,  yRange = 98, 78
2021-08-18 20:03:55,769 - INFO - root - Distance = 413.05205483086513, direction = 4, Win# 2
2021-08-18 20:03:55,855 - DEBUG - bleak.backends.dotnet.client - Write Characteristic 6e400002-b5a3-f393-e0a9-e50e24dcca9e : bytearray(b'4,3')
2021-08-18 20:03:55,887 - INFO - root - x = 61, y = 57, Radius = 7.43313455581665
2021-08-18 20:03:55,887 - INFO - root - Decision Window: xRange = 466, 476,  yRange = 115, 80
2021-08-18 20:03:55,887 - INFO - root - Next Decision Window: xRange = 458, 465,  yRange = 98, 78
2021-08-18 20:03:55,887 - INFO - root - Distance = 401.19945164469004, direction = 4, Win# 2
2021-08-18 20:03:55,974 - DEBUG - bleak.backends.dotnet.client - Write Characteristic 6e400002-b5a3-f393-e0a9-e50e24dcca9e : bytearray(b'4,3')
2021-08-18 20:03:56,010 - INFO - root - x = 61, y = 58, Radius = 7.810349941253662
2021-08-18 20:03:56,010 - INFO - root - Decision Window: xRange = 466, 476,  yRange = 115, 80
2021-08-18 20:03:56,010 - INFO - root - Next Decision Window: xRange = 458, 465,  yRange = 98, 78
2021-08-18 20:03:56,010 - INFO - root - Distance = 401.1234224026316, direction = 4, Win# 2
2021-08-18 20:03:56,094 - DEBUG - bleak.backends.dotnet.client - Write Characteristic 6e400002-b5a3-f393-e0a9-e50e24dcca9e : bytearray(b'4,3')
2021-08-18 20:03:56,136 - INFO - root - x = 61, y = 58, Radius = 7.211202621459961
2021-08-18 20:03:56,136 - INFO - root - Decision Window: xRange = 466, 476,  yRange = 115, 80
2021-08-18 20:03:56,136 - INFO - root - Next Decision Window: xRange = 458, 465,  yRange = 98, 78
2021-08-18 20:03:56,137 - INFO - root - Distance = 401.1234224026316, direction = 4, Win# 2
2021-08-18 20:03:56,214 - DEBUG - bleak.backends.dotnet.client - Write Characteristic 6e400002-b5a3-f393-e0a9-e50e24dcca9e : bytearray(b'4,3')
2021-08-18 20:03:56,241 - INFO - root - x = 60, y = 56, Radius = 9.552586555480957
2021-08-18 20:03:56,241 - INFO - root - Decision Window: xRange = 466, 476,  yRange = 115, 80
2021-08-18 20:03:56,241 - INFO - root - Next Decision Window: xRange = 458, 465,  yRange = 98, 78
2021-08-18 20:03:56,241 - INFO - root - Distance = 402.2747817102136, direction = 4, Win# 2
2021-08-18 20:03:56,334 - DEBUG - bleak.backends.dotnet.client - Write Characteristic 6e400002-b5a3-f393-e0a9-e50e24dcca9e : bytearray(b'4,3')
2021-08-18 20:03:56,367 - INFO - root - x = 60, y = 57, Radius = 6.726912021636963
2021-08-18 20:03:56,368 - INFO - root - Decision Window: xRange = 466, 476,  yRange = 115, 80
2021-08-18 20:03:56,368 - INFO - root - Next Decision Window: xRange = 458, 465,  yRange = 98, 78
2021-08-18 20:03:56,368 - INFO - root - Distance = 402.1964694027037, direction = 4, Win# 2
2021-08-18 20:03:56,455 - DEBUG - bleak.backends.dotnet.client - Write Characteristic 6e400002-b5a3-f393-e0a9-e50e24dcca9e : bytearray(b'4,3')
2021-08-18 20:03:56,488 - INFO - root - x = 61, y = 57, Radius = 7.43313455581665
2021-08-18 20:03:56,488 - INFO - root - Decision Window: xRange = 466, 476,  yRange = 115, 80
2021-08-18 20:03:56,488 - INFO - root - Next Decision Window: xRange = 458, 465,  yRange = 98, 78
2021-08-18 20:03:56,488 - INFO - root - Distance = 401.19945164469004, direction = 4, Win# 2
2021-08-18 20:03:56,575 - DEBUG - bleak.backends.dotnet.client - Write Characteristic 6e400002-b5a3-f393-e0a9-e50e24dcca9e : bytearray(b'4,3')
2021-08-18 20:03:56,614 - INFO - root - x = 52, y = 414, Radius = 16.688419342041016
2021-08-18 20:03:56,614 - INFO - root - Decision Window: xRange = 466, 476,  yRange = 115, 80
2021-08-18 20:03:56,614 - INFO - root - Next Decision Window: xRange = 458, 465,  yRange = 98, 78
2021-08-18 20:03:56,614 - INFO - root - Distance = 523.0267679574345, direction = 4, Win# 2
2021-08-18 20:03:56,695 - DEBUG - bleak.backends.dotnet.client - Write Characteristic 6e400002-b5a3-f393-e0a9-e50e24dcca9e : bytearray(b'4,0')
2021-08-18 20:03:56,735 - INFO - root - x = 53, y = 508, Radius = 15.787753105163574
2021-08-18 20:03:56,735 - INFO - root - Decision Window: xRange = 466, 476,  yRange = 115, 80
2021-08-18 20:03:56,735 - INFO - root - Next Decision Window: xRange = 458, 465,  yRange = 98, 78
2021-08-18 20:03:56,735 - INFO - root - Distance = 585.5458991402809, direction = 1, Win# 2
2021-08-18 20:03:56,814 - DEBUG - bleak.backends.dotnet.client - Write Characteristic 6e400002-b5a3-f393-e0a9-e50e24dcca9e : bytearray(b'1,0')
2021-08-18 20:03:56,842 - INFO - root - x = 67, y = 58, Radius = 11.672718048095703
2021-08-18 20:03:56,842 - INFO - root - Decision Window: xRange = 466, 476,  yRange = 115, 80
2021-08-18 20:03:56,842 - INFO - root - Next Decision Window: xRange = 458, 465,  yRange = 98, 78
2021-08-18 20:03:56,843 - INFO - root - Distance = 395.1404813480897, direction = 4, Win# 2
2021-08-18 20:03:56,934 - DEBUG - bleak.backends.dotnet.client - Write Characteristic 6e400002-b5a3-f393-e0a9-e50e24dcca9e : bytearray(b'4,3')
2021-08-18 20:03:56,968 - INFO - root - x = 61, y = 488, Radius = 18.828269958496094
2021-08-18 20:03:56,968 - INFO - root - Decision Window: xRange = 466, 476,  yRange = 115, 80
2021-08-18 20:03:56,968 - INFO - root - Next Decision Window: xRange = 458, 465,  yRange = 98, 78
2021-08-18 20:03:56,968 - INFO - root - Distance = 565.685424949238, direction = 1, Win# 2
2021-08-18 20:03:57,054 - DEBUG - bleak.backends.dotnet.client - Write Characteristic 6e400002-b5a3-f393-e0a9-e50e24dcca9e : bytearray(b'1,0')
2021-08-18 20:03:57,090 - INFO - root - x = 62, y = 496, Radius = 23.35083770751953
2021-08-18 20:03:57,090 - INFO - root - Decision Window: xRange = 466, 476,  yRange = 115, 80
2021-08-18 20:03:57,090 - INFO - root - Next Decision Window: xRange = 458, 465,  yRange = 98, 78
2021-08-18 20:03:57,090 - INFO - root - Distance = 570.6706580857299, direction = 1, Win# 2
