2021-08-11 14:27:24,528 - INFO - root - 


2021-08-11 14:27:24,528 - INFO - root - PROGRAM BEGINS
2021-08-11 14:27:28,773 - DEBUG - asyncio - Using proactor: IocpProactor
2021-08-11 14:27:28,891 - DEBUG - bleak.backends.dotnet.scanner - Received 3F:4D:6C:C6:F2:5D: Unknown.
2021-08-11 14:27:29,124 - DEBUG - bleak.backends.dotnet.scanner - Received 7C:9E:BD:EE:7A:82: Haptic Sleeve ML.
2021-08-11 14:27:29,125 - DEBUG - bleak.backends.dotnet.scanner - Received 7C:9E:BD:EE:7A:82: Unknown.
2021-08-11 14:27:29,125 - DEBUG - bleak.backends.dotnet.scanner - 2 devices found. Watcher status: 3.
2021-08-11 14:27:29,125 - DEBUG - bleak.backends.dotnet.client - Connecting to BLE device @ 7c:9e:bd:ee:7a:82
2021-08-11 14:27:32,660 - DEBUG - bleak.backends.dotnet.client - _ConnectionStatusChanged_Handler: 1
2021-08-11 14:27:32,660 - DEBUG - bleak.backends.dotnet.client - Get Services...
2021-08-11 14:27:32,716 - INFO - bleak.backends.dotnet.client - Services resolved for BleakClientDotNet (7c:9e:bd:ee:7a:82)
2021-08-11 14:27:37,428 - INFO - root - x = 503, y = 118, Radius = 66.2803955078125
2021-08-11 14:27:37,428 - INFO - root - Decision Window: xRange = 489, 502,  yRange = 129, 89
2021-08-11 14:27:37,428 - INFO - root - Distance = 0, direction = 0, Win# 0
2021-08-11 14:27:37,573 - DEBUG - bleak.backends.dotnet.client - Write Characteristic 6e400002-b5a3-f393-e0a9-e50e24dcca9e : bytearray(b'1,2')
2021-08-11 14:27:37,610 - INFO - root - x = 501, y = 113, Radius = 66.67096710205078
2021-08-11 14:27:37,610 - INFO - root - Decision Window: xRange = 489, 502,  yRange = 129, 89
2021-08-11 14:27:37,610 - INFO - root - Distance = 0, direction = 0, Win# 0
2021-08-11 14:27:37,693 - DEBUG - bleak.backends.dotnet.client - Write Characteristic 6e400002-b5a3-f393-e0a9-e50e24dcca9e : bytearray(b'1,2')
2021-08-11 14:27:37,723 - INFO - root - x = 498, y = 114, Radius = 67.14899444580078
2021-08-11 14:27:37,723 - INFO - root - Decision Window: xRange = 489, 502,  yRange = 129, 89
2021-08-11 14:27:37,723 - INFO - root - Distance = 0, direction = 0, Win# 0
2021-08-11 14:27:37,813 - DEBUG - bleak.backends.dotnet.client - Write Characteristic 6e400002-b5a3-f393-e0a9-e50e24dcca9e : bytearray(b'1,2')
2021-08-11 14:27:37,828 - INFO - root - x = 494, y = 116, Radius = 66.9203109741211
2021-08-11 14:27:37,828 - INFO - root - Decision Window: xRange = 489, 502,  yRange = 129, 89
2021-08-11 14:27:37,828 - INFO - root - Distance = 0, direction = 0, Win# 0
2021-08-11 14:27:37,933 - DEBUG - bleak.backends.dotnet.client - Write Characteristic 6e400002-b5a3-f393-e0a9-e50e24dcca9e : bytearray(b'1,2')
2021-08-11 14:27:37,963 - INFO - root - x = 495, y = 117, Radius = 66.50761413574219
2021-08-11 14:27:37,963 - INFO - root - Decision Window: xRange = 489, 502,  yRange = 129, 89
2021-08-11 14:27:37,964 - INFO - root - Distance = 0, direction = 0, Win# 0
2021-08-11 14:27:38,053 - DEBUG - bleak.backends.dotnet.client - Write Characteristic 6e400002-b5a3-f393-e0a9-e50e24dcca9e : bytearray(b'1,2')
2021-08-11 14:27:38,090 - INFO - root - x = 496, y = 118, Radius = 66.50226593017578
2021-08-11 14:27:38,090 - INFO - root - Decision Window: xRange = 489, 502,  yRange = 129, 89
2021-08-11 14:27:38,091 - INFO - root - Distance = 0, direction = 0, Win# 0
2021-08-11 14:27:38,172 - DEBUG - bleak.backends.dotnet.client - Write Characteristic 6e400002-b5a3-f393-e0a9-e50e24dcca9e : bytearray(b'1,2')
2021-08-11 14:27:38,197 - INFO - root - x = 494, y = 118, Radius = 65.84474182128906
2021-08-11 14:27:38,197 - INFO - root - Decision Window: xRange = 489, 502,  yRange = 129, 89
2021-08-11 14:27:38,197 - INFO - root - Distance = 0, direction = 0, Win# 0
2021-08-11 14:27:38,293 - DEBUG - bleak.backends.dotnet.client - Write Characteristic 6e400002-b5a3-f393-e0a9-e50e24dcca9e : bytearray(b'1,2')
2021-08-11 14:27:38,323 - INFO - root - x = 489, y = 118, Radius = 66.04572296142578
2021-08-11 14:27:38,323 - INFO - root - Decision Window: xRange = 489, 502,  yRange = 129, 89
2021-08-11 14:27:38,323 - INFO - root - Distance = 0, direction = 0, Win# 0
2021-08-11 14:27:38,412 - DEBUG - bleak.backends.dotnet.client - Write Characteristic 6e400002-b5a3-f393-e0a9-e50e24dcca9e : bytearray(b'1,2')
2021-08-11 14:27:38,442 - INFO - root - x = 487, y = 118, Radius = 66.0604476928711
2021-08-11 14:27:38,442 - INFO - root - Decision Window: xRange = 489, 502,  yRange = 129, 89
2021-08-11 14:27:38,442 - INFO - root - Distance = 0, direction = 0, Win# 0
2021-08-11 14:27:38,533 - DEBUG - bleak.backends.dotnet.client - Write Characteristic 6e400002-b5a3-f393-e0a9-e50e24dcca9e : bytearray(b'1,2')
2021-08-11 14:27:38,566 - INFO - root - x = 488, y = 118, Radius = 65.57766723632812
2021-08-11 14:27:38,566 - INFO - root - Decision Window: xRange = 489, 502,  yRange = 129, 89
2021-08-11 14:27:38,566 - INFO - root - Distance = 0, direction = 0, Win# 0
2021-08-11 14:27:38,652 - DEBUG - bleak.backends.dotnet.client - Write Characteristic 6e400002-b5a3-f393-e0a9-e50e24dcca9e : bytearray(b'1,2')
2021-08-11 14:27:38,696 - INFO - root - x = 486, y = 117, Radius = 65.80387878417969
2021-08-11 14:27:38,696 - INFO - root - Decision Window: xRange = 489, 502,  yRange = 129, 89
2021-08-11 14:27:38,696 - INFO - root - Distance = 8, direction = 4, Win# 0
2021-08-11 14:27:38,773 - DEBUG - bleak.backends.dotnet.client - Write Characteristic 6e400002-b5a3-f393-e0a9-e50e24dcca9e : bytearray(b'4,0')
2021-08-11 14:27:38,802 - INFO - root - x = 482, y = 117, Radius = 65.79865264892578
2021-08-11 14:27:38,802 - INFO - root - Decision Window: xRange = 489, 502,  yRange = 129, 89
2021-08-11 14:27:38,802 - INFO - root - Distance = 12, direction = 4, Win# 0
2021-08-11 14:27:38,893 - DEBUG - bleak.backends.dotnet.client - Write Characteristic 6e400002-b5a3-f393-e0a9-e50e24dcca9e : bytearray(b'4,0')
2021-08-11 14:27:38,932 - INFO - root - x = 483, y = 118, Radius = 65.76016998291016
2021-08-11 14:27:38,932 - INFO - root - Decision Window: xRange = 489, 502,  yRange = 129, 89
2021-08-11 14:27:38,932 - INFO - root - Distance = 11, direction = 4, Win# 0
2021-08-11 14:27:39,013 - DEBUG - bleak.backends.dotnet.client - Write Characteristic 6e400002-b5a3-f393-e0a9-e50e24dcca9e : bytearray(b'4,0')
2021-08-11 14:27:39,051 - INFO - root - x = 485, y = 119, Radius = 65.34757232666016
2021-08-11 14:27:39,051 - INFO - root - Decision Window: xRange = 489, 502,  yRange = 129, 89
2021-08-11 14:27:39,051 - INFO - root - Distance = 10, direction = 4, Win# 0
2021-08-11 14:27:39,133 - DEBUG - bleak.backends.dotnet.client - Write Characteristic 6e400002-b5a3-f393-e0a9-e50e24dcca9e : bytearray(b'4,0')
2021-08-11 14:27:39,178 - INFO - root - x = 486, y = 119, Radius = 65.55393981933594
2021-08-11 14:27:39,178 - INFO - root - Decision Window: xRange = 489, 502,  yRange = 129, 89
2021-08-11 14:27:39,178 - INFO - root - Distance = 9, direction = 4, Win# 0
2021-08-11 14:27:39,253 - DEBUG - bleak.backends.dotnet.client - Write Characteristic 6e400002-b5a3-f393-e0a9-e50e24dcca9e : bytearray(b'4,0')
2021-08-11 14:27:39,297 - INFO - root - x = 485, y = 119, Radius = 65.15288543701172
2021-08-11 14:27:39,297 - INFO - root - Decision Window: xRange = 489, 502,  yRange = 129, 89
2021-08-11 14:27:39,297 - INFO - root - Distance = 10, direction = 4, Win# 0
2021-08-11 14:27:39,372 - DEBUG - bleak.backends.dotnet.client - Write Characteristic 6e400002-b5a3-f393-e0a9-e50e24dcca9e : bytearray(b'4,0')
2021-08-11 14:27:39,405 - INFO - root - x = 486, y = 121, Radius = 65.34757232666016
2021-08-11 14:27:39,405 - INFO - root - Decision Window: xRange = 489, 502,  yRange = 129, 89
2021-08-11 14:27:39,405 - INFO - root - Distance = 10, direction = 4, Win# 0
2021-08-11 14:27:39,553 - DEBUG - bleak.backends.dotnet.client - Write Characteristic 6e400002-b5a3-f393-e0a9-e50e24dcca9e : bytearray(b'4,0')
2021-08-11 14:27:39,592 - INFO - root - x = 486, y = 121, Radius = 65.34757232666016
2021-08-11 14:27:39,592 - INFO - root - Decision Window: xRange = 489, 502,  yRange = 129, 89
2021-08-11 14:27:39,592 - INFO - root - Distance = 10, direction = 4, Win# 0
2021-08-11 14:27:39,673 - DEBUG - bleak.backends.dotnet.client - Write Characteristic 6e400002-b5a3-f393-e0a9-e50e24dcca9e : bytearray(b'4,0')
2021-08-11 14:27:39,713 - INFO - root - x = 484, y = 122, Radius = 64.89192962646484
2021-08-11 14:27:39,713 - INFO - root - Decision Window: xRange = 489, 502,  yRange = 129, 89
2021-08-11 14:27:39,713 - INFO - root - Distance = 12, direction = 4, Win# 0
2021-08-11 14:27:39,793 - DEBUG - bleak.backends.dotnet.client - Write Characteristic 6e400002-b5a3-f393-e0a9-e50e24dcca9e : bytearray(b'4,0')
2021-08-11 14:27:39,837 - INFO - root - x = 483, y = 122, Radius = 65.13468170166016
2021-08-11 14:27:39,837 - INFO - root - Decision Window: xRange = 489, 502,  yRange = 129, 89
2021-08-11 14:27:39,837 - INFO - root - Distance = 13, direction = 4, Win# 0
2021-08-11 14:27:39,913 - DEBUG - bleak.backends.dotnet.client - Write Characteristic 6e400002-b5a3-f393-e0a9-e50e24dcca9e : bytearray(b'4,0')
2021-08-11 14:27:39,945 - INFO - root - x = 482, y = 122, Radius = 64.4744644165039
2021-08-11 14:27:39,945 - INFO - root - Decision Window: xRange = 489, 502,  yRange = 129, 89
2021-08-11 14:27:39,945 - INFO - root - Distance = 14, direction = 4, Win# 0
2021-08-11 14:27:40,033 - DEBUG - bleak.backends.dotnet.client - Write Characteristic 6e400002-b5a3-f393-e0a9-e50e24dcca9e : bytearray(b'4,0')
2021-08-11 14:27:40,070 - INFO - root - x = 482, y = 121, Radius = 65.13468170166016
2021-08-11 14:27:40,070 - INFO - root - Decision Window: xRange = 489, 502,  yRange = 129, 89
2021-08-11 14:27:40,070 - INFO - root - Distance = 13, direction = 4, Win# 0
2021-08-11 14:27:40,152 - DEBUG - bleak.backends.dotnet.client - Write Characteristic 6e400002-b5a3-f393-e0a9-e50e24dcca9e : bytearray(b'4,0')
2021-08-11 14:27:40,196 - INFO - root - x = 481, y = 118, Radius = 64.66837310791016
2021-08-11 14:27:40,196 - INFO - root - Decision Window: xRange = 489, 502,  yRange = 129, 89
2021-08-11 14:27:40,196 - INFO - root - Distance = 13, direction = 4, Win# 0
2021-08-11 14:27:40,273 - DEBUG - bleak.backends.dotnet.client - Write Characteristic 6e400002-b5a3-f393-e0a9-e50e24dcca9e : bytearray(b'4,0')
2021-08-11 14:27:40,317 - INFO - root - x = 479, y = 116, Radius = 63.53594207763672
2021-08-11 14:27:40,317 - INFO - root - Decision Window: xRange = 489, 502,  yRange = 129, 89
2021-08-11 14:27:40,317 - INFO - root - Distance = 14, direction = 4, Win# 0
2021-08-11 14:27:40,393 - DEBUG - bleak.backends.dotnet.client - Write Characteristic 6e400002-b5a3-f393-e0a9-e50e24dcca9e : bytearray(b'4,0')
2021-08-11 14:27:40,438 - INFO - root - x = 477, y = 113, Radius = 63.31281661987305
2021-08-11 14:27:40,438 - INFO - root - Decision Window: xRange = 489, 502,  yRange = 129, 89
2021-08-11 14:27:40,438 - INFO - root - Distance = 14, direction = 4, Win# 0
2021-08-11 14:27:40,513 - DEBUG - bleak.backends.dotnet.client - Write Characteristic 6e400002-b5a3-f393-e0a9-e50e24dcca9e : bytearray(b'4,0')
2021-08-11 14:27:40,550 - INFO - root - x = 475, y = 109, Radius = 61.959129333496094
2021-08-11 14:27:40,550 - INFO - root - Decision Window: xRange = 477, 488,  yRange = 118, 82
2021-08-11 14:27:40,550 - INFO - root - Distance = 12, direction = 1, Win# 1
2021-08-11 14:27:40,633 - DEBUG - bleak.backends.dotnet.client - Write Characteristic 6e400002-b5a3-f393-e0a9-e50e24dcca9e : bytearray(b'1,0')
2021-08-11 14:27:40,665 - INFO - root - x = 476, y = 107, Radius = 61.50698471069336
2021-08-11 14:27:40,665 - INFO - root - Decision Window: xRange = 477, 488,  yRange = 118, 82
2021-08-11 14:27:40,665 - INFO - root - Distance = 0, direction = 0, Win# 1
2021-08-11 14:27:40,753 - DEBUG - bleak.backends.dotnet.client - Write Characteristic 6e400002-b5a3-f393-e0a9-e50e24dcca9e : bytearray(b'1,2')
2021-08-11 14:27:40,775 - INFO - root - x = 477, y = 107, Radius = 61.502132415771484
2021-08-11 14:27:40,775 - INFO - root - Decision Window: xRange = 477, 488,  yRange = 118, 82
2021-08-11 14:27:40,775 - INFO - root - Distance = 0, direction = 0, Win# 1
2021-08-11 14:27:40,873 - DEBUG - bleak.backends.dotnet.client - Write Characteristic 6e400002-b5a3-f393-e0a9-e50e24dcca9e : bytearray(b'1,2')
2021-08-11 14:27:40,911 - INFO - root - x = 479, y = 106, Radius = 60.623939514160156
2021-08-11 14:27:40,911 - INFO - root - Decision Window: xRange = 477, 488,  yRange = 118, 82
2021-08-11 14:27:40,911 - INFO - root - Distance = 0, direction = 0, Win# 1
2021-08-11 14:27:40,993 - DEBUG - bleak.backends.dotnet.client - Write Characteristic 6e400002-b5a3-f393-e0a9-e50e24dcca9e : bytearray(b'1,2')
2021-08-11 14:27:41,023 - INFO - root - x = 478, y = 106, Radius = 60.17472839355469
2021-08-11 14:27:41,023 - INFO - root - Decision Window: xRange = 477, 488,  yRange = 118, 82
2021-08-11 14:27:41,023 - INFO - root - Distance = 0, direction = 0, Win# 1
2021-08-11 14:27:41,113 - DEBUG - bleak.backends.dotnet.client - Write Characteristic 6e400002-b5a3-f393-e0a9-e50e24dcca9e : bytearray(b'1,2')
2021-08-11 14:27:41,143 - INFO - root - x = 477, y = 106, Radius = 61.051307678222656
2021-08-11 14:27:41,143 - INFO - root - Decision Window: xRange = 477, 488,  yRange = 118, 82
2021-08-11 14:27:41,143 - INFO - root - Distance = 0, direction = 0, Win# 1
2021-08-11 14:27:41,233 - DEBUG - bleak.backends.dotnet.client - Write Characteristic 6e400002-b5a3-f393-e0a9-e50e24dcca9e : bytearray(b'1,2')
2021-08-11 14:27:41,266 - INFO - root - x = 479, y = 107, Radius = 61.502132415771484
2021-08-11 14:27:41,266 - INFO - root - Decision Window: xRange = 477, 488,  yRange = 118, 82
2021-08-11 14:27:41,266 - INFO - root - Distance = 0, direction = 0, Win# 1
2021-08-11 14:27:41,353 - DEBUG - bleak.backends.dotnet.client - Write Characteristic 6e400002-b5a3-f393-e0a9-e50e24dcca9e : bytearray(b'1,2')
2021-08-11 14:27:41,394 - INFO - root - x = 481, y = 107, Radius = 61.051307678222656
2021-08-11 14:27:41,394 - INFO - root - Decision Window: xRange = 477, 488,  yRange = 118, 82
2021-08-11 14:27:41,394 - INFO - root - Distance = 0, direction = 0, Win# 1
2021-08-11 14:27:41,473 - DEBUG - bleak.backends.dotnet.client - Write Characteristic 6e400002-b5a3-f393-e0a9-e50e24dcca9e : bytearray(b'1,2')
2021-08-11 14:27:41,513 - INFO - root - x = 482, y = 107, Radius = 61.288352966308594
2021-08-11 14:27:41,513 - INFO - root - Decision Window: xRange = 477, 488,  yRange = 118, 82
2021-08-11 14:27:41,513 - INFO - root - Distance = 0, direction = 0, Win# 1
2021-08-11 14:27:41,593 - DEBUG - bleak.backends.dotnet.client - Write Characteristic 6e400002-b5a3-f393-e0a9-e50e24dcca9e : bytearray(b'1,2')
2021-08-11 14:27:41,624 - INFO - root - x = 484, y = 107, Radius = 61.051307678222656
2021-08-11 14:27:41,624 - INFO - root - Decision Window: xRange = 477, 488,  yRange = 118, 82
2021-08-11 14:27:41,624 - INFO - root - Distance = 0, direction = 0, Win# 1
2021-08-11 14:27:41,713 - DEBUG - bleak.backends.dotnet.client - Write Characteristic 6e400002-b5a3-f393-e0a9-e50e24dcca9e : bytearray(b'1,2')
2021-08-11 14:27:41,744 - INFO - root - x = 486, y = 106, Radius = 60.83594512939453
2021-08-11 14:27:41,744 - INFO - root - Decision Window: xRange = 477, 488,  yRange = 118, 82
2021-08-11 14:27:41,744 - INFO - root - Distance = 0, direction = 0, Win# 1
2021-08-11 14:27:41,833 - DEBUG - bleak.backends.dotnet.client - Write Characteristic 6e400002-b5a3-f393-e0a9-e50e24dcca9e : bytearray(b'1,2')
2021-08-11 14:27:41,867 - INFO - root - x = 487, y = 105, Radius = 59.71818542480469
2021-08-11 14:27:41,867 - INFO - root - Decision Window: xRange = 477, 488,  yRange = 118, 82
2021-08-11 14:27:41,868 - INFO - root - Distance = 0, direction = 0, Win# 1
2021-08-11 14:27:41,953 - DEBUG - bleak.backends.dotnet.client - Write Characteristic 6e400002-b5a3-f393-e0a9-e50e24dcca9e : bytearray(b'1,2')
2021-08-11 14:27:41,993 - INFO - root - x = 486, y = 105, Radius = 60.38428497314453
2021-08-11 14:27:41,993 - INFO - root - Decision Window: xRange = 477, 488,  yRange = 118, 82
2021-08-11 14:27:41,993 - INFO - root - Distance = 0, direction = 0, Win# 1
2021-08-11 14:27:42,073 - DEBUG - bleak.backends.dotnet.client - Write Characteristic 6e400002-b5a3-f393-e0a9-e50e24dcca9e : bytearray(b'1,2')
2021-08-11 14:27:42,115 - INFO - root - x = 486, y = 106, Radius = 60.83594512939453
2021-08-11 14:27:42,115 - INFO - root - Decision Window: xRange = 477, 488,  yRange = 118, 82
2021-08-11 14:27:42,115 - INFO - root - Distance = 0, direction = 0, Win# 1
2021-08-11 14:27:42,193 - DEBUG - bleak.backends.dotnet.client - Write Characteristic 6e400002-b5a3-f393-e0a9-e50e24dcca9e : bytearray(b'1,2')
2021-08-11 14:27:42,224 - INFO - root - x = 483, y = 106, Radius = 60.83594512939453
2021-08-11 14:27:42,224 - INFO - root - Decision Window: xRange = 477, 488,  yRange = 118, 82
2021-08-11 14:27:42,224 - INFO - root - Distance = 0, direction = 0, Win# 1
2021-08-11 14:27:42,313 - DEBUG - bleak.backends.dotnet.client - Write Characteristic 6e400002-b5a3-f393-e0a9-e50e24dcca9e : bytearray(b'1,2')
2021-08-11 14:27:42,345 - INFO - root - x = 484, y = 107, Radius = 61.288352966308594
2021-08-11 14:27:42,345 - INFO - root - Decision Window: xRange = 477, 488,  yRange = 118, 82
2021-08-11 14:27:42,345 - INFO - root - Distance = 0, direction = 0, Win# 1
2021-08-11 14:27:42,433 - DEBUG - bleak.backends.dotnet.client - Write Characteristic 6e400002-b5a3-f393-e0a9-e50e24dcca9e : bytearray(b'1,2')
2021-08-11 14:27:42,469 - INFO - root - x = 485, y = 107, Radius = 61.502132415771484
2021-08-11 14:27:42,469 - INFO - root - Decision Window: xRange = 477, 488,  yRange = 118, 82
2021-08-11 14:27:42,469 - INFO - root - Distance = 0, direction = 0, Win# 1
2021-08-11 14:27:42,552 - DEBUG - bleak.backends.dotnet.client - Write Characteristic 6e400002-b5a3-f393-e0a9-e50e24dcca9e : bytearray(b'1,2')
2021-08-11 14:27:42,593 - INFO - root - x = 485, y = 106, Radius = 60.601253509521484
2021-08-11 14:27:42,593 - INFO - root - Decision Window: xRange = 477, 488,  yRange = 118, 82
2021-08-11 14:27:42,593 - INFO - root - Distance = 0, direction = 0, Win# 1
2021-08-11 14:27:42,673 - DEBUG - bleak.backends.dotnet.client - Write Characteristic 6e400002-b5a3-f393-e0a9-e50e24dcca9e : bytearray(b'1,2')
2021-08-11 14:27:42,701 - INFO - root - x = 485, y = 106, Radius = 61.051307678222656
2021-08-11 14:27:42,701 - INFO - root - Decision Window: xRange = 477, 488,  yRange = 118, 82
2021-08-11 14:27:42,701 - INFO - root - Distance = 0, direction = 0, Win# 1
2021-08-11 14:27:42,793 - DEBUG - bleak.backends.dotnet.client - Write Characteristic 6e400002-b5a3-f393-e0a9-e50e24dcca9e : bytearray(b'1,2')
2021-08-11 14:27:42,826 - INFO - root - x = 485, y = 107, Radius = 61.288352966308594
2021-08-11 14:27:42,826 - INFO - root - Decision Window: xRange = 477, 488,  yRange = 118, 82
2021-08-11 14:27:42,826 - INFO - root - Distance = 0, direction = 0, Win# 1
2021-08-11 14:27:42,913 - DEBUG - bleak.backends.dotnet.client - Write Characteristic 6e400002-b5a3-f393-e0a9-e50e24dcca9e : bytearray(b'1,2')
2021-08-11 14:27:42,947 - INFO - root - x = 485, y = 107, Radius = 61.953712463378906
2021-08-11 14:27:42,947 - INFO - root - Decision Window: xRange = 477, 488,  yRange = 118, 82
2021-08-11 14:27:42,947 - INFO - root - Distance = 0, direction = 0, Win# 1
2021-08-11 14:27:43,033 - DEBUG - bleak.backends.dotnet.client - Write Characteristic 6e400002-b5a3-f393-e0a9-e50e24dcca9e : bytearray(b'1,2')
2021-08-11 14:27:43,074 - INFO - root - x = 485, y = 106, Radius = 61.27029800415039
2021-08-11 14:27:43,074 - INFO - root - Decision Window: xRange = 477, 488,  yRange = 118, 82
2021-08-11 14:27:43,074 - INFO - root - Distance = 0, direction = 0, Win# 1
2021-08-11 14:27:43,153 - DEBUG - bleak.backends.dotnet.client - Write Characteristic 6e400002-b5a3-f393-e0a9-e50e24dcca9e : bytearray(b'1,2')
2021-08-11 14:27:43,180 - INFO - root - x = 486, y = 107, Radius = 61.055606842041016
2021-08-11 14:27:43,180 - INFO - root - Decision Window: xRange = 477, 488,  yRange = 118, 82
2021-08-11 14:27:43,180 - INFO - root - Distance = 0, direction = 0, Win# 1
2021-08-11 14:27:43,273 - DEBUG - bleak.backends.dotnet.client - Write Characteristic 6e400002-b5a3-f393-e0a9-e50e24dcca9e : bytearray(b'1,2')
2021-08-11 14:27:43,302 - INFO - root - x = 490, y = 107, Radius = 61.71921920776367
2021-08-11 14:27:43,302 - INFO - root - Decision Window: xRange = 477, 488,  yRange = 118, 82
2021-08-11 14:27:43,302 - INFO - root - Distance = 0, direction = 0, Win# 1
2021-08-11 14:27:43,393 - DEBUG - bleak.backends.dotnet.client - Write Characteristic 6e400002-b5a3-f393-e0a9-e50e24dcca9e : bytearray(b'1,2')
2021-08-11 14:27:43,411 - INFO - root - x = 490, y = 106, Radius = 61.06186294555664
2021-08-11 14:27:43,411 - INFO - root - Decision Window: xRange = 477, 488,  yRange = 118, 82
2021-08-11 14:27:43,411 - INFO - root - Distance = 0, direction = 0, Win# 1
2021-08-11 14:27:43,513 - DEBUG - bleak.backends.dotnet.client - Write Characteristic 6e400002-b5a3-f393-e0a9-e50e24dcca9e : bytearray(b'1,2')
2021-08-11 14:27:43,549 - INFO - root - x = 490, y = 106, Radius = 61.055606842041016
2021-08-11 14:27:43,549 - INFO - root - Decision Window: xRange = 477, 488,  yRange = 118, 82
2021-08-11 14:27:43,549 - INFO - root - Distance = 0, direction = 0, Win# 1
2021-08-11 14:27:43,633 - DEBUG - bleak.backends.dotnet.client - Write Characteristic 6e400002-b5a3-f393-e0a9-e50e24dcca9e : bytearray(b'1,2')
2021-08-11 14:27:43,677 - INFO - root - x = 491, y = 107, Radius = 61.502132415771484
2021-08-11 14:27:43,677 - INFO - root - Decision Window: xRange = 477, 488,  yRange = 118, 82
2021-08-11 14:27:43,677 - INFO - root - Distance = 0, direction = 0, Win# 1
2021-08-11 14:27:43,813 - DEBUG - bleak.backends.dotnet.client - Write Characteristic 6e400002-b5a3-f393-e0a9-e50e24dcca9e : bytearray(b'1,2')
2021-08-11 14:27:43,846 - INFO - root - x = 492, y = 107, Radius = 61.71921920776367
2021-08-11 14:27:43,846 - INFO - root - Decision Window: xRange = 477, 488,  yRange = 118, 82
2021-08-11 14:27:43,846 - INFO - root - Distance = 0, direction = 0, Win# 1
2021-08-11 14:27:43,933 - DEBUG - bleak.backends.dotnet.client - Write Characteristic 6e400002-b5a3-f393-e0a9-e50e24dcca9e : bytearray(b'1,2')
2021-08-11 14:27:43,970 - INFO - root - x = 492, y = 107, Radius = 61.288352966308594
2021-08-11 14:27:43,970 - INFO - root - Decision Window: xRange = 477, 488,  yRange = 118, 82
2021-08-11 14:27:43,970 - INFO - root - Distance = 0, direction = 0, Win# 1
2021-08-11 14:27:44,053 - DEBUG - bleak.backends.dotnet.client - Write Characteristic 6e400002-b5a3-f393-e0a9-e50e24dcca9e : bytearray(b'1,2')
2021-08-11 14:27:44,094 - INFO - root - x = 493, y = 107, Radius = 61.502132415771484
2021-08-11 14:27:44,094 - INFO - root - Decision Window: xRange = 477, 488,  yRange = 118, 82
2021-08-11 14:27:44,094 - INFO - root - Distance = 0, direction = 0, Win# 1
2021-08-11 14:27:44,173 - DEBUG - bleak.backends.dotnet.client - Write Characteristic 6e400002-b5a3-f393-e0a9-e50e24dcca9e : bytearray(b'1,2')
2021-08-11 14:27:44,200 - INFO - root - x = 493, y = 107, Radius = 61.53261184692383
2021-08-11 14:27:44,200 - INFO - root - Decision Window: xRange = 477, 488,  yRange = 118, 82
2021-08-11 14:27:44,200 - INFO - root - Distance = 0, direction = 0, Win# 1
2021-08-11 14:27:44,293 - DEBUG - bleak.backends.dotnet.client - Write Characteristic 6e400002-b5a3-f393-e0a9-e50e24dcca9e : bytearray(b'1,2')
2021-08-11 14:27:44,327 - INFO - root - x = 494, y = 107, Radius = 60.87228775024414
2021-08-11 14:27:44,328 - INFO - root - Decision Window: xRange = 477, 488,  yRange = 118, 82
2021-08-11 14:27:44,328 - INFO - root - Distance = 0, direction = 0, Win# 1
2021-08-11 14:27:44,413 - DEBUG - bleak.backends.dotnet.client - Write Characteristic 6e400002-b5a3-f393-e0a9-e50e24dcca9e : bytearray(b'1,2')
2021-08-11 14:27:44,447 - INFO - root - x = 492, y = 107, Radius = 61.502132415771484
2021-08-11 14:27:44,447 - INFO - root - Decision Window: xRange = 477, 488,  yRange = 118, 82
2021-08-11 14:27:44,447 - INFO - root - Distance = 0, direction = 0, Win# 1
2021-08-11 14:27:44,533 - DEBUG - bleak.backends.dotnet.client - Write Characteristic 6e400002-b5a3-f393-e0a9-e50e24dcca9e : bytearray(b'1,2')
2021-08-11 14:27:44,570 - INFO - root - x = 492, y = 107, Radius = 61.27644348144531
2021-08-11 14:27:44,570 - INFO - root - Decision Window: xRange = 477, 488,  yRange = 118, 82
2021-08-11 14:27:44,570 - INFO - root - Distance = 0, direction = 0, Win# 1
2021-08-11 14:27:44,652 - DEBUG - bleak.backends.dotnet.client - Write Characteristic 6e400002-b5a3-f393-e0a9-e50e24dcca9e : bytearray(b'1,2')
2021-08-11 14:27:44,680 - INFO - root - x = 490, y = 107, Radius = 61.055606842041016
2021-08-11 14:27:44,680 - INFO - root - Decision Window: xRange = 477, 488,  yRange = 118, 82
2021-08-11 14:27:44,680 - INFO - root - Distance = 0, direction = 0, Win# 1
2021-08-11 14:27:44,773 - DEBUG - bleak.backends.dotnet.client - Write Characteristic 6e400002-b5a3-f393-e0a9-e50e24dcca9e : bytearray(b'1,2')
2021-08-11 14:27:44,792 - INFO - root - x = 487, y = 107, Radius = 61.288352966308594
2021-08-11 14:27:44,792 - INFO - root - Decision Window: xRange = 477, 488,  yRange = 118, 82
2021-08-11 14:27:44,792 - INFO - root - Distance = 0, direction = 0, Win# 1
2021-08-11 14:27:44,893 - DEBUG - bleak.backends.dotnet.client - Write Characteristic 6e400002-b5a3-f393-e0a9-e50e24dcca9e : bytearray(b'1,2')
2021-08-11 14:27:44,927 - INFO - root - x = 486, y = 107, Radius = 61.502132415771484
2021-08-11 14:27:44,927 - INFO - root - Decision Window: xRange = 477, 488,  yRange = 118, 82
2021-08-11 14:27:44,927 - INFO - root - Distance = 0, direction = 0, Win# 1
2021-08-11 14:27:45,013 - DEBUG - bleak.backends.dotnet.client - Write Characteristic 6e400002-b5a3-f393-e0a9-e50e24dcca9e : bytearray(b'1,2')
2021-08-11 14:27:45,052 - INFO - root - x = 483, y = 106, Radius = 61.051307678222656
2021-08-11 14:27:45,052 - INFO - root - Decision Window: xRange = 477, 488,  yRange = 118, 82
2021-08-11 14:27:45,052 - INFO - root - Distance = 0, direction = 0, Win# 1
2021-08-11 14:27:45,133 - DEBUG - bleak.backends.dotnet.client - Write Characteristic 6e400002-b5a3-f393-e0a9-e50e24dcca9e : bytearray(b'1,2')
2021-08-11 14:27:45,147 - INFO - root - x = 483, y = 105, Radius = 60.38428497314453
2021-08-11 14:27:45,147 - INFO - root - Decision Window: xRange = 477, 488,  yRange = 118, 82
2021-08-11 14:27:45,147 - INFO - root - Distance = 0, direction = 0, Win# 1
2021-08-11 14:27:45,253 - DEBUG - bleak.backends.dotnet.client - Write Characteristic 6e400002-b5a3-f393-e0a9-e50e24dcca9e : bytearray(b'1,2')
2021-08-11 14:27:45,281 - INFO - root - x = 479, y = 105, Radius = 60.1519889831543
2021-08-11 14:27:45,281 - INFO - root - Decision Window: xRange = 477, 488,  yRange = 118, 82
2021-08-11 14:27:45,281 - INFO - root - Distance = 0, direction = 0, Win# 1
2021-08-11 14:27:45,373 - DEBUG - bleak.backends.dotnet.client - Write Characteristic 6e400002-b5a3-f393-e0a9-e50e24dcca9e : bytearray(b'1,2')
2021-08-11 14:27:45,409 - INFO - root - x = 474, y = 104, Radius = 58.820701599121094
2021-08-11 14:27:45,409 - INFO - root - Decision Window: xRange = 477, 488,  yRange = 118, 82
2021-08-11 14:27:45,409 - INFO - root - Distance = 9, direction = 1, Win# 1
2021-08-11 14:27:45,493 - DEBUG - bleak.backends.dotnet.client - Write Characteristic 6e400002-b5a3-f393-e0a9-e50e24dcca9e : bytearray(b'1,0')
2021-08-11 14:27:45,535 - INFO - root - x = 463, y = 102, Radius = 58.36318588256836
2021-08-11 14:27:45,535 - INFO - root - Decision Window: xRange = 466, 476,  yRange = 115, 80
2021-08-11 14:27:45,535 - INFO - root - Distance = 12, direction = 1, Win# 2
2021-08-11 14:27:45,612 - DEBUG - bleak.backends.dotnet.client - Write Characteristic 6e400002-b5a3-f393-e0a9-e50e24dcca9e : bytearray(b'1,0')
2021-08-11 14:27:45,654 - INFO - root - x = 463, y = 102, Radius = 57.91814422607422
2021-08-11 14:27:45,654 - INFO - root - Decision Window: xRange = 466, 476,  yRange = 115, 80
2021-08-11 14:27:45,654 - INFO - root - Distance = 12, direction = 1, Win# 2
2021-08-11 14:27:45,733 - DEBUG - bleak.backends.dotnet.client - Write Characteristic 6e400002-b5a3-f393-e0a9-e50e24dcca9e : bytearray(b'1,0')
2021-08-11 14:27:45,767 - INFO - root - x = 462, y = 101, Radius = 57.47400665283203
2021-08-11 14:27:45,767 - INFO - root - Decision Window: xRange = 466, 476,  yRange = 115, 80
2021-08-11 14:27:45,767 - INFO - root - Distance = 12, direction = 1, Win# 2
2021-08-11 14:27:45,853 - DEBUG - bleak.backends.dotnet.client - Write Characteristic 6e400002-b5a3-f393-e0a9-e50e24dcca9e : bytearray(b'1,0')
2021-08-11 14:27:45,870 - INFO - root - x = 461, y = 101, Radius = 57.264835357666016
2021-08-11 14:27:45,870 - INFO - root - Decision Window: xRange = 466, 476,  yRange = 115, 80
2021-08-11 14:27:45,870 - INFO - root - Distance = 12, direction = 1, Win# 2
2021-08-11 14:27:45,973 - DEBUG - bleak.backends.dotnet.client - Write Characteristic 6e400002-b5a3-f393-e0a9-e50e24dcca9e : bytearray(b'1,0')
2021-08-11 14:27:46,013 - INFO - root - x = 463, y = 101, Radius = 57.50227355957031
2021-08-11 14:27:46,013 - INFO - root - Decision Window: xRange = 466, 476,  yRange = 115, 80
2021-08-11 14:27:46,013 - INFO - root - Distance = 11, direction = 1, Win# 2
2021-08-11 14:27:46,093 - DEBUG - bleak.backends.dotnet.client - Write Characteristic 6e400002-b5a3-f393-e0a9-e50e24dcca9e : bytearray(b'1,0')
2021-08-11 14:27:46,134 - INFO - root - x = 461, y = 101, Radius = 57.50227355957031
2021-08-11 14:27:46,134 - INFO - root - Decision Window: xRange = 466, 476,  yRange = 115, 80
2021-08-11 14:27:46,134 - INFO - root - Distance = 12, direction = 1, Win# 2
2021-08-11 14:27:46,213 - DEBUG - bleak.backends.dotnet.client - Write Characteristic 6e400002-b5a3-f393-e0a9-e50e24dcca9e : bytearray(b'1,0')
2021-08-11 14:27:46,237 - INFO - root - x = 464, y = 101, Radius = 57.47400665283203
2021-08-11 14:27:46,237 - INFO - root - Decision Window: xRange = 466, 476,  yRange = 115, 80
2021-08-11 14:27:46,238 - INFO - root - Distance = 0, direction = 0, Win# 2
2021-08-11 14:27:46,333 - DEBUG - bleak.backends.dotnet.client - Write Characteristic 6e400002-b5a3-f393-e0a9-e50e24dcca9e : bytearray(b'1,2')
2021-08-11 14:27:46,363 - INFO - root - x = 467, y = 102, Radius = 58.148616790771484
2021-08-11 14:27:46,363 - INFO - root - Decision Window: xRange = 466, 476,  yRange = 115, 80
2021-08-11 14:27:46,363 - INFO - root - Distance = 0, direction = 0, Win# 2
2021-08-11 14:27:46,453 - DEBUG - bleak.backends.dotnet.client - Write Characteristic 6e400002-b5a3-f393-e0a9-e50e24dcca9e : bytearray(b'1,2')
2021-08-11 14:27:46,486 - INFO - root - x = 466, y = 103, Radius = 58.809112548828125
2021-08-11 14:27:46,486 - INFO - root - Decision Window: xRange = 466, 476,  yRange = 115, 80
2021-08-11 14:27:46,486 - INFO - root - Distance = 0, direction = 0, Win# 2
2021-08-11 14:27:46,573 - DEBUG - bleak.backends.dotnet.client - Write Characteristic 6e400002-b5a3-f393-e0a9-e50e24dcca9e : bytearray(b'1,2')
2021-08-11 14:27:46,611 - INFO - root - x = 465, y = 103, Radius = 58.81608581542969
2021-08-11 14:27:46,611 - INFO - root - Decision Window: xRange = 466, 476,  yRange = 115, 80
2021-08-11 14:27:46,611 - INFO - root - Distance = 0, direction = 0, Win# 2
2021-08-11 14:27:46,693 - DEBUG - bleak.backends.dotnet.client - Write Characteristic 6e400002-b5a3-f393-e0a9-e50e24dcca9e : bytearray(b'1,2')
2021-08-11 14:27:46,733 - INFO - root - x = 464, y = 103, Radius = 58.40401840209961
2021-08-11 14:27:46,733 - INFO - root - Decision Window: xRange = 466, 476,  yRange = 115, 80
2021-08-11 14:27:46,733 - INFO - root - Distance = 0, direction = 0, Win# 2
2021-08-11 14:27:46,813 - DEBUG - bleak.backends.dotnet.client - Write Characteristic 6e400002-b5a3-f393-e0a9-e50e24dcca9e : bytearray(b'1,2')
2021-08-11 14:27:46,839 - INFO - root - x = 465, y = 103, Radius = 58.592803955078125
2021-08-11 14:27:46,839 - INFO - root - Decision Window: xRange = 466, 476,  yRange = 115, 80
2021-08-11 14:27:46,839 - INFO - root - Distance = 0, direction = 0, Win# 2
2021-08-11 14:27:46,933 - DEBUG - bleak.backends.dotnet.client - Write Characteristic 6e400002-b5a3-f393-e0a9-e50e24dcca9e : bytearray(b'1,2')
2021-08-11 14:27:46,965 - INFO - root - x = 466, y = 102, Radius = 58.592803955078125
2021-08-11 14:27:46,965 - INFO - root - Decision Window: xRange = 466, 476,  yRange = 115, 80
2021-08-11 14:27:46,965 - INFO - root - Distance = 0, direction = 0, Win# 2
2021-08-11 14:27:47,053 - DEBUG - bleak.backends.dotnet.client - Write Characteristic 6e400002-b5a3-f393-e0a9-e50e24dcca9e : bytearray(b'1,2')
2021-08-11 14:27:47,071 - INFO - root - x = 466, y = 103, Radius = 59.03610610961914
2021-08-11 14:27:47,071 - INFO - root - Decision Window: xRange = 466, 476,  yRange = 115, 80
2021-08-11 14:27:47,071 - INFO - root - Distance = 0, direction = 0, Win# 2
2021-08-11 14:27:47,173 - DEBUG - bleak.backends.dotnet.client - Write Characteristic 6e400002-b5a3-f393-e0a9-e50e24dcca9e : bytearray(b'1,2')
2021-08-11 14:27:47,214 - INFO - root - x = 467, y = 103, Radius = 59.70353317260742
2021-08-11 14:27:47,214 - INFO - root - Decision Window: xRange = 466, 476,  yRange = 115, 80
2021-08-11 14:27:47,214 - INFO - root - Distance = 0, direction = 0, Win# 2
2021-08-11 14:27:47,293 - DEBUG - bleak.backends.dotnet.client - Write Characteristic 6e400002-b5a3-f393-e0a9-e50e24dcca9e : bytearray(b'1,2')
2021-08-11 14:27:47,331 - INFO - root - x = 466, y = 103, Radius = 59.92713928222656
2021-08-11 14:27:47,331 - INFO - root - Decision Window: xRange = 466, 476,  yRange = 115, 80
2021-08-11 14:27:47,331 - INFO - root - Distance = 0, direction = 0, Win# 2
2021-08-11 14:27:47,413 - DEBUG - bleak.backends.dotnet.client - Write Characteristic 6e400002-b5a3-f393-e0a9-e50e24dcca9e : bytearray(b'1,2')
2021-08-11 14:27:47,444 - INFO - root - x = 468, y = 103, Radius = 59.26700210571289
2021-08-11 14:27:47,444 - INFO - root - Decision Window: xRange = 466, 476,  yRange = 115, 80
2021-08-11 14:27:47,444 - INFO - root - Distance = 0, direction = 0, Win# 2
2021-08-11 14:27:47,533 - DEBUG - bleak.backends.dotnet.client - Write Characteristic 6e400002-b5a3-f393-e0a9-e50e24dcca9e : bytearray(b'1,2')
2021-08-11 14:27:47,567 - INFO - root - x = 471, y = 103, Radius = 59.25590133666992
2021-08-11 14:27:47,567 - INFO - root - Decision Window: xRange = 466, 476,  yRange = 115, 80
2021-08-11 14:27:47,567 - INFO - root - Distance = 0, direction = 0, Win# 2
2021-08-11 14:27:47,653 - DEBUG - bleak.backends.dotnet.client - Write Characteristic 6e400002-b5a3-f393-e0a9-e50e24dcca9e : bytearray(b'1,2')
2021-08-11 14:27:47,687 - INFO - root - x = 474, y = 103, Radius = 59.4811897277832
2021-08-11 14:27:47,687 - INFO - root - Decision Window: xRange = 466, 476,  yRange = 115, 80
2021-08-11 14:27:47,688 - INFO - root - Distance = 0, direction = 0, Win# 2
2021-08-11 14:27:47,773 - DEBUG - bleak.backends.dotnet.client - Write Characteristic 6e400002-b5a3-f393-e0a9-e50e24dcca9e : bytearray(b'1,2')
2021-08-11 14:27:47,799 - INFO - root - x = 475, y = 102, Radius = 58.828643798828125
2021-08-11 14:27:47,799 - INFO - root - Decision Window: xRange = 466, 476,  yRange = 115, 80
2021-08-11 14:27:47,799 - INFO - root - Distance = 0, direction = 0, Win# 2
2021-08-11 14:27:47,893 - DEBUG - bleak.backends.dotnet.client - Write Characteristic 6e400002-b5a3-f393-e0a9-e50e24dcca9e : bytearray(b'1,2')
2021-08-11 14:27:47,921 - INFO - root - x = 476, y = 103, Radius = 59.4811897277832
2021-08-11 14:27:47,921 - INFO - root - Decision Window: xRange = 466, 476,  yRange = 115, 80
2021-08-11 14:27:47,921 - INFO - root - Distance = 0, direction = 0, Win# 2
2021-08-11 14:27:48,013 - DEBUG - bleak.backends.dotnet.client - Write Characteristic 6e400002-b5a3-f393-e0a9-e50e24dcca9e : bytearray(b'1,2')
2021-08-11 14:27:48,031 - INFO - root - x = 476, y = 103, Radius = 59.25831604003906
2021-08-11 14:27:48,031 - INFO - root - Decision Window: xRange = 466, 476,  yRange = 115, 80
2021-08-11 14:27:48,031 - INFO - root - Distance = 0, direction = 0, Win# 2
2021-08-11 14:27:48,133 - DEBUG - bleak.backends.dotnet.client - Write Characteristic 6e400002-b5a3-f393-e0a9-e50e24dcca9e : bytearray(b'1,2')
2021-08-11 14:27:48,167 - INFO - root - x = 476, y = 103, Radius = 59.03610610961914
2021-08-11 14:27:48,167 - INFO - root - Decision Window: xRange = 466, 476,  yRange = 115, 80
2021-08-11 14:27:48,167 - INFO - root - Distance = 0, direction = 0, Win# 2
2021-08-11 14:27:48,252 - DEBUG - bleak.backends.dotnet.client - Write Characteristic 6e400002-b5a3-f393-e0a9-e50e24dcca9e : bytearray(b'1,2')
2021-08-11 14:27:48,296 - INFO - root - x = 475, y = 103, Radius = 59.48329162597656
2021-08-11 14:27:48,296 - INFO - root - Decision Window: xRange = 466, 476,  yRange = 115, 80
2021-08-11 14:27:48,296 - INFO - root - Distance = 0, direction = 0, Win# 2
2021-08-11 14:27:48,373 - DEBUG - bleak.backends.dotnet.client - Write Characteristic 6e400002-b5a3-f393-e0a9-e50e24dcca9e : bytearray(b'1,2')
2021-08-11 14:27:48,400 - INFO - root - x = 473, y = 103, Radius = 59.25603103637695
2021-08-11 14:27:48,400 - INFO - root - Decision Window: xRange = 466, 476,  yRange = 115, 80
2021-08-11 14:27:48,400 - INFO - root - Distance = 0, direction = 0, Win# 2
2021-08-11 14:27:48,492 - DEBUG - bleak.backends.dotnet.client - Write Characteristic 6e400002-b5a3-f393-e0a9-e50e24dcca9e : bytearray(b'1,2')
2021-08-11 14:27:48,523 - INFO - root - x = 468, y = 103, Radius = 59.4811897277832
2021-08-11 14:27:48,523 - INFO - root - Decision Window: xRange = 466, 476,  yRange = 115, 80
2021-08-11 14:27:48,523 - INFO - root - Distance = 0, direction = 0, Win# 2
2021-08-11 14:27:48,613 - DEBUG - bleak.backends.dotnet.client - Write Characteristic 6e400002-b5a3-f393-e0a9-e50e24dcca9e : bytearray(b'1,2')
2021-08-11 14:27:48,646 - INFO - root - x = 465, y = 102, Radius = 59.03610610961914
2021-08-11 14:27:48,646 - INFO - root - Decision Window: xRange = 466, 476,  yRange = 115, 80
2021-08-11 14:27:48,646 - INFO - root - Distance = 0, direction = 0, Win# 2
2021-08-11 14:27:48,793 - DEBUG - bleak.backends.dotnet.client - Write Characteristic 6e400002-b5a3-f393-e0a9-e50e24dcca9e : bytearray(b'1,2')
2021-08-11 14:27:48,833 - INFO - root - x = 471, y = 103, Radius = 58.80916213989258
2021-08-11 14:27:48,833 - INFO - root - Decision Window: xRange = 466, 476,  yRange = 115, 80
2021-08-11 14:27:48,833 - INFO - root - Distance = 0, direction = 0, Win# 2
2021-08-11 14:27:48,913 - DEBUG - bleak.backends.dotnet.client - Write Characteristic 6e400002-b5a3-f393-e0a9-e50e24dcca9e : bytearray(b'1,2')
2021-08-11 14:27:48,939 - INFO - root - x = 470, y = 102, Radius = 58.592803955078125
2021-08-11 14:27:48,939 - INFO - root - Decision Window: xRange = 466, 476,  yRange = 115, 80
2021-08-11 14:27:48,939 - INFO - root - Distance = 0, direction = 0, Win# 2
2021-08-11 14:27:49,033 - DEBUG - bleak.backends.dotnet.client - Write Characteristic 6e400002-b5a3-f393-e0a9-e50e24dcca9e : bytearray(b'1,2')
2021-08-11 14:27:49,065 - INFO - root - x = 467, y = 102, Radius = 58.824363708496094
2021-08-11 14:27:49,065 - INFO - root - Decision Window: xRange = 466, 476,  yRange = 115, 80
2021-08-11 14:27:49,065 - INFO - root - Distance = 0, direction = 0, Win# 2
2021-08-11 14:27:49,153 - DEBUG - bleak.backends.dotnet.client - Write Characteristic 6e400002-b5a3-f393-e0a9-e50e24dcca9e : bytearray(b'1,2')
2021-08-11 14:27:49,172 - INFO - root - x = 468, y = 103, Radius = 59.266448974609375
2021-08-11 14:27:49,173 - INFO - root - Decision Window: xRange = 466, 476,  yRange = 115, 80
2021-08-11 14:27:49,173 - INFO - root - Distance = 0, direction = 0, Win# 2
2021-08-11 14:27:49,273 - DEBUG - bleak.backends.dotnet.client - Write Characteristic 6e400002-b5a3-f393-e0a9-e50e24dcca9e : bytearray(b'1,2')
2021-08-11 14:27:49,313 - INFO - root - x = 470, y = 102, Radius = 59.266448974609375
2021-08-11 14:27:49,313 - INFO - root - Decision Window: xRange = 466, 476,  yRange = 115, 80
2021-08-11 14:27:49,313 - INFO - root - Distance = 0, direction = 0, Win# 2
2021-08-11 14:27:49,393 - DEBUG - bleak.backends.dotnet.client - Write Characteristic 6e400002-b5a3-f393-e0a9-e50e24dcca9e : bytearray(b'1,2')
2021-08-11 14:27:49,420 - INFO - root - x = 470, y = 102, Radius = 59.03610610961914
2021-08-11 14:27:49,420 - INFO - root - Decision Window: xRange = 466, 476,  yRange = 115, 80
2021-08-11 14:27:49,420 - INFO - root - Distance = 0, direction = 0, Win# 2
2021-08-11 14:27:49,513 - DEBUG - bleak.backends.dotnet.client - Write Characteristic 6e400002-b5a3-f393-e0a9-e50e24dcca9e : bytearray(b'1,2')
2021-08-11 14:27:49,542 - INFO - root - x = 472, y = 103, Radius = 59.03398895263672
2021-08-11 14:27:49,542 - INFO - root - Decision Window: xRange = 466, 476,  yRange = 115, 80
2021-08-11 14:27:49,542 - INFO - root - Distance = 0, direction = 0, Win# 2
2021-08-11 14:27:49,633 - DEBUG - bleak.backends.dotnet.client - Write Characteristic 6e400002-b5a3-f393-e0a9-e50e24dcca9e : bytearray(b'1,2')
2021-08-11 14:27:49,667 - INFO - root - x = 472, y = 103, Radius = 59.4811897277832
2021-08-11 14:27:49,667 - INFO - root - Decision Window: xRange = 466, 476,  yRange = 115, 80
2021-08-11 14:27:49,667 - INFO - root - Distance = 0, direction = 0, Win# 2
2021-08-11 14:27:49,753 - DEBUG - bleak.backends.dotnet.client - Write Characteristic 6e400002-b5a3-f393-e0a9-e50e24dcca9e : bytearray(b'1,2')
2021-08-11 14:27:49,787 - INFO - root - x = 472, y = 103, Radius = 59.03610610961914
2021-08-11 14:27:49,787 - INFO - root - Decision Window: xRange = 466, 476,  yRange = 115, 80
2021-08-11 14:27:49,787 - INFO - root - Distance = 0, direction = 0, Win# 2
2021-08-11 14:27:49,873 - DEBUG - bleak.backends.dotnet.client - Write Characteristic 6e400002-b5a3-f393-e0a9-e50e24dcca9e : bytearray(b'1,2')
2021-08-11 14:27:49,901 - INFO - root - x = 473, y = 103, Radius = 59.03895568847656
2021-08-11 14:27:49,901 - INFO - root - Decision Window: xRange = 466, 476,  yRange = 115, 80
2021-08-11 14:27:49,901 - INFO - root - Distance = 0, direction = 0, Win# 2
2021-08-11 14:27:49,993 - DEBUG - bleak.backends.dotnet.client - Write Characteristic 6e400002-b5a3-f393-e0a9-e50e24dcca9e : bytearray(b'1,2')
2021-08-11 14:27:50,019 - INFO - root - x = 473, y = 103, Radius = 59.25831604003906
2021-08-11 14:27:50,019 - INFO - root - Decision Window: xRange = 466, 476,  yRange = 115, 80
2021-08-11 14:27:50,019 - INFO - root - Distance = 0, direction = 0, Win# 2
2021-08-11 14:27:50,113 - DEBUG - bleak.backends.dotnet.client - Write Characteristic 6e400002-b5a3-f393-e0a9-e50e24dcca9e : bytearray(b'1,2')
2021-08-11 14:27:50,146 - INFO - root - x = 475, y = 103, Radius = 59.4811897277832
2021-08-11 14:27:50,146 - INFO - root - Decision Window: xRange = 466, 476,  yRange = 115, 80
2021-08-11 14:27:50,146 - INFO - root - Distance = 0, direction = 0, Win# 2
2021-08-11 14:27:50,233 - DEBUG - bleak.backends.dotnet.client - Write Characteristic 6e400002-b5a3-f393-e0a9-e50e24dcca9e : bytearray(b'1,2')
2021-08-11 14:27:50,265 - INFO - root - x = 474, y = 103, Radius = 59.92713928222656
2021-08-11 14:27:50,265 - INFO - root - Decision Window: xRange = 466, 476,  yRange = 115, 80
2021-08-11 14:27:50,265 - INFO - root - Distance = 0, direction = 0, Win# 2
2021-08-11 14:27:50,353 - DEBUG - bleak.backends.dotnet.client - Write Characteristic 6e400002-b5a3-f393-e0a9-e50e24dcca9e : bytearray(b'1,2')
2021-08-11 14:27:50,389 - INFO - root - x = 475, y = 103, Radius = 59.48329162597656
2021-08-11 14:27:50,389 - INFO - root - Decision Window: xRange = 466, 476,  yRange = 115, 80
2021-08-11 14:27:50,389 - INFO - root - Distance = 0, direction = 0, Win# 2
2021-08-11 14:27:50,473 - DEBUG - bleak.backends.dotnet.client - Write Characteristic 6e400002-b5a3-f393-e0a9-e50e24dcca9e : bytearray(b'1,2')
2021-08-11 14:27:50,499 - INFO - root - x = 475, y = 104, Radius = 59.48714065551758
2021-08-11 14:27:50,499 - INFO - root - Decision Window: xRange = 466, 476,  yRange = 115, 80
2021-08-11 14:27:50,499 - INFO - root - Distance = 0, direction = 0, Win# 2
2021-08-11 14:27:50,593 - DEBUG - bleak.backends.dotnet.client - Write Characteristic 6e400002-b5a3-f393-e0a9-e50e24dcca9e : bytearray(b'1,2')
2021-08-11 14:27:50,620 - INFO - root - x = 473, y = 103, Radius = 59.92713928222656
2021-08-11 14:27:50,620 - INFO - root - Decision Window: xRange = 466, 476,  yRange = 115, 80
2021-08-11 14:27:50,620 - INFO - root - Distance = 0, direction = 0, Win# 2
2021-08-11 14:27:50,713 - DEBUG - bleak.backends.dotnet.client - Write Characteristic 6e400002-b5a3-f393-e0a9-e50e24dcca9e : bytearray(b'1,2')
2021-08-11 14:27:50,747 - INFO - root - x = 473, y = 103, Radius = 59.25590133666992
2021-08-11 14:27:50,747 - INFO - root - Decision Window: xRange = 466, 476,  yRange = 115, 80
2021-08-11 14:27:50,747 - INFO - root - Distance = 0, direction = 0, Win# 2
2021-08-11 14:27:50,833 - DEBUG - bleak.backends.dotnet.client - Write Characteristic 6e400002-b5a3-f393-e0a9-e50e24dcca9e : bytearray(b'1,2')
2021-08-11 14:27:50,870 - INFO - root - x = 473, y = 103, Radius = 59.70353317260742
2021-08-11 14:27:50,870 - INFO - root - Decision Window: xRange = 466, 476,  yRange = 115, 80
2021-08-11 14:27:50,870 - INFO - root - Distance = 0, direction = 0, Win# 2
2021-08-11 14:27:50,953 - DEBUG - bleak.backends.dotnet.client - Write Characteristic 6e400002-b5a3-f393-e0a9-e50e24dcca9e : bytearray(b'1,2')
2021-08-11 14:27:50,992 - INFO - root - x = 470, y = 102, Radius = 59.03610610961914
2021-08-11 14:27:50,992 - INFO - root - Decision Window: xRange = 466, 476,  yRange = 115, 80
2021-08-11 14:27:50,992 - INFO - root - Distance = 0, direction = 0, Win# 2
2021-08-11 14:27:51,073 - DEBUG - bleak.backends.dotnet.client - Write Characteristic 6e400002-b5a3-f393-e0a9-e50e24dcca9e : bytearray(b'1,2')
2021-08-11 14:27:51,101 - INFO - root - x = 468, y = 102, Radius = 59.03610610961914
2021-08-11 14:27:51,101 - INFO - root - Decision Window: xRange = 466, 476,  yRange = 115, 80
2021-08-11 14:27:51,101 - INFO - root - Distance = 0, direction = 0, Win# 2
2021-08-11 14:27:51,193 - DEBUG - bleak.backends.dotnet.client - Write Characteristic 6e400002-b5a3-f393-e0a9-e50e24dcca9e : bytearray(b'1,2')
2021-08-11 14:27:51,223 - INFO - root - x = 466, y = 102, Radius = 59.05948257446289
2021-08-11 14:27:51,223 - INFO - root - Decision Window: xRange = 466, 476,  yRange = 115, 80
2021-08-11 14:27:51,223 - INFO - root - Distance = 0, direction = 0, Win# 2
2021-08-11 14:27:51,313 - DEBUG - bleak.backends.dotnet.client - Write Characteristic 6e400002-b5a3-f393-e0a9-e50e24dcca9e : bytearray(b'1,2')
2021-08-11 14:27:51,351 - INFO - root - x = 465, y = 102, Radius = 58.82752990722656
2021-08-11 14:27:51,351 - INFO - root - Decision Window: xRange = 466, 476,  yRange = 115, 80
2021-08-11 14:27:51,351 - INFO - root - Distance = 0, direction = 0, Win# 2
2021-08-11 14:27:51,493 - DEBUG - bleak.backends.dotnet.client - Write Characteristic 6e400002-b5a3-f393-e0a9-e50e24dcca9e : bytearray(b'1,2')
2021-08-11 14:27:51,539 - INFO - root - x = 459, y = 101, Radius = 58.423126220703125
2021-08-11 14:27:51,539 - INFO - root - Decision Window: xRange = 466, 476,  yRange = 115, 80
2021-08-11 14:27:51,539 - INFO - root - Distance = 14, direction = 4, Win# 2
2021-08-11 14:27:51,613 - DEBUG - bleak.backends.dotnet.client - Write Characteristic 6e400002-b5a3-f393-e0a9-e50e24dcca9e : bytearray(b'4,0')
2021-08-11 14:27:51,648 - INFO - root - x = 453, y = 100, Radius = 57.1183967590332
2021-08-11 14:27:51,648 - INFO - root - Decision Window: xRange = 458, 465,  yRange = 98, 78
2021-08-11 14:27:51,648 - INFO - root - Distance = 15, direction = 1, Win# 3
2021-08-11 14:27:51,733 - DEBUG - bleak.backends.dotnet.client - Write Characteristic 6e400002-b5a3-f393-e0a9-e50e24dcca9e : bytearray(b'1,0')
2021-08-11 14:27:51,769 - INFO - root - x = 449, y = 100, Radius = 57.98716735839844
2021-08-11 14:27:51,769 - INFO - root - Decision Window: xRange = 458, 465,  yRange = 98, 78
2021-08-11 14:27:51,769 - INFO - root - Distance = 17, direction = 1, Win# 3
2021-08-11 14:27:51,913 - DEBUG - bleak.backends.dotnet.client - Write Characteristic 6e400002-b5a3-f393-e0a9-e50e24dcca9e : bytearray(b'1,0')
2021-08-11 14:27:51,953 - INFO - root - x = 451, y = 106, Radius = 61.71921920776367
2021-08-11 14:27:51,953 - INFO - root - Decision Window: xRange = 458, 465,  yRange = 98, 78
2021-08-11 14:27:51,953 - INFO - root - Distance = 22, direction = 1, Win# 3
2021-08-11 14:27:52,033 - DEBUG - bleak.backends.dotnet.client - Write Characteristic 6e400002-b5a3-f393-e0a9-e50e24dcca9e : bytearray(b'1,0')
2021-08-11 14:27:52,059 - INFO - root - x = 473, y = 109, Radius = 63.31281661987305
2021-08-11 14:27:52,059 - INFO - root - Decision Window: xRange = 458, 465,  yRange = 98, 78
2021-08-11 14:27:52,059 - INFO - root - Distance = 0, direction = 0, Win# 3
2021-08-11 14:27:52,153 - DEBUG - bleak.backends.dotnet.client - Write Characteristic 6e400002-b5a3-f393-e0a9-e50e24dcca9e : bytearray(b'1,2')
2021-08-11 14:27:52,187 - INFO - root - x = 446, y = 109, Radius = 62.900814056396484
2021-08-11 14:27:52,187 - INFO - root - Decision Window: xRange = 458, 465,  yRange = 98, 78
2021-08-11 14:27:52,187 - INFO - root - Distance = 26, direction = 1, Win# 3
2021-08-11 14:27:52,273 - DEBUG - bleak.backends.dotnet.client - Write Characteristic 6e400002-b5a3-f393-e0a9-e50e24dcca9e : bytearray(b'1,0')
2021-08-11 14:27:52,314 - INFO - root - x = 407, y = 105, Radius = 61.26999282836914
2021-08-11 14:27:52,314 - INFO - root - Decision Window: xRange = 443, 457,  yRange = 96, 69
2021-08-11 14:27:52,314 - INFO - root - Distance = 46, direction = 4, Win# 4
2021-08-11 14:27:52,393 - DEBUG - bleak.backends.dotnet.client - Write Characteristic 6e400002-b5a3-f393-e0a9-e50e24dcca9e : bytearray(b'4,0')
2021-08-11 14:27:52,437 - INFO - root - x = 423, y = 104, Radius = 60.59918975830078
2021-08-11 14:27:52,437 - INFO - root - Decision Window: xRange = 431, 442,  yRange = 87, 66
2021-08-11 14:27:52,437 - INFO - root - Distance = 30, direction = 1, Win# 5
2021-08-11 14:27:52,513 - DEBUG - bleak.backends.dotnet.client - Write Characteristic 6e400002-b5a3-f393-e0a9-e50e24dcca9e : bytearray(b'1,0')
2021-08-11 14:27:52,543 - INFO - root - x = 418, y = 106, Radius = 61.953712463378906
2021-08-11 14:27:52,543 - INFO - root - Decision Window: xRange = 420, 430,  yRange = 84, 65
2021-08-11 14:27:52,543 - INFO - root - Distance = 31, direction = 1, Win# 6
2021-08-11 14:27:52,633 - DEBUG - bleak.backends.dotnet.client - Write Characteristic 6e400002-b5a3-f393-e0a9-e50e24dcca9e : bytearray(b'1,0')
2021-08-11 14:27:52,671 - INFO - root - x = 390, y = 104, Radius = 61.502132415771484
2021-08-11 14:27:52,671 - INFO - root - Decision Window: xRange = 400, 419,  yRange = 83, 65
2021-08-11 14:27:52,671 - INFO - root - Distance = 30, direction = 1, Win# 7
2021-08-11 14:27:52,753 - DEBUG - bleak.backends.dotnet.client - Write Characteristic 6e400002-b5a3-f393-e0a9-e50e24dcca9e : bytearray(b'1,0')
2021-08-11 14:27:52,795 - INFO - root - x = 392, y = 103, Radius = 61.3372802734375
2021-08-11 14:27:52,795 - INFO - root - Decision Window: xRange = 386, 399,  yRange = 85, 70
2021-08-11 14:27:52,795 - INFO - root - Distance = 23, direction = 1, Win# 8
2021-08-11 14:27:52,872 - DEBUG - bleak.backends.dotnet.client - Write Characteristic 6e400002-b5a3-f393-e0a9-e50e24dcca9e : bytearray(b'1,0')
2021-08-11 14:27:52,911 - INFO - root - x = 399, y = 103, Radius = 61.05949783325195
2021-08-11 14:27:52,911 - INFO - root - Decision Window: xRange = 386, 399,  yRange = 85, 70
2021-08-11 14:27:52,911 - INFO - root - Distance = 0, direction = 0, Win# 8
2021-08-11 14:27:52,993 - DEBUG - bleak.backends.dotnet.client - Write Characteristic 6e400002-b5a3-f393-e0a9-e50e24dcca9e : bytearray(b'1,2')
2021-08-11 14:27:53,024 - INFO - root - x = 362, y = 100, Radius = 60.36979293823242
2021-08-11 14:27:53,024 - INFO - root - Decision Window: xRange = 371, 385,  yRange = 92, 72
2021-08-11 14:27:53,024 - INFO - root - Distance = 17, direction = 1, Win# 9
2021-08-11 14:27:53,113 - DEBUG - bleak.backends.dotnet.client - Write Characteristic 6e400002-b5a3-f393-e0a9-e50e24dcca9e : bytearray(b'1,0')
2021-08-11 14:27:53,149 - INFO - root - x = 353, y = 103, Radius = 63.20018005371094
2021-08-11 14:27:53,149 - INFO - root - Decision Window: xRange = 358, 370,  yRange = 98, 74
2021-08-11 14:27:53,149 - INFO - root - Distance = 10, direction = 1, Win# 10
2021-08-11 14:27:53,233 - DEBUG - bleak.backends.dotnet.client - Write Characteristic 6e400002-b5a3-f393-e0a9-e50e24dcca9e : bytearray(b'1,0')
2021-08-11 14:27:53,276 - INFO - root - x = 338, y = 106, Radius = 63.063560485839844
2021-08-11 14:27:53,276 - INFO - root - Decision Window: xRange = 348, 357,  yRange = 112, 75
2021-08-11 14:27:53,276 - INFO - root - Distance = 10, direction = 4, Win# 11
2021-08-11 14:27:53,353 - DEBUG - bleak.backends.dotnet.client - Write Characteristic 6e400002-b5a3-f393-e0a9-e50e24dcca9e : bytearray(b'4,0')
2021-08-11 14:27:53,394 - INFO - root - x = 257, y = 110, Radius = 64.9291000366211
2021-08-11 14:27:53,394 - INFO - root - Decision Window: xRange = 339, 347,  yRange = 125, 90
2021-08-11 14:27:53,394 - INFO - root - Distance = 82, direction = 4, Win# 12
2021-08-11 14:27:53,473 - DEBUG - bleak.backends.dotnet.client - Write Characteristic 6e400002-b5a3-f393-e0a9-e50e24dcca9e : bytearray(b'4,1')
2021-08-11 14:27:53,517 - INFO - root - x = 152, y = 120, Radius = 73.90518951416016
2021-08-11 14:27:53,517 - INFO - root - Decision Window: xRange = 333, 338,  yRange = 146, 106
2021-08-11 14:27:53,517 - INFO - root - Distance = 181, direction = 4, Win# 13
2021-08-11 14:27:53,593 - DEBUG - bleak.backends.dotnet.client - Write Characteristic 6e400002-b5a3-f393-e0a9-e50e24dcca9e : bytearray(b'4,2')
2021-08-11 14:27:53,626 - INFO - root - x = 166, y = 127, Radius = 73.77437591552734
2021-08-11 14:27:53,626 - INFO - root - Decision Window: xRange = 323, 332,  yRange = 162, 126
2021-08-11 14:27:53,626 - INFO - root - Distance = 164, direction = 4, Win# 14
2021-08-11 14:27:53,713 - DEBUG - bleak.backends.dotnet.client - Write Characteristic 6e400002-b5a3-f393-e0a9-e50e24dcca9e : bytearray(b'4,2')
2021-08-11 14:27:53,748 - INFO - root - x = 180, y = 135, Radius = 73.31019592285156
2021-08-11 14:27:53,748 - INFO - root - Decision Window: xRange = 323, 332,  yRange = 162, 126
2021-08-11 14:27:53,748 - INFO - root - Distance = 149, direction = 4, Win# 14
2021-08-11 14:27:53,833 - DEBUG - bleak.backends.dotnet.client - Write Characteristic 6e400002-b5a3-f393-e0a9-e50e24dcca9e : bytearray(b'4,2')
2021-08-11 14:27:53,874 - INFO - root - x = 73, y = 161, Radius = 76.89724731445312
2021-08-11 14:27:53,874 - INFO - root - Decision Window: xRange = 323, 332,  yRange = 162, 126
2021-08-11 14:27:53,874 - INFO - root - Distance = 254, direction = 4, Win# 14
2021-08-11 14:27:53,953 - DEBUG - bleak.backends.dotnet.client - Write Characteristic 6e400002-b5a3-f393-e0a9-e50e24dcca9e : bytearray(b'4,3')
2021-08-11 14:27:53,995 - INFO - root - x = 66, y = 180, Radius = 67.2130126953125
2021-08-11 14:27:53,995 - INFO - root - Decision Window: xRange = 323, 332,  yRange = 162, 126
2021-08-11 14:27:53,995 - INFO - root - Distance = 261, direction = 4, Win# 14
2021-08-11 14:27:54,073 - DEBUG - bleak.backends.dotnet.client - Write Characteristic 6e400002-b5a3-f393-e0a9-e50e24dcca9e : bytearray(b'4,3')
2021-08-11 14:27:54,107 - INFO - root - x = 65, y = 188, Radius = 65.13457489013672
2021-08-11 14:27:54,107 - INFO - root - Decision Window: xRange = 323, 332,  yRange = 162, 126
2021-08-11 14:27:54,107 - INFO - root - Distance = 263, direction = 4, Win# 14
2021-08-11 14:27:54,193 - DEBUG - bleak.backends.dotnet.client - Write Characteristic 6e400002-b5a3-f393-e0a9-e50e24dcca9e : bytearray(b'4,3')
2021-08-11 14:27:54,941 - INFO - root - x = 51, y = 279, Radius = 2.6926822662353516
2021-08-11 14:27:54,941 - INFO - root - Decision Window: xRange = 323, 337,  yRange = 196, 163
2021-08-11 14:27:54,941 - INFO - root - Distance = 297, direction = 4, Win# 15
2021-08-11 14:27:55,033 - DEBUG - bleak.backends.dotnet.client - Write Characteristic 6e400002-b5a3-f393-e0a9-e50e24dcca9e : bytearray(b'4,3')
2021-08-11 14:27:55,074 - INFO - root - x = 69, y = 205, Radius = 85.54102325439453
2021-08-11 14:27:55,074 - INFO - root - Decision Window: xRange = 323, 337,  yRange = 196, 163
2021-08-11 14:27:55,074 - INFO - root - Distance = 260, direction = 4, Win# 15
2021-08-11 14:27:55,153 - DEBUG - bleak.backends.dotnet.client - Write Characteristic 6e400002-b5a3-f393-e0a9-e50e24dcca9e : bytearray(b'4,3')
2021-08-11 14:27:55,198 - INFO - root - x = 81, y = 186, Radius = 99.86125183105469
2021-08-11 14:27:55,198 - INFO - root - Decision Window: xRange = 323, 337,  yRange = 196, 163
2021-08-11 14:27:55,198 - INFO - root - Distance = 246, direction = 4, Win# 15
2021-08-11 14:27:55,273 - DEBUG - bleak.backends.dotnet.client - Write Characteristic 6e400002-b5a3-f393-e0a9-e50e24dcca9e : bytearray(b'4,3')
2021-08-11 14:27:55,309 - INFO - root - x = 99, y = 164, Radius = 81.09749603271484
2021-08-11 14:27:55,309 - INFO - root - Decision Window: xRange = 323, 337,  yRange = 196, 163
2021-08-11 14:27:55,309 - INFO - root - Distance = 228, direction = 4, Win# 15
2021-08-11 14:27:55,393 - DEBUG - bleak.backends.dotnet.client - Write Characteristic 6e400002-b5a3-f393-e0a9-e50e24dcca9e : bytearray(b'4,3')
2021-08-11 14:27:55,430 - INFO - root - x = 109, y = 158, Radius = 78.98017883300781
2021-08-11 14:27:55,430 - INFO - root - Decision Window: xRange = 323, 337,  yRange = 196, 163
2021-08-11 14:27:55,430 - INFO - root - Distance = 218, direction = 4, Win# 15
2021-08-11 14:27:55,513 - DEBUG - bleak.backends.dotnet.client - Write Characteristic 6e400002-b5a3-f393-e0a9-e50e24dcca9e : bytearray(b'4,3')
2021-08-11 14:27:55,551 - INFO - root - x = 149, y = 147, Radius = 78.0150375366211
2021-08-11 14:27:55,551 - INFO - root - Decision Window: xRange = 323, 337,  yRange = 196, 163
2021-08-11 14:27:55,551 - INFO - root - Distance = 178, direction = 4, Win# 15
2021-08-11 14:27:55,633 - DEBUG - bleak.backends.dotnet.client - Write Characteristic 6e400002-b5a3-f393-e0a9-e50e24dcca9e : bytearray(b'4,2')
2021-08-11 14:27:55,678 - INFO - root - x = 185, y = 139, Radius = 77.4300765991211
2021-08-11 14:27:55,678 - INFO - root - Decision Window: xRange = 323, 337,  yRange = 196, 163
2021-08-11 14:27:55,678 - INFO - root - Distance = 144, direction = 4, Win# 15
2021-08-11 14:27:55,753 - DEBUG - bleak.backends.dotnet.client - Write Characteristic 6e400002-b5a3-f393-e0a9-e50e24dcca9e : bytearray(b'4,2')
2021-08-11 14:27:55,800 - INFO - root - x = 234, y = 131, Radius = 78.73541259765625
2021-08-11 14:27:55,800 - INFO - root - Decision Window: xRange = 323, 337,  yRange = 196, 163
2021-08-11 14:27:55,800 - INFO - root - Distance = 98, direction = 4, Win# 15
2021-08-11 14:27:55,873 - DEBUG - bleak.backends.dotnet.client - Write Characteristic 6e400002-b5a3-f393-e0a9-e50e24dcca9e : bytearray(b'4,1')
2021-08-11 14:27:55,910 - INFO - root - x = 269, y = 132, Radius = 80.42250061035156
2021-08-11 14:27:55,910 - INFO - root - Decision Window: xRange = 323, 337,  yRange = 196, 163
2021-08-11 14:27:55,910 - INFO - root - Distance = 66, direction = 4, Win# 15
2021-08-11 14:27:55,993 - DEBUG - bleak.backends.dotnet.client - Write Characteristic 6e400002-b5a3-f393-e0a9-e50e24dcca9e : bytearray(b'4,1')
2021-08-11 14:27:56,030 - INFO - root - x = 286, y = 133, Radius = 80.65367889404297
2021-08-11 14:27:56,030 - INFO - root - Decision Window: xRange = 323, 337,  yRange = 196, 163
2021-08-11 14:27:56,030 - INFO - root - Distance = 51, direction = 4, Win# 15
2021-08-11 14:27:56,113 - DEBUG - bleak.backends.dotnet.client - Write Characteristic 6e400002-b5a3-f393-e0a9-e50e24dcca9e : bytearray(b'4,1')
2021-08-11 14:27:56,140 - INFO - root - x = 297, y = 135, Radius = 82.37879943847656
2021-08-11 14:27:56,140 - INFO - root - Decision Window: xRange = 323, 337,  yRange = 196, 163
2021-08-11 14:27:56,140 - INFO - root - Distance = 41, direction = 4, Win# 15
2021-08-11 14:27:56,233 - DEBUG - bleak.backends.dotnet.client - Write Characteristic 6e400002-b5a3-f393-e0a9-e50e24dcca9e : bytearray(b'4,0')
2021-08-11 14:27:56,276 - INFO - root - x = 296, y = 140, Radius = 82.85237884521484
2021-08-11 14:27:56,276 - INFO - root - Decision Window: xRange = 323, 337,  yRange = 196, 163
2021-08-11 14:27:56,276 - INFO - root - Distance = 39, direction = 4, Win# 15
2021-08-11 14:27:56,353 - DEBUG - bleak.backends.dotnet.client - Write Characteristic 6e400002-b5a3-f393-e0a9-e50e24dcca9e : bytearray(b'4,0')
2021-08-11 14:27:56,385 - INFO - root - x = 278, y = 144, Radius = 82.85237884521484
2021-08-11 14:27:56,385 - INFO - root - Decision Window: xRange = 323, 337,  yRange = 196, 163
2021-08-11 14:27:56,385 - INFO - root - Distance = 52, direction = 4, Win# 15
2021-08-11 14:27:56,473 - DEBUG - bleak.backends.dotnet.client - Write Characteristic 6e400002-b5a3-f393-e0a9-e50e24dcca9e : bytearray(b'4,1')
2021-08-11 14:27:56,507 - INFO - root - x = 237, y = 150, Radius = 82.80096435546875
2021-08-11 14:27:56,507 - INFO - root - Decision Window: xRange = 323, 337,  yRange = 196, 163
2021-08-11 14:27:56,507 - INFO - root - Distance = 91, direction = 4, Win# 15
2021-08-11 14:27:56,593 - DEBUG - bleak.backends.dotnet.client - Write Characteristic 6e400002-b5a3-f393-e0a9-e50e24dcca9e : bytearray(b'4,1')
2021-08-11 14:27:56,631 - INFO - root - x = 195, y = 156, Radius = 83.44664764404297
2021-08-11 14:27:56,631 - INFO - root - Decision Window: xRange = 323, 337,  yRange = 196, 163
2021-08-11 14:27:56,631 - INFO - root - Distance = 132, direction = 4, Win# 15
2021-08-11 14:27:56,713 - DEBUG - bleak.backends.dotnet.client - Write Characteristic 6e400002-b5a3-f393-e0a9-e50e24dcca9e : bytearray(b'4,2')
2021-08-11 14:27:56,757 - INFO - root - x = 182, y = 158, Radius = 83.88434600830078
2021-08-11 14:27:56,757 - INFO - root - Decision Window: xRange = 323, 337,  yRange = 196, 163
2021-08-11 14:27:56,757 - INFO - root - Distance = 145, direction = 4, Win# 15
2021-08-11 14:27:56,893 - DEBUG - bleak.backends.dotnet.client - Write Characteristic 6e400002-b5a3-f393-e0a9-e50e24dcca9e : bytearray(b'4,2')
2021-08-11 14:27:56,928 - INFO - root - x = 175, y = 158, Radius = 83.81150817871094
2021-08-11 14:27:56,928 - INFO - root - Decision Window: xRange = 323, 337,  yRange = 196, 163
2021-08-11 14:27:56,928 - INFO - root - Distance = 152, direction = 4, Win# 15
2021-08-11 14:27:57,013 - DEBUG - bleak.backends.dotnet.client - Write Characteristic 6e400002-b5a3-f393-e0a9-e50e24dcca9e : bytearray(b'4,2')
2021-08-11 14:27:57,049 - INFO - root - x = 170, y = 156, Radius = 83.88727569580078
2021-08-11 14:27:57,050 - INFO - root - Decision Window: xRange = 323, 337,  yRange = 196, 163
2021-08-11 14:27:57,050 - INFO - root - Distance = 157, direction = 4, Win# 15
2021-08-11 14:27:57,133 - DEBUG - bleak.backends.dotnet.client - Write Characteristic 6e400002-b5a3-f393-e0a9-e50e24dcca9e : bytearray(b'4,2')
2021-08-11 14:27:57,175 - INFO - root - x = 163, y = 148, Radius = 83.6166000366211
2021-08-11 14:27:57,175 - INFO - root - Decision Window: xRange = 323, 337,  yRange = 196, 163
2021-08-11 14:27:57,175 - INFO - root - Distance = 164, direction = 4, Win# 15
2021-08-11 14:27:57,253 - DEBUG - bleak.backends.dotnet.client - Write Characteristic 6e400002-b5a3-f393-e0a9-e50e24dcca9e : bytearray(b'4,2')
2021-08-11 14:27:57,294 - INFO - root - x = 158, y = 146, Radius = 84.84990692138672
2021-08-11 14:27:57,294 - INFO - root - Decision Window: xRange = 323, 337,  yRange = 196, 163
2021-08-11 14:27:57,294 - INFO - root - Distance = 169, direction = 4, Win# 15
2021-08-11 14:27:57,433 - DEBUG - bleak.backends.dotnet.client - Write Characteristic 6e400002-b5a3-f393-e0a9-e50e24dcca9e : bytearray(b'4,2')
2021-08-11 14:27:57,464 - INFO - root - x = 163, y = 157, Radius = 84.73721313476562
2021-08-11 14:27:57,464 - INFO - root - Decision Window: xRange = 323, 337,  yRange = 196, 163
2021-08-11 14:27:57,464 - INFO - root - Distance = 164, direction = 4, Win# 15
2021-08-11 14:27:57,553 - DEBUG - bleak.backends.dotnet.client - Write Characteristic 6e400002-b5a3-f393-e0a9-e50e24dcca9e : bytearray(b'4,2')
2021-08-11 14:27:57,586 - INFO - root - x = 163, y = 171, Radius = 83.39283752441406
2021-08-11 14:27:57,586 - INFO - root - Decision Window: xRange = 323, 337,  yRange = 196, 163
2021-08-11 14:27:57,586 - INFO - root - Distance = 164, direction = 4, Win# 15
2021-08-11 14:27:57,673 - DEBUG - bleak.backends.dotnet.client - Write Characteristic 6e400002-b5a3-f393-e0a9-e50e24dcca9e : bytearray(b'4,2')
2021-08-11 14:27:57,710 - INFO - root - x = 157, y = 164, Radius = 83.08040618896484
2021-08-11 14:27:57,710 - INFO - root - Decision Window: xRange = 323, 337,  yRange = 196, 163
2021-08-11 14:27:57,710 - INFO - root - Distance = 170, direction = 4, Win# 15
2021-08-11 14:27:57,793 - DEBUG - bleak.backends.dotnet.client - Write Characteristic 6e400002-b5a3-f393-e0a9-e50e24dcca9e : bytearray(b'4,2')
2021-08-11 14:27:57,835 - INFO - root - x = 159, y = 158, Radius = 84.14628601074219
2021-08-11 14:27:57,835 - INFO - root - Decision Window: xRange = 323, 337,  yRange = 196, 163
2021-08-11 14:27:57,835 - INFO - root - Distance = 168, direction = 4, Win# 15
2021-08-11 14:27:57,913 - DEBUG - bleak.backends.dotnet.client - Write Characteristic 6e400002-b5a3-f393-e0a9-e50e24dcca9e : bytearray(b'4,2')
2021-08-11 14:27:57,961 - INFO - root - x = 146, y = 156, Radius = 84.6545639038086
2021-08-11 14:27:57,961 - INFO - root - Decision Window: xRange = 323, 337,  yRange = 196, 163
2021-08-11 14:27:57,961 - INFO - root - Distance = 181, direction = 4, Win# 15
2021-08-11 14:27:58,033 - DEBUG - bleak.backends.dotnet.client - Write Characteristic 6e400002-b5a3-f393-e0a9-e50e24dcca9e : bytearray(b'4,2')
2021-08-11 14:27:58,066 - INFO - root - x = 135, y = 153, Radius = 85.69918060302734
2021-08-11 14:27:58,066 - INFO - root - Decision Window: xRange = 323, 337,  yRange = 196, 163
2021-08-11 14:27:58,066 - INFO - root - Distance = 192, direction = 4, Win# 15
2021-08-11 14:27:58,153 - DEBUG - bleak.backends.dotnet.client - Write Characteristic 6e400002-b5a3-f393-e0a9-e50e24dcca9e : bytearray(b'4,2')
2021-08-11 14:27:58,194 - INFO - root - x = 138, y = 148, Radius = 86.86975860595703
2021-08-11 14:27:58,194 - INFO - root - Decision Window: xRange = 323, 337,  yRange = 196, 163
2021-08-11 14:27:58,194 - INFO - root - Distance = 189, direction = 4, Win# 15
2021-08-11 14:27:58,273 - DEBUG - bleak.backends.dotnet.client - Write Characteristic 6e400002-b5a3-f393-e0a9-e50e24dcca9e : bytearray(b'4,2')
2021-08-11 14:27:58,312 - INFO - root - x = 160, y = 148, Radius = 84.92637634277344
2021-08-11 14:27:58,312 - INFO - root - Decision Window: xRange = 323, 337,  yRange = 196, 163
2021-08-11 14:27:58,312 - INFO - root - Distance = 167, direction = 4, Win# 15
2021-08-11 14:27:58,393 - DEBUG - bleak.backends.dotnet.client - Write Characteristic 6e400002-b5a3-f393-e0a9-e50e24dcca9e : bytearray(b'4,2')
2021-08-11 14:27:58,441 - INFO - root - x = 149, y = 147, Radius = 86.74707794189453
2021-08-11 14:27:58,441 - INFO - root - Decision Window: xRange = 323, 337,  yRange = 196, 163
2021-08-11 14:27:58,441 - INFO - root - Distance = 178, direction = 4, Win# 15
2021-08-11 14:27:58,513 - DEBUG - bleak.backends.dotnet.client - Write Characteristic 6e400002-b5a3-f393-e0a9-e50e24dcca9e : bytearray(b'4,2')
2021-08-11 14:27:58,545 - INFO - root - x = 146, y = 149, Radius = 86.32025146484375
2021-08-11 14:27:58,545 - INFO - root - Decision Window: xRange = 323, 337,  yRange = 196, 163
2021-08-11 14:27:58,545 - INFO - root - Distance = 181, direction = 4, Win# 15
2021-08-11 14:27:58,633 - DEBUG - bleak.backends.dotnet.client - Write Characteristic 6e400002-b5a3-f393-e0a9-e50e24dcca9e : bytearray(b'4,2')
2021-08-11 14:27:58,669 - INFO - root - x = 141, y = 147, Radius = 86.77799224853516
2021-08-11 14:27:58,669 - INFO - root - Decision Window: xRange = 323, 337,  yRange = 196, 163
2021-08-11 14:27:58,669 - INFO - root - Distance = 186, direction = 4, Win# 15
2021-08-11 14:27:58,753 - DEBUG - bleak.backends.dotnet.client - Write Characteristic 6e400002-b5a3-f393-e0a9-e50e24dcca9e : bytearray(b'4,2')
2021-08-11 14:27:58,779 - INFO - root - x = 151, y = 151, Radius = 85.8055419921875
2021-08-11 14:27:58,779 - INFO - root - Decision Window: xRange = 323, 337,  yRange = 196, 163
2021-08-11 14:27:58,779 - INFO - root - Distance = 176, direction = 4, Win# 15
2021-08-11 14:27:58,872 - DEBUG - bleak.backends.dotnet.client - Write Characteristic 6e400002-b5a3-f393-e0a9-e50e24dcca9e : bytearray(b'4,2')
2021-08-11 14:27:58,917 - INFO - root - x = 155, y = 151, Radius = 85.43102264404297
2021-08-11 14:27:58,917 - INFO - root - Decision Window: xRange = 323, 337,  yRange = 196, 163
2021-08-11 14:27:58,917 - INFO - root - Distance = 172, direction = 4, Win# 15
2021-08-11 14:27:58,992 - DEBUG - bleak.backends.dotnet.client - Write Characteristic 6e400002-b5a3-f393-e0a9-e50e24dcca9e : bytearray(b'4,2')
2021-08-11 14:27:59,027 - INFO - root - x = 160, y = 152, Radius = 85.39623260498047
2021-08-11 14:27:59,027 - INFO - root - Decision Window: xRange = 323, 337,  yRange = 196, 163
2021-08-11 14:27:59,027 - INFO - root - Distance = 167, direction = 4, Win# 15
2021-08-11 14:27:59,113 - DEBUG - bleak.backends.dotnet.client - Write Characteristic 6e400002-b5a3-f393-e0a9-e50e24dcca9e : bytearray(b'4,2')
2021-08-11 14:27:59,147 - INFO - root - x = 160, y = 151, Radius = 85.58198547363281
2021-08-11 14:27:59,147 - INFO - root - Decision Window: xRange = 323, 337,  yRange = 196, 163
2021-08-11 14:27:59,147 - INFO - root - Distance = 167, direction = 4, Win# 15
2021-08-11 14:27:59,233 - DEBUG - bleak.backends.dotnet.client - Write Characteristic 6e400002-b5a3-f393-e0a9-e50e24dcca9e : bytearray(b'4,2')
2021-08-11 14:27:59,276 - INFO - root - x = 158, y = 152, Radius = 85.27354431152344
2021-08-11 14:27:59,276 - INFO - root - Decision Window: xRange = 323, 337,  yRange = 196, 163
2021-08-11 14:27:59,276 - INFO - root - Distance = 169, direction = 4, Win# 15
2021-08-11 14:27:59,353 - DEBUG - bleak.backends.dotnet.client - Write Characteristic 6e400002-b5a3-f393-e0a9-e50e24dcca9e : bytearray(b'4,2')
2021-08-11 14:27:59,395 - INFO - root - x = 151, y = 156, Radius = 85.56947326660156
2021-08-11 14:27:59,395 - INFO - root - Decision Window: xRange = 323, 337,  yRange = 196, 163
2021-08-11 14:27:59,395 - INFO - root - Distance = 176, direction = 4, Win# 15
2021-08-11 14:27:59,473 - DEBUG - bleak.backends.dotnet.client - Write Characteristic 6e400002-b5a3-f393-e0a9-e50e24dcca9e : bytearray(b'4,2')
2021-08-11 14:27:59,504 - INFO - root - x = 157, y = 155, Radius = 85.34871673583984
2021-08-11 14:27:59,504 - INFO - root - Decision Window: xRange = 323, 337,  yRange = 196, 163
2021-08-11 14:27:59,504 - INFO - root - Distance = 170, direction = 4, Win# 15
2021-08-11 14:27:59,593 - DEBUG - bleak.backends.dotnet.client - Write Characteristic 6e400002-b5a3-f393-e0a9-e50e24dcca9e : bytearray(b'4,2')
2021-08-11 14:27:59,630 - INFO - root - x = 154, y = 155, Radius = 85.1514663696289
2021-08-11 14:27:59,630 - INFO - root - Decision Window: xRange = 323, 337,  yRange = 196, 163
2021-08-11 14:27:59,630 - INFO - root - Distance = 173, direction = 4, Win# 15
2021-08-11 14:27:59,713 - DEBUG - bleak.backends.dotnet.client - Write Characteristic 6e400002-b5a3-f393-e0a9-e50e24dcca9e : bytearray(b'4,2')
2021-08-11 14:27:59,751 - INFO - root - x = 158, y = 155, Radius = 84.19876098632812
2021-08-11 14:27:59,751 - INFO - root - Decision Window: xRange = 323, 337,  yRange = 196, 163
2021-08-11 14:27:59,751 - INFO - root - Distance = 169, direction = 4, Win# 15
2021-08-11 14:27:59,833 - DEBUG - bleak.backends.dotnet.client - Write Characteristic 6e400002-b5a3-f393-e0a9-e50e24dcca9e : bytearray(b'4,2')
2021-08-11 14:27:59,877 - INFO - root - x = 144, y = 141, Radius = 88.40670013427734
2021-08-11 14:27:59,877 - INFO - root - Decision Window: xRange = 323, 337,  yRange = 196, 163
2021-08-11 14:27:59,877 - INFO - root - Distance = 184, direction = 4, Win# 15
2021-08-11 14:27:59,953 - DEBUG - bleak.backends.dotnet.client - Write Characteristic 6e400002-b5a3-f393-e0a9-e50e24dcca9e : bytearray(b'4,2')
2021-08-11 14:27:59,998 - INFO - root - x = 122, y = 138, Radius = 89.50653839111328
2021-08-11 14:27:59,998 - INFO - root - Decision Window: xRange = 323, 337,  yRange = 196, 163
2021-08-11 14:27:59,998 - INFO - root - Distance = 206, direction = 4, Win# 15
2021-08-11 14:28:00,073 - DEBUG - bleak.backends.dotnet.client - Write Characteristic 6e400002-b5a3-f393-e0a9-e50e24dcca9e : bytearray(b'4,3')
2021-08-11 14:28:00,105 - INFO - root - x = 127, y = 139, Radius = 90.75012969970703
2021-08-11 14:28:00,105 - INFO - root - Decision Window: xRange = 323, 337,  yRange = 196, 163
2021-08-11 14:28:00,105 - INFO - root - Distance = 201, direction = 4, Win# 15
2021-08-11 14:28:00,193 - DEBUG - bleak.backends.dotnet.client - Write Characteristic 6e400002-b5a3-f393-e0a9-e50e24dcca9e : bytearray(b'4,3')
2021-08-11 14:28:00,229 - INFO - root - x = 134, y = 147, Radius = 95.521728515625
2021-08-11 14:28:00,229 - INFO - root - Decision Window: xRange = 323, 337,  yRange = 196, 163
2021-08-11 14:28:00,229 - INFO - root - Distance = 193, direction = 4, Win# 15
2021-08-11 14:28:00,313 - DEBUG - bleak.backends.dotnet.client - Write Characteristic 6e400002-b5a3-f393-e0a9-e50e24dcca9e : bytearray(b'4,2')
2021-08-11 14:28:00,352 - INFO - root - x = 142, y = 171, Radius = 106.48014068603516
2021-08-11 14:28:00,352 - INFO - root - Decision Window: xRange = 323, 337,  yRange = 196, 163
2021-08-11 14:28:00,352 - INFO - root - Distance = 185, direction = 4, Win# 15
2021-08-11 14:28:00,433 - DEBUG - bleak.backends.dotnet.client - Write Characteristic 6e400002-b5a3-f393-e0a9-e50e24dcca9e : bytearray(b'4,2')
2021-08-11 14:28:00,477 - INFO - root - x = 171, y = 204, Radius = 113.6332778930664
2021-08-11 14:28:00,477 - INFO - root - Decision Window: xRange = 323, 337,  yRange = 196, 163
2021-08-11 14:28:00,477 - INFO - root - Distance = 160, direction = 4, Win# 15
2021-08-11 14:28:00,553 - DEBUG - bleak.backends.dotnet.client - Write Characteristic 6e400002-b5a3-f393-e0a9-e50e24dcca9e : bytearray(b'4,2')
2021-08-11 14:28:00,597 - INFO - root - x = 196, y = 217, Radius = 117.19757843017578
2021-08-11 14:28:00,597 - INFO - root - Decision Window: xRange = 323, 337,  yRange = 196, 163
2021-08-11 14:28:00,597 - INFO - root - Distance = 139, direction = 4, Win# 15
2021-08-11 14:28:00,673 - DEBUG - bleak.backends.dotnet.client - Write Characteristic 6e400002-b5a3-f393-e0a9-e50e24dcca9e : bytearray(b'4,2')
2021-08-11 14:28:00,707 - INFO - root - x = 212, y = 226, Radius = 117.76787567138672
2021-08-11 14:28:00,707 - INFO - root - Decision Window: xRange = 323, 337,  yRange = 196, 163
2021-08-11 14:28:00,707 - INFO - root - Distance = 128, direction = 4, Win# 15
2021-08-11 14:28:00,853 - DEBUG - bleak.backends.dotnet.client - Write Characteristic 6e400002-b5a3-f393-e0a9-e50e24dcca9e : bytearray(b'4,2')
2021-08-11 14:28:00,897 - INFO - root - x = 286, y = 239, Radius = 118.55915832519531
2021-08-11 14:28:00,897 - INFO - root - Decision Window: xRange = 338, 349,  yRange = 212, 178
2021-08-11 14:28:00,897 - INFO - root - Distance = 70, direction = 4, Win# 16
2021-08-11 14:28:00,972 - DEBUG - bleak.backends.dotnet.client - Write Characteristic 6e400002-b5a3-f393-e0a9-e50e24dcca9e : bytearray(b'4,1')
2021-08-11 14:28:01,013 - INFO - root - x = 296, y = 249, Radius = 120.17601013183594
2021-08-11 14:28:01,014 - INFO - root - Decision Window: xRange = 338, 349,  yRange = 212, 178
2021-08-11 14:28:01,014 - INFO - root - Distance = 70, direction = 4, Win# 16
2021-08-11 14:28:01,093 - DEBUG - bleak.backends.dotnet.client - Write Characteristic 6e400002-b5a3-f393-e0a9-e50e24dcca9e : bytearray(b'4,1')
2021-08-11 14:28:01,137 - INFO - root - x = 313, y = 247, Radius = 118.25829315185547
2021-08-11 14:28:01,137 - INFO - root - Decision Window: xRange = 338, 349,  yRange = 212, 178
2021-08-11 14:28:01,137 - INFO - root - Distance = 57, direction = 1, Win# 16
2021-08-11 14:28:01,213 - DEBUG - bleak.backends.dotnet.client - Write Characteristic 6e400002-b5a3-f393-e0a9-e50e24dcca9e : bytearray(b'1,1')
2021-08-11 14:28:01,245 - INFO - root - x = 349, y = 233, Radius = 114.01106262207031
2021-08-11 14:28:01,245 - INFO - root - Decision Window: xRange = 338, 349,  yRange = 212, 178
2021-08-11 14:28:01,245 - INFO - root - Distance = 0, direction = 0, Win# 16
2021-08-11 14:28:01,333 - DEBUG - bleak.backends.dotnet.client - Write Characteristic 6e400002-b5a3-f393-e0a9-e50e24dcca9e : bytearray(b'1,2')
2021-08-11 14:28:01,350 - INFO - root - x = 371, y = 223, Radius = 111.30598449707031
2021-08-11 14:28:01,350 - INFO - root - Decision Window: xRange = 338, 349,  yRange = 212, 178
2021-08-11 14:28:01,350 - INFO - root - Distance = 0, direction = 0, Win# 16
2021-08-11 14:28:01,453 - DEBUG - bleak.backends.dotnet.client - Write Characteristic 6e400002-b5a3-f393-e0a9-e50e24dcca9e : bytearray(b'1,2')
2021-08-11 14:28:01,493 - INFO - root - x = 395, y = 220, Radius = 109.82382202148438
2021-08-11 14:28:01,493 - INFO - root - Decision Window: xRange = 338, 349,  yRange = 212, 178
2021-08-11 14:28:01,493 - INFO - root - Distance = 0, direction = 0, Win# 16
2021-08-11 14:28:01,573 - DEBUG - bleak.backends.dotnet.client - Write Characteristic 6e400002-b5a3-f393-e0a9-e50e24dcca9e : bytearray(b'1,2')
2021-08-11 14:28:01,611 - INFO - root - x = 412, y = 225, Radius = 108.91520690917969
2021-08-11 14:28:01,612 - INFO - root - Decision Window: xRange = 338, 349,  yRange = 212, 178
2021-08-11 14:28:01,612 - INFO - root - Distance = 0, direction = 0, Win# 16
2021-08-11 14:28:01,693 - DEBUG - bleak.backends.dotnet.client - Write Characteristic 6e400002-b5a3-f393-e0a9-e50e24dcca9e : bytearray(b'1,2')
2021-08-11 14:28:01,723 - INFO - root - x = 419, y = 227, Radius = 108.26482391357422
2021-08-11 14:28:01,723 - INFO - root - Decision Window: xRange = 338, 349,  yRange = 212, 178
2021-08-11 14:28:01,723 - INFO - root - Distance = 0, direction = 0, Win# 16
2021-08-11 14:28:01,813 - DEBUG - bleak.backends.dotnet.client - Write Characteristic 6e400002-b5a3-f393-e0a9-e50e24dcca9e : bytearray(b'1,2')
2021-08-11 14:28:01,846 - INFO - root - x = 410, y = 224, Radius = 105.9965591430664
2021-08-11 14:28:01,846 - INFO - root - Decision Window: xRange = 338, 349,  yRange = 212, 178
2021-08-11 14:28:01,846 - INFO - root - Distance = 0, direction = 0, Win# 16
2021-08-11 14:28:01,933 - DEBUG - bleak.backends.dotnet.client - Write Characteristic 6e400002-b5a3-f393-e0a9-e50e24dcca9e : bytearray(b'1,2')
2021-08-11 14:28:01,969 - INFO - root - x = 372, y = 206, Radius = 103.11858367919922
2021-08-11 14:28:01,969 - INFO - root - Decision Window: xRange = 338, 349,  yRange = 212, 178
2021-08-11 14:28:01,969 - INFO - root - Distance = 0, direction = 0, Win# 16
2021-08-11 14:28:02,053 - DEBUG - bleak.backends.dotnet.client - Write Characteristic 6e400002-b5a3-f393-e0a9-e50e24dcca9e : bytearray(b'1,2')
2021-08-11 14:28:02,092 - INFO - root - x = 339, y = 190, Radius = 101.5197982788086
2021-08-11 14:28:02,092 - INFO - root - Decision Window: xRange = 338, 349,  yRange = 212, 178
2021-08-11 14:28:02,092 - INFO - root - Distance = 0, direction = 0, Win# 16
2021-08-11 14:28:02,173 - DEBUG - bleak.backends.dotnet.client - Write Characteristic 6e400002-b5a3-f393-e0a9-e50e24dcca9e : bytearray(b'1,2')
2021-08-11 14:28:02,204 - INFO - root - x = 327, y = 181, Radius = 101.27201080322266
2021-08-11 14:28:02,204 - INFO - root - Decision Window: xRange = 338, 349,  yRange = 212, 178
2021-08-11 14:28:02,204 - INFO - root - Distance = 13, direction = 4, Win# 16
2021-08-11 14:28:02,293 - DEBUG - bleak.backends.dotnet.client - Write Characteristic 6e400002-b5a3-f393-e0a9-e50e24dcca9e : bytearray(b'4,0')
2021-08-11 14:28:02,330 - INFO - root - x = 321, y = 179, Radius = 100.36568450927734
2021-08-11 14:28:02,330 - INFO - root - Decision Window: xRange = 338, 349,  yRange = 212, 178
2021-08-11 14:28:02,330 - INFO - root - Distance = 19, direction = 4, Win# 16
2021-08-11 14:28:02,413 - DEBUG - bleak.backends.dotnet.client - Write Characteristic 6e400002-b5a3-f393-e0a9-e50e24dcca9e : bytearray(b'4,0')
2021-08-11 14:28:02,449 - INFO - root - x = 317, y = 176, Radius = 99.55033874511719
2021-08-11 14:28:02,449 - INFO - root - Decision Window: xRange = 338, 349,  yRange = 212, 178
2021-08-11 14:28:02,449 - INFO - root - Distance = 24, direction = 4, Win# 16
2021-08-11 14:28:02,533 - DEBUG - bleak.backends.dotnet.client - Write Characteristic 6e400002-b5a3-f393-e0a9-e50e24dcca9e : bytearray(b'4,0')
2021-08-11 14:28:02,573 - INFO - root - x = 323, y = 174, Radius = 100.62316131591797
2021-08-11 14:28:02,573 - INFO - root - Decision Window: xRange = 338, 349,  yRange = 212, 178
2021-08-11 14:28:02,573 - INFO - root - Distance = 20, direction = 4, Win# 16
2021-08-11 14:28:02,653 - DEBUG - bleak.backends.dotnet.client - Write Characteristic 6e400002-b5a3-f393-e0a9-e50e24dcca9e : bytearray(b'4,0')
2021-08-11 14:28:02,698 - INFO - root - x = 341, y = 175, Radius = 101.52472686767578
2021-08-11 14:28:02,698 - INFO - root - Decision Window: xRange = 338, 349,  yRange = 212, 178
2021-08-11 14:28:02,698 - INFO - root - Distance = 13, direction = 3, Win# 16
2021-08-11 14:28:02,773 - DEBUG - bleak.backends.dotnet.client - Write Characteristic 6e400002-b5a3-f393-e0a9-e50e24dcca9e : bytearray(b'3,0')
2021-08-11 14:28:02,805 - INFO - root - x = 361, y = 178, Radius = 102.8798828125
2021-08-11 14:28:02,805 - INFO - root - Decision Window: xRange = 338, 349,  yRange = 212, 178
2021-08-11 14:28:02,805 - INFO - root - Distance = 24, direction = 3, Win# 16
2021-08-11 14:28:02,893 - DEBUG - bleak.backends.dotnet.client - Write Characteristic 6e400002-b5a3-f393-e0a9-e50e24dcca9e : bytearray(b'3,0')
2021-08-11 14:28:02,932 - INFO - root - x = 357, y = 181, Radius = 101.6920394897461
2021-08-11 14:28:02,933 - INFO - root - Decision Window: xRange = 338, 349,  yRange = 212, 178
2021-08-11 14:28:02,933 - INFO - root - Distance = 19, direction = 2, Win# 16
2021-08-11 14:28:03,013 - DEBUG - bleak.backends.dotnet.client - Write Characteristic 6e400002-b5a3-f393-e0a9-e50e24dcca9e : bytearray(b'2,0')
2021-08-11 14:28:03,052 - INFO - root - x = 372, y = 179, Radius = 101.49024963378906
2021-08-11 14:28:03,052 - INFO - root - Decision Window: xRange = 338, 349,  yRange = 212, 178
2021-08-11 14:28:03,052 - INFO - root - Distance = 32, direction = 2, Win# 16
2021-08-11 14:28:03,133 - DEBUG - bleak.backends.dotnet.client - Write Characteristic 6e400002-b5a3-f393-e0a9-e50e24dcca9e : bytearray(b'2,0')
2021-08-11 14:28:03,162 - INFO - root - x = 347, y = 185, Radius = 99.55155181884766
2021-08-11 14:28:03,162 - INFO - root - Decision Window: xRange = 338, 349,  yRange = 212, 178
2021-08-11 14:28:03,162 - INFO - root - Distance = 9, direction = 3, Win# 16
2021-08-11 14:28:03,253 - DEBUG - bleak.backends.dotnet.client - Write Characteristic 6e400002-b5a3-f393-e0a9-e50e24dcca9e : bytearray(b'3,0')
2021-08-11 14:28:03,283 - INFO - root - x = 260, y = 182, Radius = 102.70462036132812
2021-08-11 14:28:03,283 - INFO - root - Decision Window: xRange = 338, 349,  yRange = 212, 178
2021-08-11 14:28:03,283 - INFO - root - Distance = 78, direction = 4, Win# 16
2021-08-11 14:28:03,373 - DEBUG - bleak.backends.dotnet.client - Write Characteristic 6e400002-b5a3-f393-e0a9-e50e24dcca9e : bytearray(b'4,1')
2021-08-11 14:28:03,406 - INFO - root - x = 160, y = 254, Radius = 105.3044204711914
2021-08-11 14:28:03,406 - INFO - root - Decision Window: xRange = 338, 349,  yRange = 212, 178
2021-08-11 14:28:03,406 - INFO - root - Distance = 188, direction = 4, Win# 16
2021-08-11 14:28:03,493 - DEBUG - bleak.backends.dotnet.client - Write Characteristic 6e400002-b5a3-f393-e0a9-e50e24dcca9e : bytearray(b'4,2')
2021-08-11 14:28:03,537 - INFO - root - x = 322, y = 279, Radius = 74.64601135253906
2021-08-11 14:28:03,537 - INFO - root - Decision Window: xRange = 350, 363,  yRange = 220, 186
2021-08-11 14:28:03,537 - INFO - root - Distance = 76, direction = 1, Win# 17
2021-08-11 14:28:03,613 - DEBUG - bleak.backends.dotnet.client - Write Characteristic 6e400002-b5a3-f393-e0a9-e50e24dcca9e : bytearray(b'1,1')
2021-08-11 14:28:03,651 - INFO - root - x = 575, y = 349, Radius = 56.780616760253906
2021-08-11 14:28:03,651 - INFO - root - Decision Window: xRange = 350, 363,  yRange = 220, 186
2021-08-11 14:28:03,651 - INFO - root - Distance = 0, direction = 0, Win# 17
2021-08-11 14:28:03,733 - DEBUG - bleak.backends.dotnet.client - Write Characteristic 6e400002-b5a3-f393-e0a9-e50e24dcca9e : bytearray(b'1,2')
2021-08-11 14:28:03,761 - INFO - root - x = 648, y = 438, Radius = 41.125186920166016
2021-08-11 14:28:03,761 - INFO - root - Decision Window: xRange = 350, 363,  yRange = 220, 186
2021-08-11 14:28:03,761 - INFO - root - Distance = 0, direction = 0, Win# 17
2021-08-11 14:28:03,853 - DEBUG - bleak.backends.dotnet.client - Write Characteristic 6e400002-b5a3-f393-e0a9-e50e24dcca9e : bytearray(b'1,2')
2021-08-11 14:28:03,882 - INFO - root - x = 636, y = 460, Radius = 47.0235710144043
2021-08-11 14:28:03,882 - INFO - root - Decision Window: xRange = 350, 363,  yRange = 220, 186
2021-08-11 14:28:03,882 - INFO - root - Distance = 0, direction = 0, Win# 17
2021-08-11 14:28:03,973 - DEBUG - bleak.backends.dotnet.client - Write Characteristic 6e400002-b5a3-f393-e0a9-e50e24dcca9e : bytearray(b'1,2')
2021-08-11 14:28:04,009 - INFO - root - x = 477, y = 488, Radius = 69.89287567138672
2021-08-11 14:28:04,009 - INFO - root - Decision Window: xRange = 350, 363,  yRange = 220, 186
2021-08-11 14:28:04,009 - INFO - root - Distance = 0, direction = 0, Win# 17
2021-08-11 14:28:04,093 - DEBUG - bleak.backends.dotnet.client - Write Characteristic 6e400002-b5a3-f393-e0a9-e50e24dcca9e : bytearray(b'1,2')
2021-08-11 14:28:04,536 - INFO - root - x = 172, y = 506, Radius = 78.8575668334961
2021-08-11 14:28:04,536 - INFO - root - Decision Window: xRange = 350, 363,  yRange = 220, 186
2021-08-11 14:28:04,536 - INFO - root - Distance = 348, direction = 1, Win# 17
2021-08-11 14:28:04,633 - DEBUG - bleak.backends.dotnet.client - Write Characteristic 6e400002-b5a3-f393-e0a9-e50e24dcca9e : bytearray(b'1,3')
2021-08-11 14:28:04,680 - INFO - root - x = 134, y = 198, Radius = 31.340967178344727
2021-08-11 14:28:04,680 - INFO - root - Decision Window: xRange = 350, 363,  yRange = 220, 186
2021-08-11 14:28:04,680 - INFO - root - Distance = 216, direction = 4, Win# 17
2021-08-11 14:28:04,753 - DEBUG - bleak.backends.dotnet.client - Write Characteristic 6e400002-b5a3-f393-e0a9-e50e24dcca9e : bytearray(b'4,3')
2021-08-11 14:28:05,250 - DEBUG - bleak.backends.dotnet.client - Disconnecting from BLE device...
