2021-08-08 15:28:28,048 - INFO - root - 


2021-08-08 15:28:28,048 - INFO - root - PROGRAM BEGINS
2021-08-08 15:28:30,669 - DEBUG - asyncio - Using proactor: IocpProactor
2021-08-08 15:28:31,024 - DEBUG - bleak.backends.dotnet.scanner - Received 68:90:E5:67:23:08: Unknown.
2021-08-08 15:28:31,029 - DEBUG - bleak.backends.dotnet.scanner - Received 68:90:E5:67:23:08: Unknown.
2021-08-08 15:28:31,272 - DEBUG - bleak.backends.dotnet.scanner - Received 7C:9E:BD:EE:7A:82: Haptic Sleeve ML.
2021-08-08 15:28:31,272 - DEBUG - bleak.backends.dotnet.scanner - Received 7C:9E:BD:EE:7A:82: Unknown.
2021-08-08 15:28:31,273 - DEBUG - bleak.backends.dotnet.scanner - 2 devices found. Watcher status: 3.
2021-08-08 15:28:31,273 - DEBUG - bleak.backends.dotnet.client - Connecting to BLE device @ 7c:9e:bd:ee:7a:82
2021-08-08 15:28:35,294 - DEBUG - bleak.backends.dotnet.client - _ConnectionStatusChanged_Handler: 1
2021-08-08 15:28:35,294 - DEBUG - bleak.backends.dotnet.client - Get Services...
2021-08-08 15:28:35,348 - INFO - bleak.backends.dotnet.client - Services resolved for BleakClientDotNet (7c:9e:bd:ee:7a:82)
2021-08-08 15:28:39,941 - INFO - root - x = 490, y = 125, Radius = 84.0908203125
2021-08-08 15:28:39,941 - INFO - root - Decision Window: xRange = 489, 502,  yRange = 129, 89
2021-08-08 15:28:39,941 - INFO - root - Distance = 0, direction = 0, Win# 0
2021-08-08 15:28:40,114 - DEBUG - bleak.backends.dotnet.client - Write Characteristic 6e400002-b5a3-f393-e0a9-e50e24dcca9e : bytearray(b'1,2')
2021-08-08 15:28:40,156 - INFO - root - x = 498, y = 123, Radius = 82.59715270996094
2021-08-08 15:28:40,156 - INFO - root - Decision Window: xRange = 489, 502,  yRange = 129, 89
2021-08-08 15:28:40,156 - INFO - root - Distance = 0, direction = 0, Win# 0
2021-08-08 15:28:40,293 - DEBUG - bleak.backends.dotnet.client - Write Characteristic 6e400002-b5a3-f393-e0a9-e50e24dcca9e : bytearray(b'1,2')
2021-08-08 15:28:40,321 - INFO - root - x = 519, y = 120, Radius = 84.90298461914062
2021-08-08 15:28:40,321 - INFO - root - Decision Window: xRange = 489, 502,  yRange = 129, 89
2021-08-08 15:28:40,321 - INFO - root - Distance = 0, direction = 0, Win# 0
2021-08-08 15:28:40,413 - DEBUG - bleak.backends.dotnet.client - Write Characteristic 6e400002-b5a3-f393-e0a9-e50e24dcca9e : bytearray(b'1,2')
2021-08-08 15:28:40,447 - INFO - root - x = 522, y = 120, Radius = 79.0316390991211
2021-08-08 15:28:40,447 - INFO - root - Decision Window: xRange = 489, 502,  yRange = 129, 89
2021-08-08 15:28:40,447 - INFO - root - Distance = 0, direction = 0, Win# 0
2021-08-08 15:28:40,533 - DEBUG - bleak.backends.dotnet.client - Write Characteristic 6e400002-b5a3-f393-e0a9-e50e24dcca9e : bytearray(b'1,2')
2021-08-08 15:28:40,572 - INFO - root - x = 520, y = 119, Radius = 84.03878021240234
2021-08-08 15:28:40,572 - INFO - root - Decision Window: xRange = 489, 502,  yRange = 129, 89
2021-08-08 15:28:40,572 - INFO - root - Distance = 0, direction = 0, Win# 0
2021-08-08 15:28:40,653 - DEBUG - bleak.backends.dotnet.client - Write Characteristic 6e400002-b5a3-f393-e0a9-e50e24dcca9e : bytearray(b'1,2')
2021-08-08 15:28:40,679 - INFO - root - x = 513, y = 118, Radius = 79.83273315429688
2021-08-08 15:28:40,679 - INFO - root - Decision Window: xRange = 489, 502,  yRange = 129, 89
2021-08-08 15:28:40,679 - INFO - root - Distance = 0, direction = 0, Win# 0
2021-08-08 15:28:40,773 - DEBUG - bleak.backends.dotnet.client - Write Characteristic 6e400002-b5a3-f393-e0a9-e50e24dcca9e : bytearray(b'1,2')
2021-08-08 15:28:40,800 - INFO - root - x = 506, y = 115, Radius = 79.0728530883789
2021-08-08 15:28:40,800 - INFO - root - Decision Window: xRange = 489, 502,  yRange = 129, 89
2021-08-08 15:28:40,800 - INFO - root - Distance = 0, direction = 0, Win# 0
2021-08-08 15:28:40,893 - DEBUG - bleak.backends.dotnet.client - Write Characteristic 6e400002-b5a3-f393-e0a9-e50e24dcca9e : bytearray(b'1,2')
2021-08-08 15:28:40,928 - INFO - root - x = 494, y = 112, Radius = 72.80978393554688
2021-08-08 15:28:40,928 - INFO - root - Decision Window: xRange = 489, 502,  yRange = 129, 89
2021-08-08 15:28:40,928 - INFO - root - Distance = 0, direction = 0, Win# 0
2021-08-08 15:28:41,013 - DEBUG - bleak.backends.dotnet.client - Write Characteristic 6e400002-b5a3-f393-e0a9-e50e24dcca9e : bytearray(b'1,2')
2021-08-08 15:28:41,052 - INFO - root - x = 486, y = 111, Radius = 72.52767944335938
2021-08-08 15:28:41,052 - INFO - root - Decision Window: xRange = 489, 502,  yRange = 129, 89
2021-08-08 15:28:41,052 - INFO - root - Distance = 6, direction = 4, Win# 0
2021-08-08 15:28:41,133 - DEBUG - bleak.backends.dotnet.client - Write Characteristic 6e400002-b5a3-f393-e0a9-e50e24dcca9e : bytearray(b'4,0')
2021-08-08 15:28:41,165 - INFO - root - x = 484, y = 112, Radius = 72.80978393554688
2021-08-08 15:28:41,165 - INFO - root - Decision Window: xRange = 489, 502,  yRange = 129, 89
2021-08-08 15:28:41,165 - INFO - root - Distance = 8, direction = 4, Win# 0
2021-08-08 15:28:41,253 - DEBUG - bleak.backends.dotnet.client - Write Characteristic 6e400002-b5a3-f393-e0a9-e50e24dcca9e : bytearray(b'4,0')
2021-08-08 15:28:41,296 - INFO - root - x = 489, y = 108, Radius = 66.6516342163086
2021-08-08 15:28:41,296 - INFO - root - Decision Window: xRange = 489, 502,  yRange = 129, 89
2021-08-08 15:28:41,296 - INFO - root - Distance = 0, direction = 0, Win# 0
2021-08-08 15:28:41,373 - DEBUG - bleak.backends.dotnet.client - Write Characteristic 6e400002-b5a3-f393-e0a9-e50e24dcca9e : bytearray(b'1,2')
2021-08-08 15:28:41,408 - INFO - root - x = 486, y = 106, Radius = 66.11553192138672
2021-08-08 15:28:41,408 - INFO - root - Decision Window: xRange = 489, 502,  yRange = 129, 89
2021-08-08 15:28:41,408 - INFO - root - Distance = 3, direction = 4, Win# 0
2021-08-08 15:28:41,493 - DEBUG - bleak.backends.dotnet.client - Write Characteristic 6e400002-b5a3-f393-e0a9-e50e24dcca9e : bytearray(b'4,0')
2021-08-08 15:28:41,530 - INFO - root - x = 485, y = 105, Radius = 66.37026977539062
2021-08-08 15:28:41,530 - INFO - root - Decision Window: xRange = 489, 502,  yRange = 129, 89
2021-08-08 15:28:41,530 - INFO - root - Distance = 4, direction = 4, Win# 0
2021-08-08 15:28:41,613 - DEBUG - bleak.backends.dotnet.client - Write Characteristic 6e400002-b5a3-f393-e0a9-e50e24dcca9e : bytearray(b'4,0')
2021-08-08 15:28:41,654 - INFO - root - x = 487, y = 101, Radius = 62.82127380371094
2021-08-08 15:28:41,654 - INFO - root - Decision Window: xRange = 477, 488,  yRange = 118, 82
2021-08-08 15:28:41,655 - INFO - root - Distance = 1, direction = 3, Win# 1
2021-08-08 15:28:41,733 - DEBUG - bleak.backends.dotnet.client - Write Characteristic 6e400002-b5a3-f393-e0a9-e50e24dcca9e : bytearray(b'3,0')
2021-08-08 15:28:41,778 - INFO - root - x = 488, y = 101, Radius = 60.74546813964844
2021-08-08 15:28:41,778 - INFO - root - Decision Window: xRange = 477, 488,  yRange = 118, 82
2021-08-08 15:28:41,778 - INFO - root - Distance = 0, direction = 0, Win# 1
2021-08-08 15:28:41,853 - DEBUG - bleak.backends.dotnet.client - Write Characteristic 6e400002-b5a3-f393-e0a9-e50e24dcca9e : bytearray(b'1,2')
2021-08-08 15:28:41,882 - INFO - root - x = 487, y = 100, Radius = 61.16585922241211
2021-08-08 15:28:41,883 - INFO - root - Decision Window: xRange = 477, 488,  yRange = 118, 82
2021-08-08 15:28:41,883 - INFO - root - Distance = 0, direction = 0, Win# 1
2021-08-08 15:28:41,973 - DEBUG - bleak.backends.dotnet.client - Write Characteristic 6e400002-b5a3-f393-e0a9-e50e24dcca9e : bytearray(b'1,2')
2021-08-08 15:28:41,993 - INFO - root - x = 481, y = 99, Radius = 59.112281799316406
2021-08-08 15:28:41,993 - INFO - root - Decision Window: xRange = 477, 488,  yRange = 118, 82
2021-08-08 15:28:41,993 - INFO - root - Distance = 0, direction = 0, Win# 1
2021-08-08 15:28:42,153 - DEBUG - bleak.backends.dotnet.client - Write Characteristic 6e400002-b5a3-f393-e0a9-e50e24dcca9e : bytearray(b'1,2')
2021-08-08 15:28:42,197 - INFO - root - x = 461, y = 96, Radius = 58.64521789550781
2021-08-08 15:28:42,198 - INFO - root - Decision Window: xRange = 466, 476,  yRange = 115, 80
2021-08-08 15:28:42,198 - INFO - root - Distance = 9, direction = 4, Win# 2
2021-08-08 15:28:42,273 - DEBUG - bleak.backends.dotnet.client - Write Characteristic 6e400002-b5a3-f393-e0a9-e50e24dcca9e : bytearray(b'4,0')
2021-08-08 15:28:42,318 - INFO - root - x = 459, y = 95, Radius = 59.35707092285156
2021-08-08 15:28:42,318 - INFO - root - Decision Window: xRange = 466, 476,  yRange = 115, 80
2021-08-08 15:28:42,318 - INFO - root - Distance = 9, direction = 1, Win# 2
2021-08-08 15:28:42,393 - DEBUG - bleak.backends.dotnet.client - Write Characteristic 6e400002-b5a3-f393-e0a9-e50e24dcca9e : bytearray(b'1,0')
2021-08-08 15:28:42,423 - INFO - root - x = 459, y = 94, Radius = 60.33665466308594
2021-08-08 15:28:42,423 - INFO - root - Decision Window: xRange = 458, 465,  yRange = 98, 78
2021-08-08 15:28:42,423 - INFO - root - Distance = 7, direction = 1, Win# 3
2021-08-08 15:28:42,513 - DEBUG - bleak.backends.dotnet.client - Write Characteristic 6e400002-b5a3-f393-e0a9-e50e24dcca9e : bytearray(b'1,0')
2021-08-08 15:28:42,547 - INFO - root - x = 457, y = 94, Radius = 57.71708297729492
2021-08-08 15:28:42,547 - INFO - root - Decision Window: xRange = 458, 465,  yRange = 98, 78
2021-08-08 15:28:42,547 - INFO - root - Distance = 0, direction = 0, Win# 3
2021-08-08 15:28:42,633 - DEBUG - bleak.backends.dotnet.client - Write Characteristic 6e400002-b5a3-f393-e0a9-e50e24dcca9e : bytearray(b'1,2')
2021-08-08 15:28:42,670 - INFO - root - x = 452, y = 93, Radius = 55.70018768310547
2021-08-08 15:28:42,670 - INFO - root - Decision Window: xRange = 458, 465,  yRange = 98, 78
2021-08-08 15:28:42,670 - INFO - root - Distance = 10, direction = 1, Win# 3
2021-08-08 15:28:42,754 - DEBUG - bleak.backends.dotnet.client - Write Characteristic 6e400002-b5a3-f393-e0a9-e50e24dcca9e : bytearray(b'1,0')
2021-08-08 15:28:42,797 - INFO - root - x = 441, y = 92, Radius = 56.400455474853516
2021-08-08 15:28:42,797 - INFO - root - Decision Window: xRange = 443, 457,  yRange = 96, 69
2021-08-08 15:28:42,797 - INFO - root - Distance = 13, direction = 1, Win# 4
2021-08-08 15:28:42,874 - DEBUG - bleak.backends.dotnet.client - Write Characteristic 6e400002-b5a3-f393-e0a9-e50e24dcca9e : bytearray(b'1,0')
2021-08-08 15:28:42,903 - INFO - root - x = 431, y = 92, Radius = 54.612369537353516
2021-08-08 15:28:42,903 - INFO - root - Decision Window: xRange = 431, 442,  yRange = 87, 66
2021-08-08 15:28:42,903 - INFO - root - Distance = 16, direction = 1, Win# 5
2021-08-08 15:28:42,993 - DEBUG - bleak.backends.dotnet.client - Write Characteristic 6e400002-b5a3-f393-e0a9-e50e24dcca9e : bytearray(b'1,0')
2021-08-08 15:28:43,030 - INFO - root - x = 421, y = 91, Radius = 51.225093841552734
2021-08-08 15:28:43,030 - INFO - root - Decision Window: xRange = 420, 430,  yRange = 84, 65
2021-08-08 15:28:43,030 - INFO - root - Distance = 16, direction = 1, Win# 6
2021-08-08 15:28:43,113 - DEBUG - bleak.backends.dotnet.client - Write Characteristic 6e400002-b5a3-f393-e0a9-e50e24dcca9e : bytearray(b'1,0')
2021-08-08 15:28:43,149 - INFO - root - x = 413, y = 91, Radius = 54.23339080810547
2021-08-08 15:28:43,149 - INFO - root - Decision Window: xRange = 420, 430,  yRange = 84, 65
2021-08-08 15:28:43,149 - INFO - root - Distance = 18, direction = 1, Win# 6
2021-08-08 15:28:43,233 - DEBUG - bleak.backends.dotnet.client - Write Characteristic 6e400002-b5a3-f393-e0a9-e50e24dcca9e : bytearray(b'1,0')
2021-08-08 15:28:43,273 - INFO - root - x = 408, y = 88, Radius = 48.97203063964844
2021-08-08 15:28:43,273 - INFO - root - Decision Window: xRange = 400, 419,  yRange = 83, 65
2021-08-08 15:28:43,273 - INFO - root - Distance = 14, direction = 1, Win# 7
2021-08-08 15:28:43,353 - DEBUG - bleak.backends.dotnet.client - Write Characteristic 6e400002-b5a3-f393-e0a9-e50e24dcca9e : bytearray(b'1,0')
2021-08-08 15:28:43,380 - INFO - root - x = 404, y = 87, Radius = 50.914241790771484
2021-08-08 15:28:43,381 - INFO - root - Decision Window: xRange = 400, 419,  yRange = 83, 65
2021-08-08 15:28:43,381 - INFO - root - Distance = 0, direction = 0, Win# 7
2021-08-08 15:28:43,473 - DEBUG - bleak.backends.dotnet.client - Write Characteristic 6e400002-b5a3-f393-e0a9-e50e24dcca9e : bytearray(b'1,2')
2021-08-08 15:28:43,503 - INFO - root - x = 401, y = 88, Radius = 52.31166458129883
2021-08-08 15:28:43,503 - INFO - root - Decision Window: xRange = 400, 419,  yRange = 83, 65
2021-08-08 15:28:43,503 - INFO - root - Distance = 0, direction = 0, Win# 7
2021-08-08 15:28:43,593 - DEBUG - bleak.backends.dotnet.client - Write Characteristic 6e400002-b5a3-f393-e0a9-e50e24dcca9e : bytearray(b'1,2')
2021-08-08 15:28:43,630 - INFO - root - x = 396, y = 94, Radius = 61.100425720214844
2021-08-08 15:28:43,630 - INFO - root - Decision Window: xRange = 386, 399,  yRange = 85, 70
2021-08-08 15:28:43,630 - INFO - root - Distance = 16, direction = 1, Win# 8
2021-08-08 15:28:43,714 - DEBUG - bleak.backends.dotnet.client - Write Characteristic 6e400002-b5a3-f393-e0a9-e50e24dcca9e : bytearray(b'1,0')
2021-08-08 15:28:43,750 - INFO - root - x = 388, y = 94, Radius = 56.854515075683594
2021-08-08 15:28:43,750 - INFO - root - Decision Window: xRange = 386, 399,  yRange = 85, 70
2021-08-08 15:28:43,750 - INFO - root - Distance = 0, direction = 0, Win# 8
2021-08-08 15:28:43,833 - DEBUG - bleak.backends.dotnet.client - Write Characteristic 6e400002-b5a3-f393-e0a9-e50e24dcca9e : bytearray(b'1,2')
2021-08-08 15:28:43,874 - INFO - root - x = 376, y = 101, Radius = 65.4266357421875
2021-08-08 15:28:43,874 - INFO - root - Decision Window: xRange = 371, 385,  yRange = 92, 72
2021-08-08 15:28:43,874 - INFO - root - Distance = 16, direction = 1, Win# 9
2021-08-08 15:28:43,953 - DEBUG - bleak.backends.dotnet.client - Write Characteristic 6e400002-b5a3-f393-e0a9-e50e24dcca9e : bytearray(b'1,0')
2021-08-08 15:28:43,985 - INFO - root - x = 361, y = 97, Radius = 63.20018005371094
2021-08-08 15:28:43,985 - INFO - root - Decision Window: xRange = 358, 370,  yRange = 98, 74
2021-08-08 15:28:43,985 - INFO - root - Distance = 3, direction = 1, Win# 10
2021-08-08 15:28:44,073 - DEBUG - bleak.backends.dotnet.client - Write Characteristic 6e400002-b5a3-f393-e0a9-e50e24dcca9e : bytearray(b'1,0')
2021-08-08 15:28:44,105 - INFO - root - x = 362, y = 166, Radius = 135.35150146484375
2021-08-08 15:28:44,105 - INFO - root - Decision Window: xRange = 358, 370,  yRange = 98, 74
2021-08-08 15:28:44,105 - INFO - root - Distance = 0, direction = 0, Win# 10
2021-08-08 15:28:44,193 - DEBUG - bleak.backends.dotnet.client - Write Characteristic 6e400002-b5a3-f393-e0a9-e50e24dcca9e : bytearray(b'1,2')
2021-08-08 15:28:44,238 - INFO - root - x = 342, y = 175, Radius = 143.34060668945312
2021-08-08 15:28:44,238 - INFO - root - Decision Window: xRange = 348, 357,  yRange = 112, 75
2021-08-08 15:28:44,238 - INFO - root - Distance = 70, direction = 1, Win# 11
2021-08-08 15:28:44,373 - DEBUG - bleak.backends.dotnet.client - Write Characteristic 6e400002-b5a3-f393-e0a9-e50e24dcca9e : bytearray(b'1,1')
2021-08-08 15:28:44,417 - INFO - root - x = 317, y = 176, Radius = 159.65676879882812
2021-08-08 15:28:44,417 - INFO - root - Decision Window: xRange = 339, 347,  yRange = 125, 90
2021-08-08 15:28:44,417 - INFO - root - Distance = 60, direction = 1, Win# 12
2021-08-08 15:28:44,493 - DEBUG - bleak.backends.dotnet.client - Write Characteristic 6e400002-b5a3-f393-e0a9-e50e24dcca9e : bytearray(b'1,1')
2021-08-08 15:28:44,525 - INFO - root - x = 308, y = 171, Radius = 141.39759826660156
2021-08-08 15:28:44,525 - INFO - root - Decision Window: xRange = 333, 338,  yRange = 146, 106
2021-08-08 15:28:44,525 - INFO - root - Distance = 43, direction = 1, Win# 13
2021-08-08 15:28:44,613 - DEBUG - bleak.backends.dotnet.client - Write Characteristic 6e400002-b5a3-f393-e0a9-e50e24dcca9e : bytearray(b'1,0')
2021-08-08 15:28:44,634 - INFO - root - x = 290, y = 173, Radius = 140.20175170898438
2021-08-08 15:28:44,634 - INFO - root - Decision Window: xRange = 323, 332,  yRange = 162, 126
2021-08-08 15:28:44,634 - INFO - root - Distance = 38, direction = 4, Win# 14
2021-08-08 15:28:44,733 - DEBUG - bleak.backends.dotnet.client - Write Characteristic 6e400002-b5a3-f393-e0a9-e50e24dcca9e : bytearray(b'4,0')
2021-08-08 15:28:44,774 - INFO - root - x = 270, y = 174, Radius = 145.65122985839844
2021-08-08 15:28:44,774 - INFO - root - Decision Window: xRange = 323, 332,  yRange = 162, 126
2021-08-08 15:28:44,774 - INFO - root - Distance = 58, direction = 4, Win# 14
2021-08-08 15:28:44,853 - DEBUG - bleak.backends.dotnet.client - Write Characteristic 6e400002-b5a3-f393-e0a9-e50e24dcca9e : bytearray(b'4,1')
2021-08-08 15:28:44,900 - INFO - root - x = 242, y = 173, Radius = 142.48255920410156
2021-08-08 15:28:44,900 - INFO - root - Decision Window: xRange = 323, 332,  yRange = 162, 126
2021-08-08 15:28:44,900 - INFO - root - Distance = 85, direction = 4, Win# 14
2021-08-08 15:28:44,973 - DEBUG - bleak.backends.dotnet.client - Write Characteristic 6e400002-b5a3-f393-e0a9-e50e24dcca9e : bytearray(b'4,1')
2021-08-08 15:28:45,005 - INFO - root - x = 223, y = 174, Radius = 147.5746612548828
2021-08-08 15:28:45,005 - INFO - root - Decision Window: xRange = 323, 332,  yRange = 162, 126
2021-08-08 15:28:45,005 - INFO - root - Distance = 104, direction = 4, Win# 14
2021-08-08 15:28:45,093 - DEBUG - bleak.backends.dotnet.client - Write Characteristic 6e400002-b5a3-f393-e0a9-e50e24dcca9e : bytearray(b'4,2')
2021-08-08 15:28:45,129 - INFO - root - x = 209, y = 178, Radius = 151.34864807128906
2021-08-08 15:28:45,129 - INFO - root - Decision Window: xRange = 323, 332,  yRange = 162, 126
2021-08-08 15:28:45,129 - INFO - root - Distance = 119, direction = 4, Win# 14
2021-08-08 15:28:45,213 - DEBUG - bleak.backends.dotnet.client - Write Characteristic 6e400002-b5a3-f393-e0a9-e50e24dcca9e : bytearray(b'4,2')
2021-08-08 15:28:45,252 - INFO - root - x = 188, y = 181, Radius = 158.02857971191406
2021-08-08 15:28:45,252 - INFO - root - Decision Window: xRange = 323, 332,  yRange = 162, 126
2021-08-08 15:28:45,252 - INFO - root - Distance = 140, direction = 4, Win# 14
2021-08-08 15:28:45,333 - DEBUG - bleak.backends.dotnet.client - Write Characteristic 6e400002-b5a3-f393-e0a9-e50e24dcca9e : bytearray(b'4,2')
2021-08-08 15:28:45,376 - INFO - root - x = 162, y = 182, Radius = 158.09027099609375
2021-08-08 15:28:45,376 - INFO - root - Decision Window: xRange = 323, 332,  yRange = 162, 126
2021-08-08 15:28:45,376 - INFO - root - Distance = 166, direction = 4, Win# 14
2021-08-08 15:28:45,453 - DEBUG - bleak.backends.dotnet.client - Write Characteristic 6e400002-b5a3-f393-e0a9-e50e24dcca9e : bytearray(b'4,2')
2021-08-08 15:28:45,488 - INFO - root - x = 143, y = 184, Radius = 160.9542999267578
2021-08-08 15:28:45,488 - INFO - root - Decision Window: xRange = 323, 332,  yRange = 162, 126
2021-08-08 15:28:45,488 - INFO - root - Distance = 185, direction = 4, Win# 14
2021-08-08 15:28:45,633 - DEBUG - bleak.backends.dotnet.client - Write Characteristic 6e400002-b5a3-f393-e0a9-e50e24dcca9e : bytearray(b'4,2')
2021-08-08 15:28:45,670 - INFO - root - x = 111, y = 197, Radius = 156.9722442626953
2021-08-08 15:28:45,670 - INFO - root - Decision Window: xRange = 323, 332,  yRange = 162, 126
2021-08-08 15:28:45,670 - INFO - root - Distance = 218, direction = 4, Win# 14
2021-08-08 15:28:45,753 - DEBUG - bleak.backends.dotnet.client - Write Characteristic 6e400002-b5a3-f393-e0a9-e50e24dcca9e : bytearray(b'4,3')
2021-08-08 15:28:45,792 - INFO - root - x = 93, y = 223, Radius = 154.8710174560547
2021-08-08 15:28:45,792 - INFO - root - Decision Window: xRange = 323, 332,  yRange = 162, 126
2021-08-08 15:28:45,792 - INFO - root - Distance = 241, direction = 4, Win# 14
2021-08-08 15:28:45,873 - DEBUG - bleak.backends.dotnet.client - Write Characteristic 6e400002-b5a3-f393-e0a9-e50e24dcca9e : bytearray(b'4,3')
2021-08-08 15:28:45,917 - INFO - root - x = 74, y = 263, Radius = 123.02550506591797
2021-08-08 15:28:45,917 - INFO - root - Decision Window: xRange = 323, 337,  yRange = 196, 163
2021-08-08 15:28:45,917 - INFO - root - Distance = 270, direction = 4, Win# 15
2021-08-08 15:28:45,993 - DEBUG - bleak.backends.dotnet.client - Write Characteristic 6e400002-b5a3-f393-e0a9-e50e24dcca9e : bytearray(b'4,3')
2021-08-08 15:28:46,024 - INFO - root - x = 67, y = 284, Radius = 80.68731689453125
2021-08-08 15:28:46,024 - INFO - root - Decision Window: xRange = 323, 337,  yRange = 196, 163
2021-08-08 15:28:46,024 - INFO - root - Distance = 284, direction = 4, Win# 15
2021-08-08 15:28:46,113 - DEBUG - bleak.backends.dotnet.client - Write Characteristic 6e400002-b5a3-f393-e0a9-e50e24dcca9e : bytearray(b'4,3')
2021-08-08 15:28:46,146 - INFO - root - x = 64, y = 295, Radius = 49.911468505859375
2021-08-08 15:28:46,146 - INFO - root - Decision Window: xRange = 323, 337,  yRange = 196, 163
2021-08-08 15:28:46,146 - INFO - root - Distance = 291, direction = 4, Win# 15
2021-08-08 15:28:46,233 - DEBUG - bleak.backends.dotnet.client - Write Characteristic 6e400002-b5a3-f393-e0a9-e50e24dcca9e : bytearray(b'4,3')
2021-08-08 15:28:46,271 - INFO - root - x = 63, y = 299, Radius = 43.280887603759766
2021-08-08 15:28:46,271 - INFO - root - Decision Window: xRange = 323, 337,  yRange = 196, 163
2021-08-08 15:28:46,271 - INFO - root - Distance = 293, direction = 4, Win# 15
2021-08-08 15:28:46,353 - DEBUG - bleak.backends.dotnet.client - Write Characteristic 6e400002-b5a3-f393-e0a9-e50e24dcca9e : bytearray(b'4,3')
2021-08-08 15:28:46,395 - INFO - root - x = 62, y = 300, Radius = 42.2641487121582
2021-08-08 15:28:46,395 - INFO - root - Decision Window: xRange = 323, 337,  yRange = 196, 163
2021-08-08 15:28:46,395 - INFO - root - Distance = 295, direction = 4, Win# 15
2021-08-08 15:28:46,473 - DEBUG - bleak.backends.dotnet.client - Write Characteristic 6e400002-b5a3-f393-e0a9-e50e24dcca9e : bytearray(b'4,3')
2021-08-08 15:28:46,504 - INFO - root - x = 66, y = 316, Radius = 13.729630470275879
2021-08-08 15:28:46,504 - INFO - root - Decision Window: xRange = 323, 337,  yRange = 196, 163
2021-08-08 15:28:46,505 - INFO - root - Distance = 298, direction = 4, Win# 15
2021-08-08 15:28:46,593 - DEBUG - bleak.backends.dotnet.client - Write Characteristic 6e400002-b5a3-f393-e0a9-e50e24dcca9e : bytearray(b'4,3')
2021-08-08 15:28:46,625 - INFO - root - x = 69, y = 315, Radius = 13.209944725036621
2021-08-08 15:28:46,625 - INFO - root - Decision Window: xRange = 323, 337,  yRange = 196, 163
2021-08-08 15:28:46,625 - INFO - root - Distance = 295, direction = 4, Win# 15
2021-08-08 15:28:46,713 - DEBUG - bleak.backends.dotnet.client - Write Characteristic 6e400002-b5a3-f393-e0a9-e50e24dcca9e : bytearray(b'4,3')
