2021-08-11 13:36:34,963 - INFO - root - 


2021-08-11 13:36:34,963 - INFO - root - PROGRAM BEGINS
2021-08-11 13:36:44,720 - DEBUG - asyncio - Using proactor: IocpProactor
2021-08-11 13:36:45,307 - DEBUG - bleak.backends.dotnet.scanner - Received 67:FC:A0:33:44:01: Unknown.
2021-08-11 13:36:45,312 - DEBUG - bleak.backends.dotnet.scanner - Received 67:FC:A0:33:44:01: Unknown.
2021-08-11 13:36:45,663 - DEBUG - bleak.backends.dotnet.scanner - Received CC:D2:81:7A:31:C7: Unknown.
2021-08-11 13:36:45,664 - DEBUG - bleak.backends.dotnet.scanner - Received CC:D2:81:7A:31:C7: Unknown.
2021-08-11 13:36:46,126 - DEBUG - bleak.backends.dotnet.scanner - Received 7C:7B:E9:68:6D:3B: Unknown.
2021-08-11 13:36:46,127 - DEBUG - bleak.backends.dotnet.scanner - Received 7C:7B:E9:68:6D:3B: Unknown.
2021-08-11 13:36:46,243 - DEBUG - bleak.backends.dotnet.scanner - Received 3F:4D:6C:C6:F2:5D: Unknown.
2021-08-11 13:36:46,394 - DEBUG - bleak.backends.dotnet.scanner - Received 67:FC:A0:33:44:01: Unknown.
2021-08-11 13:36:46,395 - DEBUG - bleak.backends.dotnet.scanner - Received 67:FC:A0:33:44:01: Unknown.
2021-08-11 13:36:46,609 - DEBUG - bleak.backends.dotnet.scanner - Received 3F:4D:6C:C6:F2:5D: Unknown.
2021-08-11 13:36:46,839 - DEBUG - bleak.backends.dotnet.scanner - Received 7C:9E:BD:EE:7A:82: Haptic Sleeve ML.
2021-08-11 13:36:46,840 - DEBUG - bleak.backends.dotnet.scanner - Received 7C:9E:BD:EE:7A:82: Unknown.
2021-08-11 13:36:46,840 - DEBUG - bleak.backends.dotnet.scanner - 5 devices found. Watcher status: 3.
2021-08-11 13:36:46,840 - DEBUG - bleak.backends.dotnet.client - Connecting to BLE device @ 7c:9e:bd:ee:7a:82
2021-08-11 13:36:50,880 - DEBUG - bleak.backends.dotnet.client - _ConnectionStatusChanged_Handler: 1
2021-08-11 13:36:50,880 - DEBUG - bleak.backends.dotnet.client - Get Services...
2021-08-11 13:36:50,937 - INFO - bleak.backends.dotnet.client - Services resolved for BleakClientDotNet (7c:9e:bd:ee:7a:82)
2021-08-11 13:36:55,093 - INFO - root - x = 494, y = 124, Radius = 52.73765563964844
2021-08-11 13:36:55,093 - INFO - root - Decision Window: xRange = 489, 502,  yRange = 129, 89
2021-08-11 13:36:55,093 - INFO - root - Distance = 0, direction = 0, Win# 0
2021-08-11 13:36:55,240 - DEBUG - bleak.backends.dotnet.client - Write Characteristic 6e400002-b5a3-f393-e0a9-e50e24dcca9e : bytearray(b'1,2')
2021-08-11 13:36:55,272 - INFO - root - x = 493, y = 120, Radius = 51.15916442871094
2021-08-11 13:36:55,273 - INFO - root - Decision Window: xRange = 489, 502,  yRange = 129, 89
2021-08-11 13:36:55,273 - INFO - root - Distance = 0, direction = 0, Win# 0
2021-08-11 13:36:55,359 - DEBUG - bleak.backends.dotnet.client - Write Characteristic 6e400002-b5a3-f393-e0a9-e50e24dcca9e : bytearray(b'1,2')
2021-08-11 13:36:55,397 - INFO - root - x = 496, y = 116, Radius = 51.34695816040039
2021-08-11 13:36:55,397 - INFO - root - Decision Window: xRange = 489, 502,  yRange = 129, 89
2021-08-11 13:36:55,397 - INFO - root - Distance = 0, direction = 0, Win# 0
2021-08-11 13:36:55,479 - DEBUG - bleak.backends.dotnet.client - Write Characteristic 6e400002-b5a3-f393-e0a9-e50e24dcca9e : bytearray(b'1,2')
2021-08-11 13:36:55,519 - INFO - root - x = 496, y = 118, Radius = 51.34695816040039
2021-08-11 13:36:55,519 - INFO - root - Decision Window: xRange = 489, 502,  yRange = 129, 89
2021-08-11 13:36:55,519 - INFO - root - Distance = 0, direction = 0, Win# 0
2021-08-11 13:36:55,660 - DEBUG - bleak.backends.dotnet.client - Write Characteristic 6e400002-b5a3-f393-e0a9-e50e24dcca9e : bytearray(b'1,2')
2021-08-11 13:36:55,688 - INFO - root - x = 495, y = 120, Radius = 51.15916442871094
2021-08-11 13:36:55,688 - INFO - root - Decision Window: xRange = 489, 502,  yRange = 129, 89
2021-08-11 13:36:55,688 - INFO - root - Distance = 0, direction = 0, Win# 0
2021-08-11 13:36:55,780 - DEBUG - bleak.backends.dotnet.client - Write Characteristic 6e400002-b5a3-f393-e0a9-e50e24dcca9e : bytearray(b'1,2')
2021-08-11 13:36:55,811 - INFO - root - x = 497, y = 120, Radius = 50.423309326171875
2021-08-11 13:36:55,812 - INFO - root - Decision Window: xRange = 489, 502,  yRange = 129, 89
2021-08-11 13:36:55,812 - INFO - root - Distance = 0, direction = 0, Win# 0
2021-08-11 13:36:55,899 - DEBUG - bleak.backends.dotnet.client - Write Characteristic 6e400002-b5a3-f393-e0a9-e50e24dcca9e : bytearray(b'1,2')
2021-08-11 13:36:55,936 - INFO - root - x = 497, y = 117, Radius = 49.21645736694336
2021-08-11 13:36:55,936 - INFO - root - Decision Window: xRange = 489, 502,  yRange = 129, 89
2021-08-11 13:36:55,936 - INFO - root - Distance = 0, direction = 0, Win# 0
2021-08-11 13:36:56,019 - DEBUG - bleak.backends.dotnet.client - Write Characteristic 6e400002-b5a3-f393-e0a9-e50e24dcca9e : bytearray(b'1,2')
2021-08-11 13:36:56,063 - INFO - root - x = 496, y = 116, Radius = 49.580841064453125
2021-08-11 13:36:56,063 - INFO - root - Decision Window: xRange = 489, 502,  yRange = 129, 89
2021-08-11 13:36:56,063 - INFO - root - Distance = 0, direction = 0, Win# 0
2021-08-11 13:36:56,140 - DEBUG - bleak.backends.dotnet.client - Write Characteristic 6e400002-b5a3-f393-e0a9-e50e24dcca9e : bytearray(b'1,2')
2021-08-11 13:36:56,169 - INFO - root - x = 495, y = 116, Radius = 49.580841064453125
2021-08-11 13:36:56,169 - INFO - root - Decision Window: xRange = 489, 502,  yRange = 129, 89
2021-08-11 13:36:56,169 - INFO - root - Distance = 0, direction = 0, Win# 0
2021-08-11 13:36:56,259 - DEBUG - bleak.backends.dotnet.client - Write Characteristic 6e400002-b5a3-f393-e0a9-e50e24dcca9e : bytearray(b'1,2')
2021-08-11 13:36:56,294 - INFO - root - x = 491, y = 114, Radius = 49.30780792236328
2021-08-11 13:36:56,294 - INFO - root - Decision Window: xRange = 489, 502,  yRange = 129, 89
2021-08-11 13:36:56,294 - INFO - root - Distance = 0, direction = 0, Win# 0
2021-08-11 13:36:56,380 - DEBUG - bleak.backends.dotnet.client - Write Characteristic 6e400002-b5a3-f393-e0a9-e50e24dcca9e : bytearray(b'1,2')
2021-08-11 13:36:56,414 - INFO - root - x = 490, y = 112, Radius = 48.93117141723633
2021-08-11 13:36:56,414 - INFO - root - Decision Window: xRange = 489, 502,  yRange = 129, 89
2021-08-11 13:36:56,414 - INFO - root - Distance = 0, direction = 0, Win# 0
2021-08-11 13:36:56,499 - DEBUG - bleak.backends.dotnet.client - Write Characteristic 6e400002-b5a3-f393-e0a9-e50e24dcca9e : bytearray(b'1,2')
2021-08-11 13:36:56,525 - INFO - root - x = 489, y = 113, Radius = 49.0434455871582
2021-08-11 13:36:56,526 - INFO - root - Decision Window: xRange = 489, 502,  yRange = 129, 89
2021-08-11 13:36:56,526 - INFO - root - Distance = 0, direction = 0, Win# 0
2021-08-11 13:36:56,620 - DEBUG - bleak.backends.dotnet.client - Write Characteristic 6e400002-b5a3-f393-e0a9-e50e24dcca9e : bytearray(b'1,2')
2021-08-11 13:36:56,648 - INFO - root - x = 490, y = 113, Radius = 48.65449142456055
2021-08-11 13:36:56,648 - INFO - root - Decision Window: xRange = 489, 502,  yRange = 129, 89
2021-08-11 13:36:56,648 - INFO - root - Distance = 0, direction = 0, Win# 0
2021-08-11 13:36:56,739 - DEBUG - bleak.backends.dotnet.client - Write Characteristic 6e400002-b5a3-f393-e0a9-e50e24dcca9e : bytearray(b'1,2')
2021-08-11 13:36:56,771 - INFO - root - x = 490, y = 113, Radius = 48.58507537841797
2021-08-11 13:36:56,771 - INFO - root - Decision Window: xRange = 489, 502,  yRange = 129, 89
2021-08-11 13:36:56,771 - INFO - root - Distance = 0, direction = 0, Win# 0
2021-08-11 13:36:56,859 - DEBUG - bleak.backends.dotnet.client - Write Characteristic 6e400002-b5a3-f393-e0a9-e50e24dcca9e : bytearray(b'1,2')
2021-08-11 13:36:56,880 - INFO - root - x = 490, y = 114, Radius = 49.117305755615234
2021-08-11 13:36:56,880 - INFO - root - Decision Window: xRange = 489, 502,  yRange = 129, 89
2021-08-11 13:36:56,880 - INFO - root - Distance = 0, direction = 0, Win# 0
2021-08-11 13:36:56,980 - DEBUG - bleak.backends.dotnet.client - Write Characteristic 6e400002-b5a3-f393-e0a9-e50e24dcca9e : bytearray(b'1,2')
2021-08-11 13:36:57,015 - INFO - root - x = 490, y = 115, Radius = 48.58507537841797
2021-08-11 13:36:57,015 - INFO - root - Decision Window: xRange = 489, 502,  yRange = 129, 89
2021-08-11 13:36:57,015 - INFO - root - Distance = 0, direction = 0, Win# 0
2021-08-11 13:36:57,100 - DEBUG - bleak.backends.dotnet.client - Write Characteristic 6e400002-b5a3-f393-e0a9-e50e24dcca9e : bytearray(b'1,2')
2021-08-11 13:36:57,140 - INFO - root - x = 490, y = 115, Radius = 48.466583251953125
2021-08-11 13:36:57,140 - INFO - root - Decision Window: xRange = 489, 502,  yRange = 129, 89
2021-08-11 13:36:57,140 - INFO - root - Distance = 0, direction = 0, Win# 0
2021-08-11 13:36:57,220 - DEBUG - bleak.backends.dotnet.client - Write Characteristic 6e400002-b5a3-f393-e0a9-e50e24dcca9e : bytearray(b'1,2')
2021-08-11 13:36:57,247 - INFO - root - x = 490, y = 116, Radius = 48.846797943115234
2021-08-11 13:36:57,247 - INFO - root - Decision Window: xRange = 489, 502,  yRange = 129, 89
2021-08-11 13:36:57,247 - INFO - root - Distance = 0, direction = 0, Win# 0
2021-08-11 13:36:57,339 - DEBUG - bleak.backends.dotnet.client - Write Characteristic 6e400002-b5a3-f393-e0a9-e50e24dcca9e : bytearray(b'1,2')
2021-08-11 13:36:57,360 - INFO - root - x = 491, y = 116, Radius = 48.466583251953125
2021-08-11 13:36:57,361 - INFO - root - Decision Window: xRange = 489, 502,  yRange = 129, 89
2021-08-11 13:36:57,361 - INFO - root - Distance = 0, direction = 0, Win# 0
2021-08-11 13:36:57,460 - DEBUG - bleak.backends.dotnet.client - Write Characteristic 6e400002-b5a3-f393-e0a9-e50e24dcca9e : bytearray(b'1,2')
2021-08-11 13:36:57,497 - INFO - root - x = 491, y = 116, Radius = 48.127532958984375
2021-08-11 13:36:57,498 - INFO - root - Decision Window: xRange = 489, 502,  yRange = 129, 89
2021-08-11 13:36:57,498 - INFO - root - Distance = 0, direction = 0, Win# 0
2021-08-11 13:36:57,580 - DEBUG - bleak.backends.dotnet.client - Write Characteristic 6e400002-b5a3-f393-e0a9-e50e24dcca9e : bytearray(b'1,2')
2021-08-11 13:36:57,618 - INFO - root - x = 490, y = 115, Radius = 48.192420959472656
2021-08-11 13:36:57,618 - INFO - root - Decision Window: xRange = 489, 502,  yRange = 129, 89
2021-08-11 13:36:57,618 - INFO - root - Distance = 0, direction = 0, Win# 0
2021-08-11 13:36:57,699 - DEBUG - bleak.backends.dotnet.client - Write Characteristic 6e400002-b5a3-f393-e0a9-e50e24dcca9e : bytearray(b'1,2')
2021-08-11 13:36:57,734 - INFO - root - x = 485, y = 119, Radius = 47.731117248535156
2021-08-11 13:36:57,734 - INFO - root - Decision Window: xRange = 489, 502,  yRange = 129, 89
2021-08-11 13:36:57,734 - INFO - root - Distance = 10, direction = 4, Win# 0
2021-08-11 13:36:57,819 - DEBUG - bleak.backends.dotnet.client - Write Characteristic 6e400002-b5a3-f393-e0a9-e50e24dcca9e : bytearray(b'4,0')
2021-08-11 13:36:57,856 - INFO - root - x = 482, y = 117, Radius = 47.468509674072266
2021-08-11 13:36:57,856 - INFO - root - Decision Window: xRange = 489, 502,  yRange = 129, 89
2021-08-11 13:36:57,856 - INFO - root - Distance = 12, direction = 4, Win# 0
2021-08-11 13:36:57,939 - DEBUG - bleak.backends.dotnet.client - Write Characteristic 6e400002-b5a3-f393-e0a9-e50e24dcca9e : bytearray(b'4,0')
2021-08-11 13:36:57,979 - INFO - root - x = 478, y = 117, Radius = 46.5538330078125
2021-08-11 13:36:57,979 - INFO - root - Decision Window: xRange = 489, 502,  yRange = 129, 89
2021-08-11 13:36:57,979 - INFO - root - Distance = 16, direction = 4, Win# 0
2021-08-11 13:36:58,060 - DEBUG - bleak.backends.dotnet.client - Write Characteristic 6e400002-b5a3-f393-e0a9-e50e24dcca9e : bytearray(b'4,0')
2021-08-11 13:36:58,100 - INFO - root - x = 473, y = 115, Radius = 45.853126525878906
2021-08-11 13:36:58,101 - INFO - root - Decision Window: xRange = 489, 502,  yRange = 129, 89
2021-08-11 13:36:58,101 - INFO - root - Distance = 18, direction = 4, Win# 0
2021-08-11 13:36:58,179 - DEBUG - bleak.backends.dotnet.client - Write Characteristic 6e400002-b5a3-f393-e0a9-e50e24dcca9e : bytearray(b'4,0')
2021-08-11 13:36:58,210 - INFO - root - x = 474, y = 113, Radius = 45.69473648071289
2021-08-11 13:36:58,210 - INFO - root - Decision Window: xRange = 489, 502,  yRange = 129, 89
2021-08-11 13:36:58,210 - INFO - root - Distance = 17, direction = 4, Win# 0
2021-08-11 13:36:58,300 - DEBUG - bleak.backends.dotnet.client - Write Characteristic 6e400002-b5a3-f393-e0a9-e50e24dcca9e : bytearray(b'4,0')
2021-08-11 13:36:58,334 - INFO - root - x = 474, y = 110, Radius = 45.436866760253906
2021-08-11 13:36:58,334 - INFO - root - Decision Window: xRange = 489, 502,  yRange = 129, 89
2021-08-11 13:36:58,334 - INFO - root - Distance = 15, direction = 4, Win# 0
2021-08-11 13:36:58,420 - DEBUG - bleak.backends.dotnet.client - Write Characteristic 6e400002-b5a3-f393-e0a9-e50e24dcca9e : bytearray(b'4,0')
2021-08-11 13:36:58,460 - INFO - root - x = 474, y = 107, Radius = 45.038970947265625
2021-08-11 13:36:58,460 - INFO - root - Decision Window: xRange = 477, 488,  yRange = 118, 82
2021-08-11 13:36:58,460 - INFO - root - Distance = 12, direction = 4, Win# 1
2021-08-11 13:36:58,539 - DEBUG - bleak.backends.dotnet.client - Write Characteristic 6e400002-b5a3-f393-e0a9-e50e24dcca9e : bytearray(b'4,0')
2021-08-11 13:36:58,563 - INFO - root - x = 477, y = 105, Radius = 44.73543167114258
2021-08-11 13:36:58,563 - INFO - root - Decision Window: xRange = 477, 488,  yRange = 118, 82
2021-08-11 13:36:58,563 - INFO - root - Distance = 0, direction = 0, Win# 1
2021-08-11 13:36:58,660 - DEBUG - bleak.backends.dotnet.client - Write Characteristic 6e400002-b5a3-f393-e0a9-e50e24dcca9e : bytearray(b'1,2')
2021-08-11 13:36:58,685 - INFO - root - x = 481, y = 103, Radius = 44.57868194580078
2021-08-11 13:36:58,685 - INFO - root - Decision Window: xRange = 477, 488,  yRange = 118, 82
2021-08-11 13:36:58,685 - INFO - root - Distance = 0, direction = 0, Win# 1
2021-08-11 13:36:58,779 - DEBUG - bleak.backends.dotnet.client - Write Characteristic 6e400002-b5a3-f393-e0a9-e50e24dcca9e : bytearray(b'1,2')
2021-08-11 13:36:58,796 - INFO - root - x = 482, y = 103, Radius = 45.235595703125
2021-08-11 13:36:58,796 - INFO - root - Decision Window: xRange = 477, 488,  yRange = 118, 82
2021-08-11 13:36:58,796 - INFO - root - Distance = 0, direction = 0, Win# 1
2021-08-11 13:36:58,899 - DEBUG - bleak.backends.dotnet.client - Write Characteristic 6e400002-b5a3-f393-e0a9-e50e24dcca9e : bytearray(b'1,2')
2021-08-11 13:36:58,933 - INFO - root - x = 483, y = 103, Radius = 44.11925506591797
2021-08-11 13:36:58,933 - INFO - root - Decision Window: xRange = 477, 488,  yRange = 118, 82
2021-08-11 13:36:58,933 - INFO - root - Distance = 0, direction = 0, Win# 1
2021-08-11 13:36:59,019 - DEBUG - bleak.backends.dotnet.client - Write Characteristic 6e400002-b5a3-f393-e0a9-e50e24dcca9e : bytearray(b'1,2')
2021-08-11 13:36:59,054 - INFO - root - x = 481, y = 102, Radius = 43.66072082519531
2021-08-11 13:36:59,054 - INFO - root - Decision Window: xRange = 477, 488,  yRange = 118, 82
2021-08-11 13:36:59,054 - INFO - root - Distance = 0, direction = 0, Win# 1
2021-08-11 13:36:59,139 - DEBUG - bleak.backends.dotnet.client - Write Characteristic 6e400002-b5a3-f393-e0a9-e50e24dcca9e : bytearray(b'1,2')
2021-08-11 13:36:59,181 - INFO - root - x = 474, y = 101, Radius = 44.52537155151367
2021-08-11 13:36:59,181 - INFO - root - Decision Window: xRange = 477, 488,  yRange = 118, 82
2021-08-11 13:36:59,181 - INFO - root - Distance = 7, direction = 4, Win# 1
2021-08-11 13:36:59,260 - DEBUG - bleak.backends.dotnet.client - Write Characteristic 6e400002-b5a3-f393-e0a9-e50e24dcca9e : bytearray(b'4,0')
2021-08-11 13:36:59,290 - INFO - root - x = 467, y = 96, Radius = 43.00300598144531
2021-08-11 13:36:59,291 - INFO - root - Decision Window: xRange = 466, 476,  yRange = 115, 80
2021-08-11 13:36:59,291 - INFO - root - Distance = 5, direction = 1, Win# 2
2021-08-11 13:36:59,380 - DEBUG - bleak.backends.dotnet.client - Write Characteristic 6e400002-b5a3-f393-e0a9-e50e24dcca9e : bytearray(b'1,0')
2021-08-11 13:36:59,399 - INFO - root - x = 463, y = 98, Radius = 43.66072082519531
2021-08-11 13:36:59,399 - INFO - root - Decision Window: xRange = 466, 476,  yRange = 115, 80
2021-08-11 13:36:59,399 - INFO - root - Distance = 9, direction = 1, Win# 2
2021-08-11 13:36:59,500 - DEBUG - bleak.backends.dotnet.client - Write Characteristic 6e400002-b5a3-f393-e0a9-e50e24dcca9e : bytearray(b'1,0')
2021-08-11 13:36:59,535 - INFO - root - x = 460, y = 98, Radius = 42.544193267822266
2021-08-11 13:36:59,535 - INFO - root - Decision Window: xRange = 466, 476,  yRange = 115, 80
2021-08-11 13:36:59,535 - INFO - root - Distance = 11, direction = 4, Win# 2
2021-08-11 13:36:59,620 - DEBUG - bleak.backends.dotnet.client - Write Characteristic 6e400002-b5a3-f393-e0a9-e50e24dcca9e : bytearray(b'4,0')
2021-08-11 13:36:59,661 - INFO - root - x = 458, y = 97, Radius = 42.08631896972656
2021-08-11 13:36:59,661 - INFO - root - Decision Window: xRange = 458, 465,  yRange = 98, 78
2021-08-11 13:36:59,661 - INFO - root - Distance = 10, direction = 1, Win# 3
2021-08-11 13:36:59,740 - DEBUG - bleak.backends.dotnet.client - Write Characteristic 6e400002-b5a3-f393-e0a9-e50e24dcca9e : bytearray(b'1,0')
2021-08-11 13:36:59,767 - INFO - root - x = 457, y = 95, Radius = 42.544193267822266
2021-08-11 13:36:59,767 - INFO - root - Decision Window: xRange = 458, 465,  yRange = 98, 78
2021-08-11 13:36:59,767 - INFO - root - Distance = 0, direction = 0, Win# 3
2021-08-11 13:36:59,980 - DEBUG - bleak.backends.dotnet.client - Write Characteristic 6e400002-b5a3-f393-e0a9-e50e24dcca9e : bytearray(b'1,2')
2021-08-11 13:37:00,018 - INFO - root - x = 448, y = 93, Radius = 40.969600677490234
2021-08-11 13:37:00,018 - INFO - root - Decision Window: xRange = 458, 465,  yRange = 98, 78
2021-08-11 13:37:00,018 - INFO - root - Distance = 12, direction = 4, Win# 3
2021-08-11 13:37:00,100 - DEBUG - bleak.backends.dotnet.client - Write Characteristic 6e400002-b5a3-f393-e0a9-e50e24dcca9e : bytearray(b'4,0')
2021-08-11 13:37:00,138 - INFO - root - x = 445, y = 92, Radius = 41.836090087890625
2021-08-11 13:37:00,138 - INFO - root - Decision Window: xRange = 458, 465,  yRange = 98, 78
2021-08-11 13:37:00,139 - INFO - root - Distance = 14, direction = 4, Win# 3
2021-08-11 13:37:00,220 - DEBUG - bleak.backends.dotnet.client - Write Characteristic 6e400002-b5a3-f393-e0a9-e50e24dcca9e : bytearray(b'4,0')
2021-08-11 13:37:00,268 - INFO - root - x = 441, y = 92, Radius = 42.7487907409668
2021-08-11 13:37:00,268 - INFO - root - Decision Window: xRange = 443, 457,  yRange = 96, 69
2021-08-11 13:37:00,268 - INFO - root - Distance = 13, direction = 1, Win# 4
2021-08-11 13:37:00,339 - DEBUG - bleak.backends.dotnet.client - Write Characteristic 6e400002-b5a3-f393-e0a9-e50e24dcca9e : bytearray(b'1,0')
2021-08-11 13:37:00,371 - INFO - root - x = 438, y = 92, Radius = 40.92991638183594
2021-08-11 13:37:00,371 - INFO - root - Decision Window: xRange = 443, 457,  yRange = 96, 69
2021-08-11 13:37:00,371 - INFO - root - Distance = 15, direction = 1, Win# 4
2021-08-11 13:37:00,460 - DEBUG - bleak.backends.dotnet.client - Write Characteristic 6e400002-b5a3-f393-e0a9-e50e24dcca9e : bytearray(b'1,0')
2021-08-11 13:37:00,498 - INFO - root - x = 434, y = 94, Radius = 41.63182067871094
2021-08-11 13:37:00,498 - INFO - root - Decision Window: xRange = 443, 457,  yRange = 96, 69
2021-08-11 13:37:00,498 - INFO - root - Distance = 19, direction = 1, Win# 4
2021-08-11 13:37:00,579 - DEBUG - bleak.backends.dotnet.client - Write Characteristic 6e400002-b5a3-f393-e0a9-e50e24dcca9e : bytearray(b'1,0')
2021-08-11 13:37:00,618 - INFO - root - x = 430, y = 96, Radius = 41.63182067871094
2021-08-11 13:37:00,618 - INFO - root - Decision Window: xRange = 431, 442,  yRange = 87, 66
2021-08-11 13:37:00,618 - INFO - root - Distance = 20, direction = 1, Win# 5
2021-08-11 13:37:00,699 - DEBUG - bleak.backends.dotnet.client - Write Characteristic 6e400002-b5a3-f393-e0a9-e50e24dcca9e : bytearray(b'1,0')
2021-08-11 13:37:00,740 - INFO - root - x = 423, y = 103, Radius = 41.38246154785156
2021-08-11 13:37:00,740 - INFO - root - Decision Window: xRange = 431, 442,  yRange = 87, 66
2021-08-11 13:37:00,740 - INFO - root - Distance = 29, direction = 1, Win# 5
2021-08-11 13:37:00,820 - DEBUG - bleak.backends.dotnet.client - Write Characteristic 6e400002-b5a3-f393-e0a9-e50e24dcca9e : bytearray(b'1,0')
2021-08-11 13:37:00,853 - INFO - root - x = 416, y = 109, Radius = 41.836090087890625
2021-08-11 13:37:00,853 - INFO - root - Decision Window: xRange = 420, 430,  yRange = 84, 65
2021-08-11 13:37:00,853 - INFO - root - Distance = 34, direction = 1, Win# 6
2021-08-11 13:37:00,939 - DEBUG - bleak.backends.dotnet.client - Write Characteristic 6e400002-b5a3-f393-e0a9-e50e24dcca9e : bytearray(b'1,0')
2021-08-11 13:37:00,971 - INFO - root - x = 412, y = 112, Radius = 41.836090087890625
2021-08-11 13:37:00,971 - INFO - root - Decision Window: xRange = 420, 430,  yRange = 84, 65
2021-08-11 13:37:00,971 - INFO - root - Distance = 38, direction = 1, Win# 6
2021-08-11 13:37:01,060 - DEBUG - bleak.backends.dotnet.client - Write Characteristic 6e400002-b5a3-f393-e0a9-e50e24dcca9e : bytearray(b'1,0')
2021-08-11 13:37:01,102 - INFO - root - x = 405, y = 118, Radius = 42.96288299560547
2021-08-11 13:37:01,102 - INFO - root - Decision Window: xRange = 400, 419,  yRange = 83, 65
2021-08-11 13:37:01,102 - INFO - root - Distance = 43, direction = 1, Win# 7
2021-08-11 13:37:01,179 - DEBUG - bleak.backends.dotnet.client - Write Characteristic 6e400002-b5a3-f393-e0a9-e50e24dcca9e : bytearray(b'1,0')
2021-08-11 13:37:01,216 - INFO - root - x = 400, y = 125, Radius = 42.2907600402832
2021-08-11 13:37:01,216 - INFO - root - Decision Window: xRange = 400, 419,  yRange = 83, 65
2021-08-11 13:37:01,216 - INFO - root - Distance = 0, direction = 0, Win# 7
2021-08-11 13:37:01,300 - DEBUG - bleak.backends.dotnet.client - Write Characteristic 6e400002-b5a3-f393-e0a9-e50e24dcca9e : bytearray(b'1,2')
2021-08-11 13:37:01,344 - INFO - root - x = 394, y = 132, Radius = 44.73543167114258
2021-08-11 13:37:01,344 - INFO - root - Decision Window: xRange = 386, 399,  yRange = 85, 70
2021-08-11 13:37:01,344 - INFO - root - Distance = 52, direction = 1, Win# 8
2021-08-11 13:37:01,420 - DEBUG - bleak.backends.dotnet.client - Write Characteristic 6e400002-b5a3-f393-e0a9-e50e24dcca9e : bytearray(b'1,1')
2021-08-11 13:37:01,450 - INFO - root - x = 391, y = 137, Radius = 44.95229721069336
2021-08-11 13:37:01,450 - INFO - root - Decision Window: xRange = 386, 399,  yRange = 85, 70
2021-08-11 13:37:01,450 - INFO - root - Distance = 0, direction = 0, Win# 8
2021-08-11 13:37:01,539 - DEBUG - bleak.backends.dotnet.client - Write Characteristic 6e400002-b5a3-f393-e0a9-e50e24dcca9e : bytearray(b'1,2')
2021-08-11 13:37:01,572 - INFO - root - x = 387, y = 142, Radius = 45.620819091796875
2021-08-11 13:37:01,573 - INFO - root - Decision Window: xRange = 386, 399,  yRange = 85, 70
2021-08-11 13:37:01,573 - INFO - root - Distance = 0, direction = 0, Win# 8
2021-08-11 13:37:01,720 - DEBUG - bleak.backends.dotnet.client - Write Characteristic 6e400002-b5a3-f393-e0a9-e50e24dcca9e : bytearray(b'1,2')
2021-08-11 13:37:01,763 - INFO - root - x = 378, y = 151, Radius = 45.40163803100586
2021-08-11 13:37:01,764 - INFO - root - Decision Window: xRange = 371, 385,  yRange = 92, 72
2021-08-11 13:37:01,764 - INFO - root - Distance = 66, direction = 1, Win# 9
2021-08-11 13:37:01,840 - DEBUG - bleak.backends.dotnet.client - Write Characteristic 6e400002-b5a3-f393-e0a9-e50e24dcca9e : bytearray(b'1,1')
2021-08-11 13:37:01,867 - INFO - root - x = 375, y = 154, Radius = 45.623008728027344
2021-08-11 13:37:01,867 - INFO - root - Decision Window: xRange = 371, 385,  yRange = 92, 72
2021-08-11 13:37:01,867 - INFO - root - Distance = 0, direction = 0, Win# 9
2021-08-11 13:37:01,960 - DEBUG - bleak.backends.dotnet.client - Write Characteristic 6e400002-b5a3-f393-e0a9-e50e24dcca9e : bytearray(b'1,2')
2021-08-11 13:37:01,989 - INFO - root - x = 369, y = 159, Radius = 47.18801498413086
2021-08-11 13:37:01,989 - INFO - root - Decision Window: xRange = 371, 385,  yRange = 92, 72
2021-08-11 13:37:01,989 - INFO - root - Distance = 0, direction = 0, Win# 9
2021-08-11 13:37:02,079 - DEBUG - bleak.backends.dotnet.client - Write Characteristic 6e400002-b5a3-f393-e0a9-e50e24dcca9e : bytearray(b'1,2')
2021-08-11 13:37:02,121 - INFO - root - x = 363, y = 164, Radius = 47.62887191772461
2021-08-11 13:37:02,121 - INFO - root - Decision Window: xRange = 358, 370,  yRange = 98, 74
2021-08-11 13:37:02,121 - INFO - root - Distance = 70, direction = 1, Win# 10
2021-08-11 13:37:02,199 - DEBUG - bleak.backends.dotnet.client - Write Characteristic 6e400002-b5a3-f393-e0a9-e50e24dcca9e : bytearray(b'1,1')
2021-08-11 13:37:02,237 - INFO - root - x = 359, y = 168, Radius = 47.62887191772461
2021-08-11 13:37:02,237 - INFO - root - Decision Window: xRange = 358, 370,  yRange = 98, 74
2021-08-11 13:37:02,237 - INFO - root - Distance = 0, direction = 0, Win# 10
2021-08-11 13:37:02,319 - DEBUG - bleak.backends.dotnet.client - Write Characteristic 6e400002-b5a3-f393-e0a9-e50e24dcca9e : bytearray(b'1,2')
2021-08-11 13:37:02,346 - INFO - root - x = 356, y = 172, Radius = 48.088558197021484
2021-08-11 13:37:02,346 - INFO - root - Decision Window: xRange = 358, 370,  yRange = 98, 74
2021-08-11 13:37:02,346 - INFO - root - Distance = 0, direction = 0, Win# 10
2021-08-11 13:37:02,440 - DEBUG - bleak.backends.dotnet.client - Write Characteristic 6e400002-b5a3-f393-e0a9-e50e24dcca9e : bytearray(b'1,2')
2021-08-11 13:37:02,475 - INFO - root - x = 352, y = 173, Radius = 48.301239013671875
2021-08-11 13:37:02,475 - INFO - root - Decision Window: xRange = 348, 357,  yRange = 112, 75
2021-08-11 13:37:02,475 - INFO - root - Distance = 68, direction = 1, Win# 11
2021-08-11 13:37:02,560 - DEBUG - bleak.backends.dotnet.client - Write Characteristic 6e400002-b5a3-f393-e0a9-e50e24dcca9e : bytearray(b'1,1')
2021-08-11 13:37:02,597 - INFO - root - x = 348, y = 178, Radius = 48.088558197021484
2021-08-11 13:37:02,598 - INFO - root - Decision Window: xRange = 348, 357,  yRange = 112, 75
2021-08-11 13:37:02,598 - INFO - root - Distance = 0, direction = 0, Win# 11
2021-08-11 13:37:02,679 - DEBUG - bleak.backends.dotnet.client - Write Characteristic 6e400002-b5a3-f393-e0a9-e50e24dcca9e : bytearray(b'1,2')
2021-08-11 13:37:02,718 - INFO - root - x = 347, y = 178, Radius = 48.5310173034668
2021-08-11 13:37:02,718 - INFO - root - Decision Window: xRange = 348, 357,  yRange = 112, 75
2021-08-11 13:37:02,718 - INFO - root - Distance = 0, direction = 0, Win# 11
2021-08-11 13:37:02,800 - DEBUG - bleak.backends.dotnet.client - Write Characteristic 6e400002-b5a3-f393-e0a9-e50e24dcca9e : bytearray(b'1,2')
2021-08-11 13:37:02,827 - INFO - root - x = 346, y = 179, Radius = 48.301239013671875
2021-08-11 13:37:02,827 - INFO - root - Decision Window: xRange = 348, 357,  yRange = 112, 75
2021-08-11 13:37:02,827 - INFO - root - Distance = 0, direction = 0, Win# 11
2021-08-11 13:37:02,919 - DEBUG - bleak.backends.dotnet.client - Write Characteristic 6e400002-b5a3-f393-e0a9-e50e24dcca9e : bytearray(b'1,2')
2021-08-11 13:37:02,950 - INFO - root - x = 346, y = 181, Radius = 49.64886474609375
2021-08-11 13:37:02,950 - INFO - root - Decision Window: xRange = 348, 357,  yRange = 112, 75
2021-08-11 13:37:02,951 - INFO - root - Distance = 0, direction = 0, Win# 11
2021-08-11 13:37:03,040 - DEBUG - bleak.backends.dotnet.client - Write Characteristic 6e400002-b5a3-f393-e0a9-e50e24dcca9e : bytearray(b'1,2')
2021-08-11 13:37:03,056 - INFO - root - x = 345, y = 182, Radius = 49.00265121459961
2021-08-11 13:37:03,056 - INFO - root - Decision Window: xRange = 339, 347,  yRange = 125, 90
2021-08-11 13:37:03,056 - INFO - root - Distance = 62, direction = 1, Win# 12
2021-08-11 13:37:03,159 - DEBUG - bleak.backends.dotnet.client - Write Characteristic 6e400002-b5a3-f393-e0a9-e50e24dcca9e : bytearray(b'1,1')
2021-08-11 13:37:03,198 - INFO - root - x = 340, y = 187, Radius = 48.52328872680664
2021-08-11 13:37:03,198 - INFO - root - Decision Window: xRange = 339, 347,  yRange = 125, 90
2021-08-11 13:37:03,198 - INFO - root - Distance = 0, direction = 0, Win# 12
2021-08-11 13:37:03,279 - DEBUG - bleak.backends.dotnet.client - Write Characteristic 6e400002-b5a3-f393-e0a9-e50e24dcca9e : bytearray(b'1,2')
2021-08-11 13:37:03,322 - INFO - root - x = 336, y = 190, Radius = 48.3058967590332
2021-08-11 13:37:03,323 - INFO - root - Decision Window: xRange = 333, 338,  yRange = 146, 106
2021-08-11 13:37:03,323 - INFO - root - Distance = 54, direction = 1, Win# 13
2021-08-11 13:37:03,399 - DEBUG - bleak.backends.dotnet.client - Write Characteristic 6e400002-b5a3-f393-e0a9-e50e24dcca9e : bytearray(b'1,1')
2021-08-11 13:37:03,431 - INFO - root - x = 330, y = 198, Radius = 48.301239013671875
2021-08-11 13:37:03,431 - INFO - root - Decision Window: xRange = 323, 332,  yRange = 162, 126
2021-08-11 13:37:03,431 - INFO - root - Distance = 36, direction = 1, Win# 14
2021-08-11 13:37:03,519 - DEBUG - bleak.backends.dotnet.client - Write Characteristic 6e400002-b5a3-f393-e0a9-e50e24dcca9e : bytearray(b'1,0')
2021-08-11 13:37:03,556 - INFO - root - x = 322, y = 207, Radius = 49.88246154785156
2021-08-11 13:37:03,556 - INFO - root - Decision Window: xRange = 323, 337,  yRange = 196, 163
2021-08-11 13:37:03,556 - INFO - root - Distance = 24, direction = 1, Win# 15
2021-08-11 13:37:03,639 - DEBUG - bleak.backends.dotnet.client - Write Characteristic 6e400002-b5a3-f393-e0a9-e50e24dcca9e : bytearray(b'1,0')
2021-08-11 13:37:03,674 - INFO - root - x = 339, y = 220, Radius = 50.383628845214844
2021-08-11 13:37:03,674 - INFO - root - Decision Window: xRange = 323, 337,  yRange = 196, 163
2021-08-11 13:37:03,674 - INFO - root - Distance = 0, direction = 0, Win# 15
2021-08-11 13:37:03,759 - DEBUG - bleak.backends.dotnet.client - Write Characteristic 6e400002-b5a3-f393-e0a9-e50e24dcca9e : bytearray(b'1,2')
2021-08-11 13:37:03,785 - INFO - root - x = 334, y = 223, Radius = 50.562774658203125
2021-08-11 13:37:03,785 - INFO - root - Decision Window: xRange = 323, 337,  yRange = 196, 163
2021-08-11 13:37:03,785 - INFO - root - Distance = 0, direction = 0, Win# 15
2021-08-11 13:37:03,880 - DEBUG - bleak.backends.dotnet.client - Write Characteristic 6e400002-b5a3-f393-e0a9-e50e24dcca9e : bytearray(b'1,2')
2021-08-11 13:37:03,906 - INFO - root - x = 328, y = 229, Radius = 51.13998794555664
2021-08-11 13:37:03,906 - INFO - root - Decision Window: xRange = 323, 337,  yRange = 196, 163
2021-08-11 13:37:03,907 - INFO - root - Distance = 0, direction = 0, Win# 15
2021-08-11 13:37:03,999 - DEBUG - bleak.backends.dotnet.client - Write Characteristic 6e400002-b5a3-f393-e0a9-e50e24dcca9e : bytearray(b'1,2')
2021-08-11 13:37:04,039 - INFO - root - x = 322, y = 235, Radius = 51.03929901123047
2021-08-11 13:37:04,039 - INFO - root - Decision Window: xRange = 338, 349,  yRange = 212, 178
2021-08-11 13:37:04,039 - INFO - root - Distance = 42, direction = 1, Win# 16
2021-08-11 13:37:04,119 - DEBUG - bleak.backends.dotnet.client - Write Characteristic 6e400002-b5a3-f393-e0a9-e50e24dcca9e : bytearray(b'1,0')
2021-08-11 13:37:04,155 - INFO - root - x = 319, y = 239, Radius = 52.14652633666992
2021-08-11 13:37:04,155 - INFO - root - Decision Window: xRange = 338, 349,  yRange = 212, 178
2021-08-11 13:37:04,155 - INFO - root - Distance = 47, direction = 1, Win# 16
2021-08-11 13:37:04,240 - DEBUG - bleak.backends.dotnet.client - Write Characteristic 6e400002-b5a3-f393-e0a9-e50e24dcca9e : bytearray(b'1,0')
2021-08-11 13:37:04,259 - INFO - root - x = 312, y = 248, Radius = 52.20827865600586
2021-08-11 13:37:04,259 - INFO - root - Decision Window: xRange = 350, 363,  yRange = 220, 186
2021-08-11 13:37:04,260 - INFO - root - Distance = 57, direction = 1, Win# 17
2021-08-11 13:37:04,360 - DEBUG - bleak.backends.dotnet.client - Write Characteristic 6e400002-b5a3-f393-e0a9-e50e24dcca9e : bytearray(b'1,1')
2021-08-11 13:37:04,405 - INFO - root - x = 306, y = 257, Radius = 52.60475540161133
2021-08-11 13:37:04,405 - INFO - root - Decision Window: xRange = 350, 363,  yRange = 220, 186
2021-08-11 13:37:04,405 - INFO - root - Distance = 68, direction = 1, Win# 17
2021-08-11 13:37:04,480 - DEBUG - bleak.backends.dotnet.client - Write Characteristic 6e400002-b5a3-f393-e0a9-e50e24dcca9e : bytearray(b'1,1')
2021-08-11 13:37:04,511 - INFO - root - x = 300, y = 264, Radius = 53.33864212036133
2021-08-11 13:37:04,512 - INFO - root - Decision Window: xRange = 350, 363,  yRange = 220, 186
2021-08-11 13:37:04,512 - INFO - root - Distance = 77, direction = 1, Win# 17
2021-08-11 13:37:04,600 - DEBUG - bleak.backends.dotnet.client - Write Characteristic 6e400002-b5a3-f393-e0a9-e50e24dcca9e : bytearray(b'1,1')
2021-08-11 13:37:04,622 - INFO - root - x = 296, y = 270, Radius = 53.104740142822266
2021-08-11 13:37:04,622 - INFO - root - Decision Window: xRange = 350, 363,  yRange = 220, 186
2021-08-11 13:37:04,622 - INFO - root - Distance = 84, direction = 1, Win# 17
2021-08-11 13:37:04,719 - DEBUG - bleak.backends.dotnet.client - Write Characteristic 6e400002-b5a3-f393-e0a9-e50e24dcca9e : bytearray(b'1,1')
2021-08-11 13:37:04,759 - INFO - root - x = 289, y = 280, Radius = 53.85174560546875
2021-08-11 13:37:04,759 - INFO - root - Decision Window: xRange = 350, 363,  yRange = 220, 186
2021-08-11 13:37:04,759 - INFO - root - Distance = 97, direction = 1, Win# 17
2021-08-11 13:37:04,839 - DEBUG - bleak.backends.dotnet.client - Write Characteristic 6e400002-b5a3-f393-e0a9-e50e24dcca9e : bytearray(b'1,1')
2021-08-11 13:37:04,886 - INFO - root - x = 285, y = 288, Radius = 53.25257873535156
2021-08-11 13:37:04,886 - INFO - root - Decision Window: xRange = 350, 363,  yRange = 220, 186
2021-08-11 13:37:04,886 - INFO - root - Distance = 105, direction = 1, Win# 17
2021-08-11 13:37:04,960 - DEBUG - bleak.backends.dotnet.client - Write Characteristic 6e400002-b5a3-f393-e0a9-e50e24dcca9e : bytearray(b'1,2')
2021-08-11 13:37:04,991 - INFO - root - x = 285, y = 287, Radius = 53.90053939819336
2021-08-11 13:37:04,991 - INFO - root - Decision Window: xRange = 350, 363,  yRange = 220, 186
2021-08-11 13:37:04,991 - INFO - root - Distance = 104, direction = 1, Win# 17
2021-08-11 13:37:05,080 - DEBUG - bleak.backends.dotnet.client - Write Characteristic 6e400002-b5a3-f393-e0a9-e50e24dcca9e : bytearray(b'1,2')
2021-08-11 13:37:05,113 - INFO - root - x = 299, y = 275, Radius = 56.104759216308594
2021-08-11 13:37:05,114 - INFO - root - Decision Window: xRange = 350, 363,  yRange = 220, 186
2021-08-11 13:37:05,114 - INFO - root - Distance = 86, direction = 1, Win# 17
2021-08-11 13:37:05,200 - DEBUG - bleak.backends.dotnet.client - Write Characteristic 6e400002-b5a3-f393-e0a9-e50e24dcca9e : bytearray(b'1,1')
2021-08-11 13:37:05,239 - INFO - root - x = 333, y = 257, Radius = 58.58175277709961
2021-08-11 13:37:05,239 - INFO - root - Decision Window: xRange = 350, 363,  yRange = 220, 186
2021-08-11 13:37:05,239 - INFO - root - Distance = 52, direction = 1, Win# 17
2021-08-11 13:37:05,320 - DEBUG - bleak.backends.dotnet.client - Write Characteristic 6e400002-b5a3-f393-e0a9-e50e24dcca9e : bytearray(b'1,1')
2021-08-11 13:37:05,358 - INFO - root - x = 359, y = 248, Radius = 61.01853942871094
2021-08-11 13:37:05,359 - INFO - root - Decision Window: xRange = 350, 363,  yRange = 220, 186
2021-08-11 13:37:05,359 - INFO - root - Distance = 0, direction = 0, Win# 17
2021-08-11 13:37:05,439 - DEBUG - bleak.backends.dotnet.client - Write Characteristic 6e400002-b5a3-f393-e0a9-e50e24dcca9e : bytearray(b'1,2')
2021-08-11 13:37:05,471 - INFO - root - x = 372, y = 241, Radius = 61.480506896972656
2021-08-11 13:37:05,471 - INFO - root - Decision Window: xRange = 350, 363,  yRange = 220, 186
2021-08-11 13:37:05,471 - INFO - root - Distance = 0, direction = 0, Win# 17
2021-08-11 13:37:05,559 - DEBUG - bleak.backends.dotnet.client - Write Characteristic 6e400002-b5a3-f393-e0a9-e50e24dcca9e : bytearray(b'1,2')
2021-08-11 13:37:05,592 - INFO - root - x = 379, y = 236, Radius = 61.40042495727539
2021-08-11 13:37:05,592 - INFO - root - Decision Window: xRange = 350, 363,  yRange = 220, 186
2021-08-11 13:37:05,592 - INFO - root - Distance = 0, direction = 0, Win# 17
2021-08-11 13:37:05,679 - DEBUG - bleak.backends.dotnet.client - Write Characteristic 6e400002-b5a3-f393-e0a9-e50e24dcca9e : bytearray(b'1,2')
2021-08-11 13:37:05,719 - INFO - root - x = 394, y = 224, Radius = 62.33989334106445
2021-08-11 13:37:05,719 - INFO - root - Decision Window: xRange = 350, 363,  yRange = 220, 186
2021-08-11 13:37:05,719 - INFO - root - Distance = 0, direction = 0, Win# 17
2021-08-11 13:37:05,799 - DEBUG - bleak.backends.dotnet.client - Write Characteristic 6e400002-b5a3-f393-e0a9-e50e24dcca9e : bytearray(b'1,2')
2021-08-11 13:37:05,838 - INFO - root - x = 384, y = 207, Radius = 62.042423248291016
2021-08-11 13:37:05,838 - INFO - root - Decision Window: xRange = 350, 363,  yRange = 220, 186
2021-08-11 13:37:05,838 - INFO - root - Distance = 0, direction = 0, Win# 17
2021-08-11 13:37:05,919 - DEBUG - bleak.backends.dotnet.client - Write Characteristic 6e400002-b5a3-f393-e0a9-e50e24dcca9e : bytearray(b'1,2')
2021-08-11 13:37:05,961 - INFO - root - x = 396, y = 204, Radius = 64.07817840576172
2021-08-11 13:37:05,961 - INFO - root - Decision Window: xRange = 350, 363,  yRange = 220, 186
2021-08-11 13:37:05,961 - INFO - root - Distance = 0, direction = 0, Win# 17
2021-08-11 13:37:06,039 - DEBUG - bleak.backends.dotnet.client - Write Characteristic 6e400002-b5a3-f393-e0a9-e50e24dcca9e : bytearray(b'1,2')
2021-08-11 13:37:06,070 - INFO - root - x = 417, y = 209, Radius = 66.77022552490234
2021-08-11 13:37:06,070 - INFO - root - Decision Window: xRange = 350, 363,  yRange = 220, 186
2021-08-11 13:37:06,070 - INFO - root - Distance = 0, direction = 0, Win# 17
2021-08-11 13:37:06,159 - DEBUG - bleak.backends.dotnet.client - Write Characteristic 6e400002-b5a3-f393-e0a9-e50e24dcca9e : bytearray(b'1,2')
2021-08-11 13:37:06,191 - INFO - root - x = 432, y = 220, Radius = 69.64204406738281
2021-08-11 13:37:06,191 - INFO - root - Decision Window: xRange = 350, 363,  yRange = 220, 186
2021-08-11 13:37:06,191 - INFO - root - Distance = 0, direction = 0, Win# 17
2021-08-11 13:37:06,280 - DEBUG - bleak.backends.dotnet.client - Write Characteristic 6e400002-b5a3-f393-e0a9-e50e24dcca9e : bytearray(b'1,2')
2021-08-11 13:37:06,317 - INFO - root - x = 445, y = 231, Radius = 70.10894012451172
2021-08-11 13:37:06,317 - INFO - root - Decision Window: xRange = 350, 363,  yRange = 220, 186
2021-08-11 13:37:06,317 - INFO - root - Distance = 0, direction = 0, Win# 17
2021-08-11 13:37:06,399 - DEBUG - bleak.backends.dotnet.client - Write Characteristic 6e400002-b5a3-f393-e0a9-e50e24dcca9e : bytearray(b'1,2')
2021-08-11 13:37:06,424 - INFO - root - x = 419, y = 230, Radius = 67.59632873535156
2021-08-11 13:37:06,424 - INFO - root - Decision Window: xRange = 350, 363,  yRange = 220, 186
2021-08-11 13:37:06,424 - INFO - root - Distance = 0, direction = 0, Win# 17
2021-08-11 13:37:06,519 - DEBUG - bleak.backends.dotnet.client - Write Characteristic 6e400002-b5a3-f393-e0a9-e50e24dcca9e : bytearray(b'1,2')
2021-08-11 13:37:06,546 - INFO - root - x = 368, y = 228, Radius = 64.0176773071289
2021-08-11 13:37:06,546 - INFO - root - Decision Window: xRange = 350, 363,  yRange = 220, 186
2021-08-11 13:37:06,546 - INFO - root - Distance = 0, direction = 0, Win# 17
2021-08-11 13:37:06,640 - DEBUG - bleak.backends.dotnet.client - Write Characteristic 6e400002-b5a3-f393-e0a9-e50e24dcca9e : bytearray(b'1,2')
2021-08-11 13:37:06,670 - INFO - root - x = 378, y = 242, Radius = 63.93170166015625
2021-08-11 13:37:06,670 - INFO - root - Decision Window: xRange = 350, 363,  yRange = 220, 186
2021-08-11 13:37:06,670 - INFO - root - Distance = 0, direction = 0, Win# 17
2021-08-11 13:37:06,820 - DEBUG - bleak.backends.dotnet.client - Write Characteristic 6e400002-b5a3-f393-e0a9-e50e24dcca9e : bytearray(b'1,2')
2021-08-11 13:37:06,856 - INFO - root - x = 373, y = 241, Radius = 63.38187789916992
2021-08-11 13:37:06,856 - INFO - root - Decision Window: xRange = 350, 363,  yRange = 220, 186
2021-08-11 13:37:06,856 - INFO - root - Distance = 0, direction = 0, Win# 17
2021-08-11 13:37:06,940 - DEBUG - bleak.backends.dotnet.client - Write Characteristic 6e400002-b5a3-f393-e0a9-e50e24dcca9e : bytearray(b'1,2')
2021-08-11 13:37:06,979 - INFO - root - x = 381, y = 233, Radius = 63.81624221801758
2021-08-11 13:37:06,979 - INFO - root - Decision Window: xRange = 350, 363,  yRange = 220, 186
2021-08-11 13:37:06,979 - INFO - root - Distance = 0, direction = 0, Win# 17
2021-08-11 13:37:07,060 - DEBUG - bleak.backends.dotnet.client - Write Characteristic 6e400002-b5a3-f393-e0a9-e50e24dcca9e : bytearray(b'1,2')
2021-08-11 13:37:07,087 - INFO - root - x = 385, y = 229, Radius = 63.38187789916992
2021-08-11 13:37:07,088 - INFO - root - Decision Window: xRange = 350, 363,  yRange = 220, 186
2021-08-11 13:37:07,088 - INFO - root - Distance = 0, direction = 0, Win# 17
2021-08-11 13:37:07,179 - DEBUG - bleak.backends.dotnet.client - Write Characteristic 6e400002-b5a3-f393-e0a9-e50e24dcca9e : bytearray(b'1,2')
2021-08-11 13:37:07,212 - INFO - root - x = 381, y = 229, Radius = 62.65803909301758
2021-08-11 13:37:07,212 - INFO - root - Decision Window: xRange = 350, 363,  yRange = 220, 186
2021-08-11 13:37:07,212 - INFO - root - Distance = 0, direction = 0, Win# 17
2021-08-11 13:37:07,299 - DEBUG - bleak.backends.dotnet.client - Write Characteristic 6e400002-b5a3-f393-e0a9-e50e24dcca9e : bytearray(b'1,2')
2021-08-11 13:37:07,338 - INFO - root - x = 376, y = 232, Radius = 62.43406295776367
2021-08-11 13:37:07,338 - INFO - root - Decision Window: xRange = 350, 363,  yRange = 220, 186
2021-08-11 13:37:07,338 - INFO - root - Distance = 0, direction = 0, Win# 17
2021-08-11 13:37:07,420 - DEBUG - bleak.backends.dotnet.client - Write Characteristic 6e400002-b5a3-f393-e0a9-e50e24dcca9e : bytearray(b'1,2')
2021-08-11 13:37:07,460 - INFO - root - x = 369, y = 231, Radius = 60.840396881103516
2021-08-11 13:37:07,460 - INFO - root - Decision Window: xRange = 350, 363,  yRange = 220, 186
2021-08-11 13:37:07,460 - INFO - root - Distance = 0, direction = 0, Win# 17
2021-08-11 13:37:07,600 - DEBUG - bleak.backends.dotnet.client - Write Characteristic 6e400002-b5a3-f393-e0a9-e50e24dcca9e : bytearray(b'1,2')
2021-08-11 13:37:07,627 - INFO - root - x = 359, y = 233, Radius = 60.3262939453125
2021-08-11 13:37:07,627 - INFO - root - Decision Window: xRange = 350, 363,  yRange = 220, 186
2021-08-11 13:37:07,628 - INFO - root - Distance = 0, direction = 0, Win# 17
2021-08-11 13:37:07,720 - DEBUG - bleak.backends.dotnet.client - Write Characteristic 6e400002-b5a3-f393-e0a9-e50e24dcca9e : bytearray(b'1,2')
2021-08-11 13:37:07,739 - INFO - root - x = 356, y = 229, Radius = 57.416297912597656
2021-08-11 13:37:07,739 - INFO - root - Decision Window: xRange = 350, 363,  yRange = 220, 186
2021-08-11 13:37:07,739 - INFO - root - Distance = 0, direction = 0, Win# 17
2021-08-11 13:37:07,840 - DEBUG - bleak.backends.dotnet.client - Write Characteristic 6e400002-b5a3-f393-e0a9-e50e24dcca9e : bytearray(b'1,2')
2021-08-11 13:37:07,878 - INFO - root - x = 332, y = 260, Radius = 53.57365036010742
2021-08-11 13:37:07,878 - INFO - root - Decision Window: xRange = 350, 363,  yRange = 220, 186
2021-08-11 13:37:07,878 - INFO - root - Distance = 55, direction = 1, Win# 17
2021-08-11 13:37:07,960 - DEBUG - bleak.backends.dotnet.client - Write Characteristic 6e400002-b5a3-f393-e0a9-e50e24dcca9e : bytearray(b'1,1')
2021-08-11 13:37:08,006 - INFO - root - x = 329, y = 266, Radius = 53.10048294067383
2021-08-11 13:37:08,006 - INFO - root - Decision Window: xRange = 350, 363,  yRange = 220, 186
2021-08-11 13:37:08,006 - INFO - root - Distance = 61, direction = 1, Win# 17
2021-08-11 13:37:08,080 - DEBUG - bleak.backends.dotnet.client - Write Characteristic 6e400002-b5a3-f393-e0a9-e50e24dcca9e : bytearray(b'1,1')
2021-08-11 13:37:08,112 - INFO - root - x = 339, y = 246, Radius = 51.754947662353516
2021-08-11 13:37:08,112 - INFO - root - Decision Window: xRange = 350, 363,  yRange = 220, 186
2021-08-11 13:37:08,112 - INFO - root - Distance = 39, direction = 1, Win# 17
2021-08-11 13:37:08,199 - DEBUG - bleak.backends.dotnet.client - Write Characteristic 6e400002-b5a3-f393-e0a9-e50e24dcca9e : bytearray(b'1,0')
2021-08-11 13:37:08,234 - INFO - root - x = 362, y = 216, Radius = 52.605289459228516
2021-08-11 13:37:08,235 - INFO - root - Decision Window: xRange = 350, 363,  yRange = 220, 186
2021-08-11 13:37:08,235 - INFO - root - Distance = 0, direction = 0, Win# 17
2021-08-11 13:37:08,320 - DEBUG - bleak.backends.dotnet.client - Write Characteristic 6e400002-b5a3-f393-e0a9-e50e24dcca9e : bytearray(b'1,2')
2021-08-11 13:37:08,340 - INFO - root - x = 368, y = 177, Radius = 50.56688690185547
2021-08-11 13:37:08,340 - INFO - root - Decision Window: xRange = 350, 363,  yRange = 220, 186
2021-08-11 13:37:08,340 - INFO - root - Distance = 31, direction = 3, Win# 17
2021-08-11 13:37:08,439 - DEBUG - bleak.backends.dotnet.client - Write Characteristic 6e400002-b5a3-f393-e0a9-e50e24dcca9e : bytearray(b'3,0')
2021-08-11 13:37:08,481 - INFO - root - x = 347, y = 197, Radius = 49.50262451171875
2021-08-11 13:37:08,481 - INFO - root - Decision Window: xRange = 350, 363,  yRange = 220, 186
2021-08-11 13:37:08,481 - INFO - root - Distance = 6, direction = 3, Win# 17
2021-08-11 13:37:08,560 - DEBUG - bleak.backends.dotnet.client - Write Characteristic 6e400002-b5a3-f393-e0a9-e50e24dcca9e : bytearray(b'3,0')
2021-08-11 13:37:08,593 - INFO - root - x = 341, y = 198, Radius = 46.9708366394043
2021-08-11 13:37:08,593 - INFO - root - Decision Window: xRange = 350, 363,  yRange = 220, 186
2021-08-11 13:37:08,593 - INFO - root - Distance = 10, direction = 4, Win# 17
2021-08-11 13:37:08,680 - DEBUG - bleak.backends.dotnet.client - Write Characteristic 6e400002-b5a3-f393-e0a9-e50e24dcca9e : bytearray(b'4,0')
2021-08-11 13:37:08,712 - INFO - root - x = 360, y = 178, Radius = 49.44956970214844
2021-08-11 13:37:08,713 - INFO - root - Decision Window: xRange = 350, 363,  yRange = 220, 186
2021-08-11 13:37:08,713 - INFO - root - Distance = 26, direction = 3, Win# 17
2021-08-11 13:37:08,800 - DEBUG - bleak.backends.dotnet.client - Write Characteristic 6e400002-b5a3-f393-e0a9-e50e24dcca9e : bytearray(b'3,0')
2021-08-11 13:37:08,840 - INFO - root - x = 353, y = 190, Radius = 56.15390396118164
2021-08-11 13:37:08,840 - INFO - root - Decision Window: xRange = 350, 363,  yRange = 220, 186
2021-08-11 13:37:08,840 - INFO - root - Distance = 13, direction = 3, Win# 17
2021-08-11 13:37:08,919 - DEBUG - bleak.backends.dotnet.client - Write Characteristic 6e400002-b5a3-f393-e0a9-e50e24dcca9e : bytearray(b'3,0')
2021-08-11 13:37:08,959 - INFO - root - x = 377, y = 175, Radius = 56.92329406738281
2021-08-11 13:37:08,959 - INFO - root - Decision Window: xRange = 350, 363,  yRange = 220, 186
2021-08-11 13:37:08,959 - INFO - root - Distance = 38, direction = 3, Win# 17
2021-08-11 13:37:09,040 - DEBUG - bleak.backends.dotnet.client - Write Characteristic 6e400002-b5a3-f393-e0a9-e50e24dcca9e : bytearray(b'3,0')
2021-08-11 13:37:09,064 - INFO - root - x = 384, y = 216, Radius = 68.54206085205078
2021-08-11 13:37:09,064 - INFO - root - Decision Window: xRange = 350, 363,  yRange = 220, 186
2021-08-11 13:37:09,065 - INFO - root - Distance = 0, direction = 0, Win# 17
2021-08-11 13:37:09,160 - DEBUG - bleak.backends.dotnet.client - Write Characteristic 6e400002-b5a3-f393-e0a9-e50e24dcca9e : bytearray(b'1,2')
2021-08-11 13:37:09,188 - INFO - root - x = 394, y = 209, Radius = 66.11553192138672
2021-08-11 13:37:09,188 - INFO - root - Decision Window: xRange = 350, 363,  yRange = 220, 186
2021-08-11 13:37:09,188 - INFO - root - Distance = 0, direction = 0, Win# 17
2021-08-11 13:37:09,280 - DEBUG - bleak.backends.dotnet.client - Write Characteristic 6e400002-b5a3-f393-e0a9-e50e24dcca9e : bytearray(b'1,2')
2021-08-11 13:37:09,318 - INFO - root - x = 408, y = 174, Radius = 61.74554443359375
2021-08-11 13:37:09,318 - INFO - root - Decision Window: xRange = 364, 375,  yRange = 237, 201
2021-08-11 13:37:09,318 - INFO - root - Distance = 57, direction = 3, Win# 18
2021-08-11 13:37:09,399 - DEBUG - bleak.backends.dotnet.client - Write Characteristic 6e400002-b5a3-f393-e0a9-e50e24dcca9e : bytearray(b'3,1')
2021-08-11 13:37:09,423 - INFO - root - x = 409, y = 230, Radius = 70.65772247314453
2021-08-11 13:37:09,423 - INFO - root - Decision Window: xRange = 364, 375,  yRange = 237, 201
2021-08-11 13:37:09,423 - INFO - root - Distance = 0, direction = 0, Win# 18
2021-08-11 13:37:09,519 - DEBUG - bleak.backends.dotnet.client - Write Characteristic 6e400002-b5a3-f393-e0a9-e50e24dcca9e : bytearray(b'1,2')
2021-08-11 13:37:09,545 - INFO - root - x = 405, y = 213, Radius = 67.23104095458984
2021-08-11 13:37:09,545 - INFO - root - Decision Window: xRange = 364, 375,  yRange = 237, 201
2021-08-11 13:37:09,545 - INFO - root - Distance = 0, direction = 0, Win# 18
2021-08-11 13:37:09,640 - DEBUG - bleak.backends.dotnet.client - Write Characteristic 6e400002-b5a3-f393-e0a9-e50e24dcca9e : bytearray(b'1,2')
2021-08-11 13:37:09,666 - INFO - root - x = 409, y = 219, Radius = 70.75495910644531
2021-08-11 13:37:09,666 - INFO - root - Decision Window: xRange = 364, 375,  yRange = 237, 201
2021-08-11 13:37:09,666 - INFO - root - Distance = 0, direction = 0, Win# 18
2021-08-11 13:37:09,760 - DEBUG - bleak.backends.dotnet.client - Write Characteristic 6e400002-b5a3-f393-e0a9-e50e24dcca9e : bytearray(b'1,2')
2021-08-11 13:37:09,770 - INFO - root - x = 410, y = 225, Radius = 69.17559814453125
2021-08-11 13:37:09,770 - INFO - root - Decision Window: xRange = 364, 375,  yRange = 237, 201
2021-08-11 13:37:09,770 - INFO - root - Distance = 0, direction = 0, Win# 18
2021-08-11 13:37:09,880 - DEBUG - bleak.backends.dotnet.client - Write Characteristic 6e400002-b5a3-f393-e0a9-e50e24dcca9e : bytearray(b'1,2')
2021-08-11 13:37:09,914 - INFO - root - x = 415, y = 223, Radius = 72.05043029785156
2021-08-11 13:37:09,914 - INFO - root - Decision Window: xRange = 364, 375,  yRange = 237, 201
2021-08-11 13:37:09,914 - INFO - root - Distance = 0, direction = 0, Win# 18
2021-08-11 13:37:10,000 - DEBUG - bleak.backends.dotnet.client - Write Characteristic 6e400002-b5a3-f393-e0a9-e50e24dcca9e : bytearray(b'1,2')
2021-08-11 13:37:10,012 - INFO - root - x = 447, y = 262, Radius = 72.99496459960938
2021-08-11 13:37:10,012 - INFO - root - Decision Window: xRange = 364, 375,  yRange = 237, 201
2021-08-11 13:37:10,012 - INFO - root - Distance = 0, direction = 0, Win# 18
2021-08-11 13:37:10,120 - DEBUG - bleak.backends.dotnet.client - Write Characteristic 6e400002-b5a3-f393-e0a9-e50e24dcca9e : bytearray(b'1,2')
2021-08-11 13:37:10,159 - INFO - root - x = 403, y = 225, Radius = 70.19447326660156
2021-08-11 13:37:10,159 - INFO - root - Decision Window: xRange = 364, 375,  yRange = 237, 201
2021-08-11 13:37:10,159 - INFO - root - Distance = 0, direction = 0, Win# 18
2021-08-11 13:37:10,240 - DEBUG - bleak.backends.dotnet.client - Write Characteristic 6e400002-b5a3-f393-e0a9-e50e24dcca9e : bytearray(b'1,2')
2021-08-11 13:37:10,272 - INFO - root - x = 388, y = 244, Radius = 69.85709381103516
2021-08-11 13:37:10,272 - INFO - root - Decision Window: xRange = 364, 375,  yRange = 237, 201
2021-08-11 13:37:10,272 - INFO - root - Distance = 0, direction = 0, Win# 18
2021-08-11 13:37:10,360 - DEBUG - bleak.backends.dotnet.client - Write Characteristic 6e400002-b5a3-f393-e0a9-e50e24dcca9e : bytearray(b'1,2')
2021-08-11 13:37:10,392 - INFO - root - x = 410, y = 228, Radius = 66.88246154785156
2021-08-11 13:37:10,392 - INFO - root - Decision Window: xRange = 364, 375,  yRange = 237, 201
2021-08-11 13:37:10,392 - INFO - root - Distance = 0, direction = 0, Win# 18
2021-08-11 13:37:10,480 - DEBUG - bleak.backends.dotnet.client - Write Characteristic 6e400002-b5a3-f393-e0a9-e50e24dcca9e : bytearray(b'1,2')
2021-08-11 13:37:10,515 - INFO - root - x = 390, y = 245, Radius = 66.62779235839844
2021-08-11 13:37:10,515 - INFO - root - Decision Window: xRange = 364, 375,  yRange = 237, 201
2021-08-11 13:37:10,515 - INFO - root - Distance = 0, direction = 0, Win# 18
2021-08-11 13:37:10,600 - DEBUG - bleak.backends.dotnet.client - Write Characteristic 6e400002-b5a3-f393-e0a9-e50e24dcca9e : bytearray(b'1,2')
2021-08-11 13:37:10,642 - INFO - root - x = 384, y = 235, Radius = 64.647216796875
2021-08-11 13:37:10,642 - INFO - root - Decision Window: xRange = 364, 375,  yRange = 237, 201
2021-08-11 13:37:10,642 - INFO - root - Distance = 0, direction = 0, Win# 18
2021-08-11 13:37:10,719 - DEBUG - bleak.backends.dotnet.client - Write Characteristic 6e400002-b5a3-f393-e0a9-e50e24dcca9e : bytearray(b'1,2')
2021-08-11 13:37:10,746 - INFO - root - x = 384, y = 229, Radius = 63.100929260253906
2021-08-11 13:37:10,746 - INFO - root - Decision Window: xRange = 364, 375,  yRange = 237, 201
2021-08-11 13:37:10,747 - INFO - root - Distance = 0, direction = 0, Win# 18
2021-08-11 13:37:10,840 - DEBUG - bleak.backends.dotnet.client - Write Characteristic 6e400002-b5a3-f393-e0a9-e50e24dcca9e : bytearray(b'1,2')
2021-08-11 13:37:10,874 - INFO - root - x = 385, y = 229, Radius = 63.81624221801758
2021-08-11 13:37:10,875 - INFO - root - Decision Window: xRange = 364, 375,  yRange = 237, 201
2021-08-11 13:37:10,875 - INFO - root - Distance = 0, direction = 0, Win# 18
2021-08-11 13:37:10,960 - DEBUG - bleak.backends.dotnet.client - Write Characteristic 6e400002-b5a3-f393-e0a9-e50e24dcca9e : bytearray(b'1,2')
2021-08-11 13:37:10,994 - INFO - root - x = 385, y = 227, Radius = 63.20018005371094
2021-08-11 13:37:10,994 - INFO - root - Decision Window: xRange = 364, 375,  yRange = 237, 201
2021-08-11 13:37:10,994 - INFO - root - Distance = 0, direction = 0, Win# 18
2021-08-11 13:37:11,080 - DEBUG - bleak.backends.dotnet.client - Write Characteristic 6e400002-b5a3-f393-e0a9-e50e24dcca9e : bytearray(b'1,2')
2021-08-11 13:37:11,117 - INFO - root - x = 386, y = 227, Radius = 63.30936050415039
2021-08-11 13:37:11,117 - INFO - root - Decision Window: xRange = 364, 375,  yRange = 237, 201
2021-08-11 13:37:11,117 - INFO - root - Distance = 0, direction = 0, Win# 18
2021-08-11 13:37:11,199 - DEBUG - bleak.backends.dotnet.client - Write Characteristic 6e400002-b5a3-f393-e0a9-e50e24dcca9e : bytearray(b'1,2')
2021-08-11 13:37:11,241 - INFO - root - x = 386, y = 227, Radius = 63.884761810302734
2021-08-11 13:37:11,241 - INFO - root - Decision Window: xRange = 364, 375,  yRange = 237, 201
2021-08-11 13:37:11,241 - INFO - root - Distance = 0, direction = 0, Win# 18
2021-08-11 13:37:11,319 - DEBUG - bleak.backends.dotnet.client - Write Characteristic 6e400002-b5a3-f393-e0a9-e50e24dcca9e : bytearray(b'1,2')
2021-08-11 13:37:11,348 - INFO - root - x = 385, y = 226, Radius = 63.02588653564453
2021-08-11 13:37:11,348 - INFO - root - Decision Window: xRange = 364, 375,  yRange = 237, 201
2021-08-11 13:37:11,348 - INFO - root - Distance = 0, direction = 0, Win# 18
2021-08-11 13:37:11,440 - DEBUG - bleak.backends.dotnet.client - Write Characteristic 6e400002-b5a3-f393-e0a9-e50e24dcca9e : bytearray(b'1,2')
2021-08-11 13:37:11,455 - INFO - root - x = 386, y = 230, Radius = 62.7695198059082
2021-08-11 13:37:11,455 - INFO - root - Decision Window: xRange = 364, 375,  yRange = 237, 201
2021-08-11 13:37:11,455 - INFO - root - Distance = 0, direction = 0, Win# 18
2021-08-11 13:37:11,560 - DEBUG - bleak.backends.dotnet.client - Write Characteristic 6e400002-b5a3-f393-e0a9-e50e24dcca9e : bytearray(b'1,2')
2021-08-11 13:37:11,602 - INFO - root - x = 356, y = 294, Radius = 59.10382080078125
2021-08-11 13:37:11,602 - INFO - root - Decision Window: xRange = 376, 388,  yRange = 244, 207
2021-08-11 13:37:11,602 - INFO - root - Distance = 72, direction = 1, Win# 19
2021-08-11 13:37:11,680 - DEBUG - bleak.backends.dotnet.client - Write Characteristic 6e400002-b5a3-f393-e0a9-e50e24dcca9e : bytearray(b'1,1')
2021-08-11 13:37:11,725 - INFO - root - x = 197, y = 516, Radius = 18.433494567871094
2021-08-11 13:37:11,725 - INFO - root - Decision Window: xRange = 376, 388,  yRange = 244, 207
2021-08-11 13:37:11,725 - INFO - root - Distance = 343, direction = 1, Win# 19
2021-08-11 13:37:11,800 - DEBUG - bleak.backends.dotnet.client - Write Characteristic 6e400002-b5a3-f393-e0a9-e50e24dcca9e : bytearray(b'1,3')
2021-08-11 13:37:12,684 - INFO - root - x = 51, y = 122, Radius = 6.041623115539551
2021-08-11 13:37:12,684 - INFO - root - Decision Window: xRange = 376, 388,  yRange = 244, 207
2021-08-11 13:37:12,684 - INFO - root - Distance = 339, direction = 4, Win# 19
2021-08-11 13:37:12,761 - DEBUG - bleak.backends.dotnet.client - Write Characteristic 6e400002-b5a3-f393-e0a9-e50e24dcca9e : bytearray(b'4,3')
2021-08-11 13:37:12,801 - INFO - root - x = 65, y = 126, Radius = 21.10104751586914
2021-08-11 13:37:12,801 - INFO - root - Decision Window: xRange = 376, 388,  yRange = 244, 207
2021-08-11 13:37:12,801 - INFO - root - Distance = 325, direction = 4, Win# 19
2021-08-11 13:37:12,880 - DEBUG - bleak.backends.dotnet.client - Write Characteristic 6e400002-b5a3-f393-e0a9-e50e24dcca9e : bytearray(b'4,3')
2021-08-11 13:37:12,914 - INFO - root - x = 77, y = 125, Radius = 85.2482681274414
2021-08-11 13:37:12,914 - INFO - root - Decision Window: xRange = 376, 388,  yRange = 244, 207
2021-08-11 13:37:12,914 - INFO - root - Distance = 314, direction = 4, Win# 19
2021-08-11 13:37:13,000 - DEBUG - bleak.backends.dotnet.client - Write Characteristic 6e400002-b5a3-f393-e0a9-e50e24dcca9e : bytearray(b'4,3')
2021-08-11 13:37:13,034 - INFO - root - x = 81, y = 248, Radius = 215.52272033691406
2021-08-11 13:37:13,034 - INFO - root - Decision Window: xRange = 376, 388,  yRange = 244, 207
2021-08-11 13:37:13,034 - INFO - root - Distance = 296, direction = 4, Win# 19
2021-08-11 13:37:13,180 - DEBUG - bleak.backends.dotnet.client - Write Characteristic 6e400002-b5a3-f393-e0a9-e50e24dcca9e : bytearray(b'4,3')
2021-08-11 13:37:13,221 - INFO - root - x = 82, y = 248, Radius = 227.87562561035156
2021-08-11 13:37:13,221 - INFO - root - Decision Window: xRange = 376, 388,  yRange = 244, 207
2021-08-11 13:37:13,221 - INFO - root - Distance = 295, direction = 4, Win# 19
2021-08-11 13:37:13,300 - DEBUG - bleak.backends.dotnet.client - Write Characteristic 6e400002-b5a3-f393-e0a9-e50e24dcca9e : bytearray(b'4,3')
2021-08-11 13:37:13,329 - INFO - root - x = 75, y = 151, Radius = 113.2100830078125
2021-08-11 13:37:13,329 - INFO - root - Decision Window: xRange = 376, 388,  yRange = 244, 207
2021-08-11 13:37:13,329 - INFO - root - Distance = 309, direction = 4, Win# 19
2021-08-11 13:37:13,420 - DEBUG - bleak.backends.dotnet.client - Write Characteristic 6e400002-b5a3-f393-e0a9-e50e24dcca9e : bytearray(b'4,3')
2021-08-11 13:37:13,457 - INFO - root - x = 646, y = 90, Radius = 53.94915008544922
2021-08-11 13:37:13,457 - INFO - root - Decision Window: xRange = 390, 405,  yRange = 249, 208
2021-08-11 13:37:13,457 - INFO - root - Distance = 283, direction = 2, Win# 20
2021-08-11 13:37:13,539 - DEBUG - bleak.backends.dotnet.client - Write Characteristic 6e400002-b5a3-f393-e0a9-e50e24dcca9e : bytearray(b'2,3')
2021-08-11 13:37:13,667 - INFO - root - x = 71, y = 113, Radius = 3.5356338024139404
2021-08-11 13:37:13,667 - INFO - root - Decision Window: xRange = 390, 405,  yRange = 249, 208
2021-08-11 13:37:13,667 - INFO - root - Distance = 339, direction = 4, Win# 20
2021-08-11 13:37:13,780 - DEBUG - bleak.backends.dotnet.client - Write Characteristic 6e400002-b5a3-f393-e0a9-e50e24dcca9e : bytearray(b'4,3')
2021-08-11 13:37:13,821 - INFO - root - x = 69, y = 121, Radius = 52.32838821411133
2021-08-11 13:37:13,821 - INFO - root - Decision Window: xRange = 390, 405,  yRange = 249, 208
2021-08-11 13:37:13,821 - INFO - root - Distance = 339, direction = 4, Win# 20
2021-08-11 13:37:13,900 - DEBUG - bleak.backends.dotnet.client - Write Characteristic 6e400002-b5a3-f393-e0a9-e50e24dcca9e : bytearray(b'4,3')
2021-08-11 13:37:13,948 - INFO - root - x = 76, y = 159, Radius = 126.02489471435547
2021-08-11 13:37:13,948 - INFO - root - Decision Window: xRange = 390, 405,  yRange = 249, 208
2021-08-11 13:37:13,948 - INFO - root - Distance = 321, direction = 4, Win# 20
2021-08-11 13:37:14,020 - DEBUG - bleak.backends.dotnet.client - Write Characteristic 6e400002-b5a3-f393-e0a9-e50e24dcca9e : bytearray(b'4,3')
2021-08-11 13:37:14,053 - INFO - root - x = 76, y = 194, Radius = 160.16018676757812
2021-08-11 13:37:14,053 - INFO - root - Decision Window: xRange = 390, 405,  yRange = 249, 208
2021-08-11 13:37:14,053 - INFO - root - Distance = 316, direction = 4, Win# 20
2021-08-11 13:37:14,140 - DEBUG - bleak.backends.dotnet.client - Write Characteristic 6e400002-b5a3-f393-e0a9-e50e24dcca9e : bytearray(b'4,3')
2021-08-11 13:37:14,164 - INFO - root - x = 79, y = 202, Radius = 173.8743438720703
2021-08-11 13:37:14,164 - INFO - root - Decision Window: xRange = 390, 405,  yRange = 249, 208
2021-08-11 13:37:14,164 - INFO - root - Distance = 312, direction = 4, Win# 20
2021-08-11 13:37:14,260 - DEBUG - bleak.backends.dotnet.client - Write Characteristic 6e400002-b5a3-f393-e0a9-e50e24dcca9e : bytearray(b'4,3')
2021-08-11 13:37:14,300 - INFO - root - x = 79, y = 230, Radius = 191.04983520507812
2021-08-11 13:37:14,300 - INFO - root - Decision Window: xRange = 390, 405,  yRange = 249, 208
2021-08-11 13:37:14,301 - INFO - root - Distance = 311, direction = 4, Win# 20
2021-08-11 13:37:14,379 - DEBUG - bleak.backends.dotnet.client - Write Characteristic 6e400002-b5a3-f393-e0a9-e50e24dcca9e : bytearray(b'4,3')
2021-08-11 13:37:14,422 - INFO - root - x = 78, y = 182, Radius = 141.66168212890625
2021-08-11 13:37:14,422 - INFO - root - Decision Window: xRange = 390, 405,  yRange = 249, 208
2021-08-11 13:37:14,422 - INFO - root - Distance = 315, direction = 4, Win# 20
2021-08-11 13:37:14,499 - DEBUG - bleak.backends.dotnet.client - Write Characteristic 6e400002-b5a3-f393-e0a9-e50e24dcca9e : bytearray(b'4,3')
2021-08-11 13:37:14,532 - INFO - root - x = 76, y = 146, Radius = 103.27279663085938
2021-08-11 13:37:14,532 - INFO - root - Decision Window: xRange = 390, 405,  yRange = 249, 208
2021-08-11 13:37:14,532 - INFO - root - Distance = 325, direction = 4, Win# 20
2021-08-11 13:37:14,620 - DEBUG - bleak.backends.dotnet.client - Write Characteristic 6e400002-b5a3-f393-e0a9-e50e24dcca9e : bytearray(b'4,3')
2021-08-11 13:37:14,655 - INFO - root - x = 69, y = 131, Radius = 44.03701400756836
2021-08-11 13:37:14,655 - INFO - root - Decision Window: xRange = 390, 405,  yRange = 249, 208
2021-08-11 13:37:14,655 - INFO - root - Distance = 335, direction = 4, Win# 20
2021-08-11 13:37:14,740 - DEBUG - bleak.backends.dotnet.client - Write Characteristic 6e400002-b5a3-f393-e0a9-e50e24dcca9e : bytearray(b'4,3')
2021-08-11 13:37:14,779 - INFO - root - x = 87, y = 88, Radius = 18.35765838623047
2021-08-11 13:37:14,779 - INFO - root - Decision Window: xRange = 390, 405,  yRange = 249, 208
2021-08-11 13:37:14,779 - INFO - root - Distance = 334, direction = 4, Win# 20
2021-08-11 13:37:14,860 - DEBUG - bleak.backends.dotnet.client - Write Characteristic 6e400002-b5a3-f393-e0a9-e50e24dcca9e : bytearray(b'4,3')
2021-08-11 13:37:14,900 - INFO - root - x = 63, y = 129, Radius = 23.6009464263916
2021-08-11 13:37:14,900 - INFO - root - Decision Window: xRange = 390, 405,  yRange = 249, 208
2021-08-11 13:37:14,900 - INFO - root - Distance = 342, direction = 4, Win# 20
2021-08-11 13:37:14,980 - DEBUG - bleak.backends.dotnet.client - Write Characteristic 6e400002-b5a3-f393-e0a9-e50e24dcca9e : bytearray(b'4,3')
2021-08-11 13:37:15,024 - INFO - root - x = 61, y = 128, Radius = 17.91127586364746
2021-08-11 13:37:15,024 - INFO - root - Decision Window: xRange = 390, 405,  yRange = 249, 208
2021-08-11 13:37:15,024 - INFO - root - Distance = 344, direction = 4, Win# 20
2021-08-11 13:37:15,100 - DEBUG - bleak.backends.dotnet.client - Write Characteristic 6e400002-b5a3-f393-e0a9-e50e24dcca9e : bytearray(b'4,3')
2021-08-11 13:37:15,133 - INFO - root - x = 65, y = 145, Radius = 6.36406135559082
2021-08-11 13:37:15,133 - INFO - root - Decision Window: xRange = 390, 405,  yRange = 249, 208
2021-08-11 13:37:15,133 - INFO - root - Distance = 335, direction = 4, Win# 20
2021-08-11 13:37:15,220 - DEBUG - bleak.backends.dotnet.client - Write Characteristic 6e400002-b5a3-f393-e0a9-e50e24dcca9e : bytearray(b'4,3')
2021-08-11 13:37:15,249 - INFO - root - x = 390, y = 516, Radius = 6.726912021636963
2021-08-11 13:37:15,250 - INFO - root - Decision Window: xRange = 390, 405,  yRange = 249, 208
2021-08-11 13:37:15,250 - INFO - root - Distance = 0, direction = 0, Win# 20
2021-08-11 13:37:15,340 - DEBUG - bleak.backends.dotnet.client - Write Characteristic 6e400002-b5a3-f393-e0a9-e50e24dcca9e : bytearray(b'1,2')
2021-08-11 13:37:15,381 - INFO - root - x = 58, y = 127, Radius = 12.500100135803223
2021-08-11 13:37:15,381 - INFO - root - Decision Window: xRange = 390, 405,  yRange = 249, 208
2021-08-11 13:37:15,381 - INFO - root - Distance = 347, direction = 4, Win# 20
2021-08-11 13:37:15,460 - DEBUG - bleak.backends.dotnet.client - Write Characteristic 6e400002-b5a3-f393-e0a9-e50e24dcca9e : bytearray(b'4,3')
2021-08-11 13:37:15,501 - INFO - root - x = 69, y = 129, Radius = 8.966216087341309
2021-08-11 13:37:15,501 - INFO - root - Decision Window: xRange = 390, 405,  yRange = 249, 208
2021-08-11 13:37:15,501 - INFO - root - Distance = 336, direction = 4, Win# 20
2021-08-11 13:37:15,580 - DEBUG - bleak.backends.dotnet.client - Write Characteristic 6e400002-b5a3-f393-e0a9-e50e24dcca9e : bytearray(b'4,3')
2021-08-11 13:37:15,625 - INFO - root - x = 66, y = 121, Radius = 12.980854988098145
2021-08-11 13:37:15,625 - INFO - root - Decision Window: xRange = 390, 405,  yRange = 249, 208
2021-08-11 13:37:15,625 - INFO - root - Distance = 341, direction = 4, Win# 20
2021-08-11 13:37:15,699 - DEBUG - bleak.backends.dotnet.client - Write Characteristic 6e400002-b5a3-f393-e0a9-e50e24dcca9e : bytearray(b'4,3')
2021-08-11 13:37:18,290 - INFO - root - x = 145, y = 214, Radius = 3.5356338024139404
2021-08-11 13:37:18,290 - INFO - root - Decision Window: xRange = 390, 405,  yRange = 249, 208
2021-08-11 13:37:18,290 - INFO - root - Distance = 245, direction = 4, Win# 20
2021-08-11 13:37:18,460 - DEBUG - bleak.backends.dotnet.client - Write Characteristic 6e400002-b5a3-f393-e0a9-e50e24dcca9e : bytearray(b'4,3')
2021-08-11 13:37:18,494 - INFO - root - x = 81, y = 276, Radius = 240.80137634277344
2021-08-11 13:37:18,495 - INFO - root - Decision Window: xRange = 390, 405,  yRange = 249, 208
2021-08-11 13:37:18,495 - INFO - root - Distance = 312, direction = 4, Win# 20
2021-08-11 13:37:18,580 - DEBUG - bleak.backends.dotnet.client - Write Characteristic 6e400002-b5a3-f393-e0a9-e50e24dcca9e : bytearray(b'4,3')
2021-08-11 13:37:18,619 - INFO - root - x = 80, y = 254, Radius = 222.08680725097656
2021-08-11 13:37:18,619 - INFO - root - Decision Window: xRange = 390, 405,  yRange = 249, 208
2021-08-11 13:37:18,619 - INFO - root - Distance = 310, direction = 4, Win# 20
