2021-08-09 14:45:54,830 - INFO - root - 


2021-08-09 14:45:54,830 - INFO - root - PROGRAM BEGINS
2021-08-09 14:46:01,552 - DEBUG - asyncio - Using proactor: IocpProactor
2021-08-09 14:46:01,661 - DEBUG - bleak.backends.dotnet.scanner - Received 4D:28:6B:C1:A4:37: Unknown.
2021-08-09 14:46:01,665 - DEBUG - bleak.backends.dotnet.scanner - Received 4D:28:6B:C1:A4:37: Unknown.
2021-08-09 14:46:01,784 - DEBUG - bleak.backends.dotnet.scanner - Received 72:A7:82:0F:B5:F0: Unknown.
2021-08-09 14:46:01,917 - DEBUG - bleak.backends.dotnet.scanner - Received CC:D2:81:7A:31:C7: Unknown.
2021-08-09 14:46:01,918 - DEBUG - bleak.backends.dotnet.scanner - Received CC:D2:81:7A:31:C7: Unknown.
2021-08-09 14:46:02,016 - DEBUG - bleak.backends.dotnet.scanner - Received 7D:B7:B3:7F:C9:4C: Unknown.
2021-08-09 14:46:02,484 - DEBUG - bleak.backends.dotnet.scanner - Received 4D:28:6B:C1:A4:37: Unknown.
2021-08-09 14:46:02,485 - DEBUG - bleak.backends.dotnet.scanner - Received 4D:28:6B:C1:A4:37: Unknown.
2021-08-09 14:46:02,610 - DEBUG - bleak.backends.dotnet.scanner - Received 72:A7:82:0F:B5:F0: Unknown.
2021-08-09 14:46:02,611 - DEBUG - bleak.backends.dotnet.scanner - Received 72:A7:82:0F:B5:F0: Unknown.
2021-08-09 14:46:02,956 - DEBUG - bleak.backends.dotnet.scanner - Received 38:68:A4:0D:FE:EB: Unknown.
2021-08-09 14:46:03,192 - DEBUG - bleak.backends.dotnet.scanner - Received CC:D2:81:7A:31:C7: Unknown.
2021-08-09 14:46:03,193 - DEBUG - bleak.backends.dotnet.scanner - Received CC:D2:81:7A:31:C7: Unknown.
2021-08-09 14:46:03,322 - DEBUG - bleak.backends.dotnet.scanner - Received 7D:D5:B0:5E:C2:09: Unknown.
2021-08-09 14:46:03,322 - DEBUG - bleak.backends.dotnet.scanner - Received 7D:D5:B0:5E:C2:09: Unknown.
2021-08-09 14:46:03,434 - DEBUG - bleak.backends.dotnet.scanner - Received 72:A7:82:0F:B5:F0: Unknown.
2021-08-09 14:46:03,435 - DEBUG - bleak.backends.dotnet.scanner - Received 72:A7:82:0F:B5:F0: Unknown.
2021-08-09 14:46:03,556 - DEBUG - bleak.backends.dotnet.scanner - Received CC:D2:81:7A:31:C7: Unknown.
2021-08-09 14:46:03,557 - DEBUG - bleak.backends.dotnet.scanner - Received CC:D2:81:7A:31:C7: Unknown.
2021-08-09 14:46:04,136 - DEBUG - bleak.backends.dotnet.scanner - Received 7D:D5:B0:5E:C2:09: Unknown.
2021-08-09 14:46:04,137 - DEBUG - bleak.backends.dotnet.scanner - Received 7D:D5:B0:5E:C2:09: Unknown.
2021-08-09 14:46:04,500 - DEBUG - bleak.backends.dotnet.scanner - Received 38:68:A4:0D:FE:EB: Unknown.
2021-08-09 14:46:04,612 - DEBUG - bleak.backends.dotnet.scanner - Received 3F:4D:6C:C6:F2:5D: Unknown.
2021-08-09 14:46:04,731 - DEBUG - bleak.backends.dotnet.scanner - Received 7D:B7:B3:7F:C9:4C: Unknown.
2021-08-09 14:46:04,732 - DEBUG - bleak.backends.dotnet.scanner - Received 7D:B7:B3:7F:C9:4C: Unknown.
2021-08-09 14:46:04,968 - DEBUG - bleak.backends.dotnet.scanner - Received 38:68:A4:0D:FE:EB: Unknown.
2021-08-09 14:46:05,338 - DEBUG - bleak.backends.dotnet.scanner - Received 3F:4D:6C:C6:F2:5D: Unknown.
2021-08-09 14:46:05,558 - DEBUG - bleak.backends.dotnet.scanner - Received CC:D2:81:7A:31:C7: Unknown.
2021-08-09 14:46:05,559 - DEBUG - bleak.backends.dotnet.scanner - Received CC:D2:81:7A:31:C7: Unknown.
2021-08-09 14:46:05,684 - DEBUG - bleak.backends.dotnet.scanner - Received 40:65:1D:E5:89:72: Unknown.
2021-08-09 14:46:05,685 - DEBUG - bleak.backends.dotnet.scanner - Received 40:65:1D:E5:89:72: Unknown.
2021-08-09 14:46:06,038 - DEBUG - bleak.backends.dotnet.scanner - Received 7D:D5:B0:5E:C2:09: Unknown.
2021-08-09 14:46:06,039 - DEBUG - bleak.backends.dotnet.scanner - Received 7D:D5:B0:5E:C2:09: Unknown.
2021-08-09 14:46:06,282 - DEBUG - bleak.backends.dotnet.scanner - Received 4A:96:5C:C6:C6:26: Unknown.
2021-08-09 14:46:06,283 - DEBUG - bleak.backends.dotnet.scanner - Received 4A:96:5C:C6:C6:26: Unknown.
2021-08-09 14:46:06,498 - DEBUG - bleak.backends.dotnet.scanner - Received 38:68:A4:0D:FE:EB: Unknown.
2021-08-09 14:46:06,624 - DEBUG - bleak.backends.dotnet.scanner - Received 3F:4D:6C:C6:F2:5D: Unknown.
2021-08-09 14:46:06,857 - DEBUG - bleak.backends.dotnet.scanner - Received 7D:D5:B0:5E:C2:09: Unknown.
2021-08-09 14:46:06,857 - DEBUG - bleak.backends.dotnet.scanner - Received 7D:D5:B0:5E:C2:09: Unknown.
2021-08-09 14:46:07,576 - DEBUG - bleak.backends.dotnet.scanner - Received CC:D2:81:7A:31:C7: Unknown.
2021-08-09 14:46:07,577 - DEBUG - bleak.backends.dotnet.scanner - Received CC:D2:81:7A:31:C7: Unknown.
2021-08-09 14:46:07,694 - DEBUG - bleak.backends.dotnet.scanner - Received 4D:28:6B:C1:A4:37: Unknown.
2021-08-09 14:46:07,695 - DEBUG - bleak.backends.dotnet.scanner - Received 4D:28:6B:C1:A4:37: Unknown.
2021-08-09 14:46:07,942 - DEBUG - bleak.backends.dotnet.scanner - Received 7D:D5:B0:5E:C2:09: Unknown.
2021-08-09 14:46:07,943 - DEBUG - bleak.backends.dotnet.scanner - Received 7D:D5:B0:5E:C2:09: Unknown.
2021-08-09 14:46:08,040 - DEBUG - bleak.backends.dotnet.scanner - Received 38:68:A4:0D:FE:EB: Unknown.
2021-08-09 14:46:08,270 - DEBUG - bleak.backends.dotnet.scanner - Received 7D:B7:B3:7F:C9:4C: Unknown.
2021-08-09 14:46:08,271 - DEBUG - bleak.backends.dotnet.scanner - Received 7D:B7:B3:7F:C9:4C: Unknown.
2021-08-09 14:46:08,310 - DEBUG - bleak.backends.dotnet.scanner - Received CC:D2:81:7A:31:C7: Unknown.
2021-08-09 14:46:08,311 - DEBUG - bleak.backends.dotnet.scanner - Received CC:D2:81:7A:31:C7: Unknown.
2021-08-09 14:46:08,507 - DEBUG - bleak.backends.dotnet.scanner - Received 38:68:A4:0D:FE:EB: Unknown.
2021-08-09 14:46:08,754 - DEBUG - bleak.backends.dotnet.scanner - Received 7D:D5:B0:5E:C2:09: Unknown.
2021-08-09 14:46:08,754 - DEBUG - bleak.backends.dotnet.scanner - Received 7D:D5:B0:5E:C2:09: Unknown.
2021-08-09 14:46:08,978 - DEBUG - bleak.backends.dotnet.scanner - Received 38:68:A4:0D:FE:EB: Unknown.
2021-08-09 14:46:09,227 - DEBUG - bleak.backends.dotnet.scanner - Received CC:D2:81:7A:31:C7: Unknown.
2021-08-09 14:46:09,228 - DEBUG - bleak.backends.dotnet.scanner - Received CC:D2:81:7A:31:C7: Unknown.
2021-08-09 14:46:09,336 - DEBUG - bleak.backends.dotnet.scanner - Received 4D:28:6B:C1:A4:37: Unknown.
2021-08-09 14:46:09,337 - DEBUG - bleak.backends.dotnet.scanner - Received 4D:28:6B:C1:A4:37: Unknown.
2021-08-09 14:46:09,825 - DEBUG - bleak.backends.dotnet.scanner - Received 40:65:1D:E5:89:72: Unknown.
2021-08-09 14:46:09,826 - DEBUG - bleak.backends.dotnet.scanner - Received 40:65:1D:E5:89:72: Unknown.
2021-08-09 14:46:09,926 - DEBUG - bleak.backends.dotnet.scanner - Received 3F:4D:6C:C6:F2:5D: Unknown.
2021-08-09 14:46:10,165 - DEBUG - bleak.backends.dotnet.scanner - Received 4D:28:6B:C1:A4:37: Unknown.
2021-08-09 14:46:10,166 - DEBUG - bleak.backends.dotnet.scanner - Received 4D:28:6B:C1:A4:37: Unknown.
2021-08-09 14:46:10,294 - DEBUG - bleak.backends.dotnet.scanner - Received 3F:4D:6C:C6:F2:5D: Unknown.
2021-08-09 14:46:10,514 - DEBUG - bleak.backends.dotnet.scanner - Received CC:D2:81:7A:31:C7: Unknown.
2021-08-09 14:46:10,515 - DEBUG - bleak.backends.dotnet.scanner - Received CC:D2:81:7A:31:C7: Unknown.
2021-08-09 14:46:10,648 - DEBUG - bleak.backends.dotnet.scanner - Received 40:65:1D:E5:89:72: Unknown.
2021-08-09 14:46:10,649 - DEBUG - bleak.backends.dotnet.scanner - Received 40:65:1D:E5:89:72: Unknown.
2021-08-09 14:46:10,881 - DEBUG - bleak.backends.dotnet.scanner - Received CC:D2:81:7A:31:C7: Unknown.
2021-08-09 14:46:10,882 - DEBUG - bleak.backends.dotnet.scanner - Received CC:D2:81:7A:31:C7: Unknown.
2021-08-09 14:46:10,988 - DEBUG - bleak.backends.dotnet.scanner - Received 4D:28:6B:C1:A4:37: Unknown.
2021-08-09 14:46:10,989 - DEBUG - bleak.backends.dotnet.scanner - Received 4D:28:6B:C1:A4:37: Unknown.
2021-08-09 14:46:11,114 - DEBUG - bleak.backends.dotnet.scanner - Received 72:A7:82:0F:B5:F0: Unknown.
2021-08-09 14:46:11,115 - DEBUG - bleak.backends.dotnet.scanner - Received 72:A7:82:0F:B5:F0: Unknown.
2021-08-09 14:46:11,581 - DEBUG - bleak.backends.dotnet.scanner - 9 devices found. Watcher status: 3.
2021-08-09 14:46:11,798 - DEBUG - bleak.backends.dotnet.scanner - Received CC:D2:81:7A:31:C7: Unknown.
2021-08-09 14:46:11,799 - DEBUG - bleak.backends.dotnet.scanner - Received CC:D2:81:7A:31:C7: Unknown.
2021-08-09 14:46:11,916 - DEBUG - bleak.backends.dotnet.scanner - Received 38:68:A4:0D:FE:EB: Unknown.
2021-08-09 14:46:12,021 - DEBUG - bleak.backends.dotnet.scanner - Received 7D:D5:B0:5E:C2:09: Unknown.
2021-08-09 14:46:12,021 - DEBUG - bleak.backends.dotnet.scanner - Received 7D:D5:B0:5E:C2:09: Unknown.
2021-08-09 14:46:12,384 - DEBUG - bleak.backends.dotnet.scanner - Received 38:68:A4:0D:FE:EB: Unknown.
2021-08-09 14:46:12,642 - DEBUG - bleak.backends.dotnet.scanner - Received 4D:28:6B:C1:A4:37: Unknown.
2021-08-09 14:46:12,643 - DEBUG - bleak.backends.dotnet.scanner - Received 4D:28:6B:C1:A4:37: Unknown.
2021-08-09 14:46:12,854 - DEBUG - bleak.backends.dotnet.scanner - Received 38:68:A4:0D:FE:EB: Unknown.
2021-08-09 14:46:13,320 - DEBUG - bleak.backends.dotnet.scanner - Received 72:A7:82:0F:B5:F0: Unknown.
2021-08-09 14:46:13,321 - DEBUG - bleak.backends.dotnet.scanner - Received 72:A7:82:0F:B5:F0: Unknown.
2021-08-09 14:46:13,442 - DEBUG - bleak.backends.dotnet.scanner - Received 4A:96:5C:C6:C6:26: Unknown.
2021-08-09 14:46:13,443 - DEBUG - bleak.backends.dotnet.scanner - Received 4A:96:5C:C6:C6:26: Unknown.
2021-08-09 14:46:13,922 - DEBUG - bleak.backends.dotnet.scanner - Received 7D:D5:B0:5E:C2:09: Unknown.
2021-08-09 14:46:13,923 - DEBUG - bleak.backends.dotnet.scanner - Received 7D:D5:B0:5E:C2:09: Unknown.
2021-08-09 14:46:14,296 - DEBUG - bleak.backends.dotnet.scanner - Received 4D:28:6B:C1:A4:37: Unknown.
2021-08-09 14:46:14,297 - DEBUG - bleak.backends.dotnet.scanner - Received 4D:28:6B:C1:A4:37: Unknown.
2021-08-09 14:46:14,403 - DEBUG - bleak.backends.dotnet.scanner - Received 38:68:A4:0D:FE:EB: Unknown.
2021-08-09 14:46:14,740 - DEBUG - bleak.backends.dotnet.scanner - Received 7D:D5:B0:5E:C2:09: Unknown.
2021-08-09 14:46:14,741 - DEBUG - bleak.backends.dotnet.scanner - Received 7D:D5:B0:5E:C2:09: Unknown.
2021-08-09 14:46:14,859 - DEBUG - bleak.backends.dotnet.scanner - Received 7C:9E:BD:EE:7A:82: Haptic Sleeve ML.
2021-08-09 14:46:14,860 - DEBUG - bleak.backends.dotnet.scanner - 7 devices found. Watcher status: 3.
2021-08-09 14:46:14,860 - DEBUG - bleak.backends.dotnet.client - Connecting to BLE device @ 7c:9e:bd:ee:7a:82
2021-08-09 14:46:24,991 - DEBUG - bleak.backends.dotnet.scanner - Received CC:D2:81:7A:31:C7: Unknown.
2021-08-09 14:46:24,992 - DEBUG - bleak.backends.dotnet.scanner - Received CC:D2:81:7A:31:C7: Unknown.
2021-08-09 14:46:25,034 - DEBUG - bleak.backends.dotnet.scanner - Received 4D:28:6B:C1:A4:37: Unknown.
2021-08-09 14:46:25,035 - DEBUG - bleak.backends.dotnet.scanner - Received 4D:28:6B:C1:A4:37: Unknown.
2021-08-09 14:46:25,256 - DEBUG - bleak.backends.dotnet.scanner - Received 38:68:A4:0D:FE:EB: Unknown.
2021-08-09 14:46:25,857 - DEBUG - bleak.backends.dotnet.scanner - Received 4D:28:6B:C1:A4:37: Unknown.
2021-08-09 14:46:25,857 - DEBUG - bleak.backends.dotnet.scanner - Received 4D:28:6B:C1:A4:37: Unknown.
2021-08-09 14:46:26,110 - DEBUG - bleak.backends.dotnet.scanner - Received 4A:96:5C:C6:C6:26: Unknown.
2021-08-09 14:46:26,111 - DEBUG - bleak.backends.dotnet.scanner - Received 4A:96:5C:C6:C6:26: Unknown.
2021-08-09 14:46:26,450 - DEBUG - bleak.backends.dotnet.scanner - Received 7D:D5:B0:5E:C2:09: Unknown.
2021-08-09 14:46:26,451 - DEBUG - bleak.backends.dotnet.scanner - Received 7D:D5:B0:5E:C2:09: Unknown.
2021-08-09 14:46:26,680 - DEBUG - bleak.backends.dotnet.scanner - Received 4D:28:6B:C1:A4:37: Unknown.
2021-08-09 14:46:26,681 - DEBUG - bleak.backends.dotnet.scanner - Received 4D:28:6B:C1:A4:37: Unknown.
2021-08-09 14:46:26,801 - DEBUG - bleak.backends.dotnet.scanner - Received 38:68:A4:0D:FE:EB: Unknown.
2021-08-09 14:46:27,044 - DEBUG - bleak.backends.dotnet.scanner - Received 7D:B7:B3:7F:C9:4C: Unknown.
2021-08-09 14:46:27,045 - DEBUG - bleak.backends.dotnet.scanner - Received 7D:B7:B3:7F:C9:4C: Unknown.
2021-08-09 14:46:27,268 - DEBUG - bleak.backends.dotnet.scanner - Received 7D:D5:B0:5E:C2:09: Unknown.
2021-08-09 14:46:27,508 - DEBUG - bleak.backends.dotnet.scanner - Received 4D:28:6B:C1:A4:37: Unknown.
2021-08-09 14:46:27,509 - DEBUG - bleak.backends.dotnet.scanner - Received 4D:28:6B:C1:A4:37: Unknown.
2021-08-09 14:46:27,855 - DEBUG - bleak.backends.dotnet.scanner - Received 7D:B7:B3:7F:C9:4C: Unknown.
2021-08-09 14:46:27,856 - DEBUG - bleak.backends.dotnet.scanner - Received 7D:B7:B3:7F:C9:4C: Unknown.
2021-08-09 14:46:27,988 - DEBUG - bleak.backends.dotnet.scanner - Received 7C:9E:BD:EE:7A:82: Haptic Sleeve ML.
2021-08-09 14:46:27,989 - DEBUG - bleak.backends.dotnet.scanner - Received 7C:9E:BD:EE:7A:82: Unknown.
2021-08-09 14:46:27,989 - DEBUG - bleak.backends.dotnet.scanner - 7 devices found. Watcher status: 3.
2021-08-09 14:46:27,990 - DEBUG - bleak.backends.dotnet.client - Connecting to BLE device @ 7c:9e:bd:ee:7a:82
2021-08-09 14:46:36,058 - DEBUG - bleak.backends.dotnet.client - _ConnectionStatusChanged_Handler: 1
2021-08-09 14:46:36,058 - DEBUG - bleak.backends.dotnet.client - Get Services...
2021-08-09 14:46:36,110 - INFO - bleak.backends.dotnet.client - Services resolved for BleakClientDotNet (7c:9e:bd:ee:7a:82)
2021-08-09 14:46:47,286 - INFO - root - x = 507, y = 118, Radius = 83.15000915527344
2021-08-09 14:46:47,286 - INFO - root - Decision Window: xRange = 489, 502,  yRange = 129, 89
2021-08-09 14:46:47,286 - INFO - root - Distance = 0, direction = 0, Win# 0
2021-08-09 14:46:47,443 - DEBUG - bleak.backends.dotnet.client - Write Characteristic 6e400002-b5a3-f393-e0a9-e50e24dcca9e : bytearray(b'1,2')
2021-08-09 14:46:47,484 - INFO - root - x = 527, y = 120, Radius = 85.85916137695312
2021-08-09 14:46:47,484 - INFO - root - Decision Window: xRange = 489, 502,  yRange = 129, 89
2021-08-09 14:46:47,484 - INFO - root - Distance = 0, direction = 0, Win# 0
2021-08-09 14:46:47,562 - DEBUG - bleak.backends.dotnet.client - Write Characteristic 6e400002-b5a3-f393-e0a9-e50e24dcca9e : bytearray(b'1,2')
2021-08-09 14:46:47,590 - INFO - root - x = 515, y = 117, Radius = 84.01213836669922
2021-08-09 14:46:47,590 - INFO - root - Decision Window: xRange = 489, 502,  yRange = 129, 89
2021-08-09 14:46:47,590 - INFO - root - Distance = 0, direction = 0, Win# 0
2021-08-09 14:46:47,682 - DEBUG - bleak.backends.dotnet.client - Write Characteristic 6e400002-b5a3-f393-e0a9-e50e24dcca9e : bytearray(b'1,2')
2021-08-09 14:46:47,718 - INFO - root - x = 517, y = 117, Radius = 82.74674224853516
2021-08-09 14:46:47,718 - INFO - root - Decision Window: xRange = 489, 502,  yRange = 129, 89
2021-08-09 14:46:47,718 - INFO - root - Distance = 0, direction = 0, Win# 0
2021-08-09 14:46:47,802 - DEBUG - bleak.backends.dotnet.client - Write Characteristic 6e400002-b5a3-f393-e0a9-e50e24dcca9e : bytearray(b'1,2')
2021-08-09 14:46:47,823 - INFO - root - x = 521, y = 120, Radius = 86.5845718383789
2021-08-09 14:46:47,823 - INFO - root - Decision Window: xRange = 489, 502,  yRange = 129, 89
2021-08-09 14:46:47,823 - INFO - root - Distance = 0, direction = 0, Win# 0
2021-08-09 14:46:47,922 - DEBUG - bleak.backends.dotnet.client - Write Characteristic 6e400002-b5a3-f393-e0a9-e50e24dcca9e : bytearray(b'1,2')
2021-08-09 14:46:47,963 - INFO - root - x = 520, y = 119, Radius = 85.55683135986328
2021-08-09 14:46:47,963 - INFO - root - Decision Window: xRange = 489, 502,  yRange = 129, 89
2021-08-09 14:46:47,963 - INFO - root - Distance = 0, direction = 0, Win# 0
2021-08-09 14:46:48,042 - DEBUG - bleak.backends.dotnet.client - Write Characteristic 6e400002-b5a3-f393-e0a9-e50e24dcca9e : bytearray(b'1,2')
2021-08-09 14:46:48,074 - INFO - root - x = 511, y = 118, Radius = 82.9765853881836
2021-08-09 14:46:48,074 - INFO - root - Decision Window: xRange = 489, 502,  yRange = 129, 89
2021-08-09 14:46:48,074 - INFO - root - Distance = 0, direction = 0, Win# 0
2021-08-09 14:46:48,162 - DEBUG - bleak.backends.dotnet.client - Write Characteristic 6e400002-b5a3-f393-e0a9-e50e24dcca9e : bytearray(b'1,2')
2021-08-09 14:46:48,191 - INFO - root - x = 503, y = 114, Radius = 80.16399383544922
2021-08-09 14:46:48,191 - INFO - root - Decision Window: xRange = 489, 502,  yRange = 129, 89
2021-08-09 14:46:48,191 - INFO - root - Distance = 0, direction = 0, Win# 0
2021-08-09 14:46:48,282 - DEBUG - bleak.backends.dotnet.client - Write Characteristic 6e400002-b5a3-f393-e0a9-e50e24dcca9e : bytearray(b'1,2')
2021-08-09 14:46:48,319 - INFO - root - x = 493, y = 109, Radius = 75.00193786621094
2021-08-09 14:46:48,319 - INFO - root - Decision Window: xRange = 489, 502,  yRange = 129, 89
2021-08-09 14:46:48,319 - INFO - root - Distance = 0, direction = 0, Win# 0
2021-08-09 14:46:48,402 - DEBUG - bleak.backends.dotnet.client - Write Characteristic 6e400002-b5a3-f393-e0a9-e50e24dcca9e : bytearray(b'1,2')
2021-08-09 14:46:48,440 - INFO - root - x = 496, y = 106, Radius = 74.17607116699219
2021-08-09 14:46:48,440 - INFO - root - Decision Window: xRange = 489, 502,  yRange = 129, 89
2021-08-09 14:46:48,440 - INFO - root - Distance = 0, direction = 0, Win# 0
2021-08-09 14:46:48,522 - DEBUG - bleak.backends.dotnet.client - Write Characteristic 6e400002-b5a3-f393-e0a9-e50e24dcca9e : bytearray(b'1,2')
2021-08-09 14:46:48,562 - INFO - root - x = 500, y = 104, Radius = 71.35594940185547
2021-08-09 14:46:48,562 - INFO - root - Decision Window: xRange = 489, 502,  yRange = 129, 89
2021-08-09 14:46:48,562 - INFO - root - Distance = 0, direction = 0, Win# 0
2021-08-09 14:46:48,642 - DEBUG - bleak.backends.dotnet.client - Write Characteristic 6e400002-b5a3-f393-e0a9-e50e24dcca9e : bytearray(b'1,2')
2021-08-09 14:46:48,673 - INFO - root - x = 497, y = 103, Radius = 71.52015686035156
2021-08-09 14:46:48,673 - INFO - root - Decision Window: xRange = 489, 502,  yRange = 129, 89
2021-08-09 14:46:48,673 - INFO - root - Distance = 0, direction = 0, Win# 0
2021-08-09 14:46:48,762 - DEBUG - bleak.backends.dotnet.client - Write Characteristic 6e400002-b5a3-f393-e0a9-e50e24dcca9e : bytearray(b'1,2')
2021-08-09 14:46:48,793 - INFO - root - x = 498, y = 102, Radius = 70.93669128417969
2021-08-09 14:46:48,793 - INFO - root - Decision Window: xRange = 489, 502,  yRange = 129, 89
2021-08-09 14:46:48,793 - INFO - root - Distance = 0, direction = 0, Win# 0
2021-08-09 14:46:48,882 - DEBUG - bleak.backends.dotnet.client - Write Characteristic 6e400002-b5a3-f393-e0a9-e50e24dcca9e : bytearray(b'1,2')
2021-08-09 14:46:48,923 - INFO - root - x = 494, y = 98, Radius = 66.99060821533203
2021-08-09 14:46:48,923 - INFO - root - Decision Window: xRange = 489, 502,  yRange = 129, 89
2021-08-09 14:46:48,923 - INFO - root - Distance = 7, direction = 3, Win# 0
2021-08-09 14:46:49,002 - DEBUG - bleak.backends.dotnet.client - Write Characteristic 6e400002-b5a3-f393-e0a9-e50e24dcca9e : bytearray(b'3,0')
2021-08-09 14:46:49,045 - INFO - root - x = 494, y = 96, Radius = 65.602783203125
2021-08-09 14:46:49,045 - INFO - root - Decision Window: xRange = 489, 502,  yRange = 129, 89
2021-08-09 14:46:49,045 - INFO - root - Distance = 9, direction = 3, Win# 0
2021-08-09 14:46:49,122 - DEBUG - bleak.backends.dotnet.client - Write Characteristic 6e400002-b5a3-f393-e0a9-e50e24dcca9e : bytearray(b'3,0')
2021-08-09 14:46:49,156 - DEBUG - bleak.backends.dotnet.client - Disconnecting from BLE device...
2021-08-09 14:46:52,243 - DEBUG - bleak.backends.dotnet.client - _ConnectionStatusChanged_Handler: 0
2021-08-09 14:46:52,282 - DEBUG - bleak.backends.dotnet.scanner - Received 40:65:1D:E5:89:72: Unknown.
2021-08-09 14:46:52,283 - DEBUG - bleak.backends.dotnet.scanner - Received 40:65:1D:E5:89:72: Unknown.
2021-08-09 14:46:52,412 - DEBUG - bleak.backends.dotnet.scanner - Received 77:C0:8D:24:5E:1E: Unknown.
2021-08-09 14:46:52,413 - DEBUG - bleak.backends.dotnet.scanner - Received 77:C0:8D:24:5E:1E: Unknown.
2021-08-09 14:46:52,625 - DEBUG - bleak.backends.dotnet.scanner - Received CC:D2:81:7A:31:C7: Unknown.
2021-08-09 14:46:52,626 - DEBUG - bleak.backends.dotnet.scanner - Received CC:D2:81:7A:31:C7: Unknown.
2021-08-09 14:46:52,755 - DEBUG - bleak.backends.dotnet.scanner - Received 3F:4D:6C:C6:F2:5D: Unknown.
2021-08-09 14:46:52,866 - DEBUG - bleak.backends.dotnet.scanner - Received 7D:B7:B3:7F:C9:4C: Unknown.
2021-08-09 14:46:52,867 - DEBUG - bleak.backends.dotnet.scanner - Received 7D:B7:B3:7F:C9:4C: Unknown.
2021-08-09 14:46:52,994 - DEBUG - bleak.backends.dotnet.scanner - Received CC:D2:81:7A:31:C7: Unknown.
2021-08-09 14:46:52,995 - DEBUG - bleak.backends.dotnet.scanner - Received CC:D2:81:7A:31:C7: Unknown.
2021-08-09 14:46:53,103 - DEBUG - bleak.backends.dotnet.scanner - Received 40:65:1D:E5:89:72: Unknown.
2021-08-09 14:46:53,104 - DEBUG - bleak.backends.dotnet.scanner - Received 40:65:1D:E5:89:72: Unknown.
2021-08-09 14:46:53,230 - DEBUG - bleak.backends.dotnet.scanner - Received 77:C0:8D:24:5E:1E: Unknown.
2021-08-09 14:46:53,231 - DEBUG - bleak.backends.dotnet.scanner - Received 77:C0:8D:24:5E:1E: Unknown.
2021-08-09 14:46:53,344 - DEBUG - bleak.backends.dotnet.scanner - Received 4D:28:6B:C1:A4:37: Unknown.
2021-08-09 14:46:53,345 - DEBUG - bleak.backends.dotnet.scanner - Received 4D:28:6B:C1:A4:37: Unknown.
2021-08-09 14:46:53,928 - DEBUG - bleak.backends.dotnet.scanner - Received 40:65:1D:E5:89:72: Unknown.
2021-08-09 14:46:53,929 - DEBUG - bleak.backends.dotnet.scanner - Received 40:65:1D:E5:89:72: Unknown.
2021-08-09 14:46:54,047 - DEBUG - bleak.backends.dotnet.scanner - Received 77:C0:8D:24:5E:1E: Unknown.
2021-08-09 14:46:54,048 - DEBUG - bleak.backends.dotnet.scanner - Received 77:C0:8D:24:5E:1E: Unknown.
2021-08-09 14:46:54,188 - DEBUG - bleak.backends.dotnet.scanner - Received 4A:96:5C:C6:C6:26: Unknown.
2021-08-09 14:46:54,188 - DEBUG - bleak.backends.dotnet.scanner - Received 4A:96:5C:C6:C6:26: Unknown.
2021-08-09 14:46:54,403 - DEBUG - bleak.backends.dotnet.scanner - Received 38:68:A4:0D:FE:EB: Unknown.
2021-08-09 14:46:54,640 - DEBUG - bleak.backends.dotnet.scanner - Received CC:D2:81:7A:31:C7: Unknown.
2021-08-09 14:46:54,640 - DEBUG - bleak.backends.dotnet.scanner - Received CC:D2:81:7A:31:C7: Unknown.
2021-08-09 14:46:54,753 - DEBUG - bleak.backends.dotnet.scanner - Received 40:65:1D:E5:89:72: Unknown.
2021-08-09 14:46:54,754 - DEBUG - bleak.backends.dotnet.scanner - Received 40:65:1D:E5:89:72: Unknown.
2021-08-09 14:46:55,022 - DEBUG - bleak.backends.dotnet.scanner - Received 38:68:A4:0D:FE:EB: Unknown.
2021-08-09 14:46:55,122 - DEBUG - bleak.backends.dotnet.scanner - Received 3F:4D:6C:C6:F2:5D: Unknown.
2021-08-09 14:46:55,350 - DEBUG - bleak.backends.dotnet.scanner - Received 72:E9:40:9F:27:D9: Unknown.
2021-08-09 14:46:55,830 - DEBUG - bleak.backends.dotnet.scanner - Received 4A:96:5C:C6:C6:26: Unknown.
2021-08-09 14:46:55,831 - DEBUG - bleak.backends.dotnet.scanner - Received 4A:96:5C:C6:C6:26: Unknown.
2021-08-09 14:46:55,940 - DEBUG - bleak.backends.dotnet.scanner - Received 38:68:A4:0D:FE:EB: Unknown.
2021-08-09 14:46:56,198 - DEBUG - bleak.backends.dotnet.scanner - Received 72:A7:82:0F:B5:F0: Unknown.
2021-08-09 14:46:56,199 - DEBUG - bleak.backends.dotnet.scanner - Received 72:A7:82:0F:B5:F0: Unknown.
2021-08-09 14:46:56,408 - DEBUG - bleak.backends.dotnet.scanner - Received 40:65:1D:E5:89:72: Unknown.
2021-08-09 14:46:56,409 - DEBUG - bleak.backends.dotnet.scanner - Received 40:65:1D:E5:89:72: Unknown.
2021-08-09 14:46:56,642 - DEBUG - bleak.backends.dotnet.scanner - Received 74:10:F2:11:01:C4: Unknown.
2021-08-09 14:46:56,763 - DEBUG - bleak.backends.dotnet.scanner - Received 77:C0:8D:24:5E:1E: Unknown.
2021-08-09 14:46:56,764 - DEBUG - bleak.backends.dotnet.scanner - Received 77:C0:8D:24:5E:1E: Unknown.
2021-08-09 14:46:57,234 - DEBUG - bleak.backends.dotnet.scanner - Received 40:65:1D:E5:89:72: Unknown.
2021-08-09 14:46:57,234 - DEBUG - bleak.backends.dotnet.scanner - Received 40:65:1D:E5:89:72: Unknown.
2021-08-09 14:46:57,469 - DEBUG - bleak.backends.dotnet.scanner - Received 4D:28:6B:C1:A4:37: Unknown.
2021-08-09 14:46:57,470 - DEBUG - bleak.backends.dotnet.scanner - Received 4D:28:6B:C1:A4:37: Unknown.
2021-08-09 14:46:57,944 - DEBUG - bleak.backends.dotnet.scanner - Received 38:68:A4:0D:FE:EB: Unknown.
2021-08-09 14:46:58,187 - DEBUG - bleak.backends.dotnet.scanner - Received 74:10:F2:11:01:C4: Unknown.
2021-08-09 14:46:58,299 - DEBUG - bleak.backends.dotnet.scanner - Received 4D:28:6B:C1:A4:37: Unknown.
2021-08-09 14:46:58,300 - DEBUG - bleak.backends.dotnet.scanner - Received 4D:28:6B:C1:A4:37: Unknown.
2021-08-09 14:46:58,778 - DEBUG - bleak.backends.dotnet.scanner - Received 3F:4D:6C:C6:F2:5D: Unknown.
2021-08-09 14:46:58,889 - DEBUG - bleak.backends.dotnet.scanner - Received 40:65:1D:E5:89:72: Unknown.
2021-08-09 14:46:58,890 - DEBUG - bleak.backends.dotnet.scanner - Received 40:65:1D:E5:89:72: Unknown.
2021-08-09 14:46:59,028 - DEBUG - bleak.backends.dotnet.scanner - Received 38:68:A4:0D:FE:EB: Unknown.
2021-08-09 14:46:59,128 - DEBUG - bleak.backends.dotnet.scanner - Received 4D:28:6B:C1:A4:37: Unknown.
2021-08-09 14:46:59,129 - DEBUG - bleak.backends.dotnet.scanner - Received 4D:28:6B:C1:A4:37: Unknown.
2021-08-09 14:46:59,367 - DEBUG - bleak.backends.dotnet.scanner - Received 7C:9E:BD:EE:7A:82: Haptic Sleeve ML.
2021-08-09 14:46:59,367 - DEBUG - bleak.backends.dotnet.scanner - 12 devices found. Watcher status: 3.
2021-08-09 14:46:59,368 - DEBUG - bleak.backends.dotnet.client - Connecting to BLE device @ 7c:9e:bd:ee:7a:82
2021-08-09 14:47:03,414 - DEBUG - bleak.backends.dotnet.client - _ConnectionStatusChanged_Handler: 1
2021-08-09 14:47:03,415 - DEBUG - bleak.backends.dotnet.client - Get Services...
2021-08-09 14:47:03,463 - INFO - bleak.backends.dotnet.client - Services resolved for BleakClientDotNet (7c:9e:bd:ee:7a:82)
2021-08-09 14:47:03,477 - DEBUG - bleak.backends.dotnet.client - Disconnecting from BLE device...
2021-08-09 14:47:07,183 - DEBUG - bleak.backends.dotnet.client - _ConnectionStatusChanged_Handler: 0
2021-08-09 14:47:07,459 - DEBUG - bleak.backends.dotnet.scanner - Received CC:D2:81:7A:31:C7: Unknown.
2021-08-09 14:47:07,459 - DEBUG - bleak.backends.dotnet.scanner - Received CC:D2:81:7A:31:C7: Unknown.
2021-08-09 14:47:07,692 - DEBUG - bleak.backends.dotnet.scanner - Received 4A:96:5C:C6:C6:26: Unknown.
2021-08-09 14:47:07,692 - DEBUG - bleak.backends.dotnet.scanner - Received 4A:96:5C:C6:C6:26: Unknown.
2021-08-09 14:47:07,824 - DEBUG - bleak.backends.dotnet.scanner - Received CC:D2:81:7A:31:C7: Unknown.
2021-08-09 14:47:07,825 - DEBUG - bleak.backends.dotnet.scanner - Received CC:D2:81:7A:31:C7: Unknown.
2021-08-09 14:47:07,926 - DEBUG - bleak.backends.dotnet.scanner - Received 3F:4D:6C:C6:F2:5D: Unknown.
2021-08-09 14:47:07,943 - DEBUG - bleak.backends.dotnet.scanner - Received 4D:28:6B:C1:A4:37: Unknown.
2021-08-09 14:47:07,944 - DEBUG - bleak.backends.dotnet.scanner - Received 4D:28:6B:C1:A4:37: Unknown.
2021-08-09 14:47:08,521 - DEBUG - bleak.backends.dotnet.scanner - Received 4A:96:5C:C6:C6:26: Unknown.
2021-08-09 14:47:08,522 - DEBUG - bleak.backends.dotnet.scanner - Received 4A:96:5C:C6:C6:26: Unknown.
2021-08-09 14:47:08,644 - DEBUG - bleak.backends.dotnet.scanner - Received 38:68:A4:0D:FE:EB: Unknown.
2021-08-09 14:47:08,757 - DEBUG - bleak.backends.dotnet.scanner - Received 77:C0:8D:24:5E:1E: Unknown.
2021-08-09 14:47:08,758 - DEBUG - bleak.backends.dotnet.scanner - Received 77:C0:8D:24:5E:1E: Unknown.
2021-08-09 14:47:09,114 - DEBUG - bleak.backends.dotnet.scanner - Received 38:68:A4:0D:FE:EB: Unknown.
2021-08-09 14:47:09,339 - DEBUG - bleak.backends.dotnet.scanner - Received 40:65:1D:E5:89:72: Unknown.
2021-08-09 14:47:09,340 - DEBUG - bleak.backends.dotnet.scanner - Received 40:65:1D:E5:89:72: Unknown.
2021-08-09 14:47:09,465 - DEBUG - bleak.backends.dotnet.scanner - Received CC:D2:81:7A:31:C7: Unknown.
2021-08-09 14:47:09,466 - DEBUG - bleak.backends.dotnet.scanner - Received CC:D2:81:7A:31:C7: Unknown.
2021-08-09 14:47:09,580 - DEBUG - bleak.backends.dotnet.scanner - Received 38:68:A4:0D:FE:EB: Unknown.
2021-08-09 14:47:09,832 - DEBUG - bleak.backends.dotnet.scanner - Received CC:D2:81:7A:31:C7: Unknown.
2021-08-09 14:47:10,049 - DEBUG - bleak.backends.dotnet.scanner - Received 38:68:A4:0D:FE:EB: Unknown.
2021-08-09 14:47:10,178 - DEBUG - bleak.backends.dotnet.scanner - Received 4A:96:5C:C6:C6:26: Unknown.
2021-08-09 14:47:10,179 - DEBUG - bleak.backends.dotnet.scanner - Received 4A:96:5C:C6:C6:26: Unknown.
2021-08-09 14:47:10,417 - DEBUG - bleak.backends.dotnet.scanner - Received 4D:28:6B:C1:A4:37: Unknown.
2021-08-09 14:47:10,418 - DEBUG - bleak.backends.dotnet.scanner - Received 4D:28:6B:C1:A4:37: Unknown.
2021-08-09 14:47:10,656 - DEBUG - bleak.backends.dotnet.scanner - Received 77:C0:8D:24:5E:1E: Unknown.
2021-08-09 14:47:10,657 - DEBUG - bleak.backends.dotnet.scanner - Received 77:C0:8D:24:5E:1E: Unknown.
2021-08-09 14:47:11,110 - DEBUG - bleak.backends.dotnet.scanner - Received CC:D2:81:7A:31:C7: Unknown.
2021-08-09 14:47:11,111 - DEBUG - bleak.backends.dotnet.scanner - Received CC:D2:81:7A:31:C7: Unknown.
2021-08-09 14:47:11,237 - DEBUG - bleak.backends.dotnet.scanner - Received 4D:28:6B:C1:A4:37: Unknown.
2021-08-09 14:47:11,238 - DEBUG - bleak.backends.dotnet.scanner - Received 4D:28:6B:C1:A4:37: Unknown.
2021-08-09 14:47:11,354 - DEBUG - bleak.backends.dotnet.scanner - Received 7D:B7:B3:7F:C9:4C: Unknown.
2021-08-09 14:47:11,355 - DEBUG - bleak.backends.dotnet.scanner - Received 7D:B7:B3:7F:C9:4C: Unknown.
2021-08-09 14:47:11,583 - DEBUG - bleak.backends.dotnet.scanner - Received 3F:4D:6C:C6:F2:5D: Unknown.
2021-08-09 14:47:11,824 - DEBUG - bleak.backends.dotnet.scanner - Received 4A:96:5C:C6:C6:26: Unknown.
2021-08-09 14:47:11,824 - DEBUG - bleak.backends.dotnet.scanner - Received 4A:96:5C:C6:C6:26: Unknown.
2021-08-09 14:47:11,948 - DEBUG - bleak.backends.dotnet.scanner - Received 3F:4D:6C:C6:F2:5D: Unknown.
2021-08-09 14:47:12,057 - DEBUG - bleak.backends.dotnet.scanner - Received 38:68:A4:0D:FE:EB: Unknown.
2021-08-09 14:47:12,313 - DEBUG - bleak.backends.dotnet.scanner - Received 3F:4D:6C:C6:F2:5D: Unknown.
2021-08-09 14:47:12,649 - DEBUG - bleak.backends.dotnet.scanner - Received 4A:96:5C:C6:C6:26: Unknown.
2021-08-09 14:47:12,649 - DEBUG - bleak.backends.dotnet.scanner - Received 4A:96:5C:C6:C6:26: Unknown.
2021-08-09 14:47:13,126 - DEBUG - bleak.backends.dotnet.scanner - Received CC:D2:81:7A:31:C7: Unknown.
2021-08-09 14:47:13,127 - DEBUG - bleak.backends.dotnet.scanner - Received CC:D2:81:7A:31:C7: Unknown.
2021-08-09 14:47:13,261 - DEBUG - bleak.backends.dotnet.scanner - Received 7D:B7:B3:7F:C9:4C: Unknown.
2021-08-09 14:47:13,262 - DEBUG - bleak.backends.dotnet.scanner - Received 7D:B7:B3:7F:C9:4C: Unknown.
2021-08-09 14:47:13,377 - DEBUG - bleak.backends.dotnet.scanner - Received 77:C0:8D:24:5E:1E: Unknown.
2021-08-09 14:47:13,378 - DEBUG - bleak.backends.dotnet.scanner - Received 77:C0:8D:24:5E:1E: Unknown.
2021-08-09 14:47:13,487 - DEBUG - bleak.backends.dotnet.scanner - Received 4A:96:5C:C6:C6:26: Unknown.
2021-08-09 14:47:13,488 - DEBUG - bleak.backends.dotnet.scanner - Received 4A:96:5C:C6:C6:26: Unknown.
2021-08-09 14:47:13,600 - DEBUG - bleak.backends.dotnet.scanner - Received 3F:4D:6C:C6:F2:5D: Unknown.
2021-08-09 14:47:13,723 - DEBUG - bleak.backends.dotnet.scanner - Received 4D:28:6B:C1:A4:37: Unknown.
2021-08-09 14:47:13,724 - DEBUG - bleak.backends.dotnet.scanner - Received 4D:28:6B:C1:A4:37: Unknown.
2021-08-09 14:47:14,071 - DEBUG - bleak.backends.dotnet.scanner - Received 38:68:A4:0D:FE:EB: Unknown.
2021-08-09 14:47:14,307 - DEBUG - bleak.backends.dotnet.scanner - Received 7C:9E:BD:EE:7A:82: Haptic Sleeve ML.
2021-08-09 14:47:14,308 - DEBUG - bleak.backends.dotnet.scanner - 9 devices found. Watcher status: 3.
2021-08-09 14:47:14,308 - DEBUG - bleak.backends.dotnet.scanner - Received 7C:9E:BD:EE:7A:82: Unknown.
2021-08-09 14:47:14,308 - DEBUG - bleak.backends.dotnet.client - Connecting to BLE device @ 7c:9e:bd:ee:7a:82
2021-08-09 14:47:17,853 - DEBUG - bleak.backends.dotnet.client - _ConnectionStatusChanged_Handler: 1
2021-08-09 14:47:17,853 - DEBUG - bleak.backends.dotnet.client - Get Services...
2021-08-09 14:47:17,902 - INFO - bleak.backends.dotnet.client - Services resolved for BleakClientDotNet (7c:9e:bd:ee:7a:82)
2021-08-09 14:47:17,934 - DEBUG - bleak.backends.dotnet.client - Disconnecting from BLE device...
2021-08-09 14:47:21,643 - DEBUG - bleak.backends.dotnet.client - _ConnectionStatusChanged_Handler: 0
2021-08-09 14:47:21,698 - DEBUG - bleak.backends.dotnet.scanner - Received 7D:B7:B3:7F:C9:4C: Unknown.
2021-08-09 14:47:21,699 - DEBUG - bleak.backends.dotnet.scanner - Received 7D:B7:B3:7F:C9:4C: Unknown.
2021-08-09 14:47:21,800 - DEBUG - bleak.backends.dotnet.scanner - Received 77:C0:8D:24:5E:1E: Unknown.
2021-08-09 14:47:21,801 - DEBUG - bleak.backends.dotnet.scanner - Received 77:C0:8D:24:5E:1E: Unknown.
2021-08-09 14:47:22,037 - DEBUG - bleak.backends.dotnet.scanner - Received 40:65:1D:E5:89:72: Unknown.
2021-08-09 14:47:22,038 - DEBUG - bleak.backends.dotnet.scanner - Received 40:65:1D:E5:89:72: Unknown.
2021-08-09 14:47:22,408 - DEBUG - bleak.backends.dotnet.scanner - Received 3F:4D:6C:C6:F2:5D: Unknown.
2021-08-09 14:47:22,545 - DEBUG - bleak.backends.dotnet.scanner - Received 4D:28:6B:C1:A4:37: Unknown.
2021-08-09 14:47:22,546 - DEBUG - bleak.backends.dotnet.scanner - Received 4D:28:6B:C1:A4:37: Unknown.
2021-08-09 14:47:22,637 - DEBUG - bleak.backends.dotnet.scanner - Received 72:A7:82:0F:B5:F0: Unknown.
2021-08-09 14:47:22,638 - DEBUG - bleak.backends.dotnet.scanner - Received 72:A7:82:0F:B5:F0: Unknown.
2021-08-09 14:47:22,746 - DEBUG - bleak.backends.dotnet.scanner - Received 38:68:A4:0D:FE:EB: Unknown.
2021-08-09 14:47:22,867 - DEBUG - bleak.backends.dotnet.scanner - Received 40:65:1D:E5:89:72: Unknown.
2021-08-09 14:47:22,867 - DEBUG - bleak.backends.dotnet.scanner - Received 40:65:1D:E5:89:72: Unknown.
2021-08-09 14:47:22,990 - DEBUG - bleak.backends.dotnet.scanner - Received CC:D2:81:7A:31:C7: Unknown.
2021-08-09 14:47:22,991 - DEBUG - bleak.backends.dotnet.scanner - Received CC:D2:81:7A:31:C7: Unknown.
2021-08-09 14:47:23,233 - DEBUG - bleak.backends.dotnet.scanner - Received 7C:9E:BD:EE:7A:82: Haptic Sleeve ML.
2021-08-09 14:47:23,234 - DEBUG - bleak.backends.dotnet.scanner - Received 7C:9E:BD:EE:7A:82: Unknown.
2021-08-09 14:47:23,234 - DEBUG - bleak.backends.dotnet.scanner - 9 devices found. Watcher status: 3.
2021-08-09 14:47:23,234 - DEBUG - bleak.backends.dotnet.client - Connecting to BLE device @ 7c:9e:bd:ee:7a:82
2021-08-09 14:47:33,367 - DEBUG - bleak.backends.dotnet.scanner - Received 7D:B7:B3:7F:C9:4C: Unknown.
2021-08-09 14:47:33,367 - DEBUG - bleak.backends.dotnet.scanner - Received 7D:B7:B3:7F:C9:4C: Unknown.
2021-08-09 14:47:33,628 - DEBUG - bleak.backends.dotnet.scanner - Received 40:65:1D:E5:89:72: Unknown.
2021-08-09 14:47:33,628 - DEBUG - bleak.backends.dotnet.scanner - Received 40:65:1D:E5:89:72: Unknown.
2021-08-09 14:47:33,856 - DEBUG - bleak.backends.dotnet.scanner - Received 7C:9E:BD:EE:7A:82: Haptic Sleeve ML.
2021-08-09 14:47:33,857 - DEBUG - bleak.backends.dotnet.scanner - 3 devices found. Watcher status: 3.
2021-08-09 14:47:33,857 - DEBUG - bleak.backends.dotnet.client - Connecting to BLE device @ 7c:9e:bd:ee:7a:82
2021-08-09 14:47:43,437 - DEBUG - bleak.backends.dotnet.client - _ConnectionStatusChanged_Handler: 1
2021-08-09 14:47:43,437 - DEBUG - bleak.backends.dotnet.client - Get Services...
2021-08-09 14:47:43,489 - INFO - bleak.backends.dotnet.client - Services resolved for BleakClientDotNet (7c:9e:bd:ee:7a:82)
2021-08-09 14:47:43,504 - DEBUG - bleak.backends.dotnet.client - Disconnecting from BLE device...
2021-08-09 14:47:47,323 - DEBUG - bleak.backends.dotnet.client - _ConnectionStatusChanged_Handler: 0
2021-08-09 14:47:47,598 - DEBUG - bleak.backends.dotnet.scanner - Received 4A:96:5C:C6:C6:26: Unknown.
2021-08-09 14:47:47,599 - DEBUG - bleak.backends.dotnet.scanner - Received 4A:96:5C:C6:C6:26: Unknown.
2021-08-09 14:47:47,705 - DEBUG - bleak.backends.dotnet.scanner - Received 38:68:A4:0D:FE:EB: Unknown.
2021-08-09 14:47:48,080 - DEBUG - bleak.backends.dotnet.scanner - Received CC:D2:81:7A:31:C7: Unknown.
2021-08-09 14:47:48,080 - DEBUG - bleak.backends.dotnet.scanner - Received CC:D2:81:7A:31:C7: Unknown.
2021-08-09 14:47:48,303 - DEBUG - bleak.backends.dotnet.scanner - Received 7D:B7:B3:7F:C9:4C: Unknown.
2021-08-09 14:47:48,304 - DEBUG - bleak.backends.dotnet.scanner - Received 7D:B7:B3:7F:C9:4C: Unknown.
2021-08-09 14:47:48,541 - DEBUG - bleak.backends.dotnet.scanner - Received 40:65:1D:E5:89:72: Unknown.
2021-08-09 14:47:48,541 - DEBUG - bleak.backends.dotnet.scanner - Received 40:65:1D:E5:89:72: Unknown.
2021-08-09 14:47:48,907 - DEBUG - bleak.backends.dotnet.scanner - Received 7C:9E:BD:EE:7A:82: Haptic Sleeve ML.
2021-08-09 14:47:48,908 - DEBUG - bleak.backends.dotnet.scanner - 6 devices found. Watcher status: 3.
2021-08-09 14:47:48,908 - DEBUG - bleak.backends.dotnet.scanner - Received 7C:9E:BD:EE:7A:82: Unknown.
2021-08-09 14:47:48,909 - DEBUG - bleak.backends.dotnet.client - Connecting to BLE device @ 7c:9e:bd:ee:7a:82
2021-08-09 14:47:54,932 - DEBUG - bleak.backends.dotnet.client - _ConnectionStatusChanged_Handler: 1
2021-08-09 14:47:54,932 - DEBUG - bleak.backends.dotnet.client - Get Services...
2021-08-09 14:47:54,982 - INFO - bleak.backends.dotnet.client - Services resolved for BleakClientDotNet (7c:9e:bd:ee:7a:82)
2021-08-09 14:47:55,013 - DEBUG - bleak.backends.dotnet.client - Disconnecting from BLE device...
2021-08-09 14:47:58,663 - DEBUG - bleak.backends.dotnet.client - _ConnectionStatusChanged_Handler: 0
2021-08-09 14:47:58,695 - DEBUG - bleak.backends.dotnet.scanner - Received CC:D2:81:7A:31:C7: Unknown.
2021-08-09 14:47:58,696 - DEBUG - bleak.backends.dotnet.scanner - Received CC:D2:81:7A:31:C7: Unknown.
2021-08-09 14:47:59,048 - DEBUG - bleak.backends.dotnet.scanner - Received 40:65:1D:E5:89:72: Unknown.
2021-08-09 14:47:59,049 - DEBUG - bleak.backends.dotnet.scanner - Received 40:65:1D:E5:89:72: Unknown.
2021-08-09 14:47:59,165 - DEBUG - bleak.backends.dotnet.scanner - Received 4D:28:6B:C1:A4:37: Unknown.
2021-08-09 14:47:59,166 - DEBUG - bleak.backends.dotnet.scanner - Received 4D:28:6B:C1:A4:37: Unknown.
2021-08-09 14:47:59,287 - DEBUG - bleak.backends.dotnet.scanner - Received 38:68:A4:0D:FE:EB: Unknown.
2021-08-09 14:47:59,414 - DEBUG - bleak.backends.dotnet.scanner - Received 7D:B7:B3:7F:C9:4C: Unknown.
2021-08-09 14:47:59,415 - DEBUG - bleak.backends.dotnet.scanner - Received 7D:B7:B3:7F:C9:4C: Unknown.
2021-08-09 14:47:59,756 - DEBUG - bleak.backends.dotnet.scanner - Received 4C:37:EE:CF:C1:84: Unknown.
2021-08-09 14:47:59,878 - DEBUG - bleak.backends.dotnet.scanner - Received 40:65:1D:E5:89:72: Unknown.
2021-08-09 14:47:59,879 - DEBUG - bleak.backends.dotnet.scanner - Received 40:65:1D:E5:89:72: Unknown.
2021-08-09 14:48:00,007 - DEBUG - bleak.backends.dotnet.scanner - Received 4A:96:5C:C6:C6:26: Unknown.
2021-08-09 14:48:00,007 - DEBUG - bleak.backends.dotnet.scanner - Received 4A:96:5C:C6:C6:26: Unknown.
2021-08-09 14:48:00,113 - DEBUG - bleak.backends.dotnet.scanner - Received 72:A7:82:0F:B5:F0: Unknown.
2021-08-09 14:48:00,114 - DEBUG - bleak.backends.dotnet.scanner - Received 72:A7:82:0F:B5:F0: Unknown.
2021-08-09 14:48:00,347 - DEBUG - bleak.backends.dotnet.scanner - Received CC:D2:81:7A:31:C7: Unknown.
2021-08-09 14:48:00,347 - DEBUG - bleak.backends.dotnet.scanner - Received CC:D2:81:7A:31:C7: Unknown.
2021-08-09 14:48:00,700 - DEBUG - bleak.backends.dotnet.scanner - Received 40:65:1D:E5:89:72: Unknown.
2021-08-09 14:48:00,700 - DEBUG - bleak.backends.dotnet.scanner - Received 40:65:1D:E5:89:72: Unknown.
2021-08-09 14:48:00,832 - DEBUG - bleak.backends.dotnet.scanner - Received 4A:96:5C:C6:C6:26: Unknown.
2021-08-09 14:48:00,833 - DEBUG - bleak.backends.dotnet.scanner - Received 4A:96:5C:C6:C6:26: Unknown.
2021-08-09 14:48:01,415 - DEBUG - bleak.backends.dotnet.scanner - Received 4C:DA:54:CA:1D:D7: Unknown.
2021-08-09 14:48:01,416 - DEBUG - bleak.backends.dotnet.scanner - Received 4C:DA:54:CA:1D:D7: Unknown.
2021-08-09 14:48:01,658 - DEBUG - bleak.backends.dotnet.scanner - Received 4A:96:5C:C6:C6:26: Unknown.
2021-08-09 14:48:01,658 - DEBUG - bleak.backends.dotnet.scanner - Received 4A:96:5C:C6:C6:26: Unknown.
2021-08-09 14:48:02,000 - DEBUG - bleak.backends.dotnet.scanner - Received 77:C0:8D:24:5E:1E: Unknown.
2021-08-09 14:48:02,000 - DEBUG - bleak.backends.dotnet.scanner - Received 77:C0:8D:24:5E:1E: Unknown.
2021-08-09 14:48:02,137 - DEBUG - bleak.backends.dotnet.scanner - Received 7D:B7:B3:7F:C9:4C: Unknown.
2021-08-09 14:48:02,138 - DEBUG - bleak.backends.dotnet.scanner - Received 7D:B7:B3:7F:C9:4C: Unknown.
2021-08-09 14:48:02,352 - DEBUG - bleak.backends.dotnet.scanner - Received 3F:4D:6C:C6:F2:5D: Unknown.
2021-08-09 14:48:02,951 - DEBUG - bleak.backends.dotnet.scanner - Received 7D:B7:B3:7F:C9:4C: Unknown.
2021-08-09 14:48:02,952 - DEBUG - bleak.backends.dotnet.scanner - Received 7D:B7:B3:7F:C9:4C: Unknown.
2021-08-09 14:48:03,300 - DEBUG - bleak.backends.dotnet.scanner - Received 38:68:A4:0D:FE:EB: Unknown.
2021-08-09 14:48:03,788 - DEBUG - bleak.backends.dotnet.scanner - Received 7C:9E:BD:EE:7A:82: Haptic Sleeve ML.
2021-08-09 14:48:03,789 - DEBUG - bleak.backends.dotnet.scanner - 12 devices found. Watcher status: 3.
2021-08-09 14:48:03,789 - DEBUG - bleak.backends.dotnet.scanner - Received 7C:9E:BD:EE:7A:82: Unknown.
2021-08-09 14:48:03,789 - DEBUG - bleak.backends.dotnet.client - Connecting to BLE device @ 7c:9e:bd:ee:7a:82
2021-08-09 14:48:13,961 - DEBUG - bleak.backends.dotnet.scanner - Received 38:68:A4:0D:FE:EB: Unknown.
2021-08-09 14:48:14,341 - DEBUG - bleak.backends.dotnet.scanner - Received 4A:96:5C:C6:C6:26: Unknown.
2021-08-09 14:48:14,341 - DEBUG - bleak.backends.dotnet.scanner - Received 4A:96:5C:C6:C6:26: Unknown.
2021-08-09 14:48:14,450 - DEBUG - bleak.backends.dotnet.scanner - Received 40:65:1D:E5:89:72: Unknown.
2021-08-09 14:48:14,451 - DEBUG - bleak.backends.dotnet.scanner - Received 40:65:1D:E5:89:72: Unknown.
2021-08-09 14:48:14,570 - DEBUG - bleak.backends.dotnet.scanner - Received 38:68:A4:0D:FE:EB: Unknown.
2021-08-09 14:48:14,804 - DEBUG - bleak.backends.dotnet.scanner - Received 3F:4D:6C:C6:F2:5D: Unknown.
2021-08-09 14:48:15,040 - DEBUG - bleak.backends.dotnet.scanner - Received 38:68:A4:0D:FE:EB: Unknown.
2021-08-09 14:48:15,164 - DEBUG - bleak.backends.dotnet.scanner - Received CC:D2:81:7A:31:C7: Unknown.
2021-08-09 14:48:15,165 - DEBUG - bleak.backends.dotnet.scanner - Received CC:D2:81:7A:31:C7: Unknown.
2021-08-09 14:48:15,275 - DEBUG - bleak.backends.dotnet.scanner - Received 40:65:1D:E5:89:72: Unknown.
2021-08-09 14:48:15,276 - DEBUG - bleak.backends.dotnet.scanner - Received 40:65:1D:E5:89:72: Unknown.
2021-08-09 14:48:15,664 - DEBUG - bleak.backends.dotnet.scanner - Received 4D:28:6B:C1:A4:37: Unknown.
2021-08-09 14:48:15,664 - DEBUG - bleak.backends.dotnet.scanner - Received 4D:28:6B:C1:A4:37: Unknown.
2021-08-09 14:48:15,993 - DEBUG - bleak.backends.dotnet.scanner - Received 4A:96:5C:C6:C6:26: Unknown.
2021-08-09 14:48:15,994 - DEBUG - bleak.backends.dotnet.scanner - Received 4A:96:5C:C6:C6:26: Unknown.
2021-08-09 14:48:16,220 - DEBUG - bleak.backends.dotnet.scanner - Received 4D:28:6B:C1:A4:37: Unknown.
2021-08-09 14:48:16,221 - DEBUG - bleak.backends.dotnet.scanner - Received 4D:28:6B:C1:A4:37: Unknown.
2021-08-09 14:48:16,812 - DEBUG - bleak.backends.dotnet.scanner - Received CC:D2:81:7A:31:C7: Unknown.
2021-08-09 14:48:16,813 - DEBUG - bleak.backends.dotnet.scanner - Received CC:D2:81:7A:31:C7: Unknown.
2021-08-09 14:48:16,945 - DEBUG - bleak.backends.dotnet.scanner - Received 40:65:1D:E5:89:72: Unknown.
2021-08-09 14:48:16,946 - DEBUG - bleak.backends.dotnet.scanner - Received 40:65:1D:E5:89:72: Unknown.
2021-08-09 14:48:17,046 - DEBUG - bleak.backends.dotnet.scanner - Received 38:68:A4:0D:FE:EB: Unknown.
2021-08-09 14:48:17,178 - DEBUG - bleak.backends.dotnet.scanner - Received CC:D2:81:7A:31:C7: Unknown.
2021-08-09 14:48:17,179 - DEBUG - bleak.backends.dotnet.scanner - Received CC:D2:81:7A:31:C7: Unknown.
2021-08-09 14:48:17,769 - DEBUG - bleak.backends.dotnet.scanner - Received 77:C0:8D:24:5E:1E: Unknown.
2021-08-09 14:48:17,770 - DEBUG - bleak.backends.dotnet.scanner - Received 77:C0:8D:24:5E:1E: Unknown.
2021-08-09 14:48:17,880 - DEBUG - bleak.backends.dotnet.scanner - Received 4D:28:6B:C1:A4:37: Unknown.
2021-08-09 14:48:17,881 - DEBUG - bleak.backends.dotnet.scanner - Received 4D:28:6B:C1:A4:37: Unknown.
2021-08-09 14:48:17,999 - DEBUG - bleak.backends.dotnet.scanner - Received 72:A7:82:0F:B5:F0: Unknown.
2021-08-09 14:48:18,000 - DEBUG - bleak.backends.dotnet.scanner - Received 72:A7:82:0F:B5:F0: Unknown.
2021-08-09 14:48:18,466 - DEBUG - bleak.backends.dotnet.scanner - Received 3F:4D:6C:C6:F2:5D: Unknown.
2021-08-09 14:48:18,598 - DEBUG - bleak.backends.dotnet.scanner - Received 38:68:A4:0D:FE:EB: Unknown.
2021-08-09 14:48:18,702 - DEBUG - bleak.backends.dotnet.scanner - Received 4D:28:6B:C1:A4:37: Unknown.
2021-08-09 14:48:18,702 - DEBUG - bleak.backends.dotnet.scanner - Received 4D:28:6B:C1:A4:37: Unknown.
2021-08-09 14:48:18,711 - DEBUG - bleak.backends.dotnet.scanner - Received 7D:B7:B3:7F:C9:4C: Unknown.
2021-08-09 14:48:18,825 - DEBUG - bleak.backends.dotnet.scanner - Received CC:D2:81:7A:31:C7: Unknown.
2021-08-09 14:48:18,826 - DEBUG - bleak.backends.dotnet.scanner - Received CC:D2:81:7A:31:C7: Unknown.
2021-08-09 14:48:18,950 - DEBUG - bleak.backends.dotnet.scanner - Received 7C:9E:BD:EE:7A:82: Haptic Sleeve ML.
2021-08-09 14:48:18,951 - DEBUG - bleak.backends.dotnet.scanner - 10 devices found. Watcher status: 3.
2021-08-09 14:48:18,951 - DEBUG - bleak.backends.dotnet.client - Connecting to BLE device @ 7c:9e:bd:ee:7a:82
2021-08-09 14:48:25,514 - DEBUG - bleak.backends.dotnet.client - _ConnectionStatusChanged_Handler: 1
2021-08-09 14:48:25,514 - DEBUG - bleak.backends.dotnet.client - Get Services...
2021-08-09 14:48:25,562 - INFO - bleak.backends.dotnet.client - Services resolved for BleakClientDotNet (7c:9e:bd:ee:7a:82)
2021-08-09 14:48:25,586 - DEBUG - bleak.backends.dotnet.client - Disconnecting from BLE device...
2021-08-09 14:48:29,323 - DEBUG - bleak.backends.dotnet.client - _ConnectionStatusChanged_Handler: 0
2021-08-09 14:48:29,595 - DEBUG - bleak.backends.dotnet.scanner - Received 40:65:1D:E5:89:72: Unknown.
2021-08-09 14:48:29,596 - DEBUG - bleak.backends.dotnet.scanner - Received 40:65:1D:E5:89:72: Unknown.
2021-08-09 14:48:29,712 - DEBUG - bleak.backends.dotnet.scanner - Received 4D:28:6B:C1:A4:37: Unknown.
2021-08-09 14:48:29,713 - DEBUG - bleak.backends.dotnet.scanner - Received 4D:28:6B:C1:A4:37: Unknown.
2021-08-09 14:48:30,183 - DEBUG - bleak.backends.dotnet.scanner - Received 38:68:A4:0D:FE:EB: Unknown.
2021-08-09 14:48:30,420 - DEBUG - bleak.backends.dotnet.scanner - Received 40:65:1D:E5:89:72: Unknown.
2021-08-09 14:48:30,421 - DEBUG - bleak.backends.dotnet.scanner - Received 40:65:1D:E5:89:72: Unknown.
2021-08-09 14:48:30,536 - DEBUG - bleak.backends.dotnet.scanner - Received 4D:28:6B:C1:A4:37: Unknown.
2021-08-09 14:48:30,537 - DEBUG - bleak.backends.dotnet.scanner - Received 4D:28:6B:C1:A4:37: Unknown.
2021-08-09 14:48:31,135 - DEBUG - bleak.backends.dotnet.scanner - Received 4A:96:5C:C6:C6:26: Unknown.
2021-08-09 14:48:31,136 - DEBUG - bleak.backends.dotnet.scanner - Received 4A:96:5C:C6:C6:26: Unknown.
2021-08-09 14:48:31,251 - DEBUG - bleak.backends.dotnet.scanner - Received 40:65:1D:E5:89:72: Unknown.
2021-08-09 14:48:31,252 - DEBUG - bleak.backends.dotnet.scanner - Received 40:65:1D:E5:89:72: Unknown.
2021-08-09 14:48:31,361 - DEBUG - bleak.backends.dotnet.scanner - Received 4D:28:6B:C1:A4:37: Unknown.
2021-08-09 14:48:31,362 - DEBUG - bleak.backends.dotnet.scanner - Received 4D:28:6B:C1:A4:37: Unknown.
2021-08-09 14:48:31,837 - DEBUG - bleak.backends.dotnet.scanner - Received CC:D2:81:7A:31:C7: Unknown.
2021-08-09 14:48:31,838 - DEBUG - bleak.backends.dotnet.scanner - Received CC:D2:81:7A:31:C7: Unknown.
2021-08-09 14:48:31,960 - DEBUG - bleak.backends.dotnet.scanner - Received 4A:96:5C:C6:C6:26: Unknown.
2021-08-09 14:48:31,961 - DEBUG - bleak.backends.dotnet.scanner - Received 4A:96:5C:C6:C6:26: Unknown.
2021-08-09 14:48:32,075 - DEBUG - bleak.backends.dotnet.scanner - Received 40:65:1D:E5:89:72: Unknown.
2021-08-09 14:48:32,076 - DEBUG - bleak.backends.dotnet.scanner - Received 40:65:1D:E5:89:72: Unknown.
2021-08-09 14:48:32,197 - DEBUG - bleak.backends.dotnet.scanner - Received 38:68:A4:0D:FE:EB: Unknown.
2021-08-09 14:48:32,432 - DEBUG - bleak.backends.dotnet.scanner - Received 7C:9E:BD:EE:7A:82: Haptic Sleeve ML.
2021-08-09 14:48:32,433 - DEBUG - bleak.backends.dotnet.scanner - 6 devices found. Watcher status: 3.
2021-08-09 14:48:32,433 - DEBUG - bleak.backends.dotnet.scanner - Received 7C:9E:BD:EE:7A:82: Unknown.
2021-08-09 14:48:32,433 - DEBUG - bleak.backends.dotnet.client - Connecting to BLE device @ 7c:9e:bd:ee:7a:82
2021-08-09 14:48:35,976 - DEBUG - bleak.backends.dotnet.client - _ConnectionStatusChanged_Handler: 1
2021-08-09 14:48:35,976 - DEBUG - bleak.backends.dotnet.client - Get Services...
2021-08-09 14:48:36,025 - INFO - bleak.backends.dotnet.client - Services resolved for BleakClientDotNet (7c:9e:bd:ee:7a:82)
2021-08-09 14:48:36,038 - DEBUG - bleak.backends.dotnet.client - Disconnecting from BLE device...
